[Info][Tue Oct 26 10:18:03 2021]: Planting random seeds...

[Info][Tue Oct 26 10:18:04 2021]: Planting random seeds...

[Info][Tue Oct 26 10:18:08 2021]: Planting random seeds...

[Info][Tue Oct 26 10:18:10 2021]: Planting random seeds...

[Info][Tue Oct 26 10:18:12 2021]: Planting random seeds...

[Info][Tue Oct 26 10:18:13 2021]: Planting random seeds...

[Info][Tue Oct 26 10:18:14 2021]: Planting random seeds...

[Info][Tue Oct 26 10:18:48 2021]: Planting random seeds...

[Info][Tue Oct 26 10:19:06 2021]: Planting random seeds...

[Info][Tue Oct 26 10:48:29 2021]: Planting random seeds...

[Info][Tue Oct 26 10:48:30 2021]: Planting random seeds...

[Info][Tue Oct 26 10:48:31 2021]: Planting random seeds...

[Info][Tue Oct 26 11:03:15 2021]: > Broadcasted message: "Jamais informe os dados da sua conta em qualquer site que não seja o pokecenter.com, a equipe não da itens ou pokemons.".

[Info][Tue Oct 26 11:03:15 2021]: > Broadcasted message: "Never let the data of your account on any site other than pokecenter.com, the staff not give any item or pokemon.".

[Info][Tue Oct 26 11:23:26 2021]: Planting random seeds...

[Info][Tue Oct 26 11:24:22 2021]: Planting random seeds...

[Info][Tue Oct 26 11:24:23 2021]: Planting random seeds...

[Info][Tue Oct 26 11:24:24 2021]: Planting random seeds...

[Info][Tue Oct 26 11:24:25 2021]: Planting random seeds...

[Info][Tue Oct 26 11:24:26 2021]: Planting random seeds...

[Info][Tue Oct 26 11:24:27 2021]: Planting random seeds...

[Info][Tue Oct 26 11:24:27 2021]: Planting random seeds...

[Info][Tue Oct 26 11:24:38 2021]: Planting random seeds...

[Info][Tue Oct 26 11:24:44 2021]: Planting random seeds...

[Info][Tue Oct 26 11:27:06 2021]: Planting random seeds...

[Info][Tue Oct 26 11:28:00 2021]: Planting random seeds...

[Info][Tue Oct 26 11:31:50 2021]: Planting random seeds...

[Info][Tue Oct 26 11:32:01 2021]: Planting random seeds...

[Info][Tue Oct 26 11:33:07 2021]: Planting random seeds...

[Info][Tue Oct 26 11:34:26 2021]: Planting random seeds...

[Info][Tue Oct 26 11:35:09 2021]: Planting random seeds...

[Info][Tue Oct 26 11:36:04 2021]: Planting random seeds...

[Info][Tue Oct 26 11:39:58 2021]: Planting random seeds...

[Info][Tue Oct 26 11:40:12 2021]: Planting random seeds...

[Info][Tue Oct 26 11:41:28 2021]: Planting random seeds...

[Info][Tue Oct 26 11:51:37 2021]: Planting random seeds...

[Info][Tue Oct 26 11:53:08 2021]: Planting random seeds...

[Info][Tue Oct 26 11:56:09 2021]: Planting random seeds...

[Info][Tue Oct 26 11:56:51 2021]: Planting random seeds...

[Info][Tue Oct 26 11:56:52 2021]: Planting random seeds...

[Info][Tue Oct 26 12:09:29 2021]: > Broadcasted message: "Jamais informe os dados da sua conta em qualquer site que não seja o pokecenter.com, a equipe não da itens ou pokemons.".

[Info][Tue Oct 26 12:09:29 2021]: > Broadcasted message: "Never let the data of your account on any site other than pokecenter.com, the staff not give any item or pokemon.".

[Info][Tue Oct 26 12:18:31 2021]: Planting random seeds...

[Info][Tue Oct 26 12:20:42 2021]: Planting random seeds...

[Info][Tue Oct 26 12:22:29 2021]: Planting random seeds...

[Info][Tue Oct 26 12:26:01 2021]: Planting random seeds...

[Info][Tue Oct 26 12:26:21 2021]: Planting random seeds...

[Info][Tue Oct 26 12:26:53 2021]: Planting random seeds...

[Info][Tue Oct 26 12:27:29 2021]: Planting random seeds...

[Info][Tue Oct 26 12:27:31 2021]: Planting random seeds...

[Info][Tue Oct 26 12:29:34 2021]: Planting random seeds...

[Info][Tue Oct 26 12:31:41 2021]: Planting random seeds...

[Info][Tue Oct 26 12:46:22 2021]: Planting random seeds...

[Info][Tue Oct 26 12:46:24 2021]: Planting random seeds...

[Info][Tue Oct 26 12:49:27 2021]: Planting random seeds...

[Info][Tue Oct 26 12:49:52 2021]: Planting random seeds...

[Info][Tue Oct 26 12:54:30 2021]: > Broadcasted message: "Pense duas vezes antes de usar qualquer tipo de bot ou hack no seu personagem, isto não será tolerado e seu personagem será deletado. Jogue limpo.".

[Info][Tue Oct 26 12:54:30 2021]: > Broadcasted message: "Think twice before using any bot or hack on your character, it will not be tolerated and your character will be deleted. Play nice.".

[Info][Tue Oct 26 13:39:31 2021]: > Broadcasted message: "Você precisa de alguma informação sobre o jogo? Acesse agora: http://www.pokecenter.com".

[Info][Tue Oct 26 13:39:31 2021]: > Broadcasted message: "Do you need any information about the game? Visit now: http://www.pokecenter.com".

[Info][Tue Oct 26 14:09:44 2021]: Planting random seeds...

[Info][Tue Oct 26 14:09:45 2021]: Planting random seeds...

[Info][Tue Oct 26 14:09:46 2021]: Planting random seeds...

[Info][Tue Oct 26 14:09:47 2021]: Planting random seeds...

[Info][Tue Oct 26 14:09:48 2021]: Planting random seeds...

[Info][Tue Oct 26 14:09:49 2021]: Planting random seeds...

[Info][Tue Oct 26 14:09:49 2021]: Planting random seeds...

[Info][Tue Oct 26 14:10:00 2021]: Planting random seeds...

[Info][Tue Oct 26 14:10:07 2021]: Planting random seeds...

[Info][Tue Oct 26 14:11:15 2021]: Planting random seeds...

[Info][Tue Oct 26 14:11:16 2021]: Planting random seeds...

[Info][Tue Oct 26 14:16:44 2021]: Planting random seeds...

[Info][Tue Oct 26 14:19:06 2021]: Planting random seeds...

[Info][Tue Oct 26 14:22:07 2021]: Planting random seeds...

[Info][Tue Oct 26 14:22:53 2021]: Planting random seeds...

[Info][Tue Oct 26 14:23:39 2021]: Planting random seeds...

[Info][Tue Oct 26 14:25:09 2021]: Planting random seeds...

[Info][Tue Oct 26 14:26:37 2021]: Planting random seeds...

[Info][Tue Oct 26 14:26:41 2021]: Planting random seeds...

[Info][Tue Oct 26 14:29:52 2021]: Planting random seeds...

[Info][Tue Oct 26 14:31:25 2021]: Planting random seeds...

[Info][Tue Oct 26 14:33:20 2021]: Planting random seeds...

[Info][Tue Oct 26 14:33:21 2021]: Planting random seeds...

[Info][Tue Oct 26 14:33:22 2021]: Planting random seeds...

[Info][Tue Oct 26 14:33:23 2021]: Planting random seeds...

[Info][Tue Oct 26 14:33:24 2021]: Planting random seeds...

[Info][Tue Oct 26 14:33:25 2021]: Planting random seeds...

[Info][Tue Oct 26 14:33:26 2021]: Planting random seeds...

[Info][Tue Oct 26 14:33:36 2021]: Planting random seeds...

[Info][Tue Oct 26 14:33:42 2021]: Planting random seeds...

[Info][Tue Oct 26 14:42:35 2021]: Planting random seeds...

[Info][Tue Oct 26 14:42:36 2021]: Planting random seeds...

[Info][Tue Oct 26 14:42:38 2021]: Planting random seeds...

[Info][Tue Oct 26 14:56:42 2021]: Planting random seeds...

[Info][Tue Oct 26 14:57:58 2021]: Planting random seeds...

[Info][Tue Oct 26 14:59:57 2021]: Planting random seeds...

[Info][Tue Oct 26 15:01:03 2021]: Planting random seeds...

[Info][Tue Oct 26 15:18:27 2021]: > Broadcasted message: "Jamais informe os dados da sua conta em qualquer site que não seja o pokecenter.com, a equipe não da itens ou pokemons.".

[Info][Tue Oct 26 15:18:27 2021]: > Broadcasted message: "Never let the data of your account on any site other than pokecenter.com, the staff not give any item or pokemon.".

[Info][Tue Oct 26 15:24:02 2021]: Planting random seeds...

[Info][Tue Oct 26 15:24:03 2021]: Planting random seeds...

[Info][Tue Oct 26 15:24:04 2021]: Planting random seeds...

[Info][Tue Oct 26 15:24:05 2021]: Planting random seeds...

[Info][Tue Oct 26 15:24:05 2021]: Planting random seeds...

[Info][Tue Oct 26 15:24:06 2021]: Planting random seeds...

[Info][Tue Oct 26 15:24:07 2021]: Planting random seeds...

[Info][Tue Oct 26 15:24:18 2021]: Planting random seeds...

[Info][Tue Oct 26 15:24:24 2021]: Planting random seeds...

[Info][Tue Oct 26 15:24:40 2021]: Planting random seeds...

[Info][Tue Oct 26 15:24:41 2021]: Planting random seeds...

[Info][Tue Oct 26 15:24:42 2021]: Planting random seeds...

[Info][Tue Oct 26 15:24:43 2021]: Planting random seeds...

[Info][Tue Oct 26 15:24:44 2021]: Planting random seeds...

[Info][Tue Oct 26 15:24:45 2021]: Planting random seeds...

[Info][Tue Oct 26 15:24:46 2021]: Planting random seeds...

[Info][Tue Oct 26 15:24:56 2021]: Planting random seeds...

[Info][Tue Oct 26 15:25:04 2021]: Planting random seeds...

[Info][Tue Oct 26 15:26:32 2021]: Planting random seeds...

[Info][Tue Oct 26 15:55:02 2021]: Planting random seeds...

[Info][Tue Oct 26 15:55:28 2021]: Planting random seeds...

[Info][Tue Oct 26 15:57:07 2021]: Planting random seeds...

[Info][Tue Oct 26 15:57:08 2021]: Planting random seeds...

[Info][Tue Oct 26 15:57:26 2021]: Planting random seeds...

[Info][Tue Oct 26 16:03:07 2021]: Planting random seeds...

[Info][Tue Oct 26 16:06:46 2021]: Planting random seeds...

[Info][Tue Oct 26 16:06:47 2021]: Planting random seeds...

[Info][Tue Oct 26 16:08:08 2021]: Planting random seeds...

[Info][Tue Oct 26 16:08:55 2021]: Planting random seeds...

[Info][Tue Oct 26 16:09:33 2021]: Planting random seeds...

[Info][Tue Oct 26 16:09:47 2021]: > Broadcasted message: "Jamais informe os dados da sua conta em qualquer site que não seja o pokecenter.com, a equipe não da itens ou pokemons.".

[Info][Tue Oct 26 16:09:47 2021]: > Broadcasted message: "Never let the data of your account on any site other than pokecenter.com, the staff not give any item or pokemon.".

[Info][Tue Oct 26 16:09:50 2021]: Planting random seeds...

[Info][Tue Oct 26 16:11:13 2021]: Planting random seeds...

[Info][Tue Oct 26 16:13:09 2021]: Planting random seeds...

[Info][Tue Oct 26 16:14:06 2021]: Planting random seeds...

[Info][Tue Oct 26 16:14:33 2021]: Planting random seeds...

[Info][Tue Oct 26 16:15:15 2021]: Planting random seeds...

[Info][Tue Oct 26 16:16:51 2021]: Planting random seeds...

[Info][Tue Oct 26 16:31:01 2021]: Planting random seeds...

[Info][Tue Oct 26 16:35:52 2021]: Planting random seeds...

[Info][Tue Oct 26 16:36:03 2021]: Planting random seeds...

[Info][Tue Oct 26 16:37:20 2021]: Planting random seeds...

[Info][Tue Oct 26 16:40:03 2021]: Planting random seeds...

[Info][Tue Oct 26 20:26:48 2021]: Planting random seeds...

[Info][Tue Oct 26 20:26:49 2021]: Planting random seeds...

[Info][Tue Oct 26 20:26:50 2021]: Planting random seeds...

[Info][Tue Oct 26 20:26:51 2021]: Planting random seeds...

[Info][Tue Oct 26 20:26:51 2021]: Planting random seeds...

[Info][Tue Oct 26 20:26:52 2021]: Planting random seeds...

[Info][Tue Oct 26 20:26:53 2021]: Planting random seeds...

[Info][Tue Oct 26 20:27:03 2021]: Planting random seeds...

[Info][Tue Oct 26 20:27:22 2021]: Planting random seeds...

[Info][Tue Oct 26 23:20:05 2021]: Planting random seeds...

[Info][Tue Oct 26 23:20:06 2021]: Planting random seeds...

[Info][Tue Oct 26 23:20:12 2021]: Planting random seeds...

[Info][Tue Oct 26 23:20:15 2021]: Planting random seeds...

[Info][Tue Oct 26 23:20:17 2021]: Planting random seeds...

[Info][Tue Oct 26 23:20:19 2021]: Planting random seeds...

[Info][Tue Oct 26 23:20:20 2021]: Planting random seeds...

[Info][Tue Oct 26 23:20:56 2021]: Planting random seeds...

[Info][Tue Oct 26 23:21:13 2021]: Planting random seeds...

