[Info][Sun Oct 31 00:31:12 2021]: > Broadcasted message: "Gostou do jogo? Então comece a divulga-lo agora mesmo! Chame seus amigos para jogar! Assim você se diverte muito mais e ajuda a manter o projeto!".

[Info][Sun Oct 31 00:31:12 2021]: > Broadcasted message: "Did you like the game? Then start to publish it right now! Call your friends to play! So you enjoy a lot more and helps keep the project!".

[Info][Sun Oct 31 01:16:13 2021]: > Broadcasted message: "Nunca coloque os dados de sua conta em qualquer site que não seja o oficial do pokecenter (http://www.pokecenter.com)! Cuide de sua conta!".

[Info][Sun Oct 31 01:16:13 2021]: > Broadcasted message: "Never put your account information at any site other than the official pokecenter (http://www.pokecenter.com)! Take care of your account!".

[Info][Sun Oct 31 12:48:21 2021]: Planting random seeds...

[Info][Sun Oct 31 12:48:22 2021]: Planting random seeds...

[Info][Sun Oct 31 12:48:23 2021]: Planting random seeds...

[Info][Sun Oct 31 12:48:24 2021]: Planting random seeds...

[Info][Sun Oct 31 12:48:24 2021]: Planting random seeds...

[Info][Sun Oct 31 12:48:25 2021]: Planting random seeds...

[Info][Sun Oct 31 12:48:26 2021]: Planting random seeds...

[Info][Sun Oct 31 12:48:37 2021]: Planting random seeds...

[Info][Sun Oct 31 12:48:43 2021]: Planting random seeds...

[Info][Sun Oct 31 12:50:22 2021]: Planting random seeds...

[Info][Sun Oct 31 12:50:23 2021]: Planting random seeds...

[Info][Sun Oct 31 12:50:24 2021]: Planting random seeds...

[Info][Sun Oct 31 12:50:25 2021]: Planting random seeds...

[Info][Sun Oct 31 12:50:26 2021]: Planting random seeds...

[Info][Sun Oct 31 12:50:27 2021]: Planting random seeds...

[Info][Sun Oct 31 12:50:28 2021]: Planting random seeds...

[Info][Sun Oct 31 12:50:39 2021]: Planting random seeds...

[Info][Sun Oct 31 12:50:44 2021]: Planting random seeds...

[Info][Sun Oct 31 20:31:26 2021]: Planting random seeds...

[Info][Sun Oct 31 20:31:27 2021]: Planting random seeds...

[Info][Sun Oct 31 20:31:28 2021]: Planting random seeds...

[Info][Sun Oct 31 20:31:29 2021]: Planting random seeds...

[Info][Sun Oct 31 20:31:30 2021]: Planting random seeds...

[Info][Sun Oct 31 20:31:31 2021]: Planting random seeds...

[Info][Sun Oct 31 20:31:32 2021]: Planting random seeds...

[Info][Sun Oct 31 20:31:54 2021]: Planting random seeds...

[Info][Sun Oct 31 20:32:01 2021]: Planting random seeds...

[Info][Sun Oct 31 23:39:32 2021]: Planting random seeds...

[Info][Sun Oct 31 23:39:33 2021]: Planting random seeds...

[Info][Sun Oct 31 23:39:34 2021]: Planting random seeds...

[Info][Sun Oct 31 23:39:35 2021]: Planting random seeds...

[Info][Sun Oct 31 23:39:35 2021]: Planting random seeds...

[Info][Sun Oct 31 23:39:36 2021]: Planting random seeds...

[Info][Sun Oct 31 23:39:37 2021]: Planting random seeds...

[Info][Sun Oct 31 23:39:48 2021]: Planting random seeds...

[Info][Sun Oct 31 23:39:55 2021]: Planting random seeds...

