[Info][Wed Aug 25 00:33:09 2021]: > Broadcasted message: "Jamais informe os dados da sua conta em qualquer site que não seja o pokecenter.com, a equipe não da itens ou pokemons.".

[Info][Wed Aug 25 00:33:09 2021]: > Broadcasted message: "Never let the data of your account on any site other than pokecenter.com, the staff not give any item or pokemon.".

[Info][Wed Aug 25 01:18:10 2021]: > Broadcasted message: "Pense duas vezes antes de usar qualquer tipo de bot ou hack no seu personagem, isto não será tolerado e seu personagem será deletado. Jogue limpo.".

[Info][Wed Aug 25 01:18:10 2021]: > Broadcasted message: "Think twice before using any bot or hack on your character, it will not be tolerated and your character will be deleted. Play nice.".

[Info][Wed Aug 25 01:38:06 2021]: Planting random seeds...

[Info][Wed Aug 25 01:38:30 2021]: Planting random seeds...

[Info][Wed Aug 25 01:39:01 2021]: Planting random seeds...

[Info][Wed Aug 25 01:39:19 2021]: Planting random seeds...

[Info][Wed Aug 25 01:39:36 2021]: Planting random seeds...

[Info][Wed Aug 25 01:57:14 2021]: Planting random seeds...

[Info][Wed Aug 25 02:03:11 2021]: > Broadcasted message: "Você precisa de alguma informação sobre o jogo? Acesse agora: http://www.pokecenter.com".

[Info][Wed Aug 25 02:03:11 2021]: > Broadcasted message: "Do you need any information about the game? Visit now: http://www.pokecenter.com".

[Info][Wed Aug 25 02:05:24 2021]: Planting random seeds...

[Info][Wed Aug 25 02:05:48 2021]: Planting random seeds...

[Info][Wed Aug 25 06:10:30 2021]: Planting random seeds...

[Info][Wed Aug 25 06:10:31 2021]: Planting random seeds...

[Info][Wed Aug 25 06:10:34 2021]: Planting random seeds...

[Info][Wed Aug 25 06:10:38 2021]: Planting random seeds...

[Info][Wed Aug 25 06:10:39 2021]: Planting random seeds...

[Info][Wed Aug 25 06:10:41 2021]: Planting random seeds...

[Info][Wed Aug 25 06:10:42 2021]: Planting random seeds...

[Info][Wed Aug 25 06:11:05 2021]: Planting random seeds...

[Info][Wed Aug 25 06:11:16 2021]: Planting random seeds...

[Info][Wed Aug 25 07:01:41 2021]: Planting random seeds...

[Info][Wed Aug 25 07:01:42 2021]: Planting random seeds...

[Info][Wed Aug 25 07:01:43 2021]: Planting random seeds...

[Info][Wed Aug 25 07:01:44 2021]: Planting random seeds...

[Info][Wed Aug 25 07:01:45 2021]: Planting random seeds...

[Info][Wed Aug 25 07:01:45 2021]: Planting random seeds...

[Info][Wed Aug 25 07:01:46 2021]: Planting random seeds...

[Info][Wed Aug 25 07:01:57 2021]: Planting random seeds...

[Info][Wed Aug 25 07:02:05 2021]: Planting random seeds...

[Info][Wed Aug 25 09:24:01 2021]: Planting random seeds...

[Info][Wed Aug 25 09:24:02 2021]: Planting random seeds...

[Info][Wed Aug 25 09:24:07 2021]: Planting random seeds...

[Info][Wed Aug 25 09:24:11 2021]: Planting random seeds...

[Info][Wed Aug 25 09:24:13 2021]: Planting random seeds...

[Info][Wed Aug 25 09:24:15 2021]: Planting random seeds...

[Info][Wed Aug 25 09:24:16 2021]: Planting random seeds...

[Info][Wed Aug 25 09:24:46 2021]: Planting random seeds...

[Info][Wed Aug 25 09:25:03 2021]: Planting random seeds...

[Info][Wed Aug 25 23:52:42 2021]: Planting random seeds...

[Info][Wed Aug 25 23:52:43 2021]: Planting random seeds...

[Info][Wed Aug 25 23:52:48 2021]: Planting random seeds...

[Info][Wed Aug 25 23:52:51 2021]: Planting random seeds...

[Info][Wed Aug 25 23:52:53 2021]: Planting random seeds...

[Info][Wed Aug 25 23:52:54 2021]: Planting random seeds...

[Info][Wed Aug 25 23:52:56 2021]: Planting random seeds...

[Info][Wed Aug 25 23:53:20 2021]: Planting random seeds...

[Info][Wed Aug 25 23:53:33 2021]: Planting random seeds...

