[Info][Thu Oct 21 10:03:38 2021]: Planting random seeds...

[Info][Thu Oct 21 10:03:39 2021]: Planting random seeds...

[Info][Thu Oct 21 10:03:44 2021]: Planting random seeds...

[Info][Thu Oct 21 10:03:47 2021]: Planting random seeds...

[Info][Thu Oct 21 10:03:48 2021]: Planting random seeds...

[Info][Thu Oct 21 10:03:50 2021]: Planting random seeds...

[Info][Thu Oct 21 10:03:51 2021]: Planting random seeds...

[Info][Thu Oct 21 10:04:25 2021]: Planting random seeds...

[Info][Thu Oct 21 10:05:08 2021]: Planting random seeds...

[Info][Thu Oct 21 10:05:09 2021]: Planting random seeds...

[Info][Thu Oct 21 10:05:10 2021]: Planting random seeds...

[Info][Thu Oct 21 10:05:11 2021]: Planting random seeds...

[Info][Thu Oct 21 10:05:11 2021]: Planting random seeds...

[Info][Thu Oct 21 10:05:12 2021]: Planting random seeds...

[Info][Thu Oct 21 10:05:13 2021]: Planting random seeds...

[Info][Thu Oct 21 10:05:23 2021]: Planting random seeds...

[Info][Thu Oct 21 10:05:35 2021]: Planting random seeds...

[Info][Thu Oct 21 10:13:00 2021]: Planting random seeds...

[Info][Thu Oct 21 10:19:10 2021]: Planting random seeds...

[Info][Thu Oct 21 10:24:26 2021]: Planting random seeds...

[Info][Thu Oct 21 10:24:43 2021]: Planting random seeds...

[Info][Thu Oct 21 10:27:19 2021]: Planting random seeds...

[Info][Thu Oct 21 10:40:58 2021]: Planting random seeds...

[Info][Thu Oct 21 10:46:15 2021]: Planting random seeds...

[Info][Thu Oct 21 10:46:56 2021]: Planting random seeds...

[Info][Thu Oct 21 10:50:14 2021]: > Broadcasted message: "Jamais informe os dados da sua conta em qualquer site que não seja o pokecenter.com, a equipe não da itens ou pokemons.".

[Info][Thu Oct 21 10:50:14 2021]: > Broadcasted message: "Never let the data of your account on any site other than pokecenter.com, the staff not give any item or pokemon.".

[Info][Thu Oct 21 10:58:17 2021]: Planting random seeds...

[Info][Thu Oct 21 11:01:45 2021]: Planting random seeds...

[Info][Thu Oct 21 11:35:15 2021]: > Broadcasted message: "Pense duas vezes antes de usar qualquer tipo de bot ou hack no seu personagem, isto não será tolerado e seu personagem será deletado. Jogue limpo.".

[Info][Thu Oct 21 11:35:15 2021]: > Broadcasted message: "Think twice before using any bot or hack on your character, it will not be tolerated and your character will be deleted. Play nice.".

