[Info][Tue Aug 24 00:12:54 2021]: > Broadcasted message: "Jamais informe os dados da sua conta em qualquer site que não seja o pokecenter.com, a equipe não da itens ou pokemons.".

[Info][Tue Aug 24 00:12:54 2021]: > Broadcasted message: "Never let the data of your account on any site other than pokecenter.com, the staff not give any item or pokemon.".

[Info][Tue Aug 24 00:57:55 2021]: > Broadcasted message: "Pense duas vezes antes de usar qualquer tipo de bot ou hack no seu personagem, isto não será tolerado e seu personagem será deletado. Jogue limpo.".

[Info][Tue Aug 24 00:57:55 2021]: > Broadcasted message: "Think twice before using any bot or hack on your character, it will not be tolerated and your character will be deleted. Play nice.".

[Info][Tue Aug 24 01:42:56 2021]: > Broadcasted message: "Você precisa de alguma informação sobre o jogo? Acesse agora: http://www.pokecenter.com".

[Info][Tue Aug 24 01:42:56 2021]: > Broadcasted message: "Do you need any information about the game? Visit now: http://www.pokecenter.com".

[Info][Tue Aug 24 03:01:40 2021]: Planting random seeds...

[Info][Tue Aug 24 03:01:41 2021]: Planting random seeds...

[Info][Tue Aug 24 03:01:43 2021]: Planting random seeds...

[Info][Tue Aug 24 03:01:45 2021]: Planting random seeds...

[Info][Tue Aug 24 03:01:46 2021]: Planting random seeds...

[Info][Tue Aug 24 03:01:47 2021]: Planting random seeds...

[Info][Tue Aug 24 03:01:48 2021]: Planting random seeds...

[Info][Tue Aug 24 03:02:01 2021]: Planting random seeds...

[Info][Tue Aug 24 03:02:08 2021]: Planting random seeds...

[Info][Tue Aug 24 03:46:49 2021]: > Broadcasted message: "Jamais informe os dados da sua conta em qualquer site que não seja o pokecenter.com, a equipe não da itens ou pokemons.".

[Info][Tue Aug 24 03:46:49 2021]: > Broadcasted message: "Never let the data of your account on any site other than pokecenter.com, the staff not give any item or pokemon.".

[Info][Tue Aug 24 04:31:50 2021]: > Broadcasted message: "Pense duas vezes antes de usar qualquer tipo de bot ou hack no seu personagem, isto não será tolerado e seu personagem será deletado. Jogue limpo.".

[Info][Tue Aug 24 04:31:50 2021]: > Broadcasted message: "Think twice before using any bot or hack on your character, it will not be tolerated and your character will be deleted. Play nice.".

[Info][Tue Aug 24 05:16:51 2021]: > Broadcasted message: "Você precisa de alguma informação sobre o jogo? Acesse agora: http://www.pokecenter.com".

[Info][Tue Aug 24 05:16:51 2021]: > Broadcasted message: "Do you need any information about the game? Visit now: http://www.pokecenter.com".

[Info][Tue Aug 24 05:51:59 2021]: Planting random seeds...

[Info][Tue Aug 24 05:51:59 2021]: Planting random seeds...

[Info][Tue Aug 24 05:52:02 2021]: Planting random seeds...

[Info][Tue Aug 24 05:52:03 2021]: Planting random seeds...

[Info][Tue Aug 24 05:52:05 2021]: Planting random seeds...

[Info][Tue Aug 24 05:52:06 2021]: Planting random seeds...

[Info][Tue Aug 24 05:52:07 2021]: Planting random seeds...

[Info][Tue Aug 24 05:52:23 2021]: Planting random seeds...

[Info][Tue Aug 24 05:52:38 2021]: Planting random seeds...

[Info][Tue Aug 24 06:50:22 2021]: Planting random seeds...

[Info][Tue Aug 24 06:50:23 2021]: Planting random seeds...

[Info][Tue Aug 24 06:50:24 2021]: Planting random seeds...

[Info][Tue Aug 24 06:50:26 2021]: Planting random seeds...

[Info][Tue Aug 24 06:50:27 2021]: Planting random seeds...

[Info][Tue Aug 24 06:50:28 2021]: Planting random seeds...

[Info][Tue Aug 24 06:50:29 2021]: Planting random seeds...

[Info][Tue Aug 24 06:50:43 2021]: Planting random seeds...

[Info][Tue Aug 24 06:50:49 2021]: Planting random seeds...

[Info][Tue Aug 24 07:35:30 2021]: > Broadcasted message: "Jamais informe os dados da sua conta em qualquer site que não seja o pokecenter.com, a equipe não da itens ou pokemons.".

[Info][Tue Aug 24 07:35:30 2021]: > Broadcasted message: "Never let the data of your account on any site other than pokecenter.com, the staff not give any item or pokemon.".

[Info][Tue Aug 24 08:20:31 2021]: > Broadcasted message: "Pense duas vezes antes de usar qualquer tipo de bot ou hack no seu personagem, isto não será tolerado e seu personagem será deletado. Jogue limpo.".

[Info][Tue Aug 24 08:20:31 2021]: > Broadcasted message: "Think twice before using any bot or hack on your character, it will not be tolerated and your character will be deleted. Play nice.".

[Info][Tue Aug 24 10:45:36 2021]: Planting random seeds...

[Info][Tue Aug 24 10:45:37 2021]: Planting random seeds...

[Info][Tue Aug 24 10:45:43 2021]: Planting random seeds...

[Info][Tue Aug 24 10:45:47 2021]: Planting random seeds...

[Info][Tue Aug 24 10:45:49 2021]: Planting random seeds...

[Info][Tue Aug 24 10:45:50 2021]: Planting random seeds...

[Info][Tue Aug 24 10:45:52 2021]: Planting random seeds...

[Info][Tue Aug 24 10:46:17 2021]: Planting random seeds...

[Info][Tue Aug 24 10:46:33 2021]: Planting random seeds...

[Info][Tue Aug 24 11:30:53 2021]: > Broadcasted message: "Jamais informe os dados da sua conta em qualquer site que não seja o pokecenter.com, a equipe não da itens ou pokemons.".

[Info][Tue Aug 24 11:30:53 2021]: > Broadcasted message: "Never let the data of your account on any site other than pokecenter.com, the staff not give any item or pokemon.".

[Info][Tue Aug 24 18:15:09 2021]: Planting random seeds...

[Info][Tue Aug 24 18:15:09 2021]: Planting random seeds...

[Info][Tue Aug 24 18:15:13 2021]: Planting random seeds...

[Info][Tue Aug 24 18:15:15 2021]: Planting random seeds...

[Info][Tue Aug 24 18:15:16 2021]: Planting random seeds...

[Info][Tue Aug 24 18:15:17 2021]: Planting random seeds...

[Info][Tue Aug 24 18:15:18 2021]: Planting random seeds...

[Info][Tue Aug 24 18:15:32 2021]: Planting random seeds...

[Info][Tue Aug 24 18:15:39 2021]: Planting random seeds...

[Info][Tue Aug 24 19:00:19 2021]: > Broadcasted message: "Jamais informe os dados da sua conta em qualquer site que não seja o pokecenter.com, a equipe não da itens ou pokemons.".

[Info][Tue Aug 24 19:00:19 2021]: > Broadcasted message: "Never let the data of your account on any site other than pokecenter.com, the staff not give any item or pokemon.".

[Info][Tue Aug 24 19:45:20 2021]: > Broadcasted message: "Pense duas vezes antes de usar qualquer tipo de bot ou hack no seu personagem, isto não será tolerado e seu personagem será deletado. Jogue limpo.".

[Info][Tue Aug 24 19:45:20 2021]: > Broadcasted message: "Think twice before using any bot or hack on your character, it will not be tolerated and your character will be deleted. Play nice.".

[Info][Tue Aug 24 20:30:21 2021]: > Broadcasted message: "Você precisa de alguma informação sobre o jogo? Acesse agora: http://www.pokecenter.com".

[Info][Tue Aug 24 20:30:21 2021]: > Broadcasted message: "Do you need any information about the game? Visit now: http://www.pokecenter.com".

[Info][Tue Aug 24 21:08:35 2021]: Planting random seeds...

[Info][Tue Aug 24 21:08:35 2021]: Planting random seeds...

[Info][Tue Aug 24 21:08:36 2021]: Planting random seeds...

[Info][Tue Aug 24 21:08:37 2021]: Planting random seeds...

[Info][Tue Aug 24 21:08:38 2021]: Planting random seeds...

[Info][Tue Aug 24 21:08:39 2021]: Planting random seeds...

[Info][Tue Aug 24 21:08:40 2021]: Planting random seeds...

[Info][Tue Aug 24 21:08:49 2021]: Planting random seeds...

[Info][Tue Aug 24 21:08:55 2021]: Planting random seeds...

[Info][Tue Aug 24 23:47:59 2021]: Planting random seeds...

[Info][Tue Aug 24 23:48:00 2021]: Planting random seeds...

[Info][Tue Aug 24 23:48:03 2021]: Planting random seeds...

[Info][Tue Aug 24 23:48:04 2021]: Planting random seeds...

[Info][Tue Aug 24 23:48:06 2021]: Planting random seeds...

[Info][Tue Aug 24 23:48:07 2021]: Planting random seeds...

[Info][Tue Aug 24 23:48:07 2021]: Planting random seeds...

[Info][Tue Aug 24 23:48:24 2021]: Planting random seeds...

[Info][Tue Aug 24 23:48:30 2021]: Planting random seeds...

