[Info][Fri Sep 03 08:27:27 2021]: Planting random seeds...

[Info][Fri Sep 03 08:27:28 2021]: Planting random seeds...

[Info][Fri Sep 03 08:27:34 2021]: Planting random seeds...

[Info][Fri Sep 03 08:27:39 2021]: Planting random seeds...

[Info][Fri Sep 03 08:27:41 2021]: Planting random seeds...

[Info][Fri Sep 03 08:27:42 2021]: Planting random seeds...

[Info][Fri Sep 03 08:27:44 2021]: Planting random seeds...

[Info][Fri Sep 03 08:28:13 2021]: Planting random seeds...

[Info][Fri Sep 03 08:28:26 2021]: Planting random seeds...

[Info][Fri Sep 03 10:56:21 2021]: Planting random seeds...

[Info][Fri Sep 03 10:56:22 2021]: Planting random seeds...

[Info][Fri Sep 03 10:56:23 2021]: Planting random seeds...

[Info][Fri Sep 03 10:56:24 2021]: Planting random seeds...

[Info][Fri Sep 03 10:56:25 2021]: Planting random seeds...

[Info][Fri Sep 03 10:56:25 2021]: Planting random seeds...

[Info][Fri Sep 03 10:56:26 2021]: Planting random seeds...

[Info][Fri Sep 03 10:56:37 2021]: Planting random seeds...

[Info][Fri Sep 03 10:56:44 2021]: Planting random seeds...

[Info][Fri Sep 03 15:49:47 2021]: Planting random seeds...

[Info][Fri Sep 03 15:49:48 2021]: Planting random seeds...

[Info][Fri Sep 03 15:49:51 2021]: Planting random seeds...

[Info][Fri Sep 03 15:49:53 2021]: Planting random seeds...

[Info][Fri Sep 03 15:49:54 2021]: Planting random seeds...

[Info][Fri Sep 03 15:49:55 2021]: Planting random seeds...

[Info][Fri Sep 03 15:49:56 2021]: Planting random seeds...

[Info][Fri Sep 03 15:50:13 2021]: Planting random seeds...

[Info][Fri Sep 03 15:50:23 2021]: Planting random seeds...

[Info][Fri Sep 03 19:52:18 2021]: Planting random seeds...

[Info][Fri Sep 03 19:52:19 2021]: Planting random seeds...

[Info][Fri Sep 03 19:52:23 2021]: Planting random seeds...

[Info][Fri Sep 03 19:52:25 2021]: Planting random seeds...

[Info][Fri Sep 03 19:52:26 2021]: Planting random seeds...

[Info][Fri Sep 03 19:52:27 2021]: Planting random seeds...

[Info][Fri Sep 03 19:52:28 2021]: Planting random seeds...

[Info][Fri Sep 03 19:52:44 2021]: Planting random seeds...

[Info][Fri Sep 03 19:53:02 2021]: Planting random seeds...

[Info][Fri Sep 03 19:58:34 2021]: Planting random seeds...

[Info][Fri Sep 03 19:59:19 2021]: Planting random seeds...

[Info][Fri Sep 03 20:02:13 2021]: Planting random seeds...

[Info][Fri Sep 03 20:02:30 2021]: Planting random seeds...

[Info][Fri Sep 03 20:08:57 2021]: Planting random seeds...

[Info][Fri Sep 03 20:09:44 2021]: Planting random seeds...

[Info][Fri Sep 03 20:10:06 2021]: Planting random seeds...

[Info][Fri Sep 03 20:10:53 2021]: Planting random seeds...

[Info][Fri Sep 03 20:12:15 2021]: Planting random seeds...

[Info][Fri Sep 03 20:37:29 2021]: > Broadcasted message: "Jamais informe os dados da sua conta em qualquer site que não seja o pokecenter.com, a equipe não da itens ou pokemons.".

[Info][Fri Sep 03 20:37:29 2021]: > Broadcasted message: "Never let the data of your account on any site other than pokecenter.com, the staff not give any item or pokemon.".

[Info][Fri Sep 03 21:22:31 2021]: > Broadcasted message: "Pense duas vezes antes de usar qualquer tipo de bot ou hack no seu personagem, isto não será tolerado e seu personagem será deletado. Jogue limpo.".

[Info][Fri Sep 03 21:22:31 2021]: > Broadcasted message: "Think twice before using any bot or hack on your character, it will not be tolerated and your character will be deleted. Play nice.".

[Info][Fri Sep 03 21:50:01 2021]: Planting random seeds...

[Info][Fri Sep 03 22:07:31 2021]: > Broadcasted message: "Você precisa de alguma informação sobre o jogo? Acesse agora: http://www.pokecenter.com".

[Info][Fri Sep 03 22:07:31 2021]: > Broadcasted message: "Do you need any information about the game? Visit now: http://www.pokecenter.com".

[Info][Fri Sep 03 22:25:24 2021]: Planting random seeds...

