[Info][Wed Sep 15 01:24:32 2021]: Planting random seeds...

[Info][Wed Sep 15 01:24:34 2021]: Planting random seeds...

[Info][Wed Sep 15 01:24:39 2021]: Planting random seeds...

[Info][Wed Sep 15 01:24:42 2021]: Planting random seeds...

[Info][Wed Sep 15 01:24:44 2021]: Planting random seeds...

[Info][Wed Sep 15 01:24:45 2021]: Planting random seeds...

[Info][Wed Sep 15 01:24:46 2021]: Planting random seeds...

[Info][Wed Sep 15 01:25:11 2021]: Planting random seeds...

[Info][Wed Sep 15 01:25:24 2021]: Planting random seeds...

[Info][Wed Sep 15 02:39:17 2021]: Planting random seeds...

[Info][Wed Sep 15 02:39:18 2021]: Planting random seeds...

[Info][Wed Sep 15 02:39:20 2021]: Planting random seeds...

[Info][Wed Sep 15 02:39:22 2021]: Planting random seeds...

[Info][Wed Sep 15 02:39:23 2021]: Planting random seeds...

[Info][Wed Sep 15 02:39:24 2021]: Planting random seeds...

[Info][Wed Sep 15 02:39:25 2021]: Planting random seeds...

[Info][Wed Sep 15 02:39:47 2021]: Planting random seeds...

[Info][Wed Sep 15 02:39:54 2021]: Planting random seeds...

[Info][Wed Sep 15 02:42:27 2021]: Planting random seeds...

[Info][Wed Sep 15 02:42:28 2021]: Planting random seeds...

[Info][Wed Sep 15 02:42:29 2021]: Planting random seeds...

[Info][Wed Sep 15 02:42:30 2021]: Planting random seeds...

[Info][Wed Sep 15 02:42:31 2021]: Planting random seeds...

[Info][Wed Sep 15 02:42:32 2021]: Planting random seeds...

[Info][Wed Sep 15 02:42:33 2021]: Planting random seeds...

[Info][Wed Sep 15 02:42:42 2021]: Planting random seeds...

[Info][Wed Sep 15 02:42:48 2021]: Planting random seeds...

[Info][Wed Sep 15 02:45:59 2021]: Planting random seeds...

[Info][Wed Sep 15 02:46:00 2021]: Planting random seeds...

[Info][Wed Sep 15 02:46:01 2021]: Planting random seeds...

[Info][Wed Sep 15 02:46:02 2021]: Planting random seeds...

[Info][Wed Sep 15 02:46:03 2021]: Planting random seeds...

[Info][Wed Sep 15 02:46:04 2021]: Planting random seeds...

[Info][Wed Sep 15 02:46:05 2021]: Planting random seeds...

[Info][Wed Sep 15 02:46:14 2021]: Planting random seeds...

[Info][Wed Sep 15 02:46:20 2021]: Planting random seeds...

[Info][Wed Sep 15 02:49:13 2021]: Planting random seeds...

[Info][Wed Sep 15 02:49:14 2021]: Planting random seeds...

[Info][Wed Sep 15 02:49:14 2021]: Planting random seeds...

[Info][Wed Sep 15 02:49:15 2021]: Planting random seeds...

[Info][Wed Sep 15 02:49:16 2021]: Planting random seeds...

[Info][Wed Sep 15 02:49:17 2021]: Planting random seeds...

[Info][Wed Sep 15 02:49:18 2021]: Planting random seeds...

[Info][Wed Sep 15 02:49:28 2021]: Planting random seeds...

[Info][Wed Sep 15 02:49:33 2021]: Planting random seeds...

[Info][Wed Sep 15 02:52:54 2021]: Planting random seeds...

[Info][Wed Sep 15 03:03:18 2021]: Planting random seeds...

[Info][Wed Sep 15 03:03:19 2021]: Planting random seeds...

[Info][Wed Sep 15 03:03:21 2021]: Planting random seeds...

[Info][Wed Sep 15 03:03:22 2021]: Planting random seeds...

[Info][Wed Sep 15 03:03:23 2021]: Planting random seeds...

[Info][Wed Sep 15 03:03:24 2021]: Planting random seeds...

[Info][Wed Sep 15 03:03:25 2021]: Planting random seeds...

[Info][Wed Sep 15 03:03:45 2021]: Planting random seeds...

[Info][Wed Sep 15 03:03:52 2021]: Planting random seeds...

[Info][Wed Sep 15 03:11:37 2021]: Planting random seeds...

[Info][Wed Sep 15 03:11:38 2021]: Planting random seeds...

[Info][Wed Sep 15 03:11:39 2021]: Planting random seeds...

[Info][Wed Sep 15 03:11:40 2021]: Planting random seeds...

[Info][Wed Sep 15 03:11:41 2021]: Planting random seeds...

[Info][Wed Sep 15 03:11:42 2021]: Planting random seeds...

[Info][Wed Sep 15 03:11:43 2021]: Planting random seeds...

[Info][Wed Sep 15 03:11:52 2021]: Planting random seeds...

[Info][Wed Sep 15 03:11:58 2021]: Planting random seeds...

[Info][Wed Sep 15 03:19:59 2021]: Planting random seeds...

[Info][Wed Sep 15 03:22:31 2021]: Planting random seeds...

[Info][Wed Sep 15 03:22:32 2021]: Planting random seeds...

[Info][Wed Sep 15 03:22:33 2021]: Planting random seeds...

[Info][Wed Sep 15 03:22:34 2021]: Planting random seeds...

[Info][Wed Sep 15 03:22:35 2021]: Planting random seeds...

[Info][Wed Sep 15 03:22:36 2021]: Planting random seeds...

[Info][Wed Sep 15 03:22:37 2021]: Planting random seeds...

[Info][Wed Sep 15 03:22:47 2021]: Planting random seeds...

[Info][Wed Sep 15 03:22:53 2021]: Planting random seeds...

[Info][Wed Sep 15 03:33:23 2021]: Planting random seeds...

[Info][Wed Sep 15 03:33:24 2021]: Planting random seeds...

[Info][Wed Sep 15 03:33:25 2021]: Planting random seeds...

[Info][Wed Sep 15 03:33:26 2021]: Planting random seeds...

[Info][Wed Sep 15 03:33:27 2021]: Planting random seeds...

[Info][Wed Sep 15 03:33:27 2021]: Planting random seeds...

[Info][Wed Sep 15 03:33:28 2021]: Planting random seeds...

[Info][Wed Sep 15 03:33:38 2021]: Planting random seeds...

[Info][Wed Sep 15 03:33:44 2021]: Planting random seeds...

[Info][Wed Sep 15 10:51:42 2021]: Planting random seeds...

[Info][Wed Sep 15 10:51:43 2021]: Planting random seeds...

[Info][Wed Sep 15 10:51:47 2021]: Planting random seeds...

[Info][Wed Sep 15 10:51:51 2021]: Planting random seeds...

[Info][Wed Sep 15 10:51:52 2021]: Planting random seeds...

[Info][Wed Sep 15 10:51:53 2021]: Planting random seeds...

[Info][Wed Sep 15 10:51:54 2021]: Planting random seeds...

[Info][Wed Sep 15 10:52:26 2021]: Planting random seeds...

[Info][Wed Sep 15 10:52:36 2021]: Planting random seeds...

[Info][Wed Sep 15 11:37:08 2021]: Planting random seeds...

[Info][Wed Sep 15 11:37:08 2021]: Planting random seeds...

[Info][Wed Sep 15 11:37:09 2021]: Planting random seeds...

[Info][Wed Sep 15 11:37:10 2021]: Planting random seeds...

[Info][Wed Sep 15 11:37:11 2021]: Planting random seeds...

[Info][Wed Sep 15 11:37:12 2021]: Planting random seeds...

[Info][Wed Sep 15 11:37:13 2021]: Planting random seeds...

[Info][Wed Sep 15 11:37:23 2021]: Planting random seeds...

[Info][Wed Sep 15 11:37:29 2021]: Planting random seeds...

[Info][Wed Sep 15 11:45:38 2021]: Planting random seeds...

[Info][Wed Sep 15 11:45:39 2021]: Planting random seeds...

[Info][Wed Sep 15 11:45:40 2021]: Planting random seeds...

[Info][Wed Sep 15 11:45:41 2021]: Planting random seeds...

[Info][Wed Sep 15 11:45:41 2021]: Planting random seeds...

[Info][Wed Sep 15 11:45:42 2021]: Planting random seeds...

[Info][Wed Sep 15 11:45:43 2021]: Planting random seeds...

[Info][Wed Sep 15 11:45:53 2021]: Planting random seeds...

[Info][Wed Sep 15 11:45:59 2021]: Planting random seeds...

[Info][Wed Sep 15 12:25:41 2021]: Planting random seeds...

[Info][Wed Sep 15 12:25:51 2021]: Planting random seeds...

[Info][Wed Sep 15 12:25:52 2021]: Planting random seeds...

[Info][Wed Sep 15 12:25:54 2021]: Planting random seeds...

[Info][Wed Sep 15 12:29:56 2021]: Planting random seeds...

[Info][Wed Sep 15 12:29:57 2021]: Planting random seeds...

[Info][Wed Sep 15 12:30:03 2021]: Planting random seeds...

[Info][Wed Sep 15 12:30:04 2021]: Planting random seeds...

[Info][Wed Sep 15 12:30:05 2021]: Planting random seeds...

[Info][Wed Sep 15 12:30:26 2021]: Planting random seeds...

[Info][Wed Sep 15 12:30:44 2021]: > Broadcasted message: "Jamais informe os dados da sua conta em qualquer site que não seja o pokecenter.com, a equipe não da itens ou pokemons.".

[Info][Wed Sep 15 12:30:44 2021]: > Broadcasted message: "Never let the data of your account on any site other than pokecenter.com, the staff not give any item or pokemon.".

[Info][Wed Sep 15 13:10:27 2021]: Planting random seeds...

[Info][Wed Sep 15 13:10:27 2021]: Planting random seeds...

[Info][Wed Sep 15 13:10:28 2021]: Planting random seeds...

[Info][Wed Sep 15 13:10:29 2021]: Planting random seeds...

[Info][Wed Sep 15 13:10:30 2021]: Planting random seeds...

[Info][Wed Sep 15 13:10:31 2021]: Planting random seeds...

[Info][Wed Sep 15 13:10:32 2021]: Planting random seeds...

[Info][Wed Sep 15 13:10:42 2021]: Planting random seeds...

[Info][Wed Sep 15 13:10:47 2021]: Planting random seeds...

[Info][Wed Sep 15 13:55:33 2021]: > Broadcasted message: "Jamais informe os dados da sua conta em qualquer site que não seja o pokecenter.com, a equipe não da itens ou pokemons.".

[Info][Wed Sep 15 13:55:33 2021]: > Broadcasted message: "Never let the data of your account on any site other than pokecenter.com, the staff not give any item or pokemon.".

[Info][Wed Sep 15 14:40:34 2021]: > Broadcasted message: "Pense duas vezes antes de usar qualquer tipo de bot ou hack no seu personagem, isto não será tolerado e seu personagem será deletado. Jogue limpo.".

[Info][Wed Sep 15 14:40:34 2021]: > Broadcasted message: "Think twice before using any bot or hack on your character, it will not be tolerated and your character will be deleted. Play nice.".

[Info][Wed Sep 15 15:03:13 2021]: Planting random seeds...

[Info][Wed Sep 15 15:03:14 2021]: Planting random seeds...

[Info][Wed Sep 15 15:03:19 2021]: Planting random seeds...

[Info][Wed Sep 15 15:03:22 2021]: Planting random seeds...

[Info][Wed Sep 15 15:03:24 2021]: Planting random seeds...

[Info][Wed Sep 15 15:03:26 2021]: Planting random seeds...

[Info][Wed Sep 15 15:03:27 2021]: Planting random seeds...

[Info][Wed Sep 15 15:03:58 2021]: Planting random seeds...

[Info][Wed Sep 15 15:04:12 2021]: Planting random seeds...

[Info][Wed Sep 15 15:47:56 2021]: Planting random seeds...

[Info][Wed Sep 15 15:47:57 2021]: Planting random seeds...

[Info][Wed Sep 15 15:47:58 2021]: Planting random seeds...

[Info][Wed Sep 15 15:47:59 2021]: Planting random seeds...

[Info][Wed Sep 15 15:48:00 2021]: Planting random seeds...

[Info][Wed Sep 15 15:48:01 2021]: Planting random seeds...

[Info][Wed Sep 15 15:48:02 2021]: Planting random seeds...

[Info][Wed Sep 15 15:48:12 2021]: Planting random seeds...

[Info][Wed Sep 15 15:48:17 2021]: Planting random seeds...

[Info][Wed Sep 15 16:04:39 2021]: Planting random seeds...

[Info][Wed Sep 15 16:04:40 2021]: Planting random seeds...

[Info][Wed Sep 15 16:04:40 2021]: Planting random seeds...

[Info][Wed Sep 15 16:04:41 2021]: Planting random seeds...

[Info][Wed Sep 15 16:04:42 2021]: Planting random seeds...

[Info][Wed Sep 15 16:04:43 2021]: Planting random seeds...

[Info][Wed Sep 15 16:04:44 2021]: Planting random seeds...

[Info][Wed Sep 15 16:04:54 2021]: Planting random seeds...

[Info][Wed Sep 15 16:05:00 2021]: Planting random seeds...

[Info][Wed Sep 15 16:07:02 2021]: Planting random seeds...

[Info][Wed Sep 15 16:07:03 2021]: Planting random seeds...

[Info][Wed Sep 15 16:28:01 2021]: Planting random seeds...

[Info][Wed Sep 15 16:28:02 2021]: Planting random seeds...

[Info][Wed Sep 15 16:28:03 2021]: Planting random seeds...

[Info][Wed Sep 15 16:28:04 2021]: Planting random seeds...

[Info][Wed Sep 15 16:28:05 2021]: Planting random seeds...

[Info][Wed Sep 15 16:28:06 2021]: Planting random seeds...

[Info][Wed Sep 15 16:28:07 2021]: Planting random seeds...

[Info][Wed Sep 15 16:28:17 2021]: Planting random seeds...

[Info][Wed Sep 15 16:28:23 2021]: Planting random seeds...

[Info][Wed Sep 15 16:47:31 2021]: Planting random seeds...

[Info][Wed Sep 15 16:48:55 2021]: Planting random seeds...

[Info][Wed Sep 15 16:50:39 2021]: Planting random seeds...

[Info][Wed Sep 15 16:51:08 2021]: Planting random seeds...

[Info][Wed Sep 15 16:51:10 2021]: Planting random seeds...

[Info][Wed Sep 15 16:59:21 2021]: Planting random seeds...

[Info][Wed Sep 15 16:59:22 2021]: Planting random seeds...

[Info][Wed Sep 15 16:59:23 2021]: Planting random seeds...

[Info][Wed Sep 15 16:59:24 2021]: Planting random seeds...

[Info][Wed Sep 15 16:59:25 2021]: Planting random seeds...

[Info][Wed Sep 15 16:59:25 2021]: Planting random seeds...

[Info][Wed Sep 15 16:59:26 2021]: Planting random seeds...

[Info][Wed Sep 15 16:59:39 2021]: Planting random seeds...

[Info][Wed Sep 15 17:00:10 2021]: Planting random seeds...

[Info][Wed Sep 15 20:35:49 2021]: Planting random seeds...

[Info][Wed Sep 15 20:35:51 2021]: Planting random seeds...

[Info][Wed Sep 15 20:35:54 2021]: Planting random seeds...

[Info][Wed Sep 15 20:35:56 2021]: Planting random seeds...

[Info][Wed Sep 15 20:35:57 2021]: Planting random seeds...

[Info][Wed Sep 15 20:35:58 2021]: Planting random seeds...

[Info][Wed Sep 15 20:35:59 2021]: Planting random seeds...

[Info][Wed Sep 15 20:36:20 2021]: Planting random seeds...

[Info][Wed Sep 15 20:36:29 2021]: Planting random seeds...

[Info][Wed Sep 15 20:39:42 2021]: Planting random seeds...

[Info][Wed Sep 15 20:39:43 2021]: Planting random seeds...

[Info][Wed Sep 15 20:39:44 2021]: Planting random seeds...

[Info][Wed Sep 15 20:39:45 2021]: Planting random seeds...

[Info][Wed Sep 15 20:39:45 2021]: Planting random seeds...

[Info][Wed Sep 15 20:39:46 2021]: Planting random seeds...

[Info][Wed Sep 15 20:39:47 2021]: Planting random seeds...

[Info][Wed Sep 15 20:39:57 2021]: Planting random seeds...

[Info][Wed Sep 15 20:40:02 2021]: Planting random seeds...

[Info][Wed Sep 15 22:26:11 2021]: Planting random seeds...

[Info][Wed Sep 15 22:26:12 2021]: Planting random seeds...

[Info][Wed Sep 15 22:26:15 2021]: Planting random seeds...

[Info][Wed Sep 15 22:26:16 2021]: Planting random seeds...

[Info][Wed Sep 15 22:26:18 2021]: Planting random seeds...

[Info][Wed Sep 15 22:26:19 2021]: Planting random seeds...

[Info][Wed Sep 15 22:26:20 2021]: Planting random seeds...

[Info][Wed Sep 15 22:26:36 2021]: Planting random seeds...

[Info][Wed Sep 15 22:26:45 2021]: Planting random seeds...

[Info][Wed Sep 15 23:57:36 2021]: Planting random seeds...

[Info][Wed Sep 15 23:57:37 2021]: Planting random seeds...

[Info][Wed Sep 15 23:57:38 2021]: Planting random seeds...

[Info][Wed Sep 15 23:57:39 2021]: Planting random seeds...

[Info][Wed Sep 15 23:57:40 2021]: Planting random seeds...

[Info][Wed Sep 15 23:57:41 2021]: Planting random seeds...

[Info][Wed Sep 15 23:57:41 2021]: Planting random seeds...

[Info][Wed Sep 15 23:57:51 2021]: Planting random seeds...

[Info][Wed Sep 15 23:57:57 2021]: Planting random seeds...

