[Info][Fri Oct 29 12:06:23 2021]: Planting random seeds...

[Info][Fri Oct 29 12:06:25 2021]: Planting random seeds...

[Info][Fri Oct 29 12:06:27 2021]: Planting random seeds...

[Info][Fri Oct 29 12:06:29 2021]: Planting random seeds...

[Info][Fri Oct 29 12:06:30 2021]: Planting random seeds...

[Info][Fri Oct 29 12:06:31 2021]: Planting random seeds...

[Info][Fri Oct 29 12:06:32 2021]: Planting random seeds...

[Info][Fri Oct 29 12:07:03 2021]: Planting random seeds...

[Info][Fri Oct 29 12:07:16 2021]: Planting random seeds...

[Info][Fri Oct 29 14:52:44 2021]: Planting random seeds...

[Info][Fri Oct 29 14:52:45 2021]: Planting random seeds...

[Info][Fri Oct 29 14:52:46 2021]: Planting random seeds...

[Info][Fri Oct 29 14:52:47 2021]: Planting random seeds...

[Info][Fri Oct 29 14:52:48 2021]: Planting random seeds...

[Info][Fri Oct 29 14:52:49 2021]: Planting random seeds...

[Info][Fri Oct 29 14:52:50 2021]: Planting random seeds...

[Info][Fri Oct 29 14:53:00 2021]: Planting random seeds...

[Info][Fri Oct 29 14:53:08 2021]: Planting random seeds...

[Info][Fri Oct 29 15:30:43 2021]: Planting random seeds...

[Info][Fri Oct 29 15:37:51 2021]: > Broadcasted message: "Jamais informe os dados da sua conta em qualquer site que não seja o pokecenter.com, a equipe não da itens ou pokemons.".

[Info][Fri Oct 29 15:37:51 2021]: > Broadcasted message: "Never let the data of your account on any site other than pokecenter.com, the staff not give any item or pokemon.".

[Info][Fri Oct 29 16:22:52 2021]: > Broadcasted message: "Pense duas vezes antes de usar qualquer tipo de bot ou hack no seu personagem, isto não será tolerado e seu personagem será deletado. Jogue limpo.".

[Info][Fri Oct 29 16:22:52 2021]: > Broadcasted message: "Think twice before using any bot or hack on your character, it will not be tolerated and your character will be deleted. Play nice.".

[Info][Fri Oct 29 17:06:30 2021]: Planting random seeds...

[Info][Fri Oct 29 17:07:53 2021]: > Broadcasted message: "Você precisa de alguma informação sobre o jogo? Acesse agora: http://www.pokecenter.com".

[Info][Fri Oct 29 17:07:53 2021]: > Broadcasted message: "Do you need any information about the game? Visit now: http://www.pokecenter.com".

[Info][Fri Oct 29 17:52:54 2021]: > Broadcasted message: "Gostou do jogo? Então comece a divulga-lo agora mesmo! Chame seus amigos para jogar! Assim você se diverte muito mais e ajuda a manter o projeto!".

[Info][Fri Oct 29 17:52:54 2021]: > Broadcasted message: "Did you like the game? Then start to publish it right now! Call your friends to play! So you enjoy a lot more and helps keep the project!".

[Info][Fri Oct 29 18:37:55 2021]: > Broadcasted message: "Nunca coloque os dados de sua conta em qualquer site que não seja o oficial do pokecenter (http://www.pokecenter.com)! Cuide de sua conta!".

[Info][Fri Oct 29 18:37:55 2021]: > Broadcasted message: "Never put your account information at any site other than the official pokecenter (http://www.pokecenter.com)! Take care of your account!".

[Info][Fri Oct 29 19:22:56 2021]: > Broadcasted message: "Fique por dentro das novidades, dê sua opinião e participe do desenvolvimento do jogo! Acesse: http://forum.pokecenter.com/".

[Info][Fri Oct 29 19:22:56 2021]: > Broadcasted message: "Check out the news, give your opinion and participate in the development of the game! Access: http://forum.pokecenter.com/".

[Info][Fri Oct 29 20:07:57 2021]: > Broadcasted message: "Você quer deixar alguma mensagem, comentário ou sugestão para os desenvolvedores do pokecenter? Acesse: http://www.pokecenter.com".

[Info][Fri Oct 29 20:07:57 2021]: > Broadcasted message: "You want to leave a message, comment or suggestion to the pokecenter developers? Visit now: http://www.pokecenter.com".

[Info][Fri Oct 29 20:52:58 2021]: > Broadcasted message: "Jamais informe os dados da sua conta em qualquer site que não seja o pokecenter.com, a equipe não da itens ou pokemons.".

[Info][Fri Oct 29 20:52:58 2021]: > Broadcasted message: "Never let the data of your account on any site other than pokecenter.com, the staff not give any item or pokemon.".

[Info][Fri Oct 29 21:37:59 2021]: > Broadcasted message: "Pense duas vezes antes de usar qualquer tipo de bot ou hack no seu personagem, isto não será tolerado e seu personagem será deletado. Jogue limpo.".

[Info][Fri Oct 29 21:37:59 2021]: > Broadcasted message: "Think twice before using any bot or hack on your character, it will not be tolerated and your character will be deleted. Play nice.".

[Info][Fri Oct 29 22:23:00 2021]: > Broadcasted message: "Você precisa de alguma informação sobre o jogo? Acesse agora: http://www.pokecenter.com".

[Info][Fri Oct 29 22:23:00 2021]: > Broadcasted message: "Do you need any information about the game? Visit now: http://www.pokecenter.com".

