[Info][Fri Sep 24 18:11:08 2021]: Planting random seeds...

[Info][Fri Sep 24 18:11:09 2021]: Planting random seeds...

[Info][Fri Sep 24 18:11:12 2021]: Planting random seeds...

[Info][Fri Sep 24 18:11:14 2021]: Planting random seeds...

[Info][Fri Sep 24 18:11:16 2021]: Planting random seeds...

[Info][Fri Sep 24 18:11:17 2021]: Planting random seeds...

[Info][Fri Sep 24 18:11:18 2021]: Planting random seeds...

[Info][Fri Sep 24 18:11:42 2021]: Planting random seeds...

[Info][Fri Sep 24 18:11:55 2021]: Planting random seeds...

[Info][Fri Sep 24 20:19:23 2021]: Planting random seeds...

[Info][Fri Sep 24 20:19:25 2021]: Planting random seeds...

[Info][Fri Sep 24 20:19:36 2021]: Planting random seeds...

[Info][Fri Sep 24 20:19:39 2021]: Planting random seeds...

[Info][Fri Sep 24 20:19:40 2021]: Planting random seeds...

[Info][Fri Sep 24 20:19:42 2021]: Planting random seeds...

[Info][Fri Sep 24 20:19:43 2021]: Planting random seeds...

[Info][Fri Sep 24 20:20:22 2021]: Planting random seeds...

[Info][Fri Sep 24 20:21:06 2021]: Planting random seeds...

[Info][Fri Sep 24 22:02:24 2021]: Planting random seeds...

[Info][Fri Sep 24 22:02:25 2021]: Planting random seeds...

[Info][Fri Sep 24 22:02:32 2021]: Planting random seeds...

[Info][Fri Sep 24 22:02:35 2021]: Planting random seeds...

[Info][Fri Sep 24 22:02:37 2021]: Planting random seeds...

[Info][Fri Sep 24 22:02:38 2021]: Planting random seeds...

[Info][Fri Sep 24 22:02:40 2021]: Planting random seeds...

[Info][Fri Sep 24 22:03:06 2021]: Planting random seeds...

[Info][Fri Sep 24 22:03:20 2021]: Planting random seeds...

[Info][Fri Sep 24 22:47:41 2021]: > Broadcasted message: "Jamais informe os dados da sua conta em qualquer site que não seja o pokecenter.com, a equipe não da itens ou pokemons.".

[Info][Fri Sep 24 22:47:41 2021]: > Broadcasted message: "Never let the data of your account on any site other than pokecenter.com, the staff not give any item or pokemon.".

[Info][Fri Sep 24 23:32:42 2021]: > Broadcasted message: "Pense duas vezes antes de usar qualquer tipo de bot ou hack no seu personagem, isto não será tolerado e seu personagem será deletado. Jogue limpo.".

[Info][Fri Sep 24 23:32:42 2021]: > Broadcasted message: "Think twice before using any bot or hack on your character, it will not be tolerated and your character will be deleted. Play nice.".

