[Info][Thu Sep 30 00:53:58 2021]: Planting random seeds...

[Info][Thu Sep 30 00:53:59 2021]: Planting random seeds...

[Info][Thu Sep 30 00:54:04 2021]: Planting random seeds...

[Info][Thu Sep 30 00:54:07 2021]: Planting random seeds...

[Info][Thu Sep 30 00:54:09 2021]: Planting random seeds...

[Info][Thu Sep 30 00:54:10 2021]: Planting random seeds...

[Info][Thu Sep 30 00:54:11 2021]: Planting random seeds...

[Info][Thu Sep 30 00:54:36 2021]: Planting random seeds...

[Info][Thu Sep 30 00:54:49 2021]: Planting random seeds...

[Info][Thu Sep 30 00:59:43 2021]: Planting random seeds...

[Info][Thu Sep 30 00:59:43 2021]: Planting random seeds...

[Info][Thu Sep 30 00:59:44 2021]: Planting random seeds...

[Info][Thu Sep 30 00:59:45 2021]: Planting random seeds...

[Info][Thu Sep 30 00:59:46 2021]: Planting random seeds...

[Info][Thu Sep 30 00:59:47 2021]: Planting random seeds...

[Info][Thu Sep 30 00:59:48 2021]: Planting random seeds...

[Info][Thu Sep 30 00:59:58 2021]: Planting random seeds...

[Info][Thu Sep 30 01:00:05 2021]: Planting random seeds...

[Info][Thu Sep 30 01:28:12 2021]: Planting random seeds...

[Info][Thu Sep 30 01:28:13 2021]: Planting random seeds...

[Info][Thu Sep 30 01:28:14 2021]: Planting random seeds...

[Info][Thu Sep 30 01:28:15 2021]: Planting random seeds...

[Info][Thu Sep 30 01:28:16 2021]: Planting random seeds...

[Info][Thu Sep 30 01:28:17 2021]: Planting random seeds...

[Info][Thu Sep 30 01:28:17 2021]: Planting random seeds...

[Info][Thu Sep 30 01:28:27 2021]: Planting random seeds...

[Info][Thu Sep 30 01:28:33 2021]: Planting random seeds...

[Info][Thu Sep 30 02:13:19 2021]: > Broadcasted message: "Jamais informe os dados da sua conta em qualquer site que não seja o pokecenter.com, a equipe não da itens ou pokemons.".

[Info][Thu Sep 30 02:13:19 2021]: > Broadcasted message: "Never let the data of your account on any site other than pokecenter.com, the staff not give any item or pokemon.".

[Info][Thu Sep 30 06:20:21 2021]: Planting random seeds...

[Info][Thu Sep 30 06:20:22 2021]: Planting random seeds...

[Info][Thu Sep 30 06:20:28 2021]: Planting random seeds...

[Info][Thu Sep 30 06:20:31 2021]: Planting random seeds...

[Info][Thu Sep 30 06:20:33 2021]: Planting random seeds...

[Info][Thu Sep 30 06:20:34 2021]: Planting random seeds...

[Info][Thu Sep 30 06:20:36 2021]: Planting random seeds...

[Info][Thu Sep 30 06:21:02 2021]: Planting random seeds...

[Info][Thu Sep 30 06:21:14 2021]: Planting random seeds...

[Info][Thu Sep 30 07:05:37 2021]: > Broadcasted message: "Jamais informe os dados da sua conta em qualquer site que não seja o pokecenter.com, a equipe não da itens ou pokemons.".

[Info][Thu Sep 30 07:05:37 2021]: > Broadcasted message: "Never let the data of your account on any site other than pokecenter.com, the staff not give any item or pokemon.".

[Info][Thu Sep 30 07:50:38 2021]: > Broadcasted message: "Pense duas vezes antes de usar qualquer tipo de bot ou hack no seu personagem, isto não será tolerado e seu personagem será deletado. Jogue limpo.".

[Info][Thu Sep 30 07:50:38 2021]: > Broadcasted message: "Think twice before using any bot or hack on your character, it will not be tolerated and your character will be deleted. Play nice.".

[Info][Thu Sep 30 12:25:00 2021]: Planting random seeds...

[Info][Thu Sep 30 12:25:01 2021]: Planting random seeds...

[Info][Thu Sep 30 12:25:07 2021]: Planting random seeds...

[Info][Thu Sep 30 12:25:10 2021]: Planting random seeds...

[Info][Thu Sep 30 12:25:12 2021]: Planting random seeds...

[Info][Thu Sep 30 12:25:13 2021]: Planting random seeds...

[Info][Thu Sep 30 12:25:15 2021]: Planting random seeds...

[Info][Thu Sep 30 12:25:40 2021]: Planting random seeds...

[Info][Thu Sep 30 12:26:45 2021]: Planting random seeds...

[Info][Thu Sep 30 13:10:17 2021]: > Broadcasted message: "Jamais informe os dados da sua conta em qualquer site que não seja o pokecenter.com, a equipe não da itens ou pokemons.".

[Info][Thu Sep 30 13:10:17 2021]: > Broadcasted message: "Never let the data of your account on any site other than pokecenter.com, the staff not give any item or pokemon.".

[Info][Thu Sep 30 16:46:55 2021]: Planting random seeds...

[Info][Thu Sep 30 16:46:57 2021]: Planting random seeds...

[Info][Thu Sep 30 16:47:02 2021]: Planting random seeds...

[Info][Thu Sep 30 16:47:03 2021]: Planting random seeds...

[Info][Thu Sep 30 16:47:05 2021]: Planting random seeds...

[Info][Thu Sep 30 16:47:06 2021]: Planting random seeds...

[Info][Thu Sep 30 16:47:07 2021]: Planting random seeds...

[Info][Thu Sep 30 16:47:22 2021]: Planting random seeds...

[Info][Thu Sep 30 16:47:30 2021]: Planting random seeds...

[Info][Thu Sep 30 17:14:53 2021]: Planting random seeds...

[Info][Thu Sep 30 17:15:14 2021]: Planting random seeds...

[Info][Thu Sep 30 17:15:23 2021]: Planting random seeds...

[Info][Thu Sep 30 17:15:25 2021]: Planting random seeds...

[Info][Thu Sep 30 17:16:08 2021]: Planting random seeds...

[Info][Thu Sep 30 17:32:08 2021]: > Broadcasted message: "Jamais informe os dados da sua conta em qualquer site que não seja o pokecenter.com, a equipe não da itens ou pokemons.".

[Info][Thu Sep 30 17:32:08 2021]: > Broadcasted message: "Never let the data of your account on any site other than pokecenter.com, the staff not give any item or pokemon.".

[Info][Thu Sep 30 18:17:09 2021]: > Broadcasted message: "Pense duas vezes antes de usar qualquer tipo de bot ou hack no seu personagem, isto não será tolerado e seu personagem será deletado. Jogue limpo.".

[Info][Thu Sep 30 18:17:09 2021]: > Broadcasted message: "Think twice before using any bot or hack on your character, it will not be tolerated and your character will be deleted. Play nice.".

[Info][Thu Sep 30 19:02:10 2021]: > Broadcasted message: "Você precisa de alguma informação sobre o jogo? Acesse agora: http://www.pokecenter.com".

[Info][Thu Sep 30 19:02:10 2021]: > Broadcasted message: "Do you need any information about the game? Visit now: http://www.pokecenter.com".

[Info][Thu Sep 30 19:47:11 2021]: > Broadcasted message: "Gostou do jogo? Então comece a divulga-lo agora mesmo! Chame seus amigos para jogar! Assim você se diverte muito mais e ajuda a manter o projeto!".

[Info][Thu Sep 30 19:47:11 2021]: > Broadcasted message: "Did you like the game? Then start to publish it right now! Call your friends to play! So you enjoy a lot more and helps keep the project!".

[Info][Thu Sep 30 20:32:12 2021]: > Broadcasted message: "Nunca coloque os dados de sua conta em qualquer site que não seja o oficial do pokecenter (http://www.pokecenter.com)! Cuide de sua conta!".

[Info][Thu Sep 30 20:32:12 2021]: > Broadcasted message: "Never put your account information at any site other than the official pokecenter (http://www.pokecenter.com)! Take care of your account!".

[Info][Thu Sep 30 21:17:13 2021]: > Broadcasted message: "Fique por dentro das novidades, dê sua opinião e participe do desenvolvimento do jogo! Acesse: http://forum.pokecenter.com/".

[Info][Thu Sep 30 21:17:13 2021]: > Broadcasted message: "Check out the news, give your opinion and participate in the development of the game! Access: http://forum.pokecenter.com/".

[Info][Thu Sep 30 22:02:14 2021]: > Broadcasted message: "Você quer deixar alguma mensagem, comentário ou sugestão para os desenvolvedores do pokecenter? Acesse: http://www.pokecenter.com".

[Info][Thu Sep 30 22:02:14 2021]: > Broadcasted message: "You want to leave a message, comment or suggestion to the pokecenter developers? Visit now: http://www.pokecenter.com".

[Info][Thu Sep 30 22:47:15 2021]: > Broadcasted message: "Jamais informe os dados da sua conta em qualquer site que não seja o pokecenter.com, a equipe não da itens ou pokemons.".

[Info][Thu Sep 30 22:47:15 2021]: > Broadcasted message: "Never let the data of your account on any site other than pokecenter.com, the staff not give any item or pokemon.".

