[Info][Sat Sep 25 00:17:43 2021]: > Broadcasted message: "Você precisa de alguma informação sobre o jogo? Acesse agora: http://www.pokecenter.com".

[Info][Sat Sep 25 00:17:43 2021]: > Broadcasted message: "Do you need any information about the game? Visit now: http://www.pokecenter.com".

[Info][Sat Sep 25 01:02:44 2021]: > Broadcasted message: "Gostou do jogo? Então comece a divulga-lo agora mesmo! Chame seus amigos para jogar! Assim você se diverte muito mais e ajuda a manter o projeto!".

[Info][Sat Sep 25 01:02:44 2021]: > Broadcasted message: "Did you like the game? Then start to publish it right now! Call your friends to play! So you enjoy a lot more and helps keep the project!".

[Info][Sat Sep 25 11:57:52 2021]: Planting random seeds...

[Info][Sat Sep 25 11:57:53 2021]: Planting random seeds...

[Info][Sat Sep 25 11:57:59 2021]: Planting random seeds...

[Info][Sat Sep 25 11:58:02 2021]: Planting random seeds...

[Info][Sat Sep 25 11:58:03 2021]: Planting random seeds...

[Info][Sat Sep 25 11:58:05 2021]: Planting random seeds...

[Info][Sat Sep 25 11:58:06 2021]: Planting random seeds...

[Info][Sat Sep 25 11:58:32 2021]: Planting random seeds...

[Info][Sat Sep 25 11:58:44 2021]: Planting random seeds...

[Info][Sat Sep 25 12:43:08 2021]: > Broadcasted message: "Jamais informe os dados da sua conta em qualquer site que não seja o pokecenter.com, a equipe não da itens ou pokemons.".

[Info][Sat Sep 25 12:43:08 2021]: > Broadcasted message: "Never let the data of your account on any site other than pokecenter.com, the staff not give any item or pokemon.".

[Info][Sat Sep 25 13:28:09 2021]: > Broadcasted message: "Pense duas vezes antes de usar qualquer tipo de bot ou hack no seu personagem, isto não será tolerado e seu personagem será deletado. Jogue limpo.".

[Info][Sat Sep 25 13:28:09 2021]: > Broadcasted message: "Think twice before using any bot or hack on your character, it will not be tolerated and your character will be deleted. Play nice.".

[Info][Sat Sep 25 14:13:11 2021]: > Broadcasted message: "Você precisa de alguma informação sobre o jogo? Acesse agora: http://www.pokecenter.com".

[Info][Sat Sep 25 14:13:11 2021]: > Broadcasted message: "Do you need any information about the game? Visit now: http://www.pokecenter.com".

[Info][Sat Sep 25 14:58:11 2021]: > Broadcasted message: "Gostou do jogo? Então comece a divulga-lo agora mesmo! Chame seus amigos para jogar! Assim você se diverte muito mais e ajuda a manter o projeto!".

[Info][Sat Sep 25 14:58:11 2021]: > Broadcasted message: "Did you like the game? Then start to publish it right now! Call your friends to play! So you enjoy a lot more and helps keep the project!".

[Info][Sat Sep 25 15:43:12 2021]: > Broadcasted message: "Nunca coloque os dados de sua conta em qualquer site que não seja o oficial do pokecenter (http://www.pokecenter.com)! Cuide de sua conta!".

[Info][Sat Sep 25 15:43:12 2021]: > Broadcasted message: "Never put your account information at any site other than the official pokecenter (http://www.pokecenter.com)! Take care of your account!".

[Info][Sat Sep 25 16:28:13 2021]: > Broadcasted message: "Fique por dentro das novidades, dê sua opinião e participe do desenvolvimento do jogo! Acesse: http://forum.pokecenter.com/".

[Info][Sat Sep 25 16:28:13 2021]: > Broadcasted message: "Check out the news, give your opinion and participate in the development of the game! Access: http://forum.pokecenter.com/".

[Info][Sat Sep 25 17:13:14 2021]: > Broadcasted message: "Você quer deixar alguma mensagem, comentário ou sugestão para os desenvolvedores do pokecenter? Acesse: http://www.pokecenter.com".

[Info][Sat Sep 25 17:13:14 2021]: > Broadcasted message: "You want to leave a message, comment or suggestion to the pokecenter developers? Visit now: http://www.pokecenter.com".

[Info][Sat Sep 25 20:49:34 2021]: Planting random seeds...

[Info][Sat Sep 25 20:49:35 2021]: Planting random seeds...

[Info][Sat Sep 25 20:49:41 2021]: Planting random seeds...

[Info][Sat Sep 25 20:49:45 2021]: Planting random seeds...

[Info][Sat Sep 25 20:49:47 2021]: Planting random seeds...

[Info][Sat Sep 25 20:49:49 2021]: Planting random seeds...

[Info][Sat Sep 25 20:49:50 2021]: Planting random seeds...

[Info][Sat Sep 25 20:50:19 2021]: Planting random seeds...

[Info][Sat Sep 25 20:50:35 2021]: Planting random seeds...

