[Info][Mon Oct 04 00:15:37 2021]: > Broadcasted message: "Nunca coloque os dados de sua conta em qualquer site que não seja o oficial do pokecenter (http://www.pokecenter.com)! Cuide de sua conta!".

[Info][Mon Oct 04 00:15:37 2021]: > Broadcasted message: "Never put your account information at any site other than the official pokecenter (http://www.pokecenter.com)! Take care of your account!".

[Info][Mon Oct 04 01:00:38 2021]: > Broadcasted message: "Fique por dentro das novidades, dê sua opinião e participe do desenvolvimento do jogo! Acesse: http://forum.pokecenter.com/".

[Info][Mon Oct 04 01:00:38 2021]: > Broadcasted message: "Check out the news, give your opinion and participate in the development of the game! Access: http://forum.pokecenter.com/".

[Info][Mon Oct 04 01:45:39 2021]: > Broadcasted message: "Você quer deixar alguma mensagem, comentário ou sugestão para os desenvolvedores do pokecenter? Acesse: http://www.pokecenter.com".

[Info][Mon Oct 04 01:45:40 2021]: > Broadcasted message: "You want to leave a message, comment or suggestion to the pokecenter developers? Visit now: http://www.pokecenter.com".

[Info][Mon Oct 04 02:30:40 2021]: > Broadcasted message: "Jamais informe os dados da sua conta em qualquer site que não seja o pokecenter.com, a equipe não da itens ou pokemons.".

[Info][Mon Oct 04 02:30:40 2021]: > Broadcasted message: "Never let the data of your account on any site other than pokecenter.com, the staff not give any item or pokemon.".

[Info][Mon Oct 04 02:46:27 2021]: Planting random seeds...

[Info][Mon Oct 04 02:46:34 2021]: Planting random seeds...

[Info][Mon Oct 04 02:46:54 2021]: Planting random seeds...

[Info][Mon Oct 04 02:48:25 2021]: Planting random seeds...

[Info][Mon Oct 04 02:48:27 2021]: Planting random seeds...

[Info][Mon Oct 04 02:53:11 2021]: Planting random seeds...

[Info][Mon Oct 04 02:53:13 2021]: Planting random seeds...

[Info][Mon Oct 04 02:53:23 2021]: Planting random seeds...

[Info][Mon Oct 04 02:53:47 2021]: Planting random seeds...

[Info][Mon Oct 04 02:53:49 2021]: Planting random seeds...

[Info][Mon Oct 04 02:53:51 2021]: Planting random seeds...

[Info][Mon Oct 04 02:54:24 2021]: Planting random seeds...

[Info][Mon Oct 04 02:54:26 2021]: Planting random seeds...

[Info][Mon Oct 04 02:54:29 2021]: Planting random seeds...

[Info][Mon Oct 04 02:56:50 2021]: Planting random seeds...

[Info][Mon Oct 04 02:56:52 2021]: Planting random seeds...

[Info][Mon Oct 04 02:56:54 2021]: Planting random seeds...

[Info][Mon Oct 04 03:00:43 2021]: Planting random seeds...

[Info][Mon Oct 04 03:00:44 2021]: Planting random seeds...

[Info][Mon Oct 04 03:00:46 2021]: Planting random seeds...

[Info][Mon Oct 04 03:15:41 2021]: > Broadcasted message: "Pense duas vezes antes de usar qualquer tipo de bot ou hack no seu personagem, isto não será tolerado e seu personagem será deletado. Jogue limpo.".

[Info][Mon Oct 04 03:15:41 2021]: > Broadcasted message: "Think twice before using any bot or hack on your character, it will not be tolerated and your character will be deleted. Play nice.".

[Info][Mon Oct 04 04:00:42 2021]: > Broadcasted message: "Você precisa de alguma informação sobre o jogo? Acesse agora: http://www.pokecenter.com".

[Info][Mon Oct 04 04:00:42 2021]: > Broadcasted message: "Do you need any information about the game? Visit now: http://www.pokecenter.com".

[Info][Mon Oct 04 11:36:17 2021]: Planting random seeds...

[Info][Mon Oct 04 11:36:18 2021]: Planting random seeds...

[Info][Mon Oct 04 11:36:23 2021]: Planting random seeds...

[Info][Mon Oct 04 11:36:25 2021]: Planting random seeds...

[Info][Mon Oct 04 11:36:27 2021]: Planting random seeds...

[Info][Mon Oct 04 11:36:28 2021]: Planting random seeds...

[Info][Mon Oct 04 11:36:29 2021]: Planting random seeds...

[Info][Mon Oct 04 11:37:00 2021]: Planting random seeds...

[Info][Mon Oct 04 11:37:13 2021]: Planting random seeds...

[Info][Mon Oct 04 12:11:15 2021]: Planting random seeds...

[Info][Mon Oct 04 12:11:16 2021]: Planting random seeds...

[Info][Mon Oct 04 12:11:18 2021]: Planting random seeds...

[Info][Mon Oct 04 12:21:31 2021]: > Broadcasted message: "Jamais informe os dados da sua conta em qualquer site que não seja o pokecenter.com, a equipe não da itens ou pokemons.".

[Info][Mon Oct 04 12:21:31 2021]: > Broadcasted message: "Never let the data of your account on any site other than pokecenter.com, the staff not give any item or pokemon.".

[Info][Mon Oct 04 19:35:10 2021]: Planting random seeds...

[Info][Mon Oct 04 19:35:11 2021]: Planting random seeds...

[Info][Mon Oct 04 19:35:15 2021]: Planting random seeds...

[Info][Mon Oct 04 19:35:18 2021]: Planting random seeds...

[Info][Mon Oct 04 19:35:20 2021]: Planting random seeds...

[Info][Mon Oct 04 19:35:21 2021]: Planting random seeds...

[Info][Mon Oct 04 19:35:23 2021]: Planting random seeds...

[Info][Mon Oct 04 19:35:53 2021]: Planting random seeds...

[Info][Mon Oct 04 19:36:08 2021]: Planting random seeds...

[Info][Mon Oct 04 20:20:24 2021]: > Broadcasted message: "Jamais informe os dados da sua conta em qualquer site que não seja o pokecenter.com, a equipe não da itens ou pokemons.".

[Info][Mon Oct 04 20:20:24 2021]: > Broadcasted message: "Never let the data of your account on any site other than pokecenter.com, the staff not give any item or pokemon.".

[Info][Mon Oct 04 21:05:25 2021]: > Broadcasted message: "Pense duas vezes antes de usar qualquer tipo de bot ou hack no seu personagem, isto não será tolerado e seu personagem será deletado. Jogue limpo.".

[Info][Mon Oct 04 21:05:25 2021]: > Broadcasted message: "Think twice before using any bot or hack on your character, it will not be tolerated and your character will be deleted. Play nice.".

[Info][Mon Oct 04 21:50:26 2021]: > Broadcasted message: "Você precisa de alguma informação sobre o jogo? Acesse agora: http://www.pokecenter.com".

[Info][Mon Oct 04 21:50:26 2021]: > Broadcasted message: "Do you need any information about the game? Visit now: http://www.pokecenter.com".

[Info][Mon Oct 04 22:35:27 2021]: > Broadcasted message: "Gostou do jogo? Então comece a divulga-lo agora mesmo! Chame seus amigos para jogar! Assim você se diverte muito mais e ajuda a manter o projeto!".

[Info][Mon Oct 04 22:35:27 2021]: > Broadcasted message: "Did you like the game? Then start to publish it right now! Call your friends to play! So you enjoy a lot more and helps keep the project!".

[Info][Mon Oct 04 23:20:28 2021]: > Broadcasted message: "Nunca coloque os dados de sua conta em qualquer site que não seja o oficial do pokecenter (http://www.pokecenter.com)! Cuide de sua conta!".

[Info][Mon Oct 04 23:20:28 2021]: > Broadcasted message: "Never put your account information at any site other than the official pokecenter (http://www.pokecenter.com)! Take care of your account!".

