[Info][Mon Sep 06 00:05:32 2021]: > Broadcasted message: "Nunca coloque os dados de sua conta em qualquer site que não seja o oficial do pokecenter (http://www.pokecenter.com)! Cuide de sua conta!".

[Info][Mon Sep 06 00:05:32 2021]: > Broadcasted message: "Never put your account information at any site other than the official pokecenter (http://www.pokecenter.com)! Take care of your account!".

[Info][Mon Sep 06 00:07:11 2021]: Planting random seeds...

[Info][Mon Sep 06 00:07:26 2021]: Planting random seeds...

[Info][Mon Sep 06 00:11:32 2021]: Planting random seeds...

[Info][Mon Sep 06 00:15:43 2021]: Planting random seeds...

[Info][Mon Sep 06 00:18:49 2021]: Planting random seeds...

[Info][Mon Sep 06 00:19:51 2021]: Planting random seeds...

[Info][Mon Sep 06 00:21:59 2021]: Planting random seeds...

[Info][Mon Sep 06 00:22:48 2021]: Planting random seeds...

[Info][Mon Sep 06 00:25:13 2021]: Planting random seeds...

[Info][Mon Sep 06 00:26:53 2021]: Planting random seeds...

[Info][Mon Sep 06 00:27:00 2021]: Planting random seeds...

[Info][Mon Sep 06 00:27:45 2021]: Planting random seeds...

[Info][Mon Sep 06 00:28:50 2021]: Planting random seeds...

[Info][Mon Sep 06 00:43:43 2021]: Planting random seeds...

[Info][Mon Sep 06 00:44:34 2021]: Planting random seeds...

[Info][Mon Sep 06 00:44:36 2021]: Planting random seeds...

[Info][Mon Sep 06 00:46:19 2021]: Planting random seeds...

[Info][Mon Sep 06 00:50:33 2021]: > Broadcasted message: "Fique por dentro das novidades, dê sua opinião e participe do desenvolvimento do jogo! Acesse: http://forum.pokecenter.com/".

[Info][Mon Sep 06 00:50:33 2021]: > Broadcasted message: "Check out the news, give your opinion and participate in the development of the game! Access: http://forum.pokecenter.com/".

[Info][Mon Sep 06 00:52:36 2021]: Planting random seeds...

[Info][Mon Sep 06 00:52:49 2021]: Planting random seeds...

[Info][Mon Sep 06 12:34:12 2021]: Planting random seeds...

[Info][Mon Sep 06 12:34:13 2021]: Planting random seeds...

[Info][Mon Sep 06 12:34:22 2021]: Planting random seeds...

[Info][Mon Sep 06 12:34:28 2021]: Planting random seeds...

[Info][Mon Sep 06 12:34:30 2021]: Planting random seeds...

[Info][Mon Sep 06 12:34:32 2021]: Planting random seeds...

[Info][Mon Sep 06 12:34:34 2021]: Planting random seeds...

[Info][Mon Sep 06 12:35:28 2021]: Planting random seeds...

[Info][Mon Sep 06 12:36:10 2021]: Planting random seeds...

[Info][Mon Sep 06 13:35:29 2021]: Planting random seeds...

[Info][Mon Sep 06 13:35:29 2021]: Planting random seeds...

[Info][Mon Sep 06 13:35:34 2021]: Planting random seeds...

[Info][Mon Sep 06 13:35:37 2021]: Planting random seeds...

[Info][Mon Sep 06 13:35:38 2021]: Planting random seeds...

[Info][Mon Sep 06 13:35:39 2021]: Planting random seeds...

[Info][Mon Sep 06 13:35:40 2021]: Planting random seeds...

[Info][Mon Sep 06 13:36:02 2021]: Planting random seeds...

[Info][Mon Sep 06 13:36:13 2021]: Planting random seeds...

[Info][Mon Sep 06 14:09:50 2021]: Planting random seeds...

[Info][Mon Sep 06 14:20:41 2021]: > Broadcasted message: "Jamais informe os dados da sua conta em qualquer site que não seja o pokecenter.com, a equipe não da itens ou pokemons.".

[Info][Mon Sep 06 14:20:41 2021]: > Broadcasted message: "Never let the data of your account on any site other than pokecenter.com, the staff not give any item or pokemon.".

[Info][Mon Sep 06 15:05:42 2021]: > Broadcasted message: "Pense duas vezes antes de usar qualquer tipo de bot ou hack no seu personagem, isto não será tolerado e seu personagem será deletado. Jogue limpo.".

[Info][Mon Sep 06 15:05:42 2021]: > Broadcasted message: "Think twice before using any bot or hack on your character, it will not be tolerated and your character will be deleted. Play nice.".

[Info][Mon Sep 06 15:50:43 2021]: > Broadcasted message: "Você precisa de alguma informação sobre o jogo? Acesse agora: http://www.pokecenter.com".

[Info][Mon Sep 06 15:50:43 2021]: > Broadcasted message: "Do you need any information about the game? Visit now: http://www.pokecenter.com".

[Info][Mon Sep 06 16:25:03 2021]: Planting random seeds...

[Info][Mon Sep 06 16:25:20 2021]: Planting random seeds...

[Info][Mon Sep 06 16:25:52 2021]: Planting random seeds...

[Info][Mon Sep 06 16:35:44 2021]: > Broadcasted message: "Gostou do jogo? Então comece a divulga-lo agora mesmo! Chame seus amigos para jogar! Assim você se diverte muito mais e ajuda a manter o projeto!".

[Info][Mon Sep 06 16:35:44 2021]: > Broadcasted message: "Did you like the game? Then start to publish it right now! Call your friends to play! So you enjoy a lot more and helps keep the project!".

[Info][Mon Sep 06 16:55:24 2021]: Planting random seeds...

[Info][Mon Sep 06 16:55:25 2021]: Planting random seeds...

[Info][Mon Sep 06 16:55:35 2021]: Planting random seeds...

[Info][Mon Sep 06 16:55:39 2021]: Planting random seeds...

[Info][Mon Sep 06 16:55:40 2021]: Planting random seeds...

[Info][Mon Sep 06 16:55:41 2021]: Planting random seeds...

[Info][Mon Sep 06 16:55:43 2021]: Planting random seeds...

[Info][Mon Sep 06 16:56:05 2021]: Planting random seeds...

[Info][Mon Sep 06 16:56:22 2021]: Planting random seeds...

[Info][Mon Sep 06 16:58:35 2021]: Planting random seeds...

[Info][Mon Sep 06 17:00:08 2021]: Planting random seeds...

[Info][Mon Sep 06 17:40:44 2021]: > Broadcasted message: "Jamais informe os dados da sua conta em qualquer site que não seja o pokecenter.com, a equipe não da itens ou pokemons.".

[Info][Mon Sep 06 17:40:44 2021]: > Broadcasted message: "Never let the data of your account on any site other than pokecenter.com, the staff not give any item or pokemon.".

[Info][Mon Sep 06 19:32:12 2021]: Planting random seeds...

[Info][Mon Sep 06 19:32:13 2021]: Planting random seeds...

[Info][Mon Sep 06 19:32:15 2021]: Planting random seeds...

[Info][Mon Sep 06 19:32:17 2021]: Planting random seeds...

[Info][Mon Sep 06 19:32:18 2021]: Planting random seeds...

[Info][Mon Sep 06 19:32:19 2021]: Planting random seeds...

[Info][Mon Sep 06 19:32:20 2021]: Planting random seeds...

[Info][Mon Sep 06 19:32:36 2021]: Planting random seeds...

[Info][Mon Sep 06 19:32:43 2021]: Planting random seeds...

[Info][Mon Sep 06 20:06:35 2021]: Planting random seeds...

[Info][Mon Sep 06 20:06:40 2021]: Planting random seeds...

[Info][Mon Sep 06 20:14:32 2021]: Planting random seeds...

[Info][Mon Sep 06 20:14:33 2021]: Planting random seeds...

[Info][Mon Sep 06 20:14:34 2021]: Planting random seeds...

[Info][Mon Sep 06 20:14:35 2021]: Planting random seeds...

[Info][Mon Sep 06 20:14:36 2021]: Planting random seeds...

[Info][Mon Sep 06 20:14:36 2021]: Planting random seeds...

[Info][Mon Sep 06 20:14:37 2021]: Planting random seeds...

[Info][Mon Sep 06 20:14:47 2021]: Planting random seeds...

[Info][Mon Sep 06 20:14:54 2021]: Planting random seeds...

[Info][Mon Sep 06 20:46:03 2021]: Planting random seeds...

[Info][Mon Sep 06 20:46:03 2021]: Planting random seeds...

[Info][Mon Sep 06 20:46:05 2021]: Planting random seeds...

[Info][Mon Sep 06 20:46:07 2021]: Planting random seeds...

[Info][Mon Sep 06 20:46:08 2021]: Planting random seeds...

[Info][Mon Sep 06 20:46:09 2021]: Planting random seeds...

[Info][Mon Sep 06 20:46:10 2021]: Planting random seeds...

[Info][Mon Sep 06 20:46:25 2021]: Planting random seeds...

[Info][Mon Sep 06 20:46:40 2021]: Planting random seeds...

[Info][Mon Sep 06 20:56:55 2021]: Planting random seeds...

[Info][Mon Sep 06 20:56:57 2021]: Planting random seeds...

[Info][Mon Sep 06 20:56:59 2021]: Planting random seeds...

[Info][Mon Sep 06 20:57:02 2021]: Planting random seeds...

[Info][Mon Sep 06 20:57:03 2021]: Planting random seeds...

[Info][Mon Sep 06 20:57:04 2021]: Planting random seeds...

[Info][Mon Sep 06 20:57:05 2021]: Planting random seeds...

[Info][Mon Sep 06 20:57:20 2021]: Planting random seeds...

[Info][Mon Sep 06 20:57:32 2021]: Planting random seeds...

[Info][Mon Sep 06 21:37:01 2021]: Planting random seeds...

[Info][Mon Sep 06 21:37:02 2021]: Planting random seeds...

[Info][Mon Sep 06 21:37:05 2021]: Planting random seeds...

[Info][Mon Sep 06 21:37:07 2021]: Planting random seeds...

[Info][Mon Sep 06 21:37:08 2021]: Planting random seeds...

[Info][Mon Sep 06 21:37:10 2021]: Planting random seeds...

[Info][Mon Sep 06 21:37:11 2021]: Planting random seeds...

[Info][Mon Sep 06 21:37:29 2021]: Planting random seeds...

[Info][Mon Sep 06 21:37:39 2021]: Planting random seeds...

