[Info][Sun Oct 03 01:19:38 2021]: Planting random seeds...

[Info][Sun Oct 03 01:19:39 2021]: Planting random seeds...

[Info][Sun Oct 03 01:19:44 2021]: Planting random seeds...

[Info][Sun Oct 03 01:19:47 2021]: Planting random seeds...

[Info][Sun Oct 03 01:19:48 2021]: Planting random seeds...

[Info][Sun Oct 03 01:19:50 2021]: Planting random seeds...

[Info][Sun Oct 03 01:19:51 2021]: Planting random seeds...

[Info][Sun Oct 03 01:20:16 2021]: Planting random seeds...

[Info][Sun Oct 03 01:20:29 2021]: Planting random seeds...

[Info][Sun Oct 03 06:09:29 2021]: Planting random seeds...

[Info][Sun Oct 03 06:09:30 2021]: Planting random seeds...

[Info][Sun Oct 03 06:09:33 2021]: Planting random seeds...

[Info][Sun Oct 03 06:09:35 2021]: Planting random seeds...

[Info][Sun Oct 03 06:09:37 2021]: Planting random seeds...

[Info][Sun Oct 03 06:09:38 2021]: Planting random seeds...

[Info][Sun Oct 03 06:09:39 2021]: Planting random seeds...

[Info][Sun Oct 03 06:09:58 2021]: Planting random seeds...

[Info][Sun Oct 03 06:10:13 2021]: Planting random seeds...

[Info][Sun Oct 03 06:54:40 2021]: > Broadcasted message: "Jamais informe os dados da sua conta em qualquer site que não seja o pokecenter.com, a equipe não da itens ou pokemons.".

[Info][Sun Oct 03 06:54:40 2021]: > Broadcasted message: "Never let the data of your account on any site other than pokecenter.com, the staff not give any item or pokemon.".

[Info][Sun Oct 03 20:30:18 2021]: Planting random seeds...

[Info][Sun Oct 03 20:30:19 2021]: Planting random seeds...

[Info][Sun Oct 03 20:30:25 2021]: Planting random seeds...

[Info][Sun Oct 03 20:30:28 2021]: Planting random seeds...

[Info][Sun Oct 03 20:30:29 2021]: Planting random seeds...

[Info][Sun Oct 03 20:30:31 2021]: Planting random seeds...

[Info][Sun Oct 03 20:30:32 2021]: Planting random seeds...

[Info][Sun Oct 03 20:30:58 2021]: Planting random seeds...

[Info][Sun Oct 03 20:31:17 2021]: Planting random seeds...

[Info][Sun Oct 03 21:15:33 2021]: > Broadcasted message: "Jamais informe os dados da sua conta em qualquer site que não seja o pokecenter.com, a equipe não da itens ou pokemons.".

[Info][Sun Oct 03 21:15:33 2021]: > Broadcasted message: "Never let the data of your account on any site other than pokecenter.com, the staff not give any item or pokemon.".

[Info][Sun Oct 03 22:00:34 2021]: > Broadcasted message: "Pense duas vezes antes de usar qualquer tipo de bot ou hack no seu personagem, isto não será tolerado e seu personagem será deletado. Jogue limpo.".

[Info][Sun Oct 03 22:00:34 2021]: > Broadcasted message: "Think twice before using any bot or hack on your character, it will not be tolerated and your character will be deleted. Play nice.".

[Info][Sun Oct 03 22:45:35 2021]: > Broadcasted message: "Você precisa de alguma informação sobre o jogo? Acesse agora: http://www.pokecenter.com".

[Info][Sun Oct 03 22:45:35 2021]: > Broadcasted message: "Do you need any information about the game? Visit now: http://www.pokecenter.com".

[Info][Sun Oct 03 23:30:36 2021]: > Broadcasted message: "Gostou do jogo? Então comece a divulga-lo agora mesmo! Chame seus amigos para jogar! Assim você se diverte muito mais e ajuda a manter o projeto!".

[Info][Sun Oct 03 23:30:36 2021]: > Broadcasted message: "Did you like the game? Then start to publish it right now! Call your friends to play! So you enjoy a lot more and helps keep the project!".

