[Info][Tue Nov 02 13:27:20 2021]: Planting random seeds...

[Info][Tue Nov 02 13:27:21 2021]: Planting random seeds...

[Info][Tue Nov 02 13:27:26 2021]: Planting random seeds...

[Info][Tue Nov 02 13:27:30 2021]: Planting random seeds...

[Info][Tue Nov 02 13:27:32 2021]: Planting random seeds...

[Info][Tue Nov 02 13:27:33 2021]: Planting random seeds...

[Info][Tue Nov 02 13:27:35 2021]: Planting random seeds...

[Info][Tue Nov 02 13:28:06 2021]: Planting random seeds...

[Info][Tue Nov 02 13:28:20 2021]: Planting random seeds...

[Info][Tue Nov 02 13:30:02 2021]: Planting random seeds...

[Info][Tue Nov 02 13:31:02 2021]: Planting random seeds...

[Info][Tue Nov 02 13:34:53 2021]: Planting random seeds...

[Info][Tue Nov 02 14:05:15 2021]: Planting random seeds...

[Info][Tue Nov 02 14:08:03 2021]: Planting random seeds...

[Info][Tue Nov 02 14:08:21 2021]: Planting random seeds...

[Info][Tue Nov 02 14:10:55 2021]: Planting random seeds...

[Info][Tue Nov 02 14:11:48 2021]: Planting random seeds...

[Info][Tue Nov 02 14:12:21 2021]: Planting random seeds...

[Info][Tue Nov 02 14:12:37 2021]: > Broadcasted message: "Jamais informe os dados da sua conta em qualquer site que não seja o pokecenter.com, a equipe não da itens ou pokemons.".

[Info][Tue Nov 02 14:12:37 2021]: > Broadcasted message: "Never let the data of your account on any site other than pokecenter.com, the staff not give any item or pokemon.".

[Info][Tue Nov 02 14:57:38 2021]: > Broadcasted message: "Pense duas vezes antes de usar qualquer tipo de bot ou hack no seu personagem, isto não será tolerado e seu personagem será deletado. Jogue limpo.".

[Info][Tue Nov 02 14:57:38 2021]: > Broadcasted message: "Think twice before using any bot or hack on your character, it will not be tolerated and your character will be deleted. Play nice.".

[Info][Tue Nov 02 15:42:39 2021]: > Broadcasted message: "Você precisa de alguma informação sobre o jogo? Acesse agora: http://www.pokecenter.com".

[Info][Tue Nov 02 15:42:39 2021]: > Broadcasted message: "Do you need any information about the game? Visit now: http://www.pokecenter.com".

[Info][Tue Nov 02 16:27:40 2021]: > Broadcasted message: "Gostou do jogo? Então comece a divulga-lo agora mesmo! Chame seus amigos para jogar! Assim você se diverte muito mais e ajuda a manter o projeto!".

[Info][Tue Nov 02 16:27:40 2021]: > Broadcasted message: "Did you like the game? Then start to publish it right now! Call your friends to play! So you enjoy a lot more and helps keep the project!".

[Info][Tue Nov 02 17:12:41 2021]: > Broadcasted message: "Nunca coloque os dados de sua conta em qualquer site que não seja o oficial do pokecenter (http://www.pokecenter.com)! Cuide de sua conta!".

[Info][Tue Nov 02 17:12:41 2021]: > Broadcasted message: "Never put your account information at any site other than the official pokecenter (http://www.pokecenter.com)! Take care of your account!".

[Info][Tue Nov 02 17:54:22 2021]: Planting random seeds...

[Info][Tue Nov 02 17:54:32 2021]: Planting random seeds...

[Info][Tue Nov 02 17:54:37 2021]: Planting random seeds...

[Info][Tue Nov 02 17:57:42 2021]: > Broadcasted message: "Fique por dentro das novidades, dê sua opinião e participe do desenvolvimento do jogo! Acesse: http://forum.pokecenter.com/".

[Info][Tue Nov 02 17:57:42 2021]: > Broadcasted message: "Check out the news, give your opinion and participate in the development of the game! Access: http://forum.pokecenter.com/".

[Info][Tue Nov 02 18:06:31 2021]: Planting random seeds...

[Info][Tue Nov 02 18:07:44 2021]: Planting random seeds...

[Info][Tue Nov 02 18:08:50 2021]: Planting random seeds...

[Info][Tue Nov 02 18:08:51 2021]: Planting random seeds...

[Info][Tue Nov 02 18:08:52 2021]: Planting random seeds...

[Info][Tue Nov 02 18:10:53 2021]: Planting random seeds...

[Info][Tue Nov 02 18:10:55 2021]: Planting random seeds...

[Info][Tue Nov 02 18:11:13 2021]: Planting random seeds...

[Info][Tue Nov 02 18:11:17 2021]: Planting random seeds...

[Info][Tue Nov 02 18:11:19 2021]: Planting random seeds...

[Info][Tue Nov 02 18:11:21 2021]: Planting random seeds...

[Info][Tue Nov 02 18:11:22 2021]: Planting random seeds...

[Info][Tue Nov 02 18:13:21 2021]: Planting random seeds...

[Info][Tue Nov 02 18:13:22 2021]: Planting random seeds...

[Info][Tue Nov 02 18:23:32 2021]: Planting random seeds...

[Info][Tue Nov 02 18:23:51 2021]: Planting random seeds...

[Info][Tue Nov 02 18:24:15 2021]: Planting random seeds...

[Info][Tue Nov 02 18:27:00 2021]: Planting random seeds...

[Info][Tue Nov 02 18:30:55 2021]: Planting random seeds...

[Info][Tue Nov 02 18:31:26 2021]: Planting random seeds...

[Info][Tue Nov 02 18:31:48 2021]: Planting random seeds...

[Info][Tue Nov 02 18:32:01 2021]: Planting random seeds...

[Info][Tue Nov 02 18:32:28 2021]: Planting random seeds...

[Info][Tue Nov 02 18:34:25 2021]: Planting random seeds...

[Info][Tue Nov 02 18:34:26 2021]: Planting random seeds...

[Info][Tue Nov 02 18:38:20 2021]: Planting random seeds...

[Info][Tue Nov 02 18:38:40 2021]: Planting random seeds...

[Info][Tue Nov 02 18:42:43 2021]: > Broadcasted message: "Você quer deixar alguma mensagem, comentário ou sugestão para os desenvolvedores do pokecenter? Acesse: http://www.pokecenter.com".

[Info][Tue Nov 02 18:42:44 2021]: > Broadcasted message: "You want to leave a message, comment or suggestion to the pokecenter developers? Visit now: http://www.pokecenter.com".

[Info][Tue Nov 02 18:46:22 2021]: Planting random seeds...

[Info][Tue Nov 02 18:46:42 2021]: Planting random seeds...

[Info][Tue Nov 02 18:47:38 2021]: Planting random seeds...

[Info][Tue Nov 02 18:48:08 2021]: Planting random seeds...

[Info][Tue Nov 02 18:48:56 2021]: Planting random seeds...

[Info][Tue Nov 02 18:49:17 2021]: Planting random seeds...

[Info][Tue Nov 02 18:50:35 2021]: Planting random seeds...

[Info][Tue Nov 02 18:50:37 2021]: Planting random seeds...

[Info][Tue Nov 02 18:52:37 2021]: Planting random seeds...

[Info][Tue Nov 02 18:52:38 2021]: Planting random seeds...

[Info][Tue Nov 02 18:52:39 2021]: Planting random seeds...

[Info][Tue Nov 02 18:56:08 2021]: Planting random seeds...

[Info][Tue Nov 02 18:56:10 2021]: Planting random seeds...

[Info][Tue Nov 02 18:56:11 2021]: Planting random seeds...

[Info][Tue Nov 02 18:58:00 2021]: Planting random seeds...

[Info][Tue Nov 02 18:58:01 2021]: Planting random seeds...

[Info][Tue Nov 02 18:58:02 2021]: Planting random seeds...

[Info][Tue Nov 02 18:59:31 2021]: Planting random seeds...

[Info][Tue Nov 02 18:59:32 2021]: Planting random seeds...

[Info][Tue Nov 02 18:59:33 2021]: Planting random seeds...

[Info][Tue Nov 02 19:01:40 2021]: Planting random seeds...

[Info][Tue Nov 02 19:02:32 2021]: Planting random seeds...

[Info][Tue Nov 02 19:02:56 2021]: Planting random seeds...

[Info][Tue Nov 02 19:02:57 2021]: Planting random seeds...

[Info][Tue Nov 02 19:02:58 2021]: Planting random seeds...

[Info][Tue Nov 02 19:06:24 2021]: Planting random seeds...

[Info][Tue Nov 02 19:06:25 2021]: Planting random seeds...

[Info][Tue Nov 02 19:06:26 2021]: Planting random seeds...

[Info][Tue Nov 02 19:06:57 2021]: Planting random seeds...

[Info][Tue Nov 02 19:06:58 2021]: Planting random seeds...

[Info][Tue Nov 02 19:07:00 2021]: Planting random seeds...

[Info][Tue Nov 02 19:08:29 2021]: Planting random seeds...

[Info][Tue Nov 02 19:08:30 2021]: Planting random seeds...

[Info][Tue Nov 02 19:08:31 2021]: Planting random seeds...

[Info][Tue Nov 02 19:09:04 2021]: Planting random seeds...

[Info][Tue Nov 02 19:09:05 2021]: Planting random seeds...

[Info][Tue Nov 02 19:09:06 2021]: Planting random seeds...

[Info][Tue Nov 02 19:09:47 2021]: Planting random seeds...

[Info][Tue Nov 02 19:09:48 2021]: Planting random seeds...

[Info][Tue Nov 02 19:09:49 2021]: Planting random seeds...

[Info][Tue Nov 02 19:11:01 2021]: Planting random seeds...

[Info][Tue Nov 02 19:11:02 2021]: Planting random seeds...

[Info][Tue Nov 02 19:11:04 2021]: Planting random seeds...

[Info][Tue Nov 02 19:11:12 2021]: Planting random seeds...

[Info][Tue Nov 02 19:11:13 2021]: Planting random seeds...

[Info][Tue Nov 02 19:11:14 2021]: Planting random seeds...

[Info][Tue Nov 02 19:12:41 2021]: Planting random seeds...

[Info][Tue Nov 02 19:12:42 2021]: Planting random seeds...

[Info][Tue Nov 02 19:12:44 2021]: Planting random seeds...

[Info][Tue Nov 02 19:12:44 2021]: Planting random seeds...

[Info][Tue Nov 02 19:14:57 2021]: Planting random seeds...

[Info][Tue Nov 02 19:14:58 2021]: Planting random seeds...

[Info][Tue Nov 02 19:14:59 2021]: Planting random seeds...

[Info][Tue Nov 02 19:16:49 2021]: Planting random seeds...

[Info][Tue Nov 02 19:16:50 2021]: Planting random seeds...

[Info][Tue Nov 02 19:16:51 2021]: Planting random seeds...

[Info][Tue Nov 02 19:23:54 2021]: Planting random seeds...

[Info][Tue Nov 02 19:23:55 2021]: Planting random seeds...

[Info][Tue Nov 02 19:23:56 2021]: Planting random seeds...

[Info][Tue Nov 02 19:24:42 2021]: Planting random seeds...

[Info][Tue Nov 02 19:24:43 2021]: Planting random seeds...

[Info][Tue Nov 02 19:24:44 2021]: Planting random seeds...

[Info][Tue Nov 02 19:27:44 2021]: > Broadcasted message: "Jamais informe os dados da sua conta em qualquer site que não seja o pokecenter.com, a equipe não da itens ou pokemons.".

[Info][Tue Nov 02 19:27:44 2021]: > Broadcasted message: "Never let the data of your account on any site other than pokecenter.com, the staff not give any item or pokemon.".

[Info][Tue Nov 02 19:28:45 2021]: Planting random seeds...

[Info][Tue Nov 02 19:29:11 2021]: Planting random seeds...

[Info][Tue Nov 02 19:29:49 2021]: Planting random seeds...

[Info][Tue Nov 02 19:31:11 2021]: Planting random seeds...

[Info][Tue Nov 02 19:31:13 2021]: Planting random seeds...

[Info][Tue Nov 02 19:31:41 2021]: Planting random seeds...

[Info][Tue Nov 02 19:32:33 2021]: Planting random seeds...

[Info][Tue Nov 02 19:32:45 2021]: Planting random seeds...

[Info][Tue Nov 02 19:33:27 2021]: Planting random seeds...

[Info][Tue Nov 02 19:34:04 2021]: Planting random seeds...

[Info][Tue Nov 02 19:44:13 2021]: Planting random seeds...

[Info][Tue Nov 02 19:44:15 2021]: Planting random seeds...

[Info][Tue Nov 02 19:44:16 2021]: Planting random seeds...

[Info][Tue Nov 02 19:44:17 2021]: Planting random seeds...

[Info][Tue Nov 02 19:45:02 2021]: Planting random seeds...

[Info][Tue Nov 02 19:45:03 2021]: Planting random seeds...

[Info][Tue Nov 02 19:45:04 2021]: Planting random seeds...

[Info][Tue Nov 02 19:45:34 2021]: Planting random seeds...

[Info][Tue Nov 02 19:45:35 2021]: Planting random seeds...

[Info][Tue Nov 02 19:45:36 2021]: Planting random seeds...

[Info][Tue Nov 02 19:46:48 2021]: Planting random seeds...

[Info][Tue Nov 02 19:46:49 2021]: Planting random seeds...

[Info][Tue Nov 02 19:46:50 2021]: Planting random seeds...

[Info][Tue Nov 02 19:47:19 2021]: Planting random seeds...

[Info][Tue Nov 02 19:47:21 2021]: Planting random seeds...

[Info][Tue Nov 02 19:47:22 2021]: Planting random seeds...

[Info][Tue Nov 02 19:47:25 2021]: Planting random seeds...

[Info][Tue Nov 02 19:47:26 2021]: Planting random seeds...

[Info][Tue Nov 02 19:47:27 2021]: Planting random seeds...

[Info][Tue Nov 02 19:48:47 2021]: Planting random seeds...

[Info][Tue Nov 02 19:48:48 2021]: Planting random seeds...

[Info][Tue Nov 02 19:48:49 2021]: Planting random seeds...

[Info][Tue Nov 02 19:48:59 2021]: Planting random seeds...

[Info][Tue Nov 02 19:49:00 2021]: Planting random seeds...

[Info][Tue Nov 02 19:49:01 2021]: Planting random seeds...

[Info][Tue Nov 02 19:49:17 2021]: Planting random seeds...

[Info][Tue Nov 02 19:49:18 2021]: Planting random seeds...

[Info][Tue Nov 02 19:49:19 2021]: Planting random seeds...

[Info][Tue Nov 02 19:49:59 2021]: Planting random seeds...

[Info][Tue Nov 02 19:50:00 2021]: Planting random seeds...

[Info][Tue Nov 02 19:50:01 2021]: Planting random seeds...

[Info][Tue Nov 02 19:50:50 2021]: Planting random seeds...

[Info][Tue Nov 02 19:50:52 2021]: Planting random seeds...

[Info][Tue Nov 02 19:50:53 2021]: Planting random seeds...

[Info][Tue Nov 02 19:50:54 2021]: Planting random seeds...

[Info][Tue Nov 02 19:50:55 2021]: Planting random seeds...

[Info][Tue Nov 02 19:51:43 2021]: Planting random seeds...

[Info][Tue Nov 02 19:51:44 2021]: Planting random seeds...

[Info][Tue Nov 02 19:51:45 2021]: Planting random seeds...

[Info][Tue Nov 02 19:52:19 2021]: Planting random seeds...

[Info][Tue Nov 02 19:52:20 2021]: Planting random seeds...

[Info][Tue Nov 02 19:52:21 2021]: Planting random seeds...

[Info][Tue Nov 02 19:52:47 2021]: Planting random seeds...

[Info][Tue Nov 02 19:52:48 2021]: Planting random seeds...

[Info][Tue Nov 02 19:52:49 2021]: Planting random seeds...

[Info][Tue Nov 02 19:53:13 2021]: Planting random seeds...

[Info][Tue Nov 02 19:53:14 2021]: Planting random seeds...

[Info][Tue Nov 02 19:53:15 2021]: Planting random seeds...

[Info][Tue Nov 02 19:54:35 2021]: Planting random seeds...

[Info][Tue Nov 02 19:54:36 2021]: Planting random seeds...

[Info][Tue Nov 02 19:54:37 2021]: Planting random seeds...

[Info][Tue Nov 02 19:56:27 2021]: Planting random seeds...

[Info][Tue Nov 02 19:56:28 2021]: Planting random seeds...

[Info][Tue Nov 02 19:56:29 2021]: Planting random seeds...

[Info][Tue Nov 02 19:57:29 2021]: Planting random seeds...

[Info][Tue Nov 02 19:57:56 2021]: Planting random seeds...

[Info][Tue Nov 02 19:58:24 2021]: Planting random seeds...

[Info][Tue Nov 02 19:58:35 2021]: Planting random seeds...

[Info][Tue Nov 02 19:59:21 2021]: Planting random seeds...

[Info][Tue Nov 02 19:59:41 2021]: Planting random seeds...

[Info][Tue Nov 02 20:00:26 2021]: Planting random seeds...

[Info][Tue Nov 02 20:00:39 2021]: Planting random seeds...

[Info][Tue Nov 02 20:01:01 2021]: Planting random seeds...

[Info][Tue Nov 02 20:01:30 2021]: Planting random seeds...

[Info][Tue Nov 02 20:01:52 2021]: Planting random seeds...

[Info][Tue Nov 02 20:02:41 2021]: Planting random seeds...

[Info][Tue Nov 02 20:04:08 2021]: Planting random seeds...

[Info][Tue Nov 02 20:05:08 2021]: Planting random seeds...

[Info][Tue Nov 02 20:05:22 2021]: Planting random seeds...

[Info][Tue Nov 02 20:07:28 2021]: Planting random seeds...

[Info][Tue Nov 02 20:07:45 2021]: Planting random seeds...

[Info][Tue Nov 02 20:07:59 2021]: Planting random seeds...

[Info][Tue Nov 02 20:10:19 2021]: Planting random seeds...

[Info][Tue Nov 02 20:10:25 2021]: Planting random seeds...

[Info][Tue Nov 02 20:10:44 2021]: Planting random seeds...

[Info][Tue Nov 02 20:12:45 2021]: > Broadcasted message: "Pense duas vezes antes de usar qualquer tipo de bot ou hack no seu personagem, isto não será tolerado e seu personagem será deletado. Jogue limpo.".

[Info][Tue Nov 02 20:12:45 2021]: > Broadcasted message: "Think twice before using any bot or hack on your character, it will not be tolerated and your character will be deleted. Play nice.".

[Info][Tue Nov 02 20:13:06 2021]: Planting random seeds...

[Info][Tue Nov 02 20:13:38 2021]: Planting random seeds...

[Info][Tue Nov 02 20:14:01 2021]: Planting random seeds...

[Info][Tue Nov 02 20:14:37 2021]: Planting random seeds...

[Info][Tue Nov 02 20:15:40 2021]: Planting random seeds...

[Info][Tue Nov 02 20:16:36 2021]: Planting random seeds...

[Info][Tue Nov 02 20:17:11 2021]: Planting random seeds...

[Info][Tue Nov 02 20:17:13 2021]: Planting random seeds...

[Info][Tue Nov 02 20:17:14 2021]: Planting random seeds...

[Info][Tue Nov 02 20:17:15 2021]: Planting random seeds...

[Info][Tue Nov 02 20:18:06 2021]: Planting random seeds...

[Info][Tue Nov 02 20:18:07 2021]: Planting random seeds...

[Info][Tue Nov 02 20:18:08 2021]: Planting random seeds...

[Info][Tue Nov 02 20:18:24 2021]: Planting random seeds...

[Info][Tue Nov 02 20:18:25 2021]: Planting random seeds...

[Info][Tue Nov 02 20:18:26 2021]: Planting random seeds...

[Info][Tue Nov 02 20:19:40 2021]: Planting random seeds...

[Info][Tue Nov 02 20:19:41 2021]: Planting random seeds...

[Info][Tue Nov 02 20:19:42 2021]: Planting random seeds...

[Info][Tue Nov 02 20:21:14 2021]: Planting random seeds...

[Info][Tue Nov 02 20:21:16 2021]: Planting random seeds...

[Info][Tue Nov 02 20:21:16 2021]: Planting random seeds...

[Info][Tue Nov 02 20:22:25 2021]: Planting random seeds...

[Info][Tue Nov 02 20:22:26 2021]: Planting random seeds...

[Info][Tue Nov 02 20:22:27 2021]: Planting random seeds...

[Info][Tue Nov 02 20:22:40 2021]: Planting random seeds...

[Info][Tue Nov 02 20:22:41 2021]: Planting random seeds...

[Info][Tue Nov 02 20:22:42 2021]: Planting random seeds...

[Info][Tue Nov 02 20:23:06 2021]: Planting random seeds...

[Info][Tue Nov 02 20:23:07 2021]: Planting random seeds...

[Info][Tue Nov 02 20:23:08 2021]: Planting random seeds...

[Info][Tue Nov 02 20:24:31 2021]: Planting random seeds...

[Info][Tue Nov 02 20:29:37 2021]: Planting random seeds...

[Info][Tue Nov 02 20:29:38 2021]: Planting random seeds...

[Info][Tue Nov 02 20:29:39 2021]: Planting random seeds...

[Info][Tue Nov 02 20:30:32 2021]: Planting random seeds...

[Info][Tue Nov 02 20:32:30 2021]: Planting random seeds...

[Info][Tue Nov 02 20:33:09 2021]: Planting random seeds...

[Info][Tue Nov 02 20:33:10 2021]: Planting random seeds...

[Info][Tue Nov 02 20:33:11 2021]: Planting random seeds...

[Info][Tue Nov 02 20:34:45 2021]: Planting random seeds...

[Info][Tue Nov 02 20:34:57 2021]: Planting random seeds...

[Info][Tue Nov 02 20:35:32 2021]: Planting random seeds...

[Info][Tue Nov 02 20:36:52 2021]: Planting random seeds...

[Info][Tue Nov 02 20:37:20 2021]: Planting random seeds...

[Info][Tue Nov 02 20:37:21 2021]: Planting random seeds...

[Info][Tue Nov 02 20:37:43 2021]: Planting random seeds...

[Info][Tue Nov 02 20:39:10 2021]: Planting random seeds...

[Info][Tue Nov 02 20:40:43 2021]: Planting random seeds...

[Info][Tue Nov 02 20:41:09 2021]: Planting random seeds...

[Info][Tue Nov 02 20:41:38 2021]: Planting random seeds...

[Info][Tue Nov 02 20:48:22 2021]: Planting random seeds...

[Info][Tue Nov 02 20:49:39 2021]: Planting random seeds...

[Info][Tue Nov 02 20:50:51 2021]: Planting random seeds...

[Info][Tue Nov 02 20:51:07 2021]: Planting random seeds...

[Info][Tue Nov 02 20:51:36 2021]: Planting random seeds...

[Info][Tue Nov 02 20:52:59 2021]: Planting random seeds...

[Info][Tue Nov 02 20:53:47 2021]: Planting random seeds...

[Info][Tue Nov 02 20:54:06 2021]: Planting random seeds...

[Info][Tue Nov 02 20:54:22 2021]: Planting random seeds...

[Info][Tue Nov 02 20:55:09 2021]: Planting random seeds...

[Info][Tue Nov 02 20:55:10 2021]: Planting random seeds...

[Info][Tue Nov 02 20:55:11 2021]: Planting random seeds...

[Info][Tue Nov 02 20:55:12 2021]: Planting random seeds...

[Info][Tue Nov 02 20:55:35 2021]: Planting random seeds...

[Info][Tue Nov 02 20:55:57 2021]: Planting random seeds...

[Info][Tue Nov 02 20:56:24 2021]: Planting random seeds...

[Info][Tue Nov 02 20:56:44 2021]: Planting random seeds...

[Info][Tue Nov 02 20:57:29 2021]: Planting random seeds...

[Info][Tue Nov 02 20:57:31 2021]: Planting random seeds...

[Info][Tue Nov 02 20:57:46 2021]: > Broadcasted message: "Você precisa de alguma informação sobre o jogo? Acesse agora: http://www.pokecenter.com".

[Info][Tue Nov 02 20:57:46 2021]: > Broadcasted message: "Do you need any information about the game? Visit now: http://www.pokecenter.com".

[Info][Tue Nov 02 20:57:55 2021]: Planting random seeds...

[Info][Tue Nov 02 20:58:39 2021]: Planting random seeds...

[Info][Tue Nov 02 21:01:50 2021]: Planting random seeds...

[Info][Tue Nov 02 21:03:25 2021]: Planting random seeds...

[Info][Tue Nov 02 21:04:21 2021]: Planting random seeds...

[Info][Tue Nov 02 21:23:40 2021]: Planting random seeds...

[Info][Tue Nov 02 22:13:18 2021]: Planting random seeds...

[Info][Tue Nov 02 22:13:19 2021]: Planting random seeds...

[Info][Tue Nov 02 22:13:25 2021]: Planting random seeds...

[Info][Tue Nov 02 22:13:26 2021]: Planting random seeds...

[Info][Tue Nov 02 22:13:27 2021]: Planting random seeds...

[Info][Tue Nov 02 22:13:28 2021]: Planting random seeds...

[Info][Tue Nov 02 22:13:29 2021]: Planting random seeds...

[Info][Tue Nov 02 22:13:58 2021]: Planting random seeds...

[Info][Tue Nov 02 22:14:13 2021]: Planting random seeds...

[Info][Tue Nov 02 22:15:55 2021]: Planting random seeds...

[Info][Tue Nov 02 22:16:40 2021]: Planting random seeds...

[Info][Tue Nov 02 22:17:21 2021]: Planting random seeds...

[Info][Tue Nov 02 22:17:38 2021]: Planting random seeds...

[Info][Tue Nov 02 22:19:03 2021]: Planting random seeds...

[Info][Tue Nov 02 22:20:14 2021]: Planting random seeds...

[Info][Tue Nov 02 22:24:25 2021]: Planting random seeds...

[Info][Tue Nov 02 22:26:31 2021]: Planting random seeds...

[Info][Tue Nov 02 22:26:54 2021]: Planting random seeds...

[Info][Tue Nov 02 22:27:37 2021]: Planting random seeds...

[Info][Tue Nov 02 22:28:29 2021]: Planting random seeds...

[Info][Tue Nov 02 22:29:14 2021]: Planting random seeds...

[Info][Tue Nov 02 22:31:11 2021]: Planting random seeds...

[Info][Tue Nov 02 22:34:25 2021]: Planting random seeds...

[Info][Tue Nov 02 22:34:52 2021]: Planting random seeds...

[Info][Tue Nov 02 22:35:52 2021]: Planting random seeds...

[Info][Tue Nov 02 22:39:01 2021]: Planting random seeds...

[Info][Tue Nov 02 22:40:06 2021]: Planting random seeds...

[Info][Tue Nov 02 22:44:53 2021]: Planting random seeds...

[Info][Tue Nov 02 22:58:30 2021]: > Broadcasted message: "Jamais informe os dados da sua conta em qualquer site que não seja o pokecenter.com, a equipe não da itens ou pokemons.".

[Info][Tue Nov 02 22:58:30 2021]: > Broadcasted message: "Never let the data of your account on any site other than pokecenter.com, the staff not give any item or pokemon.".

[Info][Tue Nov 02 23:00:23 2021]: Planting random seeds...

[Info][Tue Nov 02 23:00:24 2021]: Planting random seeds...

[Info][Tue Nov 02 23:00:25 2021]: Planting random seeds...

[Info][Tue Nov 02 23:00:27 2021]: Planting random seeds...

[Info][Tue Nov 02 23:11:37 2021]: Planting random seeds...

[Info][Tue Nov 02 23:11:39 2021]: Planting random seeds...

[Info][Tue Nov 02 23:11:40 2021]: Planting random seeds...

[Info][Tue Nov 02 23:40:12 2021]: Planting random seeds...

[Info][Tue Nov 02 23:40:20 2021]: Planting random seeds...

[Info][Tue Nov 02 23:40:22 2021]: Planting random seeds...

[Info][Tue Nov 02 23:43:31 2021]: > Broadcasted message: "Pense duas vezes antes de usar qualquer tipo de bot ou hack no seu personagem, isto não será tolerado e seu personagem será deletado. Jogue limpo.".

[Info][Tue Nov 02 23:43:31 2021]: > Broadcasted message: "Think twice before using any bot or hack on your character, it will not be tolerated and your character will be deleted. Play nice.".

[Info][Tue Nov 02 23:51:55 2021]: Planting random seeds...

