[Info][Sun Sep 26 01:43:52 2021]: Planting random seeds...

[Info][Sun Sep 26 01:43:54 2021]: Planting random seeds...

[Info][Sun Sep 26 01:43:56 2021]: Planting random seeds...

[Info][Sun Sep 26 01:43:58 2021]: Planting random seeds...

[Info][Sun Sep 26 01:43:59 2021]: Planting random seeds...

[Info][Sun Sep 26 01:44:00 2021]: Planting random seeds...

[Info][Sun Sep 26 01:44:01 2021]: Planting random seeds...

[Info][Sun Sep 26 01:44:20 2021]: Planting random seeds...

[Info][Sun Sep 26 01:44:31 2021]: Planting random seeds...

[Info][Sun Sep 26 12:28:56 2021]: Planting random seeds...

[Info][Sun Sep 26 12:28:57 2021]: Planting random seeds...

[Info][Sun Sep 26 12:28:59 2021]: Planting random seeds...

[Info][Sun Sep 26 12:29:00 2021]: Planting random seeds...

[Info][Sun Sep 26 12:29:02 2021]: Planting random seeds...

[Info][Sun Sep 26 12:29:03 2021]: Planting random seeds...

[Info][Sun Sep 26 12:29:04 2021]: Planting random seeds...

[Info][Sun Sep 26 12:29:20 2021]: Planting random seeds...

[Info][Sun Sep 26 12:29:31 2021]: Planting random seeds...

[Info][Sun Sep 26 13:14:05 2021]: > Broadcasted message: "Jamais informe os dados da sua conta em qualquer site que não seja o pokecenter.com, a equipe não da itens ou pokemons.".

[Info][Sun Sep 26 13:14:05 2021]: > Broadcasted message: "Never let the data of your account on any site other than pokecenter.com, the staff not give any item or pokemon.".

[Info][Sun Sep 26 13:59:06 2021]: > Broadcasted message: "Pense duas vezes antes de usar qualquer tipo de bot ou hack no seu personagem, isto não será tolerado e seu personagem será deletado. Jogue limpo.".

[Info][Sun Sep 26 13:59:06 2021]: > Broadcasted message: "Think twice before using any bot or hack on your character, it will not be tolerated and your character will be deleted. Play nice.".

[Info][Sun Sep 26 14:44:07 2021]: > Broadcasted message: "Você precisa de alguma informação sobre o jogo? Acesse agora: http://www.pokecenter.com".

[Info][Sun Sep 26 14:44:07 2021]: > Broadcasted message: "Do you need any information about the game? Visit now: http://www.pokecenter.com".

[Info][Sun Sep 26 15:29:08 2021]: > Broadcasted message: "Gostou do jogo? Então comece a divulga-lo agora mesmo! Chame seus amigos para jogar! Assim você se diverte muito mais e ajuda a manter o projeto!".

[Info][Sun Sep 26 15:29:08 2021]: > Broadcasted message: "Did you like the game? Then start to publish it right now! Call your friends to play! So you enjoy a lot more and helps keep the project!".

[Info][Sun Sep 26 16:14:09 2021]: > Broadcasted message: "Nunca coloque os dados de sua conta em qualquer site que não seja o oficial do pokecenter (http://www.pokecenter.com)! Cuide de sua conta!".

[Info][Sun Sep 26 16:14:09 2021]: > Broadcasted message: "Never put your account information at any site other than the official pokecenter (http://www.pokecenter.com)! Take care of your account!".

[Info][Sun Sep 26 16:59:10 2021]: > Broadcasted message: "Fique por dentro das novidades, dê sua opinião e participe do desenvolvimento do jogo! Acesse: http://forum.pokecenter.com/".

[Info][Sun Sep 26 16:59:10 2021]: > Broadcasted message: "Check out the news, give your opinion and participate in the development of the game! Access: http://forum.pokecenter.com/".

[Info][Sun Sep 26 17:44:11 2021]: > Broadcasted message: "Você quer deixar alguma mensagem, comentário ou sugestão para os desenvolvedores do pokecenter? Acesse: http://www.pokecenter.com".

[Info][Sun Sep 26 17:44:11 2021]: > Broadcasted message: "You want to leave a message, comment or suggestion to the pokecenter developers? Visit now: http://www.pokecenter.com".

[Info][Sun Sep 26 18:29:12 2021]: > Broadcasted message: "Jamais informe os dados da sua conta em qualquer site que não seja o pokecenter.com, a equipe não da itens ou pokemons.".

[Info][Sun Sep 26 18:29:12 2021]: > Broadcasted message: "Never let the data of your account on any site other than pokecenter.com, the staff not give any item or pokemon.".

