[Info][Sat Oct 09 00:08:04 2021]: > Broadcasted message: "World Boss: Pokemon seem to be afraid, there's something very wrong going on.".

[Info][Sat Oct 09 00:10:27 2021]: Planting random seeds...

[Info][Sat Oct 09 00:10:36 2021]: Planting random seeds...

[Info][Sat Oct 09 00:15:14 2021]: Planting random seeds...

[Info][Sat Oct 09 00:15:32 2021]: Planting random seeds...

[Info][Sat Oct 09 00:16:19 2021]: Planting random seeds...

[Info][Sat Oct 09 00:16:20 2021]: Planting random seeds...

[Info][Sat Oct 09 00:17:09 2021]: Planting random seeds...

[Info][Sat Oct 09 00:17:29 2021]: > Broadcasted message: "Gostou do jogo? Então comece a divulga-lo agora mesmo! Chame seus amigos para jogar! Assim você se diverte muito mais e ajuda a manter o projeto!".

[Info][Sat Oct 09 00:17:29 2021]: > Broadcasted message: "Did you like the game? Then start to publish it right now! Call your friends to play! So you enjoy a lot more and helps keep the project!".

[Info][Sat Oct 09 00:18:04 2021]: > Broadcasted message: "World Boss: It windmills its arms to slightly boost its punches. Foes have been known to escape in the meantime.".

[Info][Sat Oct 09 00:18:31 2021]: Planting random seeds...

[Info][Sat Oct 09 00:24:18 2021]: Planting random seeds...

[Info][Sat Oct 09 00:24:55 2021]: Planting random seeds...

[Info][Sat Oct 09 00:25:11 2021]: Planting random seeds...

[Info][Sat Oct 09 00:28:04 2021]: > Broadcasted message: "World Boss: It windmills its arms to slightly boost its punches. Foes have been known to escape in the meantime.".

[Info][Sat Oct 09 00:33:31 2021]: Planting random seeds...

[Info][Sat Oct 09 00:35:18 2021]: Planting random seeds...

[Info][Sat Oct 09 00:38:04 2021]: > Broadcasted message: "World Boss: A mysterious force seems to be coming.".

[Info][Sat Oct 09 00:44:15 2021]: Planting random seeds...

[Info][Sat Oct 09 00:44:58 2021]: Planting random seeds...

[Info][Sat Oct 09 00:45:50 2021]: Planting random seeds...

[Info][Sat Oct 09 00:48:04 2021]: > Broadcasted message: "World Boss: Its body constantly discharges electricity. Getting close to it will make your hair stand on end.".

[Info][Sat Oct 09 00:48:09 2021]: Planting random seeds...

[Info][Sat Oct 09 00:48:45 2021]: Planting random seeds...

[Info][Sat Oct 09 00:50:07 2021]: Planting random seeds...

[Info][Sat Oct 09 00:51:15 2021]: Planting random seeds...

[Info][Sat Oct 09 00:53:15 2021]: Planting random seeds...

[Info][Sat Oct 09 00:53:59 2021]: Planting random seeds...

[Info][Sat Oct 09 00:58:04 2021]: > Broadcasted message: "World Boss: If a major power outage occurs, it is certain that this Pokemon has eaten electricity at a power plant.".

[Info][Sat Oct 09 01:02:30 2021]: > Broadcasted message: "Nunca coloque os dados de sua conta em qualquer site que não seja o oficial do pokecenter (http://www.pokecenter.com)! Cuide de sua conta!".

[Info][Sat Oct 09 01:02:30 2021]: > Broadcasted message: "Never put your account information at any site other than the official pokecenter (http://www.pokecenter.com)! Take care of your account!".

[Info][Sat Oct 09 01:08:04 2021]: > Broadcasted message: "World Boss: Suddenly the sea was very choppy.".

[Info][Sat Oct 09 01:18:04 2021]: > Broadcasted message: "World Boss: Its body constantly discharges electricity. Getting close to it will make your hair stand on end.".

[Info][Sat Oct 09 01:28:05 2021]: > Broadcasted message: "World Boss: A mysterious force seems to be coming.".

[Info][Sat Oct 09 01:30:41 2021]: Planting random seeds...

[Info][Sat Oct 09 01:38:05 2021]: > Broadcasted message: "World Boss: Once again he awoke from his deep sleep.".

[Info][Sat Oct 09 01:47:31 2021]: > Broadcasted message: "Fique por dentro das novidades, dê sua opinião e participe do desenvolvimento do jogo! Acesse: http://forum.pokecenter.com/".

[Info][Sat Oct 09 01:47:31 2021]: > Broadcasted message: "Check out the news, give your opinion and participate in the development of the game! Access: http://forum.pokecenter.com/".

[Info][Sat Oct 09 01:48:05 2021]: > Broadcasted message: "World Boss: It windmills its arms to slightly boost its punches. Foes have been known to escape in the meantime.".

[Info][Sat Oct 09 03:33:06 2021]: Planting random seeds...

[Info][Sat Oct 09 03:33:08 2021]: Planting random seeds...

[Info][Sat Oct 09 03:33:14 2021]: Planting random seeds...

[Info][Sat Oct 09 03:33:17 2021]: Planting random seeds...

[Info][Sat Oct 09 03:33:19 2021]: Planting random seeds...

[Info][Sat Oct 09 03:33:20 2021]: Planting random seeds...

[Info][Sat Oct 09 03:33:21 2021]: Planting random seeds...

[Info][Sat Oct 09 03:33:49 2021]: Planting random seeds...

[Info][Sat Oct 09 03:34:02 2021]: Planting random seeds...

[Info][Sat Oct 09 07:59:42 2021]: Planting random seeds...

[Info][Sat Oct 09 07:59:43 2021]: Planting random seeds...

[Info][Sat Oct 09 07:59:45 2021]: Planting random seeds...

[Info][Sat Oct 09 07:59:47 2021]: Planting random seeds...

[Info][Sat Oct 09 07:59:48 2021]: Planting random seeds...

[Info][Sat Oct 09 07:59:49 2021]: Planting random seeds...

[Info][Sat Oct 09 07:59:50 2021]: Planting random seeds...

[Info][Sat Oct 09 08:00:06 2021]: Planting random seeds...

[Info][Sat Oct 09 08:00:17 2021]: Planting random seeds...

[Info][Sat Oct 09 08:10:22 2021]: > Broadcasted message: "aa".

[Info][Sat Oct 09 08:15:48 2021]: Planting random seeds...

[Info][Sat Oct 09 08:16:10 2021]: Planting random seeds...

[Info][Sat Oct 09 08:16:23 2021]: Planting random seeds...

[Info][Sat Oct 09 08:16:34 2021]: Planting random seeds...

[Info][Sat Oct 09 08:18:12 2021]: Planting random seeds...

[Info][Sat Oct 09 08:18:13 2021]: Planting random seeds...

[Info][Sat Oct 09 08:18:15 2021]: Planting random seeds...

[Info][Sat Oct 09 08:18:23 2021]: Planting random seeds...

[Info][Sat Oct 09 08:19:02 2021]: Planting random seeds...

[Info][Sat Oct 09 08:19:05 2021]: Planting random seeds...

[Info][Sat Oct 09 08:20:22 2021]: Planting random seeds...

[Info][Sat Oct 09 08:21:21 2021]: Planting random seeds...

[Info][Sat Oct 09 08:21:22 2021]: Planting random seeds...

[Info][Sat Oct 09 08:21:23 2021]: Planting random seeds...

[Info][Sat Oct 09 08:21:24 2021]: Planting random seeds...

[Info][Sat Oct 09 08:21:25 2021]: Planting random seeds...

[Info][Sat Oct 09 08:21:25 2021]: Planting random seeds...

[Info][Sat Oct 09 08:21:26 2021]: Planting random seeds...

[Info][Sat Oct 09 08:21:37 2021]: Planting random seeds...

[Info][Sat Oct 09 08:21:44 2021]: Planting random seeds...

[Info][Sat Oct 09 08:22:48 2021]: Planting random seeds...

[Info][Sat Oct 09 08:22:52 2021]: Planting random seeds...

[Info][Sat Oct 09 08:22:53 2021]: Planting random seeds...

[Info][Sat Oct 09 08:22:54 2021]: Planting random seeds...

[Info][Sat Oct 09 08:23:31 2021]: Planting random seeds...

[Info][Sat Oct 09 08:23:54 2021]: Planting random seeds...

[Info][Sat Oct 09 08:23:55 2021]: Planting random seeds...

[Info][Sat Oct 09 08:23:56 2021]: Planting random seeds...

[Info][Sat Oct 09 08:25:09 2021]: Planting random seeds...

[Info][Sat Oct 09 08:25:10 2021]: Planting random seeds...

[Info][Sat Oct 09 08:25:11 2021]: Planting random seeds...

[Info][Sat Oct 09 08:25:12 2021]: Planting random seeds...

[Info][Sat Oct 09 08:25:13 2021]: Planting random seeds...

[Info][Sat Oct 09 08:25:14 2021]: Planting random seeds...

[Info][Sat Oct 09 08:25:15 2021]: Planting random seeds...

[Info][Sat Oct 09 08:25:25 2021]: Planting random seeds...

[Info][Sat Oct 09 08:25:31 2021]: Planting random seeds...

[Info][Sat Oct 09 08:26:23 2021]: Planting random seeds...

[Info][Sat Oct 09 08:26:24 2021]: Planting random seeds...

[Info][Sat Oct 09 08:26:25 2021]: Planting random seeds...

[Info][Sat Oct 09 08:26:55 2021]: Planting random seeds...

[Info][Sat Oct 09 08:26:56 2021]: Planting random seeds...

[Info][Sat Oct 09 08:26:57 2021]: Planting random seeds...

[Info][Sat Oct 09 08:31:21 2021]: Planting random seeds...

[Info][Sat Oct 09 08:31:22 2021]: Planting random seeds...

[Info][Sat Oct 09 08:31:24 2021]: Planting random seeds...

[Info][Sat Oct 09 08:31:27 2021]: Planting random seeds...

[Info][Sat Oct 09 08:32:36 2021]: Planting random seeds...

[Info][Sat Oct 09 08:32:37 2021]: Planting random seeds...

[Info][Sat Oct 09 08:32:38 2021]: Planting random seeds...

[Info][Sat Oct 09 08:32:43 2021]: Planting random seeds...

[Info][Sat Oct 09 08:34:27 2021]: Planting random seeds...

[Info][Sat Oct 09 08:34:28 2021]: Planting random seeds...

[Info][Sat Oct 09 08:34:29 2021]: Planting random seeds...

[Info][Sat Oct 09 08:34:30 2021]: Planting random seeds...

[Info][Sat Oct 09 08:34:31 2021]: Planting random seeds...

[Info][Sat Oct 09 08:34:32 2021]: Planting random seeds...

[Info][Sat Oct 09 08:34:32 2021]: Planting random seeds...

[Info][Sat Oct 09 08:34:44 2021]: Planting random seeds...

[Info][Sat Oct 09 08:34:51 2021]: Planting random seeds...

[Info][Sat Oct 09 08:37:02 2021]: Planting random seeds...

[Info][Sat Oct 09 09:19:34 2021]: > Broadcasted message: "Jamais informe os dados da sua conta em qualquer site que não seja o pokecenter.com, a equipe não da itens ou pokemons.".

[Info][Sat Oct 09 09:19:34 2021]: > Broadcasted message: "Never let the data of your account on any site other than pokecenter.com, the staff not give any item or pokemon.".

[Info][Sat Oct 09 09:28:19 2021]: Planting random seeds...

[Info][Sat Oct 09 09:28:20 2021]: Planting random seeds...

[Info][Sat Oct 09 09:28:21 2021]: Planting random seeds...

[Info][Sat Oct 09 09:28:22 2021]: Planting random seeds...

[Info][Sat Oct 09 09:28:23 2021]: Planting random seeds...

[Info][Sat Oct 09 09:28:24 2021]: Planting random seeds...

[Info][Sat Oct 09 09:28:25 2021]: Planting random seeds...

[Info][Sat Oct 09 09:28:35 2021]: Planting random seeds...

[Info][Sat Oct 09 09:28:41 2021]: Planting random seeds...

[Info][Sat Oct 09 10:13:26 2021]: > Broadcasted message: "Jamais informe os dados da sua conta em qualquer site que não seja o pokecenter.com, a equipe não da itens ou pokemons.".

[Info][Sat Oct 09 10:13:26 2021]: > Broadcasted message: "Never let the data of your account on any site other than pokecenter.com, the staff not give any item or pokemon.".

[Info][Sat Oct 09 10:58:27 2021]: > Broadcasted message: "Pense duas vezes antes de usar qualquer tipo de bot ou hack no seu personagem, isto não será tolerado e seu personagem será deletado. Jogue limpo.".

[Info][Sat Oct 09 10:58:27 2021]: > Broadcasted message: "Think twice before using any bot or hack on your character, it will not be tolerated and your character will be deleted. Play nice.".

[Info][Sat Oct 09 11:43:28 2021]: > Broadcasted message: "Você precisa de alguma informação sobre o jogo? Acesse agora: http://www.pokecenter.com".

[Info][Sat Oct 09 11:43:28 2021]: > Broadcasted message: "Do you need any information about the game? Visit now: http://www.pokecenter.com".

