[Info][Mon Sep 20 00:05:40 2021]: > Broadcasted message: "Gostou do jogo? Então comece a divulga-lo agora mesmo! Chame seus amigos para jogar! Assim você se diverte muito mais e ajuda a manter o projeto!".

[Info][Mon Sep 20 00:05:40 2021]: > Broadcasted message: "Did you like the game? Then start to publish it right now! Call your friends to play! So you enjoy a lot more and helps keep the project!".

[Info][Mon Sep 20 00:25:39 2021]: Planting random seeds...

[Info][Mon Sep 20 00:26:11 2021]: Planting random seeds...

[Info][Mon Sep 20 00:32:04 2021]: Planting random seeds...

[Info][Mon Sep 20 00:32:05 2021]: Planting random seeds...

[Info][Mon Sep 20 00:32:06 2021]: Planting random seeds...

[Info][Mon Sep 20 00:32:08 2021]: Planting random seeds...

[Info][Mon Sep 20 00:42:25 2021]: Planting random seeds...

[Info][Mon Sep 20 00:42:26 2021]: Planting random seeds...

[Info][Mon Sep 20 00:42:28 2021]: Planting random seeds...

[Info][Mon Sep 20 00:45:06 2021]: Planting random seeds...

[Info][Mon Sep 20 00:45:08 2021]: Planting random seeds...

[Info][Mon Sep 20 00:45:09 2021]: Planting random seeds...

[Info][Mon Sep 20 00:50:41 2021]: > Broadcasted message: "Nunca coloque os dados de sua conta em qualquer site que não seja o oficial do pokecenter (http://www.pokecenter.com)! Cuide de sua conta!".

[Info][Mon Sep 20 00:50:41 2021]: > Broadcasted message: "Never put your account information at any site other than the official pokecenter (http://www.pokecenter.com)! Take care of your account!".

[Info][Mon Sep 20 00:56:18 2021]: Planting random seeds...

[Info][Mon Sep 20 00:56:20 2021]: Planting random seeds...

[Info][Mon Sep 20 00:56:22 2021]: Planting random seeds...

[Info][Mon Sep 20 01:01:52 2021]: Planting random seeds...

[Info][Mon Sep 20 01:01:54 2021]: Planting random seeds...

[Info][Mon Sep 20 01:01:55 2021]: Planting random seeds...

[Info][Mon Sep 20 01:10:39 2021]: Planting random seeds...

[Info][Mon Sep 20 01:10:41 2021]: Planting random seeds...

[Info][Mon Sep 20 01:10:42 2021]: Planting random seeds...

[Info][Mon Sep 20 01:15:40 2021]: Planting random seeds...

[Info][Mon Sep 20 01:15:41 2021]: Planting random seeds...

[Info][Mon Sep 20 01:15:56 2021]: Planting random seeds...

[Info][Mon Sep 20 01:16:02 2021]: Planting random seeds...

[Info][Mon Sep 20 01:17:53 2021]: Planting random seeds...

[Info][Mon Sep 20 01:17:55 2021]: Planting random seeds...

[Info][Mon Sep 20 01:17:57 2021]: Planting random seeds...

[Info][Mon Sep 20 01:18:44 2021]: Planting random seeds...

[Info][Mon Sep 20 01:18:46 2021]: Planting random seeds...

[Info][Mon Sep 20 01:18:47 2021]: Planting random seeds...

[Info][Mon Sep 20 01:19:29 2021]: Planting random seeds...

[Info][Mon Sep 20 01:19:32 2021]: Planting random seeds...

[Info][Mon Sep 20 01:19:33 2021]: Planting random seeds...

[Info][Mon Sep 20 01:21:46 2021]: Planting random seeds...

[Info][Mon Sep 20 01:21:47 2021]: Planting random seeds...

[Info][Mon Sep 20 01:21:49 2021]: Planting random seeds...

[Info][Mon Sep 20 01:22:07 2021]: Planting random seeds...

[Info][Mon Sep 20 01:22:08 2021]: Planting random seeds...

[Info][Mon Sep 20 01:22:09 2021]: Planting random seeds...

[Info][Mon Sep 20 01:22:11 2021]: Planting random seeds...

[Info][Mon Sep 20 01:24:00 2021]: Planting random seeds...

[Info][Mon Sep 20 01:24:01 2021]: Planting random seeds...

[Info][Mon Sep 20 01:24:04 2021]: Planting random seeds...

[Info][Mon Sep 20 01:29:34 2021]: Planting random seeds...

[Info][Mon Sep 20 01:29:37 2021]: Planting random seeds...

[Info][Mon Sep 20 01:29:38 2021]: Planting random seeds...

[Info][Mon Sep 20 01:35:42 2021]: > Broadcasted message: "Fique por dentro das novidades, dê sua opinião e participe do desenvolvimento do jogo! Acesse: http://forum.pokecenter.com/".

[Info][Mon Sep 20 01:35:42 2021]: > Broadcasted message: "Check out the news, give your opinion and participate in the development of the game! Access: http://forum.pokecenter.com/".

[Info][Mon Sep 20 01:41:55 2021]: Planting random seeds...

[Info][Mon Sep 20 01:41:56 2021]: Planting random seeds...

[Info][Mon Sep 20 01:41:58 2021]: Planting random seeds...

[Info][Mon Sep 20 10:34:08 2021]: Planting random seeds...

[Info][Mon Sep 20 10:34:09 2021]: Planting random seeds...

[Info][Mon Sep 20 10:34:13 2021]: Planting random seeds...

[Info][Mon Sep 20 10:34:15 2021]: Planting random seeds...

[Info][Mon Sep 20 10:34:16 2021]: Planting random seeds...

[Info][Mon Sep 20 10:34:17 2021]: Planting random seeds...

[Info][Mon Sep 20 10:34:18 2021]: Planting random seeds...

[Info][Mon Sep 20 10:34:42 2021]: Planting random seeds...

[Info][Mon Sep 20 10:34:53 2021]: Planting random seeds...

[Info][Mon Sep 20 11:13:00 2021]: Planting random seeds...

[Info][Mon Sep 20 11:19:20 2021]: > Broadcasted message: "Jamais informe os dados da sua conta em qualquer site que não seja o pokecenter.com, a equipe não da itens ou pokemons.".

[Info][Mon Sep 20 11:19:20 2021]: > Broadcasted message: "Never let the data of your account on any site other than pokecenter.com, the staff not give any item or pokemon.".

[Info][Mon Sep 20 11:21:07 2021]: Planting random seeds...

[Info][Mon Sep 20 11:22:28 2021]: Planting random seeds...

[Info][Mon Sep 20 11:23:12 2021]: Planting random seeds...

[Info][Mon Sep 20 11:25:15 2021]: Planting random seeds...

[Info][Mon Sep 20 11:27:40 2021]: Planting random seeds...

[Info][Mon Sep 20 11:28:22 2021]: Planting random seeds...

[Info][Mon Sep 20 11:28:56 2021]: Planting random seeds...

[Info][Mon Sep 20 11:45:03 2021]: Planting random seeds...

[Info][Mon Sep 20 11:45:03 2021]: Planting random seeds...

[Info][Mon Sep 20 11:45:05 2021]: Planting random seeds...

[Info][Mon Sep 20 11:45:06 2021]: Planting random seeds...

[Info][Mon Sep 20 11:45:06 2021]: Planting random seeds...

[Info][Mon Sep 20 11:45:07 2021]: Planting random seeds...

[Info][Mon Sep 20 11:45:08 2021]: Planting random seeds...

[Info][Mon Sep 20 11:45:25 2021]: Planting random seeds...

[Info][Mon Sep 20 11:45:33 2021]: Planting random seeds...

[Info][Mon Sep 20 11:51:05 2021]: Planting random seeds...

[Info][Mon Sep 20 12:13:57 2021]: Planting random seeds...

[Info][Mon Sep 20 12:13:58 2021]: Planting random seeds...

[Info][Mon Sep 20 12:14:00 2021]: Planting random seeds...

[Info][Mon Sep 20 12:14:16 2021]: Planting random seeds...

[Info][Mon Sep 20 12:14:17 2021]: Planting random seeds...

[Info][Mon Sep 20 12:14:19 2021]: Planting random seeds...

[Info][Mon Sep 20 12:30:10 2021]: > Broadcasted message: "Jamais informe os dados da sua conta em qualquer site que não seja o pokecenter.com, a equipe não da itens ou pokemons.".

[Info][Mon Sep 20 12:30:10 2021]: > Broadcasted message: "Never let the data of your account on any site other than pokecenter.com, the staff not give any item or pokemon.".

[Info][Mon Sep 20 12:39:20 2021]: Planting random seeds...

[Info][Mon Sep 20 12:39:21 2021]: Planting random seeds...

[Info][Mon Sep 20 12:39:22 2021]: Planting random seeds...

[Info][Mon Sep 20 12:39:23 2021]: Planting random seeds...

[Info][Mon Sep 20 12:39:24 2021]: Planting random seeds...

[Info][Mon Sep 20 12:39:24 2021]: Planting random seeds...

[Info][Mon Sep 20 12:39:25 2021]: Planting random seeds...

[Info][Mon Sep 20 12:39:35 2021]: Planting random seeds...

[Info][Mon Sep 20 12:39:42 2021]: Planting random seeds...

[Info][Mon Sep 20 13:07:42 2021]: Planting random seeds...

[Info][Mon Sep 20 13:07:43 2021]: Planting random seeds...

[Info][Mon Sep 20 13:07:45 2021]: Planting random seeds...

[Info][Mon Sep 20 13:08:19 2021]: Planting random seeds...

[Info][Mon Sep 20 13:08:20 2021]: Planting random seeds...

[Info][Mon Sep 20 13:08:22 2021]: Planting random seeds...

[Info][Mon Sep 20 13:09:07 2021]: Planting random seeds...

[Info][Mon Sep 20 13:09:09 2021]: Planting random seeds...

[Info][Mon Sep 20 13:09:10 2021]: Planting random seeds...

[Info][Mon Sep 20 13:24:26 2021]: > Broadcasted message: "Jamais informe os dados da sua conta em qualquer site que não seja o pokecenter.com, a equipe não da itens ou pokemons.".

[Info][Mon Sep 20 13:24:26 2021]: > Broadcasted message: "Never let the data of your account on any site other than pokecenter.com, the staff not give any item or pokemon.".

[Info][Mon Sep 20 14:09:27 2021]: > Broadcasted message: "Pense duas vezes antes de usar qualquer tipo de bot ou hack no seu personagem, isto não será tolerado e seu personagem será deletado. Jogue limpo.".

[Info][Mon Sep 20 14:09:27 2021]: > Broadcasted message: "Think twice before using any bot or hack on your character, it will not be tolerated and your character will be deleted. Play nice.".

[Info][Mon Sep 20 14:53:16 2021]: Planting random seeds...

[Info][Mon Sep 20 14:53:17 2021]: Planting random seeds...

[Info][Mon Sep 20 14:53:18 2021]: Planting random seeds...

[Info][Mon Sep 20 14:53:19 2021]: Planting random seeds...

[Info][Mon Sep 20 14:53:19 2021]: Planting random seeds...

[Info][Mon Sep 20 14:53:20 2021]: Planting random seeds...

[Info][Mon Sep 20 14:53:21 2021]: Planting random seeds...

[Info][Mon Sep 20 14:53:31 2021]: Planting random seeds...

[Info][Mon Sep 20 14:53:37 2021]: Planting random seeds...

[Info][Mon Sep 20 15:32:34 2021]: Planting random seeds...

[Info][Mon Sep 20 15:33:04 2021]: Planting random seeds...

[Info][Mon Sep 20 15:33:05 2021]: Planting random seeds...

[Info][Mon Sep 20 15:34:22 2021]: Planting random seeds...

[Info][Mon Sep 20 15:34:23 2021]: Planting random seeds...

[Info][Mon Sep 20 15:34:24 2021]: Planting random seeds...

[Info][Mon Sep 20 15:38:17 2021]: Planting random seeds...

[Info][Mon Sep 20 15:38:22 2021]: > Broadcasted message: "Jamais informe os dados da sua conta em qualquer site que não seja o pokecenter.com, a equipe não da itens ou pokemons.".

[Info][Mon Sep 20 15:38:22 2021]: > Broadcasted message: "Never let the data of your account on any site other than pokecenter.com, the staff not give any item or pokemon.".

