[Info][Tue Sep 14 09:46:18 2021]: Planting random seeds...

[Info][Tue Sep 14 09:46:20 2021]: Planting random seeds...

[Info][Tue Sep 14 09:46:21 2021]: Planting random seeds...

[Info][Tue Sep 14 09:46:23 2021]: Planting random seeds...

[Info][Tue Sep 14 09:46:24 2021]: Planting random seeds...

[Info][Tue Sep 14 09:46:24 2021]: Planting random seeds...

[Info][Tue Sep 14 09:46:25 2021]: Planting random seeds...

[Info][Tue Sep 14 09:46:42 2021]: Planting random seeds...

[Info][Tue Sep 14 09:46:48 2021]: Planting random seeds...

[Info][Tue Sep 14 09:58:47 2021]: Planting random seeds...

[Info][Tue Sep 14 09:59:23 2021]: Planting random seeds...

[Info][Tue Sep 14 10:08:43 2021]: Planting random seeds...

[Info][Tue Sep 14 10:17:28 2021]: Planting random seeds...

[Info][Tue Sep 14 10:17:29 2021]: Planting random seeds...

[Info][Tue Sep 14 10:17:30 2021]: Planting random seeds...

[Info][Tue Sep 14 10:17:31 2021]: Planting random seeds...

[Info][Tue Sep 14 10:17:31 2021]: Planting random seeds...

[Info][Tue Sep 14 10:17:32 2021]: Planting random seeds...

[Info][Tue Sep 14 10:17:33 2021]: Planting random seeds...

[Info][Tue Sep 14 10:17:43 2021]: Planting random seeds...

[Info][Tue Sep 14 10:17:49 2021]: Planting random seeds...

[Info][Tue Sep 14 10:37:36 2021]: Planting random seeds...

[Info][Tue Sep 14 10:37:37 2021]: Planting random seeds...

[Info][Tue Sep 14 10:37:38 2021]: Planting random seeds...

[Info][Tue Sep 14 10:37:39 2021]: Planting random seeds...

[Info][Tue Sep 14 10:37:40 2021]: Planting random seeds...

[Info][Tue Sep 14 10:37:41 2021]: Planting random seeds...

[Info][Tue Sep 14 10:37:42 2021]: Planting random seeds...

[Info][Tue Sep 14 10:37:51 2021]: Planting random seeds...

[Info][Tue Sep 14 10:37:56 2021]: Planting random seeds...

[Info][Tue Sep 14 11:22:43 2021]: > Broadcasted message: "Jamais informe os dados da sua conta em qualquer site que não seja o pokecenter.com, a equipe não da itens ou pokemons.".

[Info][Tue Sep 14 11:22:43 2021]: > Broadcasted message: "Never let the data of your account on any site other than pokecenter.com, the staff not give any item or pokemon.".

[Info][Tue Sep 14 11:39:09 2021]: Planting random seeds...

[Info][Tue Sep 14 11:39:10 2021]: Planting random seeds...

[Info][Tue Sep 14 11:39:11 2021]: Planting random seeds...

[Info][Tue Sep 14 11:39:12 2021]: Planting random seeds...

[Info][Tue Sep 14 11:39:13 2021]: Planting random seeds...

[Info][Tue Sep 14 11:39:13 2021]: Planting random seeds...

[Info][Tue Sep 14 11:39:14 2021]: Planting random seeds...

[Info][Tue Sep 14 11:39:24 2021]: Planting random seeds...

[Info][Tue Sep 14 11:39:31 2021]: Planting random seeds...

[Info][Tue Sep 14 11:42:56 2021]: Planting random seeds...

[Info][Tue Sep 14 11:42:57 2021]: Planting random seeds...

[Info][Tue Sep 14 11:42:58 2021]: Planting random seeds...

[Info][Tue Sep 14 11:42:58 2021]: Planting random seeds...

[Info][Tue Sep 14 11:42:59 2021]: Planting random seeds...

[Info][Tue Sep 14 11:43:00 2021]: Planting random seeds...

[Info][Tue Sep 14 11:43:01 2021]: Planting random seeds...

[Info][Tue Sep 14 11:43:11 2021]: Planting random seeds...

[Info][Tue Sep 14 11:43:16 2021]: Planting random seeds...

[Info][Tue Sep 14 11:45:05 2021]: Planting random seeds...

[Info][Tue Sep 14 11:53:04 2021]: Planting random seeds...

[Info][Tue Sep 14 11:58:47 2021]: Planting random seeds...

[Info][Tue Sep 14 11:59:27 2021]: Planting random seeds...

[Info][Tue Sep 14 12:02:28 2021]: Planting random seeds...

[Info][Tue Sep 14 12:05:27 2021]: Planting random seeds...

[Info][Tue Sep 14 12:09:15 2021]: Planting random seeds...

[Info][Tue Sep 14 12:28:02 2021]: > Broadcasted message: "Jamais informe os dados da sua conta em qualquer site que não seja o pokecenter.com, a equipe não da itens ou pokemons.".

[Info][Tue Sep 14 12:28:02 2021]: > Broadcasted message: "Never let the data of your account on any site other than pokecenter.com, the staff not give any item or pokemon.".

[Info][Tue Sep 14 13:13:03 2021]: > Broadcasted message: "Pense duas vezes antes de usar qualquer tipo de bot ou hack no seu personagem, isto não será tolerado e seu personagem será deletado. Jogue limpo.".

[Info][Tue Sep 14 13:13:03 2021]: > Broadcasted message: "Think twice before using any bot or hack on your character, it will not be tolerated and your character will be deleted. Play nice.".

[Info][Tue Sep 14 13:58:04 2021]: > Broadcasted message: "Você precisa de alguma informação sobre o jogo? Acesse agora: http://www.pokecenter.com".

[Info][Tue Sep 14 13:58:04 2021]: > Broadcasted message: "Do you need any information about the game? Visit now: http://www.pokecenter.com".

[Info][Tue Sep 14 14:17:23 2021]: Planting random seeds...

[Info][Tue Sep 14 14:17:24 2021]: Planting random seeds...

[Info][Tue Sep 14 14:17:25 2021]: Planting random seeds...

[Info][Tue Sep 14 14:17:26 2021]: Planting random seeds...

[Info][Tue Sep 14 14:17:27 2021]: Planting random seeds...

[Info][Tue Sep 14 14:17:27 2021]: Planting random seeds...

[Info][Tue Sep 14 14:17:28 2021]: Planting random seeds...

[Info][Tue Sep 14 14:17:38 2021]: Planting random seeds...

[Info][Tue Sep 14 14:17:43 2021]: Planting random seeds...

[Info][Tue Sep 14 14:33:55 2021]: Planting random seeds...

[Info][Tue Sep 14 14:34:42 2021]: Planting random seeds...

[Info][Tue Sep 14 14:35:53 2021]: Planting random seeds...

[Info][Tue Sep 14 14:50:26 2021]: Planting random seeds...

[Info][Tue Sep 14 15:02:29 2021]: > Broadcasted message: "Jamais informe os dados da sua conta em qualquer site que não seja o pokecenter.com, a equipe não da itens ou pokemons.".

[Info][Tue Sep 14 15:02:29 2021]: > Broadcasted message: "Never let the data of your account on any site other than pokecenter.com, the staff not give any item or pokemon.".

[Info][Tue Sep 14 15:47:30 2021]: > Broadcasted message: "Pense duas vezes antes de usar qualquer tipo de bot ou hack no seu personagem, isto não será tolerado e seu personagem será deletado. Jogue limpo.".

[Info][Tue Sep 14 15:47:30 2021]: > Broadcasted message: "Think twice before using any bot or hack on your character, it will not be tolerated and your character will be deleted. Play nice.".

[Info][Tue Sep 14 16:32:31 2021]: > Broadcasted message: "Você precisa de alguma informação sobre o jogo? Acesse agora: http://www.pokecenter.com".

[Info][Tue Sep 14 16:32:31 2021]: > Broadcasted message: "Do you need any information about the game? Visit now: http://www.pokecenter.com".

