[Info][Thu Oct 07 00:05:30 2021]: > Broadcasted message: "Jamais informe os dados da sua conta em qualquer site que não seja o pokecenter.com, a equipe não da itens ou pokemons.".

[Info][Thu Oct 07 00:05:30 2021]: > Broadcasted message: "Never let the data of your account on any site other than pokecenter.com, the staff not give any item or pokemon.".

[Info][Thu Oct 07 00:50:31 2021]: > Broadcasted message: "Pense duas vezes antes de usar qualquer tipo de bot ou hack no seu personagem, isto não será tolerado e seu personagem será deletado. Jogue limpo.".

[Info][Thu Oct 07 00:50:31 2021]: > Broadcasted message: "Think twice before using any bot or hack on your character, it will not be tolerated and your character will be deleted. Play nice.".

[Info][Thu Oct 07 01:14:06 2021]: Planting random seeds...

[Info][Thu Oct 07 14:29:24 2021]: Planting random seeds...

[Info][Thu Oct 07 14:29:26 2021]: Planting random seeds...

[Info][Thu Oct 07 14:29:34 2021]: Planting random seeds...

[Info][Thu Oct 07 14:29:38 2021]: Planting random seeds...

[Info][Thu Oct 07 14:29:40 2021]: Planting random seeds...

[Info][Thu Oct 07 14:29:42 2021]: Planting random seeds...

[Info][Thu Oct 07 14:29:44 2021]: Planting random seeds...

[Info][Thu Oct 07 14:30:22 2021]: Planting random seeds...

[Info][Thu Oct 07 14:30:40 2021]: Planting random seeds...

[Info][Thu Oct 07 14:53:57 2021]: Planting random seeds...

[Info][Thu Oct 07 14:53:58 2021]: Planting random seeds...

[Info][Thu Oct 07 14:54:00 2021]: Planting random seeds...

[Info][Thu Oct 07 15:14:45 2021]: > Broadcasted message: "Jamais informe os dados da sua conta em qualquer site que não seja o pokecenter.com, a equipe não da itens ou pokemons.".

[Info][Thu Oct 07 15:14:45 2021]: > Broadcasted message: "Never let the data of your account on any site other than pokecenter.com, the staff not give any item or pokemon.".

[Info][Thu Oct 07 20:58:50 2021]: Planting random seeds...

[Info][Thu Oct 07 20:58:51 2021]: Planting random seeds...

[Info][Thu Oct 07 20:58:57 2021]: Planting random seeds...

[Info][Thu Oct 07 20:58:59 2021]: Planting random seeds...

[Info][Thu Oct 07 20:59:01 2021]: Planting random seeds...

[Info][Thu Oct 07 20:59:02 2021]: Planting random seeds...

[Info][Thu Oct 07 20:59:04 2021]: Planting random seeds...

[Info][Thu Oct 07 20:59:33 2021]: Planting random seeds...

[Info][Thu Oct 07 20:59:47 2021]: Planting random seeds...

[Info][Thu Oct 07 21:44:05 2021]: > Broadcasted message: "Jamais informe os dados da sua conta em qualquer site que não seja o pokecenter.com, a equipe não da itens ou pokemons.".

[Info][Thu Oct 07 21:44:05 2021]: > Broadcasted message: "Never let the data of your account on any site other than pokecenter.com, the staff not give any item or pokemon.".

[Info][Thu Oct 07 22:29:06 2021]: > Broadcasted message: "Pense duas vezes antes de usar qualquer tipo de bot ou hack no seu personagem, isto não será tolerado e seu personagem será deletado. Jogue limpo.".

[Info][Thu Oct 07 22:29:06 2021]: > Broadcasted message: "Think twice before using any bot or hack on your character, it will not be tolerated and your character will be deleted. Play nice.".

[Info][Thu Oct 07 23:14:07 2021]: > Broadcasted message: "Você precisa de alguma informação sobre o jogo? Acesse agora: http://www.pokecenter.com".

[Info][Thu Oct 07 23:14:07 2021]: > Broadcasted message: "Do you need any information about the game? Visit now: http://www.pokecenter.com".

[Info][Thu Oct 07 23:59:08 2021]: > Broadcasted message: "Gostou do jogo? Então comece a divulga-lo agora mesmo! Chame seus amigos para jogar! Assim você se diverte muito mais e ajuda a manter o projeto!".

[Info][Thu Oct 07 23:59:08 2021]: > Broadcasted message: "Did you like the game? Then start to publish it right now! Call your friends to play! So you enjoy a lot more and helps keep the project!".

