[Info][Thu Nov 04 11:14:30 2021]: Planting random seeds...

[Info][Thu Nov 04 11:14:31 2021]: Planting random seeds...

[Info][Thu Nov 04 11:14:35 2021]: Planting random seeds...

[Info][Thu Nov 04 11:14:37 2021]: Planting random seeds...

[Info][Thu Nov 04 11:14:39 2021]: Planting random seeds...

[Info][Thu Nov 04 11:14:40 2021]: Planting random seeds...

[Info][Thu Nov 04 11:14:41 2021]: Planting random seeds...

[Info][Thu Nov 04 11:15:10 2021]: Planting random seeds...

[Info][Thu Nov 04 11:15:28 2021]: Planting random seeds...

[Info][Thu Nov 04 11:20:40 2021]: Planting random seeds...

[Info][Thu Nov 04 11:20:41 2021]: Planting random seeds...

[Info][Thu Nov 04 11:20:42 2021]: Planting random seeds...

[Info][Thu Nov 04 11:24:46 2021]: Planting random seeds...

[Info][Thu Nov 04 11:24:47 2021]: Planting random seeds...

[Info][Thu Nov 04 11:24:48 2021]: Planting random seeds...

[Info][Thu Nov 04 11:24:49 2021]: Planting random seeds...

[Info][Thu Nov 04 11:24:50 2021]: Planting random seeds...

[Info][Thu Nov 04 11:24:51 2021]: Planting random seeds...

[Info][Thu Nov 04 11:24:52 2021]: Planting random seeds...

[Info][Thu Nov 04 11:25:02 2021]: Planting random seeds...

[Info][Thu Nov 04 11:25:08 2021]: Planting random seeds...

[Info][Thu Nov 04 11:39:01 2021]: Planting random seeds...

[Info][Thu Nov 04 11:40:34 2021]: Planting random seeds...

[Info][Thu Nov 04 11:40:35 2021]: Planting random seeds...

[Info][Thu Nov 04 11:40:36 2021]: Planting random seeds...

[Info][Thu Nov 04 11:40:37 2021]: Planting random seeds...

[Info][Thu Nov 04 11:40:38 2021]: Planting random seeds...

[Info][Thu Nov 04 11:40:38 2021]: Planting random seeds...

[Info][Thu Nov 04 11:40:39 2021]: Planting random seeds...

[Info][Thu Nov 04 11:40:49 2021]: Planting random seeds...

[Info][Thu Nov 04 11:40:56 2021]: Planting random seeds...

[Info][Thu Nov 04 11:43:38 2021]: Planting random seeds...

[Info][Thu Nov 04 11:43:51 2021]: Planting random seeds...

[Info][Thu Nov 04 11:43:52 2021]: Planting random seeds...

[Info][Thu Nov 04 11:43:53 2021]: Planting random seeds...

[Info][Thu Nov 04 11:43:54 2021]: Planting random seeds...

[Info][Thu Nov 04 11:43:55 2021]: Planting random seeds...

[Info][Thu Nov 04 11:43:56 2021]: Planting random seeds...

[Info][Thu Nov 04 11:43:57 2021]: Planting random seeds...

[Info][Thu Nov 04 11:44:07 2021]: Planting random seeds...

[Info][Thu Nov 04 11:44:12 2021]: Planting random seeds...

[Info][Thu Nov 04 12:28:58 2021]: > Broadcasted message: "Jamais informe os dados da sua conta em qualquer site que não seja o pokecenter.com, a equipe não da itens ou pokemons.".

[Info][Thu Nov 04 12:28:58 2021]: > Broadcasted message: "Never let the data of your account on any site other than pokecenter.com, the staff not give any item or pokemon.".

[Info][Thu Nov 04 13:14:00 2021]: > Broadcasted message: "Pense duas vezes antes de usar qualquer tipo de bot ou hack no seu personagem, isto não será tolerado e seu personagem será deletado. Jogue limpo.".

[Info][Thu Nov 04 13:14:00 2021]: > Broadcasted message: "Think twice before using any bot or hack on your character, it will not be tolerated and your character will be deleted. Play nice.".

[Info][Thu Nov 04 13:59:01 2021]: > Broadcasted message: "Você precisa de alguma informação sobre o jogo? Acesse agora: http://www.pokecenter.com".

[Info][Thu Nov 04 13:59:01 2021]: > Broadcasted message: "Do you need any information about the game? Visit now: http://www.pokecenter.com".

[Info][Thu Nov 04 15:14:55 2021]: Planting random seeds...

[Info][Thu Nov 04 15:14:56 2021]: Planting random seeds...

[Info][Thu Nov 04 15:14:57 2021]: Planting random seeds...

[Info][Thu Nov 04 15:14:58 2021]: Planting random seeds...

[Info][Thu Nov 04 15:14:59 2021]: Planting random seeds...

[Info][Thu Nov 04 15:15:00 2021]: Planting random seeds...

[Info][Thu Nov 04 15:15:00 2021]: Planting random seeds...

[Info][Thu Nov 04 15:15:10 2021]: Planting random seeds...

[Info][Thu Nov 04 15:15:17 2021]: Planting random seeds...

[Info][Thu Nov 04 16:00:02 2021]: > Broadcasted message: "Jamais informe os dados da sua conta em qualquer site que não seja o pokecenter.com, a equipe não da itens ou pokemons.".

[Info][Thu Nov 04 16:00:02 2021]: > Broadcasted message: "Never let the data of your account on any site other than pokecenter.com, the staff not give any item or pokemon.".

[Info][Thu Nov 04 16:40:07 2021]: Planting random seeds...

[Info][Thu Nov 04 16:40:08 2021]: Planting random seeds...

[Info][Thu Nov 04 16:40:09 2021]: Planting random seeds...

[Info][Thu Nov 04 16:44:05 2021]: Planting random seeds...

[Info][Thu Nov 04 16:44:06 2021]: Planting random seeds...

[Info][Thu Nov 04 16:44:07 2021]: Planting random seeds...

[Info][Thu Nov 04 16:44:45 2021]: Planting random seeds...

[Info][Thu Nov 04 16:44:46 2021]: Planting random seeds...

[Info][Thu Nov 04 16:44:47 2021]: Planting random seeds...

[Info][Thu Nov 04 16:44:48 2021]: Planting random seeds...

[Info][Thu Nov 04 16:44:49 2021]: Planting random seeds...

[Info][Thu Nov 04 16:44:50 2021]: Planting random seeds...

[Info][Thu Nov 04 16:44:51 2021]: Planting random seeds...

[Info][Thu Nov 04 16:45:14 2021]: Planting random seeds...

[Info][Thu Nov 04 16:45:29 2021]: Planting random seeds...

[Info][Thu Nov 04 17:00:44 2021]: Planting random seeds...

[Info][Thu Nov 04 17:00:45 2021]: Planting random seeds...

[Info][Thu Nov 04 17:00:46 2021]: Planting random seeds...

[Info][Thu Nov 04 17:06:03 2021]: Planting random seeds...

[Info][Thu Nov 04 17:06:04 2021]: Planting random seeds...

[Info][Thu Nov 04 17:06:05 2021]: Planting random seeds...

[Info][Thu Nov 04 17:06:06 2021]: Planting random seeds...

[Info][Thu Nov 04 17:06:07 2021]: Planting random seeds...

[Info][Thu Nov 04 17:06:08 2021]: Planting random seeds...

[Info][Thu Nov 04 17:06:09 2021]: Planting random seeds...

[Info][Thu Nov 04 17:06:30 2021]: Planting random seeds...

[Info][Thu Nov 04 17:06:42 2021]: Planting random seeds...

[Info][Thu Nov 04 17:15:59 2021]: Planting random seeds...

[Info][Thu Nov 04 17:16:00 2021]: Planting random seeds...

[Info][Thu Nov 04 17:16:01 2021]: Planting random seeds...

[Info][Thu Nov 04 17:17:44 2021]: Planting random seeds...

[Info][Thu Nov 04 17:17:46 2021]: Planting random seeds...

[Info][Thu Nov 04 17:17:46 2021]: Planting random seeds...

[Info][Thu Nov 04 17:51:10 2021]: > Broadcasted message: "Jamais informe os dados da sua conta em qualquer site que não seja o pokecenter.com, a equipe não da itens ou pokemons.".

[Info][Thu Nov 04 17:51:10 2021]: > Broadcasted message: "Never let the data of your account on any site other than pokecenter.com, the staff not give any item or pokemon.".

[Info][Thu Nov 04 18:36:11 2021]: > Broadcasted message: "Pense duas vezes antes de usar qualquer tipo de bot ou hack no seu personagem, isto não será tolerado e seu personagem será deletado. Jogue limpo.".

[Info][Thu Nov 04 18:36:11 2021]: > Broadcasted message: "Think twice before using any bot or hack on your character, it will not be tolerated and your character will be deleted. Play nice.".

[Info][Thu Nov 04 19:21:12 2021]: > Broadcasted message: "Você precisa de alguma informação sobre o jogo? Acesse agora: http://www.pokecenter.com".

[Info][Thu Nov 04 19:21:12 2021]: > Broadcasted message: "Do you need any information about the game? Visit now: http://www.pokecenter.com".

