[Info][Sun Sep 19 02:00:00 2021]: Planting random seeds...

[Info][Sun Sep 19 02:00:01 2021]: Planting random seeds...

[Info][Sun Sep 19 02:00:03 2021]: Planting random seeds...

[Info][Sun Sep 19 02:00:04 2021]: Planting random seeds...

[Info][Sun Sep 19 02:00:05 2021]: Planting random seeds...

[Info][Sun Sep 19 02:00:06 2021]: Planting random seeds...

[Info][Sun Sep 19 02:00:08 2021]: Planting random seeds...

[Info][Sun Sep 19 02:00:25 2021]: Planting random seeds...

[Info][Sun Sep 19 02:00:41 2021]: Planting random seeds...

[Info][Sun Sep 19 12:01:41 2021]: Planting random seeds...

[Info][Sun Sep 19 12:01:43 2021]: Planting random seeds...

[Info][Sun Sep 19 12:01:48 2021]: Planting random seeds...

[Info][Sun Sep 19 12:01:51 2021]: Planting random seeds...

[Info][Sun Sep 19 12:01:53 2021]: Planting random seeds...

[Info][Sun Sep 19 12:01:54 2021]: Planting random seeds...

[Info][Sun Sep 19 12:01:55 2021]: Planting random seeds...

[Info][Sun Sep 19 12:02:22 2021]: Planting random seeds...

[Info][Sun Sep 19 12:02:34 2021]: Planting random seeds...

[Info][Sun Sep 19 16:35:42 2021]: Planting random seeds...

[Info][Sun Sep 19 16:35:43 2021]: Planting random seeds...

[Info][Sun Sep 19 16:35:47 2021]: Planting random seeds...

[Info][Sun Sep 19 16:35:50 2021]: Planting random seeds...

[Info][Sun Sep 19 16:35:51 2021]: Planting random seeds...

[Info][Sun Sep 19 16:35:52 2021]: Planting random seeds...

[Info][Sun Sep 19 16:35:54 2021]: Planting random seeds...

[Info][Sun Sep 19 16:36:17 2021]: Planting random seeds...

[Info][Sun Sep 19 16:36:28 2021]: Planting random seeds...

[Info][Sun Sep 19 17:20:55 2021]: > Broadcasted message: "Jamais informe os dados da sua conta em qualquer site que não seja o pokecenter.com, a equipe não da itens ou pokemons.".

[Info][Sun Sep 19 17:20:55 2021]: > Broadcasted message: "Never let the data of your account on any site other than pokecenter.com, the staff not give any item or pokemon.".

[Info][Sun Sep 19 21:05:29 2021]: Planting random seeds...

[Info][Sun Sep 19 21:05:30 2021]: Planting random seeds...

[Info][Sun Sep 19 21:05:32 2021]: Planting random seeds...

[Info][Sun Sep 19 21:05:33 2021]: Planting random seeds...

[Info][Sun Sep 19 21:05:34 2021]: Planting random seeds...

[Info][Sun Sep 19 21:05:35 2021]: Planting random seeds...

[Info][Sun Sep 19 21:05:36 2021]: Planting random seeds...

[Info][Sun Sep 19 21:05:52 2021]: Planting random seeds...

[Info][Sun Sep 19 21:06:00 2021]: Planting random seeds...

[Info][Sun Sep 19 21:50:37 2021]: > Broadcasted message: "Jamais informe os dados da sua conta em qualquer site que não seja o pokecenter.com, a equipe não da itens ou pokemons.".

[Info][Sun Sep 19 21:50:37 2021]: > Broadcasted message: "Never let the data of your account on any site other than pokecenter.com, the staff not give any item or pokemon.".

[Info][Sun Sep 19 22:35:38 2021]: > Broadcasted message: "Pense duas vezes antes de usar qualquer tipo de bot ou hack no seu personagem, isto não será tolerado e seu personagem será deletado. Jogue limpo.".

[Info][Sun Sep 19 22:35:38 2021]: > Broadcasted message: "Think twice before using any bot or hack on your character, it will not be tolerated and your character will be deleted. Play nice.".

[Info][Sun Sep 19 23:20:39 2021]: > Broadcasted message: "Você precisa de alguma informação sobre o jogo? Acesse agora: http://www.pokecenter.com".

[Info][Sun Sep 19 23:20:39 2021]: > Broadcasted message: "Do you need any information about the game? Visit now: http://www.pokecenter.com".

[Info][Sun Sep 19 23:39:21 2021]: Planting random seeds...

[Info][Sun Sep 19 23:39:36 2021]: Planting random seeds...

[Info][Sun Sep 19 23:46:31 2021]: Planting random seeds...

[Info][Sun Sep 19 23:56:31 2021]: Planting random seeds...

