[Info][Fri Nov 05 14:54:50 2021]: Planting random seeds...

[Info][Fri Nov 05 14:54:51 2021]: Planting random seeds...

[Info][Fri Nov 05 14:54:57 2021]: Planting random seeds...

[Info][Fri Nov 05 14:55:01 2021]: Planting random seeds...

[Info][Fri Nov 05 14:55:03 2021]: Planting random seeds...

[Info][Fri Nov 05 14:55:04 2021]: Planting random seeds...

[Info][Fri Nov 05 14:55:06 2021]: Planting random seeds...

[Info][Fri Nov 05 14:55:35 2021]: Planting random seeds...

[Info][Fri Nov 05 14:55:50 2021]: Planting random seeds...

[Info][Fri Nov 05 15:40:07 2021]: > Broadcasted message: "Jamais informe os dados da sua conta em qualquer site que não seja o pokecenter.com, a equipe não da itens ou pokemons.".

[Info][Fri Nov 05 15:40:07 2021]: > Broadcasted message: "Never let the data of your account on any site other than pokecenter.com, the staff not give any item or pokemon.".

[Info][Fri Nov 05 16:25:08 2021]: > Broadcasted message: "Pense duas vezes antes de usar qualquer tipo de bot ou hack no seu personagem, isto não será tolerado e seu personagem será deletado. Jogue limpo.".

[Info][Fri Nov 05 16:25:08 2021]: > Broadcasted message: "Think twice before using any bot or hack on your character, it will not be tolerated and your character will be deleted. Play nice.".

[Info][Fri Nov 05 16:49:22 2021]: Planting random seeds...

[Info][Fri Nov 05 16:49:23 2021]: Planting random seeds...

[Info][Fri Nov 05 16:49:26 2021]: Planting random seeds...

[Info][Fri Nov 05 16:49:28 2021]: Planting random seeds...

[Info][Fri Nov 05 16:49:29 2021]: Planting random seeds...

[Info][Fri Nov 05 16:49:30 2021]: Planting random seeds...

[Info][Fri Nov 05 16:49:31 2021]: Planting random seeds...

[Info][Fri Nov 05 16:49:50 2021]: Planting random seeds...

[Info][Fri Nov 05 16:49:59 2021]: Planting random seeds...

[Info][Fri Nov 05 16:54:27 2021]: Planting random seeds...

[Info][Fri Nov 05 16:54:28 2021]: Planting random seeds...

[Info][Fri Nov 05 16:54:29 2021]: Planting random seeds...

[Info][Fri Nov 05 16:54:30 2021]: Planting random seeds...

[Info][Fri Nov 05 16:54:31 2021]: Planting random seeds...

[Info][Fri Nov 05 16:54:32 2021]: Planting random seeds...

[Info][Fri Nov 05 16:54:33 2021]: Planting random seeds...

[Info][Fri Nov 05 16:54:43 2021]: Planting random seeds...

[Info][Fri Nov 05 16:54:49 2021]: Planting random seeds...

[Info][Fri Nov 05 17:02:38 2021]: Planting random seeds...

[Info][Fri Nov 05 17:02:39 2021]: Planting random seeds...

[Info][Fri Nov 05 17:02:40 2021]: Planting random seeds...

[Info][Fri Nov 05 17:02:41 2021]: Planting random seeds...

[Info][Fri Nov 05 17:02:42 2021]: Planting random seeds...

[Info][Fri Nov 05 17:02:43 2021]: Planting random seeds...

[Info][Fri Nov 05 17:02:44 2021]: Planting random seeds...

[Info][Fri Nov 05 17:02:54 2021]: Planting random seeds...

[Info][Fri Nov 05 17:03:00 2021]: Planting random seeds...

[Info][Fri Nov 05 17:08:09 2021]: Planting random seeds...

[Info][Fri Nov 05 17:08:10 2021]: Planting random seeds...

[Info][Fri Nov 05 17:08:11 2021]: Planting random seeds...

[Info][Fri Nov 05 17:08:12 2021]: Planting random seeds...

[Info][Fri Nov 05 17:08:12 2021]: Planting random seeds...

[Info][Fri Nov 05 17:08:13 2021]: Planting random seeds...

[Info][Fri Nov 05 17:08:14 2021]: Planting random seeds...

[Info][Fri Nov 05 17:08:24 2021]: Planting random seeds...

[Info][Fri Nov 05 17:08:30 2021]: Planting random seeds...

[Info][Fri Nov 05 17:25:01 2021]: Planting random seeds...

[Info][Fri Nov 05 17:25:02 2021]: Planting random seeds...

[Info][Fri Nov 05 17:25:03 2021]: Planting random seeds...

[Info][Fri Nov 05 17:25:04 2021]: Planting random seeds...

[Info][Fri Nov 05 17:25:05 2021]: Planting random seeds...

[Info][Fri Nov 05 17:25:06 2021]: Planting random seeds...

[Info][Fri Nov 05 17:25:07 2021]: Planting random seeds...

[Info][Fri Nov 05 17:25:17 2021]: Planting random seeds...

[Info][Fri Nov 05 17:25:22 2021]: Planting random seeds...

[Info][Fri Nov 05 17:34:37 2021]: Planting random seeds...

[Info][Fri Nov 05 17:34:38 2021]: Planting random seeds...

[Info][Fri Nov 05 17:34:39 2021]: Planting random seeds...

[Info][Fri Nov 05 17:38:54 2021]: Planting random seeds...

[Info][Fri Nov 05 17:38:55 2021]: Planting random seeds...

[Info][Fri Nov 05 17:38:55 2021]: Planting random seeds...

[Info][Fri Nov 05 17:38:56 2021]: Planting random seeds...

[Info][Fri Nov 05 17:38:57 2021]: Planting random seeds...

[Info][Fri Nov 05 17:38:58 2021]: Planting random seeds...

[Info][Fri Nov 05 17:38:59 2021]: Planting random seeds...

[Info][Fri Nov 05 17:39:10 2021]: Planting random seeds...

[Info][Fri Nov 05 17:39:15 2021]: Planting random seeds...

[Info][Fri Nov 05 17:47:06 2021]: Planting random seeds...

[Info][Fri Nov 05 17:47:07 2021]: Planting random seeds...

[Info][Fri Nov 05 17:47:08 2021]: Planting random seeds...

[Info][Fri Nov 05 17:47:09 2021]: Planting random seeds...

[Info][Fri Nov 05 17:47:10 2021]: Planting random seeds...

[Info][Fri Nov 05 17:47:11 2021]: Planting random seeds...

[Info][Fri Nov 05 17:47:12 2021]: Planting random seeds...

[Info][Fri Nov 05 17:47:22 2021]: Planting random seeds...

[Info][Fri Nov 05 17:47:28 2021]: Planting random seeds...

[Info][Fri Nov 05 17:52:07 2021]: Planting random seeds...

[Info][Fri Nov 05 17:52:08 2021]: Planting random seeds...

[Info][Fri Nov 05 17:52:09 2021]: Planting random seeds...

[Info][Fri Nov 05 17:52:10 2021]: Planting random seeds...

[Info][Fri Nov 05 17:52:11 2021]: Planting random seeds...

[Info][Fri Nov 05 17:52:11 2021]: Planting random seeds...

[Info][Fri Nov 05 17:52:12 2021]: Planting random seeds...

[Info][Fri Nov 05 17:52:22 2021]: Planting random seeds...

[Info][Fri Nov 05 17:52:28 2021]: Planting random seeds...

[Info][Fri Nov 05 17:59:02 2021]: Planting random seeds...

[Info][Fri Nov 05 17:59:03 2021]: Planting random seeds...

[Info][Fri Nov 05 17:59:04 2021]: Planting random seeds...

[Info][Fri Nov 05 17:59:05 2021]: Planting random seeds...

[Info][Fri Nov 05 17:59:06 2021]: Planting random seeds...

[Info][Fri Nov 05 17:59:07 2021]: Planting random seeds...

[Info][Fri Nov 05 17:59:08 2021]: Planting random seeds...

[Info][Fri Nov 05 17:59:18 2021]: Planting random seeds...

[Info][Fri Nov 05 17:59:24 2021]: Planting random seeds...

[Info][Fri Nov 05 18:03:59 2021]: Planting random seeds...

[Info][Fri Nov 05 18:04:00 2021]: Planting random seeds...

[Info][Fri Nov 05 18:04:01 2021]: Planting random seeds...

[Info][Fri Nov 05 18:04:02 2021]: Planting random seeds...

[Info][Fri Nov 05 18:04:03 2021]: Planting random seeds...

[Info][Fri Nov 05 18:04:03 2021]: Planting random seeds...

[Info][Fri Nov 05 18:04:04 2021]: Planting random seeds...

[Info][Fri Nov 05 18:04:15 2021]: Planting random seeds...

[Info][Fri Nov 05 18:04:21 2021]: Planting random seeds...

[Info][Fri Nov 05 18:05:45 2021]: Planting random seeds...

[Info][Fri Nov 05 18:05:46 2021]: Planting random seeds...

[Info][Fri Nov 05 18:05:47 2021]: Planting random seeds...

[Info][Fri Nov 05 18:05:48 2021]: Planting random seeds...

[Info][Fri Nov 05 18:05:49 2021]: Planting random seeds...

[Info][Fri Nov 05 18:05:49 2021]: Planting random seeds...

[Info][Fri Nov 05 18:05:50 2021]: Planting random seeds...

[Info][Fri Nov 05 18:06:01 2021]: Planting random seeds...

[Info][Fri Nov 05 18:06:06 2021]: Planting random seeds...

[Info][Fri Nov 05 18:10:51 2021]: Planting random seeds...

[Info][Fri Nov 05 18:10:52 2021]: Planting random seeds...

[Info][Fri Nov 05 18:10:53 2021]: Planting random seeds...

[Info][Fri Nov 05 18:11:05 2021]: Planting random seeds...

[Info][Fri Nov 05 18:11:06 2021]: Planting random seeds...

[Info][Fri Nov 05 18:11:07 2021]: Planting random seeds...

[Info][Fri Nov 05 18:11:08 2021]: Planting random seeds...

[Info][Fri Nov 05 18:11:09 2021]: Planting random seeds...

[Info][Fri Nov 05 18:11:10 2021]: Planting random seeds...

[Info][Fri Nov 05 18:11:11 2021]: Planting random seeds...

[Info][Fri Nov 05 18:11:21 2021]: Planting random seeds...

[Info][Fri Nov 05 18:11:27 2021]: Planting random seeds...

[Info][Fri Nov 05 18:56:12 2021]: > Broadcasted message: "Jamais informe os dados da sua conta em qualquer site que não seja o pokecenter.com, a equipe não da itens ou pokemons.".

[Info][Fri Nov 05 18:56:12 2021]: > Broadcasted message: "Never let the data of your account on any site other than pokecenter.com, the staff not give any item or pokemon.".

[Info][Fri Nov 05 19:11:39 2021]: Planting random seeds...

[Info][Fri Nov 05 19:11:40 2021]: Planting random seeds...

[Info][Fri Nov 05 19:11:42 2021]: Planting random seeds...

[Info][Fri Nov 05 19:12:12 2021]: Planting random seeds...

[Info][Fri Nov 05 19:12:13 2021]: Planting random seeds...

[Info][Fri Nov 05 19:12:14 2021]: Planting random seeds...

[Info][Fri Nov 05 19:13:27 2021]: Planting random seeds...

[Info][Fri Nov 05 19:13:28 2021]: Planting random seeds...

[Info][Fri Nov 05 19:13:29 2021]: Planting random seeds...

[Info][Fri Nov 05 19:15:02 2021]: Planting random seeds...

[Info][Fri Nov 05 19:15:03 2021]: Planting random seeds...

[Info][Fri Nov 05 19:15:04 2021]: Planting random seeds...

[Info][Fri Nov 05 19:17:00 2021]: Planting random seeds...

[Info][Fri Nov 05 19:17:01 2021]: Planting random seeds...

[Info][Fri Nov 05 19:17:02 2021]: Planting random seeds...

[Info][Fri Nov 05 19:17:37 2021]: Planting random seeds...

[Info][Fri Nov 05 19:17:38 2021]: Planting random seeds...

[Info][Fri Nov 05 19:17:39 2021]: Planting random seeds...

[Info][Fri Nov 05 19:18:09 2021]: Planting random seeds...

[Info][Fri Nov 05 19:18:10 2021]: Planting random seeds...

[Info][Fri Nov 05 19:18:11 2021]: Planting random seeds...

[Info][Fri Nov 05 19:19:50 2021]: Planting random seeds...

[Info][Fri Nov 05 19:19:51 2021]: Planting random seeds...

[Info][Fri Nov 05 19:19:52 2021]: Planting random seeds...

[Info][Fri Nov 05 19:20:14 2021]: Planting random seeds...

[Info][Fri Nov 05 19:20:15 2021]: Planting random seeds...

[Info][Fri Nov 05 19:20:16 2021]: Planting random seeds...

[Info][Fri Nov 05 19:20:17 2021]: Planting random seeds...

[Info][Fri Nov 05 19:20:18 2021]: Planting random seeds...

[Info][Fri Nov 05 19:20:19 2021]: Planting random seeds...

[Info][Fri Nov 05 19:20:20 2021]: Planting random seeds...

[Info][Fri Nov 05 19:20:41 2021]: Planting random seeds...

[Info][Fri Nov 05 19:20:57 2021]: Planting random seeds...

[Info][Fri Nov 05 19:38:25 2021]: Planting random seeds...

[Info][Fri Nov 05 19:38:26 2021]: Planting random seeds...

[Info][Fri Nov 05 19:38:27 2021]: Planting random seeds...

[Info][Fri Nov 05 19:38:28 2021]: Planting random seeds...

[Info][Fri Nov 05 19:38:29 2021]: Planting random seeds...

[Info][Fri Nov 05 19:38:30 2021]: Planting random seeds...

[Info][Fri Nov 05 19:38:31 2021]: Planting random seeds...

[Info][Fri Nov 05 19:38:41 2021]: Planting random seeds...

[Info][Fri Nov 05 19:38:47 2021]: Planting random seeds...

[Info][Fri Nov 05 20:02:44 2021]: Planting random seeds...

[Info][Fri Nov 05 20:02:45 2021]: Planting random seeds...

[Info][Fri Nov 05 20:02:46 2021]: Planting random seeds...

[Info][Fri Nov 05 20:02:47 2021]: Planting random seeds...

[Info][Fri Nov 05 20:02:47 2021]: Planting random seeds...

[Info][Fri Nov 05 20:02:48 2021]: Planting random seeds...

[Info][Fri Nov 05 20:02:49 2021]: Planting random seeds...

[Info][Fri Nov 05 20:02:59 2021]: Planting random seeds...

[Info][Fri Nov 05 20:03:05 2021]: Planting random seeds...

[Info][Fri Nov 05 20:18:30 2021]: Planting random seeds...

[Info][Fri Nov 05 20:18:31 2021]: Planting random seeds...

[Info][Fri Nov 05 20:18:32 2021]: Planting random seeds...

[Info][Fri Nov 05 20:18:33 2021]: Planting random seeds...

[Info][Fri Nov 05 20:18:34 2021]: Planting random seeds...

[Info][Fri Nov 05 20:18:35 2021]: Planting random seeds...

[Info][Fri Nov 05 20:18:36 2021]: Planting random seeds...

[Info][Fri Nov 05 20:18:46 2021]: Planting random seeds...

[Info][Fri Nov 05 20:18:52 2021]: Planting random seeds...

[Info][Fri Nov 05 20:23:35 2021]: Planting random seeds...

[Info][Fri Nov 05 20:23:36 2021]: Planting random seeds...

[Info][Fri Nov 05 20:23:37 2021]: Planting random seeds...

[Info][Fri Nov 05 20:29:42 2021]: Planting random seeds...

[Info][Fri Nov 05 20:29:43 2021]: Planting random seeds...

[Info][Fri Nov 05 20:29:44 2021]: Planting random seeds...

[Info][Fri Nov 05 20:29:45 2021]: Planting random seeds...

[Info][Fri Nov 05 20:29:46 2021]: Planting random seeds...

[Info][Fri Nov 05 20:29:47 2021]: Planting random seeds...

[Info][Fri Nov 05 20:29:48 2021]: Planting random seeds...

[Info][Fri Nov 05 20:29:57 2021]: Planting random seeds...

[Info][Fri Nov 05 20:30:04 2021]: Planting random seeds...

[Info][Fri Nov 05 20:38:16 2021]: Planting random seeds...

[Info][Fri Nov 05 20:38:17 2021]: Planting random seeds...

[Info][Fri Nov 05 20:38:18 2021]: Planting random seeds...

[Info][Fri Nov 05 20:38:19 2021]: Planting random seeds...

[Info][Fri Nov 05 20:38:20 2021]: Planting random seeds...

[Info][Fri Nov 05 20:38:21 2021]: Planting random seeds...

[Info][Fri Nov 05 20:38:22 2021]: Planting random seeds...

[Info][Fri Nov 05 20:38:32 2021]: Planting random seeds...

[Info][Fri Nov 05 20:38:38 2021]: Planting random seeds...

[Info][Fri Nov 05 20:39:17 2021]: Planting random seeds...

[Info][Fri Nov 05 20:39:18 2021]: Planting random seeds...

[Info][Fri Nov 05 20:39:19 2021]: Planting random seeds...

[Info][Fri Nov 05 20:59:56 2021]: Planting random seeds...

[Info][Fri Nov 05 20:59:57 2021]: Planting random seeds...

[Info][Fri Nov 05 20:59:58 2021]: Planting random seeds...

[Info][Fri Nov 05 21:17:41 2021]: Planting random seeds...

[Info][Fri Nov 05 21:17:41 2021]: Planting random seeds...

[Info][Fri Nov 05 21:17:42 2021]: Planting random seeds...

[Info][Fri Nov 05 21:17:43 2021]: Planting random seeds...

[Info][Fri Nov 05 21:17:44 2021]: Planting random seeds...

[Info][Fri Nov 05 21:17:45 2021]: Planting random seeds...

[Info][Fri Nov 05 21:17:46 2021]: Planting random seeds...

[Info][Fri Nov 05 21:17:56 2021]: Planting random seeds...

[Info][Fri Nov 05 21:18:03 2021]: Planting random seeds...

[Info][Fri Nov 05 21:32:34 2021]: Planting random seeds...

[Info][Fri Nov 05 21:32:35 2021]: Planting random seeds...

[Info][Fri Nov 05 21:32:36 2021]: Planting random seeds...

[Info][Fri Nov 05 21:37:02 2021]: Planting random seeds...

[Info][Fri Nov 05 21:38:29 2021]: Planting random seeds...

[Info][Fri Nov 05 21:42:52 2021]: Planting random seeds...

[Info][Fri Nov 05 21:44:18 2021]: Planting random seeds...

[Info][Fri Nov 05 21:45:10 2021]: Planting random seeds...

[Info][Fri Nov 05 21:46:13 2021]: Planting random seeds...

[Info][Fri Nov 05 21:47:04 2021]: Planting random seeds...

[Info][Fri Nov 05 21:47:18 2021]: Planting random seeds...

[Info][Fri Nov 05 21:48:37 2021]: Planting random seeds...

[Info][Fri Nov 05 21:49:00 2021]: Planting random seeds...

[Info][Fri Nov 05 22:52:01 2021]: Planting random seeds...

[Info][Fri Nov 05 22:52:02 2021]: Planting random seeds...

[Info][Fri Nov 05 22:52:03 2021]: Planting random seeds...

[Info][Fri Nov 05 22:52:04 2021]: Planting random seeds...

[Info][Fri Nov 05 22:52:05 2021]: Planting random seeds...

[Info][Fri Nov 05 22:52:05 2021]: Planting random seeds...

[Info][Fri Nov 05 22:52:06 2021]: Planting random seeds...

[Info][Fri Nov 05 22:52:19 2021]: Planting random seeds...

[Info][Fri Nov 05 22:52:30 2021]: Planting random seeds...

