[Info][Fri Oct 08 00:44:09 2021]: > Broadcasted message: "Nunca coloque os dados de sua conta em qualquer site que não seja o oficial do pokecenter (http://www.pokecenter.com)! Cuide de sua conta!".

[Info][Fri Oct 08 00:44:09 2021]: > Broadcasted message: "Never put your account information at any site other than the official pokecenter (http://www.pokecenter.com)! Take care of your account!".

[Info][Fri Oct 08 01:29:10 2021]: > Broadcasted message: "Fique por dentro das novidades, dê sua opinião e participe do desenvolvimento do jogo! Acesse: http://forum.pokecenter.com/".

[Info][Fri Oct 08 01:29:10 2021]: > Broadcasted message: "Check out the news, give your opinion and participate in the development of the game! Access: http://forum.pokecenter.com/".

[Info][Fri Oct 08 02:14:11 2021]: > Broadcasted message: "Você quer deixar alguma mensagem, comentário ou sugestão para os desenvolvedores do pokecenter? Acesse: http://www.pokecenter.com".

[Info][Fri Oct 08 02:14:11 2021]: > Broadcasted message: "You want to leave a message, comment or suggestion to the pokecenter developers? Visit now: http://www.pokecenter.com".

[Info][Fri Oct 08 02:59:12 2021]: > Broadcasted message: "Jamais informe os dados da sua conta em qualquer site que não seja o pokecenter.com, a equipe não da itens ou pokemons.".

[Info][Fri Oct 08 02:59:12 2021]: > Broadcasted message: "Never let the data of your account on any site other than pokecenter.com, the staff not give any item or pokemon.".

[Info][Fri Oct 08 03:44:13 2021]: > Broadcasted message: "Pense duas vezes antes de usar qualquer tipo de bot ou hack no seu personagem, isto não será tolerado e seu personagem será deletado. Jogue limpo.".

[Info][Fri Oct 08 03:44:13 2021]: > Broadcasted message: "Think twice before using any bot or hack on your character, it will not be tolerated and your character will be deleted. Play nice.".

[Info][Fri Oct 08 10:46:57 2021]: Planting random seeds...

[Info][Fri Oct 08 10:46:59 2021]: Planting random seeds...

[Info][Fri Oct 08 10:47:03 2021]: Planting random seeds...

[Info][Fri Oct 08 10:47:06 2021]: Planting random seeds...

[Info][Fri Oct 08 10:47:08 2021]: Planting random seeds...

[Info][Fri Oct 08 10:47:09 2021]: Planting random seeds...

[Info][Fri Oct 08 10:47:10 2021]: Planting random seeds...

[Info][Fri Oct 08 10:47:35 2021]: Planting random seeds...

[Info][Fri Oct 08 10:47:47 2021]: Planting random seeds...

[Info][Fri Oct 08 11:32:12 2021]: > Broadcasted message: "Jamais informe os dados da sua conta em qualquer site que não seja o pokecenter.com, a equipe não da itens ou pokemons.".

[Info][Fri Oct 08 11:32:12 2021]: > Broadcasted message: "Never let the data of your account on any site other than pokecenter.com, the staff not give any item or pokemon.".

[Info][Fri Oct 08 12:17:13 2021]: > Broadcasted message: "Pense duas vezes antes de usar qualquer tipo de bot ou hack no seu personagem, isto não será tolerado e seu personagem será deletado. Jogue limpo.".

[Info][Fri Oct 08 12:17:13 2021]: > Broadcasted message: "Think twice before using any bot or hack on your character, it will not be tolerated and your character will be deleted. Play nice.".

[Info][Fri Oct 08 13:02:14 2021]: > Broadcasted message: "Você precisa de alguma informação sobre o jogo? Acesse agora: http://www.pokecenter.com".

[Info][Fri Oct 08 13:02:14 2021]: > Broadcasted message: "Do you need any information about the game? Visit now: http://www.pokecenter.com".

[Info][Fri Oct 08 13:47:15 2021]: > Broadcasted message: "Gostou do jogo? Então comece a divulga-lo agora mesmo! Chame seus amigos para jogar! Assim você se diverte muito mais e ajuda a manter o projeto!".

[Info][Fri Oct 08 13:47:15 2021]: > Broadcasted message: "Did you like the game? Then start to publish it right now! Call your friends to play! So you enjoy a lot more and helps keep the project!".

[Info][Fri Oct 08 14:32:16 2021]: > Broadcasted message: "Nunca coloque os dados de sua conta em qualquer site que não seja o oficial do pokecenter (http://www.pokecenter.com)! Cuide de sua conta!".

[Info][Fri Oct 08 14:32:16 2021]: > Broadcasted message: "Never put your account information at any site other than the official pokecenter (http://www.pokecenter.com)! Take care of your account!".

[Info][Fri Oct 08 15:17:17 2021]: > Broadcasted message: "Fique por dentro das novidades, dê sua opinião e participe do desenvolvimento do jogo! Acesse: http://forum.pokecenter.com/".

[Info][Fri Oct 08 15:17:17 2021]: > Broadcasted message: "Check out the news, give your opinion and participate in the development of the game! Access: http://forum.pokecenter.com/".

[Info][Fri Oct 08 16:02:18 2021]: > Broadcasted message: "Você quer deixar alguma mensagem, comentário ou sugestão para os desenvolvedores do pokecenter? Acesse: http://www.pokecenter.com".

[Info][Fri Oct 08 16:02:18 2021]: > Broadcasted message: "You want to leave a message, comment or suggestion to the pokecenter developers? Visit now: http://www.pokecenter.com".

[Info][Fri Oct 08 16:47:20 2021]: > Broadcasted message: "Jamais informe os dados da sua conta em qualquer site que não seja o pokecenter.com, a equipe não da itens ou pokemons.".

[Info][Fri Oct 08 16:47:21 2021]: > Broadcasted message: "Never let the data of your account on any site other than pokecenter.com, the staff not give any item or pokemon.".

[Info][Fri Oct 08 17:32:20 2021]: > Broadcasted message: "Pense duas vezes antes de usar qualquer tipo de bot ou hack no seu personagem, isto não será tolerado e seu personagem será deletado. Jogue limpo.".

[Info][Fri Oct 08 17:32:20 2021]: > Broadcasted message: "Think twice before using any bot or hack on your character, it will not be tolerated and your character will be deleted. Play nice.".

[Info][Fri Oct 08 18:17:21 2021]: > Broadcasted message: "Você precisa de alguma informação sobre o jogo? Acesse agora: http://www.pokecenter.com".

[Info][Fri Oct 08 18:17:21 2021]: > Broadcasted message: "Do you need any information about the game? Visit now: http://www.pokecenter.com".

[Info][Fri Oct 08 19:02:22 2021]: > Broadcasted message: "Gostou do jogo? Então comece a divulga-lo agora mesmo! Chame seus amigos para jogar! Assim você se diverte muito mais e ajuda a manter o projeto!".

[Info][Fri Oct 08 19:02:22 2021]: > Broadcasted message: "Did you like the game? Then start to publish it right now! Call your friends to play! So you enjoy a lot more and helps keep the project!".

[Info][Fri Oct 08 19:47:23 2021]: > Broadcasted message: "Nunca coloque os dados de sua conta em qualquer site que não seja o oficial do pokecenter (http://www.pokecenter.com)! Cuide de sua conta!".

[Info][Fri Oct 08 19:47:23 2021]: > Broadcasted message: "Never put your account information at any site other than the official pokecenter (http://www.pokecenter.com)! Take care of your account!".

[Info][Fri Oct 08 20:28:04 2021]: > Broadcasted message: "World Boss: Once again he awoke from his deep sleep.".

[Info][Fri Oct 08 20:32:24 2021]: > Broadcasted message: "Fique por dentro das novidades, dê sua opinião e participe do desenvolvimento do jogo! Acesse: http://forum.pokecenter.com/".

[Info][Fri Oct 08 20:32:24 2021]: > Broadcasted message: "Check out the news, give your opinion and participate in the development of the game! Access: http://forum.pokecenter.com/".

[Info][Fri Oct 08 20:38:04 2021]: > Broadcasted message: "World Boss: Normally found near power plants, they can wander away and cause major blackouts in cities.".

[Info][Fri Oct 08 20:48:04 2021]: > Broadcasted message: "World Boss: Once again he awoke from his deep sleep.".

[Info][Fri Oct 08 20:58:04 2021]: > Broadcasted message: "World Boss: A mysterious force seems to be coming.".

[Info][Fri Oct 08 21:08:04 2021]: > Broadcasted message: "World Boss: Its body constantly discharges electricity. Getting close to it will make your hair stand on end.".

[Info][Fri Oct 08 21:17:25 2021]: > Broadcasted message: "Você quer deixar alguma mensagem, comentário ou sugestão para os desenvolvedores do pokecenter? Acesse: http://www.pokecenter.com".

[Info][Fri Oct 08 21:17:25 2021]: > Broadcasted message: "You want to leave a message, comment or suggestion to the pokecenter developers? Visit now: http://www.pokecenter.com".

[Info][Fri Oct 08 21:18:04 2021]: > Broadcasted message: "World Boss: Normally found near power plants, they can wander away and cause major blackouts in cities.".

[Info][Fri Oct 08 21:28:04 2021]: > Broadcasted message: "World Boss: Its body constantly discharges electricity. Getting close to it will make your hair stand on end.".

[Info][Fri Oct 08 21:38:04 2021]: > Broadcasted message: "World Boss: Normally found near power plants, they can wander away and cause major blackouts in cities.".

[Info][Fri Oct 08 21:44:21 2021]: Planting random seeds...

[Info][Fri Oct 08 21:48:04 2021]: > Broadcasted message: "World Boss: It windmills its arms to slightly boost its punches. Foes have been known to escape in the meantime.".

[Info][Fri Oct 08 21:48:51 2021]: Planting random seeds...

[Info][Fri Oct 08 21:52:02 2021]: Planting random seeds...

[Info][Fri Oct 08 21:55:16 2021]: Planting random seeds...

[Info][Fri Oct 08 21:57:00 2021]: Planting random seeds...

[Info][Fri Oct 08 21:57:50 2021]: Planting random seeds...

[Info][Fri Oct 08 21:58:04 2021]: > Broadcasted message: "World Boss: The ancient sages are having a bad feeling.".

[Info][Fri Oct 08 22:02:26 2021]: > Broadcasted message: "Jamais informe os dados da sua conta em qualquer site que não seja o pokecenter.com, a equipe não da itens ou pokemons.".

[Info][Fri Oct 08 22:02:26 2021]: > Broadcasted message: "Never let the data of your account on any site other than pokecenter.com, the staff not give any item or pokemon.".

[Info][Fri Oct 08 22:05:18 2021]: Planting random seeds...

[Info][Fri Oct 08 22:06:16 2021]: Planting random seeds...

[Info][Fri Oct 08 22:07:23 2021]: Planting random seeds...

[Info][Fri Oct 08 22:08:04 2021]: > Broadcasted message: "World Boss: Normally found near power plants, they can wander away and cause major blackouts in cities.".

[Info][Fri Oct 08 22:08:12 2021]: Planting random seeds...

[Info][Fri Oct 08 22:09:43 2021]: Planting random seeds...

[Info][Fri Oct 08 22:09:59 2021]: Planting random seeds...

[Info][Fri Oct 08 22:15:03 2021]: Planting random seeds...

[Info][Fri Oct 08 22:16:09 2021]: Planting random seeds...

[Info][Fri Oct 08 22:16:56 2021]: Planting random seeds...

[Info][Fri Oct 08 22:18:04 2021]: > Broadcasted message: "World Boss: If a major power outage occurs, it is certain that this Pokemon has eaten electricity at a power plant.".

[Info][Fri Oct 08 22:28:04 2021]: > Broadcasted message: "World Boss: It windmills its arms to slightly boost its punches. Foes have been known to escape in the meantime.".

[Info][Fri Oct 08 22:38:04 2021]: > Broadcasted message: "World Boss: Pokemon seem to be afraid, there's something very wrong going on.".

[Info][Fri Oct 08 22:47:27 2021]: > Broadcasted message: "Pense duas vezes antes de usar qualquer tipo de bot ou hack no seu personagem, isto não será tolerado e seu personagem será deletado. Jogue limpo.".

[Info][Fri Oct 08 22:47:27 2021]: > Broadcasted message: "Think twice before using any bot or hack on your character, it will not be tolerated and your character will be deleted. Play nice.".

[Info][Fri Oct 08 22:48:04 2021]: > Broadcasted message: "World Boss: Once again he awoke from his deep sleep.".

[Info][Fri Oct 08 22:58:04 2021]: > Broadcasted message: "World Boss: Normally found near power plants, they can wander away and cause major blackouts in cities.".

[Info][Fri Oct 08 23:08:04 2021]: > Broadcasted message: "World Boss: Pokemon seem to be afraid, there's something very wrong going on.".

[Info][Fri Oct 08 23:18:04 2021]: > Broadcasted message: "World Boss: Suddenly the sea was very choppy.".

[Info][Fri Oct 08 23:28:04 2021]: > Broadcasted message: "World Boss: Pokemon seem to be afraid, there's something very wrong going on.".

[Info][Fri Oct 08 23:32:28 2021]: > Broadcasted message: "Você precisa de alguma informação sobre o jogo? Acesse agora: http://www.pokecenter.com".

[Info][Fri Oct 08 23:32:28 2021]: > Broadcasted message: "Do you need any information about the game? Visit now: http://www.pokecenter.com".

[Info][Fri Oct 08 23:38:04 2021]: > Broadcasted message: "World Boss: Pokemon seem to be afraid, there's something very wrong going on.".

[Info][Fri Oct 08 23:39:43 2021]: Planting random seeds...

[Info][Fri Oct 08 23:48:04 2021]: > Broadcasted message: "World Boss: If a major power outage occurs, it is certain that this Pokemon has eaten electricity at a power plant.".

[Info][Fri Oct 08 23:58:04 2021]: > Broadcasted message: "World Boss: Once again he awoke from his deep sleep.".

