[Info][Wed Oct 20 11:05:36 2021]: Planting random seeds...

[Info][Wed Oct 20 11:05:37 2021]: Planting random seeds...

[Info][Wed Oct 20 11:05:38 2021]: Planting random seeds...

[Info][Wed Oct 20 11:05:39 2021]: Planting random seeds...

[Info][Wed Oct 20 11:05:40 2021]: Planting random seeds...

[Info][Wed Oct 20 11:05:41 2021]: Planting random seeds...

[Info][Wed Oct 20 11:05:41 2021]: Planting random seeds...

[Info][Wed Oct 20 11:05:59 2021]: Planting random seeds...

[Info][Wed Oct 20 11:06:07 2021]: Planting random seeds...

[Info][Wed Oct 20 11:15:40 2021]: Planting random seeds...

[Info][Wed Oct 20 11:15:41 2021]: Planting random seeds...

[Info][Wed Oct 20 11:15:42 2021]: Planting random seeds...

[Info][Wed Oct 20 11:15:43 2021]: Planting random seeds...

[Info][Wed Oct 20 11:15:44 2021]: Planting random seeds...

[Info][Wed Oct 20 11:15:45 2021]: Planting random seeds...

[Info][Wed Oct 20 11:15:45 2021]: Planting random seeds...

[Info][Wed Oct 20 11:15:55 2021]: Planting random seeds...

[Info][Wed Oct 20 11:16:00 2021]: Planting random seeds...

[Info][Wed Oct 20 12:00:47 2021]: > Broadcasted message: "Jamais informe os dados da sua conta em qualquer site que não seja o pokecenter.com, a equipe não da itens ou pokemons.".

[Info][Wed Oct 20 12:00:47 2021]: > Broadcasted message: "Never let the data of your account on any site other than pokecenter.com, the staff not give any item or pokemon.".

[Info][Wed Oct 20 12:45:48 2021]: > Broadcasted message: "Pense duas vezes antes de usar qualquer tipo de bot ou hack no seu personagem, isto não será tolerado e seu personagem será deletado. Jogue limpo.".

[Info][Wed Oct 20 12:45:49 2021]: > Broadcasted message: "Think twice before using any bot or hack on your character, it will not be tolerated and your character will be deleted. Play nice.".

