[Info][Tue Oct 05 00:05:29 2021]: > Broadcasted message: "Fique por dentro das novidades, dê sua opinião e participe do desenvolvimento do jogo! Acesse: http://forum.pokecenter.com/".

[Info][Tue Oct 05 00:05:29 2021]: > Broadcasted message: "Check out the news, give your opinion and participate in the development of the game! Access: http://forum.pokecenter.com/".

[Info][Tue Oct 05 00:50:30 2021]: > Broadcasted message: "Você quer deixar alguma mensagem, comentário ou sugestão para os desenvolvedores do pokecenter? Acesse: http://www.pokecenter.com".

[Info][Tue Oct 05 00:50:30 2021]: > Broadcasted message: "You want to leave a message, comment or suggestion to the pokecenter developers? Visit now: http://www.pokecenter.com".

[Info][Tue Oct 05 01:35:31 2021]: > Broadcasted message: "Jamais informe os dados da sua conta em qualquer site que não seja o pokecenter.com, a equipe não da itens ou pokemons.".

[Info][Tue Oct 05 01:35:31 2021]: > Broadcasted message: "Never let the data of your account on any site other than pokecenter.com, the staff not give any item or pokemon.".

[Info][Tue Oct 05 02:20:33 2021]: > Broadcasted message: "Pense duas vezes antes de usar qualquer tipo de bot ou hack no seu personagem, isto não será tolerado e seu personagem será deletado. Jogue limpo.".

[Info][Tue Oct 05 02:20:33 2021]: > Broadcasted message: "Think twice before using any bot or hack on your character, it will not be tolerated and your character will be deleted. Play nice.".

[Info][Tue Oct 05 02:35:05 2021]: Planting random seeds...

[Info][Tue Oct 05 02:35:10 2021]: Planting random seeds...

[Info][Tue Oct 05 02:38:13 2021]: Planting random seeds...

[Info][Tue Oct 05 02:49:55 2021]: Planting random seeds...

[Info][Tue Oct 05 02:49:56 2021]: Planting random seeds...

[Info][Tue Oct 05 02:49:58 2021]: Planting random seeds...

[Info][Tue Oct 05 03:04:22 2021]: Planting random seeds...

[Info][Tue Oct 05 03:04:55 2021]: Planting random seeds...

[Info][Tue Oct 05 03:04:57 2021]: Planting random seeds...

[Info][Tue Oct 05 03:05:00 2021]: Planting random seeds...

[Info][Tue Oct 05 03:05:34 2021]: > Broadcasted message: "Você precisa de alguma informação sobre o jogo? Acesse agora: http://www.pokecenter.com".

[Info][Tue Oct 05 03:05:34 2021]: > Broadcasted message: "Do you need any information about the game? Visit now: http://www.pokecenter.com".

[Info][Tue Oct 05 03:50:35 2021]: > Broadcasted message: "Gostou do jogo? Então comece a divulga-lo agora mesmo! Chame seus amigos para jogar! Assim você se diverte muito mais e ajuda a manter o projeto!".

[Info][Tue Oct 05 03:50:35 2021]: > Broadcasted message: "Did you like the game? Then start to publish it right now! Call your friends to play! So you enjoy a lot more and helps keep the project!".

[Info][Tue Oct 05 04:22:23 2021]: Planting random seeds...

[Info][Tue Oct 05 04:22:32 2021]: Planting random seeds...

[Info][Tue Oct 05 04:22:35 2021]: Planting random seeds...

[Info][Tue Oct 05 04:23:39 2021]: Planting random seeds...

[Info][Tue Oct 05 04:23:40 2021]: Planting random seeds...

[Info][Tue Oct 05 04:23:41 2021]: Planting random seeds...

[Info][Tue Oct 05 04:35:36 2021]: > Broadcasted message: "Nunca coloque os dados de sua conta em qualquer site que não seja o oficial do pokecenter (http://www.pokecenter.com)! Cuide de sua conta!".

[Info][Tue Oct 05 04:35:36 2021]: > Broadcasted message: "Never put your account information at any site other than the official pokecenter (http://www.pokecenter.com)! Take care of your account!".

[Info][Tue Oct 05 04:49:05 2021]: Planting random seeds...

[Info][Tue Oct 05 05:20:37 2021]: > Broadcasted message: "Fique por dentro das novidades, dê sua opinião e participe do desenvolvimento do jogo! Acesse: http://forum.pokecenter.com/".

[Info][Tue Oct 05 05:20:37 2021]: > Broadcasted message: "Check out the news, give your opinion and participate in the development of the game! Access: http://forum.pokecenter.com/".

[Info][Tue Oct 05 05:42:17 2021]: Planting random seeds...

[Info][Tue Oct 05 05:42:18 2021]: Planting random seeds...

[Info][Tue Oct 05 05:42:21 2021]: Planting random seeds...

[Info][Tue Oct 05 05:45:16 2021]: Planting random seeds...

[Info][Tue Oct 05 05:45:17 2021]: Planting random seeds...

[Info][Tue Oct 05 05:45:19 2021]: Planting random seeds...

[Info][Tue Oct 05 06:05:38 2021]: > Broadcasted message: "Você quer deixar alguma mensagem, comentário ou sugestão para os desenvolvedores do pokecenter? Acesse: http://www.pokecenter.com".

[Info][Tue Oct 05 06:05:38 2021]: > Broadcasted message: "You want to leave a message, comment or suggestion to the pokecenter developers? Visit now: http://www.pokecenter.com".

[Info][Tue Oct 05 06:10:01 2021]: Planting random seeds...

[Info][Tue Oct 05 06:10:02 2021]: Planting random seeds...

[Info][Tue Oct 05 06:10:04 2021]: Planting random seeds...

[Info][Tue Oct 05 06:11:11 2021]: > Broadcasted message: "World Boss: He is emerging dark psychic powers!".

[Info][Tue Oct 05 06:17:17 2021]: Planting random seeds...

[Info][Tue Oct 05 06:17:18 2021]: Planting random seeds...

[Info][Tue Oct 05 06:17:23 2021]: Planting random seeds...

[Info][Tue Oct 05 06:17:24 2021]: Planting random seeds...

[Info][Tue Oct 05 06:17:25 2021]: Planting random seeds...

[Info][Tue Oct 05 06:17:26 2021]: Planting random seeds...

[Info][Tue Oct 05 06:17:27 2021]: Planting random seeds...

[Info][Tue Oct 05 06:17:55 2021]: Planting random seeds...

[Info][Tue Oct 05 06:18:07 2021]: Planting random seeds...

