[Info][Sun Sep 05 10:02:09 2021]: Planting random seeds...

[Info][Sun Sep 05 10:02:09 2021]: Planting random seeds...

[Info][Sun Sep 05 10:02:13 2021]: Planting random seeds...

[Info][Sun Sep 05 10:02:16 2021]: Planting random seeds...

[Info][Sun Sep 05 10:02:17 2021]: Planting random seeds...

[Info][Sun Sep 05 10:02:18 2021]: Planting random seeds...

[Info][Sun Sep 05 10:02:19 2021]: Planting random seeds...

[Info][Sun Sep 05 10:02:37 2021]: Planting random seeds...

[Info][Sun Sep 05 10:02:49 2021]: Planting random seeds...

[Info][Sun Sep 05 10:47:21 2021]: > Broadcasted message: "Jamais informe os dados da sua conta em qualquer site que não seja o pokecenter.com, a equipe não da itens ou pokemons.".

[Info][Sun Sep 05 10:47:21 2021]: > Broadcasted message: "Never let the data of your account on any site other than pokecenter.com, the staff not give any item or pokemon.".

[Info][Sun Sep 05 11:32:22 2021]: > Broadcasted message: "Pense duas vezes antes de usar qualquer tipo de bot ou hack no seu personagem, isto não será tolerado e seu personagem será deletado. Jogue limpo.".

[Info][Sun Sep 05 11:32:22 2021]: > Broadcasted message: "Think twice before using any bot or hack on your character, it will not be tolerated and your character will be deleted. Play nice.".

[Info][Sun Sep 05 12:33:16 2021]: Planting random seeds...

[Info][Sun Sep 05 12:33:17 2021]: Planting random seeds...

[Info][Sun Sep 05 12:33:21 2021]: Planting random seeds...

[Info][Sun Sep 05 12:33:23 2021]: Planting random seeds...

[Info][Sun Sep 05 12:33:25 2021]: Planting random seeds...

[Info][Sun Sep 05 12:33:26 2021]: Planting random seeds...

[Info][Sun Sep 05 12:33:27 2021]: Planting random seeds...

[Info][Sun Sep 05 12:33:49 2021]: Planting random seeds...

[Info][Sun Sep 05 12:34:00 2021]: Planting random seeds...

[Info][Sun Sep 05 13:18:28 2021]: > Broadcasted message: "Jamais informe os dados da sua conta em qualquer site que não seja o pokecenter.com, a equipe não da itens ou pokemons.".

[Info][Sun Sep 05 13:18:28 2021]: > Broadcasted message: "Never let the data of your account on any site other than pokecenter.com, the staff not give any item or pokemon.".

[Info][Sun Sep 05 13:47:48 2021]: Planting random seeds...

[Info][Sun Sep 05 14:03:29 2021]: > Broadcasted message: "Pense duas vezes antes de usar qualquer tipo de bot ou hack no seu personagem, isto não será tolerado e seu personagem será deletado. Jogue limpo.".

[Info][Sun Sep 05 14:03:29 2021]: > Broadcasted message: "Think twice before using any bot or hack on your character, it will not be tolerated and your character will be deleted. Play nice.".

[Info][Sun Sep 05 14:48:30 2021]: > Broadcasted message: "Você precisa de alguma informação sobre o jogo? Acesse agora: http://www.pokecenter.com".

[Info][Sun Sep 05 14:48:30 2021]: > Broadcasted message: "Do you need any information about the game? Visit now: http://www.pokecenter.com".

[Info][Sun Sep 05 15:33:31 2021]: > Broadcasted message: "Gostou do jogo? Então comece a divulga-lo agora mesmo! Chame seus amigos para jogar! Assim você se diverte muito mais e ajuda a manter o projeto!".

[Info][Sun Sep 05 15:33:31 2021]: > Broadcasted message: "Did you like the game? Then start to publish it right now! Call your friends to play! So you enjoy a lot more and helps keep the project!".

[Info][Sun Sep 05 16:18:32 2021]: > Broadcasted message: "Nunca coloque os dados de sua conta em qualquer site que não seja o oficial do pokecenter (http://www.pokecenter.com)! Cuide de sua conta!".

[Info][Sun Sep 05 16:18:32 2021]: > Broadcasted message: "Never put your account information at any site other than the official pokecenter (http://www.pokecenter.com)! Take care of your account!".

[Info][Sun Sep 05 16:42:20 2021]: Planting random seeds...

[Info][Sun Sep 05 16:50:58 2021]: Planting random seeds...

[Info][Sun Sep 05 16:51:08 2021]: Planting random seeds...

[Info][Sun Sep 05 16:51:51 2021]: Planting random seeds...

[Info][Sun Sep 05 16:51:59 2021]: Planting random seeds...

[Info][Sun Sep 05 16:53:19 2021]: Planting random seeds...

[Info][Sun Sep 05 16:53:50 2021]: Planting random seeds...

[Info][Sun Sep 05 16:59:28 2021]: Planting random seeds...

[Info][Sun Sep 05 17:03:33 2021]: > Broadcasted message: "Fique por dentro das novidades, dê sua opinião e participe do desenvolvimento do jogo! Acesse: http://forum.pokecenter.com/".

[Info][Sun Sep 05 17:03:33 2021]: > Broadcasted message: "Check out the news, give your opinion and participate in the development of the game! Access: http://forum.pokecenter.com/".

[Info][Sun Sep 05 17:06:32 2021]: Planting random seeds...

[Info][Sun Sep 05 17:06:40 2021]: Planting random seeds...

[Info][Sun Sep 05 17:09:25 2021]: Planting random seeds...

[Info][Sun Sep 05 17:09:37 2021]: Planting random seeds...

[Info][Sun Sep 05 17:11:52 2021]: Planting random seeds...

[Info][Sun Sep 05 17:12:09 2021]: Planting random seeds...

[Info][Sun Sep 05 17:48:34 2021]: > Broadcasted message: "Você quer deixar alguma mensagem, comentário ou sugestão para os desenvolvedores do pokecenter? Acesse: http://www.pokecenter.com".

[Info][Sun Sep 05 17:48:34 2021]: > Broadcasted message: "You want to leave a message, comment or suggestion to the pokecenter developers? Visit now: http://www.pokecenter.com".

[Info][Sun Sep 05 18:33:35 2021]: > Broadcasted message: "Jamais informe os dados da sua conta em qualquer site que não seja o pokecenter.com, a equipe não da itens ou pokemons.".

[Info][Sun Sep 05 18:33:35 2021]: > Broadcasted message: "Never let the data of your account on any site other than pokecenter.com, the staff not give any item or pokemon.".

[Info][Sun Sep 05 20:20:16 2021]: Planting random seeds...

[Info][Sun Sep 05 20:20:17 2021]: Planting random seeds...

[Info][Sun Sep 05 20:20:22 2021]: Planting random seeds...

[Info][Sun Sep 05 20:20:24 2021]: Planting random seeds...

[Info][Sun Sep 05 20:20:25 2021]: Planting random seeds...

[Info][Sun Sep 05 20:20:26 2021]: Planting random seeds...

[Info][Sun Sep 05 20:20:27 2021]: Planting random seeds...

[Info][Sun Sep 05 20:20:45 2021]: Planting random seeds...

[Info][Sun Sep 05 20:20:55 2021]: Planting random seeds...

[Info][Sun Sep 05 21:05:28 2021]: > Broadcasted message: "Jamais informe os dados da sua conta em qualquer site que não seja o pokecenter.com, a equipe não da itens ou pokemons.".

[Info][Sun Sep 05 21:05:28 2021]: > Broadcasted message: "Never let the data of your account on any site other than pokecenter.com, the staff not give any item or pokemon.".

[Info][Sun Sep 05 21:50:29 2021]: > Broadcasted message: "Pense duas vezes antes de usar qualquer tipo de bot ou hack no seu personagem, isto não será tolerado e seu personagem será deletado. Jogue limpo.".

[Info][Sun Sep 05 21:50:29 2021]: > Broadcasted message: "Think twice before using any bot or hack on your character, it will not be tolerated and your character will be deleted. Play nice.".

[Info][Sun Sep 05 22:35:30 2021]: > Broadcasted message: "Você precisa de alguma informação sobre o jogo? Acesse agora: http://www.pokecenter.com".

[Info][Sun Sep 05 22:35:30 2021]: > Broadcasted message: "Do you need any information about the game? Visit now: http://www.pokecenter.com".

[Info][Sun Sep 05 22:51:37 2021]: Planting random seeds...

[Info][Sun Sep 05 22:51:40 2021]: Planting random seeds...

[Info][Sun Sep 05 22:52:27 2021]: Planting random seeds...

[Info][Sun Sep 05 22:52:35 2021]: Planting random seeds...

[Info][Sun Sep 05 22:57:19 2021]: Planting random seeds...

[Info][Sun Sep 05 22:57:26 2021]: Planting random seeds...

[Info][Sun Sep 05 22:57:40 2021]: Planting random seeds...

[Info][Sun Sep 05 22:57:49 2021]: Planting random seeds...

[Info][Sun Sep 05 22:57:57 2021]: Planting random seeds...

[Info][Sun Sep 05 23:00:52 2021]: Planting random seeds...

[Info][Sun Sep 05 23:05:23 2021]: Planting random seeds...

[Info][Sun Sep 05 23:05:26 2021]: Planting random seeds...

[Info][Sun Sep 05 23:05:28 2021]: Planting random seeds...

[Info][Sun Sep 05 23:20:31 2021]: > Broadcasted message: "Gostou do jogo? Então comece a divulga-lo agora mesmo! Chame seus amigos para jogar! Assim você se diverte muito mais e ajuda a manter o projeto!".

[Info][Sun Sep 05 23:20:31 2021]: > Broadcasted message: "Did you like the game? Then start to publish it right now! Call your friends to play! So you enjoy a lot more and helps keep the project!".

[Info][Sun Sep 05 23:26:48 2021]: Planting random seeds...

[Info][Sun Sep 05 23:42:57 2021]: Planting random seeds...

[Info][Sun Sep 05 23:43:08 2021]: Planting random seeds...

[Info][Sun Sep 05 23:43:33 2021]: Planting random seeds...

[Info][Sun Sep 05 23:44:38 2021]: Planting random seeds...

[Info][Sun Sep 05 23:46:03 2021]: Planting random seeds...

[Info][Sun Sep 05 23:46:55 2021]: Planting random seeds...

[Info][Sun Sep 05 23:47:05 2021]: Planting random seeds...

