[Info][Mon Nov 01 00:24:38 2021]: > Broadcasted message: "Jamais informe os dados da sua conta em qualquer site que não seja o pokecenter.com, a equipe não da itens ou pokemons.".

[Info][Mon Nov 01 00:24:38 2021]: > Broadcasted message: "Never let the data of your account on any site other than pokecenter.com, the staff not give any item or pokemon.".

[Info][Mon Nov 01 01:09:39 2021]: > Broadcasted message: "Pense duas vezes antes de usar qualquer tipo de bot ou hack no seu personagem, isto não será tolerado e seu personagem será deletado. Jogue limpo.".

[Info][Mon Nov 01 01:09:39 2021]: > Broadcasted message: "Think twice before using any bot or hack on your character, it will not be tolerated and your character will be deleted. Play nice.".

[Info][Mon Nov 01 01:31:04 2021]: Planting random seeds...

[Info][Mon Nov 01 01:32:28 2021]: Planting random seeds...

[Info][Mon Nov 01 01:32:29 2021]: Planting random seeds...

[Info][Mon Nov 01 01:33:07 2021]: Planting random seeds...

[Info][Mon Nov 01 01:33:10 2021]: Planting random seeds...

[Info][Mon Nov 01 01:33:37 2021]: Planting random seeds...

[Info][Mon Nov 01 01:33:41 2021]: Planting random seeds...

[Info][Mon Nov 01 01:34:01 2021]: Planting random seeds...

[Info][Mon Nov 01 01:34:25 2021]: Planting random seeds...

[Info][Mon Nov 01 01:35:58 2021]: Planting random seeds...

[Info][Mon Nov 01 01:36:21 2021]: Planting random seeds...

[Info][Mon Nov 01 01:38:12 2021]: Planting random seeds...

[Info][Mon Nov 01 01:38:53 2021]: Planting random seeds...

[Info][Mon Nov 01 01:39:16 2021]: Planting random seeds...

[Info][Mon Nov 01 01:41:28 2021]: Planting random seeds...

[Info][Mon Nov 01 01:41:55 2021]: Planting random seeds...

[Info][Mon Nov 01 01:44:42 2021]: Planting random seeds...

[Info][Mon Nov 01 01:47:30 2021]: Planting random seeds...

[Info][Mon Nov 01 01:54:40 2021]: > Broadcasted message: "Você precisa de alguma informação sobre o jogo? Acesse agora: http://www.pokecenter.com".

[Info][Mon Nov 01 01:54:40 2021]: > Broadcasted message: "Do you need any information about the game? Visit now: http://www.pokecenter.com".

[Info][Mon Nov 01 14:25:22 2021]: Planting random seeds...

[Info][Mon Nov 01 14:25:23 2021]: Planting random seeds...

[Info][Mon Nov 01 14:25:29 2021]: Planting random seeds...

[Info][Mon Nov 01 14:25:33 2021]: Planting random seeds...

[Info][Mon Nov 01 14:25:34 2021]: Planting random seeds...

[Info][Mon Nov 01 14:25:36 2021]: Planting random seeds...

[Info][Mon Nov 01 14:25:38 2021]: Planting random seeds...

[Info][Mon Nov 01 14:26:14 2021]: Planting random seeds...

[Info][Mon Nov 01 14:26:31 2021]: Planting random seeds...

[Info][Mon Nov 01 14:30:38 2021]: Planting random seeds...

[Info][Mon Nov 01 14:30:39 2021]: Planting random seeds...

[Info][Mon Nov 01 14:30:41 2021]: Planting random seeds...

[Info][Mon Nov 01 14:30:42 2021]: Planting random seeds...

[Info][Mon Nov 01 14:30:43 2021]: Planting random seeds...

[Info][Mon Nov 01 14:30:45 2021]: Planting random seeds...

[Info][Mon Nov 01 14:30:46 2021]: Planting random seeds...

[Info][Mon Nov 01 14:30:58 2021]: Planting random seeds...

[Info][Mon Nov 01 14:31:05 2021]: Planting random seeds...

[Info][Mon Nov 01 15:15:47 2021]: > Broadcasted message: "Jamais informe os dados da sua conta em qualquer site que não seja o pokecenter.com, a equipe não da itens ou pokemons.".

[Info][Mon Nov 01 15:15:47 2021]: > Broadcasted message: "Never let the data of your account on any site other than pokecenter.com, the staff not give any item or pokemon.".

[Info][Mon Nov 01 16:00:48 2021]: > Broadcasted message: "Pense duas vezes antes de usar qualquer tipo de bot ou hack no seu personagem, isto não será tolerado e seu personagem será deletado. Jogue limpo.".

[Info][Mon Nov 01 16:00:48 2021]: > Broadcasted message: "Think twice before using any bot or hack on your character, it will not be tolerated and your character will be deleted. Play nice.".

[Info][Mon Nov 01 16:12:47 2021]: Planting random seeds...

[Info][Mon Nov 01 16:15:56 2021]: Planting random seeds...

[Info][Mon Nov 01 16:15:57 2021]: Planting random seeds...

[Info][Mon Nov 01 16:15:58 2021]: Planting random seeds...

[Info][Mon Nov 01 16:16:00 2021]: Planting random seeds...

[Info][Mon Nov 01 16:16:01 2021]: Planting random seeds...

[Info][Mon Nov 01 16:18:14 2021]: > Broadcasted message: "NEWEST Pokemon League Champion: Alpha Chanel!".

[Info][Mon Nov 01 16:45:49 2021]: > Broadcasted message: "Você precisa de alguma informação sobre o jogo? Acesse agora: http://www.pokecenter.com".

[Info][Mon Nov 01 16:45:49 2021]: > Broadcasted message: "Do you need any information about the game? Visit now: http://www.pokecenter.com".

[Info][Mon Nov 01 17:30:50 2021]: > Broadcasted message: "Gostou do jogo? Então comece a divulga-lo agora mesmo! Chame seus amigos para jogar! Assim você se diverte muito mais e ajuda a manter o projeto!".

[Info][Mon Nov 01 17:30:50 2021]: > Broadcasted message: "Did you like the game? Then start to publish it right now! Call your friends to play! So you enjoy a lot more and helps keep the project!".

[Info][Mon Nov 01 17:41:46 2021]: Planting random seeds...

[Info][Mon Nov 01 18:15:51 2021]: > Broadcasted message: "Nunca coloque os dados de sua conta em qualquer site que não seja o oficial do pokecenter (http://www.pokecenter.com)! Cuide de sua conta!".

[Info][Mon Nov 01 18:15:51 2021]: > Broadcasted message: "Never put your account information at any site other than the official pokecenter (http://www.pokecenter.com)! Take care of your account!".

[Info][Mon Nov 01 19:00:52 2021]: > Broadcasted message: "Fique por dentro das novidades, dê sua opinião e participe do desenvolvimento do jogo! Acesse: http://forum.pokecenter.com/".

[Info][Mon Nov 01 19:00:52 2021]: > Broadcasted message: "Check out the news, give your opinion and participate in the development of the game! Access: http://forum.pokecenter.com/".

[Info][Mon Nov 01 19:45:53 2021]: > Broadcasted message: "Você quer deixar alguma mensagem, comentário ou sugestão para os desenvolvedores do pokecenter? Acesse: http://www.pokecenter.com".

[Info][Mon Nov 01 19:45:53 2021]: > Broadcasted message: "You want to leave a message, comment or suggestion to the pokecenter developers? Visit now: http://www.pokecenter.com".

[Info][Mon Nov 01 20:21:29 2021]: Planting random seeds...

[Info][Mon Nov 01 20:21:30 2021]: Planting random seeds...

[Info][Mon Nov 01 20:21:36 2021]: Planting random seeds...

[Info][Mon Nov 01 20:21:40 2021]: Planting random seeds...

[Info][Mon Nov 01 20:21:42 2021]: Planting random seeds...

[Info][Mon Nov 01 20:21:43 2021]: Planting random seeds...

[Info][Mon Nov 01 20:21:44 2021]: Planting random seeds...

[Info][Mon Nov 01 20:22:14 2021]: Planting random seeds...

[Info][Mon Nov 01 20:22:28 2021]: Planting random seeds...

[Info][Mon Nov 01 20:29:42 2021]: Planting random seeds...

[Info][Mon Nov 01 20:29:43 2021]: Planting random seeds...

[Info][Mon Nov 01 20:29:44 2021]: Planting random seeds...

[Info][Mon Nov 01 20:29:45 2021]: Planting random seeds...

[Info][Mon Nov 01 20:29:46 2021]: Planting random seeds...

[Info][Mon Nov 01 20:29:46 2021]: Planting random seeds...

[Info][Mon Nov 01 20:29:47 2021]: Planting random seeds...

[Info][Mon Nov 01 20:29:58 2021]: Planting random seeds...

[Info][Mon Nov 01 20:30:04 2021]: Planting random seeds...

[Info][Mon Nov 01 20:57:58 2021]: Planting random seeds...

[Info][Mon Nov 01 20:57:59 2021]: Planting random seeds...

[Info][Mon Nov 01 20:58:00 2021]: Planting random seeds...

[Info][Mon Nov 01 20:58:01 2021]: Planting random seeds...

[Info][Mon Nov 01 20:58:02 2021]: Planting random seeds...

[Info][Mon Nov 01 20:58:03 2021]: Planting random seeds...

[Info][Mon Nov 01 20:58:04 2021]: Planting random seeds...

[Info][Mon Nov 01 20:58:14 2021]: Planting random seeds...

[Info][Mon Nov 01 20:58:19 2021]: Planting random seeds...

