[Info][Thu Oct 14 05:59:30 2021]: Planting random seeds...

[Info][Thu Oct 14 05:59:31 2021]: Planting random seeds...

[Info][Thu Oct 14 05:59:36 2021]: Planting random seeds...

[Info][Thu Oct 14 05:59:39 2021]: Planting random seeds...

[Info][Thu Oct 14 05:59:41 2021]: Planting random seeds...

[Info][Thu Oct 14 05:59:43 2021]: Planting random seeds...

[Info][Thu Oct 14 05:59:44 2021]: Planting random seeds...

[Info][Thu Oct 14 06:00:15 2021]: Planting random seeds...

[Info][Thu Oct 14 06:00:31 2021]: Planting random seeds...

[Info][Thu Oct 14 06:23:47 2021]: Planting random seeds...

[Info][Thu Oct 14 06:23:49 2021]: Planting random seeds...

[Info][Thu Oct 14 06:23:51 2021]: Planting random seeds...

[Info][Thu Oct 14 06:24:20 2021]: Planting random seeds...

[Info][Thu Oct 14 06:24:21 2021]: Planting random seeds...

[Info][Thu Oct 14 06:24:22 2021]: Planting random seeds...

[Info][Thu Oct 14 06:25:41 2021]: Planting random seeds...

[Info][Thu Oct 14 06:25:42 2021]: Planting random seeds...

[Info][Thu Oct 14 06:25:43 2021]: Planting random seeds...

[Info][Thu Oct 14 06:25:43 2021]: Planting random seeds...

[Info][Thu Oct 14 06:25:44 2021]: Planting random seeds...

[Info][Thu Oct 14 06:25:45 2021]: Planting random seeds...

[Info][Thu Oct 14 06:25:46 2021]: Planting random seeds...

[Info][Thu Oct 14 06:25:56 2021]: Planting random seeds...

[Info][Thu Oct 14 06:26:02 2021]: Planting random seeds...

[Info][Thu Oct 14 06:30:33 2021]: Planting random seeds...

[Info][Thu Oct 14 06:30:34 2021]: Planting random seeds...

[Info][Thu Oct 14 06:30:35 2021]: Planting random seeds...

[Info][Thu Oct 14 06:30:51 2021]: Planting random seeds...

[Info][Thu Oct 14 06:30:52 2021]: Planting random seeds...

[Info][Thu Oct 14 06:30:54 2021]: Planting random seeds...

[Info][Thu Oct 14 06:41:43 2021]: Planting random seeds...

[Info][Thu Oct 14 06:41:45 2021]: Planting random seeds...

[Info][Thu Oct 14 06:41:50 2021]: Planting random seeds...

[Info][Thu Oct 14 06:42:08 2021]: Planting random seeds...

[Info][Thu Oct 14 06:42:09 2021]: Planting random seeds...

[Info][Thu Oct 14 06:42:11 2021]: Planting random seeds...

[Info][Thu Oct 14 06:45:06 2021]: Planting random seeds...

[Info][Thu Oct 14 06:45:07 2021]: Planting random seeds...

[Info][Thu Oct 14 06:45:08 2021]: Planting random seeds...

[Info][Thu Oct 14 06:45:45 2021]: Planting random seeds...

[Info][Thu Oct 14 06:45:46 2021]: Planting random seeds...

[Info][Thu Oct 14 06:45:47 2021]: Planting random seeds...

[Info][Thu Oct 14 06:56:29 2021]: Planting random seeds...

[Info][Thu Oct 14 06:56:30 2021]: Planting random seeds...

[Info][Thu Oct 14 06:56:31 2021]: Planting random seeds...

[Info][Thu Oct 14 06:56:46 2021]: Planting random seeds...

[Info][Thu Oct 14 06:56:47 2021]: Planting random seeds...

[Info][Thu Oct 14 06:56:49 2021]: Planting random seeds...

[Info][Thu Oct 14 06:58:21 2021]: Planting random seeds...

[Info][Thu Oct 14 06:58:22 2021]: Planting random seeds...

[Info][Thu Oct 14 06:58:23 2021]: Planting random seeds...

[Info][Thu Oct 14 06:58:24 2021]: Planting random seeds...

[Info][Thu Oct 14 06:58:25 2021]: Planting random seeds...

[Info][Thu Oct 14 06:58:26 2021]: Planting random seeds...

[Info][Thu Oct 14 06:59:19 2021]: Planting random seeds...

[Info][Thu Oct 14 06:59:21 2021]: Planting random seeds...

[Info][Thu Oct 14 06:59:22 2021]: Planting random seeds...

[Info][Thu Oct 14 06:59:42 2021]: Planting random seeds...

[Info][Thu Oct 14 06:59:44 2021]: Planting random seeds...

[Info][Thu Oct 14 06:59:46 2021]: Planting random seeds...

[Info][Thu Oct 14 07:00:27 2021]: Planting random seeds...

[Info][Thu Oct 14 07:00:29 2021]: Planting random seeds...

[Info][Thu Oct 14 07:00:30 2021]: Planting random seeds...

[Info][Thu Oct 14 07:01:51 2021]: Planting random seeds...

[Info][Thu Oct 14 07:01:52 2021]: Planting random seeds...

[Info][Thu Oct 14 07:01:54 2021]: Planting random seeds...

[Info][Thu Oct 14 07:10:47 2021]: > Broadcasted message: "Jamais informe os dados da sua conta em qualquer site que não seja o pokecenter.com, a equipe não da itens ou pokemons.".

[Info][Thu Oct 14 07:10:47 2021]: > Broadcasted message: "Never let the data of your account on any site other than pokecenter.com, the staff not give any item or pokemon.".

[Info][Thu Oct 14 07:18:59 2021]: Planting random seeds...

[Info][Thu Oct 14 07:19:00 2021]: Planting random seeds...

[Info][Thu Oct 14 07:19:01 2021]: Planting random seeds...

[Info][Thu Oct 14 07:19:20 2021]: Planting random seeds...

[Info][Thu Oct 14 07:19:22 2021]: Planting random seeds...

[Info][Thu Oct 14 07:19:23 2021]: Planting random seeds...

[Info][Thu Oct 14 07:23:53 2021]: Planting random seeds...

[Info][Thu Oct 14 07:23:54 2021]: Planting random seeds...

[Info][Thu Oct 14 07:23:55 2021]: Planting random seeds...

[Info][Thu Oct 14 07:24:30 2021]: Planting random seeds...

[Info][Thu Oct 14 07:24:31 2021]: Planting random seeds...

[Info][Thu Oct 14 07:24:33 2021]: Planting random seeds...

[Info][Thu Oct 14 07:30:29 2021]: Planting random seeds...

[Info][Thu Oct 14 07:30:31 2021]: Planting random seeds...

[Info][Thu Oct 14 07:30:32 2021]: Planting random seeds...

[Info][Thu Oct 14 07:31:06 2021]: Planting random seeds...

[Info][Thu Oct 14 07:31:07 2021]: Planting random seeds...

[Info][Thu Oct 14 07:31:08 2021]: Planting random seeds...

[Info][Thu Oct 14 07:37:54 2021]: Planting random seeds...

[Info][Thu Oct 14 07:37:56 2021]: Planting random seeds...

[Info][Thu Oct 14 07:37:57 2021]: Planting random seeds...

[Info][Thu Oct 14 07:39:22 2021]: Planting random seeds...

[Info][Thu Oct 14 07:39:23 2021]: Planting random seeds...

[Info][Thu Oct 14 07:39:24 2021]: Planting random seeds...

[Info][Thu Oct 14 07:39:58 2021]: Planting random seeds...

[Info][Thu Oct 14 07:39:59 2021]: Planting random seeds...

[Info][Thu Oct 14 07:40:01 2021]: Planting random seeds...

[Info][Thu Oct 14 07:41:56 2021]: Planting random seeds...

[Info][Thu Oct 14 07:41:58 2021]: Planting random seeds...

[Info][Thu Oct 14 07:41:59 2021]: Planting random seeds...

[Info][Thu Oct 14 07:52:42 2021]: Planting random seeds...

[Info][Thu Oct 14 07:52:43 2021]: Planting random seeds...

[Info][Thu Oct 14 07:52:44 2021]: Planting random seeds...

[Info][Thu Oct 14 07:53:23 2021]: Planting random seeds...

[Info][Thu Oct 14 07:53:24 2021]: Planting random seeds...

[Info][Thu Oct 14 07:53:25 2021]: Planting random seeds...

[Info][Thu Oct 14 07:54:49 2021]: Planting random seeds...

[Info][Thu Oct 14 07:54:50 2021]: Planting random seeds...

[Info][Thu Oct 14 07:54:51 2021]: Planting random seeds...

[Info][Thu Oct 14 07:55:48 2021]: > Broadcasted message: "Pense duas vezes antes de usar qualquer tipo de bot ou hack no seu personagem, isto não será tolerado e seu personagem será deletado. Jogue limpo.".

[Info][Thu Oct 14 07:55:48 2021]: > Broadcasted message: "Think twice before using any bot or hack on your character, it will not be tolerated and your character will be deleted. Play nice.".

[Info][Thu Oct 14 07:55:57 2021]: Planting random seeds...

[Info][Thu Oct 14 07:55:58 2021]: Planting random seeds...

[Info][Thu Oct 14 07:56:00 2021]: Planting random seeds...

[Info][Thu Oct 14 07:56:38 2021]: Planting random seeds...

[Info][Thu Oct 14 07:56:39 2021]: Planting random seeds...

[Info][Thu Oct 14 07:56:40 2021]: Planting random seeds...

[Info][Thu Oct 14 07:56:46 2021]: Planting random seeds...

[Info][Thu Oct 14 07:56:48 2021]: Planting random seeds...

[Info][Thu Oct 14 07:56:49 2021]: Planting random seeds...

[Info][Thu Oct 14 07:58:42 2021]: Planting random seeds...

[Info][Thu Oct 14 07:58:43 2021]: Planting random seeds...

[Info][Thu Oct 14 07:58:44 2021]: Planting random seeds...

[Info][Thu Oct 14 08:02:38 2021]: Planting random seeds...

[Info][Thu Oct 14 08:02:40 2021]: Planting random seeds...

[Info][Thu Oct 14 08:02:41 2021]: Planting random seeds...

[Info][Thu Oct 14 08:03:09 2021]: Planting random seeds...

[Info][Thu Oct 14 08:03:11 2021]: Planting random seeds...

[Info][Thu Oct 14 08:03:12 2021]: Planting random seeds...

[Info][Thu Oct 14 08:03:57 2021]: Planting random seeds...

[Info][Thu Oct 14 08:03:58 2021]: Planting random seeds...

[Info][Thu Oct 14 08:03:59 2021]: Planting random seeds...

[Info][Thu Oct 14 08:04:06 2021]: Planting random seeds...

[Info][Thu Oct 14 08:04:47 2021]: Planting random seeds...

[Info][Thu Oct 14 08:04:48 2021]: Planting random seeds...

[Info][Thu Oct 14 08:04:50 2021]: Planting random seeds...

[Info][Thu Oct 14 08:08:05 2021]: Planting random seeds...

[Info][Thu Oct 14 08:08:06 2021]: Planting random seeds...

[Info][Thu Oct 14 08:08:07 2021]: Planting random seeds...

[Info][Thu Oct 14 08:09:33 2021]: Planting random seeds...

[Info][Thu Oct 14 08:09:34 2021]: Planting random seeds...

[Info][Thu Oct 14 08:09:35 2021]: Planting random seeds...

[Info][Thu Oct 14 08:16:48 2021]: Planting random seeds...

[Info][Thu Oct 14 08:16:49 2021]: Planting random seeds...

[Info][Thu Oct 14 08:16:50 2021]: Planting random seeds...

[Info][Thu Oct 14 08:17:23 2021]: Planting random seeds...

[Info][Thu Oct 14 08:17:24 2021]: Planting random seeds...

[Info][Thu Oct 14 08:17:25 2021]: Planting random seeds...

[Info][Thu Oct 14 08:17:50 2021]: Planting random seeds...

[Info][Thu Oct 14 08:17:51 2021]: Planting random seeds...

[Info][Thu Oct 14 08:17:52 2021]: Planting random seeds...

[Info][Thu Oct 14 08:17:59 2021]: Planting random seeds...

[Info][Thu Oct 14 08:18:00 2021]: Planting random seeds...

[Info][Thu Oct 14 08:18:01 2021]: Planting random seeds...

[Info][Thu Oct 14 08:18:20 2021]: Planting random seeds...

[Info][Thu Oct 14 08:18:22 2021]: Planting random seeds...

[Info][Thu Oct 14 08:18:24 2021]: Planting random seeds...

[Info][Thu Oct 14 08:18:37 2021]: Planting random seeds...

[Info][Thu Oct 14 08:18:39 2021]: Planting random seeds...

[Info][Thu Oct 14 08:18:40 2021]: Planting random seeds...

[Info][Thu Oct 14 08:19:18 2021]: Planting random seeds...

[Info][Thu Oct 14 08:19:20 2021]: Planting random seeds...

[Info][Thu Oct 14 08:19:21 2021]: Planting random seeds...

[Info][Thu Oct 14 08:22:29 2021]: Planting random seeds...

[Info][Thu Oct 14 08:22:30 2021]: Planting random seeds...

[Info][Thu Oct 14 08:22:31 2021]: Planting random seeds...

[Info][Thu Oct 14 08:24:23 2021]: Planting random seeds...

[Info][Thu Oct 14 08:24:24 2021]: Planting random seeds...

[Info][Thu Oct 14 08:24:25 2021]: Planting random seeds...

[Info][Thu Oct 14 08:26:22 2021]: Planting random seeds...

[Info][Thu Oct 14 08:26:23 2021]: Planting random seeds...

[Info][Thu Oct 14 08:26:24 2021]: Planting random seeds...

[Info][Thu Oct 14 08:26:55 2021]: Planting random seeds...

[Info][Thu Oct 14 08:26:57 2021]: Planting random seeds...

[Info][Thu Oct 14 08:26:58 2021]: Planting random seeds...

[Info][Thu Oct 14 08:27:26 2021]: Planting random seeds...

[Info][Thu Oct 14 08:27:27 2021]: Planting random seeds...

[Info][Thu Oct 14 08:27:28 2021]: Planting random seeds...

[Info][Thu Oct 14 08:27:36 2021]: Planting random seeds...

[Info][Thu Oct 14 08:27:38 2021]: Planting random seeds...

[Info][Thu Oct 14 08:27:39 2021]: Planting random seeds...

[Info][Thu Oct 14 08:28:21 2021]: Planting random seeds...

[Info][Thu Oct 14 08:28:22 2021]: Planting random seeds...

[Info][Thu Oct 14 08:28:23 2021]: Planting random seeds...

[Info][Thu Oct 14 08:28:42 2021]: Planting random seeds...

[Info][Thu Oct 14 08:28:43 2021]: Planting random seeds...

[Info][Thu Oct 14 08:28:44 2021]: Planting random seeds...

[Info][Thu Oct 14 08:28:52 2021]: Planting random seeds...

[Info][Thu Oct 14 08:28:53 2021]: Planting random seeds...

[Info][Thu Oct 14 08:28:54 2021]: Planting random seeds...

[Info][Thu Oct 14 08:29:26 2021]: Planting random seeds...

[Info][Thu Oct 14 08:29:28 2021]: Planting random seeds...

[Info][Thu Oct 14 08:29:28 2021]: Planting random seeds...

[Info][Thu Oct 14 08:31:30 2021]: Planting random seeds...

[Info][Thu Oct 14 08:31:31 2021]: Planting random seeds...

[Info][Thu Oct 14 08:32:38 2021]: Planting random seeds...

[Info][Thu Oct 14 08:32:39 2021]: Planting random seeds...

[Info][Thu Oct 14 08:32:41 2021]: Planting random seeds...

[Info][Thu Oct 14 08:33:15 2021]: Planting random seeds...

[Info][Thu Oct 14 08:33:16 2021]: Planting random seeds...

[Info][Thu Oct 14 08:33:17 2021]: Planting random seeds...

[Info][Thu Oct 14 08:35:51 2021]: Planting random seeds...

[Info][Thu Oct 14 08:35:53 2021]: Planting random seeds...

[Info][Thu Oct 14 08:35:55 2021]: Planting random seeds...

[Info][Thu Oct 14 08:36:23 2021]: Planting random seeds...

[Info][Thu Oct 14 08:36:25 2021]: Planting random seeds...

[Info][Thu Oct 14 08:36:26 2021]: Planting random seeds...

[Info][Thu Oct 14 08:40:49 2021]: > Broadcasted message: "Você precisa de alguma informação sobre o jogo? Acesse agora: http://www.pokecenter.com".

[Info][Thu Oct 14 08:40:49 2021]: > Broadcasted message: "Do you need any information about the game? Visit now: http://www.pokecenter.com".

[Info][Thu Oct 14 08:46:31 2021]: Planting random seeds...

[Info][Thu Oct 14 08:46:32 2021]: Planting random seeds...

[Info][Thu Oct 14 08:46:33 2021]: Planting random seeds...

[Info][Thu Oct 14 08:46:43 2021]: Planting random seeds...

[Info][Thu Oct 14 08:46:44 2021]: Planting random seeds...

[Info][Thu Oct 14 08:46:46 2021]: Planting random seeds...

[Info][Thu Oct 14 08:48:17 2021]: Planting random seeds...

[Info][Thu Oct 14 08:48:18 2021]: Planting random seeds...

[Info][Thu Oct 14 08:48:20 2021]: Planting random seeds...

[Info][Thu Oct 14 08:49:15 2021]: Planting random seeds...

[Info][Thu Oct 14 08:49:16 2021]: Planting random seeds...

[Info][Thu Oct 14 08:49:17 2021]: Planting random seeds...

[Info][Thu Oct 14 08:50:23 2021]: Planting random seeds...

[Info][Thu Oct 14 08:50:24 2021]: Planting random seeds...

[Info][Thu Oct 14 08:50:26 2021]: Planting random seeds...

[Info][Thu Oct 14 08:51:26 2021]: Planting random seeds...

[Info][Thu Oct 14 08:51:27 2021]: Planting random seeds...

[Info][Thu Oct 14 08:51:29 2021]: Planting random seeds...

[Info][Thu Oct 14 08:51:36 2021]: Planting random seeds...

[Info][Thu Oct 14 08:51:37 2021]: Planting random seeds...

[Info][Thu Oct 14 08:51:38 2021]: Planting random seeds...

[Info][Thu Oct 14 08:54:32 2021]: Planting random seeds...

[Info][Thu Oct 14 08:54:33 2021]: Planting random seeds...

[Info][Thu Oct 14 08:54:34 2021]: Planting random seeds...

[Info][Thu Oct 14 08:56:16 2021]: Planting random seeds...

[Info][Thu Oct 14 08:56:18 2021]: Planting random seeds...

[Info][Thu Oct 14 08:56:19 2021]: Planting random seeds...

[Info][Thu Oct 14 09:04:46 2021]: Planting random seeds...

[Info][Thu Oct 14 09:04:47 2021]: Planting random seeds...

[Info][Thu Oct 14 09:04:48 2021]: Planting random seeds...

[Info][Thu Oct 14 09:24:55 2021]: Planting random seeds...

[Info][Thu Oct 14 09:24:56 2021]: Planting random seeds...

[Info][Thu Oct 14 09:24:58 2021]: Planting random seeds...

[Info][Thu Oct 14 09:25:50 2021]: > Broadcasted message: "Gostou do jogo? Então comece a divulga-lo agora mesmo! Chame seus amigos para jogar! Assim você se diverte muito mais e ajuda a manter o projeto!".

[Info][Thu Oct 14 09:25:50 2021]: > Broadcasted message: "Did you like the game? Then start to publish it right now! Call your friends to play! So you enjoy a lot more and helps keep the project!".

[Info][Thu Oct 14 10:10:51 2021]: > Broadcasted message: "Nunca coloque os dados de sua conta em qualquer site que não seja o oficial do pokecenter (http://www.pokecenter.com)! Cuide de sua conta!".

[Info][Thu Oct 14 10:10:51 2021]: > Broadcasted message: "Never put your account information at any site other than the official pokecenter (http://www.pokecenter.com)! Take care of your account!".

[Info][Thu Oct 14 15:37:53 2021]: Planting random seeds...

[Info][Thu Oct 14 15:37:54 2021]: Planting random seeds...

[Info][Thu Oct 14 15:37:55 2021]: Planting random seeds...

[Info][Thu Oct 14 15:37:56 2021]: Planting random seeds...

[Info][Thu Oct 14 15:37:56 2021]: Planting random seeds...

[Info][Thu Oct 14 15:37:57 2021]: Planting random seeds...

[Info][Thu Oct 14 15:37:58 2021]: Planting random seeds...

[Info][Thu Oct 14 15:38:08 2021]: Planting random seeds...

[Info][Thu Oct 14 15:38:14 2021]: Planting random seeds...

