[Info][Wed Nov 03 00:11:46 2021]: Planting random seeds...

[Info][Wed Nov 03 00:11:47 2021]: Planting random seeds...

[Info][Wed Nov 03 00:11:49 2021]: Planting random seeds...

[Info][Wed Nov 03 00:11:50 2021]: Planting random seeds...

[Info][Wed Nov 03 00:11:51 2021]: Planting random seeds...

[Info][Wed Nov 03 00:11:52 2021]: Planting random seeds...

[Info][Wed Nov 03 00:11:53 2021]: Planting random seeds...

[Info][Wed Nov 03 00:12:14 2021]: Planting random seeds...

[Info][Wed Nov 03 00:12:35 2021]: Planting random seeds...

[Info][Wed Nov 03 00:17:14 2021]: Planting random seeds...

[Info][Wed Nov 03 00:17:45 2021]: Planting random seeds...

[Info][Wed Nov 03 00:18:21 2021]: Planting random seeds...

[Info][Wed Nov 03 00:38:10 2021]: Planting random seeds...

[Info][Wed Nov 03 00:38:28 2021]: Planting random seeds...

[Info][Wed Nov 03 00:39:42 2021]: Planting random seeds...

[Info][Wed Nov 03 00:46:04 2021]: Planting random seeds...

[Info][Wed Nov 03 00:56:54 2021]: > Broadcasted message: "Jamais informe os dados da sua conta em qualquer site que não seja o pokecenter.com, a equipe não da itens ou pokemons.".

[Info][Wed Nov 03 00:56:54 2021]: > Broadcasted message: "Never let the data of your account on any site other than pokecenter.com, the staff not give any item or pokemon.".

[Info][Wed Nov 03 01:07:09 2021]: Planting random seeds...

[Info][Wed Nov 03 01:08:36 2021]: Planting random seeds...

[Info][Wed Nov 03 01:41:55 2021]: > Broadcasted message: "Pense duas vezes antes de usar qualquer tipo de bot ou hack no seu personagem, isto não será tolerado e seu personagem será deletado. Jogue limpo.".

[Info][Wed Nov 03 01:41:55 2021]: > Broadcasted message: "Think twice before using any bot or hack on your character, it will not be tolerated and your character will be deleted. Play nice.".

[Info][Wed Nov 03 14:07:08 2021]: Planting random seeds...

[Info][Wed Nov 03 14:07:09 2021]: Planting random seeds...

[Info][Wed Nov 03 14:07:15 2021]: Planting random seeds...

[Info][Wed Nov 03 14:07:18 2021]: Planting random seeds...

[Info][Wed Nov 03 14:07:19 2021]: Planting random seeds...

[Info][Wed Nov 03 14:07:21 2021]: Planting random seeds...

[Info][Wed Nov 03 14:07:22 2021]: Planting random seeds...

[Info][Wed Nov 03 14:07:56 2021]: Planting random seeds...

[Info][Wed Nov 03 14:08:09 2021]: Planting random seeds...

[Info][Wed Nov 03 14:49:19 2021]: Planting random seeds...

[Info][Wed Nov 03 14:52:23 2021]: > Broadcasted message: "Jamais informe os dados da sua conta em qualquer site que não seja o pokecenter.com, a equipe não da itens ou pokemons.".

[Info][Wed Nov 03 14:52:23 2021]: > Broadcasted message: "Never let the data of your account on any site other than pokecenter.com, the staff not give any item or pokemon.".

[Info][Wed Nov 03 15:37:25 2021]: > Broadcasted message: "Pense duas vezes antes de usar qualquer tipo de bot ou hack no seu personagem, isto não será tolerado e seu personagem será deletado. Jogue limpo.".

[Info][Wed Nov 03 15:37:25 2021]: > Broadcasted message: "Think twice before using any bot or hack on your character, it will not be tolerated and your character will be deleted. Play nice.".

[Info][Wed Nov 03 15:41:24 2021]: Planting random seeds...

[Info][Wed Nov 03 15:41:25 2021]: Planting random seeds...

[Info][Wed Nov 03 15:41:26 2021]: Planting random seeds...

[Info][Wed Nov 03 15:43:06 2021]: Planting random seeds...

[Info][Wed Nov 03 15:43:07 2021]: Planting random seeds...

[Info][Wed Nov 03 15:43:08 2021]: Planting random seeds...

[Info][Wed Nov 03 15:43:12 2021]: Planting random seeds...

[Info][Wed Nov 03 15:44:12 2021]: Planting random seeds...

[Info][Wed Nov 03 15:44:13 2021]: Planting random seeds...

[Info][Wed Nov 03 15:44:14 2021]: Planting random seeds...

[Info][Wed Nov 03 15:45:50 2021]: Planting random seeds...

[Info][Wed Nov 03 15:45:51 2021]: Planting random seeds...

[Info][Wed Nov 03 15:45:52 2021]: Planting random seeds...

[Info][Wed Nov 03 15:46:35 2021]: Planting random seeds...

[Info][Wed Nov 03 15:46:36 2021]: Planting random seeds...

[Info][Wed Nov 03 15:46:37 2021]: Planting random seeds...

[Info][Wed Nov 03 15:56:33 2021]: Planting random seeds...

[Info][Wed Nov 03 15:56:34 2021]: Planting random seeds...

[Info][Wed Nov 03 15:56:35 2021]: Planting random seeds...

[Info][Wed Nov 03 15:56:52 2021]: Planting random seeds...

[Info][Wed Nov 03 15:56:53 2021]: Planting random seeds...

[Info][Wed Nov 03 15:56:54 2021]: Planting random seeds...

[Info][Wed Nov 03 15:59:28 2021]: Planting random seeds...

[Info][Wed Nov 03 15:59:29 2021]: Planting random seeds...

[Info][Wed Nov 03 15:59:30 2021]: Planting random seeds...

[Info][Wed Nov 03 16:01:05 2021]: Planting random seeds...

[Info][Wed Nov 03 16:01:06 2021]: Planting random seeds...

[Info][Wed Nov 03 16:01:07 2021]: Planting random seeds...

[Info][Wed Nov 03 16:01:42 2021]: Planting random seeds...

[Info][Wed Nov 03 16:01:50 2021]: Planting random seeds...

[Info][Wed Nov 03 16:01:58 2021]: Planting random seeds...

[Info][Wed Nov 03 16:02:00 2021]: Planting random seeds...

[Info][Wed Nov 03 16:03:19 2021]: Planting random seeds...

[Info][Wed Nov 03 16:03:20 2021]: Planting random seeds...

[Info][Wed Nov 03 16:03:21 2021]: Planting random seeds...

[Info][Wed Nov 03 16:22:26 2021]: > Broadcasted message: "Você precisa de alguma informação sobre o jogo? Acesse agora: http://www.pokecenter.com".

[Info][Wed Nov 03 16:22:26 2021]: > Broadcasted message: "Do you need any information about the game? Visit now: http://www.pokecenter.com".

[Info][Wed Nov 03 16:28:40 2021]: Planting random seeds...

[Info][Wed Nov 03 16:28:41 2021]: Planting random seeds...

[Info][Wed Nov 03 16:28:42 2021]: Planting random seeds...

[Info][Wed Nov 03 18:47:47 2021]: Planting random seeds...

[Info][Wed Nov 03 18:47:48 2021]: Planting random seeds...

[Info][Wed Nov 03 18:47:49 2021]: Planting random seeds...

[Info][Wed Nov 03 18:47:50 2021]: Planting random seeds...

[Info][Wed Nov 03 18:47:51 2021]: Planting random seeds...

[Info][Wed Nov 03 18:47:52 2021]: Planting random seeds...

[Info][Wed Nov 03 18:47:53 2021]: Planting random seeds...

[Info][Wed Nov 03 18:48:11 2021]: Planting random seeds...

[Info][Wed Nov 03 18:48:19 2021]: Planting random seeds...

[Info][Wed Nov 03 19:32:54 2021]: > Broadcasted message: "Jamais informe os dados da sua conta em qualquer site que não seja o pokecenter.com, a equipe não da itens ou pokemons.".

[Info][Wed Nov 03 19:32:54 2021]: > Broadcasted message: "Never let the data of your account on any site other than pokecenter.com, the staff not give any item or pokemon.".

[Info][Wed Nov 03 19:56:40 2021]: Planting random seeds...

[Info][Wed Nov 03 20:17:55 2021]: > Broadcasted message: "Pense duas vezes antes de usar qualquer tipo de bot ou hack no seu personagem, isto não será tolerado e seu personagem será deletado. Jogue limpo.".

[Info][Wed Nov 03 20:17:55 2021]: > Broadcasted message: "Think twice before using any bot or hack on your character, it will not be tolerated and your character will be deleted. Play nice.".

[Info][Wed Nov 03 20:36:58 2021]: Planting random seeds...

[Info][Wed Nov 03 20:37:00 2021]: Planting random seeds...

[Info][Wed Nov 03 20:37:02 2021]: Planting random seeds...

[Info][Wed Nov 03 20:37:30 2021]: Planting random seeds...

[Info][Wed Nov 03 20:37:31 2021]: Planting random seeds...

[Info][Wed Nov 03 20:37:32 2021]: Planting random seeds...

[Info][Wed Nov 03 20:37:59 2021]: Planting random seeds...

[Info][Wed Nov 03 20:38:00 2021]: Planting random seeds...

[Info][Wed Nov 03 20:38:01 2021]: Planting random seeds...

[Info][Wed Nov 03 20:38:44 2021]: Planting random seeds...

[Info][Wed Nov 03 20:38:45 2021]: Planting random seeds...

[Info][Wed Nov 03 20:38:46 2021]: Planting random seeds...

[Info][Wed Nov 03 20:38:59 2021]: Planting random seeds...

[Info][Wed Nov 03 20:39:00 2021]: Planting random seeds...

[Info][Wed Nov 03 20:39:01 2021]: Planting random seeds...

[Info][Wed Nov 03 20:39:13 2021]: Planting random seeds...

[Info][Wed Nov 03 20:39:14 2021]: Planting random seeds...

[Info][Wed Nov 03 20:39:15 2021]: Planting random seeds...

[Info][Wed Nov 03 20:40:48 2021]: Planting random seeds...

[Info][Wed Nov 03 20:40:49 2021]: Planting random seeds...

[Info][Wed Nov 03 20:40:50 2021]: Planting random seeds...

[Info][Wed Nov 03 20:41:48 2021]: Planting random seeds...

[Info][Wed Nov 03 20:41:49 2021]: Planting random seeds...

[Info][Wed Nov 03 20:41:50 2021]: Planting random seeds...

[Info][Wed Nov 03 20:42:45 2021]: Planting random seeds...

[Info][Wed Nov 03 20:42:46 2021]: Planting random seeds...

[Info][Wed Nov 03 20:42:47 2021]: Planting random seeds...

[Info][Wed Nov 03 22:26:05 2021]: Planting random seeds...

[Info][Wed Nov 03 22:26:06 2021]: Planting random seeds...

[Info][Wed Nov 03 22:26:08 2021]: Planting random seeds...

[Info][Wed Nov 03 22:26:09 2021]: Planting random seeds...

[Info][Wed Nov 03 22:26:10 2021]: Planting random seeds...

[Info][Wed Nov 03 22:26:11 2021]: Planting random seeds...

[Info][Wed Nov 03 22:26:12 2021]: Planting random seeds...

[Info][Wed Nov 03 22:26:30 2021]: Planting random seeds...

[Info][Wed Nov 03 22:26:39 2021]: Planting random seeds...

[Info][Wed Nov 03 22:30:29 2021]: Planting random seeds...

[Info][Wed Nov 03 22:30:30 2021]: Planting random seeds...

[Info][Wed Nov 03 22:30:31 2021]: Planting random seeds...

[Info][Wed Nov 03 22:30:51 2021]: Planting random seeds...

[Info][Wed Nov 03 22:30:52 2021]: Planting random seeds...

[Info][Wed Nov 03 22:30:53 2021]: Planting random seeds...

[Info][Wed Nov 03 22:38:38 2021]: Planting random seeds...

[Info][Wed Nov 03 22:38:39 2021]: Planting random seeds...

[Info][Wed Nov 03 22:38:40 2021]: Planting random seeds...

[Info][Wed Nov 03 22:40:32 2021]: Planting random seeds...

[Info][Wed Nov 03 22:40:33 2021]: Planting random seeds...

[Info][Wed Nov 03 22:40:34 2021]: Planting random seeds...

[Info][Wed Nov 03 22:41:32 2021]: Planting random seeds...

[Info][Wed Nov 03 22:41:33 2021]: Planting random seeds...

[Info][Wed Nov 03 22:41:34 2021]: Planting random seeds...

[Info][Wed Nov 03 22:55:26 2021]: Planting random seeds...

[Info][Wed Nov 03 22:55:27 2021]: Planting random seeds...

[Info][Wed Nov 03 22:55:28 2021]: Planting random seeds...

[Info][Wed Nov 03 22:56:54 2021]: Planting random seeds...

[Info][Wed Nov 03 22:56:55 2021]: Planting random seeds...

[Info][Wed Nov 03 22:56:56 2021]: Planting random seeds...

[Info][Wed Nov 03 23:11:13 2021]: > Broadcasted message: "Jamais informe os dados da sua conta em qualquer site que não seja o pokecenter.com, a equipe não da itens ou pokemons.".

[Info][Wed Nov 03 23:11:13 2021]: > Broadcasted message: "Never let the data of your account on any site other than pokecenter.com, the staff not give any item or pokemon.".

[Info][Wed Nov 03 23:17:26 2021]: Planting random seeds...

[Info][Wed Nov 03 23:17:27 2021]: Planting random seeds...

[Info][Wed Nov 03 23:18:40 2021]: Planting random seeds...

[Info][Wed Nov 03 23:18:41 2021]: Planting random seeds...

[Info][Wed Nov 03 23:18:42 2021]: Planting random seeds...

[Info][Wed Nov 03 23:20:57 2021]: Planting random seeds...

[Info][Wed Nov 03 23:21:49 2021]: bossReward - Killer / Ratio / CanReceiveReward
    Var 1 : DoomBoy    Var 2 : 1    Var 3 : true
[Info][Wed Nov 03 23:22:29 2021]: Planting random seeds...

[Info][Wed Nov 03 23:24:42 2021]: > Alpha Chanel broadcasted message: "asda".

[Info][Wed Nov 03 23:25:48 2021]: Planting random seeds...

[Info][Wed Nov 03 23:25:49 2021]: Planting random seeds...

[Info][Wed Nov 03 23:25:50 2021]: Planting random seeds...

[Info][Wed Nov 03 23:25:59 2021]: Planting random seeds...

[Info][Wed Nov 03 23:26:00 2021]: Planting random seeds...

[Info][Wed Nov 03 23:26:01 2021]: Planting random seeds...

[Info][Wed Nov 03 23:27:14 2021]: Planting random seeds...

[Info][Wed Nov 03 23:27:15 2021]: Planting random seeds...

[Info][Wed Nov 03 23:27:16 2021]: Planting random seeds...

[Info][Wed Nov 03 23:28:59 2021]: Planting random seeds...

[Info][Wed Nov 03 23:29:00 2021]: Planting random seeds...

[Info][Wed Nov 03 23:29:01 2021]: Planting random seeds...

[Info][Wed Nov 03 23:29:30 2021]: Planting random seeds...

[Info][Wed Nov 03 23:29:31 2021]: Planting random seeds...

[Info][Wed Nov 03 23:29:31 2021]: Planting random seeds...

[Info][Wed Nov 03 23:40:26 2021]: Planting random seeds...

[Info][Wed Nov 03 23:40:27 2021]: Planting random seeds...

[Info][Wed Nov 03 23:40:28 2021]: Planting random seeds...

[Info][Wed Nov 03 23:40:29 2021]: Planting random seeds...

[Info][Wed Nov 03 23:40:30 2021]: Planting random seeds...

[Info][Wed Nov 03 23:40:30 2021]: Planting random seeds...

[Info][Wed Nov 03 23:40:31 2021]: Planting random seeds...

[Info][Wed Nov 03 23:40:41 2021]: Planting random seeds...

[Info][Wed Nov 03 23:40:54 2021]: Planting random seeds...

[Info][Wed Nov 03 23:43:35 2021]: Planting random seeds...

[Info][Wed Nov 03 23:43:36 2021]: Planting random seeds...

[Info][Wed Nov 03 23:43:37 2021]: Planting random seeds...

[Info][Wed Nov 03 23:45:03 2021]: Planting random seeds...

[Info][Wed Nov 03 23:45:04 2021]: Planting random seeds...

[Info][Wed Nov 03 23:45:05 2021]: Planting random seeds...

[Info][Wed Nov 03 23:45:47 2021]: Planting random seeds...

[Info][Wed Nov 03 23:45:48 2021]: Planting random seeds...

[Info][Wed Nov 03 23:45:49 2021]: Planting random seeds...

[Info][Wed Nov 03 23:47:37 2021]: Planting random seeds...

[Info][Wed Nov 03 23:47:38 2021]: Planting random seeds...

[Info][Wed Nov 03 23:47:39 2021]: Planting random seeds...

[Info][Wed Nov 03 23:47:56 2021]: Planting random seeds...

[Info][Wed Nov 03 23:47:57 2021]: Planting random seeds...

[Info][Wed Nov 03 23:47:58 2021]: Planting random seeds...

