[Info][Sat Nov 06 00:27:54 2021]: Planting random seeds...

[Info][Sat Nov 06 00:27:55 2021]: Planting random seeds...

[Info][Sat Nov 06 00:27:59 2021]: Planting random seeds...

[Info][Sat Nov 06 00:28:00 2021]: Planting random seeds...

[Info][Sat Nov 06 00:28:01 2021]: Planting random seeds...

[Info][Sat Nov 06 00:28:02 2021]: Planting random seeds...

[Info][Sat Nov 06 00:28:03 2021]: Planting random seeds...

[Info][Sat Nov 06 00:28:21 2021]: Planting random seeds...

[Info][Sat Nov 06 00:28:33 2021]: Planting random seeds...

[Info][Sat Nov 06 01:13:04 2021]: > Broadcasted message: "Jamais informe os dados da sua conta em qualquer site que não seja o pokecenter.com, a equipe não da itens ou pokemons.".

[Info][Sat Nov 06 01:13:04 2021]: > Broadcasted message: "Never let the data of your account on any site other than pokecenter.com, the staff not give any item or pokemon.".

[Info][Sat Nov 06 01:28:21 2021]: Planting random seeds...

[Info][Sat Nov 06 01:28:23 2021]: Planting random seeds...

[Info][Sat Nov 06 01:28:24 2021]: Planting random seeds...

[Info][Sat Nov 06 01:28:25 2021]: Planting random seeds...

[Info][Sat Nov 06 01:29:38 2021]: Planting random seeds...

[Info][Sat Nov 06 01:29:39 2021]: Planting random seeds...

[Info][Sat Nov 06 01:29:40 2021]: Planting random seeds...

[Info][Sat Nov 06 01:51:05 2021]: Planting random seeds...

[Info][Sat Nov 06 01:51:06 2021]: Planting random seeds...

[Info][Sat Nov 06 01:51:07 2021]: Planting random seeds...

[Info][Sat Nov 06 01:51:08 2021]: Planting random seeds...

[Info][Sat Nov 06 01:51:08 2021]: Planting random seeds...

[Info][Sat Nov 06 01:51:09 2021]: Planting random seeds...

[Info][Sat Nov 06 01:51:10 2021]: Planting random seeds...

[Info][Sat Nov 06 01:51:21 2021]: Planting random seeds...

[Info][Sat Nov 06 01:51:29 2021]: Planting random seeds...

[Info][Sat Nov 06 01:55:18 2021]: Planting random seeds...

[Info][Sat Nov 06 01:55:19 2021]: Planting random seeds...

[Info][Sat Nov 06 01:55:20 2021]: Planting random seeds...

[Info][Sat Nov 06 02:03:12 2021]: Planting random seeds...

[Info][Sat Nov 06 02:03:13 2021]: Planting random seeds...

[Info][Sat Nov 06 02:03:14 2021]: Planting random seeds...

[Info][Sat Nov 06 02:04:32 2021]: Planting random seeds...

[Info][Sat Nov 06 02:04:33 2021]: Planting random seeds...

[Info][Sat Nov 06 02:04:34 2021]: Planting random seeds...

[Info][Sat Nov 06 02:22:04 2021]: Planting random seeds...

[Info][Sat Nov 06 02:22:05 2021]: Planting random seeds...

[Info][Sat Nov 06 02:22:06 2021]: Planting random seeds...

[Info][Sat Nov 06 02:22:12 2021]: Planting random seeds...

[Info][Sat Nov 06 02:23:56 2021]: Planting random seeds...

[Info][Sat Nov 06 02:23:58 2021]: Planting random seeds...

[Info][Sat Nov 06 02:23:59 2021]: Planting random seeds...

[Info][Sat Nov 06 02:24:00 2021]: Planting random seeds...

[Info][Sat Nov 06 02:36:11 2021]: > Broadcasted message: "Jamais informe os dados da sua conta em qualquer site que não seja o pokecenter.com, a equipe não da itens ou pokemons.".

[Info][Sat Nov 06 02:36:11 2021]: > Broadcasted message: "Never let the data of your account on any site other than pokecenter.com, the staff not give any item or pokemon.".

[Info][Sat Nov 06 02:38:06 2021]: Planting random seeds...

[Info][Sat Nov 06 02:38:08 2021]: Planting random seeds...

[Info][Sat Nov 06 02:38:09 2021]: Planting random seeds...

[Info][Sat Nov 06 02:53:56 2021]: Planting random seeds...

[Info][Sat Nov 06 02:53:57 2021]: Planting random seeds...

[Info][Sat Nov 06 02:53:58 2021]: Planting random seeds...

[Info][Sat Nov 06 02:53:59 2021]: Planting random seeds...

[Info][Sat Nov 06 02:54:00 2021]: Planting random seeds...

[Info][Sat Nov 06 02:54:01 2021]: Planting random seeds...

[Info][Sat Nov 06 02:54:02 2021]: Planting random seeds...

[Info][Sat Nov 06 02:54:12 2021]: Planting random seeds...

[Info][Sat Nov 06 02:54:18 2021]: Planting random seeds...

[Info][Sat Nov 06 03:22:58 2021]: Planting random seeds...

[Info][Sat Nov 06 03:22:59 2021]: Planting random seeds...

[Info][Sat Nov 06 03:23:00 2021]: Planting random seeds...

[Info][Sat Nov 06 03:23:00 2021]: Planting random seeds...

[Info][Sat Nov 06 03:23:01 2021]: Planting random seeds...

[Info][Sat Nov 06 03:23:02 2021]: Planting random seeds...

[Info][Sat Nov 06 03:23:03 2021]: Planting random seeds...

[Info][Sat Nov 06 03:23:13 2021]: Planting random seeds...

[Info][Sat Nov 06 03:23:19 2021]: Planting random seeds...

[Info][Sat Nov 06 11:05:50 2021]: Planting random seeds...

[Info][Sat Nov 06 11:05:51 2021]: Planting random seeds...

[Info][Sat Nov 06 11:05:55 2021]: Planting random seeds...

[Info][Sat Nov 06 11:05:57 2021]: Planting random seeds...

[Info][Sat Nov 06 11:05:59 2021]: Planting random seeds...

[Info][Sat Nov 06 11:06:00 2021]: Planting random seeds...

[Info][Sat Nov 06 11:06:01 2021]: Planting random seeds...

[Info][Sat Nov 06 11:06:23 2021]: Planting random seeds...

[Info][Sat Nov 06 11:06:35 2021]: Planting random seeds...

[Info][Sat Nov 06 11:12:09 2021]: Planting random seeds...

[Info][Sat Nov 06 11:12:10 2021]: Planting random seeds...

[Info][Sat Nov 06 11:12:11 2021]: Planting random seeds...

[Info][Sat Nov 06 11:12:15 2021]: Planting random seeds...

[Info][Sat Nov 06 11:13:08 2021]: Planting random seeds...

[Info][Sat Nov 06 11:13:09 2021]: Planting random seeds...

[Info][Sat Nov 06 11:13:10 2021]: Planting random seeds...

[Info][Sat Nov 06 11:13:11 2021]: Planting random seeds...

[Info][Sat Nov 06 11:13:12 2021]: Planting random seeds...

[Info][Sat Nov 06 11:13:13 2021]: Planting random seeds...

[Info][Sat Nov 06 11:13:14 2021]: Planting random seeds...

[Info][Sat Nov 06 11:13:23 2021]: Planting random seeds...

[Info][Sat Nov 06 11:13:29 2021]: Planting random seeds...

[Info][Sat Nov 06 11:17:52 2021]: Planting random seeds...

[Info][Sat Nov 06 11:17:53 2021]: Planting random seeds...

[Info][Sat Nov 06 11:17:54 2021]: Planting random seeds...

[Info][Sat Nov 06 11:27:19 2021]: Planting random seeds...

[Info][Sat Nov 06 11:27:21 2021]: Planting random seeds...

[Info][Sat Nov 06 11:27:22 2021]: Planting random seeds...

[Info][Sat Nov 06 11:33:24 2021]: Planting random seeds...

[Info][Sat Nov 06 11:33:49 2021]: Planting random seeds...

[Info][Sat Nov 06 11:36:28 2021]: Planting random seeds...

[Info][Sat Nov 06 11:37:09 2021]: Planting random seeds...

[Info][Sat Nov 06 11:38:36 2021]: Planting random seeds...

[Info][Sat Nov 06 11:39:06 2021]: Planting random seeds...

[Info][Sat Nov 06 11:40:39 2021]: Planting random seeds...

[Info][Sat Nov 06 11:41:37 2021]: Planting random seeds...

[Info][Sat Nov 06 11:45:50 2021]: Planting random seeds...

[Info][Sat Nov 06 11:46:20 2021]: Planting random seeds...

[Info][Sat Nov 06 11:51:31 2021]: Planting random seeds...

[Info][Sat Nov 06 11:51:33 2021]: Planting random seeds...

[Info][Sat Nov 06 11:51:34 2021]: Planting random seeds...

[Info][Sat Nov 06 11:57:42 2021]: Planting random seeds...

[Info][Sat Nov 06 11:57:43 2021]: Planting random seeds...

[Info][Sat Nov 06 11:57:44 2021]: Planting random seeds...

[Info][Sat Nov 06 11:57:49 2021]: Planting random seeds...

[Info][Sat Nov 06 11:58:15 2021]: > Broadcasted message: "Jamais informe os dados da sua conta em qualquer site que não seja o pokecenter.com, a equipe não da itens ou pokemons.".

[Info][Sat Nov 06 11:58:15 2021]: > Broadcasted message: "Never let the data of your account on any site other than pokecenter.com, the staff not give any item or pokemon.".

[Info][Sat Nov 06 12:34:29 2021]: Planting random seeds...

[Info][Sat Nov 06 12:35:16 2021]: Planting random seeds...

[Info][Sat Nov 06 12:35:28 2021]: Planting random seeds...

[Info][Sat Nov 06 12:35:30 2021]: Planting random seeds...

[Info][Sat Nov 06 12:35:31 2021]: Planting random seeds...

[Info][Sat Nov 06 12:35:34 2021]: Planting random seeds...

[Info][Sat Nov 06 12:38:47 2021]: Planting random seeds...

[Info][Sat Nov 06 12:38:48 2021]: Planting random seeds...

[Info][Sat Nov 06 12:38:49 2021]: Planting random seeds...

[Info][Sat Nov 06 12:38:52 2021]: Planting random seeds...

[Info][Sat Nov 06 12:39:57 2021]: Planting random seeds...

[Info][Sat Nov 06 12:39:59 2021]: Planting random seeds...

[Info][Sat Nov 06 12:40:00 2021]: Planting random seeds...

[Info][Sat Nov 06 12:40:05 2021]: Planting random seeds...

[Info][Sat Nov 06 12:40:14 2021]: Planting random seeds...

[Info][Sat Nov 06 12:40:25 2021]: Planting random seeds...

[Info][Sat Nov 06 12:40:26 2021]: Planting random seeds...

[Info][Sat Nov 06 12:40:27 2021]: Planting random seeds...

[Info][Sat Nov 06 12:40:28 2021]: Planting random seeds...

[Info][Sat Nov 06 12:40:29 2021]: Planting random seeds...

[Info][Sat Nov 06 12:40:30 2021]: Planting random seeds...

[Info][Sat Nov 06 12:40:31 2021]: Planting random seeds...

[Info][Sat Nov 06 12:40:40 2021]: Planting random seeds...

[Info][Sat Nov 06 12:40:46 2021]: Planting random seeds...

[Info][Sat Nov 06 13:25:32 2021]: > Broadcasted message: "Jamais informe os dados da sua conta em qualquer site que não seja o pokecenter.com, a equipe não da itens ou pokemons.".

[Info][Sat Nov 06 13:25:32 2021]: > Broadcasted message: "Never let the data of your account on any site other than pokecenter.com, the staff not give any item or pokemon.".

[Info][Sat Nov 06 14:10:33 2021]: > Broadcasted message: "Pense duas vezes antes de usar qualquer tipo de bot ou hack no seu personagem, isto não será tolerado e seu personagem será deletado. Jogue limpo.".

[Info][Sat Nov 06 14:10:34 2021]: > Broadcasted message: "Think twice before using any bot or hack on your character, it will not be tolerated and your character will be deleted. Play nice.".

[Info][Sat Nov 06 14:55:34 2021]: > Broadcasted message: "Você precisa de alguma informação sobre o jogo? Acesse agora: http://www.pokecenter.com".

[Info][Sat Nov 06 14:55:34 2021]: > Broadcasted message: "Do you need any information about the game? Visit now: http://www.pokecenter.com".

[Info][Sat Nov 06 15:40:35 2021]: > Broadcasted message: "Gostou do jogo? Então comece a divulga-lo agora mesmo! Chame seus amigos para jogar! Assim você se diverte muito mais e ajuda a manter o projeto!".

[Info][Sat Nov 06 15:40:35 2021]: > Broadcasted message: "Did you like the game? Then start to publish it right now! Call your friends to play! So you enjoy a lot more and helps keep the project!".

[Info][Sat Nov 06 16:25:36 2021]: > Broadcasted message: "Nunca coloque os dados de sua conta em qualquer site que não seja o oficial do pokecenter (http://www.pokecenter.com)! Cuide de sua conta!".

[Info][Sat Nov 06 16:25:36 2021]: > Broadcasted message: "Never put your account information at any site other than the official pokecenter (http://www.pokecenter.com)! Take care of your account!".

[Info][Sat Nov 06 17:10:37 2021]: > Broadcasted message: "Fique por dentro das novidades, dê sua opinião e participe do desenvolvimento do jogo! Acesse: http://forum.pokecenter.com/".

[Info][Sat Nov 06 17:10:37 2021]: > Broadcasted message: "Check out the news, give your opinion and participate in the development of the game! Access: http://forum.pokecenter.com/".

[Info][Sat Nov 06 17:55:38 2021]: > Broadcasted message: "Você quer deixar alguma mensagem, comentário ou sugestão para os desenvolvedores do pokecenter? Acesse: http://www.pokecenter.com".

[Info][Sat Nov 06 17:55:38 2021]: > Broadcasted message: "You want to leave a message, comment or suggestion to the pokecenter developers? Visit now: http://www.pokecenter.com".

[Info][Sat Nov 06 18:36:16 2021]: Planting random seeds...

[Info][Sat Nov 06 18:39:02 2021]: Planting random seeds...

[Info][Sat Nov 06 18:39:40 2021]: Planting random seeds...

[Info][Sat Nov 06 18:40:00 2021]: Planting random seeds...

[Info][Sat Nov 06 18:40:22 2021]: Planting random seeds...

[Info][Sat Nov 06 18:40:39 2021]: Planting random seeds...

[Info][Sat Nov 06 18:40:39 2021]: > Broadcasted message: "Jamais informe os dados da sua conta em qualquer site que não seja o pokecenter.com, a equipe não da itens ou pokemons.".

[Info][Sat Nov 06 18:40:39 2021]: > Broadcasted message: "Never let the data of your account on any site other than pokecenter.com, the staff not give any item or pokemon.".

[Info][Sat Nov 06 18:41:35 2021]: Planting random seeds...

[Info][Sat Nov 06 18:42:30 2021]: Planting random seeds...

[Info][Sat Nov 06 18:42:50 2021]: Planting random seeds...

[Info][Sat Nov 06 18:42:59 2021]: Planting random seeds...

[Info][Sat Nov 06 18:43:20 2021]: Planting random seeds...

[Info][Sat Nov 06 18:44:21 2021]: Planting random seeds...

[Info][Sat Nov 06 18:44:39 2021]: Planting random seeds...

[Info][Sat Nov 06 18:45:41 2021]: Planting random seeds...

[Info][Sat Nov 06 18:46:14 2021]: Planting random seeds...

[Info][Sat Nov 06 18:46:53 2021]: Planting random seeds...

[Info][Sat Nov 06 18:47:03 2021]: Planting random seeds...

[Info][Sat Nov 06 18:47:32 2021]: Planting random seeds...

[Info][Sat Nov 06 18:47:47 2021]: Planting random seeds...

[Info][Sat Nov 06 18:47:58 2021]: Planting random seeds...

[Info][Sat Nov 06 18:48:28 2021]: Planting random seeds...

[Info][Sat Nov 06 18:48:41 2021]: Planting random seeds...

[Info][Sat Nov 06 18:50:29 2021]: Planting random seeds...

[Info][Sat Nov 06 18:52:47 2021]: Planting random seeds...

[Info][Sat Nov 06 18:53:56 2021]: Planting random seeds...

[Info][Sat Nov 06 18:55:34 2021]: Planting random seeds...

[Info][Sat Nov 06 18:55:35 2021]: Planting random seeds...

[Info][Sat Nov 06 18:55:36 2021]: Planting random seeds...

[Info][Sat Nov 06 18:57:48 2021]: Planting random seeds...

[Info][Sat Nov 06 18:57:49 2021]: Planting random seeds...

[Info][Sat Nov 06 18:57:50 2021]: Planting random seeds...

[Info][Sat Nov 06 18:59:29 2021]: Planting random seeds...

[Info][Sat Nov 06 18:59:30 2021]: Planting random seeds...

[Info][Sat Nov 06 18:59:31 2021]: Planting random seeds...

[Info][Sat Nov 06 18:59:32 2021]: Planting random seeds...

[Info][Sat Nov 06 18:59:33 2021]: Planting random seeds...

[Info][Sat Nov 06 18:59:34 2021]: Planting random seeds...

[Info][Sat Nov 06 18:59:35 2021]: Planting random seeds...

[Info][Sat Nov 06 18:59:45 2021]: Planting random seeds...

[Info][Sat Nov 06 18:59:53 2021]: Planting random seeds...

[Info][Sat Nov 06 19:40:46 2021]: Planting random seeds...

[Info][Sat Nov 06 19:40:47 2021]: Planting random seeds...

[Info][Sat Nov 06 19:40:48 2021]: Planting random seeds...

[Info][Sat Nov 06 19:40:49 2021]: Planting random seeds...

[Info][Sat Nov 06 19:40:50 2021]: Planting random seeds...

[Info][Sat Nov 06 19:40:51 2021]: Planting random seeds...

[Info][Sat Nov 06 19:40:52 2021]: Planting random seeds...

[Info][Sat Nov 06 19:41:02 2021]: Planting random seeds...

[Info][Sat Nov 06 19:41:07 2021]: Planting random seeds...

[Info][Sat Nov 06 19:55:58 2021]: Planting random seeds...

[Info][Sat Nov 06 19:56:00 2021]: Planting random seeds...

[Info][Sat Nov 06 19:56:01 2021]: Planting random seeds...

[Info][Sat Nov 06 20:24:36 2021]: Planting random seeds...

[Info][Sat Nov 06 20:25:10 2021]: Planting random seeds...

[Info][Sat Nov 06 20:25:53 2021]: > Broadcasted message: "Jamais informe os dados da sua conta em qualquer site que não seja o pokecenter.com, a equipe não da itens ou pokemons.".

[Info][Sat Nov 06 20:25:53 2021]: > Broadcasted message: "Never let the data of your account on any site other than pokecenter.com, the staff not give any item or pokemon.".

[Info][Sat Nov 06 21:10:54 2021]: > Broadcasted message: "Pense duas vezes antes de usar qualquer tipo de bot ou hack no seu personagem, isto não será tolerado e seu personagem será deletado. Jogue limpo.".

[Info][Sat Nov 06 21:10:54 2021]: > Broadcasted message: "Think twice before using any bot or hack on your character, it will not be tolerated and your character will be deleted. Play nice.".

[Info][Sat Nov 06 21:55:55 2021]: > Broadcasted message: "Você precisa de alguma informação sobre o jogo? Acesse agora: http://www.pokecenter.com".

[Info][Sat Nov 06 21:55:55 2021]: > Broadcasted message: "Do you need any information about the game? Visit now: http://www.pokecenter.com".

[Info][Sat Nov 06 22:40:56 2021]: > Broadcasted message: "Gostou do jogo? Então comece a divulga-lo agora mesmo! Chame seus amigos para jogar! Assim você se diverte muito mais e ajuda a manter o projeto!".

[Info][Sat Nov 06 22:40:56 2021]: > Broadcasted message: "Did you like the game? Then start to publish it right now! Call your friends to play! So you enjoy a lot more and helps keep the project!".

[Info][Sat Nov 06 23:25:57 2021]: > Broadcasted message: "Nunca coloque os dados de sua conta em qualquer site que não seja o oficial do pokecenter (http://www.pokecenter.com)! Cuide de sua conta!".

[Info][Sat Nov 06 23:25:57 2021]: > Broadcasted message: "Never put your account information at any site other than the official pokecenter (http://www.pokecenter.com)! Take care of your account!".

