[Info][Sun Oct 24 16:24:03 2021]: Planting random seeds...

[Info][Sun Oct 24 16:24:05 2021]: Planting random seeds...

[Info][Sun Oct 24 16:24:08 2021]: Planting random seeds...

[Info][Sun Oct 24 16:24:11 2021]: Planting random seeds...

[Info][Sun Oct 24 16:24:13 2021]: Planting random seeds...

[Info][Sun Oct 24 16:24:14 2021]: Planting random seeds...

[Info][Sun Oct 24 16:24:15 2021]: Planting random seeds...

[Info][Sun Oct 24 16:24:46 2021]: Planting random seeds...

[Info][Sun Oct 24 16:24:59 2021]: Planting random seeds...

[Info][Sun Oct 24 16:32:30 2021]: Planting random seeds...

[Info][Sun Oct 24 16:55:02 2021]: Planting random seeds...

[Info][Sun Oct 24 16:59:36 2021]: Planting random seeds...

[Info][Sun Oct 24 17:07:05 2021]: Planting random seeds...

[Info][Sun Oct 24 17:07:06 2021]: Planting random seeds...

[Info][Sun Oct 24 17:07:08 2021]: Planting random seeds...

[Info][Sun Oct 24 17:07:09 2021]: Planting random seeds...

[Info][Sun Oct 24 17:07:11 2021]: Planting random seeds...

[Info][Sun Oct 24 17:07:12 2021]: Planting random seeds...

[Info][Sun Oct 24 17:07:13 2021]: Planting random seeds...

[Info][Sun Oct 24 17:07:38 2021]: Planting random seeds...

[Info][Sun Oct 24 17:07:46 2021]: Planting random seeds...

[Info][Sun Oct 24 17:12:30 2021]: Planting random seeds...

[Info][Sun Oct 24 17:13:07 2021]: Planting random seeds...

[Info][Sun Oct 24 17:14:29 2021]: Planting random seeds...

[Info][Sun Oct 24 17:15:44 2021]: Planting random seeds...

[Info][Sun Oct 24 17:22:18 2021]: Planting random seeds...

[Info][Sun Oct 24 17:30:20 2021]: Planting random seeds...

[Info][Sun Oct 24 17:46:39 2021]: Planting random seeds...

[Info][Sun Oct 24 17:48:48 2021]: Planting random seeds...

[Info][Sun Oct 24 17:50:48 2021]: Planting random seeds...

[Info][Sun Oct 24 17:52:14 2021]: > Broadcasted message: "Jamais informe os dados da sua conta em qualquer site que não seja o pokecenter.com, a equipe não da itens ou pokemons.".

[Info][Sun Oct 24 17:52:14 2021]: > Broadcasted message: "Never let the data of your account on any site other than pokecenter.com, the staff not give any item or pokemon.".

[Info][Sun Oct 24 18:12:04 2021]: Planting random seeds...

[Info][Sun Oct 24 18:25:04 2021]: Planting random seeds...

[Info][Sun Oct 24 18:37:15 2021]: > Broadcasted message: "Pense duas vezes antes de usar qualquer tipo de bot ou hack no seu personagem, isto não será tolerado e seu personagem será deletado. Jogue limpo.".

[Info][Sun Oct 24 18:37:15 2021]: > Broadcasted message: "Think twice before using any bot or hack on your character, it will not be tolerated and your character will be deleted. Play nice.".

[Info][Sun Oct 24 18:38:38 2021]: Planting random seeds...

[Info][Sun Oct 24 18:38:40 2021]: Planting random seeds...

[Info][Sun Oct 24 18:38:41 2021]: Planting random seeds...

[Info][Sun Oct 24 18:39:23 2021]: Planting random seeds...

[Info][Sun Oct 24 18:39:24 2021]: Planting random seeds...

[Info][Sun Oct 24 18:39:26 2021]: Planting random seeds...

[Info][Sun Oct 24 18:39:49 2021]: Planting random seeds...

[Info][Sun Oct 24 18:44:58 2021]: Planting random seeds...

[Info][Sun Oct 24 18:44:58 2021]: Planting random seeds...

[Info][Sun Oct 24 18:44:59 2021]: Planting random seeds...

[Info][Sun Oct 24 18:45:00 2021]: Planting random seeds...

[Info][Sun Oct 24 18:45:01 2021]: Planting random seeds...

[Info][Sun Oct 24 18:45:02 2021]: Planting random seeds...

[Info][Sun Oct 24 18:45:03 2021]: Planting random seeds...

[Info][Sun Oct 24 18:45:13 2021]: Planting random seeds...

[Info][Sun Oct 24 18:45:19 2021]: Planting random seeds...

[Info][Sun Oct 24 19:07:15 2021]: Planting random seeds...

[Info][Sun Oct 24 19:07:20 2021]: Planting random seeds...

[Info][Sun Oct 24 19:07:50 2021]: Planting random seeds...

[Info][Sun Oct 24 19:10:43 2021]: Planting random seeds...

[Info][Sun Oct 24 19:12:11 2021]: Planting random seeds...

[Info][Sun Oct 24 19:12:12 2021]: Planting random seeds...

[Info][Sun Oct 24 19:12:13 2021]: Planting random seeds...

[Info][Sun Oct 24 19:13:14 2021]: Planting random seeds...

[Info][Sun Oct 24 19:16:48 2021]: Planting random seeds...

[Info][Sun Oct 24 19:16:49 2021]: Planting random seeds...

[Info][Sun Oct 24 19:16:50 2021]: Planting random seeds...

[Info][Sun Oct 24 19:18:24 2021]: Planting random seeds...

[Info][Sun Oct 24 19:18:56 2021]: Planting random seeds...

[Info][Sun Oct 24 19:18:57 2021]: Planting random seeds...

[Info][Sun Oct 24 19:18:58 2021]: Planting random seeds...

[Info][Sun Oct 24 19:21:07 2021]: Planting random seeds...

[Info][Sun Oct 24 19:21:21 2021]: Planting random seeds...

[Info][Sun Oct 24 19:21:22 2021]: Planting random seeds...

[Info][Sun Oct 24 19:21:23 2021]: Planting random seeds...

[Info][Sun Oct 24 19:30:04 2021]: > Broadcasted message: "Jamais informe os dados da sua conta em qualquer site que não seja o pokecenter.com, a equipe não da itens ou pokemons.".

[Info][Sun Oct 24 19:30:04 2021]: > Broadcasted message: "Never let the data of your account on any site other than pokecenter.com, the staff not give any item or pokemon.".

[Info][Sun Oct 24 19:31:32 2021]: Planting random seeds...

[Info][Sun Oct 24 19:31:33 2021]: Planting random seeds...

[Info][Sun Oct 24 19:31:35 2021]: Planting random seeds...

[Info][Sun Oct 24 19:31:36 2021]: Planting random seeds...

[Info][Sun Oct 24 20:15:05 2021]: > Broadcasted message: "Pense duas vezes antes de usar qualquer tipo de bot ou hack no seu personagem, isto não será tolerado e seu personagem será deletado. Jogue limpo.".

[Info][Sun Oct 24 20:15:05 2021]: > Broadcasted message: "Think twice before using any bot or hack on your character, it will not be tolerated and your character will be deleted. Play nice.".

[Info][Sun Oct 24 21:00:06 2021]: > Broadcasted message: "Você precisa de alguma informação sobre o jogo? Acesse agora: http://www.pokecenter.com".

[Info][Sun Oct 24 21:00:06 2021]: > Broadcasted message: "Do you need any information about the game? Visit now: http://www.pokecenter.com".

[Info][Sun Oct 24 21:05:01 2021]: Planting random seeds...

[Info][Sun Oct 24 21:05:02 2021]: Planting random seeds...

[Info][Sun Oct 24 21:05:03 2021]: Planting random seeds...

[Info][Sun Oct 24 21:05:04 2021]: Planting random seeds...

[Info][Sun Oct 24 21:05:05 2021]: Planting random seeds...

[Info][Sun Oct 24 21:05:06 2021]: Planting random seeds...

[Info][Sun Oct 24 21:05:07 2021]: Planting random seeds...

[Info][Sun Oct 24 21:05:17 2021]: Planting random seeds...

[Info][Sun Oct 24 21:05:23 2021]: Planting random seeds...

[Info][Sun Oct 24 21:49:37 2021]: Planting random seeds...

[Info][Sun Oct 24 21:49:38 2021]: Planting random seeds...

[Info][Sun Oct 24 21:49:39 2021]: Planting random seeds...

[Info][Sun Oct 24 21:49:40 2021]: Planting random seeds...

[Info][Sun Oct 24 21:49:41 2021]: Planting random seeds...

[Info][Sun Oct 24 21:49:42 2021]: Planting random seeds...

[Info][Sun Oct 24 21:49:43 2021]: Planting random seeds...

[Info][Sun Oct 24 21:49:52 2021]: Planting random seeds...

[Info][Sun Oct 24 21:49:58 2021]: Planting random seeds...

[Info][Sun Oct 24 21:52:34 2021]: Planting random seeds...

[Info][Sun Oct 24 21:52:35 2021]: Planting random seeds...

[Info][Sun Oct 24 21:54:58 2021]: Planting random seeds...

[Info][Sun Oct 24 21:58:35 2021]: Planting random seeds...

[Info][Sun Oct 24 22:01:25 2021]: Planting random seeds...

[Info][Sun Oct 24 22:01:26 2021]: Planting random seeds...

[Info][Sun Oct 24 22:01:28 2021]: Planting random seeds...

[Info][Sun Oct 24 22:03:28 2021]: Planting random seeds...

[Info][Sun Oct 24 22:13:11 2021]: Planting random seeds...

[Info][Sun Oct 24 22:13:12 2021]: Planting random seeds...

[Info][Sun Oct 24 22:13:13 2021]: Planting random seeds...

[Info][Sun Oct 24 22:14:56 2021]: Planting random seeds...

[Info][Sun Oct 24 22:15:06 2021]: Planting random seeds...

[Info][Sun Oct 24 22:16:13 2021]: Planting random seeds...

[Info][Sun Oct 24 22:16:14 2021]: Planting random seeds...

[Info][Sun Oct 24 22:16:15 2021]: Planting random seeds...

[Info][Sun Oct 24 22:17:13 2021]: Planting random seeds...

[Info][Sun Oct 24 22:17:14 2021]: Planting random seeds...

[Info][Sun Oct 24 22:17:15 2021]: Planting random seeds...

[Info][Sun Oct 24 22:17:16 2021]: Planting random seeds...

[Info][Sun Oct 24 22:17:17 2021]: Planting random seeds...

[Info][Sun Oct 24 22:17:18 2021]: Planting random seeds...

[Info][Sun Oct 24 22:17:19 2021]: Planting random seeds...

[Info][Sun Oct 24 22:17:43 2021]: Planting random seeds...

[Info][Sun Oct 24 22:17:51 2021]: Planting random seeds...

[Info][Sun Oct 24 22:18:28 2021]: Planting random seeds...

[Info][Sun Oct 24 22:18:29 2021]: Planting random seeds...

[Info][Sun Oct 24 22:18:30 2021]: Planting random seeds...

[Info][Sun Oct 24 22:26:57 2021]: Planting random seeds...

[Info][Sun Oct 24 22:27:26 2021]: Planting random seeds...

[Info][Sun Oct 24 22:27:59 2021]: Planting random seeds...

[Info][Sun Oct 24 22:28:41 2021]: Planting random seeds...

[Info][Sun Oct 24 22:30:22 2021]: Planting random seeds...

[Info][Sun Oct 24 22:30:49 2021]: Planting random seeds...

[Info][Sun Oct 24 22:35:46 2021]: Planting random seeds...

[Info][Sun Oct 24 22:35:51 2021]: Planting random seeds...

[Info][Sun Oct 24 22:41:12 2021]: Planting random seeds...

[Info][Sun Oct 24 22:45:16 2021]: Planting random seeds...

[Info][Sun Oct 24 22:46:41 2021]: Planting random seeds...

[Info][Sun Oct 24 22:46:42 2021]: Planting random seeds...

[Info][Sun Oct 24 22:46:43 2021]: Planting random seeds...

[Info][Sun Oct 24 23:02:20 2021]: > Broadcasted message: "Jamais informe os dados da sua conta em qualquer site que não seja o pokecenter.com, a equipe não da itens ou pokemons.".

[Info][Sun Oct 24 23:02:20 2021]: > Broadcasted message: "Never let the data of your account on any site other than pokecenter.com, the staff not give any item or pokemon.".

[Info][Sun Oct 24 23:06:12 2021]: Planting random seeds...

[Info][Sun Oct 24 23:15:24 2021]: Planting random seeds...

[Info][Sun Oct 24 23:15:31 2021]: Planting random seeds...

[Info][Sun Oct 24 23:15:32 2021]: Planting random seeds...

[Info][Sun Oct 24 23:15:34 2021]: Planting random seeds...

[Info][Sun Oct 24 23:19:53 2021]: Planting random seeds...

[Info][Sun Oct 24 23:27:04 2021]: Planting random seeds...

[Info][Sun Oct 24 23:27:05 2021]: Planting random seeds...

[Info][Sun Oct 24 23:27:06 2021]: Planting random seeds...

[Info][Sun Oct 24 23:27:07 2021]: Planting random seeds...

[Info][Sun Oct 24 23:27:08 2021]: Planting random seeds...

[Info][Sun Oct 24 23:27:09 2021]: Planting random seeds...

[Info][Sun Oct 24 23:27:10 2021]: Planting random seeds...

[Info][Sun Oct 24 23:27:20 2021]: Planting random seeds...

[Info][Sun Oct 24 23:27:26 2021]: Planting random seeds...

[Info][Sun Oct 24 23:29:29 2021]: Planting random seeds...

[Info][Sun Oct 24 23:30:01 2021]: Planting random seeds...

[Info][Sun Oct 24 23:31:17 2021]: Planting random seeds...

[Info][Sun Oct 24 23:31:18 2021]: Planting random seeds...

[Info][Sun Oct 24 23:31:18 2021]: Planting random seeds...

[Info][Sun Oct 24 23:31:19 2021]: Planting random seeds...

[Info][Sun Oct 24 23:31:20 2021]: Planting random seeds...

[Info][Sun Oct 24 23:31:21 2021]: Planting random seeds...

[Info][Sun Oct 24 23:31:22 2021]: Planting random seeds...

[Info][Sun Oct 24 23:31:32 2021]: Planting random seeds...

[Info][Sun Oct 24 23:31:39 2021]: Planting random seeds...

[Info][Sun Oct 24 23:34:48 2021]: Planting random seeds...

