[Info][Tue Sep 07 09:09:19 2021]: Planting random seeds...

[Info][Tue Sep 07 09:09:20 2021]: Planting random seeds...

[Info][Tue Sep 07 09:09:24 2021]: Planting random seeds...

[Info][Tue Sep 07 09:09:27 2021]: Planting random seeds...

[Info][Tue Sep 07 09:09:29 2021]: Planting random seeds...

[Info][Tue Sep 07 09:09:30 2021]: Planting random seeds...

[Info][Tue Sep 07 09:09:31 2021]: Planting random seeds...

[Info][Tue Sep 07 09:09:56 2021]: Planting random seeds...

[Info][Tue Sep 07 09:10:11 2021]: Planting random seeds...

[Info][Tue Sep 07 10:20:04 2021]: Planting random seeds...

[Info][Tue Sep 07 10:20:04 2021]: Planting random seeds...

[Info][Tue Sep 07 10:20:05 2021]: Planting random seeds...

[Info][Tue Sep 07 10:20:06 2021]: Planting random seeds...

[Info][Tue Sep 07 10:20:07 2021]: Planting random seeds...

[Info][Tue Sep 07 10:20:08 2021]: Planting random seeds...

[Info][Tue Sep 07 10:20:09 2021]: Planting random seeds...

[Info][Tue Sep 07 10:20:19 2021]: Planting random seeds...

[Info][Tue Sep 07 10:20:27 2021]: Planting random seeds...

[Info][Tue Sep 07 10:27:33 2021]: Planting random seeds...

[Info][Tue Sep 07 10:30:42 2021]: Planting random seeds...

[Info][Tue Sep 07 10:31:22 2021]: Planting random seeds...

[Info][Tue Sep 07 10:33:55 2021]: Planting random seeds...

[Info][Tue Sep 07 10:34:21 2021]: Planting random seeds...

[Info][Tue Sep 07 10:35:33 2021]: Planting random seeds...

[Info][Tue Sep 07 10:38:13 2021]: Planting random seeds...

[Info][Tue Sep 07 10:40:10 2021]: Planting random seeds...

[Info][Tue Sep 07 10:41:48 2021]: Planting random seeds...

[Info][Tue Sep 07 10:44:32 2021]: Planting random seeds...

[Info][Tue Sep 07 10:45:18 2021]: Planting random seeds...

[Info][Tue Sep 07 10:48:05 2021]: Planting random seeds...

[Info][Tue Sep 07 10:48:42 2021]: Planting random seeds...

[Info][Tue Sep 07 10:49:19 2021]: Planting random seeds...

[Info][Tue Sep 07 10:50:41 2021]: Planting random seeds...

[Info][Tue Sep 07 10:53:07 2021]: Planting random seeds...

[Info][Tue Sep 07 10:56:24 2021]: Planting random seeds...

[Info][Tue Sep 07 11:01:54 2021]: Planting random seeds...

[Info][Tue Sep 07 11:05:10 2021]: > Broadcasted message: "Jamais informe os dados da sua conta em qualquer site que não seja o pokecenter.com, a equipe não da itens ou pokemons.".

[Info][Tue Sep 07 11:05:10 2021]: > Broadcasted message: "Never let the data of your account on any site other than pokecenter.com, the staff not give any item or pokemon.".

[Info][Tue Sep 07 11:21:39 2021]: Planting random seeds...

[Info][Tue Sep 07 11:23:29 2021]: Planting random seeds...

[Info][Tue Sep 07 11:36:05 2021]: Planting random seeds...

[Info][Tue Sep 07 11:36:14 2021]: Planting random seeds...

[Info][Tue Sep 07 11:50:11 2021]: > Broadcasted message: "Pense duas vezes antes de usar qualquer tipo de bot ou hack no seu personagem, isto não será tolerado e seu personagem será deletado. Jogue limpo.".

[Info][Tue Sep 07 11:50:11 2021]: > Broadcasted message: "Think twice before using any bot or hack on your character, it will not be tolerated and your character will be deleted. Play nice.".

[Info][Tue Sep 07 12:26:41 2021]: Planting random seeds...

[Info][Tue Sep 07 12:31:10 2021]: Planting random seeds...

[Info][Tue Sep 07 12:35:08 2021]: Planting random seeds...

[Info][Tue Sep 07 12:35:12 2021]: > Broadcasted message: "Você precisa de alguma informação sobre o jogo? Acesse agora: http://www.pokecenter.com".

[Info][Tue Sep 07 12:35:12 2021]: > Broadcasted message: "Do you need any information about the game? Visit now: http://www.pokecenter.com".

[Info][Tue Sep 07 12:36:15 2021]: Planting random seeds...

[Info][Tue Sep 07 12:36:34 2021]: Planting random seeds...

