[Info][Mon Aug 30 06:44:35 2021]: Planting random seeds...

[Info][Mon Aug 30 06:44:35 2021]: Planting random seeds...

[Info][Mon Aug 30 06:44:38 2021]: Planting random seeds...

[Info][Mon Aug 30 06:44:40 2021]: Planting random seeds...

[Info][Mon Aug 30 06:44:42 2021]: Planting random seeds...

[Info][Mon Aug 30 06:44:43 2021]: Planting random seeds...

[Info][Mon Aug 30 06:44:44 2021]: Planting random seeds...

[Info][Mon Aug 30 06:45:00 2021]: Planting random seeds...

[Info][Mon Aug 30 06:45:07 2021]: Planting random seeds...

[Info][Mon Aug 30 07:13:58 2021]: Planting random seeds...

[Info][Mon Aug 30 07:14:01 2021]: Planting random seeds...

[Info][Mon Aug 30 07:29:45 2021]: > Broadcasted message: "Jamais informe os dados da sua conta em qualquer site que não seja o pokecenter.com, a equipe não da itens ou pokemons.".

[Info][Mon Aug 30 07:29:45 2021]: > Broadcasted message: "Never let the data of your account on any site other than pokecenter.com, the staff not give any item or pokemon.".

[Info][Mon Aug 30 08:14:46 2021]: > Broadcasted message: "Pense duas vezes antes de usar qualquer tipo de bot ou hack no seu personagem, isto não será tolerado e seu personagem será deletado. Jogue limpo.".

[Info][Mon Aug 30 08:14:46 2021]: > Broadcasted message: "Think twice before using any bot or hack on your character, it will not be tolerated and your character will be deleted. Play nice.".

[Info][Mon Aug 30 10:57:21 2021]: Planting random seeds...

[Info][Mon Aug 30 10:57:22 2021]: Planting random seeds...

[Info][Mon Aug 30 10:57:26 2021]: Planting random seeds...

[Info][Mon Aug 30 10:57:28 2021]: Planting random seeds...

[Info][Mon Aug 30 10:57:29 2021]: Planting random seeds...

[Info][Mon Aug 30 10:57:30 2021]: Planting random seeds...

[Info][Mon Aug 30 10:57:31 2021]: Planting random seeds...

[Info][Mon Aug 30 10:57:47 2021]: Planting random seeds...

[Info][Mon Aug 30 10:57:57 2021]: Planting random seeds...

[Info][Mon Aug 30 11:11:29 2021]: Planting random seeds...

[Info][Mon Aug 30 11:11:30 2021]: Planting random seeds...

[Info][Mon Aug 30 11:11:35 2021]: Planting random seeds...

[Info][Mon Aug 30 11:11:38 2021]: Planting random seeds...

[Info][Mon Aug 30 11:11:40 2021]: Planting random seeds...

[Info][Mon Aug 30 11:11:41 2021]: Planting random seeds...

[Info][Mon Aug 30 11:11:42 2021]: Planting random seeds...

[Info][Mon Aug 30 11:12:05 2021]: Planting random seeds...

[Info][Mon Aug 30 11:12:17 2021]: Planting random seeds...

[Info][Mon Aug 30 11:17:58 2021]: Planting random seeds...

[Info][Mon Aug 30 12:40:26 2021]: Planting random seeds...

[Info][Mon Aug 30 12:40:27 2021]: Planting random seeds...

[Info][Mon Aug 30 12:40:28 2021]: Planting random seeds...

[Info][Mon Aug 30 12:40:29 2021]: Planting random seeds...

[Info][Mon Aug 30 12:40:30 2021]: Planting random seeds...

[Info][Mon Aug 30 12:40:31 2021]: Planting random seeds...

[Info][Mon Aug 30 12:40:32 2021]: Planting random seeds...

[Info][Mon Aug 30 12:40:43 2021]: Planting random seeds...

[Info][Mon Aug 30 12:40:49 2021]: Planting random seeds...

[Info][Mon Aug 30 12:41:55 2021]: Planting random seeds...

[Info][Mon Aug 30 12:47:47 2021]: Planting random seeds...

[Info][Mon Aug 30 12:47:48 2021]: Planting random seeds...

[Info][Mon Aug 30 12:47:49 2021]: Planting random seeds...

[Info][Mon Aug 30 12:47:50 2021]: Planting random seeds...

[Info][Mon Aug 30 12:47:51 2021]: Planting random seeds...

[Info][Mon Aug 30 12:47:51 2021]: Planting random seeds...

[Info][Mon Aug 30 12:47:52 2021]: Planting random seeds...

[Info][Mon Aug 30 12:48:03 2021]: Planting random seeds...

[Info][Mon Aug 30 12:48:09 2021]: Planting random seeds...

[Info][Mon Aug 30 12:53:58 2021]: Planting random seeds...

[Info][Mon Aug 30 12:56:42 2021]: Planting random seeds...

[Info][Mon Aug 30 12:57:00 2021]: Planting random seeds...

[Info][Mon Aug 30 12:57:35 2021]: Planting random seeds...

[Info][Mon Aug 30 12:59:34 2021]: Planting random seeds...

[Info][Mon Aug 30 13:08:27 2021]: Planting random seeds...

[Info][Mon Aug 30 13:08:28 2021]: Planting random seeds...

[Info][Mon Aug 30 13:08:29 2021]: Planting random seeds...

[Info][Mon Aug 30 13:08:30 2021]: Planting random seeds...

[Info][Mon Aug 30 13:08:30 2021]: Planting random seeds...

[Info][Mon Aug 30 13:08:31 2021]: Planting random seeds...

[Info][Mon Aug 30 13:17:26 2021]: Planting random seeds...

[Info][Mon Aug 30 13:17:27 2021]: Planting random seeds...

[Info][Mon Aug 30 13:17:28 2021]: Planting random seeds...

[Info][Mon Aug 30 13:17:29 2021]: Planting random seeds...

[Info][Mon Aug 30 13:17:29 2021]: Planting random seeds...

[Info][Mon Aug 30 13:17:30 2021]: Planting random seeds...

[Info][Mon Aug 30 13:17:31 2021]: Planting random seeds...

[Info][Mon Aug 30 13:17:40 2021]: Planting random seeds...

[Info][Mon Aug 30 13:17:45 2021]: Planting random seeds...

[Info][Mon Aug 30 13:19:50 2021]: Planting random seeds...

[Info][Mon Aug 30 13:20:17 2021]: Planting random seeds...

[Info][Mon Aug 30 13:20:20 2021]: Planting random seeds...

[Info][Mon Aug 30 14:27:17 2021]: Planting random seeds...

[Info][Mon Aug 30 14:27:18 2021]: Planting random seeds...

[Info][Mon Aug 30 14:27:19 2021]: Planting random seeds...

[Info][Mon Aug 30 14:27:20 2021]: Planting random seeds...

[Info][Mon Aug 30 14:27:21 2021]: Planting random seeds...

[Info][Mon Aug 30 14:27:22 2021]: Planting random seeds...

[Info][Mon Aug 30 14:27:23 2021]: Planting random seeds...

[Info][Mon Aug 30 14:27:37 2021]: Planting random seeds...

[Info][Mon Aug 30 14:27:45 2021]: Planting random seeds...

[Info][Mon Aug 30 14:28:16 2021]: Planting random seeds...

[Info][Mon Aug 30 14:28:36 2021]: Planting random seeds...

[Info][Mon Aug 30 14:29:53 2021]: Planting random seeds...

[Info][Mon Aug 30 14:30:45 2021]: Planting random seeds...

[Info][Mon Aug 30 14:31:11 2021]: Planting random seeds...

[Info][Mon Aug 30 14:32:20 2021]: Planting random seeds...

[Info][Mon Aug 30 14:35:55 2021]: Planting random seeds...

[Info][Mon Aug 30 14:36:18 2021]: Planting random seeds...

[Info][Mon Aug 30 14:37:06 2021]: Planting random seeds...

[Info][Mon Aug 30 14:38:04 2021]: Planting random seeds...

[Info][Mon Aug 30 14:43:29 2021]: Planting random seeds...

[Info][Mon Aug 30 14:43:56 2021]: Planting random seeds...

[Info][Mon Aug 30 14:44:46 2021]: Planting random seeds...

[Info][Mon Aug 30 14:45:37 2021]: Planting random seeds...

[Info][Mon Aug 30 14:46:16 2021]: Planting random seeds...

[Info][Mon Aug 30 14:46:56 2021]: Planting random seeds...

[Info][Mon Aug 30 14:50:42 2021]: Planting random seeds...

[Info][Mon Aug 30 14:51:29 2021]: Planting random seeds...

[Info][Mon Aug 30 14:52:04 2021]: Planting random seeds...

[Info][Mon Aug 30 14:52:37 2021]: Planting random seeds...

[Info][Mon Aug 30 15:12:24 2021]: > Broadcasted message: "Jamais informe os dados da sua conta em qualquer site que não seja o pokecenter.com, a equipe não da itens ou pokemons.".

[Info][Mon Aug 30 15:12:24 2021]: > Broadcasted message: "Never let the data of your account on any site other than pokecenter.com, the staff not give any item or pokemon.".

[Info][Mon Aug 30 15:48:51 2021]: Planting random seeds...

[Info][Mon Aug 30 15:48:52 2021]: Planting random seeds...

[Info][Mon Aug 30 15:48:53 2021]: Planting random seeds...

[Info][Mon Aug 30 15:48:54 2021]: Planting random seeds...

[Info][Mon Aug 30 15:48:54 2021]: Planting random seeds...

[Info][Mon Aug 30 15:48:55 2021]: Planting random seeds...

[Info][Mon Aug 30 15:48:56 2021]: Planting random seeds...

[Info][Mon Aug 30 15:49:06 2021]: Planting random seeds...

[Info][Mon Aug 30 15:49:11 2021]: Planting random seeds...

[Info][Mon Aug 30 16:17:51 2021]: Planting random seeds...

[Info][Mon Aug 30 16:17:52 2021]: Planting random seeds...

[Info][Mon Aug 30 16:17:53 2021]: Planting random seeds...

[Info][Mon Aug 30 16:17:54 2021]: Planting random seeds...

[Info][Mon Aug 30 16:17:55 2021]: Planting random seeds...

[Info][Mon Aug 30 16:17:55 2021]: Planting random seeds...

[Info][Mon Aug 30 16:17:56 2021]: Planting random seeds...

[Info][Mon Aug 30 16:18:06 2021]: Planting random seeds...

[Info][Mon Aug 30 16:18:12 2021]: Planting random seeds...

[Info][Mon Aug 30 16:20:47 2021]: Planting random seeds...

[Info][Mon Aug 30 16:20:49 2021]: Planting random seeds...

[Info][Mon Aug 30 17:06:55 2021]: Planting random seeds...

[Info][Mon Aug 30 17:06:56 2021]: Planting random seeds...

[Info][Mon Aug 30 17:06:57 2021]: Planting random seeds...

[Info][Mon Aug 30 17:06:58 2021]: Planting random seeds...

[Info][Mon Aug 30 17:06:59 2021]: Planting random seeds...

[Info][Mon Aug 30 17:07:00 2021]: Planting random seeds...

[Info][Mon Aug 30 17:07:01 2021]: Planting random seeds...

[Info][Mon Aug 30 17:12:14 2021]: Planting random seeds...

[Info][Mon Aug 30 17:12:15 2021]: Planting random seeds...

[Info][Mon Aug 30 17:12:16 2021]: Planting random seeds...

[Info][Mon Aug 30 17:12:17 2021]: Planting random seeds...

[Info][Mon Aug 30 17:12:17 2021]: Planting random seeds...

[Info][Mon Aug 30 17:12:18 2021]: Planting random seeds...

[Info][Mon Aug 30 17:12:19 2021]: Planting random seeds...

[Info][Mon Aug 30 17:12:28 2021]: Planting random seeds...

[Info][Mon Aug 30 17:12:33 2021]: Planting random seeds...

[Info][Mon Aug 30 17:17:54 2021]: Planting random seeds...

[Info][Mon Aug 30 17:18:37 2021]: Planting random seeds...

[Info][Mon Aug 30 17:18:39 2021]: Planting random seeds...

[Info][Mon Aug 30 17:19:35 2021]: Planting random seeds...

[Info][Mon Aug 30 17:19:37 2021]: Planting random seeds...

[Info][Mon Aug 30 17:19:49 2021]: Planting random seeds...

[Info][Mon Aug 30 17:19:51 2021]: Planting random seeds...

[Info][Mon Aug 30 17:23:21 2021]: Planting random seeds...

[Info][Mon Aug 30 17:23:21 2021]: Planting random seeds...

[Info][Mon Aug 30 17:23:22 2021]: Planting random seeds...

[Info][Mon Aug 30 17:23:23 2021]: Planting random seeds...

[Info][Mon Aug 30 17:23:24 2021]: Planting random seeds...

[Info][Mon Aug 30 17:23:25 2021]: Planting random seeds...

[Info][Mon Aug 30 17:23:26 2021]: Planting random seeds...

[Info][Mon Aug 30 17:23:36 2021]: Planting random seeds...

[Info][Mon Aug 30 17:23:42 2021]: Planting random seeds...

[Info][Mon Aug 30 17:24:34 2021]: Planting random seeds...

[Info][Mon Aug 30 17:24:40 2021]: Planting random seeds...

[Info][Mon Aug 30 17:24:53 2021]: Planting random seeds...

[Info][Mon Aug 30 17:24:55 2021]: Planting random seeds...

[Info][Mon Aug 30 17:27:30 2021]: Planting random seeds...

[Info][Mon Aug 30 17:27:32 2021]: Planting random seeds...

[Info][Mon Aug 30 17:29:07 2021]: Planting random seeds...

[Info][Mon Aug 30 17:29:09 2021]: Planting random seeds...

[Info][Mon Aug 30 17:31:30 2021]: Planting random seeds...

[Info][Mon Aug 30 18:08:27 2021]: > Broadcasted message: "Jamais informe os dados da sua conta em qualquer site que não seja o pokecenter.com, a equipe não da itens ou pokemons.".

[Info][Mon Aug 30 18:08:27 2021]: > Broadcasted message: "Never let the data of your account on any site other than pokecenter.com, the staff not give any item or pokemon.".

[Info][Mon Aug 30 18:15:33 2021]: Planting random seeds...

[Info][Mon Aug 30 18:15:34 2021]: Planting random seeds...

[Info][Mon Aug 30 18:15:35 2021]: Planting random seeds...

[Info][Mon Aug 30 18:15:36 2021]: Planting random seeds...

[Info][Mon Aug 30 18:15:37 2021]: Planting random seeds...

[Info][Mon Aug 30 18:15:37 2021]: Planting random seeds...

[Info][Mon Aug 30 18:15:38 2021]: Planting random seeds...

[Info][Mon Aug 30 18:15:48 2021]: Planting random seeds...

[Info][Mon Aug 30 18:15:54 2021]: Planting random seeds...

[Info][Mon Aug 30 18:20:22 2021]: Planting random seeds...

[Info][Mon Aug 30 18:20:39 2021]: Planting random seeds...

[Info][Mon Aug 30 18:21:04 2021]: Planting random seeds...

[Info][Mon Aug 30 18:34:25 2021]: Planting random seeds...

[Info][Mon Aug 30 18:35:29 2021]: Planting random seeds...

[Info][Mon Aug 30 18:53:20 2021]: Planting random seeds...

[Info][Mon Aug 30 18:58:51 2021]: Planting random seeds...

[Info][Mon Aug 30 19:00:39 2021]: > Broadcasted message: "Jamais informe os dados da sua conta em qualquer site que não seja o pokecenter.com, a equipe não da itens ou pokemons.".

[Info][Mon Aug 30 19:00:39 2021]: > Broadcasted message: "Never let the data of your account on any site other than pokecenter.com, the staff not give any item or pokemon.".

[Info][Mon Aug 30 19:32:06 2021]: Planting random seeds...

[Info][Mon Aug 30 19:32:20 2021]: Planting random seeds...

[Info][Mon Aug 30 19:33:11 2021]: Planting random seeds...

[Info][Mon Aug 30 19:40:38 2021]: Planting random seeds...

[Info][Mon Aug 30 19:40:41 2021]: Planting random seeds...

[Info][Mon Aug 30 19:44:49 2021]: Planting random seeds...

[Info][Mon Aug 30 19:44:51 2021]: Planting random seeds...

[Info][Mon Aug 30 19:45:40 2021]: > Broadcasted message: "Pense duas vezes antes de usar qualquer tipo de bot ou hack no seu personagem, isto não será tolerado e seu personagem será deletado. Jogue limpo.".

[Info][Mon Aug 30 19:45:40 2021]: > Broadcasted message: "Think twice before using any bot or hack on your character, it will not be tolerated and your character will be deleted. Play nice.".

[Info][Mon Aug 30 19:46:44 2021]: Planting random seeds...

[Info][Mon Aug 30 19:47:03 2021]: Planting random seeds...

[Info][Mon Aug 30 19:47:09 2021]: Planting random seeds...

[Info][Mon Aug 30 19:48:30 2021]: Planting random seeds...

[Info][Mon Aug 30 19:57:10 2021]: Planting random seeds...

[Info][Mon Aug 30 19:57:21 2021]: Planting random seeds...

[Info][Mon Aug 30 20:03:34 2021]: Planting random seeds...

[Info][Mon Aug 30 20:03:56 2021]: Planting random seeds...

[Info][Mon Aug 30 20:03:59 2021]: Planting random seeds...

[Info][Mon Aug 30 20:04:13 2021]: Planting random seeds...

[Info][Mon Aug 30 20:04:57 2021]: Planting random seeds...

[Info][Mon Aug 30 20:04:59 2021]: Planting random seeds...

[Info][Mon Aug 30 20:06:37 2021]: Planting random seeds...

[Info][Mon Aug 30 20:07:26 2021]: Planting random seeds...

[Info][Mon Aug 30 20:07:47 2021]: Planting random seeds...

[Info][Mon Aug 30 20:07:49 2021]: Planting random seeds...

[Info][Mon Aug 30 20:08:05 2021]: Planting random seeds...

[Info][Mon Aug 30 20:08:09 2021]: Planting random seeds...

[Info][Mon Aug 30 20:09:37 2021]: Planting random seeds...

[Info][Mon Aug 30 20:09:42 2021]: Planting random seeds...

[Info][Mon Aug 30 20:11:39 2021]: Planting random seeds...

[Info][Mon Aug 30 20:12:55 2021]: Planting random seeds...

[Info][Mon Aug 30 20:14:09 2021]: Planting random seeds...

[Info][Mon Aug 30 20:14:34 2021]: Planting random seeds...

[Info][Mon Aug 30 20:14:54 2021]: Planting random seeds...

[Info][Mon Aug 30 20:15:04 2021]: Planting random seeds...

[Info][Mon Aug 30 20:16:03 2021]: Planting random seeds...

[Info][Mon Aug 30 20:18:30 2021]: Planting random seeds...

[Info][Mon Aug 30 20:33:00 2021]: Planting random seeds...

[Info][Mon Aug 30 20:33:01 2021]: Planting random seeds...

[Info][Mon Aug 30 20:33:01 2021]: Planting random seeds...

[Info][Mon Aug 30 20:33:02 2021]: Planting random seeds...

[Info][Mon Aug 30 20:33:03 2021]: Planting random seeds...

[Info][Mon Aug 30 20:33:04 2021]: Planting random seeds...

[Info][Mon Aug 30 20:33:05 2021]: Planting random seeds...

[Info][Mon Aug 30 20:33:15 2021]: Planting random seeds...

[Info][Mon Aug 30 20:33:20 2021]: Planting random seeds...

[Info][Mon Aug 30 20:37:55 2021]: Planting random seeds...

[Info][Mon Aug 30 20:37:55 2021]: Planting random seeds...

[Info][Mon Aug 30 20:37:56 2021]: Planting random seeds...

[Info][Mon Aug 30 20:37:57 2021]: Planting random seeds...

[Info][Mon Aug 30 20:37:58 2021]: Planting random seeds...

[Info][Mon Aug 30 20:37:59 2021]: Planting random seeds...

[Info][Mon Aug 30 20:38:00 2021]: Planting random seeds...

[Info][Mon Aug 30 20:38:09 2021]: Planting random seeds...

[Info][Mon Aug 30 20:38:15 2021]: Planting random seeds...

[Info][Mon Aug 30 20:46:23 2021]: Planting random seeds...

[Info][Mon Aug 30 21:23:01 2021]: > Broadcasted message: "Jamais informe os dados da sua conta em qualquer site que não seja o pokecenter.com, a equipe não da itens ou pokemons.".

[Info][Mon Aug 30 21:23:02 2021]: > Broadcasted message: "Never let the data of your account on any site other than pokecenter.com, the staff not give any item or pokemon.".

