[Info][Fri Oct 01 01:31:31 2021]: Planting random seeds...

[Info][Fri Oct 01 01:31:32 2021]: Planting random seeds...

[Info][Fri Oct 01 01:31:33 2021]: Planting random seeds...

[Info][Fri Oct 01 01:31:36 2021]: Planting random seeds...

[Info][Fri Oct 01 01:31:38 2021]: Planting random seeds...

[Info][Fri Oct 01 01:31:39 2021]: Planting random seeds...

[Info][Fri Oct 01 01:31:40 2021]: Planting random seeds...

[Info][Fri Oct 01 01:31:56 2021]: Planting random seeds...

[Info][Fri Oct 01 01:32:05 2021]: Planting random seeds...

[Info][Fri Oct 01 02:16:42 2021]: > Broadcasted message: "Jamais informe os dados da sua conta em qualquer site que não seja o pokecenter.com, a equipe não da itens ou pokemons.".

[Info][Fri Oct 01 02:16:42 2021]: > Broadcasted message: "Never let the data of your account on any site other than pokecenter.com, the staff not give any item or pokemon.".

[Info][Fri Oct 01 04:33:28 2021]: Planting random seeds...

[Info][Fri Oct 01 04:33:29 2021]: Planting random seeds...

[Info][Fri Oct 01 04:33:36 2021]: Planting random seeds...

[Info][Fri Oct 01 04:33:40 2021]: Planting random seeds...

[Info][Fri Oct 01 04:33:42 2021]: Planting random seeds...

[Info][Fri Oct 01 04:33:44 2021]: Planting random seeds...

[Info][Fri Oct 01 04:33:46 2021]: Planting random seeds...

[Info][Fri Oct 01 04:34:18 2021]: Planting random seeds...

[Info][Fri Oct 01 04:34:37 2021]: Planting random seeds...

[Info][Fri Oct 01 11:10:31 2021]: Planting random seeds...

[Info][Fri Oct 01 11:10:32 2021]: Planting random seeds...

[Info][Fri Oct 01 11:10:37 2021]: Planting random seeds...

[Info][Fri Oct 01 11:10:40 2021]: Planting random seeds...

[Info][Fri Oct 01 11:10:41 2021]: Planting random seeds...

[Info][Fri Oct 01 11:10:43 2021]: Planting random seeds...

[Info][Fri Oct 01 11:10:44 2021]: Planting random seeds...

[Info][Fri Oct 01 11:11:09 2021]: Planting random seeds...

[Info][Fri Oct 01 11:11:21 2021]: Planting random seeds...

[Info][Fri Oct 01 11:55:45 2021]: > Broadcasted message: "Jamais informe os dados da sua conta em qualquer site que não seja o pokecenter.com, a equipe não da itens ou pokemons.".

[Info][Fri Oct 01 11:55:45 2021]: > Broadcasted message: "Never let the data of your account on any site other than pokecenter.com, the staff not give any item or pokemon.".

[Info][Fri Oct 01 12:40:46 2021]: > Broadcasted message: "Pense duas vezes antes de usar qualquer tipo de bot ou hack no seu personagem, isto não será tolerado e seu personagem será deletado. Jogue limpo.".

[Info][Fri Oct 01 12:40:46 2021]: > Broadcasted message: "Think twice before using any bot or hack on your character, it will not be tolerated and your character will be deleted. Play nice.".

[Info][Fri Oct 01 13:25:47 2021]: > Broadcasted message: "Você precisa de alguma informação sobre o jogo? Acesse agora: http://www.pokecenter.com".

[Info][Fri Oct 01 13:25:47 2021]: > Broadcasted message: "Do you need any information about the game? Visit now: http://www.pokecenter.com".

[Info][Fri Oct 01 21:19:47 2021]: Planting random seeds...

[Info][Fri Oct 01 21:19:48 2021]: Planting random seeds...

[Info][Fri Oct 01 21:19:54 2021]: Planting random seeds...

[Info][Fri Oct 01 21:19:58 2021]: Planting random seeds...

[Info][Fri Oct 01 21:20:00 2021]: Planting random seeds...

[Info][Fri Oct 01 21:20:01 2021]: Planting random seeds...

[Info][Fri Oct 01 21:20:02 2021]: Planting random seeds...

[Info][Fri Oct 01 21:20:30 2021]: Planting random seeds...

[Info][Fri Oct 01 21:20:43 2021]: Planting random seeds...

