[Info][Sat Sep 18 00:00:56 2021]: Planting random seeds...

[Info][Sat Sep 18 00:00:56 2021]: Planting random seeds...

[Info][Sat Sep 18 00:00:57 2021]: Planting random seeds...

[Info][Sat Sep 18 00:00:58 2021]: Planting random seeds...

[Info][Sat Sep 18 00:00:59 2021]: Planting random seeds...

[Info][Sat Sep 18 00:01:00 2021]: Planting random seeds...

[Info][Sat Sep 18 00:01:01 2021]: Planting random seeds...

[Info][Sat Sep 18 00:02:16 2021]: Planting random seeds...

[Info][Sat Sep 18 00:02:17 2021]: Planting random seeds...

[Info][Sat Sep 18 00:02:18 2021]: Planting random seeds...

[Info][Sat Sep 18 00:02:18 2021]: Planting random seeds...

[Info][Sat Sep 18 00:02:38 2021]: Planting random seeds...

[Info][Sat Sep 18 00:02:39 2021]: Planting random seeds...

[Info][Sat Sep 18 00:02:40 2021]: Planting random seeds...

[Info][Sat Sep 18 00:02:41 2021]: Planting random seeds...

[Info][Sat Sep 18 00:02:41 2021]: Planting random seeds...

[Info][Sat Sep 18 00:02:53 2021]: Planting random seeds...

[Info][Sat Sep 18 00:02:53 2021]: Planting random seeds...

[Info][Sat Sep 18 00:02:54 2021]: Planting random seeds...

[Info][Sat Sep 18 00:02:55 2021]: Planting random seeds...

[Info][Sat Sep 18 00:05:20 2021]: Planting random seeds...

[Info][Sat Sep 18 00:05:21 2021]: Planting random seeds...

[Info][Sat Sep 18 00:05:22 2021]: Planting random seeds...

[Info][Sat Sep 18 00:05:23 2021]: Planting random seeds...

[Info][Sat Sep 18 00:06:21 2021]: Planting random seeds...

[Info][Sat Sep 18 00:06:22 2021]: Planting random seeds...

[Info][Sat Sep 18 00:06:23 2021]: Planting random seeds...

[Info][Sat Sep 18 00:06:24 2021]: Planting random seeds...

[Info][Sat Sep 18 00:06:24 2021]: Planting random seeds...

[Info][Sat Sep 18 00:06:44 2021]: Planting random seeds...

[Info][Sat Sep 18 00:06:45 2021]: Planting random seeds...

[Info][Sat Sep 18 00:06:46 2021]: Planting random seeds...

[Info][Sat Sep 18 00:06:47 2021]: Planting random seeds...

[Info][Sat Sep 18 00:06:48 2021]: Planting random seeds...

[Info][Sat Sep 18 00:06:48 2021]: Planting random seeds...

[Info][Sat Sep 18 00:07:01 2021]: Planting random seeds...

[Info][Sat Sep 18 00:07:02 2021]: Planting random seeds...

[Info][Sat Sep 18 00:07:03 2021]: Planting random seeds...

[Info][Sat Sep 18 00:07:04 2021]: Planting random seeds...

[Info][Sat Sep 18 00:10:50 2021]: Planting random seeds...

[Info][Sat Sep 18 00:10:51 2021]: Planting random seeds...

[Info][Sat Sep 18 00:10:52 2021]: Planting random seeds...

[Info][Sat Sep 18 00:10:52 2021]: Planting random seeds...

[Info][Sat Sep 18 00:12:07 2021]: Planting random seeds...

[Info][Sat Sep 18 00:12:08 2021]: Planting random seeds...

[Info][Sat Sep 18 00:12:09 2021]: Planting random seeds...

[Info][Sat Sep 18 00:12:10 2021]: Planting random seeds...

[Info][Sat Sep 18 00:12:11 2021]: Planting random seeds...

[Info][Sat Sep 18 00:12:11 2021]: Planting random seeds...

[Info][Sat Sep 18 00:16:45 2021]: Planting random seeds...

[Info][Sat Sep 18 00:16:46 2021]: Planting random seeds...

[Info][Sat Sep 18 00:16:47 2021]: Planting random seeds...

[Info][Sat Sep 18 00:16:48 2021]: Planting random seeds...

[Info][Sat Sep 18 00:16:49 2021]: Planting random seeds...

[Info][Sat Sep 18 00:17:32 2021]: Planting random seeds...

[Info][Sat Sep 18 00:17:33 2021]: Planting random seeds...

[Info][Sat Sep 18 00:17:34 2021]: Planting random seeds...

[Info][Sat Sep 18 00:17:35 2021]: Planting random seeds...

[Info][Sat Sep 18 00:17:36 2021]: Planting random seeds...

[Info][Sat Sep 18 00:17:36 2021]: Planting random seeds...

[Info][Sat Sep 18 00:17:37 2021]: Planting random seeds...

[Info][Sat Sep 18 00:17:51 2021]: Planting random seeds...

[Info][Sat Sep 18 00:17:52 2021]: Planting random seeds...

[Info][Sat Sep 18 00:17:53 2021]: Planting random seeds...

[Info][Sat Sep 18 00:18:00 2021]: Planting random seeds...

[Info][Sat Sep 18 00:18:01 2021]: Planting random seeds...

[Info][Sat Sep 18 00:18:02 2021]: Planting random seeds...

[Info][Sat Sep 18 00:18:02 2021]: Planting random seeds...

[Info][Sat Sep 18 00:18:03 2021]: Planting random seeds...

[Info][Sat Sep 18 00:18:04 2021]: Planting random seeds...

[Info][Sat Sep 18 00:18:05 2021]: Planting random seeds...

[Info][Sat Sep 18 00:18:14 2021]: Planting random seeds...

[Info][Sat Sep 18 00:18:20 2021]: Planting random seeds...

[Info][Sat Sep 18 00:24:59 2021]: Planting random seeds...

[Info][Sat Sep 18 00:25:37 2021]: Planting random seeds...

[Info][Sat Sep 18 00:26:19 2021]: Planting random seeds...

[Info][Sat Sep 18 00:29:36 2021]: Planting random seeds...

[Info][Sat Sep 18 00:32:22 2021]: Planting random seeds...

[Info][Sat Sep 18 00:36:12 2021]: Planting random seeds...

[Info][Sat Sep 18 00:37:57 2021]: Planting random seeds...

[Info][Sat Sep 18 00:41:29 2021]: Planting random seeds...

[Info][Sat Sep 18 00:50:25 2021]: Planting random seeds...

[Info][Sat Sep 18 00:52:00 2021]: Planting random seeds...

[Info][Sat Sep 18 00:52:23 2021]: Planting random seeds...

[Info][Sat Sep 18 00:53:58 2021]: Planting random seeds...

[Info][Sat Sep 18 00:54:25 2021]: Planting random seeds...

[Info][Sat Sep 18 00:57:02 2021]: Planting random seeds...

[Info][Sat Sep 18 00:57:03 2021]: Planting random seeds...

[Info][Sat Sep 18 00:57:04 2021]: Planting random seeds...

[Info][Sat Sep 18 00:57:09 2021]: Planting random seeds...

[Info][Sat Sep 18 00:57:23 2021]: Planting random seeds...

[Info][Sat Sep 18 00:57:29 2021]: Planting random seeds...

[Info][Sat Sep 18 00:57:39 2021]: Planting random seeds...

[Info][Sat Sep 18 00:58:55 2021]: Planting random seeds...

[Info][Sat Sep 18 01:01:50 2021]: Planting random seeds...

[Info][Sat Sep 18 01:01:51 2021]: Planting random seeds...

[Info][Sat Sep 18 01:01:52 2021]: Planting random seeds...

[Info][Sat Sep 18 01:03:06 2021]: > Broadcasted message: "Jamais informe os dados da sua conta em qualquer site que não seja o pokecenter.com, a equipe não da itens ou pokemons.".

[Info][Sat Sep 18 01:03:06 2021]: > Broadcasted message: "Never let the data of your account on any site other than pokecenter.com, the staff not give any item or pokemon.".

[Info][Sat Sep 18 01:06:49 2021]: Planting random seeds...

[Info][Sat Sep 18 01:08:21 2021]: Planting random seeds...

[Info][Sat Sep 18 01:08:22 2021]: Planting random seeds...

[Info][Sat Sep 18 01:08:23 2021]: Planting random seeds...

[Info][Sat Sep 18 01:23:29 2021]: Planting random seeds...

[Info][Sat Sep 18 01:23:30 2021]: Planting random seeds...

[Info][Sat Sep 18 01:23:31 2021]: Planting random seeds...

[Info][Sat Sep 18 01:23:32 2021]: Planting random seeds...

[Info][Sat Sep 18 01:23:32 2021]: Planting random seeds...

[Info][Sat Sep 18 01:23:33 2021]: Planting random seeds...

[Info][Sat Sep 18 01:23:34 2021]: Planting random seeds...

[Info][Sat Sep 18 01:23:44 2021]: Planting random seeds...

[Info][Sat Sep 18 01:23:50 2021]: Planting random seeds...

[Info][Sat Sep 18 01:27:42 2021]: Planting random seeds...

[Info][Sat Sep 18 01:27:43 2021]: Planting random seeds...

[Info][Sat Sep 18 01:27:44 2021]: Planting random seeds...

[Info][Sat Sep 18 02:08:35 2021]: > Broadcasted message: "Jamais informe os dados da sua conta em qualquer site que não seja o pokecenter.com, a equipe não da itens ou pokemons.".

[Info][Sat Sep 18 02:08:35 2021]: > Broadcasted message: "Never let the data of your account on any site other than pokecenter.com, the staff not give any item or pokemon.".

[Info][Sat Sep 18 11:13:54 2021]: Planting random seeds...

[Info][Sat Sep 18 11:13:55 2021]: Planting random seeds...

[Info][Sat Sep 18 11:13:58 2021]: Planting random seeds...

[Info][Sat Sep 18 11:14:00 2021]: Planting random seeds...

[Info][Sat Sep 18 11:14:02 2021]: Planting random seeds...

[Info][Sat Sep 18 11:14:03 2021]: Planting random seeds...

[Info][Sat Sep 18 11:14:05 2021]: Planting random seeds...

[Info][Sat Sep 18 11:14:28 2021]: Planting random seeds...

[Info][Sat Sep 18 11:14:43 2021]: Planting random seeds...

[Info][Sat Sep 18 11:49:47 2021]: Planting random seeds...

[Info][Sat Sep 18 11:49:48 2021]: Planting random seeds...

[Info][Sat Sep 18 11:49:49 2021]: Planting random seeds...

[Info][Sat Sep 18 11:49:50 2021]: Planting random seeds...

[Info][Sat Sep 18 11:49:50 2021]: Planting random seeds...

[Info][Sat Sep 18 11:49:51 2021]: Planting random seeds...

[Info][Sat Sep 18 11:49:52 2021]: Planting random seeds...

[Info][Sat Sep 18 11:50:05 2021]: Planting random seeds...

[Info][Sat Sep 18 11:50:13 2021]: Planting random seeds...

[Info][Sat Sep 18 12:18:13 2021]: Planting random seeds...

[Info][Sat Sep 18 12:18:14 2021]: Planting random seeds...

[Info][Sat Sep 18 12:18:15 2021]: Planting random seeds...

[Info][Sat Sep 18 12:18:16 2021]: Planting random seeds...

[Info][Sat Sep 18 12:18:17 2021]: Planting random seeds...

[Info][Sat Sep 18 12:18:18 2021]: Planting random seeds...

[Info][Sat Sep 18 12:18:19 2021]: Planting random seeds...

[Info][Sat Sep 18 12:18:29 2021]: Planting random seeds...

[Info][Sat Sep 18 12:18:37 2021]: Planting random seeds...

[Info][Sat Sep 18 13:42:24 2021]: Planting random seeds...

[Info][Sat Sep 18 13:42:25 2021]: Planting random seeds...

[Info][Sat Sep 18 13:42:26 2021]: Planting random seeds...

[Info][Sat Sep 18 13:42:27 2021]: Planting random seeds...

[Info][Sat Sep 18 13:42:28 2021]: Planting random seeds...

[Info][Sat Sep 18 13:42:29 2021]: Planting random seeds...

[Info][Sat Sep 18 13:42:30 2021]: Planting random seeds...

[Info][Sat Sep 18 13:42:40 2021]: Planting random seeds...

[Info][Sat Sep 18 13:42:46 2021]: Planting random seeds...

[Info][Sat Sep 18 14:27:31 2021]: > Broadcasted message: "Jamais informe os dados da sua conta em qualquer site que não seja o pokecenter.com, a equipe não da itens ou pokemons.".

[Info][Sat Sep 18 14:27:31 2021]: > Broadcasted message: "Never let the data of your account on any site other than pokecenter.com, the staff not give any item or pokemon.".

[Info][Sat Sep 18 15:12:32 2021]: > Broadcasted message: "Pense duas vezes antes de usar qualquer tipo de bot ou hack no seu personagem, isto não será tolerado e seu personagem será deletado. Jogue limpo.".

[Info][Sat Sep 18 15:12:32 2021]: > Broadcasted message: "Think twice before using any bot or hack on your character, it will not be tolerated and your character will be deleted. Play nice.".

[Info][Sat Sep 18 15:57:33 2021]: > Broadcasted message: "Você precisa de alguma informação sobre o jogo? Acesse agora: http://www.pokecenter.com".

[Info][Sat Sep 18 15:57:33 2021]: > Broadcasted message: "Do you need any information about the game? Visit now: http://www.pokecenter.com".

[Info][Sat Sep 18 19:45:31 2021]: Planting random seeds...

[Info][Sat Sep 18 19:45:32 2021]: Planting random seeds...

[Info][Sat Sep 18 19:45:34 2021]: Planting random seeds...

[Info][Sat Sep 18 19:45:35 2021]: Planting random seeds...

[Info][Sat Sep 18 19:45:36 2021]: Planting random seeds...

[Info][Sat Sep 18 19:45:37 2021]: Planting random seeds...

[Info][Sat Sep 18 19:45:38 2021]: Planting random seeds...

[Info][Sat Sep 18 19:45:54 2021]: Planting random seeds...

[Info][Sat Sep 18 19:46:04 2021]: Planting random seeds...

[Info][Sat Sep 18 20:30:39 2021]: > Broadcasted message: "Jamais informe os dados da sua conta em qualquer site que não seja o pokecenter.com, a equipe não da itens ou pokemons.".

[Info][Sat Sep 18 20:30:39 2021]: > Broadcasted message: "Never let the data of your account on any site other than pokecenter.com, the staff not give any item or pokemon.".

[Info][Sat Sep 18 21:15:40 2021]: > Broadcasted message: "Pense duas vezes antes de usar qualquer tipo de bot ou hack no seu personagem, isto não será tolerado e seu personagem será deletado. Jogue limpo.".

[Info][Sat Sep 18 21:15:40 2021]: > Broadcasted message: "Think twice before using any bot or hack on your character, it will not be tolerated and your character will be deleted. Play nice.".

[Info][Sat Sep 18 21:44:49 2021]: Planting random seeds...

[Info][Sat Sep 18 21:44:50 2021]: Planting random seeds...

[Info][Sat Sep 18 21:45:19 2021]: Planting random seeds...

[Info][Sat Sep 18 21:45:21 2021]: Planting random seeds...

[Info][Sat Sep 18 21:45:22 2021]: Planting random seeds...

[Info][Sat Sep 18 21:45:23 2021]: Planting random seeds...

[Info][Sat Sep 18 21:45:24 2021]: Planting random seeds...

[Info][Sat Sep 18 22:00:41 2021]: > Broadcasted message: "Você precisa de alguma informação sobre o jogo? Acesse agora: http://www.pokecenter.com".

[Info][Sat Sep 18 22:00:41 2021]: > Broadcasted message: "Do you need any information about the game? Visit now: http://www.pokecenter.com".

[Info][Sat Sep 18 22:45:42 2021]: > Broadcasted message: "Gostou do jogo? Então comece a divulga-lo agora mesmo! Chame seus amigos para jogar! Assim você se diverte muito mais e ajuda a manter o projeto!".

[Info][Sat Sep 18 22:45:42 2021]: > Broadcasted message: "Did you like the game? Then start to publish it right now! Call your friends to play! So you enjoy a lot more and helps keep the project!".

[Info][Sat Sep 18 23:30:43 2021]: > Broadcasted message: "Nunca coloque os dados de sua conta em qualquer site que não seja o oficial do pokecenter (http://www.pokecenter.com)! Cuide de sua conta!".

[Info][Sat Sep 18 23:30:43 2021]: > Broadcasted message: "Never put your account information at any site other than the official pokecenter (http://www.pokecenter.com)! Take care of your account!".

[Info][Sat Sep 18 23:56:56 2021]: Planting random seeds...

[Info][Sat Sep 18 23:56:57 2021]: Planting random seeds...

[Info][Sat Sep 18 23:56:59 2021]: Planting random seeds...

[Info][Sat Sep 18 23:57:00 2021]: Planting random seeds...

[Info][Sat Sep 18 23:57:01 2021]: Planting random seeds...

[Info][Sat Sep 18 23:57:02 2021]: Planting random seeds...

[Info][Sat Sep 18 23:57:03 2021]: Planting random seeds...

[Info][Sat Sep 18 23:57:21 2021]: Planting random seeds...

[Info][Sat Sep 18 23:57:31 2021]: Planting random seeds...

