[Info][Wed Sep 01 07:52:20 2021]: Planting random seeds...

[Info][Wed Sep 01 07:52:21 2021]: Planting random seeds...

[Info][Wed Sep 01 07:52:27 2021]: Planting random seeds...

[Info][Wed Sep 01 07:52:31 2021]: Planting random seeds...

[Info][Wed Sep 01 07:52:33 2021]: Planting random seeds...

[Info][Wed Sep 01 07:52:34 2021]: Planting random seeds...

[Info][Wed Sep 01 07:52:36 2021]: Planting random seeds...

[Info][Wed Sep 01 07:53:00 2021]: Planting random seeds...

[Info][Wed Sep 01 07:53:14 2021]: Planting random seeds...

[Info][Wed Sep 01 08:09:51 2021]: Planting random seeds...

[Info][Wed Sep 01 08:11:28 2021]: Planting random seeds...

[Info][Wed Sep 01 08:11:29 2021]: Planting random seeds...

[Info][Wed Sep 01 08:11:30 2021]: Planting random seeds...

[Info][Wed Sep 01 08:11:31 2021]: Planting random seeds...

[Info][Wed Sep 01 08:11:32 2021]: Planting random seeds...

[Info][Wed Sep 01 08:11:33 2021]: Planting random seeds...

[Info][Wed Sep 01 08:11:34 2021]: Planting random seeds...

[Info][Wed Sep 01 08:11:44 2021]: Planting random seeds...

[Info][Wed Sep 01 08:11:50 2021]: Planting random seeds...

[Info][Wed Sep 01 08:23:32 2021]: Planting random seeds...

[Info][Wed Sep 01 08:30:44 2021]: Planting random seeds...

[Info][Wed Sep 01 08:31:53 2021]: Planting random seeds...

[Info][Wed Sep 01 08:36:25 2021]: Planting random seeds...

[Info][Wed Sep 01 08:36:41 2021]: Planting random seeds...

[Info][Wed Sep 01 08:38:45 2021]: Planting random seeds...

[Info][Wed Sep 01 08:56:36 2021]: > Broadcasted message: "Jamais informe os dados da sua conta em qualquer site que não seja o pokecenter.com, a equipe não da itens ou pokemons.".

[Info][Wed Sep 01 08:56:36 2021]: > Broadcasted message: "Never let the data of your account on any site other than pokecenter.com, the staff not give any item or pokemon.".

[Info][Wed Sep 01 09:41:37 2021]: > Broadcasted message: "Pense duas vezes antes de usar qualquer tipo de bot ou hack no seu personagem, isto não será tolerado e seu personagem será deletado. Jogue limpo.".

[Info][Wed Sep 01 09:41:37 2021]: > Broadcasted message: "Think twice before using any bot or hack on your character, it will not be tolerated and your character will be deleted. Play nice.".

[Info][Wed Sep 01 09:56:15 2021]: Planting random seeds...

[Info][Wed Sep 01 09:56:42 2021]: Planting random seeds...

[Info][Wed Sep 01 09:58:12 2021]: Planting random seeds...

[Info][Wed Sep 01 10:00:47 2021]: Planting random seeds...

[Info][Wed Sep 01 10:01:14 2021]: Planting random seeds...

[Info][Wed Sep 01 10:01:30 2021]: Planting random seeds...

[Info][Wed Sep 01 10:02:11 2021]: Planting random seeds...

[Info][Wed Sep 01 10:03:53 2021]: Planting random seeds...

[Info][Wed Sep 01 10:03:59 2021]: Planting random seeds...

[Info][Wed Sep 01 10:04:15 2021]: Planting random seeds...

[Info][Wed Sep 01 10:05:35 2021]: Planting random seeds...

[Info][Wed Sep 01 10:05:42 2021]: Planting random seeds...

[Info][Wed Sep 01 10:06:24 2021]: Planting random seeds...

[Info][Wed Sep 01 10:06:31 2021]: Planting random seeds...

[Info][Wed Sep 01 10:07:03 2021]: Planting random seeds...

[Info][Wed Sep 01 10:17:43 2021]: Planting random seeds...

[Info][Wed Sep 01 10:19:51 2021]: Planting random seeds...

[Info][Wed Sep 01 10:21:51 2021]: Planting random seeds...

[Info][Wed Sep 01 10:26:38 2021]: > Broadcasted message: "Você precisa de alguma informação sobre o jogo? Acesse agora: http://www.pokecenter.com".

[Info][Wed Sep 01 10:26:38 2021]: > Broadcasted message: "Do you need any information about the game? Visit now: http://www.pokecenter.com".

[Info][Wed Sep 01 10:30:21 2021]: Planting random seeds...

[Info][Wed Sep 01 10:30:29 2021]: Planting random seeds...

[Info][Wed Sep 01 10:30:54 2021]: Planting random seeds...

[Info][Wed Sep 01 11:11:39 2021]: > Broadcasted message: "Gostou do jogo? Então comece a divulga-lo agora mesmo! Chame seus amigos para jogar! Assim você se diverte muito mais e ajuda a manter o projeto!".

[Info][Wed Sep 01 11:11:39 2021]: > Broadcasted message: "Did you like the game? Then start to publish it right now! Call your friends to play! So you enjoy a lot more and helps keep the project!".

[Info][Wed Sep 01 11:56:40 2021]: > Broadcasted message: "Nunca coloque os dados de sua conta em qualquer site que não seja o oficial do pokecenter (http://www.pokecenter.com)! Cuide de sua conta!".

[Info][Wed Sep 01 11:56:40 2021]: > Broadcasted message: "Never put your account information at any site other than the official pokecenter (http://www.pokecenter.com)! Take care of your account!".

[Info][Wed Sep 01 12:41:41 2021]: > Broadcasted message: "Fique por dentro das novidades, dê sua opinião e participe do desenvolvimento do jogo! Acesse: http://forum.pokecenter.com/".

[Info][Wed Sep 01 12:41:42 2021]: > Broadcasted message: "Check out the news, give your opinion and participate in the development of the game! Access: http://forum.pokecenter.com/".

[Info][Wed Sep 01 16:41:28 2021]: Planting random seeds...

[Info][Wed Sep 01 16:41:29 2021]: Planting random seeds...

[Info][Wed Sep 01 16:41:31 2021]: Planting random seeds...

[Info][Wed Sep 01 16:41:33 2021]: Planting random seeds...

[Info][Wed Sep 01 16:41:34 2021]: Planting random seeds...

[Info][Wed Sep 01 16:41:35 2021]: Planting random seeds...

[Info][Wed Sep 01 16:41:36 2021]: Planting random seeds...

[Info][Wed Sep 01 16:41:48 2021]: Planting random seeds...

[Info][Wed Sep 01 16:41:55 2021]: Planting random seeds...

[Info][Wed Sep 01 16:55:33 2021]: Planting random seeds...

[Info][Wed Sep 01 16:55:34 2021]: Planting random seeds...

[Info][Wed Sep 01 16:55:35 2021]: Planting random seeds...

[Info][Wed Sep 01 16:55:35 2021]: Planting random seeds...

[Info][Wed Sep 01 16:55:36 2021]: Planting random seeds...

[Info][Wed Sep 01 16:55:37 2021]: Planting random seeds...

[Info][Wed Sep 01 16:55:38 2021]: Planting random seeds...

[Info][Wed Sep 01 16:55:47 2021]: Planting random seeds...

[Info][Wed Sep 01 16:55:52 2021]: Planting random seeds...

[Info][Wed Sep 01 17:16:32 2021]: Planting random seeds...

[Info][Wed Sep 01 17:16:33 2021]: Planting random seeds...

[Info][Wed Sep 01 17:16:33 2021]: Planting random seeds...

[Info][Wed Sep 01 17:16:34 2021]: Planting random seeds...

[Info][Wed Sep 01 17:16:35 2021]: Planting random seeds...

[Info][Wed Sep 01 17:16:36 2021]: Planting random seeds...

[Info][Wed Sep 01 17:16:37 2021]: Planting random seeds...

[Info][Wed Sep 01 17:16:46 2021]: Planting random seeds...

[Info][Wed Sep 01 17:16:51 2021]: Planting random seeds...

[Info][Wed Sep 01 17:18:19 2021]: Planting random seeds...

[Info][Wed Sep 01 17:18:20 2021]: Planting random seeds...

[Info][Wed Sep 01 17:18:21 2021]: Planting random seeds...

[Info][Wed Sep 01 17:18:21 2021]: Planting random seeds...

[Info][Wed Sep 01 17:18:22 2021]: Planting random seeds...

[Info][Wed Sep 01 17:18:23 2021]: Planting random seeds...

[Info][Wed Sep 01 17:18:24 2021]: Planting random seeds...

[Info][Wed Sep 01 17:18:33 2021]: Planting random seeds...

[Info][Wed Sep 01 17:18:38 2021]: Planting random seeds...

[Info][Wed Sep 01 17:26:38 2021]: Planting random seeds...

[Info][Wed Sep 01 17:26:39 2021]: Planting random seeds...

[Info][Wed Sep 01 17:26:39 2021]: Planting random seeds...

[Info][Wed Sep 01 17:26:40 2021]: Planting random seeds...

[Info][Wed Sep 01 17:26:41 2021]: Planting random seeds...

[Info][Wed Sep 01 17:26:42 2021]: Planting random seeds...

[Info][Wed Sep 01 17:26:43 2021]: Planting random seeds...

[Info][Wed Sep 01 17:26:52 2021]: Planting random seeds...

[Info][Wed Sep 01 17:26:57 2021]: Planting random seeds...

[Info][Wed Sep 01 17:34:10 2021]: Planting random seeds...

[Info][Wed Sep 01 17:34:11 2021]: Planting random seeds...

[Info][Wed Sep 01 17:34:12 2021]: Planting random seeds...

[Info][Wed Sep 01 17:34:13 2021]: Planting random seeds...

[Info][Wed Sep 01 17:34:14 2021]: Planting random seeds...

[Info][Wed Sep 01 17:34:14 2021]: Planting random seeds...

[Info][Wed Sep 01 17:34:15 2021]: Planting random seeds...

[Info][Wed Sep 01 17:34:25 2021]: Planting random seeds...

[Info][Wed Sep 01 17:34:30 2021]: Planting random seeds...

[Info][Wed Sep 01 17:38:04 2021]: Planting random seeds...

[Info][Wed Sep 01 17:38:05 2021]: Planting random seeds...

[Info][Wed Sep 01 17:38:06 2021]: Planting random seeds...

[Info][Wed Sep 01 17:38:07 2021]: Planting random seeds...

[Info][Wed Sep 01 17:38:08 2021]: Planting random seeds...

[Info][Wed Sep 01 17:38:09 2021]: Planting random seeds...

[Info][Wed Sep 01 17:38:09 2021]: Planting random seeds...

[Info][Wed Sep 01 17:38:19 2021]: Planting random seeds...

[Info][Wed Sep 01 17:38:25 2021]: Planting random seeds...

[Info][Wed Sep 01 18:23:11 2021]: > Broadcasted message: "Jamais informe os dados da sua conta em qualquer site que não seja o pokecenter.com, a equipe não da itens ou pokemons.".

[Info][Wed Sep 01 18:23:11 2021]: > Broadcasted message: "Never let the data of your account on any site other than pokecenter.com, the staff not give any item or pokemon.".

[Info][Wed Sep 01 19:08:12 2021]: > Broadcasted message: "Pense duas vezes antes de usar qualquer tipo de bot ou hack no seu personagem, isto não será tolerado e seu personagem será deletado. Jogue limpo.".

[Info][Wed Sep 01 19:08:12 2021]: > Broadcasted message: "Think twice before using any bot or hack on your character, it will not be tolerated and your character will be deleted. Play nice.".

[Info][Wed Sep 01 19:54:46 2021]: Planting random seeds...

[Info][Wed Sep 01 19:54:47 2021]: Planting random seeds...

[Info][Wed Sep 01 19:54:55 2021]: Planting random seeds...

[Info][Wed Sep 01 19:54:59 2021]: Planting random seeds...

[Info][Wed Sep 01 19:55:01 2021]: Planting random seeds...

[Info][Wed Sep 01 19:55:02 2021]: Planting random seeds...

[Info][Wed Sep 01 19:55:04 2021]: Planting random seeds...

[Info][Wed Sep 01 19:55:28 2021]: Planting random seeds...

[Info][Wed Sep 01 19:55:39 2021]: Planting random seeds...

[Info][Wed Sep 01 20:24:39 2021]: Planting random seeds...

[Info][Wed Sep 01 20:24:40 2021]: Planting random seeds...

[Info][Wed Sep 01 20:24:41 2021]: Planting random seeds...

[Info][Wed Sep 01 20:24:42 2021]: Planting random seeds...

[Info][Wed Sep 01 20:24:43 2021]: Planting random seeds...

[Info][Wed Sep 01 20:24:44 2021]: Planting random seeds...

[Info][Wed Sep 01 20:24:44 2021]: Planting random seeds...

[Info][Wed Sep 01 20:24:54 2021]: Planting random seeds...

[Info][Wed Sep 01 20:25:00 2021]: Planting random seeds...

[Info][Wed Sep 01 21:09:46 2021]: > Broadcasted message: "Jamais informe os dados da sua conta em qualquer site que não seja o pokecenter.com, a equipe não da itens ou pokemons.".

[Info][Wed Sep 01 21:09:46 2021]: > Broadcasted message: "Never let the data of your account on any site other than pokecenter.com, the staff not give any item or pokemon.".

[Info][Wed Sep 01 21:54:47 2021]: > Broadcasted message: "Pense duas vezes antes de usar qualquer tipo de bot ou hack no seu personagem, isto não será tolerado e seu personagem será deletado. Jogue limpo.".

[Info][Wed Sep 01 21:54:47 2021]: > Broadcasted message: "Think twice before using any bot or hack on your character, it will not be tolerated and your character will be deleted. Play nice.".

[Info][Wed Sep 01 22:21:59 2021]: Planting random seeds...

[Info][Wed Sep 01 22:22:00 2021]: Planting random seeds...

[Info][Wed Sep 01 22:22:03 2021]: Planting random seeds...

[Info][Wed Sep 01 22:22:06 2021]: Planting random seeds...

[Info][Wed Sep 01 22:22:07 2021]: Planting random seeds...

[Info][Wed Sep 01 22:22:09 2021]: Planting random seeds...

[Info][Wed Sep 01 22:22:10 2021]: Planting random seeds...

[Info][Wed Sep 01 22:22:30 2021]: Planting random seeds...

[Info][Wed Sep 01 22:22:40 2021]: Planting random seeds...

