[Info][Mon Sep 27 01:02:20 2021]: Planting random seeds...

[Info][Mon Sep 27 01:02:21 2021]: Planting random seeds...

[Info][Mon Sep 27 01:02:27 2021]: Planting random seeds...

[Info][Mon Sep 27 01:02:32 2021]: Planting random seeds...

[Info][Mon Sep 27 01:02:34 2021]: Planting random seeds...

[Info][Mon Sep 27 01:02:35 2021]: Planting random seeds...

[Info][Mon Sep 27 01:02:37 2021]: Planting random seeds...

[Info][Mon Sep 27 01:03:08 2021]: Planting random seeds...

[Info][Mon Sep 27 01:03:22 2021]: Planting random seeds...

[Info][Mon Sep 27 01:47:38 2021]: > Broadcasted message: "Jamais informe os dados da sua conta em qualquer site que não seja o pokecenter.com, a equipe não da itens ou pokemons.".

[Info][Mon Sep 27 01:47:38 2021]: > Broadcasted message: "Never let the data of your account on any site other than pokecenter.com, the staff not give any item or pokemon.".

[Info][Mon Sep 27 02:05:09 2021]: Planting random seeds...

[Info][Mon Sep 27 02:05:12 2021]: Planting random seeds...

[Info][Mon Sep 27 02:05:14 2021]: Planting random seeds...

[Info][Mon Sep 27 02:06:56 2021]: Planting random seeds...

[Info][Mon Sep 27 02:06:56 2021]: Planting random seeds...

[Info][Mon Sep 27 02:06:59 2021]: Planting random seeds...

[Info][Mon Sep 27 02:07:00 2021]: Planting random seeds...

[Info][Mon Sep 27 02:07:01 2021]: Planting random seeds...

[Info][Mon Sep 27 02:07:02 2021]: Planting random seeds...

[Info][Mon Sep 27 02:07:03 2021]: Planting random seeds...

[Info][Mon Sep 27 02:07:23 2021]: Planting random seeds...

[Info][Mon Sep 27 02:07:33 2021]: Planting random seeds...

[Info][Mon Sep 27 02:52:04 2021]: > Broadcasted message: "Jamais informe os dados da sua conta em qualquer site que não seja o pokecenter.com, a equipe não da itens ou pokemons.".

[Info][Mon Sep 27 02:52:04 2021]: > Broadcasted message: "Never let the data of your account on any site other than pokecenter.com, the staff not give any item or pokemon.".

[Info][Mon Sep 27 03:07:05 2021]: Planting random seeds...

[Info][Mon Sep 27 03:07:06 2021]: Planting random seeds...

[Info][Mon Sep 27 03:08:59 2021]: Planting random seeds...

[Info][Mon Sep 27 03:37:05 2021]: > Broadcasted message: "Pense duas vezes antes de usar qualquer tipo de bot ou hack no seu personagem, isto não será tolerado e seu personagem será deletado. Jogue limpo.".

[Info][Mon Sep 27 03:37:05 2021]: > Broadcasted message: "Think twice before using any bot or hack on your character, it will not be tolerated and your character will be deleted. Play nice.".

[Info][Mon Sep 27 16:55:31 2021]: Planting random seeds...

[Info][Mon Sep 27 16:55:32 2021]: Planting random seeds...

[Info][Mon Sep 27 16:55:40 2021]: Planting random seeds...

[Info][Mon Sep 27 16:55:44 2021]: Planting random seeds...

[Info][Mon Sep 27 16:55:46 2021]: Planting random seeds...

[Info][Mon Sep 27 16:55:47 2021]: Planting random seeds...

[Info][Mon Sep 27 16:55:49 2021]: Planting random seeds...

[Info][Mon Sep 27 16:56:20 2021]: Planting random seeds...

[Info][Mon Sep 27 16:56:35 2021]: Planting random seeds...

[Info][Mon Sep 27 18:06:43 2021]: Planting random seeds...

[Info][Mon Sep 27 18:06:44 2021]: Planting random seeds...

[Info][Mon Sep 27 18:06:47 2021]: Planting random seeds...

[Info][Mon Sep 27 18:06:49 2021]: Planting random seeds...

[Info][Mon Sep 27 18:06:50 2021]: Planting random seeds...

[Info][Mon Sep 27 18:06:52 2021]: Planting random seeds...

[Info][Mon Sep 27 18:06:53 2021]: Planting random seeds...

[Info][Mon Sep 27 18:07:20 2021]: Planting random seeds...

[Info][Mon Sep 27 18:07:36 2021]: Planting random seeds...

[Info][Mon Sep 27 18:08:50 2021]: Planting random seeds...

[Info][Mon Sep 27 18:08:51 2021]: Planting random seeds...

[Info][Mon Sep 27 18:08:52 2021]: Planting random seeds...

[Info][Mon Sep 27 18:08:53 2021]: Planting random seeds...

[Info][Mon Sep 27 18:08:54 2021]: Planting random seeds...

[Info][Mon Sep 27 18:08:55 2021]: Planting random seeds...

[Info][Mon Sep 27 18:08:56 2021]: Planting random seeds...

[Info][Mon Sep 27 18:09:06 2021]: Planting random seeds...

[Info][Mon Sep 27 18:09:13 2021]: Planting random seeds...

[Info][Mon Sep 27 18:53:57 2021]: > Broadcasted message: "Jamais informe os dados da sua conta em qualquer site que não seja o pokecenter.com, a equipe não da itens ou pokemons.".

[Info][Mon Sep 27 18:53:57 2021]: > Broadcasted message: "Never let the data of your account on any site other than pokecenter.com, the staff not give any item or pokemon.".

