[Info][Thu Sep 23 11:33:12 2021]: Planting random seeds...

[Info][Thu Sep 23 11:33:13 2021]: Planting random seeds...

[Info][Thu Sep 23 11:33:18 2021]: Planting random seeds...

[Info][Thu Sep 23 11:33:20 2021]: Planting random seeds...

[Info][Thu Sep 23 11:33:25 2021]: Planting random seeds...

[Info][Thu Sep 23 11:33:26 2021]: Planting random seeds...

[Info][Thu Sep 23 11:33:28 2021]: Planting random seeds...

[Info][Thu Sep 23 11:34:00 2021]: Planting random seeds...

[Info][Thu Sep 23 11:34:12 2021]: Planting random seeds...

[Info][Thu Sep 23 11:35:53 2021]: Planting random seeds...

[Info][Thu Sep 23 11:35:54 2021]: Planting random seeds...

[Info][Thu Sep 23 11:35:55 2021]: Planting random seeds...

[Info][Thu Sep 23 11:35:56 2021]: Planting random seeds...

[Info][Thu Sep 23 11:35:57 2021]: Planting random seeds...

[Info][Thu Sep 23 11:35:57 2021]: Planting random seeds...

[Info][Thu Sep 23 11:35:58 2021]: Planting random seeds...

[Info][Thu Sep 23 11:36:08 2021]: Planting random seeds...

[Info][Thu Sep 23 11:36:14 2021]: Planting random seeds...

[Info][Thu Sep 23 12:20:59 2021]: > Broadcasted message: "Jamais informe os dados da sua conta em qualquer site que não seja o pokecenter.com, a equipe não da itens ou pokemons.".

[Info][Thu Sep 23 12:20:59 2021]: > Broadcasted message: "Never let the data of your account on any site other than pokecenter.com, the staff not give any item or pokemon.".

[Info][Thu Sep 23 13:06:00 2021]: > Broadcasted message: "Pense duas vezes antes de usar qualquer tipo de bot ou hack no seu personagem, isto não será tolerado e seu personagem será deletado. Jogue limpo.".

[Info][Thu Sep 23 13:06:00 2021]: > Broadcasted message: "Think twice before using any bot or hack on your character, it will not be tolerated and your character will be deleted. Play nice.".

[Info][Thu Sep 23 13:51:01 2021]: > Broadcasted message: "Você precisa de alguma informação sobre o jogo? Acesse agora: http://www.pokecenter.com".

[Info][Thu Sep 23 13:51:01 2021]: > Broadcasted message: "Do you need any information about the game? Visit now: http://www.pokecenter.com".

[Info][Thu Sep 23 14:12:51 2021]: Planting random seeds...

[Info][Thu Sep 23 14:12:52 2021]: Planting random seeds...

[Info][Thu Sep 23 14:12:53 2021]: Planting random seeds...

[Info][Thu Sep 23 14:12:55 2021]: Planting random seeds...

[Info][Thu Sep 23 14:12:56 2021]: Planting random seeds...

[Info][Thu Sep 23 14:12:57 2021]: Planting random seeds...

[Info][Thu Sep 23 14:12:58 2021]: Planting random seeds...

[Info][Thu Sep 23 14:13:17 2021]: Planting random seeds...

[Info][Thu Sep 23 14:13:25 2021]: Planting random seeds...

[Info][Thu Sep 23 14:57:59 2021]: > Broadcasted message: "Jamais informe os dados da sua conta em qualquer site que não seja o pokecenter.com, a equipe não da itens ou pokemons.".

[Info][Thu Sep 23 14:57:59 2021]: > Broadcasted message: "Never let the data of your account on any site other than pokecenter.com, the staff not give any item or pokemon.".

[Info][Thu Sep 23 15:43:00 2021]: > Broadcasted message: "Pense duas vezes antes de usar qualquer tipo de bot ou hack no seu personagem, isto não será tolerado e seu personagem será deletado. Jogue limpo.".

[Info][Thu Sep 23 15:43:00 2021]: > Broadcasted message: "Think twice before using any bot or hack on your character, it will not be tolerated and your character will be deleted. Play nice.".

