[Info][Sat Sep 04 08:34:21 2021]: Planting random seeds...

[Info][Sat Sep 04 08:34:22 2021]: Planting random seeds...

[Info][Sat Sep 04 08:34:26 2021]: Planting random seeds...

[Info][Sat Sep 04 08:34:28 2021]: Planting random seeds...

[Info][Sat Sep 04 08:34:29 2021]: Planting random seeds...

[Info][Sat Sep 04 08:34:30 2021]: Planting random seeds...

[Info][Sat Sep 04 08:34:31 2021]: Planting random seeds...

[Info][Sat Sep 04 08:34:50 2021]: Planting random seeds...

[Info][Sat Sep 04 08:35:00 2021]: Planting random seeds...

[Info][Sat Sep 04 09:14:35 2021]: Planting random seeds...

[Info][Sat Sep 04 09:19:33 2021]: > Broadcasted message: "Jamais informe os dados da sua conta em qualquer site que não seja o pokecenter.com, a equipe não da itens ou pokemons.".

[Info][Sat Sep 04 09:19:33 2021]: > Broadcasted message: "Never let the data of your account on any site other than pokecenter.com, the staff not give any item or pokemon.".

[Info][Sat Sep 04 10:01:31 2021]: Planting random seeds...

[Info][Sat Sep 04 10:04:34 2021]: > Broadcasted message: "Pense duas vezes antes de usar qualquer tipo de bot ou hack no seu personagem, isto não será tolerado e seu personagem será deletado. Jogue limpo.".

[Info][Sat Sep 04 10:04:34 2021]: > Broadcasted message: "Think twice before using any bot or hack on your character, it will not be tolerated and your character will be deleted. Play nice.".

[Info][Sat Sep 04 10:49:35 2021]: > Broadcasted message: "Você precisa de alguma informação sobre o jogo? Acesse agora: http://www.pokecenter.com".

[Info][Sat Sep 04 10:49:35 2021]: > Broadcasted message: "Do you need any information about the game? Visit now: http://www.pokecenter.com".

[Info][Sat Sep 04 15:52:29 2021]: Planting random seeds...

[Info][Sat Sep 04 15:52:30 2021]: Planting random seeds...

[Info][Sat Sep 04 15:52:32 2021]: Planting random seeds...

[Info][Sat Sep 04 15:52:35 2021]: Planting random seeds...

[Info][Sat Sep 04 15:52:36 2021]: Planting random seeds...

[Info][Sat Sep 04 15:52:38 2021]: Planting random seeds...

[Info][Sat Sep 04 15:52:39 2021]: Planting random seeds...

[Info][Sat Sep 04 15:53:01 2021]: Planting random seeds...

[Info][Sat Sep 04 15:53:11 2021]: Planting random seeds...

[Info][Sat Sep 04 16:37:40 2021]: > Broadcasted message: "Jamais informe os dados da sua conta em qualquer site que não seja o pokecenter.com, a equipe não da itens ou pokemons.".

[Info][Sat Sep 04 16:37:40 2021]: > Broadcasted message: "Never let the data of your account on any site other than pokecenter.com, the staff not give any item or pokemon.".

[Info][Sat Sep 04 17:22:41 2021]: > Broadcasted message: "Pense duas vezes antes de usar qualquer tipo de bot ou hack no seu personagem, isto não será tolerado e seu personagem será deletado. Jogue limpo.".

[Info][Sat Sep 04 17:22:41 2021]: > Broadcasted message: "Think twice before using any bot or hack on your character, it will not be tolerated and your character will be deleted. Play nice.".

[Info][Sat Sep 04 18:07:42 2021]: > Broadcasted message: "Você precisa de alguma informação sobre o jogo? Acesse agora: http://www.pokecenter.com".

[Info][Sat Sep 04 18:07:42 2021]: > Broadcasted message: "Do you need any information about the game? Visit now: http://www.pokecenter.com".

[Info][Sat Sep 04 18:14:51 2021]: Planting random seeds...

[Info][Sat Sep 04 18:15:20 2021]: Planting random seeds...

[Info][Sat Sep 04 18:16:20 2021]: Planting random seeds...

[Info][Sat Sep 04 18:16:24 2021]: Planting random seeds...

[Info][Sat Sep 04 18:16:50 2021]: Planting random seeds...

[Info][Sat Sep 04 18:20:15 2021]: Planting random seeds...

[Info][Sat Sep 04 18:20:39 2021]: Planting random seeds...

[Info][Sat Sep 04 18:20:49 2021]: Planting random seeds...

[Info][Sat Sep 04 18:20:57 2021]: Planting random seeds...

[Info][Sat Sep 04 18:21:09 2021]: Planting random seeds...

[Info][Sat Sep 04 18:21:18 2021]: Planting random seeds...

[Info][Sat Sep 04 18:21:19 2021]: Planting random seeds...

[Info][Sat Sep 04 18:21:20 2021]: Planting random seeds...

[Info][Sat Sep 04 18:21:21 2021]: Planting random seeds...

[Info][Sat Sep 04 18:21:22 2021]: Planting random seeds...

[Info][Sat Sep 04 18:21:23 2021]: Planting random seeds...

[Info][Sat Sep 04 18:21:23 2021]: Planting random seeds...

[Info][Sat Sep 04 18:21:24 2021]: Planting random seeds...

[Info][Sat Sep 04 18:21:25 2021]: Planting random seeds...

[Info][Sat Sep 04 18:21:26 2021]: Planting random seeds...

[Info][Sat Sep 04 18:21:27 2021]: Planting random seeds...

[Info][Sat Sep 04 18:21:28 2021]: Planting random seeds...

[Info][Sat Sep 04 18:21:29 2021]: Planting random seeds...

[Info][Sat Sep 04 18:21:30 2021]: Planting random seeds...

[Info][Sat Sep 04 18:21:31 2021]: Planting random seeds...

[Info][Sat Sep 04 18:21:32 2021]: Planting random seeds...

[Info][Sat Sep 04 18:21:32 2021]: Planting random seeds...

[Info][Sat Sep 04 18:22:06 2021]: Planting random seeds...

[Info][Sat Sep 04 18:22:15 2021]: Planting random seeds...

[Info][Sat Sep 04 18:22:24 2021]: Planting random seeds...

[Info][Sat Sep 04 18:22:33 2021]: Planting random seeds...

[Info][Sat Sep 04 22:45:45 2021]: Planting random seeds...

[Info][Sat Sep 04 22:45:46 2021]: Planting random seeds...

[Info][Sat Sep 04 22:45:50 2021]: Planting random seeds...

[Info][Sat Sep 04 22:45:54 2021]: Planting random seeds...

[Info][Sat Sep 04 22:45:56 2021]: Planting random seeds...

[Info][Sat Sep 04 22:45:57 2021]: Planting random seeds...

[Info][Sat Sep 04 22:45:59 2021]: Planting random seeds...

[Info][Sat Sep 04 22:46:26 2021]: Planting random seeds...

[Info][Sat Sep 04 22:46:41 2021]: Planting random seeds...

[Info][Sat Sep 04 23:01:24 2021]: Planting random seeds...

