[Info][Fri Sep 17 00:30:43 2021]: Planting random seeds...

[Info][Fri Sep 17 00:30:44 2021]: Planting random seeds...

[Info][Fri Sep 17 00:30:47 2021]: Planting random seeds...

[Info][Fri Sep 17 00:30:49 2021]: Planting random seeds...

[Info][Fri Sep 17 00:30:50 2021]: Planting random seeds...

[Info][Fri Sep 17 00:30:51 2021]: Planting random seeds...

[Info][Fri Sep 17 00:30:53 2021]: Planting random seeds...

[Info][Fri Sep 17 00:31:11 2021]: Planting random seeds...

[Info][Fri Sep 17 00:31:20 2021]: Planting random seeds...

[Info][Fri Sep 17 01:15:54 2021]: > Broadcasted message: "Jamais informe os dados da sua conta em qualquer site que não seja o pokecenter.com, a equipe não da itens ou pokemons.".

[Info][Fri Sep 17 01:15:54 2021]: > Broadcasted message: "Never let the data of your account on any site other than pokecenter.com, the staff not give any item or pokemon.".

[Info][Fri Sep 17 02:00:55 2021]: > Broadcasted message: "Pense duas vezes antes de usar qualquer tipo de bot ou hack no seu personagem, isto não será tolerado e seu personagem será deletado. Jogue limpo.".

[Info][Fri Sep 17 02:00:55 2021]: > Broadcasted message: "Think twice before using any bot or hack on your character, it will not be tolerated and your character will be deleted. Play nice.".

[Info][Fri Sep 17 02:45:56 2021]: > Broadcasted message: "Você precisa de alguma informação sobre o jogo? Acesse agora: http://www.pokecenter.com".

[Info][Fri Sep 17 02:45:56 2021]: > Broadcasted message: "Do you need any information about the game? Visit now: http://www.pokecenter.com".

[Info][Fri Sep 17 02:54:27 2021]: Planting random seeds...

[Info][Fri Sep 17 02:55:49 2021]: Planting random seeds...

[Info][Fri Sep 17 02:55:51 2021]: Planting random seeds...

[Info][Fri Sep 17 02:55:53 2021]: Planting random seeds...

[Info][Fri Sep 17 02:58:02 2021]: Planting random seeds...

[Info][Fri Sep 17 02:58:03 2021]: Planting random seeds...

[Info][Fri Sep 17 03:26:19 2021]: Planting random seeds...

[Info][Fri Sep 17 03:29:31 2021]: Planting random seeds...

[Info][Fri Sep 17 03:30:28 2021]: Planting random seeds...

[Info][Fri Sep 17 03:30:57 2021]: > Broadcasted message: "Gostou do jogo? Então comece a divulga-lo agora mesmo! Chame seus amigos para jogar! Assim você se diverte muito mais e ajuda a manter o projeto!".

[Info][Fri Sep 17 03:30:57 2021]: > Broadcasted message: "Did you like the game? Then start to publish it right now! Call your friends to play! So you enjoy a lot more and helps keep the project!".

[Info][Fri Sep 17 03:32:44 2021]: Planting random seeds...

[Info][Fri Sep 17 03:33:50 2021]: Planting random seeds...

[Info][Fri Sep 17 04:15:58 2021]: > Broadcasted message: "Nunca coloque os dados de sua conta em qualquer site que não seja o oficial do pokecenter (http://www.pokecenter.com)! Cuide de sua conta!".

[Info][Fri Sep 17 04:15:58 2021]: > Broadcasted message: "Never put your account information at any site other than the official pokecenter (http://www.pokecenter.com)! Take care of your account!".

[Info][Fri Sep 17 13:08:26 2021]: Planting random seeds...

[Info][Fri Sep 17 13:08:27 2021]: Planting random seeds...

[Info][Fri Sep 17 13:08:30 2021]: Planting random seeds...

[Info][Fri Sep 17 13:08:33 2021]: Planting random seeds...

[Info][Fri Sep 17 13:08:35 2021]: Planting random seeds...

[Info][Fri Sep 17 13:08:36 2021]: Planting random seeds...

[Info][Fri Sep 17 13:08:38 2021]: Planting random seeds...

[Info][Fri Sep 17 13:09:05 2021]: Planting random seeds...

[Info][Fri Sep 17 13:09:17 2021]: Planting random seeds...

[Info][Fri Sep 17 13:17:59 2021]: Planting random seeds...

[Info][Fri Sep 17 13:18:00 2021]: Planting random seeds...

[Info][Fri Sep 17 13:18:01 2021]: Planting random seeds...

[Info][Fri Sep 17 13:18:02 2021]: Planting random seeds...

[Info][Fri Sep 17 13:18:03 2021]: Planting random seeds...

[Info][Fri Sep 17 13:18:04 2021]: Planting random seeds...

[Info][Fri Sep 17 13:18:05 2021]: Planting random seeds...

[Info][Fri Sep 17 13:18:16 2021]: Planting random seeds...

[Info][Fri Sep 17 13:18:21 2021]: Planting random seeds...

[Info][Fri Sep 17 13:20:07 2021]: Planting random seeds...

[Info][Fri Sep 17 13:20:08 2021]: Planting random seeds...

[Info][Fri Sep 17 13:20:09 2021]: Planting random seeds...

[Info][Fri Sep 17 13:20:10 2021]: Planting random seeds...

[Info][Fri Sep 17 13:20:11 2021]: Planting random seeds...

[Info][Fri Sep 17 13:20:12 2021]: Planting random seeds...

[Info][Fri Sep 17 13:20:13 2021]: Planting random seeds...

[Info][Fri Sep 17 13:20:24 2021]: Planting random seeds...

[Info][Fri Sep 17 13:20:31 2021]: Planting random seeds...

[Info][Fri Sep 17 13:23:53 2021]: Planting random seeds...

[Info][Fri Sep 17 13:23:55 2021]: Planting random seeds...

[Info][Fri Sep 17 13:23:56 2021]: Planting random seeds...

[Info][Fri Sep 17 13:25:47 2021]: Planting random seeds...

[Info][Fri Sep 17 13:25:48 2021]: Planting random seeds...

[Info][Fri Sep 17 13:25:49 2021]: Planting random seeds...

[Info][Fri Sep 17 13:25:50 2021]: Planting random seeds...

[Info][Fri Sep 17 13:25:51 2021]: Planting random seeds...

[Info][Fri Sep 17 13:25:51 2021]: Planting random seeds...

[Info][Fri Sep 17 13:25:52 2021]: Planting random seeds...

[Info][Fri Sep 17 13:26:03 2021]: Planting random seeds...

[Info][Fri Sep 17 13:26:11 2021]: Planting random seeds...

[Info][Fri Sep 17 13:28:49 2021]: Planting random seeds...

[Info][Fri Sep 17 13:28:50 2021]: Planting random seeds...

[Info][Fri Sep 17 13:28:52 2021]: Planting random seeds...

[Info][Fri Sep 17 13:30:22 2021]: Planting random seeds...

[Info][Fri Sep 17 13:30:23 2021]: Planting random seeds...

[Info][Fri Sep 17 13:30:24 2021]: Planting random seeds...

[Info][Fri Sep 17 13:30:25 2021]: Planting random seeds...

[Info][Fri Sep 17 13:30:26 2021]: Planting random seeds...

[Info][Fri Sep 17 13:30:26 2021]: Planting random seeds...

[Info][Fri Sep 17 13:30:27 2021]: Planting random seeds...

[Info][Fri Sep 17 13:30:38 2021]: Planting random seeds...

[Info][Fri Sep 17 13:30:45 2021]: Planting random seeds...

[Info][Fri Sep 17 13:42:59 2021]: Planting random seeds...

[Info][Fri Sep 17 13:43:00 2021]: Planting random seeds...

[Info][Fri Sep 17 13:43:02 2021]: Planting random seeds...

[Info][Fri Sep 17 13:44:06 2021]: Planting random seeds...

[Info][Fri Sep 17 14:07:14 2021]: Planting random seeds...

[Info][Fri Sep 17 14:07:15 2021]: Planting random seeds...

[Info][Fri Sep 17 14:07:16 2021]: Planting random seeds...

[Info][Fri Sep 17 14:07:17 2021]: Planting random seeds...

[Info][Fri Sep 17 14:07:18 2021]: Planting random seeds...

[Info][Fri Sep 17 14:07:19 2021]: Planting random seeds...

[Info][Fri Sep 17 14:07:19 2021]: Planting random seeds...

[Info][Fri Sep 17 14:07:30 2021]: Planting random seeds...

[Info][Fri Sep 17 14:07:35 2021]: Planting random seeds...

[Info][Fri Sep 17 14:19:16 2021]: Planting random seeds...

[Info][Fri Sep 17 14:19:17 2021]: Planting random seeds...

[Info][Fri Sep 17 14:19:19 2021]: Planting random seeds...

[Info][Fri Sep 17 14:27:07 2021]: Planting random seeds...

[Info][Fri Sep 17 14:30:50 2021]: Planting random seeds...

[Info][Fri Sep 17 14:30:51 2021]: Planting random seeds...

[Info][Fri Sep 17 14:30:52 2021]: Planting random seeds...

[Info][Fri Sep 17 14:30:53 2021]: Planting random seeds...

[Info][Fri Sep 17 14:30:54 2021]: Planting random seeds...

[Info][Fri Sep 17 14:30:55 2021]: Planting random seeds...

[Info][Fri Sep 17 14:30:56 2021]: Planting random seeds...

[Info][Fri Sep 17 14:31:07 2021]: Planting random seeds...

[Info][Fri Sep 17 14:31:13 2021]: Planting random seeds...

[Info][Fri Sep 17 14:33:50 2021]: Planting random seeds...

[Info][Fri Sep 17 14:33:51 2021]: Planting random seeds...

[Info][Fri Sep 17 14:34:52 2021]: Planting random seeds...

[Info][Fri Sep 17 14:34:53 2021]: Planting random seeds...

[Info][Fri Sep 17 14:38:32 2021]: Planting random seeds...

[Info][Fri Sep 17 14:38:33 2021]: Planting random seeds...

[Info][Fri Sep 17 14:59:00 2021]: Planting random seeds...

[Info][Fri Sep 17 14:59:03 2021]: Planting random seeds...

[Info][Fri Sep 17 15:15:57 2021]: > Broadcasted message: "Jamais informe os dados da sua conta em qualquer site que não seja o pokecenter.com, a equipe não da itens ou pokemons.".

[Info][Fri Sep 17 15:15:57 2021]: > Broadcasted message: "Never let the data of your account on any site other than pokecenter.com, the staff not give any item or pokemon.".

[Info][Fri Sep 17 15:20:14 2021]: Planting random seeds...

[Info][Fri Sep 17 15:21:36 2021]: Planting random seeds...

[Info][Fri Sep 17 15:22:03 2021]: Planting random seeds...

[Info][Fri Sep 17 15:23:06 2021]: Planting random seeds...

[Info][Fri Sep 17 16:00:58 2021]: > Broadcasted message: "Pense duas vezes antes de usar qualquer tipo de bot ou hack no seu personagem, isto não será tolerado e seu personagem será deletado. Jogue limpo.".

[Info][Fri Sep 17 16:00:58 2021]: > Broadcasted message: "Think twice before using any bot or hack on your character, it will not be tolerated and your character will be deleted. Play nice.".

[Info][Fri Sep 17 16:45:59 2021]: > Broadcasted message: "Você precisa de alguma informação sobre o jogo? Acesse agora: http://www.pokecenter.com".

[Info][Fri Sep 17 16:45:59 2021]: > Broadcasted message: "Do you need any information about the game? Visit now: http://www.pokecenter.com".

[Info][Fri Sep 17 20:04:56 2021]: Planting random seeds...

[Info][Fri Sep 17 20:04:57 2021]: Planting random seeds...

[Info][Fri Sep 17 20:04:58 2021]: Planting random seeds...

[Info][Fri Sep 17 20:04:59 2021]: Planting random seeds...

[Info][Fri Sep 17 20:05:00 2021]: Planting random seeds...

[Info][Fri Sep 17 20:05:01 2021]: Planting random seeds...

[Info][Fri Sep 17 20:05:01 2021]: Planting random seeds...

[Info][Fri Sep 17 20:05:11 2021]: Planting random seeds...

[Info][Fri Sep 17 20:05:17 2021]: Planting random seeds...

[Info][Fri Sep 17 22:39:58 2021]: Planting random seeds...

[Info][Fri Sep 17 22:39:59 2021]: Planting random seeds...

[Info][Fri Sep 17 22:40:00 2021]: Planting random seeds...

[Info][Fri Sep 17 22:40:01 2021]: Planting random seeds...

[Info][Fri Sep 17 22:40:02 2021]: Planting random seeds...

[Info][Fri Sep 17 22:40:03 2021]: Planting random seeds...

[Info][Fri Sep 17 22:40:04 2021]: Planting random seeds...

[Info][Fri Sep 17 22:40:15 2021]: Planting random seeds...

[Info][Fri Sep 17 22:40:23 2021]: Planting random seeds...

[Info][Fri Sep 17 22:55:06 2021]: Planting random seeds...

[Info][Fri Sep 17 22:55:07 2021]: Planting random seeds...

[Info][Fri Sep 17 22:55:42 2021]: Planting random seeds...

[Info][Fri Sep 17 22:55:43 2021]: Planting random seeds...

[Info][Fri Sep 17 22:55:56 2021]: Planting random seeds...

[Info][Fri Sep 17 22:56:33 2021]: Planting random seeds...

[Info][Fri Sep 17 22:56:47 2021]: Planting random seeds...

[Info][Fri Sep 17 22:57:14 2021]: Planting random seeds...

[Info][Fri Sep 17 22:57:29 2021]: Planting random seeds...

[Info][Fri Sep 17 22:57:50 2021]: Planting random seeds...

[Info][Fri Sep 17 22:58:57 2021]: Planting random seeds...

[Info][Fri Sep 17 22:59:51 2021]: Planting random seeds...

[Info][Fri Sep 17 23:02:24 2021]: Planting random seeds...

[Info][Fri Sep 17 23:03:40 2021]: Planting random seeds...

[Info][Fri Sep 17 23:05:04 2021]: Planting random seeds...

[Info][Fri Sep 17 23:06:00 2021]: Planting random seeds...

[Info][Fri Sep 17 23:06:52 2021]: Planting random seeds...

[Info][Fri Sep 17 23:09:27 2021]: Planting random seeds...

[Info][Fri Sep 17 23:13:21 2021]: Planting random seeds...

[Info][Fri Sep 17 23:14:07 2021]: Planting random seeds...

[Info][Fri Sep 17 23:15:22 2021]: Planting random seeds...

[Info][Fri Sep 17 23:16:54 2021]: Planting random seeds...

[Info][Fri Sep 17 23:18:05 2021]: Planting random seeds...

[Info][Fri Sep 17 23:18:48 2021]: Planting random seeds...

[Info][Fri Sep 17 23:20:47 2021]: Planting random seeds...

[Info][Fri Sep 17 23:22:09 2021]: Planting random seeds...

[Info][Fri Sep 17 23:22:15 2021]: Planting random seeds...

[Info][Fri Sep 17 23:25:05 2021]: > Broadcasted message: "Jamais informe os dados da sua conta em qualquer site que não seja o pokecenter.com, a equipe não da itens ou pokemons.".

[Info][Fri Sep 17 23:25:05 2021]: > Broadcasted message: "Never let the data of your account on any site other than pokecenter.com, the staff not give any item or pokemon.".

[Info][Fri Sep 17 23:26:46 2021]: Planting random seeds...

[Info][Fri Sep 17 23:27:28 2021]: Planting random seeds...

[Info][Fri Sep 17 23:27:29 2021]: Planting random seeds...

[Info][Fri Sep 17 23:27:31 2021]: Planting random seeds...

[Info][Fri Sep 17 23:30:29 2021]: Planting random seeds...

[Info][Fri Sep 17 23:36:46 2021]: Planting random seeds...

[Info][Fri Sep 17 23:37:16 2021]: Planting random seeds...

[Info][Fri Sep 17 23:40:11 2021]: Planting random seeds...

[Info][Fri Sep 17 23:42:38 2021]: Planting random seeds...

[Info][Fri Sep 17 23:42:59 2021]: Planting random seeds...

[Info][Fri Sep 17 23:43:07 2021]: Planting random seeds...

[Info][Fri Sep 17 23:43:14 2021]: Planting random seeds...

[Info][Fri Sep 17 23:44:37 2021]: Planting random seeds...

[Info][Fri Sep 17 23:46:08 2021]: Planting random seeds...

[Info][Fri Sep 17 23:46:14 2021]: Planting random seeds...

[Info][Fri Sep 17 23:46:36 2021]: Planting random seeds...

[Info][Fri Sep 17 23:46:40 2021]: Planting random seeds...

[Info][Fri Sep 17 23:47:21 2021]: Planting random seeds...

[Info][Fri Sep 17 23:49:06 2021]: Planting random seeds...

[Info][Fri Sep 17 23:49:19 2021]: Planting random seeds...

[Info][Fri Sep 17 23:49:20 2021]: Planting random seeds...

[Info][Fri Sep 17 23:49:22 2021]: Planting random seeds...

[Info][Fri Sep 17 23:49:23 2021]: Planting random seeds...

[Info][Fri Sep 17 23:49:52 2021]: Planting random seeds...

[Info][Fri Sep 17 23:49:55 2021]: Planting random seeds...

[Info][Fri Sep 17 23:49:56 2021]: Planting random seeds...

[Info][Fri Sep 17 23:49:57 2021]: Planting random seeds...

[Info][Fri Sep 17 23:52:45 2021]: Planting random seeds...

[Info][Fri Sep 17 23:52:46 2021]: Planting random seeds...

[Info][Fri Sep 17 23:52:48 2021]: Planting random seeds...

[Info][Fri Sep 17 23:53:02 2021]: Planting random seeds...

[Info][Fri Sep 17 23:53:05 2021]: Planting random seeds...

[Info][Fri Sep 17 23:53:06 2021]: Planting random seeds...

[Info][Fri Sep 17 23:53:26 2021]: Planting random seeds...

[Info][Fri Sep 17 23:53:34 2021]: Planting random seeds...

[Info][Fri Sep 17 23:53:36 2021]: Planting random seeds...

[Info][Fri Sep 17 23:55:16 2021]: Planting random seeds...

[Info][Fri Sep 17 23:55:17 2021]: Planting random seeds...

[Info][Fri Sep 17 23:55:18 2021]: Planting random seeds...

[Info][Fri Sep 17 23:55:19 2021]: Planting random seeds...

[Info][Fri Sep 17 23:55:19 2021]: Planting random seeds...

[Info][Fri Sep 17 23:55:20 2021]: Planting random seeds...

[Info][Fri Sep 17 23:55:21 2021]: Planting random seeds...

[Info][Fri Sep 17 23:55:31 2021]: Planting random seeds...

[Info][Fri Sep 17 23:55:37 2021]: Planting random seeds...

[Info][Fri Sep 17 23:56:10 2021]: Planting random seeds...

[Info][Fri Sep 17 23:56:11 2021]: Planting random seeds...

[Info][Fri Sep 17 23:56:12 2021]: Planting random seeds...

[Info][Fri Sep 17 23:56:13 2021]: Planting random seeds...

[Info][Fri Sep 17 23:56:14 2021]: Planting random seeds...

[Info][Fri Sep 17 23:56:15 2021]: Planting random seeds...

[Info][Fri Sep 17 23:56:16 2021]: Planting random seeds...

[Info][Fri Sep 17 23:57:31 2021]: Planting random seeds...

[Info][Fri Sep 17 23:57:32 2021]: Planting random seeds...

[Info][Fri Sep 17 23:57:32 2021]: Planting random seeds...

[Info][Fri Sep 17 23:57:33 2021]: Planting random seeds...

[Info][Fri Sep 17 23:57:34 2021]: Planting random seeds...

[Info][Fri Sep 17 23:57:35 2021]: Planting random seeds...

[Info][Fri Sep 17 23:57:36 2021]: Planting random seeds...

[Info][Fri Sep 17 23:57:46 2021]: Planting random seeds...

[Info][Fri Sep 17 23:57:52 2021]: Planting random seeds...

[Info][Fri Sep 17 23:58:44 2021]: Planting random seeds...

[Info][Fri Sep 17 23:58:45 2021]: Planting random seeds...

[Info][Fri Sep 17 23:58:46 2021]: Planting random seeds...

[Info][Fri Sep 17 23:58:47 2021]: Planting random seeds...

[Info][Fri Sep 17 23:58:47 2021]: Planting random seeds...

[Info][Fri Sep 17 23:59:25 2021]: Planting random seeds...

[Info][Fri Sep 17 23:59:26 2021]: Planting random seeds...

