[Info][Thu Sep 09 13:20:22 2021]: Planting random seeds...

[Info][Thu Sep 09 13:20:24 2021]: Planting random seeds...

[Info][Thu Sep 09 13:20:34 2021]: Planting random seeds...

[Info][Thu Sep 09 13:20:39 2021]: Planting random seeds...

[Info][Thu Sep 09 13:20:42 2021]: Planting random seeds...

[Info][Thu Sep 09 13:20:44 2021]: Planting random seeds...

[Info][Thu Sep 09 13:20:46 2021]: Planting random seeds...

[Info][Thu Sep 09 13:21:32 2021]: Planting random seeds...

[Info][Thu Sep 09 13:22:03 2021]: Planting random seeds...

[Info][Thu Sep 09 13:25:17 2021]: Planting random seeds...

[Info][Thu Sep 09 13:56:05 2021]: Planting random seeds...

[Info][Thu Sep 09 13:56:22 2021]: Planting random seeds...

[Info][Thu Sep 09 13:58:46 2021]: Planting random seeds...

[Info][Thu Sep 09 14:02:53 2021]: Planting random seeds...

[Info][Thu Sep 09 14:05:47 2021]: > Broadcasted message: "Jamais informe os dados da sua conta em qualquer site que não seja o pokecenter.com, a equipe não da itens ou pokemons.".

[Info][Thu Sep 09 14:05:47 2021]: > Broadcasted message: "Never let the data of your account on any site other than pokecenter.com, the staff not give any item or pokemon.".

[Info][Thu Sep 09 14:16:48 2021]: Planting random seeds...

[Info][Thu Sep 09 14:20:05 2021]: Planting random seeds...

[Info][Thu Sep 09 15:27:05 2021]: Planting random seeds...

[Info][Thu Sep 09 15:27:06 2021]: Planting random seeds...

[Info][Thu Sep 09 15:27:11 2021]: Planting random seeds...

[Info][Thu Sep 09 15:27:13 2021]: Planting random seeds...

[Info][Thu Sep 09 15:27:14 2021]: Planting random seeds...

[Info][Thu Sep 09 15:27:15 2021]: Planting random seeds...

[Info][Thu Sep 09 15:27:16 2021]: Planting random seeds...

[Info][Thu Sep 09 15:27:39 2021]: Planting random seeds...

[Info][Thu Sep 09 15:27:49 2021]: Planting random seeds...

[Info][Thu Sep 09 15:35:50 2021]: Planting random seeds...

[Info][Thu Sep 09 15:38:26 2021]: Planting random seeds...

[Info][Thu Sep 09 16:00:00 2021]: Planting random seeds...

[Info][Thu Sep 09 16:00:01 2021]: Planting random seeds...

[Info][Thu Sep 09 16:00:01 2021]: Planting random seeds...

[Info][Thu Sep 09 16:00:02 2021]: Planting random seeds...

[Info][Thu Sep 09 16:00:03 2021]: Planting random seeds...

[Info][Thu Sep 09 16:00:04 2021]: Planting random seeds...

[Info][Thu Sep 09 16:00:05 2021]: Planting random seeds...

[Info][Thu Sep 09 16:00:15 2021]: Planting random seeds...

[Info][Thu Sep 09 16:00:24 2021]: Planting random seeds...

[Info][Thu Sep 09 16:36:58 2021]: Planting random seeds...

[Info][Thu Sep 09 16:36:59 2021]: Planting random seeds...

[Info][Thu Sep 09 16:37:00 2021]: Planting random seeds...

[Info][Thu Sep 09 16:37:01 2021]: Planting random seeds...

[Info][Thu Sep 09 16:37:01 2021]: Planting random seeds...

[Info][Thu Sep 09 16:37:02 2021]: Planting random seeds...

[Info][Thu Sep 09 16:37:03 2021]: Planting random seeds...

[Info][Thu Sep 09 16:37:13 2021]: Planting random seeds...

[Info][Thu Sep 09 16:37:19 2021]: Planting random seeds...

[Info][Thu Sep 09 16:38:18 2021]: Planting random seeds...

[Info][Thu Sep 09 16:38:23 2021]: Planting random seeds...

[Info][Thu Sep 09 16:45:11 2021]: Planting random seeds...

[Info][Thu Sep 09 16:45:15 2021]: Planting random seeds...

[Info][Thu Sep 09 16:45:18 2021]: Planting random seeds...

[Info][Thu Sep 09 16:46:59 2021]: Planting random seeds...

[Info][Thu Sep 09 16:47:00 2021]: Planting random seeds...

[Info][Thu Sep 09 16:47:01 2021]: Planting random seeds...

[Info][Thu Sep 09 16:52:09 2021]: Planting random seeds...

[Info][Thu Sep 09 16:52:10 2021]: Planting random seeds...

[Info][Thu Sep 09 16:52:13 2021]: Planting random seeds...

[Info][Thu Sep 09 16:53:39 2021]: Planting random seeds...

[Info][Thu Sep 09 16:53:41 2021]: Planting random seeds...

[Info][Thu Sep 09 16:53:45 2021]: Planting random seeds...

[Info][Thu Sep 09 17:14:44 2021]: Planting random seeds...

[Info][Thu Sep 09 17:14:47 2021]: Planting random seeds...

[Info][Thu Sep 09 17:22:04 2021]: > Broadcasted message: "Jamais informe os dados da sua conta em qualquer site que não seja o pokecenter.com, a equipe não da itens ou pokemons.".

[Info][Thu Sep 09 17:22:04 2021]: > Broadcasted message: "Never let the data of your account on any site other than pokecenter.com, the staff not give any item or pokemon.".

[Info][Thu Sep 09 17:23:40 2021]: Planting random seeds...

[Info][Thu Sep 09 17:23:41 2021]: Planting random seeds...

[Info][Thu Sep 09 17:23:43 2021]: Planting random seeds...

[Info][Thu Sep 09 17:26:50 2021]: Planting random seeds...

[Info][Thu Sep 09 17:26:54 2021]: Planting random seeds...

[Info][Thu Sep 09 17:33:15 2021]: Planting random seeds...

[Info][Thu Sep 09 17:33:17 2021]: Planting random seeds...

[Info][Thu Sep 09 17:33:29 2021]: Planting random seeds...

[Info][Thu Sep 09 18:07:05 2021]: > Broadcasted message: "Pense duas vezes antes de usar qualquer tipo de bot ou hack no seu personagem, isto não será tolerado e seu personagem será deletado. Jogue limpo.".

[Info][Thu Sep 09 18:07:05 2021]: > Broadcasted message: "Think twice before using any bot or hack on your character, it will not be tolerated and your character will be deleted. Play nice.".

[Info][Thu Sep 09 18:19:41 2021]: Planting random seeds...

[Info][Thu Sep 09 18:19:44 2021]: Planting random seeds...

[Info][Thu Sep 09 18:23:35 2021]: Planting random seeds...

[Info][Thu Sep 09 18:23:37 2021]: Planting random seeds...

[Info][Thu Sep 09 18:23:39 2021]: Planting random seeds...

[Info][Thu Sep 09 18:27:11 2021]: Planting random seeds...

[Info][Thu Sep 09 20:34:40 2021]: Planting random seeds...

[Info][Thu Sep 09 20:34:40 2021]: Planting random seeds...

[Info][Thu Sep 09 20:34:41 2021]: Planting random seeds...

[Info][Thu Sep 09 20:34:43 2021]: Planting random seeds...

[Info][Thu Sep 09 20:34:44 2021]: Planting random seeds...

[Info][Thu Sep 09 20:34:45 2021]: Planting random seeds...

[Info][Thu Sep 09 20:34:47 2021]: Planting random seeds...

[Info][Thu Sep 09 20:35:17 2021]: Planting random seeds...

[Info][Thu Sep 09 20:35:32 2021]: Planting random seeds...

[Info][Thu Sep 09 21:19:48 2021]: > Broadcasted message: "Jamais informe os dados da sua conta em qualquer site que não seja o pokecenter.com, a equipe não da itens ou pokemons.".

[Info][Thu Sep 09 21:19:48 2021]: > Broadcasted message: "Never let the data of your account on any site other than pokecenter.com, the staff not give any item or pokemon.".

[Info][Thu Sep 09 22:00:24 2021]: Planting random seeds...

[Info][Thu Sep 09 22:00:38 2021]: Planting random seeds...

[Info][Thu Sep 09 22:00:53 2021]: Planting random seeds...

[Info][Thu Sep 09 22:02:12 2021]: Planting random seeds...

[Info][Thu Sep 09 22:04:49 2021]: > Broadcasted message: "Pense duas vezes antes de usar qualquer tipo de bot ou hack no seu personagem, isto não será tolerado e seu personagem será deletado. Jogue limpo.".

[Info][Thu Sep 09 22:04:49 2021]: > Broadcasted message: "Think twice before using any bot or hack on your character, it will not be tolerated and your character will be deleted. Play nice.".

[Info][Thu Sep 09 22:04:58 2021]: Planting random seeds...

[Info][Thu Sep 09 22:05:12 2021]: Planting random seeds...

[Info][Thu Sep 09 22:06:50 2021]: Planting random seeds...

[Info][Thu Sep 09 22:06:58 2021]: Planting random seeds...

[Info][Thu Sep 09 22:11:19 2021]: Planting random seeds...

[Info][Thu Sep 09 22:11:21 2021]: Planting random seeds...

[Info][Thu Sep 09 22:11:23 2021]: Planting random seeds...

[Info][Thu Sep 09 22:12:57 2021]: Planting random seeds...

[Info][Thu Sep 09 22:12:58 2021]: Planting random seeds...

[Info][Thu Sep 09 22:12:59 2021]: Planting random seeds...

[Info][Thu Sep 09 22:13:00 2021]: Planting random seeds...

[Info][Thu Sep 09 22:13:01 2021]: Planting random seeds...

[Info][Thu Sep 09 22:13:02 2021]: Planting random seeds...

[Info][Thu Sep 09 22:13:03 2021]: Planting random seeds...

[Info][Thu Sep 09 22:13:14 2021]: Planting random seeds...

[Info][Thu Sep 09 22:13:21 2021]: Planting random seeds...

[Info][Thu Sep 09 22:17:19 2021]: Planting random seeds...

[Info][Thu Sep 09 22:22:42 2021]: Planting random seeds...

[Info][Thu Sep 09 22:22:44 2021]: Planting random seeds...

[Info][Thu Sep 09 22:22:45 2021]: Planting random seeds...

[Info][Thu Sep 09 22:24:30 2021]: Planting random seeds...

[Info][Thu Sep 09 22:34:41 2021]: Planting random seeds...

[Info][Thu Sep 09 22:34:42 2021]: Planting random seeds...

[Info][Thu Sep 09 22:38:15 2021]: Planting random seeds...

[Info][Thu Sep 09 22:38:24 2021]: Planting random seeds...

[Info][Thu Sep 09 22:41:14 2021]: Planting random seeds...

[Info][Thu Sep 09 22:42:45 2021]: Planting random seeds...

[Info][Thu Sep 09 22:43:02 2021]: Planting random seeds...

[Info][Thu Sep 09 22:43:30 2021]: Planting random seeds...

[Info][Thu Sep 09 22:43:41 2021]: Planting random seeds...

[Info][Thu Sep 09 22:45:28 2021]: Planting random seeds...

[Info][Thu Sep 09 22:45:29 2021]: Planting random seeds...

[Info][Thu Sep 09 22:45:30 2021]: Planting random seeds...

[Info][Thu Sep 09 22:47:12 2021]: Planting random seeds...

[Info][Thu Sep 09 22:58:04 2021]: > Broadcasted message: "Jamais informe os dados da sua conta em qualquer site que não seja o pokecenter.com, a equipe não da itens ou pokemons.".

[Info][Thu Sep 09 22:58:04 2021]: > Broadcasted message: "Never let the data of your account on any site other than pokecenter.com, the staff not give any item or pokemon.".

[Info][Thu Sep 09 23:08:44 2021]: Planting random seeds...

[Info][Thu Sep 09 23:08:45 2021]: Planting random seeds...

[Info][Thu Sep 09 23:08:45 2021]: Planting random seeds...

[Info][Thu Sep 09 23:09:07 2021]: Planting random seeds...

[Info][Thu Sep 09 23:09:08 2021]: Planting random seeds...

[Info][Thu Sep 09 23:09:09 2021]: Planting random seeds...

[Info][Thu Sep 09 23:09:28 2021]: Planting random seeds...

[Info][Thu Sep 09 23:09:29 2021]: Planting random seeds...

[Info][Thu Sep 09 23:09:30 2021]: Planting random seeds...

[Info][Thu Sep 09 23:43:05 2021]: > Broadcasted message: "Pense duas vezes antes de usar qualquer tipo de bot ou hack no seu personagem, isto não será tolerado e seu personagem será deletado. Jogue limpo.".

[Info][Thu Sep 09 23:43:05 2021]: > Broadcasted message: "Think twice before using any bot or hack on your character, it will not be tolerated and your character will be deleted. Play nice.".

[Info][Thu Sep 09 23:50:54 2021]: Planting random seeds...

[Info][Thu Sep 09 23:50:55 2021]: Planting random seeds...

[Info][Thu Sep 09 23:50:56 2021]: Planting random seeds...

[Info][Thu Sep 09 23:51:19 2021]: Planting random seeds...

[Info][Thu Sep 09 23:52:30 2021]: Planting random seeds...

[Info][Thu Sep 09 23:52:41 2021]: Planting random seeds...

[Info][Thu Sep 09 23:53:29 2021]: Planting random seeds...

[Info][Thu Sep 09 23:54:27 2021]: Planting random seeds...

[Info][Thu Sep 09 23:55:10 2021]: Planting random seeds...

[Info][Thu Sep 09 23:55:11 2021]: Planting random seeds...

[Info][Thu Sep 09 23:55:12 2021]: Planting random seeds...

[Info][Thu Sep 09 23:55:14 2021]: Planting random seeds...

[Info][Thu Sep 09 23:55:59 2021]: Planting random seeds...

[Info][Thu Sep 09 23:56:00 2021]: Planting random seeds...

[Info][Thu Sep 09 23:56:01 2021]: Planting random seeds...

