[Info][Mon Oct 18 10:20:09 2021]: Planting random seeds...

[Info][Mon Oct 18 10:20:11 2021]: Planting random seeds...

[Info][Mon Oct 18 10:20:16 2021]: Planting random seeds...

[Info][Mon Oct 18 10:20:20 2021]: Planting random seeds...

[Info][Mon Oct 18 10:20:22 2021]: Planting random seeds...

[Info][Mon Oct 18 10:20:23 2021]: Planting random seeds...

[Info][Mon Oct 18 10:20:25 2021]: Planting random seeds...

[Info][Mon Oct 18 10:20:50 2021]: Planting random seeds...

[Info][Mon Oct 18 10:21:14 2021]: Planting random seeds...

[Info][Mon Oct 18 12:23:27 2021]: Planting random seeds...

[Info][Mon Oct 18 12:23:28 2021]: Planting random seeds...

[Info][Mon Oct 18 12:23:30 2021]: Planting random seeds...

[Info][Mon Oct 18 12:23:32 2021]: Planting random seeds...

[Info][Mon Oct 18 12:23:33 2021]: Planting random seeds...

[Info][Mon Oct 18 12:23:34 2021]: Planting random seeds...

[Info][Mon Oct 18 12:23:35 2021]: Planting random seeds...

[Info][Mon Oct 18 12:23:52 2021]: Planting random seeds...

[Info][Mon Oct 18 12:23:59 2021]: Planting random seeds...

[Info][Mon Oct 18 14:04:37 2021]: Planting random seeds...

[Info][Mon Oct 18 14:04:37 2021]: Planting random seeds...

[Info][Mon Oct 18 14:04:38 2021]: Planting random seeds...

[Info][Mon Oct 18 14:04:39 2021]: Planting random seeds...

[Info][Mon Oct 18 14:04:40 2021]: Planting random seeds...

[Info][Mon Oct 18 14:04:41 2021]: Planting random seeds...

[Info][Mon Oct 18 14:04:42 2021]: Planting random seeds...

[Info][Mon Oct 18 14:04:52 2021]: Planting random seeds...

[Info][Mon Oct 18 14:05:00 2021]: Planting random seeds...

[Info][Mon Oct 18 14:49:43 2021]: > Broadcasted message: "Jamais informe os dados da sua conta em qualquer site que não seja o pokecenter.com, a equipe não da itens ou pokemons.".

[Info][Mon Oct 18 14:49:43 2021]: > Broadcasted message: "Never let the data of your account on any site other than pokecenter.com, the staff not give any item or pokemon.".

[Info][Mon Oct 18 15:34:44 2021]: > Broadcasted message: "Pense duas vezes antes de usar qualquer tipo de bot ou hack no seu personagem, isto não será tolerado e seu personagem será deletado. Jogue limpo.".

[Info][Mon Oct 18 15:34:44 2021]: > Broadcasted message: "Think twice before using any bot or hack on your character, it will not be tolerated and your character will be deleted. Play nice.".

[Info][Mon Oct 18 15:48:01 2021]: Planting random seeds...

[Info][Mon Oct 18 15:48:02 2021]: Planting random seeds...

[Info][Mon Oct 18 15:48:04 2021]: Planting random seeds...

[Info][Mon Oct 18 15:48:07 2021]: Planting random seeds...

[Info][Mon Oct 18 15:48:08 2021]: Planting random seeds...

[Info][Mon Oct 18 15:48:09 2021]: Planting random seeds...

[Info][Mon Oct 18 15:48:10 2021]: Planting random seeds...

[Info][Mon Oct 18 15:48:28 2021]: Planting random seeds...

[Info][Mon Oct 18 15:48:37 2021]: Planting random seeds...

[Info][Mon Oct 18 16:33:11 2021]: > Broadcasted message: "Jamais informe os dados da sua conta em qualquer site que não seja o pokecenter.com, a equipe não da itens ou pokemons.".

[Info][Mon Oct 18 16:33:11 2021]: > Broadcasted message: "Never let the data of your account on any site other than pokecenter.com, the staff not give any item or pokemon.".

[Info][Mon Oct 18 16:48:58 2021]: Planting random seeds...

[Info][Mon Oct 18 16:48:59 2021]: Planting random seeds...

[Info][Mon Oct 18 16:49:00 2021]: Planting random seeds...

[Info][Mon Oct 18 16:49:01 2021]: Planting random seeds...

[Info][Mon Oct 18 16:49:02 2021]: Planting random seeds...

[Info][Mon Oct 18 16:49:02 2021]: Planting random seeds...

[Info][Mon Oct 18 16:49:03 2021]: Planting random seeds...

[Info][Mon Oct 18 16:49:13 2021]: Planting random seeds...

[Info][Mon Oct 18 16:49:18 2021]: Planting random seeds...

[Info][Mon Oct 18 16:52:24 2021]: Planting random seeds...

[Info][Mon Oct 18 16:52:25 2021]: Planting random seeds...

[Info][Mon Oct 18 16:52:26 2021]: Planting random seeds...

[Info][Mon Oct 18 16:52:27 2021]: Planting random seeds...

[Info][Mon Oct 18 16:52:28 2021]: Planting random seeds...

[Info][Mon Oct 18 16:52:29 2021]: Planting random seeds...

[Info][Mon Oct 18 16:52:30 2021]: Planting random seeds...

[Info][Mon Oct 18 16:52:40 2021]: Planting random seeds...

[Info][Mon Oct 18 16:52:45 2021]: Planting random seeds...

