[Info][Wed Sep 22 17:10:56 2021]: Planting random seeds...

[Info][Wed Sep 22 17:10:57 2021]: Planting random seeds...

[Info][Wed Sep 22 17:11:02 2021]: Planting random seeds...

[Info][Wed Sep 22 17:11:05 2021]: Planting random seeds...

[Info][Wed Sep 22 17:11:07 2021]: Planting random seeds...

[Info][Wed Sep 22 17:11:08 2021]: Planting random seeds...

[Info][Wed Sep 22 17:11:09 2021]: Planting random seeds...

[Info][Wed Sep 22 17:11:40 2021]: Planting random seeds...

[Info][Wed Sep 22 17:11:54 2021]: Planting random seeds...

[Info][Wed Sep 22 17:56:10 2021]: > Broadcasted message: "Jamais informe os dados da sua conta em qualquer site que não seja o pokecenter.com, a equipe não da itens ou pokemons.".

[Info][Wed Sep 22 17:56:10 2021]: > Broadcasted message: "Never let the data of your account on any site other than pokecenter.com, the staff not give any item or pokemon.".

[Info][Wed Sep 22 18:41:12 2021]: > Broadcasted message: "Pense duas vezes antes de usar qualquer tipo de bot ou hack no seu personagem, isto não será tolerado e seu personagem será deletado. Jogue limpo.".

[Info][Wed Sep 22 18:41:12 2021]: > Broadcasted message: "Think twice before using any bot or hack on your character, it will not be tolerated and your character will be deleted. Play nice.".

[Info][Wed Sep 22 19:26:13 2021]: > Broadcasted message: "Você precisa de alguma informação sobre o jogo? Acesse agora: http://www.pokecenter.com".

[Info][Wed Sep 22 19:26:13 2021]: > Broadcasted message: "Do you need any information about the game? Visit now: http://www.pokecenter.com".

[Info][Wed Sep 22 20:11:14 2021]: > Broadcasted message: "Gostou do jogo? Então comece a divulga-lo agora mesmo! Chame seus amigos para jogar! Assim você se diverte muito mais e ajuda a manter o projeto!".

[Info][Wed Sep 22 20:11:14 2021]: > Broadcasted message: "Did you like the game? Then start to publish it right now! Call your friends to play! So you enjoy a lot more and helps keep the project!".

[Info][Wed Sep 22 20:56:15 2021]: > Broadcasted message: "Nunca coloque os dados de sua conta em qualquer site que não seja o oficial do pokecenter (http://www.pokecenter.com)! Cuide de sua conta!".

[Info][Wed Sep 22 20:56:15 2021]: > Broadcasted message: "Never put your account information at any site other than the official pokecenter (http://www.pokecenter.com)! Take care of your account!".

[Info][Wed Sep 22 21:41:16 2021]: > Broadcasted message: "Fique por dentro das novidades, dê sua opinião e participe do desenvolvimento do jogo! Acesse: http://forum.pokecenter.com/".

[Info][Wed Sep 22 21:41:16 2021]: > Broadcasted message: "Check out the news, give your opinion and participate in the development of the game! Access: http://forum.pokecenter.com/".

[Info][Wed Sep 22 22:23:17 2021]: > Broadcasted message: "World Boss: Its beautiful appearance hides all his strength.".

[Info][Wed Sep 22 22:26:17 2021]: > Broadcasted message: "Você quer deixar alguma mensagem, comentário ou sugestão para os desenvolvedores do pokecenter? Acesse: http://www.pokecenter.com".

[Info][Wed Sep 22 22:26:17 2021]: > Broadcasted message: "You want to leave a message, comment or suggestion to the pokecenter developers? Visit now: http://www.pokecenter.com".

[Info][Wed Sep 22 22:33:17 2021]: > Broadcasted message: "World Boss: Pokemon seem to be afraid, there's something very wrong going on.".

[Info][Wed Sep 22 22:43:17 2021]: > Broadcasted message: "World Boss: Normally found near power plants, they can wander away and cause major blackouts in cities.".

[Info][Wed Sep 22 22:53:17 2021]: > Broadcasted message: "World Boss: Normally found near power plants, they can wander away and cause major blackouts in cities.".

[Info][Wed Sep 22 23:03:17 2021]: > Broadcasted message: "World Boss: What's that in the sky? It seems that landed not far from here.".

[Info][Wed Sep 22 23:11:18 2021]: > Broadcasted message: "Jamais informe os dados da sua conta em qualquer site que não seja o pokecenter.com, a equipe não da itens ou pokemons.".

[Info][Wed Sep 22 23:11:18 2021]: > Broadcasted message: "Never let the data of your account on any site other than pokecenter.com, the staff not give any item or pokemon.".

[Info][Wed Sep 22 23:13:17 2021]: > Broadcasted message: "World Boss: Normally found near power plants, they can wander away and cause major blackouts in cities.".

[Info][Wed Sep 22 23:23:17 2021]: > Broadcasted message: "World Boss: Suddenly the sea was very choppy.".

[Info][Wed Sep 22 23:33:17 2021]: > Broadcasted message: "World Boss: If a major power outage occurs, it is certain that this Pokemon has eaten electricity at a power plant.".

