[Info][Tue Sep 21 00:53:20 2021]: Planting random seeds...

[Info][Tue Sep 21 00:53:21 2021]: Planting random seeds...

[Info][Tue Sep 21 00:53:28 2021]: Planting random seeds...

[Info][Tue Sep 21 00:53:32 2021]: Planting random seeds...

[Info][Tue Sep 21 00:53:33 2021]: Planting random seeds...

[Info][Tue Sep 21 00:53:35 2021]: Planting random seeds...

[Info][Tue Sep 21 00:53:36 2021]: Planting random seeds...

[Info][Tue Sep 21 00:54:05 2021]: Planting random seeds...

[Info][Tue Sep 21 00:54:21 2021]: Planting random seeds...

[Info][Tue Sep 21 00:58:25 2021]: Planting random seeds...

[Info][Tue Sep 21 00:58:27 2021]: Planting random seeds...

[Info][Tue Sep 21 00:59:55 2021]: Planting random seeds...

[Info][Tue Sep 21 01:01:33 2021]: Planting random seeds...

[Info][Tue Sep 21 01:03:09 2021]: Planting random seeds...

[Info][Tue Sep 21 12:51:52 2021]: Planting random seeds...

[Info][Tue Sep 21 12:51:53 2021]: Planting random seeds...

[Info][Tue Sep 21 12:51:59 2021]: Planting random seeds...

[Info][Tue Sep 21 12:52:01 2021]: Planting random seeds...

[Info][Tue Sep 21 12:52:03 2021]: Planting random seeds...

[Info][Tue Sep 21 12:52:04 2021]: Planting random seeds...

[Info][Tue Sep 21 12:52:05 2021]: Planting random seeds...

[Info][Tue Sep 21 12:52:32 2021]: Planting random seeds...

[Info][Tue Sep 21 12:52:49 2021]: Planting random seeds...

[Info][Tue Sep 21 17:40:56 2021]: Planting random seeds...

[Info][Tue Sep 21 17:40:57 2021]: Planting random seeds...

[Info][Tue Sep 21 17:40:59 2021]: Planting random seeds...

[Info][Tue Sep 21 17:41:00 2021]: Planting random seeds...

[Info][Tue Sep 21 17:41:01 2021]: Planting random seeds...

[Info][Tue Sep 21 17:41:02 2021]: Planting random seeds...

[Info][Tue Sep 21 17:41:03 2021]: Planting random seeds...

[Info][Tue Sep 21 17:41:19 2021]: Planting random seeds...

[Info][Tue Sep 21 17:41:28 2021]: Planting random seeds...

[Info][Tue Sep 21 18:50:36 2021]: Planting random seeds...

[Info][Tue Sep 21 18:50:37 2021]: Planting random seeds...

[Info][Tue Sep 21 18:50:38 2021]: Planting random seeds...

[Info][Tue Sep 21 18:50:39 2021]: Planting random seeds...

[Info][Tue Sep 21 18:50:39 2021]: Planting random seeds...

[Info][Tue Sep 21 18:50:40 2021]: Planting random seeds...

[Info][Tue Sep 21 18:50:41 2021]: Planting random seeds...

[Info][Tue Sep 21 18:50:50 2021]: Planting random seeds...

[Info][Tue Sep 21 18:50:56 2021]: Planting random seeds...

[Info][Tue Sep 21 19:26:52 2021]: Planting random seeds...

[Info][Tue Sep 21 19:26:53 2021]: Planting random seeds...

[Info][Tue Sep 21 19:26:54 2021]: Planting random seeds...

[Info][Tue Sep 21 19:26:55 2021]: Planting random seeds...

[Info][Tue Sep 21 19:26:56 2021]: Planting random seeds...

[Info][Tue Sep 21 19:26:57 2021]: Planting random seeds...

[Info][Tue Sep 21 19:26:58 2021]: Planting random seeds...

[Info][Tue Sep 21 19:27:08 2021]: Planting random seeds...

[Info][Tue Sep 21 19:27:13 2021]: Planting random seeds...

[Info][Tue Sep 21 20:11:59 2021]: > Broadcasted message: "Jamais informe os dados da sua conta em qualquer site que não seja o pokecenter.com, a equipe não da itens ou pokemons.".

[Info][Tue Sep 21 20:11:59 2021]: > Broadcasted message: "Never let the data of your account on any site other than pokecenter.com, the staff not give any item or pokemon.".

[Info][Tue Sep 21 20:57:00 2021]: > Broadcasted message: "Pense duas vezes antes de usar qualquer tipo de bot ou hack no seu personagem, isto não será tolerado e seu personagem será deletado. Jogue limpo.".

[Info][Tue Sep 21 20:57:00 2021]: > Broadcasted message: "Think twice before using any bot or hack on your character, it will not be tolerated and your character will be deleted. Play nice.".

[Info][Tue Sep 21 21:42:01 2021]: > Broadcasted message: "Você precisa de alguma informação sobre o jogo? Acesse agora: http://www.pokecenter.com".

[Info][Tue Sep 21 21:42:01 2021]: > Broadcasted message: "Do you need any information about the game? Visit now: http://www.pokecenter.com".

[Info][Tue Sep 21 22:27:02 2021]: > Broadcasted message: "Gostou do jogo? Então comece a divulga-lo agora mesmo! Chame seus amigos para jogar! Assim você se diverte muito mais e ajuda a manter o projeto!".

[Info][Tue Sep 21 22:27:02 2021]: > Broadcasted message: "Did you like the game? Then start to publish it right now! Call your friends to play! So you enjoy a lot more and helps keep the project!".

