[Info][Sat Oct 30 10:47:25 2021]: Planting random seeds...

[Info][Sat Oct 30 10:47:27 2021]: Planting random seeds...

[Info][Sat Oct 30 10:47:31 2021]: Planting random seeds...

[Info][Sat Oct 30 10:47:35 2021]: Planting random seeds...

[Info][Sat Oct 30 10:47:37 2021]: Planting random seeds...

[Info][Sat Oct 30 10:47:38 2021]: Planting random seeds...

[Info][Sat Oct 30 10:47:40 2021]: Planting random seeds...

[Info][Sat Oct 30 10:48:15 2021]: Planting random seeds...

[Info][Sat Oct 30 10:48:32 2021]: Planting random seeds...

[Info][Sat Oct 30 11:32:41 2021]: > Broadcasted message: "Jamais informe os dados da sua conta em qualquer site que não seja o pokecenter.com, a equipe não da itens ou pokemons.".

[Info][Sat Oct 30 11:32:41 2021]: > Broadcasted message: "Never let the data of your account on any site other than pokecenter.com, the staff not give any item or pokemon.".

[Info][Sat Oct 30 12:17:42 2021]: > Broadcasted message: "Pense duas vezes antes de usar qualquer tipo de bot ou hack no seu personagem, isto não será tolerado e seu personagem será deletado. Jogue limpo.".

[Info][Sat Oct 30 12:17:42 2021]: > Broadcasted message: "Think twice before using any bot or hack on your character, it will not be tolerated and your character will be deleted. Play nice.".

[Info][Sat Oct 30 12:27:40 2021]: Planting random seeds...

[Info][Sat Oct 30 12:29:51 2021]: Planting random seeds...

[Info][Sat Oct 30 12:35:05 2021]: Planting random seeds...

[Info][Sat Oct 30 12:48:29 2021]: Planting random seeds...

[Info][Sat Oct 30 13:02:43 2021]: > Broadcasted message: "Você precisa de alguma informação sobre o jogo? Acesse agora: http://www.pokecenter.com".

[Info][Sat Oct 30 13:02:43 2021]: > Broadcasted message: "Do you need any information about the game? Visit now: http://www.pokecenter.com".

[Info][Sat Oct 30 13:11:21 2021]: Planting random seeds...

[Info][Sat Oct 30 13:14:39 2021]: Planting random seeds...

[Info][Sat Oct 30 13:14:49 2021]: Planting random seeds...

[Info][Sat Oct 30 13:20:09 2021]: Planting random seeds...

[Info][Sat Oct 30 13:20:44 2021]: Planting random seeds...

[Info][Sat Oct 30 13:20:59 2021]: Planting random seeds...

[Info][Sat Oct 30 13:21:53 2021]: Planting random seeds...

[Info][Sat Oct 30 13:21:54 2021]: Planting random seeds...

[Info][Sat Oct 30 13:21:56 2021]: Planting random seeds...

[Info][Sat Oct 30 13:21:57 2021]: Planting random seeds...

[Info][Sat Oct 30 13:21:58 2021]: Planting random seeds...

[Info][Sat Oct 30 13:22:00 2021]: Planting random seeds...

[Info][Sat Oct 30 13:22:00 2021]: Planting random seeds...

[Info][Sat Oct 30 13:22:18 2021]: Planting random seeds...

[Info][Sat Oct 30 13:22:26 2021]: Planting random seeds...

[Info][Sat Oct 30 13:43:13 2021]: Planting random seeds...

[Info][Sat Oct 30 14:07:02 2021]: > Broadcasted message: "Jamais informe os dados da sua conta em qualquer site que não seja o pokecenter.com, a equipe não da itens ou pokemons.".

[Info][Sat Oct 30 14:07:02 2021]: > Broadcasted message: "Never let the data of your account on any site other than pokecenter.com, the staff not give any item or pokemon.".

[Info][Sat Oct 30 14:26:50 2021]: Planting random seeds...

[Info][Sat Oct 30 14:52:03 2021]: > Broadcasted message: "Pense duas vezes antes de usar qualquer tipo de bot ou hack no seu personagem, isto não será tolerado e seu personagem será deletado. Jogue limpo.".

[Info][Sat Oct 30 14:52:03 2021]: > Broadcasted message: "Think twice before using any bot or hack on your character, it will not be tolerated and your character will be deleted. Play nice.".

[Info][Sat Oct 30 15:15:59 2021]: Planting random seeds...

[Info][Sat Oct 30 15:15:59 2021]: Planting random seeds...

[Info][Sat Oct 30 15:16:00 2021]: Planting random seeds...

[Info][Sat Oct 30 15:16:01 2021]: Planting random seeds...

[Info][Sat Oct 30 15:16:02 2021]: Planting random seeds...

[Info][Sat Oct 30 15:16:03 2021]: Planting random seeds...

[Info][Sat Oct 30 15:16:04 2021]: Planting random seeds...

[Info][Sat Oct 30 20:19:44 2021]: Planting random seeds...

[Info][Sat Oct 30 20:19:45 2021]: Planting random seeds...

[Info][Sat Oct 30 20:19:47 2021]: Planting random seeds...

[Info][Sat Oct 30 20:19:48 2021]: Planting random seeds...

[Info][Sat Oct 30 20:19:50 2021]: Planting random seeds...

[Info][Sat Oct 30 20:19:50 2021]: Planting random seeds...

[Info][Sat Oct 30 20:19:51 2021]: Planting random seeds...

[Info][Sat Oct 30 20:20:11 2021]: Planting random seeds...

[Info][Sat Oct 30 20:20:19 2021]: Planting random seeds...

[Info][Sat Oct 30 20:26:47 2021]: Planting random seeds...

[Info][Sat Oct 30 20:27:49 2021]: Planting random seeds...

[Info][Sat Oct 30 20:31:53 2021]: Planting random seeds...

[Info][Sat Oct 30 20:38:44 2021]: Planting random seeds...

[Info][Sat Oct 30 20:38:45 2021]: Planting random seeds...

[Info][Sat Oct 30 20:38:47 2021]: Planting random seeds...

[Info][Sat Oct 30 20:38:48 2021]: Planting random seeds...

[Info][Sat Oct 30 20:38:49 2021]: Planting random seeds...

[Info][Sat Oct 30 20:38:50 2021]: Planting random seeds...

[Info][Sat Oct 30 20:38:51 2021]: Planting random seeds...

[Info][Sat Oct 30 20:39:08 2021]: Planting random seeds...

[Info][Sat Oct 30 20:39:16 2021]: Planting random seeds...

[Info][Sat Oct 30 21:15:28 2021]: Planting random seeds...

[Info][Sat Oct 30 21:15:29 2021]: Planting random seeds...

[Info][Sat Oct 30 21:15:30 2021]: Planting random seeds...

[Info][Sat Oct 30 21:15:31 2021]: Planting random seeds...

[Info][Sat Oct 30 21:15:32 2021]: Planting random seeds...

[Info][Sat Oct 30 21:15:33 2021]: Planting random seeds...

[Info][Sat Oct 30 21:15:34 2021]: Planting random seeds...

[Info][Sat Oct 30 21:15:44 2021]: Planting random seeds...

[Info][Sat Oct 30 21:15:49 2021]: Planting random seeds...

[Info][Sat Oct 30 21:17:17 2021]: Planting random seeds...

[Info][Sat Oct 30 21:17:18 2021]: Planting random seeds...

[Info][Sat Oct 30 21:17:19 2021]: Planting random seeds...

[Info][Sat Oct 30 21:17:20 2021]: Planting random seeds...

[Info][Sat Oct 30 21:17:21 2021]: Planting random seeds...

[Info][Sat Oct 30 21:17:22 2021]: Planting random seeds...

[Info][Sat Oct 30 21:17:23 2021]: Planting random seeds...

[Info][Sat Oct 30 21:17:33 2021]: Planting random seeds...

[Info][Sat Oct 30 21:17:39 2021]: Planting random seeds...

[Info][Sat Oct 30 21:29:24 2021]: Planting random seeds...

[Info][Sat Oct 30 21:29:25 2021]: Planting random seeds...

[Info][Sat Oct 30 21:29:26 2021]: Planting random seeds...

[Info][Sat Oct 30 21:29:27 2021]: Planting random seeds...

[Info][Sat Oct 30 21:29:28 2021]: Planting random seeds...

[Info][Sat Oct 30 21:29:29 2021]: Planting random seeds...

[Info][Sat Oct 30 21:29:30 2021]: Planting random seeds...

[Info][Sat Oct 30 21:29:40 2021]: Planting random seeds...

[Info][Sat Oct 30 21:29:46 2021]: Planting random seeds...

[Info][Sat Oct 30 21:31:03 2021]: Planting random seeds...

[Info][Sat Oct 30 21:31:04 2021]: Planting random seeds...

[Info][Sat Oct 30 21:31:05 2021]: Planting random seeds...

[Info][Sat Oct 30 21:31:05 2021]: Planting random seeds...

[Info][Sat Oct 30 21:31:06 2021]: Planting random seeds...

[Info][Sat Oct 30 21:31:07 2021]: Planting random seeds...

[Info][Sat Oct 30 21:31:08 2021]: Planting random seeds...

[Info][Sat Oct 30 21:31:18 2021]: Planting random seeds...

[Info][Sat Oct 30 21:31:24 2021]: Planting random seeds...

[Info][Sat Oct 30 22:16:09 2021]: > Broadcasted message: "Jamais informe os dados da sua conta em qualquer site que não seja o pokecenter.com, a equipe não da itens ou pokemons.".

[Info][Sat Oct 30 22:16:09 2021]: > Broadcasted message: "Never let the data of your account on any site other than pokecenter.com, the staff not give any item or pokemon.".

[Info][Sat Oct 30 23:01:10 2021]: > Broadcasted message: "Pense duas vezes antes de usar qualquer tipo de bot ou hack no seu personagem, isto não será tolerado e seu personagem será deletado. Jogue limpo.".

[Info][Sat Oct 30 23:01:10 2021]: > Broadcasted message: "Think twice before using any bot or hack on your character, it will not be tolerated and your character will be deleted. Play nice.".

[Info][Sat Oct 30 23:46:11 2021]: > Broadcasted message: "Você precisa de alguma informação sobre o jogo? Acesse agora: http://www.pokecenter.com".

[Info][Sat Oct 30 23:46:11 2021]: > Broadcasted message: "Do you need any information about the game? Visit now: http://www.pokecenter.com".

