[Info][Wed Oct 27 00:05:21 2021]: > Broadcasted message: "Jamais informe os dados da sua conta em qualquer site que não seja o pokecenter.com, a equipe não da itens ou pokemons.".

[Info][Wed Oct 27 00:05:21 2021]: > Broadcasted message: "Never let the data of your account on any site other than pokecenter.com, the staff not give any item or pokemon.".

[Info][Wed Oct 27 00:50:22 2021]: > Broadcasted message: "Pense duas vezes antes de usar qualquer tipo de bot ou hack no seu personagem, isto não será tolerado e seu personagem será deletado. Jogue limpo.".

[Info][Wed Oct 27 00:50:22 2021]: > Broadcasted message: "Think twice before using any bot or hack on your character, it will not be tolerated and your character will be deleted. Play nice.".

[Info][Wed Oct 27 13:26:13 2021]: Planting random seeds...

[Info][Wed Oct 27 13:26:14 2021]: Planting random seeds...

[Info][Wed Oct 27 13:26:15 2021]: Planting random seeds...

[Info][Wed Oct 27 13:26:18 2021]: Planting random seeds...

[Info][Wed Oct 27 13:26:19 2021]: Planting random seeds...

[Info][Wed Oct 27 13:26:20 2021]: Planting random seeds...

[Info][Wed Oct 27 13:26:21 2021]: Planting random seeds...

[Info][Wed Oct 27 13:26:41 2021]: Planting random seeds...

[Info][Wed Oct 27 13:26:53 2021]: Planting random seeds...

[Info][Wed Oct 27 13:36:51 2021]: Planting random seeds...

[Info][Wed Oct 27 13:41:06 2021]: Planting random seeds...

[Info][Wed Oct 27 14:11:22 2021]: > Broadcasted message: "Jamais informe os dados da sua conta em qualquer site que não seja o pokecenter.com, a equipe não da itens ou pokemons.".

[Info][Wed Oct 27 14:11:22 2021]: > Broadcasted message: "Never let the data of your account on any site other than pokecenter.com, the staff not give any item or pokemon.".

[Info][Wed Oct 27 14:33:34 2021]: Planting random seeds...

[Info][Wed Oct 27 14:42:49 2021]: Planting random seeds...

[Info][Wed Oct 27 14:44:17 2021]: Planting random seeds...

[Info][Wed Oct 27 14:46:14 2021]: Planting random seeds...

[Info][Wed Oct 27 14:52:11 2021]: Planting random seeds...

[Info][Wed Oct 27 14:56:23 2021]: > Broadcasted message: "Pense duas vezes antes de usar qualquer tipo de bot ou hack no seu personagem, isto não será tolerado e seu personagem será deletado. Jogue limpo.".

[Info][Wed Oct 27 14:56:23 2021]: > Broadcasted message: "Think twice before using any bot or hack on your character, it will not be tolerated and your character will be deleted. Play nice.".

[Info][Wed Oct 27 15:06:00 2021]: Planting random seeds...

[Info][Wed Oct 27 15:06:32 2021]: Planting random seeds...

[Info][Wed Oct 27 15:10:22 2021]: Planting random seeds...

[Info][Wed Oct 27 15:41:24 2021]: > Broadcasted message: "Você precisa de alguma informação sobre o jogo? Acesse agora: http://www.pokecenter.com".

[Info][Wed Oct 27 15:41:24 2021]: > Broadcasted message: "Do you need any information about the game? Visit now: http://www.pokecenter.com".

[Info][Wed Oct 27 16:26:25 2021]: > Broadcasted message: "Gostou do jogo? Então comece a divulga-lo agora mesmo! Chame seus amigos para jogar! Assim você se diverte muito mais e ajuda a manter o projeto!".

[Info][Wed Oct 27 16:26:25 2021]: > Broadcasted message: "Did you like the game? Then start to publish it right now! Call your friends to play! So you enjoy a lot more and helps keep the project!".

[Info][Wed Oct 27 17:11:26 2021]: > Broadcasted message: "Nunca coloque os dados de sua conta em qualquer site que não seja o oficial do pokecenter (http://www.pokecenter.com)! Cuide de sua conta!".

[Info][Wed Oct 27 17:11:26 2021]: > Broadcasted message: "Never put your account information at any site other than the official pokecenter (http://www.pokecenter.com)! Take care of your account!".

[Info][Wed Oct 27 18:41:13 2021]: Planting random seeds...

[Info][Wed Oct 27 18:41:15 2021]: Planting random seeds...

[Info][Wed Oct 27 18:41:20 2021]: Planting random seeds...

[Info][Wed Oct 27 18:41:23 2021]: Planting random seeds...

[Info][Wed Oct 27 18:41:25 2021]: Planting random seeds...

[Info][Wed Oct 27 18:41:27 2021]: Planting random seeds...

[Info][Wed Oct 27 18:41:28 2021]: Planting random seeds...

[Info][Wed Oct 27 18:42:02 2021]: Planting random seeds...

[Info][Wed Oct 27 18:42:19 2021]: Planting random seeds...

[Info][Wed Oct 27 19:26:30 2021]: > Broadcasted message: "Jamais informe os dados da sua conta em qualquer site que não seja o pokecenter.com, a equipe não da itens ou pokemons.".

[Info][Wed Oct 27 19:26:30 2021]: > Broadcasted message: "Never let the data of your account on any site other than pokecenter.com, the staff not give any item or pokemon.".

[Info][Wed Oct 27 20:11:31 2021]: > Broadcasted message: "Pense duas vezes antes de usar qualquer tipo de bot ou hack no seu personagem, isto não será tolerado e seu personagem será deletado. Jogue limpo.".

[Info][Wed Oct 27 20:11:31 2021]: > Broadcasted message: "Think twice before using any bot or hack on your character, it will not be tolerated and your character will be deleted. Play nice.".

[Info][Wed Oct 27 20:56:32 2021]: > Broadcasted message: "Você precisa de alguma informação sobre o jogo? Acesse agora: http://www.pokecenter.com".

[Info][Wed Oct 27 20:56:32 2021]: > Broadcasted message: "Do you need any information about the game? Visit now: http://www.pokecenter.com".

[Info][Wed Oct 27 21:41:34 2021]: > Broadcasted message: "Gostou do jogo? Então comece a divulga-lo agora mesmo! Chame seus amigos para jogar! Assim você se diverte muito mais e ajuda a manter o projeto!".

[Info][Wed Oct 27 21:41:34 2021]: > Broadcasted message: "Did you like the game? Then start to publish it right now! Call your friends to play! So you enjoy a lot more and helps keep the project!".

[Info][Wed Oct 27 22:26:35 2021]: > Broadcasted message: "Nunca coloque os dados de sua conta em qualquer site que não seja o oficial do pokecenter (http://www.pokecenter.com)! Cuide de sua conta!".

[Info][Wed Oct 27 22:26:35 2021]: > Broadcasted message: "Never put your account information at any site other than the official pokecenter (http://www.pokecenter.com)! Take care of your account!".

[Info][Wed Oct 27 23:11:36 2021]: > Broadcasted message: "Fique por dentro das novidades, dê sua opinião e participe do desenvolvimento do jogo! Acesse: http://forum.pokecenter.com/".

[Info][Wed Oct 27 23:11:36 2021]: > Broadcasted message: "Check out the news, give your opinion and participate in the development of the game! Access: http://forum.pokecenter.com/".

[Info][Wed Oct 27 23:56:37 2021]: > Broadcasted message: "Você quer deixar alguma mensagem, comentário ou sugestão para os desenvolvedores do pokecenter? Acesse: http://www.pokecenter.com".

[Info][Wed Oct 27 23:56:37 2021]: > Broadcasted message: "You want to leave a message, comment or suggestion to the pokecenter developers? Visit now: http://www.pokecenter.com".

