[Info][Tue Oct 12 03:03:47 2021]: Planting random seeds...

[Info][Tue Oct 12 03:03:48 2021]: Planting random seeds...

[Info][Tue Oct 12 03:03:54 2021]: Planting random seeds...

[Info][Tue Oct 12 03:03:58 2021]: Planting random seeds...

[Info][Tue Oct 12 03:04:02 2021]: Planting random seeds...

[Info][Tue Oct 12 03:04:03 2021]: Planting random seeds...

[Info][Tue Oct 12 03:04:05 2021]: Planting random seeds...

[Info][Tue Oct 12 03:04:36 2021]: Planting random seeds...

[Info][Tue Oct 12 03:04:52 2021]: Planting random seeds...

[Info][Tue Oct 12 07:05:01 2021]: Planting random seeds...

[Info][Tue Oct 12 07:05:02 2021]: Planting random seeds...

[Info][Tue Oct 12 07:05:04 2021]: Planting random seeds...

[Info][Tue Oct 12 07:05:06 2021]: Planting random seeds...

[Info][Tue Oct 12 07:05:07 2021]: Planting random seeds...

[Info][Tue Oct 12 07:05:09 2021]: Planting random seeds...

[Info][Tue Oct 12 07:05:10 2021]: Planting random seeds...

[Info][Tue Oct 12 07:05:27 2021]: Planting random seeds...

[Info][Tue Oct 12 07:05:39 2021]: Planting random seeds...

[Info][Tue Oct 12 07:50:11 2021]: > Broadcasted message: "Jamais informe os dados da sua conta em qualquer site que não seja o pokecenter.com, a equipe não da itens ou pokemons.".

[Info][Tue Oct 12 07:50:11 2021]: > Broadcasted message: "Never let the data of your account on any site other than pokecenter.com, the staff not give any item or pokemon.".

[Info][Tue Oct 12 08:35:12 2021]: > Broadcasted message: "Pense duas vezes antes de usar qualquer tipo de bot ou hack no seu personagem, isto não será tolerado e seu personagem será deletado. Jogue limpo.".

[Info][Tue Oct 12 08:35:12 2021]: > Broadcasted message: "Think twice before using any bot or hack on your character, it will not be tolerated and your character will be deleted. Play nice.".

[Info][Tue Oct 12 09:20:13 2021]: > Broadcasted message: "Você precisa de alguma informação sobre o jogo? Acesse agora: http://www.pokecenter.com".

[Info][Tue Oct 12 09:20:13 2021]: > Broadcasted message: "Do you need any information about the game? Visit now: http://www.pokecenter.com".

[Info][Tue Oct 12 10:05:14 2021]: > Broadcasted message: "Gostou do jogo? Então comece a divulga-lo agora mesmo! Chame seus amigos para jogar! Assim você se diverte muito mais e ajuda a manter o projeto!".

[Info][Tue Oct 12 10:05:14 2021]: > Broadcasted message: "Did you like the game? Then start to publish it right now! Call your friends to play! So you enjoy a lot more and helps keep the project!".

[Info][Tue Oct 12 10:50:15 2021]: > Broadcasted message: "Nunca coloque os dados de sua conta em qualquer site que não seja o oficial do pokecenter (http://www.pokecenter.com)! Cuide de sua conta!".

[Info][Tue Oct 12 10:50:15 2021]: > Broadcasted message: "Never put your account information at any site other than the official pokecenter (http://www.pokecenter.com)! Take care of your account!".

[Info][Tue Oct 12 11:35:16 2021]: > Broadcasted message: "Fique por dentro das novidades, dê sua opinião e participe do desenvolvimento do jogo! Acesse: http://forum.pokecenter.com/".

[Info][Tue Oct 12 11:35:16 2021]: > Broadcasted message: "Check out the news, give your opinion and participate in the development of the game! Access: http://forum.pokecenter.com/".

