[Info][Thu Sep 16 12:21:03 2021]: Planting random seeds...

[Info][Thu Sep 16 12:21:04 2021]: Planting random seeds...

[Info][Thu Sep 16 12:21:05 2021]: Planting random seeds...

[Info][Thu Sep 16 12:21:06 2021]: Planting random seeds...

[Info][Thu Sep 16 12:21:06 2021]: Planting random seeds...

[Info][Thu Sep 16 12:21:07 2021]: Planting random seeds...

[Info][Thu Sep 16 12:21:08 2021]: Planting random seeds...

[Info][Thu Sep 16 12:21:26 2021]: Planting random seeds...

[Info][Thu Sep 16 12:21:32 2021]: Planting random seeds...

[Info][Thu Sep 16 13:14:07 2021]: Planting random seeds...

[Info][Thu Sep 16 13:14:08 2021]: Planting random seeds...

[Info][Thu Sep 16 13:14:09 2021]: Planting random seeds...

[Info][Thu Sep 16 13:14:10 2021]: Planting random seeds...

[Info][Thu Sep 16 13:14:10 2021]: Planting random seeds...

[Info][Thu Sep 16 13:14:11 2021]: Planting random seeds...

[Info][Thu Sep 16 13:14:12 2021]: Planting random seeds...

[Info][Thu Sep 16 13:14:22 2021]: Planting random seeds...

[Info][Thu Sep 16 13:14:27 2021]: Planting random seeds...

[Info][Thu Sep 16 15:08:36 2021]: Planting random seeds...

[Info][Thu Sep 16 15:08:37 2021]: Planting random seeds...

[Info][Thu Sep 16 15:08:38 2021]: Planting random seeds...

[Info][Thu Sep 16 15:08:39 2021]: Planting random seeds...

[Info][Thu Sep 16 15:08:40 2021]: Planting random seeds...

[Info][Thu Sep 16 15:08:41 2021]: Planting random seeds...

[Info][Thu Sep 16 15:08:41 2021]: Planting random seeds...

[Info][Thu Sep 16 15:08:52 2021]: Planting random seeds...

[Info][Thu Sep 16 15:08:58 2021]: Planting random seeds...

[Info][Thu Sep 16 15:53:43 2021]: > Broadcasted message: "Jamais informe os dados da sua conta em qualquer site que não seja o pokecenter.com, a equipe não da itens ou pokemons.".

[Info][Thu Sep 16 15:53:43 2021]: > Broadcasted message: "Never let the data of your account on any site other than pokecenter.com, the staff not give any item or pokemon.".

[Info][Thu Sep 16 16:38:44 2021]: > Broadcasted message: "Pense duas vezes antes de usar qualquer tipo de bot ou hack no seu personagem, isto não será tolerado e seu personagem será deletado. Jogue limpo.".

[Info][Thu Sep 16 16:38:44 2021]: > Broadcasted message: "Think twice before using any bot or hack on your character, it will not be tolerated and your character will be deleted. Play nice.".

[Info][Thu Sep 16 17:23:45 2021]: > Broadcasted message: "Você precisa de alguma informação sobre o jogo? Acesse agora: http://www.pokecenter.com".

[Info][Thu Sep 16 17:23:45 2021]: > Broadcasted message: "Do you need any information about the game? Visit now: http://www.pokecenter.com".

[Info][Thu Sep 16 18:08:46 2021]: > Broadcasted message: "Gostou do jogo? Então comece a divulga-lo agora mesmo! Chame seus amigos para jogar! Assim você se diverte muito mais e ajuda a manter o projeto!".

[Info][Thu Sep 16 18:08:46 2021]: > Broadcasted message: "Did you like the game? Then start to publish it right now! Call your friends to play! So you enjoy a lot more and helps keep the project!".

[Info][Thu Sep 16 18:53:47 2021]: > Broadcasted message: "Nunca coloque os dados de sua conta em qualquer site que não seja o oficial do pokecenter (http://www.pokecenter.com)! Cuide de sua conta!".

[Info][Thu Sep 16 18:53:47 2021]: > Broadcasted message: "Never put your account information at any site other than the official pokecenter (http://www.pokecenter.com)! Take care of your account!".

[Info][Thu Sep 16 19:38:48 2021]: > Broadcasted message: "Fique por dentro das novidades, dê sua opinião e participe do desenvolvimento do jogo! Acesse: http://forum.pokecenter.com/".

[Info][Thu Sep 16 19:38:48 2021]: > Broadcasted message: "Check out the news, give your opinion and participate in the development of the game! Access: http://forum.pokecenter.com/".

[Info][Thu Sep 16 20:23:49 2021]: > Broadcasted message: "Você quer deixar alguma mensagem, comentário ou sugestão para os desenvolvedores do pokecenter? Acesse: http://www.pokecenter.com".

[Info][Thu Sep 16 20:23:49 2021]: > Broadcasted message: "You want to leave a message, comment or suggestion to the pokecenter developers? Visit now: http://www.pokecenter.com".

