[Info][Sun Nov 07 00:10:58 2021]: > Broadcasted message: "Fique por dentro das novidades, dê sua opinião e participe do desenvolvimento do jogo! Acesse: http://forum.pokecenter.com/".

[Info][Sun Nov 07 00:10:58 2021]: > Broadcasted message: "Check out the news, give your opinion and participate in the development of the game! Access: http://forum.pokecenter.com/".

[Info][Sun Nov 07 00:55:59 2021]: > Broadcasted message: "Você quer deixar alguma mensagem, comentário ou sugestão para os desenvolvedores do pokecenter? Acesse: http://www.pokecenter.com".

[Info][Sun Nov 07 00:55:59 2021]: > Broadcasted message: "You want to leave a message, comment or suggestion to the pokecenter developers? Visit now: http://www.pokecenter.com".

[Info][Sun Nov 07 01:41:00 2021]: > Broadcasted message: "Jamais informe os dados da sua conta em qualquer site que não seja o pokecenter.com, a equipe não da itens ou pokemons.".

[Info][Sun Nov 07 01:41:00 2021]: > Broadcasted message: "Never let the data of your account on any site other than pokecenter.com, the staff not give any item or pokemon.".

[Info][Sun Nov 07 02:26:01 2021]: > Broadcasted message: "Pense duas vezes antes de usar qualquer tipo de bot ou hack no seu personagem, isto não será tolerado e seu personagem será deletado. Jogue limpo.".

[Info][Sun Nov 07 02:26:02 2021]: > Broadcasted message: "Think twice before using any bot or hack on your character, it will not be tolerated and your character will be deleted. Play nice.".

[Info][Sun Nov 07 03:11:02 2021]: > Broadcasted message: "Você precisa de alguma informação sobre o jogo? Acesse agora: http://www.pokecenter.com".

[Info][Sun Nov 07 03:11:02 2021]: > Broadcasted message: "Do you need any information about the game? Visit now: http://www.pokecenter.com".

[Info][Sun Nov 07 03:28:26 2021]: Planting random seeds...

[Info][Sun Nov 07 03:30:33 2021]: Planting random seeds...

[Info][Sun Nov 07 03:31:05 2021]: Planting random seeds...

[Info][Sun Nov 07 03:31:07 2021]: Planting random seeds...

[Info][Sun Nov 07 03:32:28 2021]: Planting random seeds...

[Info][Sun Nov 07 03:32:29 2021]: Planting random seeds...

[Info][Sun Nov 07 03:32:31 2021]: Planting random seeds...

[Info][Sun Nov 07 03:56:03 2021]: > Broadcasted message: "Gostou do jogo? Então comece a divulga-lo agora mesmo! Chame seus amigos para jogar! Assim você se diverte muito mais e ajuda a manter o projeto!".

[Info][Sun Nov 07 03:56:03 2021]: > Broadcasted message: "Did you like the game? Then start to publish it right now! Call your friends to play! So you enjoy a lot more and helps keep the project!".

[Info][Sun Nov 07 04:41:04 2021]: > Broadcasted message: "Nunca coloque os dados de sua conta em qualquer site que não seja o oficial do pokecenter (http://www.pokecenter.com)! Cuide de sua conta!".

[Info][Sun Nov 07 04:41:04 2021]: > Broadcasted message: "Never put your account information at any site other than the official pokecenter (http://www.pokecenter.com)! Take care of your account!".

[Info][Sun Nov 07 14:01:08 2021]: Planting random seeds...

[Info][Sun Nov 07 14:01:09 2021]: Planting random seeds...

[Info][Sun Nov 07 14:01:17 2021]: Planting random seeds...

[Info][Sun Nov 07 14:01:18 2021]: Planting random seeds...

[Info][Sun Nov 07 14:01:19 2021]: Planting random seeds...

[Info][Sun Nov 07 14:01:20 2021]: Planting random seeds...

[Info][Sun Nov 07 14:01:21 2021]: Planting random seeds...

[Info][Sun Nov 07 14:01:55 2021]: Planting random seeds...

[Info][Sun Nov 07 14:02:09 2021]: Planting random seeds...

[Info][Sun Nov 07 14:20:49 2021]: Planting random seeds...

[Info][Sun Nov 07 14:20:50 2021]: Planting random seeds...

[Info][Sun Nov 07 14:20:51 2021]: Planting random seeds...

[Info][Sun Nov 07 14:21:26 2021]: Planting random seeds...

[Info][Sun Nov 07 14:21:27 2021]: Planting random seeds...

[Info][Sun Nov 07 14:21:29 2021]: Planting random seeds...

[Info][Sun Nov 07 14:43:28 2021]: Planting random seeds...

[Info][Sun Nov 07 14:43:30 2021]: Planting random seeds...

[Info][Sun Nov 07 14:43:31 2021]: Planting random seeds...

[Info][Sun Nov 07 14:46:23 2021]: > Broadcasted message: "Jamais informe os dados da sua conta em qualquer site que não seja o pokecenter.com, a equipe não da itens ou pokemons.".

[Info][Sun Nov 07 14:46:23 2021]: > Broadcasted message: "Never let the data of your account on any site other than pokecenter.com, the staff not give any item or pokemon.".

[Info][Sun Nov 07 15:31:24 2021]: > Broadcasted message: "Pense duas vezes antes de usar qualquer tipo de bot ou hack no seu personagem, isto não será tolerado e seu personagem será deletado. Jogue limpo.".

[Info][Sun Nov 07 15:31:24 2021]: > Broadcasted message: "Think twice before using any bot or hack on your character, it will not be tolerated and your character will be deleted. Play nice.".

[Info][Sun Nov 07 16:16:25 2021]: > Broadcasted message: "Você precisa de alguma informação sobre o jogo? Acesse agora: http://www.pokecenter.com".

[Info][Sun Nov 07 16:16:25 2021]: > Broadcasted message: "Do you need any information about the game? Visit now: http://www.pokecenter.com".

