[Info][Tue Aug 31 11:05:17 2021]: > Broadcasted message: "Jamais informe os dados da sua conta em qualquer site que não seja o pokecenter.com, a equipe não da itens ou pokemons.".

[Info][Tue Aug 31 11:05:17 2021]: > Broadcasted message: "Never let the data of your account on any site other than pokecenter.com, the staff not give any item or pokemon.".

[Info][Tue Aug 31 11:05:24 2021]: Planting random seeds...

[Info][Tue Aug 31 11:05:33 2021]: Planting random seeds...

[Info][Tue Aug 31 11:05:34 2021]: Planting random seeds...

[Info][Tue Aug 31 11:05:35 2021]: Planting random seeds...

[Info][Tue Aug 31 11:05:36 2021]: Planting random seeds...

[Info][Tue Aug 31 11:05:37 2021]: Planting random seeds...

[Info][Tue Aug 31 11:05:38 2021]: Planting random seeds...

[Info][Tue Aug 31 11:05:39 2021]: Planting random seeds...

[Info][Tue Aug 31 11:05:50 2021]: Planting random seeds...

[Info][Tue Aug 31 11:05:59 2021]: Planting random seeds...

[Info][Tue Aug 31 07:12:15 2021]: Planting random seeds...

[Info][Tue Aug 31 07:12:16 2021]: Planting random seeds...

[Info][Tue Aug 31 07:12:24 2021]: Planting random seeds...

[Info][Tue Aug 31 07:12:29 2021]: Planting random seeds...

[Info][Tue Aug 31 07:12:30 2021]: Planting random seeds...

[Info][Tue Aug 31 07:12:32 2021]: Planting random seeds...

[Info][Tue Aug 31 07:12:33 2021]: Planting random seeds...

[Info][Tue Aug 31 07:13:04 2021]: Planting random seeds...

[Info][Tue Aug 31 07:13:19 2021]: Planting random seeds...

[Info][Tue Aug 31 07:57:35 2021]: > Broadcasted message: "Jamais informe os dados da sua conta em qualquer site que não seja o pokecenter.com, a equipe não da itens ou pokemons.".

[Info][Tue Aug 31 07:57:35 2021]: > Broadcasted message: "Never let the data of your account on any site other than pokecenter.com, the staff not give any item or pokemon.".

[Info][Tue Aug 31 08:35:19 2021]: Planting random seeds...

[Info][Tue Aug 31 08:42:36 2021]: > Broadcasted message: "Pense duas vezes antes de usar qualquer tipo de bot ou hack no seu personagem, isto não será tolerado e seu personagem será deletado. Jogue limpo.".

[Info][Tue Aug 31 08:42:36 2021]: > Broadcasted message: "Think twice before using any bot or hack on your character, it will not be tolerated and your character will be deleted. Play nice.".

[Info][Tue Aug 31 08:56:18 2021]: Planting random seeds...

[Info][Tue Aug 31 09:05:54 2021]: Planting random seeds...

[Info][Tue Aug 31 09:27:37 2021]: > Broadcasted message: "Você precisa de alguma informação sobre o jogo? Acesse agora: http://www.pokecenter.com".

[Info][Tue Aug 31 09:27:37 2021]: > Broadcasted message: "Do you need any information about the game? Visit now: http://www.pokecenter.com".

[Info][Tue Aug 31 09:43:14 2021]: Planting random seeds...

[Info][Tue Aug 31 09:59:08 2021]: Planting random seeds...

[Info][Tue Aug 31 09:59:32 2021]: Planting random seeds...

[Info][Tue Aug 31 10:12:38 2021]: > Broadcasted message: "Gostou do jogo? Então comece a divulga-lo agora mesmo! Chame seus amigos para jogar! Assim você se diverte muito mais e ajuda a manter o projeto!".

[Info][Tue Aug 31 10:12:38 2021]: > Broadcasted message: "Did you like the game? Then start to publish it right now! Call your friends to play! So you enjoy a lot more and helps keep the project!".

[Info][Tue Aug 31 10:57:39 2021]: > Broadcasted message: "Nunca coloque os dados de sua conta em qualquer site que não seja o oficial do pokecenter (http://www.pokecenter.com)! Cuide de sua conta!".

[Info][Tue Aug 31 10:57:39 2021]: > Broadcasted message: "Never put your account information at any site other than the official pokecenter (http://www.pokecenter.com)! Take care of your account!".

[Info][Tue Aug 31 11:42:40 2021]: > Broadcasted message: "Fique por dentro das novidades, dê sua opinião e participe do desenvolvimento do jogo! Acesse: http://forum.pokecenter.com/".

[Info][Tue Aug 31 11:42:40 2021]: > Broadcasted message: "Check out the news, give your opinion and participate in the development of the game! Access: http://forum.pokecenter.com/".

[Info][Tue Aug 31 15:31:56 2021]: Planting random seeds...

[Info][Tue Aug 31 15:31:56 2021]: Planting random seeds...

[Info][Tue Aug 31 15:31:57 2021]: Planting random seeds...

[Info][Tue Aug 31 15:32:00 2021]: Planting random seeds...

[Info][Tue Aug 31 15:32:00 2021]: Planting random seeds...

[Info][Tue Aug 31 15:32:01 2021]: Planting random seeds...

[Info][Tue Aug 31 15:32:02 2021]: Planting random seeds...

[Info][Tue Aug 31 15:32:15 2021]: Planting random seeds...

[Info][Tue Aug 31 15:32:24 2021]: Planting random seeds...

[Info][Tue Aug 31 16:17:03 2021]: > Broadcasted message: "Jamais informe os dados da sua conta em qualquer site que não seja o pokecenter.com, a equipe não da itens ou pokemons.".

[Info][Tue Aug 31 16:17:03 2021]: > Broadcasted message: "Never let the data of your account on any site other than pokecenter.com, the staff not give any item or pokemon.".

[Info][Tue Aug 31 16:38:26 2021]: Planting random seeds...

[Info][Tue Aug 31 16:43:19 2021]: Planting random seeds...

[Info][Tue Aug 31 17:56:27 2021]: Planting random seeds...

[Info][Tue Aug 31 17:56:28 2021]: Planting random seeds...

[Info][Tue Aug 31 17:56:31 2021]: Planting random seeds...

[Info][Tue Aug 31 17:56:33 2021]: Planting random seeds...

[Info][Tue Aug 31 17:56:34 2021]: Planting random seeds...

[Info][Tue Aug 31 17:56:35 2021]: Planting random seeds...

[Info][Tue Aug 31 17:56:36 2021]: Planting random seeds...

[Info][Tue Aug 31 17:56:51 2021]: Planting random seeds...

[Info][Tue Aug 31 17:57:00 2021]: Planting random seeds...

[Info][Tue Aug 31 18:41:37 2021]: > Broadcasted message: "Jamais informe os dados da sua conta em qualquer site que não seja o pokecenter.com, a equipe não da itens ou pokemons.".

[Info][Tue Aug 31 18:41:37 2021]: > Broadcasted message: "Never let the data of your account on any site other than pokecenter.com, the staff not give any item or pokemon.".

