[Info][Fri Sep 10 00:09:01 2021]: Planting random seeds...

[Info][Fri Sep 10 00:09:02 2021]: Planting random seeds...

[Info][Fri Sep 10 00:09:03 2021]: Planting random seeds...

[Info][Fri Sep 10 00:14:19 2021]: Planting random seeds...

[Info][Fri Sep 10 00:14:20 2021]: Planting random seeds...

[Info][Fri Sep 10 00:14:21 2021]: Planting random seeds...

[Info][Fri Sep 10 00:15:27 2021]: Planting random seeds...

[Info][Fri Sep 10 00:15:28 2021]: Planting random seeds...

[Info][Fri Sep 10 00:15:29 2021]: Planting random seeds...

[Info][Fri Sep 10 00:19:53 2021]: Planting random seeds...

[Info][Fri Sep 10 00:19:54 2021]: Planting random seeds...

[Info][Fri Sep 10 00:19:55 2021]: Planting random seeds...

[Info][Fri Sep 10 00:21:34 2021]: Planting random seeds...

[Info][Fri Sep 10 00:21:35 2021]: Planting random seeds...

[Info][Fri Sep 10 00:21:36 2021]: Planting random seeds...

[Info][Fri Sep 10 00:22:55 2021]: Planting random seeds...

[Info][Fri Sep 10 00:22:56 2021]: Planting random seeds...

[Info][Fri Sep 10 00:22:57 2021]: Planting random seeds...

[Info][Fri Sep 10 00:24:02 2021]: Planting random seeds...

[Info][Fri Sep 10 00:24:03 2021]: Planting random seeds...

[Info][Fri Sep 10 00:24:04 2021]: Planting random seeds...

[Info][Fri Sep 10 00:26:56 2021]: Planting random seeds...

[Info][Fri Sep 10 00:26:57 2021]: Planting random seeds...

[Info][Fri Sep 10 00:26:57 2021]: Planting random seeds...

[Info][Fri Sep 10 00:28:06 2021]: > Broadcasted message: "Você precisa de alguma informação sobre o jogo? Acesse agora: http://www.pokecenter.com".

[Info][Fri Sep 10 00:28:06 2021]: > Broadcasted message: "Do you need any information about the game? Visit now: http://www.pokecenter.com".

[Info][Fri Sep 10 00:28:23 2021]: Planting random seeds...

[Info][Fri Sep 10 00:28:24 2021]: Planting random seeds...

[Info][Fri Sep 10 00:28:25 2021]: Planting random seeds...

[Info][Fri Sep 10 00:29:03 2021]: Planting random seeds...

[Info][Fri Sep 10 00:29:04 2021]: Planting random seeds...

[Info][Fri Sep 10 00:29:05 2021]: Planting random seeds...

[Info][Fri Sep 10 00:44:51 2021]: Planting random seeds...

[Info][Fri Sep 10 00:44:52 2021]: Planting random seeds...

[Info][Fri Sep 10 00:44:53 2021]: Planting random seeds...

[Info][Fri Sep 10 00:49:31 2021]: Planting random seeds...

[Info][Fri Sep 10 00:49:32 2021]: Planting random seeds...

[Info][Fri Sep 10 00:49:33 2021]: Planting random seeds...

[Info][Fri Sep 10 01:00:35 2021]: Planting random seeds...

[Info][Fri Sep 10 01:00:36 2021]: Planting random seeds...

[Info][Fri Sep 10 01:00:36 2021]: Planting random seeds...

[Info][Fri Sep 10 01:00:45 2021]: Planting random seeds...

[Info][Fri Sep 10 01:00:46 2021]: Planting random seeds...

[Info][Fri Sep 10 01:00:47 2021]: Planting random seeds...

[Info][Fri Sep 10 01:13:07 2021]: > Broadcasted message: "Gostou do jogo? Então comece a divulga-lo agora mesmo! Chame seus amigos para jogar! Assim você se diverte muito mais e ajuda a manter o projeto!".

[Info][Fri Sep 10 01:13:07 2021]: > Broadcasted message: "Did you like the game? Then start to publish it right now! Call your friends to play! So you enjoy a lot more and helps keep the project!".

[Info][Fri Sep 10 10:34:14 2021]: Planting random seeds...

[Info][Fri Sep 10 10:34:16 2021]: Planting random seeds...

[Info][Fri Sep 10 10:34:23 2021]: Planting random seeds...

[Info][Fri Sep 10 10:34:27 2021]: Planting random seeds...

[Info][Fri Sep 10 10:34:29 2021]: Planting random seeds...

[Info][Fri Sep 10 10:34:31 2021]: Planting random seeds...

[Info][Fri Sep 10 10:34:33 2021]: Planting random seeds...

[Info][Fri Sep 10 10:35:14 2021]: Planting random seeds...

[Info][Fri Sep 10 10:35:37 2021]: Planting random seeds...

[Info][Fri Sep 10 10:51:39 2021]: Planting random seeds...

[Info][Fri Sep 10 10:51:45 2021]: Planting random seeds...

[Info][Fri Sep 10 10:51:46 2021]: Planting random seeds...

[Info][Fri Sep 10 10:51:47 2021]: Planting random seeds...

[Info][Fri Sep 10 11:19:34 2021]: > Broadcasted message: "Jamais informe os dados da sua conta em qualquer site que não seja o pokecenter.com, a equipe não da itens ou pokemons.".

[Info][Fri Sep 10 11:19:34 2021]: > Broadcasted message: "Never let the data of your account on any site other than pokecenter.com, the staff not give any item or pokemon.".

[Info][Fri Sep 10 11:27:17 2021]: Planting random seeds...

[Info][Fri Sep 10 12:06:43 2021]: Planting random seeds...

[Info][Fri Sep 10 12:06:44 2021]: Planting random seeds...

[Info][Fri Sep 10 12:06:45 2021]: Planting random seeds...

[Info][Fri Sep 10 12:06:47 2021]: Planting random seeds...

[Info][Fri Sep 10 12:06:48 2021]: Planting random seeds...

[Info][Fri Sep 10 12:06:49 2021]: Planting random seeds...

[Info][Fri Sep 10 12:06:50 2021]: Planting random seeds...

[Info][Fri Sep 10 12:07:09 2021]: Planting random seeds...

[Info][Fri Sep 10 12:07:36 2021]: Planting random seeds...

[Info][Fri Sep 10 13:16:01 2021]: Planting random seeds...

[Info][Fri Sep 10 13:16:02 2021]: Planting random seeds...

[Info][Fri Sep 10 13:16:06 2021]: Planting random seeds...

[Info][Fri Sep 10 13:16:10 2021]: Planting random seeds...

[Info][Fri Sep 10 13:16:11 2021]: Planting random seeds...

[Info][Fri Sep 10 13:16:13 2021]: Planting random seeds...

[Info][Fri Sep 10 13:16:14 2021]: Planting random seeds...

[Info][Fri Sep 10 13:16:47 2021]: Planting random seeds...

[Info][Fri Sep 10 13:17:10 2021]: Planting random seeds...

[Info][Fri Sep 10 13:22:11 2021]: Planting random seeds...

[Info][Fri Sep 10 13:22:58 2021]: Planting random seeds...

[Info][Fri Sep 10 13:23:19 2021]: Planting random seeds...

[Info][Fri Sep 10 13:24:15 2021]: Planting random seeds...

[Info][Fri Sep 10 13:25:07 2021]: Planting random seeds...

[Info][Fri Sep 10 13:29:41 2021]: Planting random seeds...

[Info][Fri Sep 10 13:30:59 2021]: Planting random seeds...

[Info][Fri Sep 10 13:35:55 2021]: Planting random seeds...

[Info][Fri Sep 10 13:40:38 2021]: Planting random seeds...

[Info][Fri Sep 10 13:41:39 2021]: Planting random seeds...

[Info][Fri Sep 10 13:44:18 2021]: Planting random seeds...

[Info][Fri Sep 10 13:50:45 2021]: Planting random seeds...

[Info][Fri Sep 10 13:52:29 2021]: Planting random seeds...

[Info][Fri Sep 10 13:52:51 2021]: Planting random seeds...

[Info][Fri Sep 10 14:01:16 2021]: > Broadcasted message: "Jamais informe os dados da sua conta em qualquer site que não seja o pokecenter.com, a equipe não da itens ou pokemons.".

[Info][Fri Sep 10 14:01:16 2021]: > Broadcasted message: "Never let the data of your account on any site other than pokecenter.com, the staff not give any item or pokemon.".

[Info][Fri Sep 10 14:17:34 2021]: Planting random seeds...

[Info][Fri Sep 10 14:23:20 2021]: Planting random seeds...

[Info][Fri Sep 10 14:46:18 2021]: > Broadcasted message: "Pense duas vezes antes de usar qualquer tipo de bot ou hack no seu personagem, isto não será tolerado e seu personagem será deletado. Jogue limpo.".

[Info][Fri Sep 10 14:46:18 2021]: > Broadcasted message: "Think twice before using any bot or hack on your character, it will not be tolerated and your character will be deleted. Play nice.".

[Info][Fri Sep 10 15:01:36 2021]: Planting random seeds...

[Info][Fri Sep 10 15:01:37 2021]: Planting random seeds...

[Info][Fri Sep 10 15:01:42 2021]: Planting random seeds...

[Info][Fri Sep 10 15:01:44 2021]: Planting random seeds...

[Info][Fri Sep 10 15:01:45 2021]: Planting random seeds...

[Info][Fri Sep 10 15:01:46 2021]: Planting random seeds...

[Info][Fri Sep 10 15:01:48 2021]: Planting random seeds...

[Info][Fri Sep 10 15:02:12 2021]: Planting random seeds...

[Info][Fri Sep 10 15:02:32 2021]: Planting random seeds...

[Info][Fri Sep 10 15:06:07 2021]: Planting random seeds...

[Info][Fri Sep 10 15:07:26 2021]: Planting random seeds...

[Info][Fri Sep 10 15:39:46 2021]: Planting random seeds...

[Info][Fri Sep 10 15:46:49 2021]: > Broadcasted message: "Jamais informe os dados da sua conta em qualquer site que não seja o pokecenter.com, a equipe não da itens ou pokemons.".

[Info][Fri Sep 10 15:46:49 2021]: > Broadcasted message: "Never let the data of your account on any site other than pokecenter.com, the staff not give any item or pokemon.".

[Info][Fri Sep 10 15:54:01 2021]: Planting random seeds...

[Info][Fri Sep 10 16:18:22 2021]: Planting random seeds...

[Info][Fri Sep 10 16:18:23 2021]: Planting random seeds...

[Info][Fri Sep 10 16:18:24 2021]: Planting random seeds...

[Info][Fri Sep 10 16:18:25 2021]: Planting random seeds...

[Info][Fri Sep 10 16:18:26 2021]: Planting random seeds...

[Info][Fri Sep 10 16:18:27 2021]: Planting random seeds...

[Info][Fri Sep 10 16:18:28 2021]: Planting random seeds...

[Info][Fri Sep 10 16:18:43 2021]: Planting random seeds...

[Info][Fri Sep 10 16:18:52 2021]: Planting random seeds...

[Info][Fri Sep 10 16:20:52 2021]: Planting random seeds...

[Info][Fri Sep 10 16:21:03 2021]: Planting random seeds...

[Info][Fri Sep 10 17:34:08 2021]: Planting random seeds...

[Info][Fri Sep 10 17:34:08 2021]: Planting random seeds...

[Info][Fri Sep 10 17:34:09 2021]: Planting random seeds...

[Info][Fri Sep 10 17:34:10 2021]: Planting random seeds...

[Info][Fri Sep 10 17:34:11 2021]: Planting random seeds...

[Info][Fri Sep 10 17:34:12 2021]: Planting random seeds...

[Info][Fri Sep 10 17:34:13 2021]: Planting random seeds...

[Info][Fri Sep 10 17:34:27 2021]: Planting random seeds...

[Info][Fri Sep 10 17:34:34 2021]: Planting random seeds...

[Info][Fri Sep 10 18:19:14 2021]: > Broadcasted message: "Jamais informe os dados da sua conta em qualquer site que não seja o pokecenter.com, a equipe não da itens ou pokemons.".

[Info][Fri Sep 10 18:19:14 2021]: > Broadcasted message: "Never let the data of your account on any site other than pokecenter.com, the staff not give any item or pokemon.".

[Info][Fri Sep 10 18:40:13 2021]: Planting random seeds...

[Info][Fri Sep 10 18:40:14 2021]: Planting random seeds...

[Info][Fri Sep 10 18:40:16 2021]: Planting random seeds...

[Info][Fri Sep 10 18:41:08 2021]: Planting random seeds...

[Info][Fri Sep 10 18:41:08 2021]: Planting random seeds...

[Info][Fri Sep 10 18:41:09 2021]: Planting random seeds...

[Info][Fri Sep 10 18:41:10 2021]: Planting random seeds...

[Info][Fri Sep 10 18:41:11 2021]: Planting random seeds...

[Info][Fri Sep 10 18:41:12 2021]: Planting random seeds...

[Info][Fri Sep 10 18:41:13 2021]: Planting random seeds...

[Info][Fri Sep 10 18:41:23 2021]: Planting random seeds...

[Info][Fri Sep 10 18:41:29 2021]: Planting random seeds...

[Info][Fri Sep 10 18:45:21 2021]: Planting random seeds...

[Info][Fri Sep 10 18:53:07 2021]: Planting random seeds...

[Info][Fri Sep 10 18:53:08 2021]: Planting random seeds...

[Info][Fri Sep 10 18:53:09 2021]: Planting random seeds...

[Info][Fri Sep 10 18:53:11 2021]: Planting random seeds...

[Info][Fri Sep 10 18:53:16 2021]: Planting random seeds...

[Info][Fri Sep 10 19:17:51 2021]: Planting random seeds...

[Info][Fri Sep 10 19:17:52 2021]: Planting random seeds...

[Info][Fri Sep 10 19:17:53 2021]: Planting random seeds...

[Info][Fri Sep 10 19:17:54 2021]: Planting random seeds...

[Info][Fri Sep 10 19:17:55 2021]: Planting random seeds...

[Info][Fri Sep 10 19:17:56 2021]: Planting random seeds...

[Info][Fri Sep 10 19:17:56 2021]: Planting random seeds...

[Info][Fri Sep 10 19:18:06 2021]: Planting random seeds...

[Info][Fri Sep 10 19:18:11 2021]: Planting random seeds...

[Info][Fri Sep 10 19:19:21 2021]: Planting random seeds...

[Info][Fri Sep 10 19:44:59 2021]: Planting random seeds...

[Info][Fri Sep 10 19:45:00 2021]: Planting random seeds...

[Info][Fri Sep 10 19:45:01 2021]: Planting random seeds...

[Info][Fri Sep 10 19:45:02 2021]: Planting random seeds...

[Info][Fri Sep 10 19:45:03 2021]: Planting random seeds...

[Info][Fri Sep 10 19:45:04 2021]: Planting random seeds...

[Info][Fri Sep 10 19:45:04 2021]: Planting random seeds...

[Info][Fri Sep 10 19:45:14 2021]: Planting random seeds...

[Info][Fri Sep 10 19:45:20 2021]: Planting random seeds...

[Info][Fri Sep 10 19:56:00 2021]: Planting random seeds...

[Info][Fri Sep 10 19:56:01 2021]: Planting random seeds...

[Info][Fri Sep 10 19:56:01 2021]: Planting random seeds...

[Info][Fri Sep 10 19:56:02 2021]: Planting random seeds...

[Info][Fri Sep 10 19:56:03 2021]: Planting random seeds...

[Info][Fri Sep 10 19:56:04 2021]: Planting random seeds...

[Info][Fri Sep 10 19:56:05 2021]: Planting random seeds...

[Info][Fri Sep 10 19:56:14 2021]: Planting random seeds...

[Info][Fri Sep 10 19:56:20 2021]: Planting random seeds...

