[Info][Sat Aug 21 00:40:49 2021]: > Broadcasted message: "Jamais informe os dados da sua conta em qualquer site que não seja o pokecenter.com, a equipe não da itens ou pokemons.".

[Info][Sat Aug 21 00:40:49 2021]: > Broadcasted message: "Never let the data of your account on any site other than pokecenter.com, the staff not give any item or pokemon.".

[Info][Sat Aug 21 01:25:50 2021]: > Broadcasted message: "Pense duas vezes antes de usar qualquer tipo de bot ou hack no seu personagem, isto não será tolerado e seu personagem será deletado. Jogue limpo.".

[Info][Sat Aug 21 01:25:50 2021]: > Broadcasted message: "Think twice before using any bot or hack on your character, it will not be tolerated and your character will be deleted. Play nice.".

[Info][Sat Aug 21 02:10:51 2021]: > Broadcasted message: "Você precisa de alguma informação sobre o jogo? Acesse agora: http://www.pokecenter.com".

[Info][Sat Aug 21 02:10:51 2021]: > Broadcasted message: "Do you need any information about the game? Visit now: http://www.pokecenter.com".

[Info][Sat Aug 21 11:25:46 2021]: Planting random seeds...

[Info][Sat Aug 21 11:25:47 2021]: Planting random seeds...

[Info][Sat Aug 21 11:25:52 2021]: Planting random seeds...

[Info][Sat Aug 21 11:25:53 2021]: Planting random seeds...

[Info][Sat Aug 21 11:25:54 2021]: Planting random seeds...

[Info][Sat Aug 21 11:25:55 2021]: Planting random seeds...

[Info][Sat Aug 21 11:25:56 2021]: Planting random seeds...

[Info][Sat Aug 21 11:26:11 2021]: Planting random seeds...

[Info][Sat Aug 21 11:26:19 2021]: Planting random seeds...

[Info][Sat Aug 21 12:48:59 2021]: Planting random seeds...

[Info][Sat Aug 21 12:49:00 2021]: Planting random seeds...

[Info][Sat Aug 21 12:49:05 2021]: Planting random seeds...

[Info][Sat Aug 21 12:49:08 2021]: Planting random seeds...

[Info][Sat Aug 21 12:49:10 2021]: Planting random seeds...

[Info][Sat Aug 21 12:49:11 2021]: Planting random seeds...

[Info][Sat Aug 21 12:49:13 2021]: Planting random seeds...

[Info][Sat Aug 21 12:49:35 2021]: Planting random seeds...

[Info][Sat Aug 21 12:49:46 2021]: Planting random seeds...

[Info][Sat Aug 21 13:32:56 2021]: Planting random seeds...

[Info][Sat Aug 21 13:32:56 2021]: Planting random seeds...

[Info][Sat Aug 21 13:32:57 2021]: Planting random seeds...

[Info][Sat Aug 21 13:32:58 2021]: Planting random seeds...

[Info][Sat Aug 21 13:32:59 2021]: Planting random seeds...

[Info][Sat Aug 21 13:33:00 2021]: Planting random seeds...

[Info][Sat Aug 21 13:33:01 2021]: Planting random seeds...

[Info][Sat Aug 21 13:33:11 2021]: Planting random seeds...

[Info][Sat Aug 21 13:33:16 2021]: Planting random seeds...

[Info][Sat Aug 21 13:50:01 2021]: Planting random seeds...

[Info][Sat Aug 21 13:50:02 2021]: Planting random seeds...

[Info][Sat Aug 21 13:50:03 2021]: Planting random seeds...

[Info][Sat Aug 21 13:50:04 2021]: Planting random seeds...

[Info][Sat Aug 21 13:50:04 2021]: Planting random seeds...

[Info][Sat Aug 21 13:50:05 2021]: Planting random seeds...

[Info][Sat Aug 21 13:50:06 2021]: Planting random seeds...

[Info][Sat Aug 21 13:50:16 2021]: Planting random seeds...

[Info][Sat Aug 21 13:50:21 2021]: Planting random seeds...

