[Info][Sun Aug 29 05:22:03 2021]: Planting random seeds...

[Info][Sun Aug 29 05:22:04 2021]: Planting random seeds...

[Info][Sun Aug 29 05:22:10 2021]: Planting random seeds...

[Info][Sun Aug 29 05:22:19 2021]: Planting random seeds...

[Info][Sun Aug 29 05:22:23 2021]: Planting random seeds...

[Info][Sun Aug 29 05:22:25 2021]: Planting random seeds...

[Info][Sun Aug 29 05:22:28 2021]: Planting random seeds...

[Info][Sun Aug 29 05:22:52 2021]: Planting random seeds...

[Info][Sun Aug 29 05:23:03 2021]: Planting random seeds...

[Info][Sun Aug 29 05:32:06 2021]: Planting random seeds...

[Info][Sun Aug 29 05:32:07 2021]: Planting random seeds...

[Info][Sun Aug 29 05:32:08 2021]: Planting random seeds...

[Info][Sun Aug 29 05:32:09 2021]: Planting random seeds...

[Info][Sun Aug 29 05:32:10 2021]: Planting random seeds...

[Info][Sun Aug 29 05:32:10 2021]: Planting random seeds...

[Info][Sun Aug 29 05:32:11 2021]: Planting random seeds...

[Info][Sun Aug 29 05:32:22 2021]: Planting random seeds...

[Info][Sun Aug 29 05:32:27 2021]: Planting random seeds...

[Info][Sun Aug 29 06:17:12 2021]: > Broadcasted message: "Jamais informe os dados da sua conta em qualquer site que não seja o pokecenter.com, a equipe não da itens ou pokemons.".

[Info][Sun Aug 29 06:17:12 2021]: > Broadcasted message: "Never let the data of your account on any site other than pokecenter.com, the staff not give any item or pokemon.".

[Info][Sun Aug 29 07:02:13 2021]: > Broadcasted message: "Pense duas vezes antes de usar qualquer tipo de bot ou hack no seu personagem, isto não será tolerado e seu personagem será deletado. Jogue limpo.".

[Info][Sun Aug 29 07:02:13 2021]: > Broadcasted message: "Think twice before using any bot or hack on your character, it will not be tolerated and your character will be deleted. Play nice.".

[Info][Sun Aug 29 13:03:51 2021]: Planting random seeds...

[Info][Sun Aug 29 13:03:52 2021]: Planting random seeds...

[Info][Sun Aug 29 13:03:59 2021]: Planting random seeds...

[Info][Sun Aug 29 13:04:02 2021]: Planting random seeds...

[Info][Sun Aug 29 13:04:04 2021]: Planting random seeds...

[Info][Sun Aug 29 13:04:06 2021]: Planting random seeds...

[Info][Sun Aug 29 13:04:07 2021]: Planting random seeds...

[Info][Sun Aug 29 13:04:34 2021]: Planting random seeds...

[Info][Sun Aug 29 13:04:49 2021]: Planting random seeds...

[Info][Sun Aug 29 13:49:08 2021]: > Broadcasted message: "Jamais informe os dados da sua conta em qualquer site que não seja o pokecenter.com, a equipe não da itens ou pokemons.".

[Info][Sun Aug 29 13:49:08 2021]: > Broadcasted message: "Never let the data of your account on any site other than pokecenter.com, the staff not give any item or pokemon.".

[Info][Sun Aug 29 14:34:09 2021]: > Broadcasted message: "Pense duas vezes antes de usar qualquer tipo de bot ou hack no seu personagem, isto não será tolerado e seu personagem será deletado. Jogue limpo.".

[Info][Sun Aug 29 14:34:09 2021]: > Broadcasted message: "Think twice before using any bot or hack on your character, it will not be tolerated and your character will be deleted. Play nice.".

[Info][Sun Aug 29 15:19:10 2021]: > Broadcasted message: "Você precisa de alguma informação sobre o jogo? Acesse agora: http://www.pokecenter.com".

[Info][Sun Aug 29 15:19:10 2021]: > Broadcasted message: "Do you need any information about the game? Visit now: http://www.pokecenter.com".

[Info][Sun Aug 29 16:04:11 2021]: > Broadcasted message: "Gostou do jogo? Então comece a divulga-lo agora mesmo! Chame seus amigos para jogar! Assim você se diverte muito mais e ajuda a manter o projeto!".

[Info][Sun Aug 29 16:04:11 2021]: > Broadcasted message: "Did you like the game? Then start to publish it right now! Call your friends to play! So you enjoy a lot more and helps keep the project!".

[Info][Sun Aug 29 16:49:12 2021]: > Broadcasted message: "Nunca coloque os dados de sua conta em qualquer site que não seja o oficial do pokecenter (http://www.pokecenter.com)! Cuide de sua conta!".

[Info][Sun Aug 29 16:49:12 2021]: > Broadcasted message: "Never put your account information at any site other than the official pokecenter (http://www.pokecenter.com)! Take care of your account!".

