[Info][Sun Oct 10 09:49:33 2021]: Planting random seeds...

[Info][Sun Oct 10 09:49:35 2021]: Planting random seeds...

[Info][Sun Oct 10 09:49:41 2021]: Planting random seeds...

[Info][Sun Oct 10 09:49:44 2021]: Planting random seeds...

[Info][Sun Oct 10 09:49:47 2021]: Planting random seeds...

[Info][Sun Oct 10 09:49:48 2021]: Planting random seeds...

[Info][Sun Oct 10 09:49:50 2021]: Planting random seeds...

[Info][Sun Oct 10 09:50:24 2021]: Planting random seeds...

[Info][Sun Oct 10 09:50:39 2021]: Planting random seeds...

[Info][Sun Oct 10 10:34:51 2021]: > Broadcasted message: "Jamais informe os dados da sua conta em qualquer site que não seja o pokecenter.com, a equipe não da itens ou pokemons.".

[Info][Sun Oct 10 10:34:51 2021]: > Broadcasted message: "Never let the data of your account on any site other than pokecenter.com, the staff not give any item or pokemon.".

[Info][Sun Oct 10 11:19:52 2021]: > Broadcasted message: "Pense duas vezes antes de usar qualquer tipo de bot ou hack no seu personagem, isto não será tolerado e seu personagem será deletado. Jogue limpo.".

[Info][Sun Oct 10 11:19:52 2021]: > Broadcasted message: "Think twice before using any bot or hack on your character, it will not be tolerated and your character will be deleted. Play nice.".

[Info][Sun Oct 10 12:04:53 2021]: > Broadcasted message: "Você precisa de alguma informação sobre o jogo? Acesse agora: http://www.pokecenter.com".

[Info][Sun Oct 10 12:04:53 2021]: > Broadcasted message: "Do you need any information about the game? Visit now: http://www.pokecenter.com".

[Info][Sun Oct 10 12:49:54 2021]: > Broadcasted message: "Gostou do jogo? Então comece a divulga-lo agora mesmo! Chame seus amigos para jogar! Assim você se diverte muito mais e ajuda a manter o projeto!".

[Info][Sun Oct 10 12:49:54 2021]: > Broadcasted message: "Did you like the game? Then start to publish it right now! Call your friends to play! So you enjoy a lot more and helps keep the project!".

[Info][Sun Oct 10 13:34:55 2021]: > Broadcasted message: "Nunca coloque os dados de sua conta em qualquer site que não seja o oficial do pokecenter (http://www.pokecenter.com)! Cuide de sua conta!".

[Info][Sun Oct 10 13:34:55 2021]: > Broadcasted message: "Never put your account information at any site other than the official pokecenter (http://www.pokecenter.com)! Take care of your account!".

[Info][Sun Oct 10 14:19:56 2021]: > Broadcasted message: "Fique por dentro das novidades, dê sua opinião e participe do desenvolvimento do jogo! Acesse: http://forum.pokecenter.com/".

[Info][Sun Oct 10 14:19:56 2021]: > Broadcasted message: "Check out the news, give your opinion and participate in the development of the game! Access: http://forum.pokecenter.com/".

[Info][Sun Oct 10 15:04:57 2021]: > Broadcasted message: "Você quer deixar alguma mensagem, comentário ou sugestão para os desenvolvedores do pokecenter? Acesse: http://www.pokecenter.com".

[Info][Sun Oct 10 15:04:57 2021]: > Broadcasted message: "You want to leave a message, comment or suggestion to the pokecenter developers? Visit now: http://www.pokecenter.com".

[Info][Sun Oct 10 15:49:58 2021]: > Broadcasted message: "Jamais informe os dados da sua conta em qualquer site que não seja o pokecenter.com, a equipe não da itens ou pokemons.".

[Info][Sun Oct 10 15:49:58 2021]: > Broadcasted message: "Never let the data of your account on any site other than pokecenter.com, the staff not give any item or pokemon.".

[Info][Sun Oct 10 16:34:59 2021]: > Broadcasted message: "Pense duas vezes antes de usar qualquer tipo de bot ou hack no seu personagem, isto não será tolerado e seu personagem será deletado. Jogue limpo.".

[Info][Sun Oct 10 16:34:59 2021]: > Broadcasted message: "Think twice before using any bot or hack on your character, it will not be tolerated and your character will be deleted. Play nice.".

[Info][Sun Oct 10 17:20:00 2021]: > Broadcasted message: "Você precisa de alguma informação sobre o jogo? Acesse agora: http://www.pokecenter.com".

[Info][Sun Oct 10 17:20:00 2021]: > Broadcasted message: "Do you need any information about the game? Visit now: http://www.pokecenter.com".

[Info][Sun Oct 10 18:05:01 2021]: > Broadcasted message: "Gostou do jogo? Então comece a divulga-lo agora mesmo! Chame seus amigos para jogar! Assim você se diverte muito mais e ajuda a manter o projeto!".

[Info][Sun Oct 10 18:05:02 2021]: > Broadcasted message: "Did you like the game? Then start to publish it right now! Call your friends to play! So you enjoy a lot more and helps keep the project!".

[Info][Sun Oct 10 23:34:28 2021]: Planting random seeds...

[Info][Sun Oct 10 23:34:30 2021]: Planting random seeds...

[Info][Sun Oct 10 23:34:36 2021]: Planting random seeds...

[Info][Sun Oct 10 23:34:39 2021]: Planting random seeds...

[Info][Sun Oct 10 23:34:42 2021]: Planting random seeds...

[Info][Sun Oct 10 23:34:43 2021]: Planting random seeds...

[Info][Sun Oct 10 23:34:45 2021]: Planting random seeds...

[Info][Sun Oct 10 23:35:14 2021]: Planting random seeds...

[Info][Sun Oct 10 23:35:26 2021]: Planting random seeds...

