[Info][Wed Sep 08 10:40:41 2021]: Planting random seeds...

[Info][Wed Sep 08 10:40:42 2021]: Planting random seeds...

[Info][Wed Sep 08 10:40:44 2021]: Planting random seeds...

[Info][Wed Sep 08 10:40:46 2021]: Planting random seeds...

[Info][Wed Sep 08 10:40:47 2021]: Planting random seeds...

[Info][Wed Sep 08 10:40:48 2021]: Planting random seeds...

[Info][Wed Sep 08 10:40:49 2021]: Planting random seeds...

[Info][Wed Sep 08 10:41:18 2021]: Planting random seeds...

[Info][Wed Sep 08 10:41:31 2021]: Planting random seeds...

[Info][Wed Sep 08 10:47:36 2021]: Planting random seeds...

[Info][Wed Sep 08 10:48:49 2021]: Planting random seeds...

[Info][Wed Sep 08 10:49:20 2021]: Planting random seeds...

[Info][Wed Sep 08 10:49:58 2021]: Planting random seeds...

[Info][Wed Sep 08 11:02:06 2021]: Planting random seeds...

[Info][Wed Sep 08 11:03:14 2021]: Planting random seeds...

[Info][Wed Sep 08 11:03:22 2021]: Planting random seeds...

[Info][Wed Sep 08 11:12:57 2021]: Planting random seeds...

[Info][Wed Sep 08 11:14:47 2021]: Planting random seeds...

[Info][Wed Sep 08 11:14:47 2021]: Planting random seeds...

[Info][Wed Sep 08 11:14:48 2021]: Planting random seeds...

[Info][Wed Sep 08 11:14:49 2021]: Planting random seeds...

[Info][Wed Sep 08 11:14:50 2021]: Planting random seeds...

[Info][Wed Sep 08 11:14:51 2021]: Planting random seeds...

[Info][Wed Sep 08 11:14:52 2021]: Planting random seeds...

[Info][Wed Sep 08 11:15:01 2021]: Planting random seeds...

[Info][Wed Sep 08 11:15:06 2021]: Planting random seeds...

[Info][Wed Sep 08 11:32:57 2021]: Planting random seeds...

[Info][Wed Sep 08 11:33:00 2021]: Planting random seeds...

[Info][Wed Sep 08 11:33:21 2021]: Planting random seeds...

[Info][Wed Sep 08 11:59:53 2021]: > Broadcasted message: "Jamais informe os dados da sua conta em qualquer site que não seja o pokecenter.com, a equipe não da itens ou pokemons.".

[Info][Wed Sep 08 11:59:53 2021]: > Broadcasted message: "Never let the data of your account on any site other than pokecenter.com, the staff not give any item or pokemon.".

[Info][Wed Sep 08 12:05:08 2021]: Planting random seeds...

[Info][Wed Sep 08 12:07:10 2021]: Planting random seeds...

[Info][Wed Sep 08 12:30:34 2021]: Planting random seeds...

[Info][Wed Sep 08 12:30:37 2021]: Planting random seeds...

[Info][Wed Sep 08 12:30:40 2021]: Planting random seeds...

[Info][Wed Sep 08 12:33:07 2021]: Planting random seeds...

[Info][Wed Sep 08 12:33:09 2021]: Planting random seeds...

[Info][Wed Sep 08 12:33:10 2021]: Planting random seeds...

[Info][Wed Sep 08 12:33:27 2021]: Planting random seeds...

[Info][Wed Sep 08 12:33:28 2021]: Planting random seeds...

[Info][Wed Sep 08 12:33:29 2021]: Planting random seeds...

[Info][Wed Sep 08 12:36:55 2021]: Planting random seeds...

[Info][Wed Sep 08 12:36:56 2021]: Planting random seeds...

[Info][Wed Sep 08 12:36:58 2021]: Planting random seeds...

[Info][Wed Sep 08 12:39:29 2021]: Planting random seeds...

[Info][Wed Sep 08 12:39:31 2021]: Planting random seeds...

[Info][Wed Sep 08 12:39:33 2021]: Planting random seeds...

[Info][Wed Sep 08 12:41:19 2021]: Planting random seeds...

[Info][Wed Sep 08 12:41:21 2021]: Planting random seeds...

[Info][Wed Sep 08 12:41:22 2021]: Planting random seeds...

[Info][Wed Sep 08 12:42:50 2021]: Planting random seeds...

[Info][Wed Sep 08 12:42:51 2021]: Planting random seeds...

[Info][Wed Sep 08 12:42:53 2021]: Planting random seeds...

[Info][Wed Sep 08 12:44:26 2021]: Planting random seeds...

[Info][Wed Sep 08 12:44:27 2021]: Planting random seeds...

[Info][Wed Sep 08 12:44:29 2021]: Planting random seeds...

[Info][Wed Sep 08 12:44:54 2021]: > Broadcasted message: "Pense duas vezes antes de usar qualquer tipo de bot ou hack no seu personagem, isto não será tolerado e seu personagem será deletado. Jogue limpo.".

[Info][Wed Sep 08 12:44:54 2021]: > Broadcasted message: "Think twice before using any bot or hack on your character, it will not be tolerated and your character will be deleted. Play nice.".

[Info][Wed Sep 08 12:49:27 2021]: Planting random seeds...

[Info][Wed Sep 08 12:49:29 2021]: Planting random seeds...

[Info][Wed Sep 08 12:49:31 2021]: Planting random seeds...

[Info][Wed Sep 08 12:49:32 2021]: Planting random seeds...

[Info][Wed Sep 08 13:01:35 2021]: Planting random seeds...

[Info][Wed Sep 08 13:01:35 2021]: Planting random seeds...

[Info][Wed Sep 08 13:01:36 2021]: Planting random seeds...

[Info][Wed Sep 08 13:01:37 2021]: Planting random seeds...

[Info][Wed Sep 08 13:01:38 2021]: Planting random seeds...

[Info][Wed Sep 08 13:01:39 2021]: Planting random seeds...

[Info][Wed Sep 08 13:01:40 2021]: Planting random seeds...

[Info][Wed Sep 08 13:01:50 2021]: Planting random seeds...

[Info][Wed Sep 08 13:01:56 2021]: Planting random seeds...

[Info][Wed Sep 08 13:24:02 2021]: Planting random seeds...

[Info][Wed Sep 08 13:24:03 2021]: Planting random seeds...

[Info][Wed Sep 08 13:24:04 2021]: Planting random seeds...

[Info][Wed Sep 08 13:24:52 2021]: Planting random seeds...

[Info][Wed Sep 08 13:24:53 2021]: Planting random seeds...

[Info][Wed Sep 08 13:24:54 2021]: Planting random seeds...

[Info][Wed Sep 08 13:25:25 2021]: Planting random seeds...

[Info][Wed Sep 08 13:25:27 2021]: Planting random seeds...

[Info][Wed Sep 08 13:25:28 2021]: Planting random seeds...

[Info][Wed Sep 08 13:27:25 2021]: Planting random seeds...

[Info][Wed Sep 08 13:27:26 2021]: Planting random seeds...

[Info][Wed Sep 08 13:27:28 2021]: Planting random seeds...

[Info][Wed Sep 08 14:12:10 2021]: Planting random seeds...

[Info][Wed Sep 08 14:12:11 2021]: Planting random seeds...

[Info][Wed Sep 08 14:12:13 2021]: Planting random seeds...

[Info][Wed Sep 08 14:12:15 2021]: Planting random seeds...

[Info][Wed Sep 08 14:12:16 2021]: Planting random seeds...

[Info][Wed Sep 08 14:12:17 2021]: Planting random seeds...

[Info][Wed Sep 08 14:12:18 2021]: Planting random seeds...

[Info][Wed Sep 08 14:12:39 2021]: Planting random seeds...

[Info][Wed Sep 08 14:12:49 2021]: Planting random seeds...

[Info][Wed Sep 08 14:36:53 2021]: Planting random seeds...

[Info][Wed Sep 08 14:57:19 2021]: > Broadcasted message: "Jamais informe os dados da sua conta em qualquer site que não seja o pokecenter.com, a equipe não da itens ou pokemons.".

[Info][Wed Sep 08 14:57:19 2021]: > Broadcasted message: "Never let the data of your account on any site other than pokecenter.com, the staff not give any item or pokemon.".

[Info][Wed Sep 08 15:42:20 2021]: > Broadcasted message: "Pense duas vezes antes de usar qualquer tipo de bot ou hack no seu personagem, isto não será tolerado e seu personagem será deletado. Jogue limpo.".

[Info][Wed Sep 08 15:42:20 2021]: > Broadcasted message: "Think twice before using any bot or hack on your character, it will not be tolerated and your character will be deleted. Play nice.".

[Info][Wed Sep 08 16:52:04 2021]: Planting random seeds...

[Info][Wed Sep 08 16:52:05 2021]: Planting random seeds...

[Info][Wed Sep 08 16:52:07 2021]: Planting random seeds...

[Info][Wed Sep 08 16:52:08 2021]: Planting random seeds...

[Info][Wed Sep 08 16:52:09 2021]: Planting random seeds...

[Info][Wed Sep 08 16:52:10 2021]: Planting random seeds...

[Info][Wed Sep 08 16:52:11 2021]: Planting random seeds...

[Info][Wed Sep 08 16:52:26 2021]: Planting random seeds...

[Info][Wed Sep 08 16:52:37 2021]: Planting random seeds...

[Info][Wed Sep 08 16:56:46 2021]: Planting random seeds...

[Info][Wed Sep 08 16:56:48 2021]: Planting random seeds...

[Info][Wed Sep 08 16:56:50 2021]: Planting random seeds...

[Info][Wed Sep 08 16:57:25 2021]: Planting random seeds...

[Info][Wed Sep 08 16:57:28 2021]: Planting random seeds...

[Info][Wed Sep 08 16:57:30 2021]: Planting random seeds...

[Info][Wed Sep 08 16:57:31 2021]: Planting random seeds...

[Info][Wed Sep 08 16:58:25 2021]: Planting random seeds...

[Info][Wed Sep 08 16:58:27 2021]: Planting random seeds...

[Info][Wed Sep 08 16:59:20 2021]: Planting random seeds...

[Info][Wed Sep 08 16:59:55 2021]: Planting random seeds...

[Info][Wed Sep 08 17:00:08 2021]: Planting random seeds...

[Info][Wed Sep 08 17:00:31 2021]: Planting random seeds...

[Info][Wed Sep 08 17:02:56 2021]: Planting random seeds...

[Info][Wed Sep 08 17:03:06 2021]: Planting random seeds...

[Info][Wed Sep 08 17:04:55 2021]: Planting random seeds...

[Info][Wed Sep 08 17:05:14 2021]: Planting random seeds...

[Info][Wed Sep 08 17:05:30 2021]: Planting random seeds...

[Info][Wed Sep 08 17:05:52 2021]: Planting random seeds...

[Info][Wed Sep 08 17:08:34 2021]: Planting random seeds...

[Info][Wed Sep 08 17:09:50 2021]: Planting random seeds...

[Info][Wed Sep 08 17:09:53 2021]: Planting random seeds...

[Info][Wed Sep 08 17:11:53 2021]: Planting random seeds...

[Info][Wed Sep 08 17:12:12 2021]: Planting random seeds...

[Info][Wed Sep 08 17:13:51 2021]: Planting random seeds...

[Info][Wed Sep 08 17:14:51 2021]: Planting random seeds...

[Info][Wed Sep 08 17:17:45 2021]: Planting random seeds...

[Info][Wed Sep 08 17:18:10 2021]: Planting random seeds...

[Info][Wed Sep 08 17:23:04 2021]: Planting random seeds...

[Info][Wed Sep 08 17:23:33 2021]: Planting random seeds...

[Info][Wed Sep 08 17:29:40 2021]: Planting random seeds...

[Info][Wed Sep 08 17:29:50 2021]: Planting random seeds...

[Info][Wed Sep 08 17:29:51 2021]: Planting random seeds...

[Info][Wed Sep 08 17:29:55 2021]: Planting random seeds...

[Info][Wed Sep 08 17:37:12 2021]: > Broadcasted message: "Jamais informe os dados da sua conta em qualquer site que não seja o pokecenter.com, a equipe não da itens ou pokemons.".

[Info][Wed Sep 08 17:37:12 2021]: > Broadcasted message: "Never let the data of your account on any site other than pokecenter.com, the staff not give any item or pokemon.".

[Info][Wed Sep 08 17:53:32 2021]: Planting random seeds...

[Info][Wed Sep 08 17:53:33 2021]: Planting random seeds...

[Info][Wed Sep 08 17:53:34 2021]: Planting random seeds...

[Info][Wed Sep 08 18:44:12 2021]: Planting random seeds...

[Info][Wed Sep 08 18:44:13 2021]: Planting random seeds...

[Info][Wed Sep 08 18:44:14 2021]: Planting random seeds...

[Info][Wed Sep 08 18:44:14 2021]: Planting random seeds...

[Info][Wed Sep 08 18:44:15 2021]: Planting random seeds...

[Info][Wed Sep 08 18:44:16 2021]: Planting random seeds...

[Info][Wed Sep 08 18:44:17 2021]: Planting random seeds...

[Info][Wed Sep 08 18:44:32 2021]: Planting random seeds...

[Info][Wed Sep 08 18:44:42 2021]: Planting random seeds...

[Info][Wed Sep 08 18:58:50 2021]: Planting random seeds...

[Info][Wed Sep 08 19:24:12 2021]: Planting random seeds...

[Info][Wed Sep 08 19:24:13 2021]: Planting random seeds...

[Info][Wed Sep 08 19:24:14 2021]: Planting random seeds...

[Info][Wed Sep 08 19:24:15 2021]: Planting random seeds...

[Info][Wed Sep 08 19:24:16 2021]: Planting random seeds...

[Info][Wed Sep 08 19:24:17 2021]: Planting random seeds...

[Info][Wed Sep 08 19:24:17 2021]: Planting random seeds...

[Info][Wed Sep 08 19:24:27 2021]: Planting random seeds...

[Info][Wed Sep 08 19:24:32 2021]: Planting random seeds...

[Info][Wed Sep 08 20:09:18 2021]: > Broadcasted message: "Jamais informe os dados da sua conta em qualquer site que não seja o pokecenter.com, a equipe não da itens ou pokemons.".

[Info][Wed Sep 08 20:09:18 2021]: > Broadcasted message: "Never let the data of your account on any site other than pokecenter.com, the staff not give any item or pokemon.".

[Info][Wed Sep 08 20:43:01 2021]: Planting random seeds...

[Info][Wed Sep 08 20:43:02 2021]: Planting random seeds...

[Info][Wed Sep 08 20:43:05 2021]: Planting random seeds...

[Info][Wed Sep 08 20:43:07 2021]: Planting random seeds...

[Info][Wed Sep 08 20:43:09 2021]: Planting random seeds...

[Info][Wed Sep 08 20:43:10 2021]: Planting random seeds...

[Info][Wed Sep 08 20:43:11 2021]: Planting random seeds...

[Info][Wed Sep 08 20:43:27 2021]: Planting random seeds...

[Info][Wed Sep 08 20:43:37 2021]: Planting random seeds...

[Info][Wed Sep 08 23:19:15 2021]: Planting random seeds...

[Info][Wed Sep 08 23:19:16 2021]: Planting random seeds...

[Info][Wed Sep 08 23:19:20 2021]: Planting random seeds...

[Info][Wed Sep 08 23:19:24 2021]: Planting random seeds...

[Info][Wed Sep 08 23:19:25 2021]: Planting random seeds...

[Info][Wed Sep 08 23:19:27 2021]: Planting random seeds...

[Info][Wed Sep 08 23:19:28 2021]: Planting random seeds...

[Info][Wed Sep 08 23:21:07 2021]: Planting random seeds...

[Info][Wed Sep 08 23:21:08 2021]: Planting random seeds...

[Info][Wed Sep 08 23:21:09 2021]: Planting random seeds...

[Info][Wed Sep 08 23:21:10 2021]: Planting random seeds...

[Info][Wed Sep 08 23:21:11 2021]: Planting random seeds...

[Info][Wed Sep 08 23:21:12 2021]: Planting random seeds...

[Info][Wed Sep 08 23:21:13 2021]: Planting random seeds...

[Info][Wed Sep 08 23:21:22 2021]: Planting random seeds...

[Info][Wed Sep 08 23:21:37 2021]: Planting random seeds...

