[Info][Sat Oct 02 02:28:37 2021]: Planting random seeds...

[Info][Sat Oct 02 02:28:38 2021]: Planting random seeds...

[Info][Sat Oct 02 02:28:43 2021]: Planting random seeds...

[Info][Sat Oct 02 02:28:46 2021]: Planting random seeds...

[Info][Sat Oct 02 02:28:48 2021]: Planting random seeds...

[Info][Sat Oct 02 02:28:49 2021]: Planting random seeds...

[Info][Sat Oct 02 02:28:51 2021]: Planting random seeds...

[Info][Sat Oct 02 02:29:16 2021]: Planting random seeds...

[Info][Sat Oct 02 02:29:30 2021]: Planting random seeds...

[Info][Sat Oct 02 03:13:52 2021]: > Broadcasted message: "Jamais informe os dados da sua conta em qualquer site que não seja o pokecenter.com, a equipe não da itens ou pokemons.".

[Info][Sat Oct 02 03:13:52 2021]: > Broadcasted message: "Never let the data of your account on any site other than pokecenter.com, the staff not give any item or pokemon.".

[Info][Sat Oct 02 04:45:25 2021]: Planting random seeds...

[Info][Sat Oct 02 04:45:26 2021]: Planting random seeds...

[Info][Sat Oct 02 04:45:36 2021]: Planting random seeds...

[Info][Sat Oct 02 04:45:44 2021]: Planting random seeds...

[Info][Sat Oct 02 04:45:46 2021]: Planting random seeds...

[Info][Sat Oct 02 04:45:48 2021]: Planting random seeds...

[Info][Sat Oct 02 04:45:50 2021]: Planting random seeds...

[Info][Sat Oct 02 04:46:23 2021]: Planting random seeds...

[Info][Sat Oct 02 04:46:42 2021]: Planting random seeds...

[Info][Sat Oct 02 04:52:30 2021]: Planting random seeds...

[Info][Sat Oct 02 04:52:39 2021]: Planting random seeds...

[Info][Sat Oct 02 04:52:44 2021]: Planting random seeds...

[Info][Sat Oct 02 04:53:32 2021]: Planting random seeds...

[Info][Sat Oct 02 04:53:34 2021]: Planting random seeds...

[Info][Sat Oct 02 04:53:36 2021]: Planting random seeds...

[Info][Sat Oct 02 12:35:29 2021]: Planting random seeds...

[Info][Sat Oct 02 12:35:31 2021]: Planting random seeds...

[Info][Sat Oct 02 12:35:35 2021]: Planting random seeds...

[Info][Sat Oct 02 12:35:38 2021]: Planting random seeds...

[Info][Sat Oct 02 12:35:40 2021]: Planting random seeds...

[Info][Sat Oct 02 12:35:41 2021]: Planting random seeds...

[Info][Sat Oct 02 12:35:43 2021]: Planting random seeds...

[Info][Sat Oct 02 12:36:10 2021]: Planting random seeds...

[Info][Sat Oct 02 12:36:24 2021]: Planting random seeds...

[Info][Sat Oct 02 13:20:44 2021]: > Broadcasted message: "Jamais informe os dados da sua conta em qualquer site que não seja o pokecenter.com, a equipe não da itens ou pokemons.".

[Info][Sat Oct 02 13:20:44 2021]: > Broadcasted message: "Never let the data of your account on any site other than pokecenter.com, the staff not give any item or pokemon.".

[Info][Sat Oct 02 14:05:45 2021]: > Broadcasted message: "Pense duas vezes antes de usar qualquer tipo de bot ou hack no seu personagem, isto não será tolerado e seu personagem será deletado. Jogue limpo.".

[Info][Sat Oct 02 14:05:45 2021]: > Broadcasted message: "Think twice before using any bot or hack on your character, it will not be tolerated and your character will be deleted. Play nice.".

[Info][Sat Oct 02 14:50:46 2021]: > Broadcasted message: "Você precisa de alguma informação sobre o jogo? Acesse agora: http://www.pokecenter.com".

[Info][Sat Oct 02 14:50:46 2021]: > Broadcasted message: "Do you need any information about the game? Visit now: http://www.pokecenter.com".

[Info][Sat Oct 02 15:35:47 2021]: > Broadcasted message: "Gostou do jogo? Então comece a divulga-lo agora mesmo! Chame seus amigos para jogar! Assim você se diverte muito mais e ajuda a manter o projeto!".

[Info][Sat Oct 02 15:35:47 2021]: > Broadcasted message: "Did you like the game? Then start to publish it right now! Call your friends to play! So you enjoy a lot more and helps keep the project!".

[Info][Sat Oct 02 16:20:48 2021]: > Broadcasted message: "Nunca coloque os dados de sua conta em qualquer site que não seja o oficial do pokecenter (http://www.pokecenter.com)! Cuide de sua conta!".

[Info][Sat Oct 02 16:20:48 2021]: > Broadcasted message: "Never put your account information at any site other than the official pokecenter (http://www.pokecenter.com)! Take care of your account!".

[Info][Sat Oct 02 17:05:49 2021]: > Broadcasted message: "Fique por dentro das novidades, dê sua opinião e participe do desenvolvimento do jogo! Acesse: http://forum.pokecenter.com/".

[Info][Sat Oct 02 17:05:49 2021]: > Broadcasted message: "Check out the news, give your opinion and participate in the development of the game! Access: http://forum.pokecenter.com/".

[Info][Sat Oct 02 17:50:50 2021]: > Broadcasted message: "Você quer deixar alguma mensagem, comentário ou sugestão para os desenvolvedores do pokecenter? Acesse: http://www.pokecenter.com".

[Info][Sat Oct 02 17:50:50 2021]: > Broadcasted message: "You want to leave a message, comment or suggestion to the pokecenter developers? Visit now: http://www.pokecenter.com".

[Info][Sat Oct 02 18:44:36 2021]: Planting random seeds...

[Info][Sat Oct 02 18:44:37 2021]: Planting random seeds...

[Info][Sat Oct 02 18:44:44 2021]: Planting random seeds...

[Info][Sat Oct 02 18:44:48 2021]: Planting random seeds...

[Info][Sat Oct 02 18:44:50 2021]: Planting random seeds...

[Info][Sat Oct 02 18:44:51 2021]: Planting random seeds...

[Info][Sat Oct 02 18:44:53 2021]: Planting random seeds...

[Info][Sat Oct 02 18:45:21 2021]: Planting random seeds...

[Info][Sat Oct 02 18:45:35 2021]: Planting random seeds...

[Info][Sat Oct 02 19:29:54 2021]: > Broadcasted message: "Jamais informe os dados da sua conta em qualquer site que não seja o pokecenter.com, a equipe não da itens ou pokemons.".

[Info][Sat Oct 02 19:29:54 2021]: > Broadcasted message: "Never let the data of your account on any site other than pokecenter.com, the staff not give any item or pokemon.".

[Info][Sat Oct 02 20:14:55 2021]: > Broadcasted message: "Pense duas vezes antes de usar qualquer tipo de bot ou hack no seu personagem, isto não será tolerado e seu personagem será deletado. Jogue limpo.".

[Info][Sat Oct 02 20:14:55 2021]: > Broadcasted message: "Think twice before using any bot or hack on your character, it will not be tolerated and your character will be deleted. Play nice.".

[Info][Sat Oct 02 20:31:27 2021]: Planting random seeds...

[Info][Sat Oct 02 20:31:29 2021]: Planting random seeds...

[Info][Sat Oct 02 20:31:30 2021]: Planting random seeds...

[Info][Sat Oct 02 20:37:07 2021]: Planting random seeds...

[Info][Sat Oct 02 20:37:08 2021]: Planting random seeds...

[Info][Sat Oct 02 20:37:10 2021]: Planting random seeds...

[Info][Sat Oct 02 20:39:02 2021]: Planting random seeds...

[Info][Sat Oct 02 20:39:03 2021]: Planting random seeds...

[Info][Sat Oct 02 20:39:04 2021]: Planting random seeds...

[Info][Sat Oct 02 20:41:45 2021]: Planting random seeds...

[Info][Sat Oct 02 20:41:46 2021]: Planting random seeds...

[Info][Sat Oct 02 20:41:48 2021]: Planting random seeds...

[Info][Sat Oct 02 20:55:01 2021]: Planting random seeds...

[Info][Sat Oct 02 20:55:02 2021]: Planting random seeds...

[Info][Sat Oct 02 20:57:08 2021]: Planting random seeds...

[Info][Sat Oct 02 20:57:09 2021]: Planting random seeds...

[Info][Sat Oct 02 20:58:14 2021]: Planting random seeds...

[Info][Sat Oct 02 20:58:15 2021]: Planting random seeds...

[Info][Sat Oct 02 20:58:30 2021]: Planting random seeds...

[Info][Sat Oct 02 20:59:56 2021]: > Broadcasted message: "Você precisa de alguma informação sobre o jogo? Acesse agora: http://www.pokecenter.com".

[Info][Sat Oct 02 20:59:56 2021]: > Broadcasted message: "Do you need any information about the game? Visit now: http://www.pokecenter.com".

[Info][Sat Oct 02 21:00:31 2021]: Planting random seeds...

[Info][Sat Oct 02 21:00:35 2021]: Planting random seeds...

[Info][Sat Oct 02 21:00:36 2021]: Planting random seeds...

[Info][Sat Oct 02 21:05:40 2021]: Planting random seeds...

[Info][Sat Oct 02 21:44:57 2021]: > Broadcasted message: "Gostou do jogo? Então comece a divulga-lo agora mesmo! Chame seus amigos para jogar! Assim você se diverte muito mais e ajuda a manter o projeto!".

[Info][Sat Oct 02 21:44:57 2021]: > Broadcasted message: "Did you like the game? Then start to publish it right now! Call your friends to play! So you enjoy a lot more and helps keep the project!".

[Info][Sat Oct 02 22:29:58 2021]: > Broadcasted message: "Nunca coloque os dados de sua conta em qualquer site que não seja o oficial do pokecenter (http://www.pokecenter.com)! Cuide de sua conta!".

[Info][Sat Oct 02 22:29:58 2021]: > Broadcasted message: "Never put your account information at any site other than the official pokecenter (http://www.pokecenter.com)! Take care of your account!".

