[Print][Wed Sep 08 10:41:31 2021]: >> Cleaning players online status...    

[Print][Wed Sep 08 10:41:31 2021]: > Done in 0.04 seconds    

[Print][Wed Sep 08 10:41:31 2021]: >> Loading PvP Arenas...    

[Print][Wed Sep 08 10:41:31 2021]: > Done in 0.00 seconds    

[Print][Wed Sep 08 10:41:31 2021]: >> Loading Caught Highscores...    

[Print][Wed Sep 08 10:41:31 2021]: > Done in 0.00 seconds    

[Print][Wed Sep 08 10:41:31 2021]: >> Loading Tournament Highscores...    

[Print][Wed Sep 08 10:41:31 2021]: > Done in 0.00 seconds    

[Print][Wed Sep 08 10:41:31 2021]: >> Loading Berry Trees...    

[Print][Wed Sep 08 10:41:31 2021]: > Done in 0.05 seconds    

[Print][Wed Sep 08 10:41:31 2021]: >> Cleaning Mastery Dungeons...    

[Print][Wed Sep 08 10:41:31 2021]: > Done in 0.00 seconds    

[Print][Wed Sep 08 10:41:31 2021]: >> Loading Bosses...    

[Print][Wed Sep 08 10:41:31 2021]: >> Scheduled Boss Spawn: Winged Wisdom in 10 hours, 45 minutes and 43 seconds    

[Print][Wed Sep 08 10:41:31 2021]: > Done in 0.00 seconds    

[Print][Wed Sep 08 10:41:31 2021]: >> Loading Highscores...    

[Print][Wed Sep 08 10:41:31 2021]: > Done in 0.00 seconds    

[Print][Wed Sep 08 10:41:31 2021]: >> Loading Ball Pillars...    

[Print][Wed Sep 08 10:41:31 2021]: > Done in 0.02 seconds    

[Print][Wed Sep 08 10:41:31 2021]: >> Loading Citizens...    

[Print][Wed Sep 08 10:41:32 2021]: > Done in 0.58 seconds    

[Print][Wed Sep 08 10:41:32 2021]: >> Loading Ranks...    

[Print][Wed Sep 08 10:41:32 2021]: > Done in 0.00 seconds    

[Print][Wed Sep 08 10:41:32 2021]: >> All done on Wed Sep 08 10:41:32 2021    

[Print][Wed Sep 08 10:47:42 2021]: ivev    

[Print][Wed Sep 08 10:48:50 2021]: ivev    

[Print][Wed Sep 08 10:48:50 2021]: P: 500    

[Print][Wed Sep 08 10:48:50 2021]: Req: 6    

[Print][Wed Sep 08 10:49:23 2021]: ivev    

[Print][Wed Sep 08 10:49:23 2021]: P: 500    

[Print][Wed Sep 08 10:49:23 2021]: Req: 6    

[Print][Wed Sep 08 10:49:59 2021]: ivev    

[Print][Wed Sep 08 10:49:59 2021]: P: 500    

[Print][Wed Sep 08 10:49:59 2021]: Req: 6    

[Print][Wed Sep 08 10:50:37 2021]: ivev    

[Print][Wed Sep 08 10:50:37 2021]: P: 494    

[Print][Wed Sep 08 10:50:37 2021]: Req: 63    

[Print][Wed Sep 08 10:58:54 2021]: base    

[Print][Wed Sep 08 11:02:08 2021]: base    

[Print][Wed Sep 08 11:02:08 2021]: sem item do id: 1111    

[Print][Wed Sep 08 11:03:24 2021]: base    

[Print][Wed Sep 08 11:03:24 2021]: sem item do id: 35540    

[Print][Wed Sep 08 11:04:38 2021]: base    

[Print][Wed Sep 08 11:05:18 2021]: base    

[Print][Wed Sep 08 11:05:18 2021]: sem item do id: 35540    

[Print][Wed Sep 08 11:05:26 2021]: base    

[Print][Wed Sep 08 11:05:26 2021]: sem item do id: 35540    

[Print][Wed Sep 08 11:05:27 2021]: base    

[Print][Wed Sep 08 11:05:27 2021]: sem item do id: 35540    

[Print][Wed Sep 08 11:05:27 2021]: base    

[Print][Wed Sep 08 11:05:27 2021]: sem item do id: 35540    

[Print][Wed Sep 08 11:06:46 2021]: base    

[Print][Wed Sep 08 11:06:46 2021]: sem item do id: 35541    

[Print][Wed Sep 08 11:07:08 2021]: base    

[Print][Wed Sep 08 11:07:08 2021]: sem item do id: 35541    

[Print][Wed Sep 08 11:07:22 2021]: base    

[Print][Wed Sep 08 11:07:22 2021]: sem item do id: 35541    

[Print][Wed Sep 08 11:07:27 2021]: base    

[Print][Wed Sep 08 11:07:27 2021]: sem item do id: 35541    

[Print][Wed Sep 08 11:07:32 2021]: base    

[Print][Wed Sep 08 11:07:32 2021]: sem item do id: 35541    

[Print][Wed Sep 08 11:08:28 2021]: ivev    

[Print][Wed Sep 08 11:08:33 2021]: ivev    

[Print][Wed Sep 08 11:08:49 2021]: ivev    

[Print][Wed Sep 08 11:09:41 2021]: base    

[Print][Wed Sep 08 11:09:44 2021]: base    

[Print][Wed Sep 08 11:09:45 2021]: base    

[Print][Wed Sep 08 11:09:45 2021]: sem item do id: 35539    

[Print][Wed Sep 08 11:09:49 2021]: base    

[Print][Wed Sep 08 11:09:49 2021]: sem item do id: 35541    

[Print][Wed Sep 08 11:10:14 2021]: base    

[Print][Wed Sep 08 11:10:14 2021]: sem item do id: 35541    

[Print][Wed Sep 08 11:10:35 2021]: base    

[Print][Wed Sep 08 11:10:35 2021]: sem item do id: 35541    

[Print][Wed Sep 08 11:15:06 2021]: >> Cleaning players online status...    

[Print][Wed Sep 08 11:15:07 2021]: > Done in 0.17 seconds    

[Print][Wed Sep 08 11:15:07 2021]: >> Loading PvP Arenas...    

[Print][Wed Sep 08 11:15:07 2021]: > Done in 0.00 seconds    

[Print][Wed Sep 08 11:15:07 2021]: >> Loading Caught Highscores...    

[Print][Wed Sep 08 11:15:07 2021]: > Done in 0.00 seconds    

[Print][Wed Sep 08 11:15:07 2021]: >> Loading Tournament Highscores...    

[Print][Wed Sep 08 11:15:07 2021]: > Done in 0.00 seconds    

[Print][Wed Sep 08 11:15:07 2021]: >> Loading Berry Trees...    

[Print][Wed Sep 08 11:15:07 2021]: > Done in 0.03 seconds    

[Print][Wed Sep 08 11:15:07 2021]: >> Cleaning Mastery Dungeons...    

[Print][Wed Sep 08 11:15:07 2021]: > Done in 0.00 seconds    

[Print][Wed Sep 08 11:15:07 2021]: >> Loading Bosses...    

[Print][Wed Sep 08 11:15:07 2021]: >> Scheduled Boss Spawn: Mr. Gormandize in 6 hours, 20 minutes and 6 seconds    

[Print][Wed Sep 08 11:15:07 2021]: > Done in 0.00 seconds    

[Print][Wed Sep 08 11:15:07 2021]: >> Loading Highscores...    

[Print][Wed Sep 08 11:15:07 2021]: > Done in 0.00 seconds    

[Print][Wed Sep 08 11:15:07 2021]: >> Loading Ball Pillars...    

[Print][Wed Sep 08 11:15:07 2021]: > Done in 0.00 seconds    

[Print][Wed Sep 08 11:15:07 2021]: >> Loading Citizens...    

[Print][Wed Sep 08 11:15:07 2021]: > Done in 0.41 seconds    

[Print][Wed Sep 08 11:15:07 2021]: >> Loading Ranks...    

[Print][Wed Sep 08 11:15:07 2021]: > Done in 0.00 seconds    

[Print][Wed Sep 08 11:15:07 2021]: >> All done on Wed Sep 08 11:15:07 2021    

[Print][Wed Sep 08 11:17:07 2021]: base    

[Print][Wed Sep 08 11:17:14 2021]: base    

[Print][Wed Sep 08 11:17:17 2021]: base    

[Print][Wed Sep 08 11:17:27 2021]: base    

[Print][Wed Sep 08 11:18:12 2021]: ivev    

[Print][Wed Sep 08 11:18:18 2021]: ivev    

[Print][Wed Sep 08 11:33:03 2021]: 6.25    

[Print][Wed Sep 08 11:33:22 2021]: 6.25    49    

[Print][Wed Sep 08 11:37:43 2021]: 6.25    49    

[Print][Wed Sep 08 12:26:45 2021]: ivev    

[Print][Wed Sep 08 12:26:45 2021]: 10    

[Print][Wed Sep 08 12:37:44 2021]: ivev    

[Print][Wed Sep 08 12:40:03 2021]: ivev    

[Print][Wed Sep 08 12:43:13 2021]: ivev    

[Print][Wed Sep 08 12:44:52 2021]: ivev    

[Print][Wed Sep 08 12:46:20 2021]: ivev    

[Print][Wed Sep 08 12:47:48 2021]: ivev    

[Print][Wed Sep 08 12:48:17 2021]: ivev    

[Print][Wed Sep 08 12:48:28 2021]: ivev    

[Print][Wed Sep 08 12:48:39 2021]: ivev    

[Print][Wed Sep 08 13:01:56 2021]: >> Cleaning players online status...    

[Print][Wed Sep 08 13:01:56 2021]: > Done in 0.03 seconds    

[Print][Wed Sep 08 13:01:56 2021]: >> Loading PvP Arenas...    

[Print][Wed Sep 08 13:01:56 2021]: > Done in 0.00 seconds    

[Print][Wed Sep 08 13:01:56 2021]: >> Loading Caught Highscores...    

[Print][Wed Sep 08 13:01:56 2021]: > Done in 0.00 seconds    

[Print][Wed Sep 08 13:01:56 2021]: >> Loading Tournament Highscores...    

[Print][Wed Sep 08 13:01:56 2021]: > Done in 0.00 seconds    

[Print][Wed Sep 08 13:01:56 2021]: >> Loading Berry Trees...    

[Print][Wed Sep 08 13:01:56 2021]: > Done in 0.01 seconds    

[Print][Wed Sep 08 13:01:56 2021]: >> Cleaning Mastery Dungeons...    

[Print][Wed Sep 08 13:01:56 2021]: > Done in 0.00 seconds    

[Print][Wed Sep 08 13:01:56 2021]: >> Loading Bosses...    

[Print][Wed Sep 08 13:01:56 2021]: >> Scheduled Boss Spawn: Grisly Mind in 13 hours, 22 minutes and 20 seconds    

[Print][Wed Sep 08 13:01:56 2021]: > Done in 0.00 seconds    

[Print][Wed Sep 08 13:01:56 2021]: >> Loading Highscores...    

[Print][Wed Sep 08 13:01:56 2021]: > Done in 0.00 seconds    

[Print][Wed Sep 08 13:01:56 2021]: >> Loading Ball Pillars...    

[Print][Wed Sep 08 13:01:56 2021]: > Done in 0.02 seconds    

[Print][Wed Sep 08 13:01:56 2021]: >> Loading Citizens...    

[Print][Wed Sep 08 13:01:57 2021]: > Done in 0.64 seconds    

[Print][Wed Sep 08 13:01:57 2021]: >> Loading Ranks...    

[Print][Wed Sep 08 13:01:57 2021]: > Done in 0.00 seconds    

[Print][Wed Sep 08 13:01:57 2021]: >> All done on Wed Sep 08 13:01:57 2021    

[Print][Wed Sep 08 13:03:11 2021]: base    

[Print][Wed Sep 08 13:03:23 2021]: base    

[Print][Wed Sep 08 13:03:27 2021]: base    

[Print][Wed Sep 08 13:03:32 2021]: base    

[Print][Wed Sep 08 13:03:37 2021]: base    

[Print][Wed Sep 08 13:03:39 2021]: base    

[Print][Wed Sep 08 13:04:37 2021]: ivev    

[Print][Wed Sep 08 13:04:45 2021]: ivev    

[Print][Wed Sep 08 13:04:48 2021]: ivev    

[Print][Wed Sep 08 13:05:00 2021]: ivev    

[Print][Wed Sep 08 13:05:01 2021]: ivev    

[Print][Wed Sep 08 13:05:01 2021]: ivev    

[Print][Wed Sep 08 13:05:01 2021]: ivev    

[Print][Wed Sep 08 13:05:19 2021]: ivev    

[Print][Wed Sep 08 13:08:48 2021]: base    

[Print][Wed Sep 08 13:08:55 2021]: base    

[Print][Wed Sep 08 13:09:09 2021]: base    

[Print][Wed Sep 08 13:09:15 2021]: base    

[Print][Wed Sep 08 13:09:17 2021]: base    

[Print][Wed Sep 08 13:09:38 2021]: ivev    

[Print][Wed Sep 08 13:15:12 2021]: base    

[Print][Wed Sep 08 13:15:28 2021]: base    

[Print][Wed Sep 08 13:15:37 2021]: base    

[Print][Wed Sep 08 13:15:48 2021]: base    

[Print][Wed Sep 08 13:15:58 2021]: base    

[Print][Wed Sep 08 13:16:12 2021]: base    

[Print][Wed Sep 08 13:16:21 2021]: base    

[Print][Wed Sep 08 13:16:25 2021]: base    

[Print][Wed Sep 08 13:16:28 2021]: base    

[Print][Wed Sep 08 13:16:32 2021]: base    

[Print][Wed Sep 08 13:16:38 2021]: base    

[Print][Wed Sep 08 13:17:10 2021]: ivev    

[Print][Wed Sep 08 14:12:50 2021]: >> Cleaning players online status...    

[Print][Wed Sep 08 14:12:50 2021]: > Done in 0.05 seconds    

[Print][Wed Sep 08 14:12:50 2021]: >> Loading PvP Arenas...    

[Print][Wed Sep 08 14:12:50 2021]: > Done in 0.00 seconds    

[Print][Wed Sep 08 14:12:50 2021]: >> Loading Caught Highscores...    

[Print][Wed Sep 08 14:12:50 2021]: > Done in 0.02 seconds    

[Print][Wed Sep 08 14:12:50 2021]: >> Loading Tournament Highscores...    

[Print][Wed Sep 08 14:12:50 2021]: > Done in 0.00 seconds    

[Print][Wed Sep 08 14:12:50 2021]: >> Loading Berry Trees...    

[Print][Wed Sep 08 14:12:50 2021]: > Done in 0.02 seconds    

[Print][Wed Sep 08 14:12:50 2021]: >> Cleaning Mastery Dungeons...    

[Print][Wed Sep 08 14:12:50 2021]: > Done in 0.00 seconds    

[Print][Wed Sep 08 14:12:50 2021]: >> Loading Bosses...    

[Print][Wed Sep 08 14:12:50 2021]: >> Scheduled Boss Spawn: Cesar, The Simian in 7 hours, 43 minutes and 19 seconds    

[Print][Wed Sep 08 14:12:50 2021]: > Done in 0.01 seconds    

[Print][Wed Sep 08 14:12:50 2021]: >> Loading Highscores...    

[Print][Wed Sep 08 14:12:50 2021]: > Done in 0.00 seconds    

[Print][Wed Sep 08 14:12:50 2021]: >> Loading Ball Pillars...    

[Print][Wed Sep 08 14:12:50 2021]: > Done in 0.01 seconds    

[Print][Wed Sep 08 14:12:50 2021]: >> Loading Citizens...    

[Print][Wed Sep 08 14:12:51 2021]: > Done in 0.91 seconds    

[Print][Wed Sep 08 14:12:51 2021]: >> Loading Ranks...    

[Print][Wed Sep 08 14:12:51 2021]: > Done in 0.00 seconds    

[Print][Wed Sep 08 14:12:51 2021]: >> All done on Wed Sep 08 14:12:51 2021    

[Print][Wed Sep 08 14:15:03 2021]: base    

[Print][Wed Sep 08 14:15:12 2021]: base    

[Print][Wed Sep 08 14:15:35 2021]: base    

[Print][Wed Sep 08 14:20:10 2021]: ivev    

[Print][Wed Sep 08 14:39:20 2021]: base    

[Print][Wed Sep 08 14:39:26 2021]: base    

[Print][Wed Sep 08 14:39:57 2021]: ivev    

[Print][Wed Sep 08 14:40:02 2021]: ivev    

[Print][Wed Sep 08 16:52:37 2021]: >> Cleaning players online status...    

[Print][Wed Sep 08 16:52:37 2021]: > Done in 0.04 seconds    

[Print][Wed Sep 08 16:52:37 2021]: >> Loading PvP Arenas...    

[Print][Wed Sep 08 16:52:37 2021]: > Done in 0.00 seconds    

[Print][Wed Sep 08 16:52:37 2021]: >> Loading Caught Highscores...    

[Print][Wed Sep 08 16:52:37 2021]: > Done in 0.01 seconds    

[Print][Wed Sep 08 16:52:37 2021]: >> Loading Tournament Highscores...    

[Print][Wed Sep 08 16:52:37 2021]: > Done in 0.00 seconds    

[Print][Wed Sep 08 16:52:37 2021]: >> Loading Berry Trees...    

[Print][Wed Sep 08 16:52:37 2021]: > Done in 0.02 seconds    

[Print][Wed Sep 08 16:52:37 2021]: >> Cleaning Mastery Dungeons...    

[Print][Wed Sep 08 16:52:37 2021]: > Done in 0.00 seconds    

[Print][Wed Sep 08 16:52:37 2021]: >> Loading Bosses...    

[Print][Wed Sep 08 16:52:37 2021]: >> Scheduled Boss Spawn: Charles Spencer in 10 hours, 53 minutes and 14 seconds    

[Print][Wed Sep 08 16:52:37 2021]: > Done in 0.01 seconds    

[Print][Wed Sep 08 16:52:37 2021]: >> Loading Highscores...    

[Print][Wed Sep 08 16:52:37 2021]: > Done in 0.00 seconds    

[Print][Wed Sep 08 16:52:37 2021]: >> Loading Ball Pillars...    

[Print][Wed Sep 08 16:52:38 2021]: > Done in 0.03 seconds    

[Print][Wed Sep 08 16:52:38 2021]: >> Loading Citizens...    

[Print][Wed Sep 08 16:52:38 2021]: > Done in 0.47 seconds    

[Print][Wed Sep 08 16:52:38 2021]: >> Loading Ranks...    

[Print][Wed Sep 08 16:52:38 2021]: > Done in 0.00 seconds    

[Print][Wed Sep 08 16:52:38 2021]: >> All done on Wed Sep 08 16:52:38 2021    

[Print][Wed Sep 08 17:11:54 2021]: 100    100    

[Print][Wed Sep 08 17:11:54 2021]: usediamonds    true    

[Print][Wed Sep 08 17:12:13 2021]: 100    100    

[Print][Wed Sep 08 17:12:13 2021]: usediamonds    true    

[Print][Wed Sep 08 17:13:29 2021]: 100    200    

[Print][Wed Sep 08 17:13:29 2021]: usediamonds    true    

[Print][Wed Sep 08 17:13:30 2021]: 100    200    

[Print][Wed Sep 08 17:13:30 2021]: usediamonds    true    

[Print][Wed Sep 08 17:13:30 2021]: 100    200    

[Print][Wed Sep 08 17:13:30 2021]: usediamonds    true    

[Print][Wed Sep 08 17:13:51 2021]: 100    200    

[Print][Wed Sep 08 17:13:51 2021]: true    

[Print][Wed Sep 08 17:13:58 2021]: 100    200    

[Print][Wed Sep 08 17:13:58 2021]: false    

[Print][Wed Sep 08 17:14:52 2021]: 2    

[Print][Wed Sep 08 17:18:12 2021]: não tem a grana    

[Print][Wed Sep 08 17:35:45 2021]: base    

[Print][Wed Sep 08 17:35:45 2021]: base    

[Print][Wed Sep 08 17:35:47 2021]: não tem a grana    

[Print][Wed Sep 08 17:35:48 2021]: não tem a grana    

[Print][Wed Sep 08 17:35:49 2021]: não tem a grana    

[Print][Wed Sep 08 17:35:49 2021]: não tem a grana    

[Print][Wed Sep 08 17:35:49 2021]: não tem a grana    

[Print][Wed Sep 08 17:43:25 2021]: base    

[Print][Wed Sep 08 17:53:05 2021]: ivev    

[Print][Wed Sep 08 17:53:27 2021]: ivev    

[Print][Wed Sep 08 17:53:41 2021]: ivev    

[Print][Wed Sep 08 17:53:48 2021]: ivev    

[Print][Wed Sep 08 17:54:03 2021]: ivev    

[Print][Wed Sep 08 17:54:08 2021]: ivev    

[Print][Wed Sep 08 17:54:09 2021]: ivev    

[Print][Wed Sep 08 17:54:10 2021]: ivev    

[Print][Wed Sep 08 17:54:11 2021]: ivev    

[Print][Wed Sep 08 17:54:11 2021]: ivev    

[Print][Wed Sep 08 17:54:11 2021]: ivev    

[Print][Wed Sep 08 17:54:11 2021]: ivev    

[Print][Wed Sep 08 17:54:12 2021]: ivev    

[Print][Wed Sep 08 17:54:13 2021]: ivev    

[Print][Wed Sep 08 17:54:13 2021]: ivev    

[Print][Wed Sep 08 17:54:13 2021]: ivev    

[Print][Wed Sep 08 17:54:13 2021]: ivev    

[Print][Wed Sep 08 17:54:18 2021]: ivev    

[Print][Wed Sep 08 17:54:19 2021]: ivev    

[Print][Wed Sep 08 17:54:19 2021]: ivev    

[Print][Wed Sep 08 17:54:36 2021]: ivev    

[Print][Wed Sep 08 17:54:36 2021]: ivev    

[Print][Wed Sep 08 17:54:36 2021]: ivev    

[Print][Wed Sep 08 17:54:41 2021]: ivev    

[Print][Wed Sep 08 17:54:41 2021]: ivev    

[Print][Wed Sep 08 18:44:42 2021]: >> Cleaning players online status...    

[Print][Wed Sep 08 18:44:43 2021]: > Done in 0.07 seconds    

[Print][Wed Sep 08 18:44:43 2021]: >> Loading PvP Arenas...    

[Print][Wed Sep 08 18:44:43 2021]: > Done in 0.00 seconds    

[Print][Wed Sep 08 18:44:43 2021]: >> Loading Caught Highscores...    

[Print][Wed Sep 08 18:44:43 2021]: > Done in 0.02 seconds    

[Print][Wed Sep 08 18:44:43 2021]: >> Loading Tournament Highscores...    

[Print][Wed Sep 08 18:44:43 2021]: > Done in 0.00 seconds    

[Print][Wed Sep 08 18:44:43 2021]: >> Loading Berry Trees...    

[Print][Wed Sep 08 18:44:43 2021]: > Done in 0.01 seconds    

[Print][Wed Sep 08 18:44:43 2021]: >> Cleaning Mastery Dungeons...    

[Print][Wed Sep 08 18:44:43 2021]: > Done in 0.00 seconds    

[Print][Wed Sep 08 18:44:43 2021]: >> Loading Bosses...    

[Print][Wed Sep 08 18:44:43 2021]: >> Scheduled Boss Spawn: Pink Fury in 10 hours, 57 minutes and 11 seconds    

[Print][Wed Sep 08 18:44:43 2021]: > Done in 0.00 seconds    

[Print][Wed Sep 08 18:44:43 2021]: >> Loading Highscores...    

[Print][Wed Sep 08 18:44:43 2021]: > Done in 0.00 seconds    

[Print][Wed Sep 08 18:44:43 2021]: >> Loading Ball Pillars...    

[Print][Wed Sep 08 18:44:43 2021]: > Done in 0.01 seconds    

[Print][Wed Sep 08 18:44:43 2021]: >> Loading Citizens...    

[Print][Wed Sep 08 18:44:43 2021]: > Done in 0.40 seconds    

[Print][Wed Sep 08 18:44:43 2021]: >> Loading Ranks...    

[Print][Wed Sep 08 18:44:43 2021]: > Done in 0.00 seconds    

[Print][Wed Sep 08 18:44:43 2021]: >> All done on Wed Sep 08 18:44:43 2021    

[Print][Wed Sep 08 19:24:32 2021]: >> Cleaning players online status...    

[Print][Wed Sep 08 19:24:33 2021]: > Done in 0.24 seconds    

[Print][Wed Sep 08 19:24:33 2021]: >> Loading PvP Arenas...    

[Print][Wed Sep 08 19:24:33 2021]: > Done in 0.00 seconds    

[Print][Wed Sep 08 19:24:33 2021]: >> Loading Caught Highscores...    

[Print][Wed Sep 08 19:24:33 2021]: > Done in 0.00 seconds    

[Print][Wed Sep 08 19:24:33 2021]: >> Loading Tournament Highscores...    

[Print][Wed Sep 08 19:24:33 2021]: > Done in 0.00 seconds    

[Print][Wed Sep 08 19:24:33 2021]: >> Loading Berry Trees...    

[Print][Wed Sep 08 19:24:33 2021]: > Done in 0.16 seconds    

[Print][Wed Sep 08 19:24:33 2021]: >> Cleaning Mastery Dungeons...    

[Print][Wed Sep 08 19:24:33 2021]: > Done in 0.00 seconds    

[Print][Wed Sep 08 19:24:33 2021]: >> Loading Bosses...    

[Print][Wed Sep 08 19:24:33 2021]: >> Scheduled Boss Spawn: Grisly Mind in 11 hours, 8 minutes and 2 seconds    

[Print][Wed Sep 08 19:24:33 2021]: > Done in 0.01 seconds    

[Print][Wed Sep 08 19:24:33 2021]: >> Loading Highscores...    

[Print][Wed Sep 08 19:24:33 2021]: > Done in 0.00 seconds    

[Print][Wed Sep 08 19:24:33 2021]: >> Loading Ball Pillars...    

[Print][Wed Sep 08 19:24:33 2021]: > Done in 0.00 seconds    

[Print][Wed Sep 08 19:24:33 2021]: >> Loading Citizens...    

[Print][Wed Sep 08 19:24:33 2021]: > Done in 0.45 seconds    

[Print][Wed Sep 08 19:24:33 2021]: >> Loading Ranks...    

[Print][Wed Sep 08 19:24:33 2021]: > Done in 0.00 seconds    

[Print][Wed Sep 08 19:24:33 2021]: >> All done on Wed Sep 08 19:24:33 2021    

[Print][Wed Sep 08 20:43:37 2021]: >> Cleaning players online status...    

[Print][Wed Sep 08 20:43:37 2021]: > Done in 0.26 seconds    

[Print][Wed Sep 08 20:43:37 2021]: >> Loading PvP Arenas...    

[Print][Wed Sep 08 20:43:37 2021]: > Done in 0.00 seconds    

[Print][Wed Sep 08 20:43:37 2021]: >> Loading Caught Highscores...    

[Print][Wed Sep 08 20:43:37 2021]: > Done in 0.01 seconds    

[Print][Wed Sep 08 20:43:37 2021]: >> Loading Tournament Highscores...    

[Print][Wed Sep 08 20:43:38 2021]: > Done in 0.00 seconds    

[Print][Wed Sep 08 20:43:38 2021]: >> Loading Berry Trees...    

[Print][Wed Sep 08 20:43:38 2021]: > Done in 0.01 seconds    

[Print][Wed Sep 08 20:43:38 2021]: >> Cleaning Mastery Dungeons...    

[Print][Wed Sep 08 20:43:38 2021]: > Done in 0.00 seconds    

[Print][Wed Sep 08 20:43:38 2021]: >> Loading Bosses...    

[Print][Wed Sep 08 20:43:38 2021]: >> Scheduled Boss Spawn: King Panlong in 14 hours, 18 minutes and 42 seconds    

[Print][Wed Sep 08 20:43:38 2021]: > Done in 0.00 seconds    

[Print][Wed Sep 08 20:43:38 2021]: >> Loading Highscores...    

[Print][Wed Sep 08 20:43:38 2021]: > Done in 0.00 seconds    

[Print][Wed Sep 08 20:43:38 2021]: >> Loading Ball Pillars...    

[Print][Wed Sep 08 20:43:38 2021]: > Done in 0.00 seconds    

[Print][Wed Sep 08 20:43:38 2021]: >> Loading Citizens...    

[Print][Wed Sep 08 20:43:38 2021]: > Done in 0.51 seconds    

[Print][Wed Sep 08 20:43:38 2021]: >> Loading Ranks...    

[Print][Wed Sep 08 20:43:38 2021]: > Done in 0.00 seconds    

[Print][Wed Sep 08 20:43:38 2021]: >> All done on Wed Sep 08 20:43:38 2021    

[Print][Wed Sep 08 23:21:37 2021]: >> Cleaning players online status...    

[Print][Wed Sep 08 23:21:37 2021]: > Done in 0.07 seconds    

[Print][Wed Sep 08 23:21:37 2021]: >> Loading PvP Arenas...    

[Print][Wed Sep 08 23:21:37 2021]: > Done in 0.00 seconds    

[Print][Wed Sep 08 23:21:37 2021]: >> Loading Caught Highscores...    

[Print][Wed Sep 08 23:21:37 2021]: > Done in 0.02 seconds    

[Print][Wed Sep 08 23:21:37 2021]: >> Loading Tournament Highscores...    

[Print][Wed Sep 08 23:21:37 2021]: > Done in 0.00 seconds    

[Print][Wed Sep 08 23:21:37 2021]: >> Loading Berry Trees...    

[Print][Wed Sep 08 23:21:37 2021]: > Done in 0.02 seconds    

[Print][Wed Sep 08 23:21:37 2021]: >> Cleaning Mastery Dungeons...    

[Print][Wed Sep 08 23:21:37 2021]: > Done in 0.00 seconds    

[Print][Wed Sep 08 23:21:37 2021]: >> Loading Bosses...    

[Print][Wed Sep 08 23:21:37 2021]: >> Scheduled Boss Spawn: DoomBoy in 5 hours, 35 minutes and 56 seconds    

[Print][Wed Sep 08 23:21:37 2021]: > Done in 0.01 seconds    

[Print][Wed Sep 08 23:21:37 2021]: >> Loading Highscores...    

[Print][Wed Sep 08 23:21:37 2021]: > Done in 0.00 seconds    

[Print][Wed Sep 08 23:21:38 2021]: >> Loading Ball Pillars...    

[Print][Wed Sep 08 23:21:38 2021]: > Done in 0.00 seconds    

[Print][Wed Sep 08 23:21:38 2021]: >> Loading Citizens...    

[Print][Wed Sep 08 23:21:38 2021]: > Done in 0.59 seconds    

[Print][Wed Sep 08 23:21:38 2021]: >> Loading Ranks...    

[Print][Wed Sep 08 23:21:38 2021]: > Done in 0.00 seconds    

[Print][Wed Sep 08 23:21:38 2021]: >> All done on Wed Sep 08 23:21:38 2021    

