[Print][Sat Aug 21 11:26:19 2021]: >> Cleaning players online status...    

[Print][Sat Aug 21 11:26:19 2021]: > Done in 0.02 seconds    

[Print][Sat Aug 21 11:26:19 2021]: >> Loading PvP Arenas...    

[Print][Sat Aug 21 11:26:19 2021]: > Done in 0.00 seconds    

[Print][Sat Aug 21 11:26:19 2021]: >> Loading Caught Highscores...    

[Print][Sat Aug 21 11:26:19 2021]: > Done in 0.00 seconds    

[Print][Sat Aug 21 11:26:19 2021]: >> Loading Tournament Highscores...    

[Print][Sat Aug 21 11:26:19 2021]: > Done in 0.00 seconds    

[Print][Sat Aug 21 11:26:19 2021]: >> Loading Berry Trees...    

[Print][Sat Aug 21 11:26:19 2021]: > Done in 0.03 seconds    

[Print][Sat Aug 21 11:26:19 2021]: >> Cleaning Mastery Dungeons...    

[Print][Sat Aug 21 11:26:19 2021]: > Done in 0.00 seconds    

[Print][Sat Aug 21 11:26:19 2021]: >> Loading Bosses...    

[Print][Sat Aug 21 11:26:19 2021]: >> Scheduled Boss Spawn: Flesh'n Fire in 13 hours, 45 minutes and 28 seconds    

[Print][Sat Aug 21 11:26:20 2021]: > Done in 0.00 seconds    

[Print][Sat Aug 21 11:26:20 2021]: >> Loading Highscores...    

[Print][Sat Aug 21 11:26:20 2021]: > Done in 0.00 seconds    

[Print][Sat Aug 21 11:26:20 2021]: >> Loading Ball Pillars...    

[Print][Sat Aug 21 11:26:20 2021]: > Done in 0.01 seconds    

[Print][Sat Aug 21 11:26:20 2021]: >> Loading Citizens...    

[Print][Sat Aug 21 11:26:20 2021]: > Done in 0.37 seconds    

[Print][Sat Aug 21 11:26:20 2021]: >> Loading Ranks...    

[Print][Sat Aug 21 11:26:20 2021]: > Done in 0.00 seconds    

[Print][Sat Aug 21 11:26:20 2021]: >> All done on Sat Aug 21 11:26:20 2021    

[Print][Sat Aug 21 12:49:46 2021]: >> Cleaning players online status...    

[Print][Sat Aug 21 12:49:46 2021]: > Done in 0.04 seconds    

[Print][Sat Aug 21 12:49:46 2021]: >> Loading PvP Arenas...    

[Print][Sat Aug 21 12:49:46 2021]: > Done in 0.00 seconds    

[Print][Sat Aug 21 12:49:46 2021]: >> Loading Caught Highscores...    

[Print][Sat Aug 21 12:49:46 2021]: > Done in 0.00 seconds    

[Print][Sat Aug 21 12:49:46 2021]: >> Loading Tournament Highscores...    

[Print][Sat Aug 21 12:49:46 2021]: > Done in 0.00 seconds    

[Print][Sat Aug 21 12:49:46 2021]: >> Loading Berry Trees...    

[Print][Sat Aug 21 12:49:46 2021]: > Done in 0.04 seconds    

[Print][Sat Aug 21 12:49:46 2021]: >> Cleaning Mastery Dungeons...    

[Print][Sat Aug 21 12:49:46 2021]: > Done in 0.00 seconds    

[Print][Sat Aug 21 12:49:46 2021]: >> Loading Bosses...    

[Print][Sat Aug 21 12:49:46 2021]: >> Scheduled Boss Spawn: The Turbo in 14 hours, 12 minutes and 23 seconds    

[Print][Sat Aug 21 12:49:46 2021]: > Done in 0.00 seconds    

[Print][Sat Aug 21 12:49:46 2021]: >> Loading Highscores...    

[Print][Sat Aug 21 12:49:46 2021]: > Done in 0.00 seconds    

[Print][Sat Aug 21 12:49:46 2021]: >> Loading Ball Pillars...    

[Print][Sat Aug 21 12:49:46 2021]: > Done in 0.02 seconds    

[Print][Sat Aug 21 12:49:46 2021]: >> Loading Citizens...    

[Print][Sat Aug 21 12:49:47 2021]: > Done in 0.34 seconds    

[Print][Sat Aug 21 12:49:47 2021]: >> Loading Ranks...    

[Print][Sat Aug 21 12:49:47 2021]: > Done in 0.00 seconds    

[Print][Sat Aug 21 12:49:47 2021]: >> All done on Sat Aug 21 12:49:47 2021    

[Print][Sat Aug 21 13:33:17 2021]: >> Cleaning players online status...    

[Print][Sat Aug 21 13:33:17 2021]: > Done in 0.03 seconds    

[Print][Sat Aug 21 13:33:17 2021]: >> Loading PvP Arenas...    

[Print][Sat Aug 21 13:33:17 2021]: > Done in 0.00 seconds    

[Print][Sat Aug 21 13:33:17 2021]: >> Loading Caught Highscores...    

[Print][Sat Aug 21 13:33:17 2021]: > Done in 0.00 seconds    

[Print][Sat Aug 21 13:33:17 2021]: >> Loading Tournament Highscores...    

[Print][Sat Aug 21 13:33:17 2021]: > Done in 0.00 seconds    

[Print][Sat Aug 21 13:33:17 2021]: >> Loading Berry Trees...    

[Print][Sat Aug 21 13:33:17 2021]: > Done in 0.04 seconds    

[Print][Sat Aug 21 13:33:17 2021]: >> Cleaning Mastery Dungeons...    

[Print][Sat Aug 21 13:33:17 2021]: > Done in 0.00 seconds    

[Print][Sat Aug 21 13:33:17 2021]: >> Loading Bosses...    

[Print][Sat Aug 21 13:33:17 2021]: >> Scheduled Boss Spawn: The A. Mesmer in 15 hours, 39 minutes and 39 seconds    

[Print][Sat Aug 21 13:33:17 2021]: > Done in 0.00 seconds    

[Print][Sat Aug 21 13:33:17 2021]: >> Loading Highscores...    

[Print][Sat Aug 21 13:33:17 2021]: > Done in 0.00 seconds    

[Print][Sat Aug 21 13:33:17 2021]: >> Loading Ball Pillars...    

[Print][Sat Aug 21 13:33:17 2021]: > Done in 0.00 seconds    

[Print][Sat Aug 21 13:33:17 2021]: >> Loading Citizens...    

[Print][Sat Aug 21 13:33:17 2021]: > Done in 0.47 seconds    

[Print][Sat Aug 21 13:33:17 2021]: >> Loading Ranks...    

[Print][Sat Aug 21 13:33:17 2021]: > Done in 0.00 seconds    

[Print][Sat Aug 21 13:33:17 2021]: >> All done on Sat Aug 21 13:33:17 2021    

[Print][Sat Aug 21 13:50:22 2021]: >> Cleaning players online status...    

[Print][Sat Aug 21 13:50:22 2021]: > Done in 0.05 seconds    

[Print][Sat Aug 21 13:50:22 2021]: >> Loading PvP Arenas...    

[Print][Sat Aug 21 13:50:22 2021]: > Done in 0.00 seconds    

[Print][Sat Aug 21 13:50:22 2021]: >> Loading Caught Highscores...    

[Print][Sat Aug 21 13:50:22 2021]: > Done in 0.00 seconds    

[Print][Sat Aug 21 13:50:22 2021]: >> Loading Tournament Highscores...    

[Print][Sat Aug 21 13:50:22 2021]: > Done in 0.00 seconds    

[Print][Sat Aug 21 13:50:22 2021]: >> Loading Berry Trees...    

[Print][Sat Aug 21 13:50:22 2021]: > Done in 0.08 seconds    

[Print][Sat Aug 21 13:50:22 2021]: >> Cleaning Mastery Dungeons...    

[Print][Sat Aug 21 13:50:22 2021]: > Done in 0.00 seconds    

[Print][Sat Aug 21 13:50:22 2021]: >> Loading Bosses...    

[Print][Sat Aug 21 13:50:22 2021]: >> Scheduled Boss Spawn: Kirby in 11 hours, 2 minutes and 20 seconds    

[Print][Sat Aug 21 13:50:22 2021]: > Done in 0.00 seconds    

[Print][Sat Aug 21 13:50:22 2021]: >> Loading Highscores...    

[Print][Sat Aug 21 13:50:22 2021]: > Done in 0.00 seconds    

[Print][Sat Aug 21 13:50:22 2021]: >> Loading Ball Pillars...    

[Print][Sat Aug 21 13:50:22 2021]: > Done in 0.00 seconds    

[Print][Sat Aug 21 13:50:22 2021]: >> Loading Citizens...    

[Print][Sat Aug 21 13:50:22 2021]: > Done in 0.36 seconds    

[Print][Sat Aug 21 13:50:22 2021]: >> Loading Ranks...    

[Print][Sat Aug 21 13:50:23 2021]: > Done in 0.00 seconds    

[Print][Sat Aug 21 13:50:23 2021]: >> All done on Sat Aug 21 13:50:23 2021    

