[Print][Thu Nov 04 11:15:29 2021]: >> Cleaning players online status...    

[Print][Thu Nov 04 11:15:29 2021]: > Done in 0.05 seconds    

[Print][Thu Nov 04 11:15:29 2021]: >> Loading PvP Arenas...    

[Print][Thu Nov 04 11:15:29 2021]: > Done in 0.00 seconds    

[Print][Thu Nov 04 11:15:29 2021]: >> Loading Caught Highscores...    

[Print][Thu Nov 04 11:15:29 2021]: > Done in 0.00 seconds    

[Print][Thu Nov 04 11:15:29 2021]: >> Loading Tournament Highscores...    

[Print][Thu Nov 04 11:15:29 2021]: > Done in 0.00 seconds    

[Print][Thu Nov 04 11:15:29 2021]: >> Loading Berry Trees...    

[Print][Thu Nov 04 11:15:29 2021]: > Done in 0.11 seconds    

[Print][Thu Nov 04 11:15:29 2021]: >> Cleaning Mastery Dungeons...    

[Print][Thu Nov 04 11:15:29 2021]: > Done in 0.00 seconds    

[Print][Thu Nov 04 11:15:29 2021]: >> Loading Bosses...    

[Print][Thu Nov 04 11:15:29 2021]: >> Scheduled Boss Spawn: The A. Mesmer in 13 hours, 20 minutes and 57 seconds    

[Print][Thu Nov 04 11:15:29 2021]: > Done in 0.01 seconds    

[Print][Thu Nov 04 11:15:29 2021]: >> Loading Highscores...    

[Print][Thu Nov 04 11:15:29 2021]: > Done in 0.00 seconds    

[Print][Thu Nov 04 11:15:29 2021]: >> Loading Ball Pillars...    

[Print][Thu Nov 04 11:15:29 2021]: > Done in 0.06 seconds    

[Print][Thu Nov 04 11:15:29 2021]: >> Loading Citizens...    

[Print][Thu Nov 04 11:15:30 2021]: > Done in 0.95 seconds    

[Print][Thu Nov 04 11:15:30 2021]: >> Loading Ranks...    

[Print][Thu Nov 04 11:15:30 2021]: > Done in 0.00 seconds    

[Print][Thu Nov 04 11:15:30 2021]: >> All done on Thu Nov 04 11:15:30 2021    

[Print][Thu Nov 04 11:17:30 2021]: 3    1    1    1    

[Print][Thu Nov 04 11:17:56 2021]: 3    1    1    1    

[Print][Thu Nov 04 11:17:57 2021]: 3    1    1    1    

[Print][Thu Nov 04 11:18:02 2021]: 3    1    1    1    

[Print][Thu Nov 04 11:18:07 2021]: 3    1    1    1    

[Print][Thu Nov 04 11:18:10 2021]: 3    1    1    1    

[Print][Thu Nov 04 11:18:14 2021]: 3    1    1    1    

[Print][Thu Nov 04 11:18:18 2021]: 3    1    1    1    

[Print][Thu Nov 04 11:18:22 2021]: 3    1    1    1    

[Print][Thu Nov 04 11:18:26 2021]: 3    1    1    1    

[Print][Thu Nov 04 11:18:28 2021]: 3    1    1    1    

[Print][Thu Nov 04 11:18:31 2021]: 3    1    1    1    

[Print][Thu Nov 04 11:18:38 2021]: 3    1    1    1    

[Print][Thu Nov 04 11:18:40 2021]: 3    1    1    1    

[Print][Thu Nov 04 11:18:43 2021]: 3    1    1    1    

[Print][Thu Nov 04 11:18:47 2021]: 3    1    1    1    

[Print][Thu Nov 04 11:18:50 2021]: 3    1    1    1    

[Print][Thu Nov 04 11:18:56 2021]: 3    1    1    1    

[Print][Thu Nov 04 11:19:00 2021]: 3    1    1    1    

[Print][Thu Nov 04 11:19:04 2021]: 3    1    1    1    

[Print][Thu Nov 04 11:19:05 2021]: 3    1    1    1    

[Print][Thu Nov 04 11:19:12 2021]: 3    1    1    1    

[Print][Thu Nov 04 11:19:15 2021]: 3    1    1    1    

[Print][Thu Nov 04 11:19:20 2021]: 3    1    1    1    

[Print][Thu Nov 04 11:19:21 2021]: 3    1    1    1    

[Print][Thu Nov 04 11:19:26 2021]: 3    1    1    1    

[Print][Thu Nov 04 11:19:31 2021]: 3    1    1    1    

[Print][Thu Nov 04 11:19:35 2021]: 3    1    1    1    

[Print][Thu Nov 04 11:19:38 2021]: 3    1    1    1    

[Print][Thu Nov 04 11:19:39 2021]: 3    1    1    1    

[Print][Thu Nov 04 11:19:48 2021]: 3    1    1    1    

[Print][Thu Nov 04 11:20:50 2021]: 3    1    1    1    

[Print][Thu Nov 04 11:20:54 2021]: 3    1    1    1    

[Print][Thu Nov 04 11:22:05 2021]: 3    1    1    1    

[Print][Thu Nov 04 11:22:13 2021]: 3    1    1    1    

[Print][Thu Nov 04 11:25:08 2021]: >> Cleaning players online status...    

[Print][Thu Nov 04 11:25:08 2021]: > Done in 0.03 seconds    

[Print][Thu Nov 04 11:25:08 2021]: >> Loading PvP Arenas...    

[Print][Thu Nov 04 11:25:08 2021]: > Done in 0.00 seconds    

[Print][Thu Nov 04 11:25:08 2021]: >> Loading Caught Highscores...    

[Print][Thu Nov 04 11:25:08 2021]: > Done in 0.00 seconds    

[Print][Thu Nov 04 11:25:08 2021]: >> Loading Tournament Highscores...    

[Print][Thu Nov 04 11:25:08 2021]: > Done in 0.00 seconds    

[Print][Thu Nov 04 11:25:08 2021]: >> Loading Berry Trees...    

[Print][Thu Nov 04 11:25:08 2021]: > Done in 0.02 seconds    

[Print][Thu Nov 04 11:25:08 2021]: >> Cleaning Mastery Dungeons...    

[Print][Thu Nov 04 11:25:08 2021]: > Done in 0.00 seconds    

[Print][Thu Nov 04 11:25:08 2021]: >> Loading Bosses...    

[Print][Thu Nov 04 11:25:08 2021]: >> Scheduled Boss Spawn: Sweet Lover in 9 hours, 17 minutes and 51 seconds    

[Print][Thu Nov 04 11:25:08 2021]: > Done in 0.00 seconds    

[Print][Thu Nov 04 11:25:08 2021]: >> Loading Highscores...    

[Print][Thu Nov 04 11:25:08 2021]: > Done in 0.00 seconds    

[Print][Thu Nov 04 11:25:08 2021]: >> Loading Ball Pillars...    

[Print][Thu Nov 04 11:25:08 2021]: > Done in 0.00 seconds    

[Print][Thu Nov 04 11:25:08 2021]: >> Loading Citizens...    

[Print][Thu Nov 04 11:25:09 2021]: > Done in 0.57 seconds    

[Print][Thu Nov 04 11:25:09 2021]: >> Loading Ranks...    

[Print][Thu Nov 04 11:25:09 2021]: > Done in 0.00 seconds    

[Print][Thu Nov 04 11:25:09 2021]: >> All done on Thu Nov 04 11:25:09 2021    

[Print][Thu Nov 04 11:40:56 2021]: >> Cleaning players online status...    

[Print][Thu Nov 04 11:40:56 2021]: > Done in 0.04 seconds    

[Print][Thu Nov 04 11:40:56 2021]: >> Loading PvP Arenas...    

[Print][Thu Nov 04 11:40:56 2021]: > Done in 0.00 seconds    

[Print][Thu Nov 04 11:40:56 2021]: >> Loading Caught Highscores...    

[Print][Thu Nov 04 11:40:56 2021]: > Done in 0.00 seconds    

[Print][Thu Nov 04 11:40:56 2021]: >> Loading Tournament Highscores...    

[Print][Thu Nov 04 11:40:56 2021]: > Done in 0.00 seconds    

[Print][Thu Nov 04 11:40:56 2021]: >> Loading Berry Trees...    

[Print][Thu Nov 04 11:40:56 2021]: > Done in 0.02 seconds    

[Print][Thu Nov 04 11:40:56 2021]: >> Cleaning Mastery Dungeons...    

[Print][Thu Nov 04 11:40:56 2021]: > Done in 0.00 seconds    

[Print][Thu Nov 04 11:40:56 2021]: >> Loading Bosses...    

[Print][Thu Nov 04 11:40:56 2021]: >> Scheduled Boss Spawn: Smaug in 7 hours, 56 minutes and 40 seconds    

[Print][Thu Nov 04 11:40:56 2021]: > Done in 0.01 seconds    

[Print][Thu Nov 04 11:40:56 2021]: >> Loading Highscores...    

[Print][Thu Nov 04 11:40:56 2021]: > Done in 0.00 seconds    

[Print][Thu Nov 04 11:40:56 2021]: >> Loading Ball Pillars...    

[Print][Thu Nov 04 11:40:56 2021]: > Done in 0.00 seconds    

[Print][Thu Nov 04 11:40:56 2021]: >> Loading Citizens...    

[Print][Thu Nov 04 11:40:57 2021]: > Done in 0.55 seconds    

[Print][Thu Nov 04 11:40:57 2021]: >> Loading Ranks...    

[Print][Thu Nov 04 11:40:57 2021]: > Done in 0.00 seconds    

[Print][Thu Nov 04 11:40:57 2021]: >> All done on Thu Nov 04 11:40:57 2021    

[Print][Thu Nov 04 11:44:12 2021]: >> Cleaning players online status...    

[Print][Thu Nov 04 11:44:12 2021]: > Done in 0.03 seconds    

[Print][Thu Nov 04 11:44:12 2021]: >> Loading PvP Arenas...    

[Print][Thu Nov 04 11:44:12 2021]: > Done in 0.00 seconds    

[Print][Thu Nov 04 11:44:12 2021]: >> Loading Caught Highscores...    

[Print][Thu Nov 04 11:44:12 2021]: > Done in 0.00 seconds    

[Print][Thu Nov 04 11:44:12 2021]: >> Loading Tournament Highscores...    

[Print][Thu Nov 04 11:44:12 2021]: > Done in 0.00 seconds    

[Print][Thu Nov 04 11:44:12 2021]: >> Loading Berry Trees...    

[Print][Thu Nov 04 11:44:13 2021]: > Done in 0.02 seconds    

[Print][Thu Nov 04 11:44:13 2021]: >> Cleaning Mastery Dungeons...    

[Print][Thu Nov 04 11:44:13 2021]: > Done in 0.00 seconds    

[Print][Thu Nov 04 11:44:13 2021]: >> Loading Bosses...    

[Print][Thu Nov 04 11:44:13 2021]: >> Scheduled Boss Spawn: Pink Fury in 11 hours, 2 minutes and 50 seconds    

[Print][Thu Nov 04 11:44:13 2021]: > Done in 0.01 seconds    

[Print][Thu Nov 04 11:44:13 2021]: >> Loading Highscores...    

[Print][Thu Nov 04 11:44:13 2021]: > Done in 0.00 seconds    

[Print][Thu Nov 04 11:44:13 2021]: >> Loading Ball Pillars...    

[Print][Thu Nov 04 11:44:13 2021]: > Done in 0.00 seconds    

[Print][Thu Nov 04 11:44:13 2021]: >> Loading Citizens...    

[Print][Thu Nov 04 11:44:13 2021]: > Done in 0.65 seconds    

[Print][Thu Nov 04 11:44:13 2021]: >> Loading Ranks...    

[Print][Thu Nov 04 11:44:13 2021]: > Done in 0.00 seconds    

[Print][Thu Nov 04 11:44:13 2021]: >> All done on Thu Nov 04 11:44:13 2021    

[Print][Thu Nov 04 15:15:17 2021]: >> Cleaning players online status...    

[Print][Thu Nov 04 15:15:17 2021]: > Done in 0.02 seconds    

[Print][Thu Nov 04 15:15:17 2021]: >> Loading PvP Arenas...    

[Print][Thu Nov 04 15:15:17 2021]: > Done in 0.00 seconds    

[Print][Thu Nov 04 15:15:17 2021]: >> Loading Caught Highscores...    

[Print][Thu Nov 04 15:15:17 2021]: > Done in 0.00 seconds    

[Print][Thu Nov 04 15:15:17 2021]: >> Loading Tournament Highscores...    

[Print][Thu Nov 04 15:15:17 2021]: > Done in 0.00 seconds    

[Print][Thu Nov 04 15:15:17 2021]: >> Loading Berry Trees...    

[Print][Thu Nov 04 15:15:17 2021]: > Done in 0.02 seconds    

[Print][Thu Nov 04 15:15:17 2021]: >> Cleaning Mastery Dungeons...    

[Print][Thu Nov 04 15:15:17 2021]: > Done in 0.00 seconds    

[Print][Thu Nov 04 15:15:17 2021]: >> Loading Bosses...    

[Print][Thu Nov 04 15:15:17 2021]: >> Scheduled Boss Spawn: DoomBoy in 8 hours, 59 minutes and 22 seconds    

[Print][Thu Nov 04 15:15:17 2021]: > Done in 0.01 seconds    

[Print][Thu Nov 04 15:15:17 2021]: >> Loading Highscores...    

[Print][Thu Nov 04 15:15:17 2021]: > Done in 0.00 seconds    

[Print][Thu Nov 04 15:15:17 2021]: >> Loading Ball Pillars...    

[Print][Thu Nov 04 15:15:17 2021]: > Done in 0.00 seconds    

[Print][Thu Nov 04 15:15:17 2021]: >> Loading Citizens...    

[Print][Thu Nov 04 15:15:18 2021]: > Done in 0.47 seconds    

[Print][Thu Nov 04 15:15:18 2021]: >> Loading Ranks...    

[Print][Thu Nov 04 15:15:18 2021]: > Done in 0.00 seconds    

[Print][Thu Nov 04 15:15:18 2021]: >> All done on Thu Nov 04 15:15:18 2021    

[Print][Thu Nov 04 16:45:29 2021]: >> Cleaning players online status...    

[Print][Thu Nov 04 16:45:29 2021]: > Done in 0.06 seconds    

[Print][Thu Nov 04 16:45:29 2021]: >> Loading PvP Arenas...    

[Print][Thu Nov 04 16:45:29 2021]: > Done in 0.00 seconds    

[Print][Thu Nov 04 16:45:29 2021]: >> Loading Caught Highscores...    

[Print][Thu Nov 04 16:45:29 2021]: > Done in 0.02 seconds    

[Print][Thu Nov 04 16:45:29 2021]: >> Loading Tournament Highscores...    

[Print][Thu Nov 04 16:45:30 2021]: > Done in 0.05 seconds    

[Print][Thu Nov 04 16:45:30 2021]: >> Loading Berry Trees...    

[Print][Thu Nov 04 16:45:30 2021]: > Done in 0.03 seconds    

[Print][Thu Nov 04 16:45:30 2021]: >> Cleaning Mastery Dungeons...    

[Print][Thu Nov 04 16:45:30 2021]: > Done in 0.00 seconds    

[Print][Thu Nov 04 16:45:30 2021]: >> Loading Bosses...    

[Print][Thu Nov 04 16:45:30 2021]: >> Scheduled Boss Spawn: Pink Fury in 11 hours, 25 minutes and 48 seconds    

[Print][Thu Nov 04 16:45:30 2021]: > Done in 0.01 seconds    

[Print][Thu Nov 04 16:45:30 2021]: >> Loading Highscores...    

[Print][Thu Nov 04 16:45:30 2021]: > Done in 0.00 seconds    

[Print][Thu Nov 04 16:45:30 2021]: >> Loading Ball Pillars...    

[Print][Thu Nov 04 16:45:30 2021]: > Done in 0.00 seconds    

[Print][Thu Nov 04 16:45:30 2021]: >> Loading Citizens...    

[Print][Thu Nov 04 16:45:31 2021]: > Done in 1.02 seconds    

[Print][Thu Nov 04 16:45:31 2021]: >> Loading Ranks...    

[Print][Thu Nov 04 16:45:31 2021]: > Done in 0.00 seconds    

[Print][Thu Nov 04 16:45:31 2021]: >> All done on Thu Nov 04 16:45:31 2021    

[Print][Thu Nov 04 17:01:36 2021]: 0    0    0    0    

[Print][Thu Nov 04 17:01:37 2021]: 0    0    0    0    

[Print][Thu Nov 04 17:01:39 2021]: 0    0    0    0    

[Print][Thu Nov 04 17:01:48 2021]: 0    0    0    0    

[Print][Thu Nov 04 17:01:52 2021]: 0    0    0    0    

[Print][Thu Nov 04 17:01:55 2021]: 0    0    0    0    

[Print][Thu Nov 04 17:03:13 2021]: 0    0    0    0    

[Print][Thu Nov 04 17:03:15 2021]: 0    0    0    0    

[Print][Thu Nov 04 17:03:19 2021]: 0    0    0    0    

[Print][Thu Nov 04 17:06:42 2021]: >> Cleaning players online status...    

[Print][Thu Nov 04 17:06:42 2021]: > Done in 0.06 seconds    

[Print][Thu Nov 04 17:06:42 2021]: >> Loading PvP Arenas...    

[Print][Thu Nov 04 17:06:42 2021]: > Done in 0.00 seconds    

[Print][Thu Nov 04 17:06:42 2021]: >> Loading Caught Highscores...    

[Print][Thu Nov 04 17:06:42 2021]: > Done in 0.00 seconds    

[Print][Thu Nov 04 17:06:42 2021]: >> Loading Tournament Highscores...    

[Print][Thu Nov 04 17:06:42 2021]: > Done in 0.00 seconds    

[Print][Thu Nov 04 17:06:42 2021]: >> Loading Berry Trees...    

[Print][Thu Nov 04 17:06:42 2021]: > Done in 0.01 seconds    

[Print][Thu Nov 04 17:06:42 2021]: >> Cleaning Mastery Dungeons...    

[Print][Thu Nov 04 17:06:42 2021]: > Done in 0.00 seconds    

[Print][Thu Nov 04 17:06:42 2021]: >> Loading Bosses...    

[Print][Thu Nov 04 17:06:42 2021]: >> Scheduled Boss Spawn: Blastertoise in 8 hours, 39 minutes and 17 seconds    

[Print][Thu Nov 04 17:06:42 2021]: > Done in 0.01 seconds    

[Print][Thu Nov 04 17:06:42 2021]: >> Loading Highscores...    

[Print][Thu Nov 04 17:06:42 2021]: > Done in 0.00 seconds    

[Print][Thu Nov 04 17:06:42 2021]: >> Loading Ball Pillars...    

[Print][Thu Nov 04 17:06:42 2021]: > Done in 0.02 seconds    

[Print][Thu Nov 04 17:06:42 2021]: >> Loading Citizens...    

[Print][Thu Nov 04 17:06:43 2021]: > Done in 0.52 seconds    

[Print][Thu Nov 04 17:06:43 2021]: >> Loading Ranks...    

[Print][Thu Nov 04 17:06:43 2021]: > Done in 0.00 seconds    

[Print][Thu Nov 04 17:06:43 2021]: >> All done on Thu Nov 04 17:06:43 2021    

