[Print][Thu Aug 19 00:00:59 2021]: >> Cleaning players online status...    

[Print][Thu Aug 19 00:00:59 2021]: > Done in 0.02 seconds    

[Print][Thu Aug 19 00:00:59 2021]: >> Loading PvP Arenas...    

[Print][Thu Aug 19 00:00:59 2021]: > Done in 0.00 seconds    

[Print][Thu Aug 19 00:00:59 2021]: >> Loading Caught Highscores...    

[Print][Thu Aug 19 00:00:59 2021]: > Done in 0.00 seconds    

[Print][Thu Aug 19 00:00:59 2021]: >> Loading Tournament Highscores...    

[Print][Thu Aug 19 00:00:59 2021]: > Done in 0.00 seconds    

[Print][Thu Aug 19 00:00:59 2021]: >> Loading Berry Trees...    

[Print][Thu Aug 19 00:00:59 2021]: > Done in 0.03 seconds    

[Print][Thu Aug 19 00:00:59 2021]: >> Cleaning Mastery Dungeons...    

[Print][Thu Aug 19 00:00:59 2021]: > Done in 0.00 seconds    

[Print][Thu Aug 19 00:00:59 2021]: >> Loading Bosses...    

[Print][Thu Aug 19 00:00:59 2021]: >> Scheduled Boss Spawn: Sweet Lover in 11 hours, 8 minutes and 49 seconds    

[Print][Thu Aug 19 00:00:59 2021]: > Done in 0.01 seconds    

[Print][Thu Aug 19 00:00:59 2021]: >> Loading Highscores...    

[Print][Thu Aug 19 00:00:59 2021]: > Done in 0.00 seconds    

[Print][Thu Aug 19 00:00:59 2021]: >> Loading Ball Pillars...    

[Print][Thu Aug 19 00:00:59 2021]: > Done in 0.01 seconds    

[Print][Thu Aug 19 00:00:59 2021]: >> Loading Citizens...    

[Print][Thu Aug 19 00:00:59 2021]: > Done in 0.39 seconds    

[Print][Thu Aug 19 00:00:59 2021]: >> Loading Ranks...    

[Print][Thu Aug 19 00:00:59 2021]: > Done in 0.00 seconds    

[Print][Thu Aug 19 00:00:59 2021]: >> All done on Thu Aug 19 00:00:59 2021    

