[Print][Sun Oct 10 09:50:40 2021]: >> Cleaning players online status...    

[Print][Sun Oct 10 09:50:40 2021]: > Done in 0.02 seconds    

[Print][Sun Oct 10 09:50:40 2021]: >> Loading PvP Arenas...    

[Print][Sun Oct 10 09:50:40 2021]: > Done in 0.02 seconds    

[Print][Sun Oct 10 09:50:40 2021]: >> Loading Caught Highscores...    

[Print][Sun Oct 10 09:50:40 2021]: > Done in 0.00 seconds    

[Print][Sun Oct 10 09:50:40 2021]: >> Loading Tournament Highscores...    

[Print][Sun Oct 10 09:50:40 2021]: > Done in 0.00 seconds    

[Print][Sun Oct 10 09:50:40 2021]: >> Loading Berry Trees...    

[Print][Sun Oct 10 09:50:40 2021]: > Done in 0.06 seconds    

[Print][Sun Oct 10 09:50:40 2021]: >> Cleaning Mastery Dungeons...    

[Print][Sun Oct 10 09:50:40 2021]: > Done in 0.00 seconds    

[Print][Sun Oct 10 09:50:40 2021]: >> Loading Bosses...    

[Print][Sun Oct 10 09:50:40 2021]: >> Scheduled Boss Spawn: Grisly Mind in 14 hours, 30 minutes and 8 seconds    

[Print][Sun Oct 10 09:50:40 2021]: > Done in 0.00 seconds    

[Print][Sun Oct 10 09:50:40 2021]: >> Loading Highscores...    

[Print][Sun Oct 10 09:50:40 2021]: > Done in 0.00 seconds    

[Print][Sun Oct 10 09:50:40 2021]: >> Loading Ball Pillars...    

[Print][Sun Oct 10 09:50:40 2021]: > Done in 0.02 seconds    

[Print][Sun Oct 10 09:50:40 2021]: >> Loading Citizens...    

[Print][Sun Oct 10 09:50:41 2021]: > Done in 0.86 seconds    

[Print][Sun Oct 10 09:50:41 2021]: >> Loading Ranks...    

[Print][Sun Oct 10 09:50:41 2021]: > Done in 0.00 seconds    

[Print][Sun Oct 10 09:50:41 2021]: >> All done on Sun Oct 10 09:50:41 2021    

[Print][Sun Oct 10 23:35:26 2021]: >> Cleaning players online status...    

[Print][Sun Oct 10 23:35:26 2021]: > Done in 0.04 seconds    

[Print][Sun Oct 10 23:35:26 2021]: >> Loading PvP Arenas...    

[Print][Sun Oct 10 23:35:26 2021]: > Done in 0.00 seconds    

[Print][Sun Oct 10 23:35:27 2021]: >> Loading Caught Highscores...    

[Print][Sun Oct 10 23:35:27 2021]: > Done in 0.00 seconds    

[Print][Sun Oct 10 23:35:27 2021]: >> Loading Tournament Highscores...    

[Print][Sun Oct 10 23:35:27 2021]: > Done in 0.00 seconds    

[Print][Sun Oct 10 23:35:27 2021]: >> Loading Berry Trees...    

[Print][Sun Oct 10 23:35:27 2021]: > Done in 0.04 seconds    

[Print][Sun Oct 10 23:35:27 2021]: >> Cleaning Mastery Dungeons...    

[Print][Sun Oct 10 23:35:27 2021]: > Done in 0.00 seconds    

[Print][Sun Oct 10 23:35:27 2021]: >> Loading Bosses...    

[Print][Sun Oct 10 23:35:27 2021]: >> Scheduled Boss Spawn: Pink Fury in 14 hours, 49 minutes and 15 seconds    

[Print][Sun Oct 10 23:35:27 2021]: > Done in 0.00 seconds    

[Print][Sun Oct 10 23:35:27 2021]: >> Loading Highscores...    

[Print][Sun Oct 10 23:35:27 2021]: > Done in 0.03 seconds    

[Print][Sun Oct 10 23:35:27 2021]: >> Loading Ball Pillars...    

[Print][Sun Oct 10 23:35:27 2021]: > Done in 0.01 seconds    

[Print][Sun Oct 10 23:35:27 2021]: >> Loading Citizens...    

[Print][Sun Oct 10 23:35:27 2021]: > Done in 0.47 seconds    

[Print][Sun Oct 10 23:35:27 2021]: >> Loading Ranks...    

[Print][Sun Oct 10 23:35:27 2021]: > Done in 0.00 seconds    

[Print][Sun Oct 10 23:35:27 2021]: >> All done on Sun Oct 10 23:35:27 2021    

