[Print][Tue Oct 19 17:58:20 2021]: >> Cleaning players online status...    

[Print][Tue Oct 19 17:58:20 2021]: > Done in 0.04 seconds    

[Print][Tue Oct 19 17:58:20 2021]: >> Loading PvP Arenas...    

[Print][Tue Oct 19 17:58:20 2021]: > Done in 0.01 seconds    

[Print][Tue Oct 19 17:58:20 2021]: >> Loading Caught Highscores...    

[Print][Tue Oct 19 17:58:20 2021]: > Done in 0.00 seconds    

[Print][Tue Oct 19 17:58:20 2021]: >> Loading Tournament Highscores...    

[Print][Tue Oct 19 17:58:20 2021]: > Done in 0.00 seconds    

[Print][Tue Oct 19 17:58:20 2021]: >> Loading Berry Trees...    

[Print][Tue Oct 19 17:58:20 2021]: > Done in 0.01 seconds    

[Print][Tue Oct 19 17:58:20 2021]: >> Cleaning Mastery Dungeons...    

[Print][Tue Oct 19 17:58:20 2021]: > Done in 0.00 seconds    

[Print][Tue Oct 19 17:58:20 2021]: >> Loading Bosses...    

[Print][Tue Oct 19 17:58:20 2021]: >> Scheduled Boss Spawn: Toby in 6 hours, 35 minutes and 9 seconds    

[Print][Tue Oct 19 17:58:20 2021]: > Done in 0.00 seconds    

[Print][Tue Oct 19 17:58:20 2021]: >> Loading Highscores...    

[Print][Tue Oct 19 17:58:20 2021]: > Done in 0.00 seconds    

[Print][Tue Oct 19 17:58:20 2021]: >> Loading Ball Pillars...    

[Print][Tue Oct 19 17:58:20 2021]: > Done in 0.02 seconds    

[Print][Tue Oct 19 17:58:20 2021]: >> Loading Citizens...    

[Print][Tue Oct 19 17:58:20 2021]: > Done in 0.47 seconds    

[Print][Tue Oct 19 17:58:20 2021]: >> Loading Ranks...    

[Print][Tue Oct 19 17:58:20 2021]: > Done in 0.00 seconds    

[Print][Tue Oct 19 17:58:20 2021]: >> All done on Tue Oct 19 17:58:20 2021    

[Print][Tue Oct 19 18:33:59 2021]: >> Cleaning players online status...    

[Print][Tue Oct 19 18:33:59 2021]: > Done in 0.04 seconds    

[Print][Tue Oct 19 18:33:59 2021]: >> Loading PvP Arenas...    

[Print][Tue Oct 19 18:33:59 2021]: > Done in 0.00 seconds    

[Print][Tue Oct 19 18:33:59 2021]: >> Loading Caught Highscores...    

[Print][Tue Oct 19 18:33:59 2021]: > Done in 0.00 seconds    

[Print][Tue Oct 19 18:33:59 2021]: >> Loading Tournament Highscores...    

[Print][Tue Oct 19 18:33:59 2021]: > Done in 0.00 seconds    

[Print][Tue Oct 19 18:33:59 2021]: >> Loading Berry Trees...    

[Print][Tue Oct 19 18:33:59 2021]: > Done in 0.01 seconds    

[Print][Tue Oct 19 18:33:59 2021]: >> Cleaning Mastery Dungeons...    

[Print][Tue Oct 19 18:33:59 2021]: > Done in 0.00 seconds    

[Print][Tue Oct 19 18:33:59 2021]: >> Loading Bosses...    

[Print][Tue Oct 19 18:33:59 2021]: >> Scheduled Boss Spawn: Mad Mum in 11 hours, 53 minutes and 41 seconds    

[Print][Tue Oct 19 18:33:59 2021]: > Done in 0.01 seconds    

[Print][Tue Oct 19 18:33:59 2021]: >> Loading Highscores...    

[Print][Tue Oct 19 18:33:59 2021]: > Done in 0.00 seconds    

[Print][Tue Oct 19 18:33:59 2021]: >> Loading Ball Pillars...    

[Print][Tue Oct 19 18:33:59 2021]: > Done in 0.01 seconds    

[Print][Tue Oct 19 18:33:59 2021]: >> Loading Citizens...    

[Print][Tue Oct 19 18:33:59 2021]: > Done in 0.67 seconds    

[Print][Tue Oct 19 18:33:59 2021]: >> Loading Ranks...    

[Print][Tue Oct 19 18:33:59 2021]: > Done in 0.00 seconds    

[Print][Tue Oct 19 18:33:59 2021]: >> All done on Tue Oct 19 18:33:59 2021    

[Print][Tue Oct 19 18:43:06 2021]: >> Cleaning players online status...    

[Print][Tue Oct 19 18:43:06 2021]: > Done in 0.03 seconds    

[Print][Tue Oct 19 18:43:06 2021]: >> Loading PvP Arenas...    

[Print][Tue Oct 19 18:43:06 2021]: > Done in 0.00 seconds    

[Print][Tue Oct 19 18:43:06 2021]: >> Loading Caught Highscores...    

[Print][Tue Oct 19 18:43:06 2021]: > Done in 0.00 seconds    

[Print][Tue Oct 19 18:43:06 2021]: >> Loading Tournament Highscores...    

[Print][Tue Oct 19 18:43:06 2021]: > Done in 0.00 seconds    

[Print][Tue Oct 19 18:43:06 2021]: >> Loading Berry Trees...    

[Print][Tue Oct 19 18:43:06 2021]: > Done in 0.01 seconds    

[Print][Tue Oct 19 18:43:06 2021]: >> Cleaning Mastery Dungeons...    

[Print][Tue Oct 19 18:43:06 2021]: > Done in 0.00 seconds    

[Print][Tue Oct 19 18:43:06 2021]: >> Loading Bosses...    

[Print][Tue Oct 19 18:43:06 2021]: >> Scheduled Boss Spawn: Phyllo Terribil in 9 hours, 11 minutes and 50 seconds    

[Print][Tue Oct 19 18:43:06 2021]: > Done in 0.01 seconds    

[Print][Tue Oct 19 18:43:06 2021]: >> Loading Highscores...    

[Print][Tue Oct 19 18:43:06 2021]: > Done in 0.00 seconds    

[Print][Tue Oct 19 18:43:06 2021]: >> Loading Ball Pillars...    

[Print][Tue Oct 19 18:43:06 2021]: > Done in 0.00 seconds    

[Print][Tue Oct 19 18:43:06 2021]: >> Loading Citizens...    

[Print][Tue Oct 19 18:43:06 2021]: > Done in 0.44 seconds    

[Print][Tue Oct 19 18:43:06 2021]: >> Loading Ranks...    

[Print][Tue Oct 19 18:43:06 2021]: > Done in 0.00 seconds    

[Print][Tue Oct 19 18:43:06 2021]: >> All done on Tue Oct 19 18:43:06 2021    

[Print][Tue Oct 19 18:52:01 2021]: deuboaqui    

[Print][Tue Oct 19 18:57:38 2021]: >> Cleaning players online status...    

[Print][Tue Oct 19 18:57:38 2021]: > Done in 0.05 seconds    

[Print][Tue Oct 19 18:57:38 2021]: >> Loading PvP Arenas...    

[Print][Tue Oct 19 18:57:38 2021]: > Done in 0.00 seconds    

[Print][Tue Oct 19 18:57:38 2021]: >> Loading Caught Highscores...    

[Print][Tue Oct 19 18:57:38 2021]: > Done in 0.00 seconds    

[Print][Tue Oct 19 18:57:38 2021]: >> Loading Tournament Highscores...    

[Print][Tue Oct 19 18:57:38 2021]: > Done in 0.00 seconds    

[Print][Tue Oct 19 18:57:38 2021]: >> Loading Berry Trees...    

[Print][Tue Oct 19 18:57:38 2021]: > Done in 0.02 seconds    

[Print][Tue Oct 19 18:57:38 2021]: >> Cleaning Mastery Dungeons...    

[Print][Tue Oct 19 18:57:38 2021]: > Done in 0.00 seconds    

[Print][Tue Oct 19 18:57:38 2021]: >> Loading Bosses...    

[Print][Tue Oct 19 18:57:38 2021]: >> Scheduled Boss Spawn: The A. Mesmer in 12 hours, 10 minutes and 46 seconds    

[Print][Tue Oct 19 18:57:38 2021]: > Done in 0.01 seconds    

[Print][Tue Oct 19 18:57:38 2021]: >> Loading Highscores...    

[Print][Tue Oct 19 18:57:38 2021]: > Done in 0.00 seconds    

[Print][Tue Oct 19 18:57:38 2021]: >> Loading Ball Pillars...    

[Print][Tue Oct 19 18:57:38 2021]: > Done in 0.00 seconds    

[Print][Tue Oct 19 18:57:38 2021]: >> Loading Citizens...    

[Print][Tue Oct 19 18:57:39 2021]: > Done in 0.53 seconds    

[Print][Tue Oct 19 18:57:39 2021]: >> Loading Ranks...    

[Print][Tue Oct 19 18:57:39 2021]: > Done in 0.00 seconds    

[Print][Tue Oct 19 18:57:39 2021]: >> All done on Tue Oct 19 18:57:39 2021    

[Print][Tue Oct 19 19:28:26 2021]: >> Cleaning players online status...    

[Print][Tue Oct 19 19:28:26 2021]: > Done in 0.03 seconds    

[Print][Tue Oct 19 19:28:26 2021]: >> Loading PvP Arenas...    

[Print][Tue Oct 19 19:28:26 2021]: > Done in 0.00 seconds    

[Print][Tue Oct 19 19:28:26 2021]: >> Loading Caught Highscores...    

[Print][Tue Oct 19 19:28:26 2021]: > Done in 0.01 seconds    

[Print][Tue Oct 19 19:28:26 2021]: >> Loading Tournament Highscores...    

[Print][Tue Oct 19 19:28:26 2021]: > Done in 0.00 seconds    

[Print][Tue Oct 19 19:28:26 2021]: >> Loading Berry Trees...    

[Print][Tue Oct 19 19:28:26 2021]: > Done in 0.02 seconds    

[Print][Tue Oct 19 19:28:26 2021]: >> Cleaning Mastery Dungeons...    

[Print][Tue Oct 19 19:28:26 2021]: > Done in 0.00 seconds    

[Print][Tue Oct 19 19:28:26 2021]: >> Loading Bosses...    

[Print][Tue Oct 19 19:28:26 2021]: >> Scheduled Boss Spawn: King Panlong in 8 hours, 32 minutes and 32 seconds    

[Print][Tue Oct 19 19:28:26 2021]: > Done in 0.01 seconds    

[Print][Tue Oct 19 19:28:26 2021]: >> Loading Highscores...    

[Print][Tue Oct 19 19:28:26 2021]: > Done in 0.00 seconds    

[Print][Tue Oct 19 19:28:26 2021]: >> Loading Ball Pillars...    

[Print][Tue Oct 19 19:28:26 2021]: > Done in 0.00 seconds    

[Print][Tue Oct 19 19:28:26 2021]: >> Loading Citizens...    

[Print][Tue Oct 19 19:28:27 2021]: > Done in 0.43 seconds    

[Print][Tue Oct 19 19:28:27 2021]: >> Loading Ranks...    

[Print][Tue Oct 19 19:28:27 2021]: > Done in 0.00 seconds    

[Print][Tue Oct 19 19:28:27 2021]: >> All done on Tue Oct 19 19:28:27 2021    

[Print][Tue Oct 19 19:37:31 2021]: >> Cleaning players online status...    

[Print][Tue Oct 19 19:37:31 2021]: > Done in 0.32 seconds    

[Print][Tue Oct 19 19:37:31 2021]: >> Loading PvP Arenas...    

[Print][Tue Oct 19 19:37:31 2021]: > Done in 0.00 seconds    

[Print][Tue Oct 19 19:37:31 2021]: >> Loading Caught Highscores...    

[Print][Tue Oct 19 19:37:31 2021]: > Done in 0.00 seconds    

[Print][Tue Oct 19 19:37:31 2021]: >> Loading Tournament Highscores...    

[Print][Tue Oct 19 19:37:31 2021]: > Done in 0.00 seconds    

[Print][Tue Oct 19 19:37:31 2021]: >> Loading Berry Trees...    

[Print][Tue Oct 19 19:37:31 2021]: > Done in 0.02 seconds    

[Print][Tue Oct 19 19:37:31 2021]: >> Cleaning Mastery Dungeons...    

[Print][Tue Oct 19 19:37:31 2021]: > Done in 0.00 seconds    

[Print][Tue Oct 19 19:37:31 2021]: >> Loading Bosses...    

[Print][Tue Oct 19 19:37:31 2021]: >> Scheduled Boss Spawn: Winged Wisdom in 5 hours, 16 minutes and 21 seconds    

[Print][Tue Oct 19 19:37:31 2021]: > Done in 0.00 seconds    

[Print][Tue Oct 19 19:37:31 2021]: >> Loading Highscores...    

[Print][Tue Oct 19 19:37:31 2021]: > Done in 0.00 seconds    

[Print][Tue Oct 19 19:37:31 2021]: >> Loading Ball Pillars...    

[Print][Tue Oct 19 19:37:31 2021]: > Done in 0.00 seconds    

[Print][Tue Oct 19 19:37:31 2021]: >> Loading Citizens...    

[Print][Tue Oct 19 19:37:32 2021]: > Done in 0.50 seconds    

[Print][Tue Oct 19 19:37:32 2021]: >> Loading Ranks...    

[Print][Tue Oct 19 19:37:32 2021]: > Done in 0.00 seconds    

[Print][Tue Oct 19 19:37:32 2021]: >> All done on Tue Oct 19 19:37:32 2021    

[Print][Tue Oct 19 19:39:44 2021]: >> Cleaning players online status...    

[Print][Tue Oct 19 19:39:45 2021]: > Done in 0.20 seconds    

[Print][Tue Oct 19 19:39:45 2021]: >> Loading PvP Arenas...    

[Print][Tue Oct 19 19:39:45 2021]: > Done in 0.00 seconds    

[Print][Tue Oct 19 19:39:45 2021]: >> Loading Caught Highscores...    

[Print][Tue Oct 19 19:39:45 2021]: > Done in 0.00 seconds    

[Print][Tue Oct 19 19:39:45 2021]: >> Loading Tournament Highscores...    

[Print][Tue Oct 19 19:39:45 2021]: > Done in 0.00 seconds    

[Print][Tue Oct 19 19:39:45 2021]: >> Loading Berry Trees...    

[Print][Tue Oct 19 19:39:45 2021]: > Done in 0.00 seconds    

[Print][Tue Oct 19 19:39:45 2021]: >> Cleaning Mastery Dungeons...    

[Print][Tue Oct 19 19:39:45 2021]: > Done in 0.00 seconds    

[Print][Tue Oct 19 19:39:45 2021]: >> Loading Bosses...    

[Print][Tue Oct 19 19:39:45 2021]: >> Scheduled Boss Spawn: Blastertoise in 8 hours, 31 minutes and 43 seconds    

[Print][Tue Oct 19 19:39:45 2021]: > Done in 0.01 seconds    

[Print][Tue Oct 19 19:39:45 2021]: >> Loading Highscores...    

[Print][Tue Oct 19 19:39:45 2021]: > Done in 0.00 seconds    

[Print][Tue Oct 19 19:39:45 2021]: >> Loading Ball Pillars...    

[Print][Tue Oct 19 19:39:45 2021]: > Done in 0.00 seconds    

[Print][Tue Oct 19 19:39:45 2021]: >> Loading Citizens...    

[Print][Tue Oct 19 19:39:45 2021]: > Done in 0.48 seconds    

[Print][Tue Oct 19 19:39:45 2021]: >> Loading Ranks...    

[Print][Tue Oct 19 19:39:45 2021]: > Done in 0.00 seconds    

[Print][Tue Oct 19 19:39:45 2021]: >> All done on Tue Oct 19 19:39:45 2021    

[Print][Tue Oct 19 19:53:32 2021]: >> Cleaning players online status...    

[Print][Tue Oct 19 19:53:33 2021]: > Done in 0.16 seconds    

[Print][Tue Oct 19 19:53:33 2021]: >> Loading PvP Arenas...    

[Print][Tue Oct 19 19:53:33 2021]: > Done in 0.00 seconds    

[Print][Tue Oct 19 19:53:33 2021]: >> Loading Caught Highscores...    

[Print][Tue Oct 19 19:53:33 2021]: > Done in 0.00 seconds    

[Print][Tue Oct 19 19:53:33 2021]: >> Loading Tournament Highscores...    

[Print][Tue Oct 19 19:53:33 2021]: > Done in 0.00 seconds    

[Print][Tue Oct 19 19:53:33 2021]: >> Loading Berry Trees...    

[Print][Tue Oct 19 19:53:33 2021]: > Done in 0.03 seconds    

[Print][Tue Oct 19 19:53:33 2021]: >> Cleaning Mastery Dungeons...    

[Print][Tue Oct 19 19:53:33 2021]: > Done in 0.00 seconds    

[Print][Tue Oct 19 19:53:33 2021]: >> Loading Bosses...    

[Print][Tue Oct 19 19:53:33 2021]: >> Scheduled Boss Spawn: The Turbo in 5 hours, 24 minutes and 10 seconds    

[Print][Tue Oct 19 19:53:33 2021]: > Done in 0.01 seconds    

[Print][Tue Oct 19 19:53:33 2021]: >> Loading Highscores...    

[Print][Tue Oct 19 19:53:33 2021]: > Done in 0.00 seconds    

[Print][Tue Oct 19 19:53:33 2021]: >> Loading Ball Pillars...    

[Print][Tue Oct 19 19:53:33 2021]: > Done in 0.01 seconds    

[Print][Tue Oct 19 19:53:33 2021]: >> Loading Citizens...    

[Print][Tue Oct 19 19:53:34 2021]: > Done in 0.76 seconds    

[Print][Tue Oct 19 19:53:34 2021]: >> Loading Ranks...    

[Print][Tue Oct 19 19:53:34 2021]: > Done in 0.00 seconds    

[Print][Tue Oct 19 19:53:34 2021]: >> All done on Tue Oct 19 19:53:34 2021    

[Print][Tue Oct 19 20:13:53 2021]: >> Cleaning players online status...    

[Print][Tue Oct 19 20:13:53 2021]: > Done in 0.03 seconds    

[Print][Tue Oct 19 20:13:53 2021]: >> Loading PvP Arenas...    

[Print][Tue Oct 19 20:13:53 2021]: > Done in 0.00 seconds    

[Print][Tue Oct 19 20:13:53 2021]: >> Loading Caught Highscores...    

[Print][Tue Oct 19 20:13:53 2021]: > Done in 0.00 seconds    

[Print][Tue Oct 19 20:13:53 2021]: >> Loading Tournament Highscores...    

[Print][Tue Oct 19 20:13:53 2021]: > Done in 0.02 seconds    

[Print][Tue Oct 19 20:13:53 2021]: >> Loading Berry Trees...    

[Print][Tue Oct 19 20:13:53 2021]: > Done in 0.02 seconds    

[Print][Tue Oct 19 20:13:53 2021]: >> Cleaning Mastery Dungeons...    

[Print][Tue Oct 19 20:13:53 2021]: > Done in 0.00 seconds    

[Print][Tue Oct 19 20:13:53 2021]: >> Loading Bosses...    

[Print][Tue Oct 19 20:13:53 2021]: >> Scheduled Boss Spawn: Smaug in 14 hours, 13 minutes and 31 seconds    

[Print][Tue Oct 19 20:13:53 2021]: > Done in 0.01 seconds    

[Print][Tue Oct 19 20:13:53 2021]: >> Loading Highscores...    

[Print][Tue Oct 19 20:13:53 2021]: > Done in 0.00 seconds    

[Print][Tue Oct 19 20:13:53 2021]: >> Loading Ball Pillars...    

[Print][Tue Oct 19 20:13:53 2021]: > Done in 0.00 seconds    

[Print][Tue Oct 19 20:13:53 2021]: >> Loading Citizens...    

[Print][Tue Oct 19 20:13:54 2021]: > Done in 0.42 seconds    

[Print][Tue Oct 19 20:13:54 2021]: >> Loading Ranks...    

[Print][Tue Oct 19 20:13:54 2021]: > Done in 0.00 seconds    

[Print][Tue Oct 19 20:13:54 2021]: >> All done on Tue Oct 19 20:13:54 2021    

[Print][Tue Oct 19 20:15:46 2021]: >> Cleaning players online status...    

[Print][Tue Oct 19 20:15:46 2021]: > Done in 0.02 seconds    

[Print][Tue Oct 19 20:15:46 2021]: >> Loading PvP Arenas...    

[Print][Tue Oct 19 20:15:46 2021]: > Done in 0.00 seconds    

[Print][Tue Oct 19 20:15:46 2021]: >> Loading Caught Highscores...    

[Print][Tue Oct 19 20:15:46 2021]: > Done in 0.00 seconds    

[Print][Tue Oct 19 20:15:46 2021]: >> Loading Tournament Highscores...    

[Print][Tue Oct 19 20:15:46 2021]: > Done in 0.00 seconds    

[Print][Tue Oct 19 20:15:46 2021]: >> Loading Berry Trees...    

[Print][Tue Oct 19 20:15:46 2021]: > Done in 0.01 seconds    

[Print][Tue Oct 19 20:15:46 2021]: >> Cleaning Mastery Dungeons...    

[Print][Tue Oct 19 20:15:46 2021]: > Done in 0.00 seconds    

[Print][Tue Oct 19 20:15:46 2021]: >> Loading Bosses...    

[Print][Tue Oct 19 20:15:46 2021]: >> Scheduled Boss Spawn: The A. Mesmer in 5 hours, 50 minutes and 44 seconds    

[Print][Tue Oct 19 20:15:46 2021]: > Done in 0.01 seconds    

[Print][Tue Oct 19 20:15:46 2021]: >> Loading Highscores...    

[Print][Tue Oct 19 20:15:46 2021]: > Done in 0.00 seconds    

[Print][Tue Oct 19 20:15:46 2021]: >> Loading Ball Pillars...    

[Print][Tue Oct 19 20:15:46 2021]: > Done in 0.01 seconds    

[Print][Tue Oct 19 20:15:46 2021]: >> Loading Citizens...    

[Print][Tue Oct 19 20:15:47 2021]: > Done in 0.46 seconds    

[Print][Tue Oct 19 20:15:47 2021]: >> Loading Ranks...    

[Print][Tue Oct 19 20:15:47 2021]: > Done in 0.00 seconds    

[Print][Tue Oct 19 20:15:47 2021]: >> All done on Tue Oct 19 20:15:47 2021    

[Print][Tue Oct 19 20:16:58 2021]: >> Cleaning players online status...    

[Print][Tue Oct 19 20:16:58 2021]: > Done in 0.03 seconds    

[Print][Tue Oct 19 20:16:58 2021]: >> Loading PvP Arenas...    

[Print][Tue Oct 19 20:16:58 2021]: > Done in 0.00 seconds    

[Print][Tue Oct 19 20:16:58 2021]: >> Loading Caught Highscores...    

[Print][Tue Oct 19 20:16:58 2021]: > Done in 0.00 seconds    

[Print][Tue Oct 19 20:16:58 2021]: >> Loading Tournament Highscores...    

[Print][Tue Oct 19 20:16:58 2021]: > Done in 0.00 seconds    

[Print][Tue Oct 19 20:16:58 2021]: >> Loading Berry Trees...    

[Print][Tue Oct 19 20:16:58 2021]: > Done in 0.01 seconds    

[Print][Tue Oct 19 20:16:58 2021]: >> Cleaning Mastery Dungeons...    

[Print][Tue Oct 19 20:16:58 2021]: > Done in 0.00 seconds    

[Print][Tue Oct 19 20:16:58 2021]: >> Loading Bosses...    

[Print][Tue Oct 19 20:16:58 2021]: >> Scheduled Boss Spawn: Mad Mum in 10 hours, 19 minutes and 2 seconds    

[Print][Tue Oct 19 20:16:58 2021]: > Done in 0.01 seconds    

[Print][Tue Oct 19 20:16:58 2021]: >> Loading Highscores...    

[Print][Tue Oct 19 20:16:58 2021]: > Done in 0.00 seconds    

[Print][Tue Oct 19 20:16:58 2021]: >> Loading Ball Pillars...    

[Print][Tue Oct 19 20:16:58 2021]: > Done in 0.00 seconds    

[Print][Tue Oct 19 20:16:58 2021]: >> Loading Citizens...    

[Print][Tue Oct 19 20:16:58 2021]: > Done in 0.50 seconds    

[Print][Tue Oct 19 20:16:58 2021]: >> Loading Ranks...    

[Print][Tue Oct 19 20:16:58 2021]: > Done in 0.00 seconds    

[Print][Tue Oct 19 20:16:58 2021]: >> All done on Tue Oct 19 20:16:58 2021    

[Print][Tue Oct 19 22:05:37 2021]: >> Cleaning players online status...    

[Print][Tue Oct 19 22:05:37 2021]: > Done in 0.03 seconds    

[Print][Tue Oct 19 22:05:37 2021]: >> Loading PvP Arenas...    

[Print][Tue Oct 19 22:05:37 2021]: > Done in 0.00 seconds    

[Print][Tue Oct 19 22:05:37 2021]: >> Loading Caught Highscores...    

[Print][Tue Oct 19 22:05:37 2021]: > Done in 0.00 seconds    

[Print][Tue Oct 19 22:05:37 2021]: >> Loading Tournament Highscores...    

[Print][Tue Oct 19 22:05:37 2021]: > Done in 0.00 seconds    

[Print][Tue Oct 19 22:05:37 2021]: >> Loading Berry Trees...    

[Print][Tue Oct 19 22:05:37 2021]: > Done in 0.05 seconds    

[Print][Tue Oct 19 22:05:37 2021]: >> Cleaning Mastery Dungeons...    

[Print][Tue Oct 19 22:05:37 2021]: > Done in 0.00 seconds    

[Print][Tue Oct 19 22:05:37 2021]: >> Loading Bosses...    

[Print][Tue Oct 19 22:05:37 2021]: >> Scheduled Boss Spawn: Mr. Gormandize in 8 hours, 30 minutes and 48 seconds    

[Print][Tue Oct 19 22:05:37 2021]: > Done in 0.01 seconds    

[Print][Tue Oct 19 22:05:37 2021]: >> Loading Highscores...    

[Print][Tue Oct 19 22:05:37 2021]: > Done in 0.00 seconds    

[Print][Tue Oct 19 22:05:37 2021]: >> Loading Ball Pillars...    

[Print][Tue Oct 19 22:05:37 2021]: > Done in 0.00 seconds    

[Print][Tue Oct 19 22:05:37 2021]: >> Loading Citizens...    

[Print][Tue Oct 19 22:05:38 2021]: > Done in 0.48 seconds    

[Print][Tue Oct 19 22:05:38 2021]: >> Loading Ranks...    

[Print][Tue Oct 19 22:05:38 2021]: > Done in 0.00 seconds    

[Print][Tue Oct 19 22:05:38 2021]: >> All done on Tue Oct 19 22:05:38 2021    

