[Print][Wed Aug 18 09:11:33 2021]: >> Cleaning players online status...    

[Print][Wed Aug 18 09:11:33 2021]: > Done in 0.04 seconds    

[Print][Wed Aug 18 09:11:33 2021]: >> Loading PvP Arenas...    

[Print][Wed Aug 18 09:11:33 2021]: > Done in 0.00 seconds    

[Print][Wed Aug 18 09:11:33 2021]: >> Loading Caught Highscores...    

[Print][Wed Aug 18 09:11:33 2021]: > Done in 0.00 seconds    

[Print][Wed Aug 18 09:11:33 2021]: >> Loading Tournament Highscores...    

[Print][Wed Aug 18 09:11:33 2021]: > Done in 0.00 seconds    

[Print][Wed Aug 18 09:11:33 2021]: >> Loading Berry Trees...    

[Print][Wed Aug 18 09:11:33 2021]: > Done in 0.06 seconds    

[Print][Wed Aug 18 09:11:33 2021]: >> Cleaning Mastery Dungeons...    

[Print][Wed Aug 18 09:11:33 2021]: > Done in 0.00 seconds    

[Print][Wed Aug 18 09:11:33 2021]: >> Loading Bosses...    

[Print][Wed Aug 18 09:11:33 2021]: >> Scheduled Boss Spawn: Sweet Lover in 9 hours, 51 minutes and 58 seconds    

[Print][Wed Aug 18 09:11:33 2021]: > Done in 0.00 seconds    

[Print][Wed Aug 18 09:11:33 2021]: >> Loading Highscores...    

[Print][Wed Aug 18 09:11:33 2021]: > Done in 0.00 seconds    

[Print][Wed Aug 18 09:11:33 2021]: >> Loading Ball Pillars...    

[Print][Wed Aug 18 09:11:33 2021]: > Done in 0.02 seconds    

[Print][Wed Aug 18 09:11:33 2021]: >> Loading Citizens...    

[Print][Wed Aug 18 09:11:34 2021]: > Done in 0.76 seconds    

[Print][Wed Aug 18 09:11:34 2021]: >> Loading Ranks...    

[Print][Wed Aug 18 09:11:34 2021]: > Done in 0.00 seconds    

[Print][Wed Aug 18 09:11:34 2021]: >> All done on Wed Aug 18 09:11:34 2021    

[Print][Wed Aug 18 09:33:42 2021]: >> Cleaning players online status...    

[Print][Wed Aug 18 09:33:42 2021]: > Done in 0.03 seconds    

[Print][Wed Aug 18 09:33:42 2021]: >> Loading PvP Arenas...    

[Print][Wed Aug 18 09:33:42 2021]: > Done in 0.00 seconds    

[Print][Wed Aug 18 09:33:42 2021]: >> Loading Caught Highscores...    

[Print][Wed Aug 18 09:33:42 2021]: > Done in 0.00 seconds    

[Print][Wed Aug 18 09:33:42 2021]: >> Loading Tournament Highscores...    

[Print][Wed Aug 18 09:33:42 2021]: > Done in 0.00 seconds    

[Print][Wed Aug 18 09:33:42 2021]: >> Loading Berry Trees...    

[Print][Wed Aug 18 09:33:42 2021]: > Done in 0.01 seconds    

[Print][Wed Aug 18 09:33:42 2021]: >> Cleaning Mastery Dungeons...    

[Print][Wed Aug 18 09:33:42 2021]: > Done in 0.00 seconds    

[Print][Wed Aug 18 09:33:42 2021]: >> Loading Bosses...    

[Print][Wed Aug 18 09:33:42 2021]: >> Scheduled Boss Spawn: Toby in 13 hours, 36 minutes and 26 seconds    

[Print][Wed Aug 18 09:33:42 2021]: > Done in 0.03 seconds    

[Print][Wed Aug 18 09:33:42 2021]: >> Loading Highscores...    

[Print][Wed Aug 18 09:33:42 2021]: > Done in 0.00 seconds    

[Print][Wed Aug 18 09:33:42 2021]: >> Loading Ball Pillars...    

[Print][Wed Aug 18 09:33:42 2021]: > Done in 0.01 seconds    

[Print][Wed Aug 18 09:33:42 2021]: >> Loading Citizens...    

[Print][Wed Aug 18 09:33:43 2021]: > Done in 0.36 seconds    

[Print][Wed Aug 18 09:33:43 2021]: >> Loading Ranks...    

[Print][Wed Aug 18 09:33:43 2021]: > Done in 0.00 seconds    

[Print][Wed Aug 18 09:33:43 2021]: >> All done on Wed Aug 18 09:33:43 2021    

[Print][Wed Aug 18 10:14:27 2021]: >> Cleaning players online status...    

[Print][Wed Aug 18 10:14:27 2021]: > Done in 0.03 seconds    

[Print][Wed Aug 18 10:14:27 2021]: >> Loading PvP Arenas...    

[Print][Wed Aug 18 10:14:27 2021]: > Done in 0.00 seconds    

[Print][Wed Aug 18 10:14:27 2021]: >> Loading Caught Highscores...    

[Print][Wed Aug 18 10:14:27 2021]: > Done in 0.00 seconds    

[Print][Wed Aug 18 10:14:27 2021]: >> Loading Tournament Highscores...    

[Print][Wed Aug 18 10:14:27 2021]: > Done in 0.00 seconds    

[Print][Wed Aug 18 10:14:27 2021]: >> Loading Berry Trees...    

[Print][Wed Aug 18 10:14:27 2021]: > Done in 0.01 seconds    

[Print][Wed Aug 18 10:14:27 2021]: >> Cleaning Mastery Dungeons...    

[Print][Wed Aug 18 10:14:27 2021]: > Done in 0.00 seconds    

[Print][Wed Aug 18 10:14:27 2021]: >> Loading Bosses...    

[Print][Wed Aug 18 10:14:27 2021]: >> Scheduled Boss Spawn: Kirby in 14 hours, 10 minutes and 57 seconds    

[Print][Wed Aug 18 10:14:27 2021]: > Done in 0.00 seconds    

[Print][Wed Aug 18 10:14:27 2021]: >> Loading Highscores...    

[Print][Wed Aug 18 10:14:27 2021]: > Done in 0.00 seconds    

[Print][Wed Aug 18 10:14:27 2021]: >> Loading Ball Pillars...    

[Print][Wed Aug 18 10:14:27 2021]: > Done in 0.00 seconds    

[Print][Wed Aug 18 10:14:27 2021]: >> Loading Citizens...    

[Print][Wed Aug 18 10:14:28 2021]: > Done in 0.41 seconds    

[Print][Wed Aug 18 10:14:28 2021]: >> Loading Ranks...    

[Print][Wed Aug 18 10:14:28 2021]: > Done in 0.00 seconds    

[Print][Wed Aug 18 10:14:28 2021]: >> All done on Wed Aug 18 10:14:28 2021    

[Print][Wed Aug 18 10:56:17 2021]: >> Cleaning players online status...    

[Print][Wed Aug 18 10:56:17 2021]: > Done in 0.02 seconds    

[Print][Wed Aug 18 10:56:17 2021]: >> Loading PvP Arenas...    

[Print][Wed Aug 18 10:56:17 2021]: > Done in 0.00 seconds    

[Print][Wed Aug 18 10:56:17 2021]: >> Loading Caught Highscores...    

[Print][Wed Aug 18 10:56:17 2021]: > Done in 0.00 seconds    

[Print][Wed Aug 18 10:56:17 2021]: >> Loading Tournament Highscores...    

[Print][Wed Aug 18 10:56:17 2021]: > Done in 0.00 seconds    

[Print][Wed Aug 18 10:56:17 2021]: >> Loading Berry Trees...    

[Print][Wed Aug 18 10:56:17 2021]: > Done in 0.01 seconds    

[Print][Wed Aug 18 10:56:17 2021]: >> Cleaning Mastery Dungeons...    

[Print][Wed Aug 18 10:56:17 2021]: > Done in 0.00 seconds    

[Print][Wed Aug 18 10:56:17 2021]: >> Loading Bosses...    

[Print][Wed Aug 18 10:56:17 2021]: >> Scheduled Boss Spawn: Smaug in 8 hours, 34 minutes and 29 seconds    

[Print][Wed Aug 18 10:56:17 2021]: > Done in 0.00 seconds    

[Print][Wed Aug 18 10:56:17 2021]: >> Loading Highscores...    

[Print][Wed Aug 18 10:56:17 2021]: > Done in 0.00 seconds    

[Print][Wed Aug 18 10:56:17 2021]: >> Loading Ball Pillars...    

[Print][Wed Aug 18 10:56:17 2021]: > Done in 0.00 seconds    

[Print][Wed Aug 18 10:56:17 2021]: >> Loading Citizens...    

[Print][Wed Aug 18 10:56:17 2021]: > Done in 0.37 seconds    

[Print][Wed Aug 18 10:56:17 2021]: >> Loading Ranks...    

[Print][Wed Aug 18 10:56:17 2021]: > Done in 0.00 seconds    

[Print][Wed Aug 18 10:56:17 2021]: >> All done on Wed Aug 18 10:56:17 2021    

[Print][Wed Aug 18 10:59:45 2021]: >> Cleaning players online status...    

[Print][Wed Aug 18 10:59:45 2021]: > Done in 0.03 seconds    

[Print][Wed Aug 18 10:59:45 2021]: >> Loading PvP Arenas...    

[Print][Wed Aug 18 10:59:45 2021]: > Done in 0.00 seconds    

[Print][Wed Aug 18 10:59:45 2021]: >> Loading Caught Highscores...    

[Print][Wed Aug 18 10:59:45 2021]: > Done in 0.00 seconds    

[Print][Wed Aug 18 10:59:45 2021]: >> Loading Tournament Highscores...    

[Print][Wed Aug 18 10:59:45 2021]: > Done in 0.00 seconds    

[Print][Wed Aug 18 10:59:45 2021]: >> Loading Berry Trees...    

[Print][Wed Aug 18 10:59:45 2021]: > Done in 0.02 seconds    

[Print][Wed Aug 18 10:59:45 2021]: >> Cleaning Mastery Dungeons...    

[Print][Wed Aug 18 10:59:45 2021]: > Done in 0.00 seconds    

[Print][Wed Aug 18 10:59:45 2021]: >> Loading Bosses...    

[Print][Wed Aug 18 10:59:45 2021]: >> Scheduled Boss Spawn: Mr. Gormandize in 15 hours, 39 minutes and 35 seconds    

[Print][Wed Aug 18 10:59:45 2021]: > Done in 0.00 seconds    

[Print][Wed Aug 18 10:59:45 2021]: >> Loading Highscores...    

[Print][Wed Aug 18 10:59:45 2021]: > Done in 0.00 seconds    

[Print][Wed Aug 18 10:59:45 2021]: >> Loading Ball Pillars...    

[Print][Wed Aug 18 10:59:45 2021]: > Done in 0.00 seconds    

[Print][Wed Aug 18 10:59:45 2021]: >> Loading Citizens...    

[Print][Wed Aug 18 10:59:45 2021]: > Done in 0.42 seconds    

[Print][Wed Aug 18 10:59:45 2021]: >> Loading Ranks...    

[Print][Wed Aug 18 10:59:45 2021]: > Done in 0.00 seconds    

[Print][Wed Aug 18 10:59:45 2021]: >> All done on Wed Aug 18 10:59:45 2021    

