[Print][Wed Sep 29 20:14:03 2021]: >> Cleaning players online status...    

[Print][Wed Sep 29 20:14:03 2021]: > Done in 0.03 seconds    

[Print][Wed Sep 29 20:14:03 2021]: >> Loading PvP Arenas...    

[Print][Wed Sep 29 20:14:03 2021]: > Done in 0.00 seconds    

[Print][Wed Sep 29 20:14:03 2021]: >> Loading Caught Highscores...    

[Print][Wed Sep 29 20:14:03 2021]: > Done in 0.00 seconds    

[Print][Wed Sep 29 20:14:03 2021]: >> Loading Tournament Highscores...    

[Print][Wed Sep 29 20:14:03 2021]: > Done in 0.00 seconds    

[Print][Wed Sep 29 20:14:03 2021]: >> Loading Berry Trees...    

[Print][Wed Sep 29 20:14:03 2021]: > Done in 0.06 seconds    

[Print][Wed Sep 29 20:14:03 2021]: >> Cleaning Mastery Dungeons...    

[Print][Wed Sep 29 20:14:03 2021]: > Done in 0.00 seconds    

[Print][Wed Sep 29 20:14:03 2021]: >> Loading Bosses...    

[Print][Wed Sep 29 20:14:03 2021]: >> Scheduled Boss Spawn: Flesh'n Fire in 9 hours, 25 minutes and 43 seconds    

[Print][Wed Sep 29 20:14:03 2021]: > Done in 0.00 seconds    

[Print][Wed Sep 29 20:14:03 2021]: >> Loading Highscores...    

[Print][Wed Sep 29 20:14:03 2021]: > Done in 0.00 seconds    

[Print][Wed Sep 29 20:14:03 2021]: >> Loading Ball Pillars...    

[Print][Wed Sep 29 20:14:03 2021]: > Done in 0.01 seconds    

[Print][Wed Sep 29 20:14:03 2021]: >> Loading Citizens...    

[Print][Wed Sep 29 20:14:04 2021]: > Done in 0.67 seconds    

[Print][Wed Sep 29 20:14:04 2021]: >> Loading Ranks...    

[Print][Wed Sep 29 20:14:04 2021]: > Done in 0.00 seconds    

[Print][Wed Sep 29 20:14:04 2021]: >> All done on Wed Sep 29 20:14:04 2021    

