[Print][Sun Sep 19 02:00:41 2021]: >> Cleaning players online status...    

[Print][Sun Sep 19 02:00:41 2021]: > Done in 0.03 seconds    

[Print][Sun Sep 19 02:00:41 2021]: >> Loading PvP Arenas...    

[Print][Sun Sep 19 02:00:41 2021]: > Done in 0.04 seconds    

[Print][Sun Sep 19 02:00:41 2021]: >> Loading Caught Highscores...    

[Print][Sun Sep 19 02:00:41 2021]: > Done in 0.00 seconds    

[Print][Sun Sep 19 02:00:41 2021]: >> Loading Tournament Highscores...    

[Print][Sun Sep 19 02:00:41 2021]: > Done in 0.00 seconds    

[Print][Sun Sep 19 02:00:41 2021]: >> Loading Berry Trees...    

[Print][Sun Sep 19 02:00:41 2021]: > Done in 0.06 seconds    

[Print][Sun Sep 19 02:00:41 2021]: >> Cleaning Mastery Dungeons...    

[Print][Sun Sep 19 02:00:41 2021]: > Done in 0.00 seconds    

[Print][Sun Sep 19 02:00:41 2021]: >> Loading Bosses...    

[Print][Sun Sep 19 02:00:41 2021]: >> Scheduled Boss Spawn: Cesar, The Simian in 12 hours, 17 minutes and 59 seconds    

[Print][Sun Sep 19 02:00:41 2021]: > Done in 0.00 seconds    

[Print][Sun Sep 19 02:00:41 2021]: >> Loading Highscores...    

[Print][Sun Sep 19 02:00:41 2021]: > Done in 0.00 seconds    

[Print][Sun Sep 19 02:00:42 2021]: >> Loading Ball Pillars...    

[Print][Sun Sep 19 02:00:42 2021]: > Done in 0.01 seconds    

[Print][Sun Sep 19 02:00:42 2021]: >> Loading Citizens...    

[Print][Sun Sep 19 02:00:42 2021]: > Done in 0.63 seconds    

[Print][Sun Sep 19 02:00:42 2021]: >> Loading Ranks...    

[Print][Sun Sep 19 02:00:42 2021]: > Done in 0.00 seconds    

[Print][Sun Sep 19 02:00:42 2021]: >> All done on Sun Sep 19 02:00:42 2021    

[Print][Sun Sep 19 12:02:34 2021]: >> Cleaning players online status...    

[Print][Sun Sep 19 12:02:34 2021]: > Done in 0.07 seconds    

[Print][Sun Sep 19 12:02:34 2021]: >> Loading PvP Arenas...    

[Print][Sun Sep 19 12:02:34 2021]: > Done in 0.00 seconds    

[Print][Sun Sep 19 12:02:34 2021]: >> Loading Caught Highscores...    

[Print][Sun Sep 19 12:02:35 2021]: > Done in 0.16 seconds    

[Print][Sun Sep 19 12:02:35 2021]: >> Loading Tournament Highscores...    

[Print][Sun Sep 19 12:02:35 2021]: > Done in 0.00 seconds    

[Print][Sun Sep 19 12:02:35 2021]: >> Loading Berry Trees...    

[Print][Sun Sep 19 12:02:35 2021]: > Done in 0.11 seconds    

[Print][Sun Sep 19 12:02:35 2021]: >> Cleaning Mastery Dungeons...    

[Print][Sun Sep 19 12:02:35 2021]: > Done in 0.00 seconds    

[Print][Sun Sep 19 12:02:35 2021]: >> Loading Bosses...    

[Print][Sun Sep 19 12:02:35 2021]: >> Scheduled Boss Spawn: Toby in 9 hours, 52 minutes and 34 seconds    

[Print][Sun Sep 19 12:02:35 2021]: > Done in 0.00 seconds    

[Print][Sun Sep 19 12:02:35 2021]: >> Loading Highscores...    

[Print][Sun Sep 19 12:02:35 2021]: > Done in 0.00 seconds    

[Print][Sun Sep 19 12:02:35 2021]: >> Loading Ball Pillars...    

[Print][Sun Sep 19 12:02:35 2021]: > Done in 0.02 seconds    

[Print][Sun Sep 19 12:02:35 2021]: >> Loading Citizens...    

[Print][Sun Sep 19 12:02:35 2021]: > Done in 0.49 seconds    

[Print][Sun Sep 19 12:02:35 2021]: >> Loading Ranks...    

[Print][Sun Sep 19 12:02:35 2021]: > Done in 0.00 seconds    

[Print][Sun Sep 19 12:02:35 2021]: >> All done on Sun Sep 19 12:02:35 2021    

[Print][Sun Sep 19 16:36:29 2021]: >> Cleaning players online status...    

[Print][Sun Sep 19 16:36:29 2021]: > Done in 0.03 seconds    

[Print][Sun Sep 19 16:36:29 2021]: >> Loading PvP Arenas...    

[Print][Sun Sep 19 16:36:29 2021]: > Done in 0.00 seconds    

[Print][Sun Sep 19 16:36:29 2021]: >> Loading Caught Highscores...    

[Print][Sun Sep 19 16:36:29 2021]: > Done in 0.02 seconds    

[Print][Sun Sep 19 16:36:29 2021]: >> Loading Tournament Highscores...    

[Print][Sun Sep 19 16:36:29 2021]: > Done in 0.00 seconds    

[Print][Sun Sep 19 16:36:29 2021]: >> Loading Berry Trees...    

[Print][Sun Sep 19 16:36:29 2021]: > Done in 0.05 seconds    

[Print][Sun Sep 19 16:36:29 2021]: >> Cleaning Mastery Dungeons...    

[Print][Sun Sep 19 16:36:29 2021]: > Done in 0.00 seconds    

[Print][Sun Sep 19 16:36:29 2021]: >> Loading Bosses...    

[Print][Sun Sep 19 16:36:29 2021]: >> Scheduled Boss Spawn: DoomBoy in 13 hours, 24 minutes and 56 seconds    

[Print][Sun Sep 19 16:36:29 2021]: > Done in 0.01 seconds    

[Print][Sun Sep 19 16:36:29 2021]: >> Loading Highscores...    

[Print][Sun Sep 19 16:36:29 2021]: > Done in 0.00 seconds    

[Print][Sun Sep 19 16:36:29 2021]: >> Loading Ball Pillars...    

[Print][Sun Sep 19 16:36:29 2021]: > Done in 0.00 seconds    

[Print][Sun Sep 19 16:36:29 2021]: >> Loading Citizens...    

[Print][Sun Sep 19 16:36:29 2021]: > Done in 0.40 seconds    

[Print][Sun Sep 19 16:36:29 2021]: >> Loading Ranks...    

[Print][Sun Sep 19 16:36:29 2021]: > Done in 0.00 seconds    

[Print][Sun Sep 19 16:36:29 2021]: >> All done on Sun Sep 19 16:36:29 2021    

[Print][Sun Sep 19 21:06:00 2021]: >> Cleaning players online status...    

[Print][Sun Sep 19 21:06:00 2021]: > Done in 0.03 seconds    

[Print][Sun Sep 19 21:06:00 2021]: >> Loading PvP Arenas...    

[Print][Sun Sep 19 21:06:00 2021]: > Done in 0.00 seconds    

[Print][Sun Sep 19 21:06:00 2021]: >> Loading Caught Highscores...    

[Print][Sun Sep 19 21:06:00 2021]: > Done in 0.01 seconds    

[Print][Sun Sep 19 21:06:00 2021]: >> Loading Tournament Highscores...    

[Print][Sun Sep 19 21:06:00 2021]: > Done in 0.00 seconds    

[Print][Sun Sep 19 21:06:00 2021]: >> Loading Berry Trees...    

[Print][Sun Sep 19 21:06:00 2021]: > Done in 0.04 seconds    

[Print][Sun Sep 19 21:06:00 2021]: >> Cleaning Mastery Dungeons...    

[Print][Sun Sep 19 21:06:00 2021]: > Done in 0.00 seconds    

[Print][Sun Sep 19 21:06:00 2021]: >> Loading Bosses...    

[Print][Sun Sep 19 21:06:00 2021]: >> Scheduled Boss Spawn: Charles Spencer in 6 hours and 6 minutes    

[Print][Sun Sep 19 21:06:00 2021]: > Done in 0.00 seconds    

[Print][Sun Sep 19 21:06:00 2021]: >> Loading Highscores...    

[Print][Sun Sep 19 21:06:00 2021]: > Done in 0.00 seconds    

[Print][Sun Sep 19 21:06:00 2021]: >> Loading Ball Pillars...    

[Print][Sun Sep 19 21:06:00 2021]: > Done in 0.01 seconds    

[Print][Sun Sep 19 21:06:00 2021]: >> Loading Citizens...    

[Print][Sun Sep 19 21:06:01 2021]: > Done in 0.42 seconds    

[Print][Sun Sep 19 21:06:01 2021]: >> Loading Ranks...    

[Print][Sun Sep 19 21:06:01 2021]: > Done in 0.00 seconds    

[Print][Sun Sep 19 21:06:01 2021]: >> All done on Sun Sep 19 21:06:01 2021    

[Print][Sun Sep 19 23:39:22 2021]: passou    

[Print][Sun Sep 19 23:40:20 2021]: passou    

[Print][Sun Sep 19 23:46:37 2021]: você ta pobre meu nobre    

