[Print][Wed Aug 25 06:11:16 2021]: >> Cleaning players online status...    

[Print][Wed Aug 25 06:11:16 2021]: > Done in 0.03 seconds    

[Print][Wed Aug 25 06:11:16 2021]: >> Loading PvP Arenas...    

[Print][Wed Aug 25 06:11:16 2021]: > Done in 0.00 seconds    

[Print][Wed Aug 25 06:11:16 2021]: >> Loading Caught Highscores...    

[Print][Wed Aug 25 06:11:16 2021]: > Done in 0.00 seconds    

[Print][Wed Aug 25 06:11:16 2021]: >> Loading Tournament Highscores...    

[Print][Wed Aug 25 06:11:16 2021]: > Done in 0.00 seconds    

[Print][Wed Aug 25 06:11:16 2021]: >> Loading Berry Trees...    

[Print][Wed Aug 25 06:11:16 2021]: > Done in 0.04 seconds    

[Print][Wed Aug 25 06:11:16 2021]: >> Cleaning Mastery Dungeons...    

[Print][Wed Aug 25 06:11:16 2021]: > Done in 0.00 seconds    

[Print][Wed Aug 25 06:11:16 2021]: >> Loading Bosses...    

[Print][Wed Aug 25 06:11:16 2021]: >> Scheduled Boss Spawn: Mr. Gormandize in 8 hours, 45 minutes and 21 seconds    

[Print][Wed Aug 25 06:11:16 2021]: > Done in 0.00 seconds    

[Print][Wed Aug 25 06:11:16 2021]: >> Loading Highscores...    

[Print][Wed Aug 25 06:11:16 2021]: > Done in 0.00 seconds    

[Print][Wed Aug 25 06:11:16 2021]: >> Loading Ball Pillars...    

[Print][Wed Aug 25 06:11:16 2021]: > Done in 0.01 seconds    

[Print][Wed Aug 25 06:11:16 2021]: >> Loading Citizens...    

[Print][Wed Aug 25 06:11:17 2021]: > Done in 0.47 seconds    

[Print][Wed Aug 25 06:11:17 2021]: >> Loading Ranks...    

[Print][Wed Aug 25 06:11:17 2021]: > Done in 0.00 seconds    

[Print][Wed Aug 25 06:11:17 2021]: >> All done on Wed Aug 25 06:11:17 2021    

[Print][Wed Aug 25 07:02:06 2021]: >> Cleaning players online status...    

[Print][Wed Aug 25 07:02:06 2021]: > Done in 0.04 seconds    

[Print][Wed Aug 25 07:02:06 2021]: >> Loading PvP Arenas...    

[Print][Wed Aug 25 07:02:06 2021]: > Done in 0.01 seconds    

[Print][Wed Aug 25 07:02:06 2021]: >> Loading Caught Highscores...    

[Print][Wed Aug 25 07:02:06 2021]: > Done in 0.00 seconds    

[Print][Wed Aug 25 07:02:06 2021]: >> Loading Tournament Highscores...    

[Print][Wed Aug 25 07:02:06 2021]: > Done in 0.00 seconds    

[Print][Wed Aug 25 07:02:06 2021]: >> Loading Berry Trees...    

[Print][Wed Aug 25 07:02:06 2021]: > Done in 0.04 seconds    

[Print][Wed Aug 25 07:02:06 2021]: >> Cleaning Mastery Dungeons...    

[Print][Wed Aug 25 07:02:06 2021]: > Done in 0.00 seconds    

[Print][Wed Aug 25 07:02:06 2021]: >> Loading Bosses...    

[Print][Wed Aug 25 07:02:06 2021]: >> Scheduled Boss Spawn: Smaug in 14 hours, 59 minutes and 53 seconds    

[Print][Wed Aug 25 07:02:06 2021]: > Done in 0.00 seconds    

[Print][Wed Aug 25 07:02:06 2021]: >> Loading Highscores...    

[Print][Wed Aug 25 07:02:06 2021]: > Done in 0.00 seconds    

[Print][Wed Aug 25 07:02:06 2021]: >> Loading Ball Pillars...    

[Print][Wed Aug 25 07:02:06 2021]: > Done in 0.00 seconds    

[Print][Wed Aug 25 07:02:06 2021]: >> Loading Citizens...    

[Print][Wed Aug 25 07:02:07 2021]: > Done in 0.54 seconds    

[Print][Wed Aug 25 07:02:07 2021]: >> Loading Ranks...    

[Print][Wed Aug 25 07:02:07 2021]: > Done in 0.00 seconds    

[Print][Wed Aug 25 07:02:07 2021]: >> All done on Wed Aug 25 07:02:07 2021    

[Print][Wed Aug 25 09:25:03 2021]: >> Cleaning players online status...    

[Print][Wed Aug 25 09:25:03 2021]: > Done in 0.04 seconds    

[Print][Wed Aug 25 09:25:03 2021]: >> Loading PvP Arenas...    

[Print][Wed Aug 25 09:25:03 2021]: > Done in 0.00 seconds    

[Print][Wed Aug 25 09:25:03 2021]: >> Loading Caught Highscores...    

[Print][Wed Aug 25 09:25:03 2021]: > Done in 0.05 seconds    

[Print][Wed Aug 25 09:25:03 2021]: >> Loading Tournament Highscores...    

[Print][Wed Aug 25 09:25:03 2021]: > Done in 0.00 seconds    

[Print][Wed Aug 25 09:25:03 2021]: >> Loading Berry Trees...    

[Print][Wed Aug 25 09:25:03 2021]: > Done in 0.02 seconds    

[Print][Wed Aug 25 09:25:03 2021]: >> Cleaning Mastery Dungeons...    

[Print][Wed Aug 25 09:25:03 2021]: > Done in 0.00 seconds    

[Print][Wed Aug 25 09:25:03 2021]: >> Loading Bosses...    

[Print][Wed Aug 25 09:25:03 2021]: >> Scheduled Boss Spawn: Grisly Mind in 12 hours, 38 minutes and 49 seconds    

[Print][Wed Aug 25 09:25:03 2021]: > Done in 0.00 seconds    

[Print][Wed Aug 25 09:25:03 2021]: >> Loading Highscores...    

[Print][Wed Aug 25 09:25:03 2021]: > Done in 0.00 seconds    

[Print][Wed Aug 25 09:25:03 2021]: >> Loading Ball Pillars...    

[Print][Wed Aug 25 09:25:03 2021]: > Done in 0.00 seconds    

[Print][Wed Aug 25 09:25:03 2021]: >> Loading Citizens...    

[Print][Wed Aug 25 09:25:08 2021]: > Done in 4.93 seconds    

[Print][Wed Aug 25 09:25:08 2021]: >> Loading Ranks...    

[Print][Wed Aug 25 09:25:08 2021]: > Done in 0.00 seconds    

[Print][Wed Aug 25 09:25:08 2021]: >> All done on Wed Aug 25 09:25:08 2021    

[Print][Wed Aug 25 23:53:33 2021]: >> Cleaning players online status...    

[Print][Wed Aug 25 23:53:33 2021]: > Done in 0.06 seconds    

[Print][Wed Aug 25 23:53:33 2021]: >> Loading PvP Arenas...    

[Print][Wed Aug 25 23:53:33 2021]: > Done in 0.02 seconds    

[Print][Wed Aug 25 23:53:33 2021]: >> Loading Caught Highscores...    

[Print][Wed Aug 25 23:53:33 2021]: > Done in 0.02 seconds    

[Print][Wed Aug 25 23:53:33 2021]: >> Loading Tournament Highscores...    

[Print][Wed Aug 25 23:53:33 2021]: > Done in 0.00 seconds    

[Print][Wed Aug 25 23:53:33 2021]: >> Loading Berry Trees...    

[Print][Wed Aug 25 23:53:34 2021]: > Done in 0.06 seconds    

[Print][Wed Aug 25 23:53:34 2021]: >> Cleaning Mastery Dungeons...    

[Print][Wed Aug 25 23:53:34 2021]: > Done in 0.00 seconds    

[Print][Wed Aug 25 23:53:34 2021]: >> Loading Bosses...    

[Print][Wed Aug 25 23:53:34 2021]: >> Scheduled Boss Spawn: The A. Mesmer in 10 hours, 3 minutes and 47 seconds    

[Print][Wed Aug 25 23:53:34 2021]: > Done in 0.01 seconds    

[Print][Wed Aug 25 23:53:34 2021]: >> Loading Highscores...    

[Print][Wed Aug 25 23:53:34 2021]: > Done in 0.00 seconds    

[Print][Wed Aug 25 23:53:34 2021]: >> Loading Ball Pillars...    

[Print][Wed Aug 25 23:53:34 2021]: > Done in 0.02 seconds    

[Print][Wed Aug 25 23:53:34 2021]: >> Loading Citizens...    

[Print][Wed Aug 25 23:53:34 2021]: > Done in 0.42 seconds    

[Print][Wed Aug 25 23:53:34 2021]: >> Loading Ranks...    

[Print][Wed Aug 25 23:53:34 2021]: > Done in 0.00 seconds    

[Print][Wed Aug 25 23:53:34 2021]: >> All done on Wed Aug 25 23:53:34 2021    

