[Print][Fri Sep 17 00:31:21 2021]: >> Cleaning players online status...    

[Print][Fri Sep 17 00:31:21 2021]: > Done in 0.05 seconds    

[Print][Fri Sep 17 00:31:21 2021]: >> Loading PvP Arenas...    

[Print][Fri Sep 17 00:31:21 2021]: > Done in 0.00 seconds    

[Print][Fri Sep 17 00:31:21 2021]: >> Loading Caught Highscores...    

[Print][Fri Sep 17 00:31:21 2021]: > Done in 0.00 seconds    

[Print][Fri Sep 17 00:31:21 2021]: >> Loading Tournament Highscores...    

[Print][Fri Sep 17 00:31:21 2021]: > Done in 0.01 seconds    

[Print][Fri Sep 17 00:31:21 2021]: >> Loading Berry Trees...    

[Print][Fri Sep 17 00:31:21 2021]: > Done in 0.02 seconds    

[Print][Fri Sep 17 00:31:21 2021]: >> Cleaning Mastery Dungeons...    

[Print][Fri Sep 17 00:31:21 2021]: > Done in 0.00 seconds    

[Print][Fri Sep 17 00:31:21 2021]: >> Loading Bosses...    

[Print][Fri Sep 17 00:31:21 2021]: >> Scheduled Boss Spawn: Kirby in 13 hours, 28 minutes and 35 seconds    

[Print][Fri Sep 17 00:31:21 2021]: > Done in 0.00 seconds    

[Print][Fri Sep 17 00:31:21 2021]: >> Loading Highscores...    

[Print][Fri Sep 17 00:31:21 2021]: > Done in 0.00 seconds    

[Print][Fri Sep 17 00:31:21 2021]: >> Loading Ball Pillars...    

[Print][Fri Sep 17 00:31:21 2021]: > Done in 0.00 seconds    

[Print][Fri Sep 17 00:31:21 2021]: >> Loading Citizens...    

[Print][Fri Sep 17 00:31:21 2021]: > Done in 0.44 seconds    

[Print][Fri Sep 17 00:31:21 2021]: >> Loading Ranks...    

[Print][Fri Sep 17 00:31:21 2021]: > Done in 0.00 seconds    

[Print][Fri Sep 17 00:31:21 2021]: >> All done on Fri Sep 17 00:31:21 2021    

[Print][Fri Sep 17 13:09:19 2021]: >> Cleaning players online status...    

[Print][Fri Sep 17 13:09:19 2021]: > Done in 0.06 seconds    

[Print][Fri Sep 17 13:09:19 2021]: >> Loading PvP Arenas...    

[Print][Fri Sep 17 13:09:19 2021]: > Done in 0.00 seconds    

[Print][Fri Sep 17 13:09:19 2021]: >> Loading Caught Highscores...    

[Print][Fri Sep 17 13:09:19 2021]: > Done in 0.01 seconds    

[Print][Fri Sep 17 13:09:19 2021]: >> Loading Tournament Highscores...    

[Print][Fri Sep 17 13:09:19 2021]: > Done in 0.00 seconds    

[Print][Fri Sep 17 13:09:19 2021]: >> Loading Berry Trees...    

[Print][Fri Sep 17 13:09:19 2021]: > Done in 0.04 seconds    

[Print][Fri Sep 17 13:09:19 2021]: >> Cleaning Mastery Dungeons...    

[Print][Fri Sep 17 13:09:19 2021]: > Done in 0.00 seconds    

[Print][Fri Sep 17 13:09:19 2021]: >> Loading Bosses...    

[Print][Fri Sep 17 13:09:19 2021]: >> Scheduled Boss Spawn: Flesh'n Fire in 9 hours, 53 minutes and 50 seconds    

[Print][Fri Sep 17 13:09:19 2021]: > Done in 0.01 seconds    

[Print][Fri Sep 17 13:09:19 2021]: >> Loading Highscores...    

[Print][Fri Sep 17 13:09:19 2021]: > Done in 0.02 seconds    

[Print][Fri Sep 17 13:09:19 2021]: >> Loading Ball Pillars...    

[Print][Fri Sep 17 13:09:19 2021]: > Done in 0.02 seconds    

[Print][Fri Sep 17 13:09:19 2021]: >> Loading Citizens...    

[Print][Fri Sep 17 13:09:20 2021]: > Done in 0.51 seconds    

[Print][Fri Sep 17 13:09:20 2021]: >> Loading Ranks...    

[Print][Fri Sep 17 13:09:20 2021]: > Done in 0.00 seconds    

[Print][Fri Sep 17 13:09:20 2021]: >> All done on Fri Sep 17 13:09:20 2021    

[Print][Fri Sep 17 13:18:22 2021]: >> Cleaning players online status...    

[Print][Fri Sep 17 13:18:22 2021]: > Done in 0.04 seconds    

[Print][Fri Sep 17 13:18:22 2021]: >> Loading PvP Arenas...    

[Print][Fri Sep 17 13:18:22 2021]: > Done in 0.00 seconds    

[Print][Fri Sep 17 13:18:22 2021]: >> Loading Caught Highscores...    

[Print][Fri Sep 17 13:18:22 2021]: > Done in 0.00 seconds    

[Print][Fri Sep 17 13:18:22 2021]: >> Loading Tournament Highscores...    

[Print][Fri Sep 17 13:18:22 2021]: > Done in 0.00 seconds    

[Print][Fri Sep 17 13:18:22 2021]: >> Loading Berry Trees...    

[Print][Fri Sep 17 13:18:22 2021]: > Done in 0.03 seconds    

[Print][Fri Sep 17 13:18:22 2021]: >> Cleaning Mastery Dungeons...    

[Print][Fri Sep 17 13:18:22 2021]: > Done in 0.00 seconds    

[Print][Fri Sep 17 13:18:22 2021]: >> Loading Bosses...    

[Print][Fri Sep 17 13:18:22 2021]: >> Scheduled Boss Spawn: Kirby in 9 hours, 4 minutes and 58 seconds    

[Print][Fri Sep 17 13:18:22 2021]: > Done in 0.00 seconds    

[Print][Fri Sep 17 13:18:22 2021]: >> Loading Highscores...    

[Print][Fri Sep 17 13:18:22 2021]: > Done in 0.00 seconds    

[Print][Fri Sep 17 13:18:22 2021]: >> Loading Ball Pillars...    

[Print][Fri Sep 17 13:18:22 2021]: > Done in 0.00 seconds    

[Print][Fri Sep 17 13:18:22 2021]: >> Loading Citizens...    

[Print][Fri Sep 17 13:18:22 2021]: > Done in 0.66 seconds    

[Print][Fri Sep 17 13:18:22 2021]: >> Loading Ranks...    

[Print][Fri Sep 17 13:18:22 2021]: > Done in 0.00 seconds    

[Print][Fri Sep 17 13:18:22 2021]: >> All done on Fri Sep 17 13:18:22 2021    

[Print][Fri Sep 17 13:20:32 2021]: >> Cleaning players online status...    

[Print][Fri Sep 17 13:20:32 2021]: > Done in 0.03 seconds    

[Print][Fri Sep 17 13:20:32 2021]: >> Loading PvP Arenas...    

[Print][Fri Sep 17 13:20:32 2021]: > Done in 0.00 seconds    

[Print][Fri Sep 17 13:20:32 2021]: >> Loading Caught Highscores...    

[Print][Fri Sep 17 13:20:32 2021]: > Done in 0.00 seconds    

[Print][Fri Sep 17 13:20:32 2021]: >> Loading Tournament Highscores...    

[Print][Fri Sep 17 13:20:32 2021]: > Done in 0.00 seconds    

[Print][Fri Sep 17 13:20:32 2021]: >> Loading Berry Trees...    

[Print][Fri Sep 17 13:20:32 2021]: > Done in 0.02 seconds    

[Print][Fri Sep 17 13:20:32 2021]: >> Cleaning Mastery Dungeons...    

[Print][Fri Sep 17 13:20:32 2021]: > Done in 0.00 seconds    

[Print][Fri Sep 17 13:20:32 2021]: >> Loading Bosses...    

[Print][Fri Sep 17 13:20:32 2021]: >> Scheduled Boss Spawn: Charles Spencer in 13 hours, 27 minutes and 26 seconds    

[Print][Fri Sep 17 13:20:32 2021]: > Done in 0.00 seconds    

[Print][Fri Sep 17 13:20:32 2021]: >> Loading Highscores...    

[Print][Fri Sep 17 13:20:32 2021]: > Done in 0.00 seconds    

[Print][Fri Sep 17 13:20:32 2021]: >> Loading Ball Pillars...    

[Print][Fri Sep 17 13:20:32 2021]: > Done in 0.01 seconds    

[Print][Fri Sep 17 13:20:32 2021]: >> Loading Citizens...    

[Print][Fri Sep 17 13:20:32 2021]: > Done in 0.43 seconds    

[Print][Fri Sep 17 13:20:32 2021]: >> Loading Ranks...    

[Print][Fri Sep 17 13:20:32 2021]: > Done in 0.00 seconds    

[Print][Fri Sep 17 13:20:32 2021]: >> All done on Fri Sep 17 13:20:32 2021    

[Print][Fri Sep 17 13:24:03 2021]: buyItem[1]    

[Print][Fri Sep 17 13:24:03 2021]: buyItem[2]    

[Print][Fri Sep 17 13:24:03 2021]: buyItem[3]    

[Print][Fri Sep 17 13:24:03 2021]: buyItem[4]    

[Print][Fri Sep 17 13:24:03 2021]: buyItem[5]    

[Print][Fri Sep 17 13:24:03 2021]: buyItem[6]    

[Print][Fri Sep 17 13:24:03 2021]: buyItem[7]    

[Print][Fri Sep 17 13:26:11 2021]: >> Cleaning players online status...    

[Print][Fri Sep 17 13:26:11 2021]: > Done in 0.03 seconds    

[Print][Fri Sep 17 13:26:11 2021]: >> Loading PvP Arenas...    

[Print][Fri Sep 17 13:26:11 2021]: > Done in 0.00 seconds    

[Print][Fri Sep 17 13:26:11 2021]: >> Loading Caught Highscores...    

[Print][Fri Sep 17 13:26:11 2021]: > Done in 0.00 seconds    

[Print][Fri Sep 17 13:26:11 2021]: >> Loading Tournament Highscores...    

[Print][Fri Sep 17 13:26:11 2021]: > Done in 0.00 seconds    

[Print][Fri Sep 17 13:26:11 2021]: >> Loading Berry Trees...    

[Print][Fri Sep 17 13:26:11 2021]: > Done in 0.04 seconds    

[Print][Fri Sep 17 13:26:11 2021]: >> Cleaning Mastery Dungeons...    

[Print][Fri Sep 17 13:26:11 2021]: > Done in 0.00 seconds    

[Print][Fri Sep 17 13:26:11 2021]: >> Loading Bosses...    

[Print][Fri Sep 17 13:26:11 2021]: >> Scheduled Boss Spawn: Twisted Blades in 14 hours, 37 minutes and 3 seconds    

[Print][Fri Sep 17 13:26:11 2021]: > Done in 0.01 seconds    

[Print][Fri Sep 17 13:26:11 2021]: >> Loading Highscores...    

[Print][Fri Sep 17 13:26:11 2021]: > Done in 0.00 seconds    

[Print][Fri Sep 17 13:26:11 2021]: >> Loading Ball Pillars...    

[Print][Fri Sep 17 13:26:11 2021]: > Done in 0.03 seconds    

[Print][Fri Sep 17 13:26:11 2021]: >> Loading Citizens...    

[Print][Fri Sep 17 13:26:12 2021]: > Done in 0.48 seconds    

[Print][Fri Sep 17 13:26:12 2021]: >> Loading Ranks...    

[Print][Fri Sep 17 13:26:12 2021]: > Done in 0.00 seconds    

[Print][Fri Sep 17 13:26:12 2021]: >> All done on Fri Sep 17 13:26:12 2021    

[Print][Fri Sep 17 13:26:58 2021]: buyItem[1]    

[Print][Fri Sep 17 13:26:58 2021]: buyItem[2]    

[Print][Fri Sep 17 13:26:58 2021]: buyItem[3]    

[Print][Fri Sep 17 13:26:58 2021]: buyItem[4]    

[Print][Fri Sep 17 13:26:58 2021]: buyItem[5]    

[Print][Fri Sep 17 13:26:58 2021]: buyItem[6]    

[Print][Fri Sep 17 13:26:58 2021]: buyItem[7]    

[Print][Fri Sep 17 13:26:59 2021]: buyItem[8]    

[Print][Fri Sep 17 13:26:59 2021]: buyItem[9]    

[Print][Fri Sep 17 13:26:59 2021]: buyItem[13]    

[Print][Fri Sep 17 13:26:59 2021]: buyItem[14]    

[Print][Fri Sep 17 13:26:59 2021]: buyItem[15]    

[Print][Fri Sep 17 13:26:59 2021]: buyItem[16]    

[Print][Fri Sep 17 13:26:59 2021]: buyItem[17]    

[Print][Fri Sep 17 13:29:00 2021]: buyItem[1]    

[Print][Fri Sep 17 13:29:00 2021]: buyItem[2]    

[Print][Fri Sep 17 13:29:00 2021]: buyItem[3]    

[Print][Fri Sep 17 13:29:00 2021]: buyItem[4]    

[Print][Fri Sep 17 13:29:00 2021]: buyItem[5]    

[Print][Fri Sep 17 13:29:00 2021]: buyItem[6]    

[Print][Fri Sep 17 13:29:00 2021]: buyItem[7]    

[Print][Fri Sep 17 13:29:00 2021]: buyItem[8]    

[Print][Fri Sep 17 13:29:00 2021]: buyItem[9]    

[Print][Fri Sep 17 13:29:00 2021]: buyItem[10]    

[Print][Fri Sep 17 13:29:00 2021]: buyItem[11]    

[Print][Fri Sep 17 13:29:00 2021]: buyItem[12]    

[Print][Fri Sep 17 13:29:00 2021]: buyItem[15]    

[Print][Fri Sep 17 13:29:01 2021]: buyItem[16]    

[Print][Fri Sep 17 13:29:01 2021]: buyItem[17]    

[Print][Fri Sep 17 13:29:06 2021]: buyItem[1]    

[Print][Fri Sep 17 13:29:06 2021]: buyItem[2]    

[Print][Fri Sep 17 13:29:06 2021]: buyItem[3]    

[Print][Fri Sep 17 13:29:06 2021]: buyItem[4]    

[Print][Fri Sep 17 13:29:06 2021]: buyItem[5]    

[Print][Fri Sep 17 13:29:06 2021]: buyItem[6]    

[Print][Fri Sep 17 13:29:06 2021]: buyItem[7]    

[Print][Fri Sep 17 13:29:08 2021]: buyItem[8]    

[Print][Fri Sep 17 13:29:08 2021]: buyItem[9]    

[Print][Fri Sep 17 13:29:08 2021]: buyItem[13]    

[Print][Fri Sep 17 13:29:08 2021]: buyItem[14]    

[Print][Fri Sep 17 13:29:08 2021]: buyItem[15]    

[Print][Fri Sep 17 13:29:08 2021]: buyItem[16]    

[Print][Fri Sep 17 13:29:08 2021]: buyItem[17]    

[Print][Fri Sep 17 13:29:12 2021]: buyItem[1]    

[Print][Fri Sep 17 13:29:12 2021]: buyItem[2]    

[Print][Fri Sep 17 13:29:12 2021]: buyItem[3]    

[Print][Fri Sep 17 13:29:12 2021]: buyItem[4]    

[Print][Fri Sep 17 13:29:12 2021]: buyItem[5]    

[Print][Fri Sep 17 13:29:12 2021]: buyItem[6]    

[Print][Fri Sep 17 13:29:12 2021]: buyItem[7]    

[Print][Fri Sep 17 13:30:46 2021]: >> Cleaning players online status...    

[Print][Fri Sep 17 13:30:46 2021]: > Done in 0.05 seconds    

[Print][Fri Sep 17 13:30:46 2021]: >> Loading PvP Arenas...    

[Print][Fri Sep 17 13:30:46 2021]: > Done in 0.00 seconds    

[Print][Fri Sep 17 13:30:46 2021]: >> Loading Caught Highscores...    

[Print][Fri Sep 17 13:30:46 2021]: > Done in 0.00 seconds    

[Print][Fri Sep 17 13:30:46 2021]: >> Loading Tournament Highscores...    

[Print][Fri Sep 17 13:30:46 2021]: > Done in 0.00 seconds    

[Print][Fri Sep 17 13:30:46 2021]: >> Loading Berry Trees...    

[Print][Fri Sep 17 13:30:46 2021]: > Done in 0.04 seconds    

[Print][Fri Sep 17 13:30:46 2021]: >> Cleaning Mastery Dungeons...    

[Print][Fri Sep 17 13:30:46 2021]: > Done in 0.00 seconds    

[Print][Fri Sep 17 13:30:46 2021]: >> Loading Bosses...    

[Print][Fri Sep 17 13:30:46 2021]: >> Scheduled Boss Spawn: Mr. Gormandize in 14 hours, 21 minutes and 45 seconds    

[Print][Fri Sep 17 13:30:46 2021]: > Done in 0.00 seconds    

[Print][Fri Sep 17 13:30:46 2021]: >> Loading Highscores...    

[Print][Fri Sep 17 13:30:46 2021]: > Done in 0.00 seconds    

[Print][Fri Sep 17 13:30:46 2021]: >> Loading Ball Pillars...    

[Print][Fri Sep 17 13:30:46 2021]: > Done in 0.06 seconds    

[Print][Fri Sep 17 13:30:46 2021]: >> Loading Citizens...    

[Print][Fri Sep 17 13:30:46 2021]: > Done in 0.44 seconds    

[Print][Fri Sep 17 13:30:46 2021]: >> Loading Ranks...    

[Print][Fri Sep 17 13:30:46 2021]: > Done in 0.00 seconds    

[Print][Fri Sep 17 13:30:46 2021]: >> All done on Fri Sep 17 13:30:46 2021    

[Print][Fri Sep 17 14:07:35 2021]: >> Cleaning players online status...    

[Print][Fri Sep 17 14:07:35 2021]: > Done in 0.03 seconds    

[Print][Fri Sep 17 14:07:35 2021]: >> Loading PvP Arenas...    

[Print][Fri Sep 17 14:07:35 2021]: > Done in 0.00 seconds    

[Print][Fri Sep 17 14:07:35 2021]: >> Loading Caught Highscores...    

[Print][Fri Sep 17 14:07:35 2021]: > Done in 0.00 seconds    

[Print][Fri Sep 17 14:07:35 2021]: >> Loading Tournament Highscores...    

[Print][Fri Sep 17 14:07:35 2021]: > Done in 0.00 seconds    

[Print][Fri Sep 17 14:07:35 2021]: >> Loading Berry Trees...    

[Print][Fri Sep 17 14:07:35 2021]: > Done in 0.05 seconds    

[Print][Fri Sep 17 14:07:35 2021]: >> Cleaning Mastery Dungeons...    

[Print][Fri Sep 17 14:07:35 2021]: > Done in 0.00 seconds    

[Print][Fri Sep 17 14:07:35 2021]: >> Loading Bosses...    

[Print][Fri Sep 17 14:07:35 2021]: >> Scheduled Boss Spawn: Charles Spencer in 11 hours, 8 minutes and 36 seconds    

[Print][Fri Sep 17 14:07:35 2021]: > Done in 0.00 seconds    

[Print][Fri Sep 17 14:07:35 2021]: >> Loading Highscores...    

[Print][Fri Sep 17 14:07:35 2021]: > Done in 0.00 seconds    

[Print][Fri Sep 17 14:07:35 2021]: >> Loading Ball Pillars...    

[Print][Fri Sep 17 14:07:35 2021]: > Done in 0.01 seconds    

[Print][Fri Sep 17 14:07:35 2021]: >> Loading Citizens...    

[Print][Fri Sep 17 14:07:36 2021]: > Done in 0.38 seconds    

[Print][Fri Sep 17 14:07:36 2021]: >> Loading Ranks...    

[Print][Fri Sep 17 14:07:36 2021]: > Done in 0.00 seconds    

[Print][Fri Sep 17 14:07:36 2021]: >> All done on Fri Sep 17 14:07:36 2021    

[Print][Fri Sep 17 14:27:08 2021]: getMarketItemName: 35547    

[Print][Fri Sep 17 14:27:08 2021]: 

[Print][Fri Sep 17 14:27:08 2021]: getMarketItemName: 35542    

[Print][Fri Sep 17 14:27:08 2021]: 

[Print][Fri Sep 17 14:27:08 2021]: getMarketItemName: 35548    

[Print][Fri Sep 17 14:27:08 2021]: 

[Print][Fri Sep 17 14:27:08 2021]: getMarketItemName: 35549    

[Print][Fri Sep 17 14:27:08 2021]: 

[Print][Fri Sep 17 14:27:08 2021]: getMarketItemName: 14463    

[Print][Fri Sep 17 14:27:08 2021]: 

[Print][Fri Sep 17 14:27:08 2021]: getMarketItemName: 35541    

[Print][Fri Sep 17 14:27:08 2021]: 

[Print][Fri Sep 17 14:27:08 2021]: getMarketItemName: 35540    

[Print][Fri Sep 17 14:27:08 2021]: 

[Print][Fri Sep 17 14:27:08 2021]: getMarketItemName: 35544    

[Print][Fri Sep 17 14:27:08 2021]: 

[Print][Fri Sep 17 14:27:08 2021]: getMarketItemName: 35544    

[Print][Fri Sep 17 14:27:08 2021]: 

[Print][Fri Sep 17 14:27:08 2021]: getMarketItemName: 12248    

[Print][Fri Sep 17 14:27:08 2021]: 

[Print][Fri Sep 17 14:27:08 2021]: getMarketItemName: 12159    

[Print][Fri Sep 17 14:27:08 2021]: getMarketItemName: 35547    

[Print][Fri Sep 17 14:27:08 2021]: 

[Print][Fri Sep 17 14:27:08 2021]: getMarketItemName: 35545    

[Print][Fri Sep 17 14:27:08 2021]: 

[Print][Fri Sep 17 14:27:08 2021]: getMarketItemName: 35573    

[Print][Fri Sep 17 14:27:08 2021]: 

[Print][Fri Sep 17 14:27:08 2021]: getMarketItemName: 35548    

[Print][Fri Sep 17 14:27:08 2021]: 

[Print][Fri Sep 17 14:27:08 2021]: getMarketItemName: 35546    

[Print][Fri Sep 17 14:27:08 2021]: 

[Print][Fri Sep 17 14:30:50 2021]: getMarketItemName: 35547 Name: maça    

[Print][Fri Sep 17 14:30:50 2021]: getMarketItemName: 35542 Name: DEF base stat    

[Print][Fri Sep 17 14:30:50 2021]: getMarketItemName: 35548 Name: uva    

[Print][Fri Sep 17 14:30:50 2021]: getMarketItemName: 35549 Name: cup noodle    

[Print][Fri Sep 17 14:30:50 2021]: getMarketItemName: 14463 Name: rare candy    

[Print][Fri Sep 17 14:30:50 2021]: getMarketItemName: 35541 Name: SP.ATK base stat    

[Print][Fri Sep 17 14:30:50 2021]: getMarketItemName: 35540 Name: ATK base stat    

[Print][Fri Sep 17 14:30:50 2021]: getMarketItemName: 35544 Name: SPEED base stat    

[Print][Fri Sep 17 14:30:50 2021]: getMarketItemName: 35544 Name: SPEED base stat    

[Print][Fri Sep 17 14:30:50 2021]: getMarketItemName: 12248 Name: pokemon revive    

[Print][Fri Sep 17 14:30:50 2021]: getMarketItemName: 12159 Name: poke ball    

[Print][Fri Sep 17 14:30:50 2021]: getMarketItemName: 35547 Name: maça    

[Print][Fri Sep 17 14:30:50 2021]: getMarketItemName: 35545 Name: menta    

[Print][Fri Sep 17 14:30:50 2021]: getMarketItemName: 35573 Name: ten thousand note    

[Print][Fri Sep 17 14:30:50 2021]: getMarketItemName: 35548 Name: uva    

[Print][Fri Sep 17 14:30:50 2021]: getMarketItemName: 35546 Name: banana    

[Print][Fri Sep 17 14:30:50 2021]: getMarketItemName: 12159 Name: poke ball    

[Print][Fri Sep 17 14:30:51 2021]: getMarketItemName: 35547 Name: maça    

[Print][Fri Sep 17 14:30:51 2021]: getMarketItemName: 35542 Name: DEF base stat    

[Print][Fri Sep 17 14:30:51 2021]: getMarketItemName: 35548 Name: uva    

[Print][Fri Sep 17 14:30:51 2021]: getMarketItemName: 35549 Name: cup noodle    

[Print][Fri Sep 17 14:30:51 2021]: getMarketItemName: 14463 Name: rare candy    

[Print][Fri Sep 17 14:30:51 2021]: getMarketItemName: 35541 Name: SP.ATK base stat    

[Print][Fri Sep 17 14:30:51 2021]: getMarketItemName: 35540 Name: ATK base stat    

[Print][Fri Sep 17 14:30:51 2021]: getMarketItemName: 35544 Name: SPEED base stat    

[Print][Fri Sep 17 14:30:51 2021]: getMarketItemName: 35544 Name: SPEED base stat    

[Print][Fri Sep 17 14:30:51 2021]: getMarketItemName: 12248 Name: pokemon revive    

[Print][Fri Sep 17 14:30:51 2021]: getMarketItemName: 12159 Name: poke ball    

[Print][Fri Sep 17 14:30:51 2021]: getMarketItemName: 35547 Name: maça    

[Print][Fri Sep 17 14:30:51 2021]: getMarketItemName: 35545 Name: menta    

[Print][Fri Sep 17 14:30:51 2021]: getMarketItemName: 35573 Name: ten thousand note    

[Print][Fri Sep 17 14:30:51 2021]: getMarketItemName: 35548 Name: uva    

[Print][Fri Sep 17 14:30:51 2021]: getMarketItemName: 35546 Name: banana    

[Print][Fri Sep 17 14:30:51 2021]: getMarketItemName: 12159 Name: poke ball    

[Print][Fri Sep 17 14:30:52 2021]: getMarketItemName: 35547 Name: maça    

[Print][Fri Sep 17 14:30:52 2021]: getMarketItemName: 35542 Name: DEF base stat    

[Print][Fri Sep 17 14:30:52 2021]: getMarketItemName: 35548 Name: uva    

[Print][Fri Sep 17 14:30:52 2021]: getMarketItemName: 35549 Name: cup noodle    

[Print][Fri Sep 17 14:30:52 2021]: getMarketItemName: 14463 Name: rare candy    

[Print][Fri Sep 17 14:30:52 2021]: getMarketItemName: 35541 Name: SP.ATK base stat    

[Print][Fri Sep 17 14:30:52 2021]: getMarketItemName: 35540 Name: ATK base stat    

[Print][Fri Sep 17 14:30:52 2021]: getMarketItemName: 35544 Name: SPEED base stat    

[Print][Fri Sep 17 14:30:52 2021]: getMarketItemName: 35544 Name: SPEED base stat    

[Print][Fri Sep 17 14:30:52 2021]: getMarketItemName: 12248 Name: pokemon revive    

[Print][Fri Sep 17 14:30:52 2021]: getMarketItemName: 12159 Name: poke ball    

[Print][Fri Sep 17 14:30:52 2021]: getMarketItemName: 35547 Name: maça    

[Print][Fri Sep 17 14:30:52 2021]: getMarketItemName: 35545 Name: menta    

[Print][Fri Sep 17 14:30:52 2021]: getMarketItemName: 35573 Name: ten thousand note    

[Print][Fri Sep 17 14:30:52 2021]: getMarketItemName: 35548 Name: uva    

[Print][Fri Sep 17 14:30:52 2021]: getMarketItemName: 35546 Name: banana    

[Print][Fri Sep 17 14:30:52 2021]: getMarketItemName: 12159 Name: poke ball    

[Print][Fri Sep 17 14:30:53 2021]: getMarketItemName: 35547 Name: maça    

[Print][Fri Sep 17 14:30:53 2021]: getMarketItemName: 35542 Name: DEF base stat    

[Print][Fri Sep 17 14:30:53 2021]: getMarketItemName: 35548 Name: uva    

[Print][Fri Sep 17 14:30:53 2021]: getMarketItemName: 35549 Name: cup noodle    

[Print][Fri Sep 17 14:30:53 2021]: getMarketItemName: 14463 Name: rare candy    

[Print][Fri Sep 17 14:30:53 2021]: getMarketItemName: 35541 Name: SP.ATK base stat    

[Print][Fri Sep 17 14:30:53 2021]: getMarketItemName: 35540 Name: ATK base stat    

[Print][Fri Sep 17 14:30:53 2021]: getMarketItemName: 35544 Name: SPEED base stat    

[Print][Fri Sep 17 14:30:53 2021]: getMarketItemName: 35544 Name: SPEED base stat    

[Print][Fri Sep 17 14:30:53 2021]: getMarketItemName: 12248 Name: pokemon revive    

[Print][Fri Sep 17 14:30:53 2021]: getMarketItemName: 12159 Name: poke ball    

[Print][Fri Sep 17 14:30:53 2021]: getMarketItemName: 35547 Name: maça    

[Print][Fri Sep 17 14:30:53 2021]: getMarketItemName: 35545 Name: menta    

[Print][Fri Sep 17 14:30:53 2021]: getMarketItemName: 35573 Name: ten thousand note    

[Print][Fri Sep 17 14:30:53 2021]: getMarketItemName: 35548 Name: uva    

[Print][Fri Sep 17 14:30:53 2021]: getMarketItemName: 35546 Name: banana    

[Print][Fri Sep 17 14:30:53 2021]: getMarketItemName: 12159 Name: poke ball    

[Print][Fri Sep 17 14:30:54 2021]: getMarketItemName: 35547 Name: maça    

[Print][Fri Sep 17 14:30:54 2021]: getMarketItemName: 35542 Name: DEF base stat    

[Print][Fri Sep 17 14:30:54 2021]: getMarketItemName: 35548 Name: uva    

[Print][Fri Sep 17 14:30:54 2021]: getMarketItemName: 35549 Name: cup noodle    

[Print][Fri Sep 17 14:30:54 2021]: getMarketItemName: 14463 Name: rare candy    

[Print][Fri Sep 17 14:30:54 2021]: getMarketItemName: 35541 Name: SP.ATK base stat    

[Print][Fri Sep 17 14:30:54 2021]: getMarketItemName: 35540 Name: ATK base stat    

[Print][Fri Sep 17 14:30:54 2021]: getMarketItemName: 35544 Name: SPEED base stat    

[Print][Fri Sep 17 14:30:54 2021]: getMarketItemName: 35544 Name: SPEED base stat    

[Print][Fri Sep 17 14:30:54 2021]: getMarketItemName: 12248 Name: pokemon revive    

[Print][Fri Sep 17 14:30:54 2021]: getMarketItemName: 12159 Name: poke ball    

[Print][Fri Sep 17 14:30:54 2021]: getMarketItemName: 35547 Name: maça    

[Print][Fri Sep 17 14:30:54 2021]: getMarketItemName: 35545 Name: menta    

[Print][Fri Sep 17 14:30:54 2021]: getMarketItemName: 35573 Name: ten thousand note    

[Print][Fri Sep 17 14:30:54 2021]: getMarketItemName: 35548 Name: uva    

[Print][Fri Sep 17 14:30:54 2021]: getMarketItemName: 35546 Name: banana    

[Print][Fri Sep 17 14:30:54 2021]: getMarketItemName: 12159 Name: poke ball    

[Print][Fri Sep 17 14:30:55 2021]: getMarketItemName: 35547 Name: maça    

[Print][Fri Sep 17 14:30:55 2021]: getMarketItemName: 35542 Name: DEF base stat    

[Print][Fri Sep 17 14:30:55 2021]: getMarketItemName: 35548 Name: uva    

[Print][Fri Sep 17 14:30:55 2021]: getMarketItemName: 35549 Name: cup noodle    

[Print][Fri Sep 17 14:30:55 2021]: getMarketItemName: 14463 Name: rare candy    

[Print][Fri Sep 17 14:30:55 2021]: getMarketItemName: 35541 Name: SP.ATK base stat    

[Print][Fri Sep 17 14:30:55 2021]: getMarketItemName: 35540 Name: ATK base stat    

[Print][Fri Sep 17 14:30:55 2021]: getMarketItemName: 35544 Name: SPEED base stat    

[Print][Fri Sep 17 14:30:55 2021]: getMarketItemName: 35544 Name: SPEED base stat    

[Print][Fri Sep 17 14:30:55 2021]: getMarketItemName: 12248 Name: pokemon revive    

[Print][Fri Sep 17 14:30:55 2021]: getMarketItemName: 12159 Name: poke ball    

[Print][Fri Sep 17 14:30:55 2021]: getMarketItemName: 35547 Name: maça    

[Print][Fri Sep 17 14:30:55 2021]: getMarketItemName: 35545 Name: menta    

[Print][Fri Sep 17 14:30:55 2021]: getMarketItemName: 35573 Name: ten thousand note    

[Print][Fri Sep 17 14:30:55 2021]: getMarketItemName: 35548 Name: uva    

[Print][Fri Sep 17 14:30:55 2021]: getMarketItemName: 35546 Name: banana    

[Print][Fri Sep 17 14:30:55 2021]: getMarketItemName: 12159 Name: poke ball    

[Print][Fri Sep 17 14:30:56 2021]: getMarketItemName: 35547 Name: maça    

[Print][Fri Sep 17 14:30:56 2021]: getMarketItemName: 35542 Name: DEF base stat    

[Print][Fri Sep 17 14:30:56 2021]: getMarketItemName: 35548 Name: uva    

[Print][Fri Sep 17 14:30:56 2021]: getMarketItemName: 35549 Name: cup noodle    

[Print][Fri Sep 17 14:30:56 2021]: getMarketItemName: 14463 Name: rare candy    

[Print][Fri Sep 17 14:30:56 2021]: getMarketItemName: 35541 Name: SP.ATK base stat    

[Print][Fri Sep 17 14:30:56 2021]: getMarketItemName: 35540 Name: ATK base stat    

[Print][Fri Sep 17 14:30:56 2021]: getMarketItemName: 35544 Name: SPEED base stat    

[Print][Fri Sep 17 14:30:56 2021]: getMarketItemName: 35544 Name: SPEED base stat    

[Print][Fri Sep 17 14:30:56 2021]: getMarketItemName: 12248 Name: pokemon revive    

[Print][Fri Sep 17 14:30:56 2021]: getMarketItemName: 12159 Name: poke ball    

[Print][Fri Sep 17 14:30:56 2021]: getMarketItemName: 35547 Name: maça    

[Print][Fri Sep 17 14:30:56 2021]: getMarketItemName: 35545 Name: menta    

[Print][Fri Sep 17 14:30:56 2021]: getMarketItemName: 35573 Name: ten thousand note    

[Print][Fri Sep 17 14:30:56 2021]: getMarketItemName: 35548 Name: uva    

[Print][Fri Sep 17 14:30:56 2021]: getMarketItemName: 35546 Name: banana    

[Print][Fri Sep 17 14:30:56 2021]: getMarketItemName: 12159 Name: poke ball    

[Print][Fri Sep 17 14:31:07 2021]: getMarketItemName: 35547 Name: maça    

[Print][Fri Sep 17 14:31:07 2021]: getMarketItemName: 35542 Name: DEF base stat    

[Print][Fri Sep 17 14:31:07 2021]: getMarketItemName: 35548 Name: uva    

[Print][Fri Sep 17 14:31:07 2021]: getMarketItemName: 35549 Name: cup noodle    

[Print][Fri Sep 17 14:31:07 2021]: getMarketItemName: 14463 Name: rare candy    

[Print][Fri Sep 17 14:31:07 2021]: getMarketItemName: 35541 Name: SP.ATK base stat    

[Print][Fri Sep 17 14:31:07 2021]: getMarketItemName: 35540 Name: ATK base stat    

[Print][Fri Sep 17 14:31:07 2021]: getMarketItemName: 35544 Name: SPEED base stat    

[Print][Fri Sep 17 14:31:07 2021]: getMarketItemName: 35544 Name: SPEED base stat    

[Print][Fri Sep 17 14:31:07 2021]: getMarketItemName: 12248 Name: pokemon revive    

[Print][Fri Sep 17 14:31:07 2021]: getMarketItemName: 12159 Name: poke ball    

[Print][Fri Sep 17 14:31:07 2021]: getMarketItemName: 35547 Name: maça    

[Print][Fri Sep 17 14:31:07 2021]: getMarketItemName: 35545 Name: menta    

[Print][Fri Sep 17 14:31:07 2021]: getMarketItemName: 35573 Name: ten thousand note    

[Print][Fri Sep 17 14:31:07 2021]: getMarketItemName: 35548 Name: uva    

[Print][Fri Sep 17 14:31:07 2021]: getMarketItemName: 35546 Name: banana    

[Print][Fri Sep 17 14:31:07 2021]: getMarketItemName: 12159 Name: poke ball    

[Print][Fri Sep 17 14:31:13 2021]: getMarketItemName: 35547 Name: maça    

[Print][Fri Sep 17 14:31:13 2021]: getMarketItemName: 35542 Name: DEF base stat    

[Print][Fri Sep 17 14:31:13 2021]: getMarketItemName: 35548 Name: uva    

[Print][Fri Sep 17 14:31:13 2021]: getMarketItemName: 35549 Name: cup noodle    

[Print][Fri Sep 17 14:31:13 2021]: getMarketItemName: 14463 Name: rare candy    

[Print][Fri Sep 17 14:31:13 2021]: getMarketItemName: 35541 Name: SP.ATK base stat    

[Print][Fri Sep 17 14:31:13 2021]: getMarketItemName: 35540 Name: ATK base stat    

[Print][Fri Sep 17 14:31:13 2021]: getMarketItemName: 35544 Name: SPEED base stat    

[Print][Fri Sep 17 14:31:13 2021]: getMarketItemName: 35544 Name: SPEED base stat    

[Print][Fri Sep 17 14:31:13 2021]: getMarketItemName: 12248 Name: pokemon revive    

[Print][Fri Sep 17 14:31:13 2021]: getMarketItemName: 12159 Name: poke ball    

[Print][Fri Sep 17 14:31:13 2021]: getMarketItemName: 35547 Name: maça    

[Print][Fri Sep 17 14:31:13 2021]: getMarketItemName: 35545 Name: menta    

[Print][Fri Sep 17 14:31:13 2021]: getMarketItemName: 35573 Name: ten thousand note    

[Print][Fri Sep 17 14:31:13 2021]: getMarketItemName: 35548 Name: uva    

[Print][Fri Sep 17 14:31:13 2021]: getMarketItemName: 35546 Name: banana    

[Print][Fri Sep 17 14:31:13 2021]: getMarketItemName: 12159 Name: poke ball    

[Print][Fri Sep 17 14:31:13 2021]: >> Cleaning players online status...    

[Print][Fri Sep 17 14:31:13 2021]: > Done in 0.03 seconds    

[Print][Fri Sep 17 14:31:13 2021]: >> Loading PvP Arenas...    

[Print][Fri Sep 17 14:31:13 2021]: > Done in 0.00 seconds    

[Print][Fri Sep 17 14:31:13 2021]: >> Loading Caught Highscores...    

[Print][Fri Sep 17 14:31:13 2021]: > Done in 0.00 seconds    

[Print][Fri Sep 17 14:31:13 2021]: >> Loading Tournament Highscores...    

[Print][Fri Sep 17 14:31:13 2021]: > Done in 0.00 seconds    

[Print][Fri Sep 17 14:31:13 2021]: >> Loading Berry Trees...    

[Print][Fri Sep 17 14:31:14 2021]: > Done in 0.04 seconds    

[Print][Fri Sep 17 14:31:14 2021]: >> Cleaning Mastery Dungeons...    

[Print][Fri Sep 17 14:31:14 2021]: > Done in 0.00 seconds    

[Print][Fri Sep 17 14:31:14 2021]: >> Loading Bosses...    

[Print][Fri Sep 17 14:31:14 2021]: >> Scheduled Boss Spawn: The A. Mesmer in 10 hours, 18 minutes and 31 seconds    

[Print][Fri Sep 17 14:31:14 2021]: > Done in 0.01 seconds    

[Print][Fri Sep 17 14:31:14 2021]: >> Loading Highscores...    

[Print][Fri Sep 17 14:31:14 2021]: > Done in 0.00 seconds    

[Print][Fri Sep 17 14:31:14 2021]: >> Loading Ball Pillars...    

[Print][Fri Sep 17 14:31:14 2021]: > Done in 0.00 seconds    

[Print][Fri Sep 17 14:31:14 2021]: >> Loading Citizens...    

[Print][Fri Sep 17 14:31:14 2021]: > Done in 0.48 seconds    

[Print][Fri Sep 17 14:31:14 2021]: >> Loading Ranks...    

[Print][Fri Sep 17 14:31:14 2021]: > Done in 0.00 seconds    

[Print][Fri Sep 17 14:31:14 2021]: >> All done on Fri Sep 17 14:31:14 2021    

[Print][Fri Sep 17 14:33:50 2021]: getMarketItemName: 35547 Name: maça    

[Print][Fri Sep 17 14:33:50 2021]: getMarketPokeName: 35547 Name: maça    

[Print][Fri Sep 17 14:33:50 2021]: getMarketItemName: 35542 Name: DEF base stat    

[Print][Fri Sep 17 14:33:50 2021]: getMarketPokeName: 35542 Name: DEF base stat    

[Print][Fri Sep 17 14:33:50 2021]: getMarketItemName: 35548 Name: uva    

[Print][Fri Sep 17 14:33:50 2021]: getMarketPokeName: 35548 Name: uva    

[Print][Fri Sep 17 14:33:50 2021]: getMarketItemName: 35549 Name: cup noodle    

[Print][Fri Sep 17 14:33:50 2021]: getMarketPokeName: 35549 Name: cup noodle    

[Print][Fri Sep 17 14:33:50 2021]: getMarketItemName: 14463 Name: rare candy    

[Print][Fri Sep 17 14:33:50 2021]: getMarketPokeName: 14463 Name: rare candy    

[Print][Fri Sep 17 14:33:50 2021]: getMarketItemName: 35541 Name: SP.ATK base stat    

[Print][Fri Sep 17 14:33:50 2021]: getMarketPokeName: 35541 Name: SP.ATK base stat    

[Print][Fri Sep 17 14:33:50 2021]: getMarketItemName: 35540 Name: ATK base stat    

[Print][Fri Sep 17 14:33:50 2021]: getMarketPokeName: 35540 Name: ATK base stat    

[Print][Fri Sep 17 14:33:50 2021]: getMarketItemName: 35544 Name: SPEED base stat    

[Print][Fri Sep 17 14:33:50 2021]: getMarketPokeName: 35544 Name: SPEED base stat    

[Print][Fri Sep 17 14:33:50 2021]: getMarketItemName: 35544 Name: SPEED base stat    

[Print][Fri Sep 17 14:33:50 2021]: getMarketPokeName: 35544 Name: SPEED base stat    

[Print][Fri Sep 17 14:33:50 2021]: getMarketItemName: 12248 Name: pokemon revive    

[Print][Fri Sep 17 14:33:50 2021]: getMarketPokeName: 12248 Name: pokemon revive    

[Print][Fri Sep 17 14:33:50 2021]: getMarketItemName: 12159 Name: poke ball    

[Print][Fri Sep 17 14:33:50 2021]: getMarketPokeName: 12159 Name: poke ball    

[Print][Fri Sep 17 14:33:50 2021]: getMarketItemName: 35547 Name: maça    

[Print][Fri Sep 17 14:33:50 2021]: getMarketPokeName: 35547 Name: maça    

[Print][Fri Sep 17 14:33:50 2021]: getMarketItemName: 35545 Name: menta    

[Print][Fri Sep 17 14:33:50 2021]: getMarketPokeName: 35545 Name: menta    

[Print][Fri Sep 17 14:33:50 2021]: getMarketItemName: 35573 Name: ten thousand note    

[Print][Fri Sep 17 14:33:50 2021]: getMarketPokeName: 35573 Name: ten thousand note    

[Print][Fri Sep 17 14:33:50 2021]: getMarketItemName: 35548 Name: uva    

[Print][Fri Sep 17 14:33:50 2021]: getMarketPokeName: 35548 Name: uva    

[Print][Fri Sep 17 14:33:50 2021]: getMarketItemName: 35546 Name: banana    

[Print][Fri Sep 17 14:33:50 2021]: getMarketPokeName: 35546 Name: banana    

[Print][Fri Sep 17 14:33:50 2021]: getMarketItemName: 12159 Name: poke ball    

[Print][Fri Sep 17 14:33:50 2021]: getMarketPokeName: 12159 Name: poke ball    

[Print][Fri Sep 17 14:33:51 2021]: getMarketItemName: 35547 Name: maça    

[Print][Fri Sep 17 14:33:51 2021]: getMarketPokeName: 35547 Name: maça    

[Print][Fri Sep 17 14:33:51 2021]: getMarketItemName: 35542 Name: DEF base stat    

[Print][Fri Sep 17 14:33:51 2021]: getMarketPokeName: 35542 Name: DEF base stat    

[Print][Fri Sep 17 14:33:51 2021]: getMarketItemName: 35548 Name: uva    

[Print][Fri Sep 17 14:33:51 2021]: getMarketPokeName: 35548 Name: uva    

[Print][Fri Sep 17 14:33:51 2021]: getMarketItemName: 35549 Name: cup noodle    

[Print][Fri Sep 17 14:33:51 2021]: getMarketPokeName: 35549 Name: cup noodle    

[Print][Fri Sep 17 14:33:51 2021]: getMarketItemName: 14463 Name: rare candy    

[Print][Fri Sep 17 14:33:51 2021]: getMarketPokeName: 14463 Name: rare candy    

[Print][Fri Sep 17 14:33:51 2021]: getMarketItemName: 35541 Name: SP.ATK base stat    

[Print][Fri Sep 17 14:33:51 2021]: getMarketPokeName: 35541 Name: SP.ATK base stat    

[Print][Fri Sep 17 14:33:51 2021]: getMarketItemName: 35540 Name: ATK base stat    

[Print][Fri Sep 17 14:33:51 2021]: getMarketPokeName: 35540 Name: ATK base stat    

[Print][Fri Sep 17 14:33:51 2021]: getMarketItemName: 35544 Name: SPEED base stat    

[Print][Fri Sep 17 14:33:51 2021]: getMarketPokeName: 35544 Name: SPEED base stat    

[Print][Fri Sep 17 14:33:51 2021]: getMarketItemName: 35544 Name: SPEED base stat    

[Print][Fri Sep 17 14:33:51 2021]: getMarketPokeName: 35544 Name: SPEED base stat    

[Print][Fri Sep 17 14:33:51 2021]: getMarketItemName: 12248 Name: pokemon revive    

[Print][Fri Sep 17 14:33:51 2021]: getMarketPokeName: 12248 Name: pokemon revive    

[Print][Fri Sep 17 14:33:51 2021]: getMarketItemName: 12159 Name: poke ball    

[Print][Fri Sep 17 14:33:51 2021]: getMarketPokeName: 12159 Name: poke ball    

[Print][Fri Sep 17 14:33:51 2021]: getMarketItemName: 35547 Name: maça    

[Print][Fri Sep 17 14:33:51 2021]: getMarketPokeName: 35547 Name: maça    

[Print][Fri Sep 17 14:33:51 2021]: getMarketItemName: 35545 Name: menta    

[Print][Fri Sep 17 14:33:51 2021]: getMarketPokeName: 35545 Name: menta    

[Print][Fri Sep 17 14:33:51 2021]: getMarketItemName: 35573 Name: ten thousand note    

[Print][Fri Sep 17 14:33:51 2021]: getMarketPokeName: 35573 Name: ten thousand note    

[Print][Fri Sep 17 14:33:51 2021]: getMarketItemName: 35548 Name: uva    

[Print][Fri Sep 17 14:33:51 2021]: getMarketPokeName: 35548 Name: uva    

[Print][Fri Sep 17 14:33:51 2021]: getMarketItemName: 35546 Name: banana    

[Print][Fri Sep 17 14:33:51 2021]: getMarketPokeName: 35546 Name: banana    

[Print][Fri Sep 17 14:33:51 2021]: getMarketItemName: 12159 Name: poke ball    

[Print][Fri Sep 17 14:33:51 2021]: getMarketPokeName: 12159 Name: poke ball    

[Print][Fri Sep 17 14:33:57 2021]: getMarketPokeName: 12159 Name: poke ball    

[Print][Fri Sep 17 14:34:52 2021]: getMarketItemName: 35547 Name: maça    

[Print][Fri Sep 17 14:34:52 2021]: getMarketItemName: 35542 Name: DEF base stat    

[Print][Fri Sep 17 14:34:52 2021]: getMarketItemName: 35548 Name: uva    

[Print][Fri Sep 17 14:34:52 2021]: getMarketItemName: 35549 Name: cup noodle    

[Print][Fri Sep 17 14:34:52 2021]: getMarketItemName: 14463 Name: rare candy    

[Print][Fri Sep 17 14:34:52 2021]: getMarketItemName: 35541 Name: SP.ATK base stat    

[Print][Fri Sep 17 14:34:52 2021]: getMarketItemName: 35540 Name: ATK base stat    

[Print][Fri Sep 17 14:34:52 2021]: getMarketItemName: 35544 Name: SPEED base stat    

[Print][Fri Sep 17 14:34:52 2021]: getMarketItemName: 35544 Name: SPEED base stat    

[Print][Fri Sep 17 14:34:52 2021]: getMarketItemName: 12248 Name: pokemon revive    

[Print][Fri Sep 17 14:34:52 2021]: getMarketItemName: 12159 Name: poke ball    

[Print][Fri Sep 17 14:34:52 2021]: getMarketPokeName: 12159 Name: Bulbasaur    

[Print][Fri Sep 17 14:34:52 2021]: getMarketItemName: 35547 Name: maça    

[Print][Fri Sep 17 14:34:52 2021]: getMarketItemName: 35545 Name: menta    

[Print][Fri Sep 17 14:34:52 2021]: getMarketItemName: 35573 Name: ten thousand note    

[Print][Fri Sep 17 14:34:52 2021]: getMarketItemName: 35548 Name: uva    

[Print][Fri Sep 17 14:34:52 2021]: getMarketItemName: 35546 Name: banana    

[Print][Fri Sep 17 14:34:52 2021]: getMarketItemName: 12159 Name: poke ball    

[Print][Fri Sep 17 14:34:52 2021]: getMarketPokeName: 12159 Name: Gengar    

[Print][Fri Sep 17 14:34:53 2021]: getMarketItemName: 35547 Name: maça    

[Print][Fri Sep 17 14:34:53 2021]: getMarketItemName: 35542 Name: DEF base stat    

[Print][Fri Sep 17 14:34:53 2021]: getMarketItemName: 35548 Name: uva    

[Print][Fri Sep 17 14:34:53 2021]: getMarketItemName: 35549 Name: cup noodle    

[Print][Fri Sep 17 14:34:53 2021]: getMarketItemName: 14463 Name: rare candy    

[Print][Fri Sep 17 14:34:53 2021]: getMarketItemName: 35541 Name: SP.ATK base stat    

[Print][Fri Sep 17 14:34:53 2021]: getMarketItemName: 35540 Name: ATK base stat    

[Print][Fri Sep 17 14:34:53 2021]: getMarketItemName: 35544 Name: SPEED base stat    

[Print][Fri Sep 17 14:34:53 2021]: getMarketItemName: 35544 Name: SPEED base stat    

[Print][Fri Sep 17 14:34:53 2021]: getMarketItemName: 12248 Name: pokemon revive    

[Print][Fri Sep 17 14:34:53 2021]: getMarketItemName: 12159 Name: poke ball    

[Print][Fri Sep 17 14:34:53 2021]: getMarketPokeName: 12159 Name: Bulbasaur    

[Print][Fri Sep 17 14:34:53 2021]: getMarketItemName: 35547 Name: maça    

[Print][Fri Sep 17 14:34:53 2021]: getMarketItemName: 35545 Name: menta    

[Print][Fri Sep 17 14:34:53 2021]: getMarketItemName: 35573 Name: ten thousand note    

[Print][Fri Sep 17 14:34:53 2021]: getMarketItemName: 35548 Name: uva    

[Print][Fri Sep 17 14:34:53 2021]: getMarketItemName: 35546 Name: banana    

[Print][Fri Sep 17 14:34:53 2021]: getMarketItemName: 12159 Name: poke ball    

[Print][Fri Sep 17 14:34:53 2021]: getMarketPokeName: 12159 Name: Gengar    

[Print][Fri Sep 17 20:05:18 2021]: >> Cleaning players online status...    

[Print][Fri Sep 17 20:05:18 2021]: > Done in 0.04 seconds    

[Print][Fri Sep 17 20:05:18 2021]: >> Loading PvP Arenas...    

[Print][Fri Sep 17 20:05:18 2021]: > Done in 0.00 seconds    

[Print][Fri Sep 17 20:05:18 2021]: >> Loading Caught Highscores...    

[Print][Fri Sep 17 20:05:18 2021]: > Done in 0.01 seconds    

[Print][Fri Sep 17 20:05:18 2021]: >> Loading Tournament Highscores...    

[Print][Fri Sep 17 20:05:18 2021]: > Done in 0.00 seconds    

[Print][Fri Sep 17 20:05:18 2021]: >> Loading Berry Trees...    

[Print][Fri Sep 17 20:05:18 2021]: > Done in 0.02 seconds    

[Print][Fri Sep 17 20:05:18 2021]: >> Cleaning Mastery Dungeons...    

[Print][Fri Sep 17 20:05:18 2021]: > Done in 0.00 seconds    

[Print][Fri Sep 17 20:05:18 2021]: >> Loading Bosses...    

[Print][Fri Sep 17 20:05:18 2021]: >> Scheduled Boss Spawn: Kirby in 10 hours, 43 minutes and 10 seconds    

[Print][Fri Sep 17 20:05:18 2021]: > Done in 0.01 seconds    

[Print][Fri Sep 17 20:05:18 2021]: >> Loading Highscores...    

[Print][Fri Sep 17 20:05:18 2021]: > Done in 0.00 seconds    

[Print][Fri Sep 17 20:05:18 2021]: >> Loading Ball Pillars...    

[Print][Fri Sep 17 20:05:18 2021]: > Done in 0.03 seconds    

[Print][Fri Sep 17 20:05:18 2021]: >> Loading Citizens...    

[Print][Fri Sep 17 20:05:18 2021]: > Done in 0.50 seconds    

[Print][Fri Sep 17 20:05:18 2021]: >> Loading Ranks...    

[Print][Fri Sep 17 20:05:18 2021]: > Done in 0.00 seconds    

[Print][Fri Sep 17 20:05:18 2021]: >> All done on Fri Sep 17 20:05:18 2021    

[Print][Fri Sep 17 22:40:24 2021]: >> Cleaning players online status...    

[Print][Fri Sep 17 22:40:24 2021]: > Done in 0.03 seconds    

[Print][Fri Sep 17 22:40:24 2021]: >> Loading PvP Arenas...    

[Print][Fri Sep 17 22:40:24 2021]: > Done in 0.00 seconds    

[Print][Fri Sep 17 22:40:24 2021]: >> Loading Caught Highscores...    

[Print][Fri Sep 17 22:40:24 2021]: > Done in 0.01 seconds    

[Print][Fri Sep 17 22:40:24 2021]: >> Loading Tournament Highscores...    

[Print][Fri Sep 17 22:40:24 2021]: > Done in 0.00 seconds    

[Print][Fri Sep 17 22:40:24 2021]: >> Loading Berry Trees...    

[Print][Fri Sep 17 22:40:24 2021]: > Done in 0.01 seconds    

[Print][Fri Sep 17 22:40:24 2021]: >> Cleaning Mastery Dungeons...    

[Print][Fri Sep 17 22:40:24 2021]: > Done in 0.00 seconds    

[Print][Fri Sep 17 22:40:24 2021]: >> Loading Bosses...    

[Print][Fri Sep 17 22:40:24 2021]: >> Scheduled Boss Spawn: Kirby in 10 hours, 54 minutes and 57 seconds    

[Print][Fri Sep 17 22:40:24 2021]: > Done in 0.00 seconds    

[Print][Fri Sep 17 22:40:24 2021]: >> Loading Highscores...    

[Print][Fri Sep 17 22:40:24 2021]: > Done in 0.00 seconds    

[Print][Fri Sep 17 22:40:24 2021]: >> Loading Ball Pillars...    

[Print][Fri Sep 17 22:40:24 2021]: > Done in 0.01 seconds    

[Print][Fri Sep 17 22:40:24 2021]: >> Loading Citizens...    

[Print][Fri Sep 17 22:40:24 2021]: > Done in 0.51 seconds    

[Print][Fri Sep 17 22:40:24 2021]: >> Loading Ranks...    

[Print][Fri Sep 17 22:40:24 2021]: > Done in 0.00 seconds    

[Print][Fri Sep 17 22:40:24 2021]: >> All done on Fri Sep 17 22:40:24 2021    

[Print][Fri Sep 17 23:55:16 2021]: 

[Print][Fri Sep 17 23:55:17 2021]: 

[Print][Fri Sep 17 23:55:18 2021]: 

[Print][Fri Sep 17 23:55:19 2021]: 

[Print][Fri Sep 17 23:55:20 2021]: 

[Print][Fri Sep 17 23:55:20 2021]: 

[Print][Fri Sep 17 23:55:21 2021]: 

[Print][Fri Sep 17 23:55:31 2021]: 

[Print][Fri Sep 17 23:55:37 2021]: 

[Print][Fri Sep 17 23:55:38 2021]: >> Cleaning players online status...    

[Print][Fri Sep 17 23:55:38 2021]: > Done in 0.02 seconds    

[Print][Fri Sep 17 23:55:38 2021]: >> Loading PvP Arenas...    

[Print][Fri Sep 17 23:55:38 2021]: > Done in 0.00 seconds    

[Print][Fri Sep 17 23:55:38 2021]: >> Loading Caught Highscores...    

[Print][Fri Sep 17 23:55:38 2021]: > Done in 0.00 seconds    

[Print][Fri Sep 17 23:55:38 2021]: >> Loading Tournament Highscores...    

[Print][Fri Sep 17 23:55:38 2021]: > Done in 0.00 seconds    

[Print][Fri Sep 17 23:55:38 2021]: >> Loading Berry Trees...    

[Print][Fri Sep 17 23:55:38 2021]: > Done in 0.06 seconds    

[Print][Fri Sep 17 23:55:38 2021]: >> Cleaning Mastery Dungeons...    

[Print][Fri Sep 17 23:55:38 2021]: > Done in 0.00 seconds    

[Print][Fri Sep 17 23:55:38 2021]: >> Loading Bosses...    

[Print][Fri Sep 17 23:55:38 2021]: >> Scheduled Boss Spawn: Blastertoise in 12 hours, 50 minutes and 12 seconds    

[Print][Fri Sep 17 23:55:38 2021]: > Done in 0.01 seconds    

[Print][Fri Sep 17 23:55:38 2021]: >> Loading Highscores...    

[Print][Fri Sep 17 23:55:38 2021]: > Done in 0.00 seconds    

[Print][Fri Sep 17 23:55:38 2021]: >> Loading Ball Pillars...    

[Print][Fri Sep 17 23:55:38 2021]: > Done in 0.01 seconds    

[Print][Fri Sep 17 23:55:38 2021]: >> Loading Citizens...    

[Print][Fri Sep 17 23:55:38 2021]: > Done in 0.43 seconds    

[Print][Fri Sep 17 23:55:38 2021]: >> Loading Ranks...    

[Print][Fri Sep 17 23:55:38 2021]: > Done in 0.00 seconds    

[Print][Fri Sep 17 23:55:38 2021]: >> All done on Fri Sep 17 23:55:38 2021    

[Print][Fri Sep 17 23:57:52 2021]: >> Cleaning players online status...    

[Print][Fri Sep 17 23:57:52 2021]: > Done in 0.04 seconds    

[Print][Fri Sep 17 23:57:52 2021]: >> Loading PvP Arenas...    

[Print][Fri Sep 17 23:57:52 2021]: > Done in 0.00 seconds    

[Print][Fri Sep 17 23:57:52 2021]: >> Loading Caught Highscores...    

[Print][Fri Sep 17 23:57:52 2021]: > Done in 0.00 seconds    

[Print][Fri Sep 17 23:57:52 2021]: >> Loading Tournament Highscores...    

[Print][Fri Sep 17 23:57:52 2021]: > Done in 0.01 seconds    

[Print][Fri Sep 17 23:57:52 2021]: >> Loading Berry Trees...    

[Print][Fri Sep 17 23:57:52 2021]: > Done in 0.00 seconds    

[Print][Fri Sep 17 23:57:52 2021]: >> Cleaning Mastery Dungeons...    

[Print][Fri Sep 17 23:57:52 2021]: > Done in 0.00 seconds    

[Print][Fri Sep 17 23:57:52 2021]: >> Loading Bosses...    

[Print][Fri Sep 17 23:57:52 2021]: >> Scheduled Boss Spawn: Smaug in 13 hours, 57 minutes and 32 seconds    

[Print][Fri Sep 17 23:57:52 2021]: > Done in 0.01 seconds    

[Print][Fri Sep 17 23:57:52 2021]: >> Loading Highscores...    

[Print][Fri Sep 17 23:57:52 2021]: > Done in 0.00 seconds    

[Print][Fri Sep 17 23:57:52 2021]: >> Loading Ball Pillars...    

[Print][Fri Sep 17 23:57:52 2021]: > Done in 0.00 seconds    

[Print][Fri Sep 17 23:57:52 2021]: >> Loading Citizens...    

[Print][Fri Sep 17 23:57:53 2021]: > Done in 0.42 seconds    

[Print][Fri Sep 17 23:57:53 2021]: >> Loading Ranks...    

[Print][Fri Sep 17 23:57:53 2021]: > Done in 0.00 seconds    

[Print][Fri Sep 17 23:57:53 2021]: >> All done on Fri Sep 17 23:57:53 2021    

