[Print][Mon Sep 13 02:38:47 2021]: >> Cleaning players online status...    

[Print][Mon Sep 13 02:38:47 2021]: > Done in 0.06 seconds    

[Print][Mon Sep 13 02:38:47 2021]: >> Loading PvP Arenas...    

[Print][Mon Sep 13 02:38:47 2021]: > Done in 0.00 seconds    

[Print][Mon Sep 13 02:38:47 2021]: >> Loading Caught Highscores...    

[Print][Mon Sep 13 02:38:47 2021]: > Done in 0.02 seconds    

[Print][Mon Sep 13 02:38:47 2021]: >> Loading Tournament Highscores...    

[Print][Mon Sep 13 02:38:47 2021]: > Done in 0.00 seconds    

[Print][Mon Sep 13 02:38:47 2021]: >> Loading Berry Trees...    

[Print][Mon Sep 13 02:38:47 2021]: > Done in 0.06 seconds    

[Print][Mon Sep 13 02:38:47 2021]: >> Cleaning Mastery Dungeons...    

[Print][Mon Sep 13 02:38:47 2021]: > Done in 0.00 seconds    

[Print][Mon Sep 13 02:38:47 2021]: >> Loading Bosses...    

[Print][Mon Sep 13 02:38:47 2021]: >> Scheduled Boss Spawn: Blastertoise in 14 hours, 47 minutes and 20 seconds    

[Print][Mon Sep 13 02:38:47 2021]: > Done in 0.01 seconds    

[Print][Mon Sep 13 02:38:47 2021]: >> Loading Highscores...    

[Print][Mon Sep 13 02:38:48 2021]: > Done in 0.00 seconds    

[Print][Mon Sep 13 02:38:48 2021]: >> Loading Ball Pillars...    

[Print][Mon Sep 13 02:38:48 2021]: > Done in 0.02 seconds    

[Print][Mon Sep 13 02:38:48 2021]: >> Loading Citizens...    

[Print][Mon Sep 13 02:38:49 2021]: > Done in 0.93 seconds    

[Print][Mon Sep 13 02:38:49 2021]: >> Loading Ranks...    

[Print][Mon Sep 13 02:38:49 2021]: > Done in 0.00 seconds    

[Print][Mon Sep 13 02:38:49 2021]: >> All done on Mon Sep 13 02:38:49 2021    

[Print][Mon Sep 13 17:36:22 2021]: >> Cleaning players online status...    

[Print][Mon Sep 13 17:36:22 2021]: > Done in 0.07 seconds    

[Print][Mon Sep 13 17:36:22 2021]: >> Loading PvP Arenas...    

[Print][Mon Sep 13 17:36:22 2021]: > Done in 0.00 seconds    

[Print][Mon Sep 13 17:36:22 2021]: >> Loading Caught Highscores...    

[Print][Mon Sep 13 17:36:22 2021]: > Done in 0.01 seconds    

[Print][Mon Sep 13 17:36:22 2021]: >> Loading Tournament Highscores...    

[Print][Mon Sep 13 17:36:22 2021]: > Done in 0.04 seconds    

[Print][Mon Sep 13 17:36:22 2021]: >> Loading Berry Trees...    

[Print][Mon Sep 13 17:36:22 2021]: > Done in 0.05 seconds    

[Print][Mon Sep 13 17:36:22 2021]: >> Cleaning Mastery Dungeons...    

[Print][Mon Sep 13 17:36:22 2021]: > Done in 0.00 seconds    

[Print][Mon Sep 13 17:36:22 2021]: >> Loading Bosses...    

[Print][Mon Sep 13 17:36:22 2021]: >> Scheduled Boss Spawn: Winged Wisdom in 7 hours, 4 minutes and 22 seconds    

[Print][Mon Sep 13 17:36:22 2021]: > Done in 0.01 seconds    

[Print][Mon Sep 13 17:36:22 2021]: >> Loading Highscores...    

[Print][Mon Sep 13 17:36:22 2021]: > Done in 0.00 seconds    

[Print][Mon Sep 13 17:36:23 2021]: >> Loading Ball Pillars...    

[Print][Mon Sep 13 17:36:23 2021]: > Done in 0.04 seconds    

[Print][Mon Sep 13 17:36:23 2021]: >> Loading Citizens...    

[Print][Mon Sep 13 17:36:23 2021]: > Done in 0.53 seconds    

[Print][Mon Sep 13 17:36:23 2021]: >> Loading Ranks...    

[Print][Mon Sep 13 17:36:23 2021]: > Done in 0.00 seconds    

[Print][Mon Sep 13 17:36:23 2021]: >> All done on Mon Sep 13 17:36:23 2021    

[Print][Mon Sep 13 18:33:30 2021]: >> Cleaning players online status...    

[Print][Mon Sep 13 18:33:30 2021]: > Done in 0.03 seconds    

[Print][Mon Sep 13 18:33:30 2021]: >> Loading PvP Arenas...    

[Print][Mon Sep 13 18:33:30 2021]: > Done in 0.00 seconds    

[Print][Mon Sep 13 18:33:30 2021]: >> Loading Caught Highscores...    

[Print][Mon Sep 13 18:33:30 2021]: > Done in 0.01 seconds    

[Print][Mon Sep 13 18:33:30 2021]: >> Loading Tournament Highscores...    

[Print][Mon Sep 13 18:33:30 2021]: > Done in 0.00 seconds    

[Print][Mon Sep 13 18:33:30 2021]: >> Loading Berry Trees...    

[Print][Mon Sep 13 18:33:30 2021]: > Done in 0.02 seconds    

[Print][Mon Sep 13 18:33:30 2021]: >> Cleaning Mastery Dungeons...    

[Print][Mon Sep 13 18:33:30 2021]: > Done in 0.00 seconds    

[Print][Mon Sep 13 18:33:30 2021]: >> Loading Bosses...    

[Print][Mon Sep 13 18:33:30 2021]: >> Scheduled Boss Spawn: The Turbo in 6 hours, 58 minutes and 55 seconds    

[Print][Mon Sep 13 18:33:30 2021]: > Done in 0.01 seconds    

[Print][Mon Sep 13 18:33:30 2021]: >> Loading Highscores...    

[Print][Mon Sep 13 18:33:30 2021]: > Done in 0.00 seconds    

[Print][Mon Sep 13 18:33:30 2021]: >> Loading Ball Pillars...    

[Print][Mon Sep 13 18:33:30 2021]: > Done in 0.00 seconds    

[Print][Mon Sep 13 18:33:30 2021]: >> Loading Citizens...    

[Print][Mon Sep 13 18:33:31 2021]: > Done in 0.39 seconds    

[Print][Mon Sep 13 18:33:31 2021]: >> Loading Ranks...    

[Print][Mon Sep 13 18:33:31 2021]: > Done in 0.00 seconds    

[Print][Mon Sep 13 18:33:31 2021]: >> All done on Mon Sep 13 18:33:31 2021    

[Print][Mon Sep 13 19:28:42 2021]: >> Cleaning players online status...    

[Print][Mon Sep 13 19:28:42 2021]: > Done in 0.03 seconds    

[Print][Mon Sep 13 19:28:42 2021]: >> Loading PvP Arenas...    

[Print][Mon Sep 13 19:28:42 2021]: > Done in 0.00 seconds    

[Print][Mon Sep 13 19:28:42 2021]: >> Loading Caught Highscores...    

[Print][Mon Sep 13 19:28:42 2021]: > Done in 0.00 seconds    

[Print][Mon Sep 13 19:28:42 2021]: >> Loading Tournament Highscores...    

[Print][Mon Sep 13 19:28:42 2021]: > Done in 0.00 seconds    

[Print][Mon Sep 13 19:28:42 2021]: >> Loading Berry Trees...    

[Print][Mon Sep 13 19:28:42 2021]: > Done in 0.01 seconds    

[Print][Mon Sep 13 19:28:42 2021]: >> Cleaning Mastery Dungeons...    

[Print][Mon Sep 13 19:28:42 2021]: > Done in 0.00 seconds    

[Print][Mon Sep 13 19:28:42 2021]: >> Loading Bosses...    

[Print][Mon Sep 13 19:28:42 2021]: >> Scheduled Boss Spawn: Grisly Mind in 12 hours, 41 minutes and 32 seconds    

[Print][Mon Sep 13 19:28:42 2021]: > Done in 0.01 seconds    

[Print][Mon Sep 13 19:28:42 2021]: >> Loading Highscores...    

[Print][Mon Sep 13 19:28:42 2021]: > Done in 0.00 seconds    

[Print][Mon Sep 13 19:28:42 2021]: >> Loading Ball Pillars...    

[Print][Mon Sep 13 19:28:42 2021]: > Done in 0.00 seconds    

[Print][Mon Sep 13 19:28:42 2021]: >> Loading Citizens...    

[Print][Mon Sep 13 19:28:42 2021]: > Done in 0.40 seconds    

[Print][Mon Sep 13 19:28:42 2021]: >> Loading Ranks...    

[Print][Mon Sep 13 19:28:42 2021]: > Done in 0.00 seconds    

[Print][Mon Sep 13 19:28:42 2021]: >> All done on Mon Sep 13 19:28:42 2021    

[Print][Mon Sep 13 21:36:39 2021]: >> Cleaning players online status...    

[Print][Mon Sep 13 21:36:39 2021]: > Done in 0.02 seconds    

[Print][Mon Sep 13 21:36:39 2021]: >> Loading PvP Arenas...    

[Print][Mon Sep 13 21:36:39 2021]: > Done in 0.00 seconds    

[Print][Mon Sep 13 21:36:39 2021]: >> Loading Caught Highscores...    

[Print][Mon Sep 13 21:36:39 2021]: > Done in 0.02 seconds    

[Print][Mon Sep 13 21:36:39 2021]: >> Loading Tournament Highscores...    

[Print][Mon Sep 13 21:36:39 2021]: > Done in 0.00 seconds    

[Print][Mon Sep 13 21:36:39 2021]: >> Loading Berry Trees...    

[Print][Mon Sep 13 21:36:39 2021]: > Done in 0.05 seconds    

[Print][Mon Sep 13 21:36:39 2021]: >> Cleaning Mastery Dungeons...    

[Print][Mon Sep 13 21:36:39 2021]: > Done in 0.00 seconds    

[Print][Mon Sep 13 21:36:39 2021]: >> Loading Bosses...    

[Print][Mon Sep 13 21:36:39 2021]: >> Scheduled Boss Spawn: Sweet Lover in 5 hours, 56 minutes and 31 seconds    

[Print][Mon Sep 13 21:36:39 2021]: > Done in 0.00 seconds    

[Print][Mon Sep 13 21:36:39 2021]: >> Loading Highscores...    

[Print][Mon Sep 13 21:36:39 2021]: > Done in 0.00 seconds    

[Print][Mon Sep 13 21:36:39 2021]: >> Loading Ball Pillars...    

[Print][Mon Sep 13 21:36:39 2021]: > Done in 0.00 seconds    

[Print][Mon Sep 13 21:36:39 2021]: >> Loading Citizens...    

[Print][Mon Sep 13 21:36:40 2021]: > Done in 0.57 seconds    

[Print][Mon Sep 13 21:36:40 2021]: >> Loading Ranks...    

[Print][Mon Sep 13 21:36:40 2021]: > Done in 0.00 seconds    

[Print][Mon Sep 13 21:36:40 2021]: >> All done on Mon Sep 13 21:36:40 2021    

[Print][Mon Sep 13 21:53:58 2021]: >> Cleaning players online status...    

[Print][Mon Sep 13 21:53:58 2021]: > Done in 0.05 seconds    

[Print][Mon Sep 13 21:53:58 2021]: >> Loading PvP Arenas...    

[Print][Mon Sep 13 21:53:58 2021]: > Done in 0.00 seconds    

[Print][Mon Sep 13 21:53:58 2021]: >> Loading Caught Highscores...    

[Print][Mon Sep 13 21:53:58 2021]: > Done in 0.00 seconds    

[Print][Mon Sep 13 21:53:58 2021]: >> Loading Tournament Highscores...    

[Print][Mon Sep 13 21:53:58 2021]: > Done in 0.00 seconds    

[Print][Mon Sep 13 21:53:58 2021]: >> Loading Berry Trees...    

[Print][Mon Sep 13 21:53:58 2021]: > Done in 0.01 seconds    

[Print][Mon Sep 13 21:53:59 2021]: >> Cleaning Mastery Dungeons...    

[Print][Mon Sep 13 21:53:59 2021]: > Done in 0.00 seconds    

[Print][Mon Sep 13 21:53:59 2021]: >> Loading Bosses...    

[Print][Mon Sep 13 21:53:59 2021]: >> Scheduled Boss Spawn: Toby in 12 hours, 1 minute and 19 seconds    

[Print][Mon Sep 13 21:53:59 2021]: > Done in 0.01 seconds    

[Print][Mon Sep 13 21:53:59 2021]: >> Loading Highscores...    

[Print][Mon Sep 13 21:53:59 2021]: > Done in 0.00 seconds    

[Print][Mon Sep 13 21:53:59 2021]: >> Loading Ball Pillars...    

[Print][Mon Sep 13 21:53:59 2021]: > Done in 0.00 seconds    

[Print][Mon Sep 13 21:53:59 2021]: >> Loading Citizens...    

[Print][Mon Sep 13 21:53:59 2021]: > Done in 0.46 seconds    

[Print][Mon Sep 13 21:53:59 2021]: >> Loading Ranks...    

[Print][Mon Sep 13 21:53:59 2021]: > Done in 0.00 seconds    

[Print][Mon Sep 13 21:53:59 2021]: >> All done on Mon Sep 13 21:53:59 2021    

[Print][Mon Sep 13 21:56:26 2021]: received market    

[Print][Mon Sep 13 21:56:34 2021]: received market    

[Print][Mon Sep 13 21:56:51 2021]: received market    

[Print][Mon Sep 13 21:56:55 2021]: received market    

[Print][Mon Sep 13 21:58:01 2021]: received market    

[Print][Mon Sep 13 21:58:02 2021]: received market    

[Print][Mon Sep 13 21:58:03 2021]: received market    

[Print][Mon Sep 13 21:58:03 2021]: received market    

[Print][Mon Sep 13 21:58:05 2021]: received market    

[Print][Mon Sep 13 21:58:05 2021]: received market    

[Print][Mon Sep 13 21:58:06 2021]: received market    

[Print][Mon Sep 13 21:58:06 2021]: received market    

[Print][Mon Sep 13 21:58:06 2021]: received market    

[Print][Mon Sep 13 21:58:56 2021]: received market    

[Print][Mon Sep 13 21:58:59 2021]: received market    

[Print][Mon Sep 13 21:59:05 2021]: received market    

[Print][Mon Sep 13 22:00:04 2021]: received market    

[Print][Mon Sep 13 22:00:10 2021]: received market    

[Print][Mon Sep 13 22:00:13 2021]: received market    

[Print][Mon Sep 13 22:49:13 2021]: >> Cleaning players online status...    

[Print][Mon Sep 13 22:49:13 2021]: > Done in 0.03 seconds    

[Print][Mon Sep 13 22:49:13 2021]: >> Loading PvP Arenas...    

[Print][Mon Sep 13 22:49:13 2021]: > Done in 0.00 seconds    

[Print][Mon Sep 13 22:49:13 2021]: >> Loading Caught Highscores...    

[Print][Mon Sep 13 22:49:13 2021]: > Done in 0.02 seconds    

[Print][Mon Sep 13 22:49:13 2021]: >> Loading Tournament Highscores...    

[Print][Mon Sep 13 22:49:13 2021]: > Done in 0.00 seconds    

[Print][Mon Sep 13 22:49:13 2021]: >> Loading Berry Trees...    

[Print][Mon Sep 13 22:49:13 2021]: > Done in 0.05 seconds    

[Print][Mon Sep 13 22:49:13 2021]: >> Cleaning Mastery Dungeons...    

[Print][Mon Sep 13 22:49:13 2021]: > Done in 0.00 seconds    

[Print][Mon Sep 13 22:49:13 2021]: >> Loading Bosses...    

[Print][Mon Sep 13 22:49:13 2021]: >> Scheduled Boss Spawn: Sweet Lover in 11 hours, 10 minutes and 3 seconds    

[Print][Mon Sep 13 22:49:13 2021]: > Done in 0.00 seconds    

[Print][Mon Sep 13 22:49:13 2021]: >> Loading Highscores...    

[Print][Mon Sep 13 22:49:13 2021]: > Done in 0.00 seconds    

[Print][Mon Sep 13 22:49:13 2021]: >> Loading Ball Pillars...    

[Print][Mon Sep 13 22:49:13 2021]: > Done in 0.02 seconds    

[Print][Mon Sep 13 22:49:13 2021]: >> Loading Citizens...    

[Print][Mon Sep 13 22:49:14 2021]: > Done in 0.43 seconds    

[Print][Mon Sep 13 22:49:14 2021]: >> Loading Ranks...    

[Print][Mon Sep 13 22:49:14 2021]: > Done in 0.00 seconds    

[Print][Mon Sep 13 22:49:14 2021]: >> All done on Mon Sep 13 22:49:14 2021    

[Print][Mon Sep 13 22:50:20 2021]: received market    

[Print][Mon Sep 13 22:50:23 2021]: received market    

[Print][Mon Sep 13 22:50:27 2021]: received market    

[Print][Mon Sep 13 22:51:06 2021]: received market    

[Print][Mon Sep 13 22:51:10 2021]: received market    

[Print][Mon Sep 13 22:51:12 2021]: received market    

[Print][Mon Sep 13 22:51:14 2021]: received market    

[Print][Mon Sep 13 23:00:08 2021]: >> Cleaning players online status...    

[Print][Mon Sep 13 23:00:08 2021]: > Done in 0.03 seconds    

[Print][Mon Sep 13 23:00:08 2021]: >> Loading PvP Arenas...    

[Print][Mon Sep 13 23:00:08 2021]: > Done in 0.00 seconds    

[Print][Mon Sep 13 23:00:08 2021]: >> Loading Caught Highscores...    

[Print][Mon Sep 13 23:00:08 2021]: > Done in 0.00 seconds    

[Print][Mon Sep 13 23:00:08 2021]: >> Loading Tournament Highscores...    

[Print][Mon Sep 13 23:00:08 2021]: > Done in 0.00 seconds    

[Print][Mon Sep 13 23:00:08 2021]: >> Loading Berry Trees...    

[Print][Mon Sep 13 23:00:08 2021]: > Done in 0.03 seconds    

[Print][Mon Sep 13 23:00:08 2021]: >> Cleaning Mastery Dungeons...    

[Print][Mon Sep 13 23:00:08 2021]: > Done in 0.00 seconds    

[Print][Mon Sep 13 23:00:08 2021]: >> Loading Bosses...    

[Print][Mon Sep 13 23:00:08 2021]: >> Scheduled Boss Spawn: Grisly Mind in 9 hours, 29 minutes and 11 seconds    

[Print][Mon Sep 13 23:00:08 2021]: > Done in 0.01 seconds    

[Print][Mon Sep 13 23:00:08 2021]: >> Loading Highscores...    

[Print][Mon Sep 13 23:00:08 2021]: > Done in 0.00 seconds    

[Print][Mon Sep 13 23:00:08 2021]: >> Loading Ball Pillars...    

[Print][Mon Sep 13 23:00:08 2021]: > Done in 0.01 seconds    

[Print][Mon Sep 13 23:00:08 2021]: >> Loading Citizens...    

[Print][Mon Sep 13 23:00:09 2021]: > Done in 0.44 seconds    

[Print][Mon Sep 13 23:00:09 2021]: >> Loading Ranks...    

[Print][Mon Sep 13 23:00:09 2021]: > Done in 0.00 seconds    

[Print][Mon Sep 13 23:00:09 2021]: >> All done on Mon Sep 13 23:00:09 2021    

[Print][Mon Sep 13 23:00:22 2021]: received market    

[Print][Mon Sep 13 23:00:27 2021]: received market    

[Print][Mon Sep 13 23:00:49 2021]: received market    

[Print][Mon Sep 13 23:00:50 2021]: received market    

[Print][Mon Sep 13 23:12:11 2021]: received market    

