[Print][Thu Oct 14 06:00:31 2021]: >> Cleaning players online status...    

[Print][Thu Oct 14 06:00:31 2021]: > Done in 0.02 seconds    

[Print][Thu Oct 14 06:00:31 2021]: >> Loading PvP Arenas...    

[Print][Thu Oct 14 06:00:31 2021]: > Done in 0.00 seconds    

[Print][Thu Oct 14 06:00:31 2021]: >> Loading Caught Highscores...    

[Print][Thu Oct 14 06:00:32 2021]: > Done in 0.00 seconds    

[Print][Thu Oct 14 06:00:32 2021]: >> Loading Tournament Highscores...    

[Print][Thu Oct 14 06:00:32 2021]: > Done in 0.00 seconds    

[Print][Thu Oct 14 06:00:32 2021]: >> Loading Berry Trees...    

[Print][Thu Oct 14 06:00:32 2021]: > Done in 0.06 seconds    

[Print][Thu Oct 14 06:00:32 2021]: >> Cleaning Mastery Dungeons...    

[Print][Thu Oct 14 06:00:32 2021]: > Done in 0.00 seconds    

[Print][Thu Oct 14 06:00:32 2021]: >> Loading Bosses...    

[Print][Thu Oct 14 06:00:32 2021]: >> Scheduled Boss Spawn: Smaug in 14 hours, 34 minutes and 15 seconds    

[Print][Thu Oct 14 06:00:32 2021]: > Done in 0.00 seconds    

[Print][Thu Oct 14 06:00:32 2021]: >> Loading Highscores...    

[Print][Thu Oct 14 06:00:32 2021]: > Done in 0.00 seconds    

[Print][Thu Oct 14 06:00:32 2021]: >> Loading Ball Pillars...    

[Print][Thu Oct 14 06:00:32 2021]: > Done in 0.02 seconds    

[Print][Thu Oct 14 06:00:32 2021]: >> Loading Citizens...    

[Print][Thu Oct 14 06:00:32 2021]: > Done in 0.58 seconds    

[Print][Thu Oct 14 06:00:32 2021]: >> Loading Ranks...    

[Print][Thu Oct 14 06:00:32 2021]: > Done in 0.00 seconds    

[Print][Thu Oct 14 06:00:32 2021]: >> All done on Thu Oct 14 06:00:32 2021    

[Print][Thu Oct 14 06:26:03 2021]: >> Cleaning players online status...    

[Print][Thu Oct 14 06:26:03 2021]: > Done in 0.06 seconds    

[Print][Thu Oct 14 06:26:03 2021]: >> Loading PvP Arenas...    

[Print][Thu Oct 14 06:26:03 2021]: > Done in 0.00 seconds    

[Print][Thu Oct 14 06:26:03 2021]: >> Loading Caught Highscores...    

[Print][Thu Oct 14 06:26:03 2021]: > Done in 0.00 seconds    

[Print][Thu Oct 14 06:26:03 2021]: >> Loading Tournament Highscores...    

[Print][Thu Oct 14 06:26:03 2021]: > Done in 0.00 seconds    

[Print][Thu Oct 14 06:26:03 2021]: >> Loading Berry Trees...    

[Print][Thu Oct 14 06:26:03 2021]: > Done in 0.01 seconds    

[Print][Thu Oct 14 06:26:03 2021]: >> Cleaning Mastery Dungeons...    

[Print][Thu Oct 14 06:26:03 2021]: > Done in 0.00 seconds    

[Print][Thu Oct 14 06:26:03 2021]: >> Loading Bosses...    

[Print][Thu Oct 14 06:26:03 2021]: >> Scheduled Boss Spawn: Winged Wisdom in 9 hours, 29 minutes and 5 seconds    

[Print][Thu Oct 14 06:26:03 2021]: > Done in 0.00 seconds    

[Print][Thu Oct 14 06:26:03 2021]: >> Loading Highscores...    

[Print][Thu Oct 14 06:26:03 2021]: > Done in 0.00 seconds    

[Print][Thu Oct 14 06:26:03 2021]: >> Loading Ball Pillars...    

[Print][Thu Oct 14 06:26:03 2021]: > Done in 0.00 seconds    

[Print][Thu Oct 14 06:26:03 2021]: >> Loading Citizens...    

[Print][Thu Oct 14 06:26:03 2021]: > Done in 0.46 seconds    

[Print][Thu Oct 14 06:26:03 2021]: >> Loading Ranks...    

[Print][Thu Oct 14 06:26:03 2021]: > Done in 0.00 seconds    

[Print][Thu Oct 14 06:26:03 2021]: >> All done on Thu Oct 14 06:26:03 2021    

[Print][Thu Oct 14 07:40:03 2021]: 19    

[Print][Thu Oct 14 07:40:34 2021]: 2519    

[Print][Thu Oct 14 07:40:45 2021]: 2519    

[Print][Thu Oct 14 07:41:19 2021]: 4019    

[Print][Thu Oct 14 07:42:02 2021]: 4019    

[Print][Thu Oct 14 07:45:46 2021]: 4019    

[Print][Thu Oct 14 15:38:14 2021]: >> Cleaning players online status...    

[Print][Thu Oct 14 15:38:14 2021]: > Done in 0.04 seconds    

[Print][Thu Oct 14 15:38:14 2021]: >> Loading PvP Arenas...    

[Print][Thu Oct 14 15:38:14 2021]: > Done in 0.00 seconds    

[Print][Thu Oct 14 15:38:14 2021]: >> Loading Caught Highscores...    

[Print][Thu Oct 14 15:38:14 2021]: > Done in 0.00 seconds    

[Print][Thu Oct 14 15:38:14 2021]: >> Loading Tournament Highscores...    

[Print][Thu Oct 14 15:38:14 2021]: > Done in 0.00 seconds    

[Print][Thu Oct 14 15:38:14 2021]: >> Loading Berry Trees...    

[Print][Thu Oct 14 15:38:14 2021]: > Done in 0.03 seconds    

[Print][Thu Oct 14 15:38:14 2021]: >> Cleaning Mastery Dungeons...    

[Print][Thu Oct 14 15:38:14 2021]: > Done in 0.00 seconds    

[Print][Thu Oct 14 15:38:14 2021]: >> Loading Bosses...    

[Print][Thu Oct 14 15:38:14 2021]: >> Scheduled Boss Spawn: The Turbo in 5 hours, 13 minutes and 8 seconds    

[Print][Thu Oct 14 15:38:14 2021]: > Done in 0.01 seconds    

[Print][Thu Oct 14 15:38:14 2021]: >> Loading Highscores...    

[Print][Thu Oct 14 15:38:14 2021]: > Done in 0.00 seconds    

[Print][Thu Oct 14 15:38:14 2021]: >> Loading Ball Pillars...    

[Print][Thu Oct 14 15:38:14 2021]: > Done in 0.00 seconds    

[Print][Thu Oct 14 15:38:14 2021]: >> Loading Citizens...    

[Print][Thu Oct 14 15:38:15 2021]: > Done in 0.45 seconds    

[Print][Thu Oct 14 15:38:15 2021]: >> Loading Ranks...    

[Print][Thu Oct 14 15:38:15 2021]: > Done in 0.00 seconds    

[Print][Thu Oct 14 15:38:15 2021]: >> All done on Thu Oct 14 15:38:15 2021    

