[Print][Sat Oct 16 11:23:54 2021]: >> Cleaning players online status...    

[Print][Sat Oct 16 11:23:54 2021]: > Done in 0.02 seconds    

[Print][Sat Oct 16 11:23:54 2021]: >> Loading PvP Arenas...    

[Print][Sat Oct 16 11:23:54 2021]: > Done in 0.01 seconds    

[Print][Sat Oct 16 11:23:54 2021]: >> Loading Caught Highscores...    

[Print][Sat Oct 16 11:23:54 2021]: > Done in 0.00 seconds    

[Print][Sat Oct 16 11:23:54 2021]: >> Loading Tournament Highscores...    

[Print][Sat Oct 16 11:23:54 2021]: > Done in 0.00 seconds    

[Print][Sat Oct 16 11:23:54 2021]: >> Loading Berry Trees...    

[Print][Sat Oct 16 11:23:54 2021]: > Done in 0.05 seconds    

[Print][Sat Oct 16 11:23:54 2021]: >> Cleaning Mastery Dungeons...    

[Print][Sat Oct 16 11:23:54 2021]: > Done in 0.00 seconds    

[Print][Sat Oct 16 11:23:54 2021]: >> Loading Bosses...    

[Print][Sat Oct 16 11:23:54 2021]: >> Scheduled Boss Spawn: Sweet Lover in 9 hours, 54 minutes and 8 seconds    

[Print][Sat Oct 16 11:23:54 2021]: > Done in 0.01 seconds    

[Print][Sat Oct 16 11:23:54 2021]: >> Loading Highscores...    

[Print][Sat Oct 16 11:23:54 2021]: > Done in 0.00 seconds    

[Print][Sat Oct 16 11:23:54 2021]: >> Loading Ball Pillars...    

[Print][Sat Oct 16 11:23:54 2021]: > Done in 0.03 seconds    

[Print][Sat Oct 16 11:23:54 2021]: >> Loading Citizens...    

[Print][Sat Oct 16 11:23:55 2021]: > Done in 0.61 seconds    

[Print][Sat Oct 16 11:23:55 2021]: >> Loading Ranks...    

[Print][Sat Oct 16 11:23:55 2021]: > Done in 0.00 seconds    

[Print][Sat Oct 16 11:23:55 2021]: >> All done on Sat Oct 16 11:23:55 2021    

[Print][Sat Oct 16 11:47:13 2021]: >> Cleaning players online status...    

[Print][Sat Oct 16 11:47:13 2021]: > Done in 0.22 seconds    

[Print][Sat Oct 16 11:47:13 2021]: >> Loading PvP Arenas...    

[Print][Sat Oct 16 11:47:13 2021]: > Done in 0.00 seconds    

[Print][Sat Oct 16 11:47:13 2021]: >> Loading Caught Highscores...    

[Print][Sat Oct 16 11:47:13 2021]: > Done in 0.00 seconds    

[Print][Sat Oct 16 11:47:13 2021]: >> Loading Tournament Highscores...    

[Print][Sat Oct 16 11:47:13 2021]: > Done in 0.00 seconds    

[Print][Sat Oct 16 11:47:13 2021]: >> Loading Berry Trees...    

[Print][Sat Oct 16 11:47:13 2021]: > Done in 0.03 seconds    

[Print][Sat Oct 16 11:47:13 2021]: >> Cleaning Mastery Dungeons...    

[Print][Sat Oct 16 11:47:13 2021]: > Done in 0.00 seconds    

[Print][Sat Oct 16 11:47:13 2021]: >> Loading Bosses...    

[Print][Sat Oct 16 11:47:13 2021]: >> Scheduled Boss Spawn: King Panlong in 11 hours, 24 minutes and 42 seconds    

[Print][Sat Oct 16 11:47:13 2021]: > Done in 0.00 seconds    

[Print][Sat Oct 16 11:47:13 2021]: >> Loading Highscores...    

[Print][Sat Oct 16 11:47:13 2021]: > Done in 0.01 seconds    

[Print][Sat Oct 16 11:47:13 2021]: >> Loading Ball Pillars...    

[Print][Sat Oct 16 11:47:13 2021]: > Done in 0.00 seconds    

[Print][Sat Oct 16 11:47:13 2021]: >> Loading Citizens...    

[Print][Sat Oct 16 11:47:14 2021]: > Done in 0.43 seconds    

[Print][Sat Oct 16 11:47:14 2021]: >> Loading Ranks...    

[Print][Sat Oct 16 11:47:14 2021]: > Done in 0.00 seconds    

[Print][Sat Oct 16 11:47:14 2021]: >> All done on Sat Oct 16 11:47:14 2021    

[Print][Sat Oct 16 11:53:15 2021]: >> Cleaning players online status...    

[Print][Sat Oct 16 11:53:15 2021]: > Done in 0.02 seconds    

[Print][Sat Oct 16 11:53:15 2021]: >> Loading PvP Arenas...    

[Print][Sat Oct 16 11:53:15 2021]: > Done in 0.00 seconds    

[Print][Sat Oct 16 11:53:15 2021]: >> Loading Caught Highscores...    

[Print][Sat Oct 16 11:53:15 2021]: > Done in 0.00 seconds    

[Print][Sat Oct 16 11:53:15 2021]: >> Loading Tournament Highscores...    

[Print][Sat Oct 16 11:53:15 2021]: > Done in 0.00 seconds    

[Print][Sat Oct 16 11:53:15 2021]: >> Loading Berry Trees...    

[Print][Sat Oct 16 11:53:15 2021]: > Done in 0.02 seconds    

[Print][Sat Oct 16 11:53:15 2021]: >> Cleaning Mastery Dungeons...    

[Print][Sat Oct 16 11:53:15 2021]: > Done in 0.00 seconds    

[Print][Sat Oct 16 11:53:15 2021]: >> Loading Bosses...    

[Print][Sat Oct 16 11:53:15 2021]: >> Scheduled Boss Spawn: Sweet Lover in 14 hours, 7 minutes and 2 seconds    

[Print][Sat Oct 16 11:53:15 2021]: > Done in 0.01 seconds    

[Print][Sat Oct 16 11:53:15 2021]: >> Loading Highscores...    

[Print][Sat Oct 16 11:53:15 2021]: > Done in 0.00 seconds    

[Print][Sat Oct 16 11:53:15 2021]: >> Loading Ball Pillars...    

[Print][Sat Oct 16 11:53:15 2021]: > Done in 0.00 seconds    

[Print][Sat Oct 16 11:53:15 2021]: >> Loading Citizens...    

[Print][Sat Oct 16 11:53:16 2021]: > Done in 0.43 seconds    

[Print][Sat Oct 16 11:53:16 2021]: >> Loading Ranks...    

[Print][Sat Oct 16 11:53:16 2021]: > Done in 0.00 seconds    

[Print][Sat Oct 16 11:53:16 2021]: >> All done on Sat Oct 16 11:53:16 2021    

[Print][Sat Oct 16 11:58:46 2021]: >> Cleaning players online status...    

[Print][Sat Oct 16 11:58:46 2021]: > Done in 0.07 seconds    

[Print][Sat Oct 16 11:58:46 2021]: >> Loading PvP Arenas...    

[Print][Sat Oct 16 11:58:46 2021]: > Done in 0.00 seconds    

[Print][Sat Oct 16 11:58:46 2021]: >> Loading Caught Highscores...    

[Print][Sat Oct 16 11:58:47 2021]: > Done in 0.00 seconds    

[Print][Sat Oct 16 11:58:47 2021]: >> Loading Tournament Highscores...    

[Print][Sat Oct 16 11:58:47 2021]: > Done in 0.00 seconds    

[Print][Sat Oct 16 11:58:47 2021]: >> Loading Berry Trees...    

[Print][Sat Oct 16 11:58:47 2021]: > Done in 0.18 seconds    

[Print][Sat Oct 16 11:58:47 2021]: >> Cleaning Mastery Dungeons...    

[Print][Sat Oct 16 11:58:47 2021]: > Done in 0.00 seconds    

[Print][Sat Oct 16 11:58:47 2021]: >> Loading Bosses...    

[Print][Sat Oct 16 11:58:47 2021]: >> Scheduled Boss Spawn: Flesh'n Fire in 10 hours, 41 minutes and 23 seconds    

[Print][Sat Oct 16 11:58:47 2021]: > Done in 0.01 seconds    

[Print][Sat Oct 16 11:58:47 2021]: >> Loading Highscores...    

[Print][Sat Oct 16 11:58:47 2021]: > Done in 0.00 seconds    

[Print][Sat Oct 16 11:58:47 2021]: >> Loading Ball Pillars...    

[Print][Sat Oct 16 11:58:47 2021]: > Done in 0.02 seconds    

[Print][Sat Oct 16 11:58:47 2021]: >> Loading Citizens...    

[Print][Sat Oct 16 11:58:47 2021]: > Done in 0.53 seconds    

[Print][Sat Oct 16 11:58:47 2021]: >> Loading Ranks...    

[Print][Sat Oct 16 11:58:47 2021]: > Done in 0.00 seconds    

[Print][Sat Oct 16 11:58:47 2021]: >> All done on Sat Oct 16 11:58:47 2021    

[Print][Sat Oct 16 12:18:55 2021]: >> Cleaning players online status...    

[Print][Sat Oct 16 12:18:55 2021]: > Done in 0.12 seconds    

[Print][Sat Oct 16 12:18:55 2021]: >> Loading PvP Arenas...    

[Print][Sat Oct 16 12:18:55 2021]: > Done in 0.00 seconds    

[Print][Sat Oct 16 12:18:55 2021]: >> Loading Caught Highscores...    

[Print][Sat Oct 16 12:18:55 2021]: > Done in 0.00 seconds    

[Print][Sat Oct 16 12:18:55 2021]: >> Loading Tournament Highscores...    

[Print][Sat Oct 16 12:18:55 2021]: > Done in 0.00 seconds    

[Print][Sat Oct 16 12:18:55 2021]: >> Loading Berry Trees...    

[Print][Sat Oct 16 12:18:55 2021]: > Done in 0.06 seconds    

[Print][Sat Oct 16 12:18:55 2021]: >> Cleaning Mastery Dungeons...    

[Print][Sat Oct 16 12:18:55 2021]: > Done in 0.00 seconds    

[Print][Sat Oct 16 12:18:55 2021]: >> Loading Bosses...    

[Print][Sat Oct 16 12:18:55 2021]: >> Scheduled Boss Spawn: Sweet Lover in 14 hours, 30 minutes and 21 seconds    

[Print][Sat Oct 16 12:18:55 2021]: > Done in 0.00 seconds    

[Print][Sat Oct 16 12:18:55 2021]: >> Loading Highscores...    

[Print][Sat Oct 16 12:18:55 2021]: > Done in 0.00 seconds    

[Print][Sat Oct 16 12:18:55 2021]: >> Loading Ball Pillars...    

[Print][Sat Oct 16 12:18:55 2021]: > Done in 0.00 seconds    

[Print][Sat Oct 16 12:18:55 2021]: >> Loading Citizens...    

[Print][Sat Oct 16 12:18:56 2021]: > Done in 0.50 seconds    

[Print][Sat Oct 16 12:18:56 2021]: >> Loading Ranks...    

[Print][Sat Oct 16 12:18:56 2021]: > Done in 0.00 seconds    

[Print][Sat Oct 16 12:18:56 2021]: >> All done on Sat Oct 16 12:18:56 2021    

[Print][Sat Oct 16 12:26:19 2021]: >> Cleaning players online status...    

[Print][Sat Oct 16 12:26:19 2021]: > Done in 0.04 seconds    

[Print][Sat Oct 16 12:26:19 2021]: >> Loading PvP Arenas...    

[Print][Sat Oct 16 12:26:19 2021]: > Done in 0.00 seconds    

[Print][Sat Oct 16 12:26:19 2021]: >> Loading Caught Highscores...    

[Print][Sat Oct 16 12:26:19 2021]: > Done in 0.00 seconds    

[Print][Sat Oct 16 12:26:19 2021]: >> Loading Tournament Highscores...    

[Print][Sat Oct 16 12:26:19 2021]: > Done in 0.00 seconds    

[Print][Sat Oct 16 12:26:19 2021]: >> Loading Berry Trees...    

[Print][Sat Oct 16 12:26:19 2021]: > Done in 0.02 seconds    

[Print][Sat Oct 16 12:26:19 2021]: >> Cleaning Mastery Dungeons...    

[Print][Sat Oct 16 12:26:19 2021]: > Done in 0.00 seconds    

[Print][Sat Oct 16 12:26:19 2021]: >> Loading Bosses...    

[Print][Sat Oct 16 12:26:19 2021]: >> Scheduled Boss Spawn: Flesh'n Fire in 15 hours, 5 minutes and 51 seconds    

[Print][Sat Oct 16 12:26:19 2021]: > Done in 0.01 seconds    

[Print][Sat Oct 16 12:26:19 2021]: >> Loading Highscores...    

[Print][Sat Oct 16 12:26:19 2021]: > Done in 0.00 seconds    

[Print][Sat Oct 16 12:26:19 2021]: >> Loading Ball Pillars...    

[Print][Sat Oct 16 12:26:19 2021]: > Done in 0.00 seconds    

[Print][Sat Oct 16 12:26:19 2021]: >> Loading Citizens...    

[Print][Sat Oct 16 12:26:20 2021]: > Done in 0.48 seconds    

[Print][Sat Oct 16 12:26:20 2021]: >> Loading Ranks...    

[Print][Sat Oct 16 12:26:20 2021]: > Done in 0.00 seconds    

[Print][Sat Oct 16 12:26:20 2021]: >> All done on Sat Oct 16 12:26:20 2021    

[Print][Sat Oct 16 12:32:55 2021]: >> Cleaning players online status...    

[Print][Sat Oct 16 12:32:55 2021]: > Done in 0.04 seconds    

[Print][Sat Oct 16 12:32:55 2021]: >> Loading PvP Arenas...    

[Print][Sat Oct 16 12:32:55 2021]: > Done in 0.00 seconds    

[Print][Sat Oct 16 12:32:55 2021]: >> Loading Caught Highscores...    

[Print][Sat Oct 16 12:32:55 2021]: > Done in 0.00 seconds    

[Print][Sat Oct 16 12:32:55 2021]: >> Loading Tournament Highscores...    

[Print][Sat Oct 16 12:32:55 2021]: > Done in 0.00 seconds    

[Print][Sat Oct 16 12:32:55 2021]: >> Loading Berry Trees...    

[Print][Sat Oct 16 12:32:55 2021]: > Done in 0.04 seconds    

[Print][Sat Oct 16 12:32:55 2021]: >> Cleaning Mastery Dungeons...    

[Print][Sat Oct 16 12:32:55 2021]: > Done in 0.00 seconds    

[Print][Sat Oct 16 12:32:55 2021]: >> Loading Bosses...    

[Print][Sat Oct 16 12:32:55 2021]: >> Scheduled Boss Spawn: DoomBoy in 10 hours, 53 minutes and 25 seconds    

[Print][Sat Oct 16 12:32:55 2021]: > Done in 0.01 seconds    

[Print][Sat Oct 16 12:32:55 2021]: >> Loading Highscores...    

[Print][Sat Oct 16 12:32:55 2021]: > Done in 0.00 seconds    

[Print][Sat Oct 16 12:32:56 2021]: >> Loading Ball Pillars...    

[Print][Sat Oct 16 12:32:56 2021]: > Done in 0.00 seconds    

[Print][Sat Oct 16 12:32:56 2021]: >> Loading Citizens...    

[Print][Sat Oct 16 12:32:56 2021]: > Done in 0.56 seconds    

[Print][Sat Oct 16 12:32:56 2021]: >> Loading Ranks...    

[Print][Sat Oct 16 12:32:56 2021]: > Done in 0.00 seconds    

[Print][Sat Oct 16 12:32:56 2021]: >> All done on Sat Oct 16 12:32:56 2021    

[Print][Sat Oct 16 12:36:31 2021]: >> Cleaning players online status...    

[Print][Sat Oct 16 12:36:31 2021]: > Done in 0.02 seconds    

[Print][Sat Oct 16 12:36:31 2021]: >> Loading PvP Arenas...    

[Print][Sat Oct 16 12:36:31 2021]: > Done in 0.00 seconds    

[Print][Sat Oct 16 12:36:31 2021]: >> Loading Caught Highscores...    

[Print][Sat Oct 16 12:36:31 2021]: > Done in 0.00 seconds    

[Print][Sat Oct 16 12:36:31 2021]: >> Loading Tournament Highscores...    

[Print][Sat Oct 16 12:36:31 2021]: > Done in 0.00 seconds    

[Print][Sat Oct 16 12:36:31 2021]: >> Loading Berry Trees...    

[Print][Sat Oct 16 12:36:31 2021]: > Done in 0.01 seconds    

[Print][Sat Oct 16 12:36:31 2021]: >> Cleaning Mastery Dungeons...    

[Print][Sat Oct 16 12:36:31 2021]: > Done in 0.00 seconds    

[Print][Sat Oct 16 12:36:31 2021]: >> Loading Bosses...    

[Print][Sat Oct 16 12:36:31 2021]: >> Scheduled Boss Spawn: Charles Spencer in 11 hours, 34 minutes and 11 seconds    

[Print][Sat Oct 16 12:36:31 2021]: > Done in 0.01 seconds    

[Print][Sat Oct 16 12:36:31 2021]: >> Loading Highscores...    

[Print][Sat Oct 16 12:36:31 2021]: > Done in 0.00 seconds    

[Print][Sat Oct 16 12:36:32 2021]: >> Loading Ball Pillars...    

[Print][Sat Oct 16 12:36:32 2021]: > Done in 0.03 seconds    

[Print][Sat Oct 16 12:36:32 2021]: >> Loading Citizens...    

[Print][Sat Oct 16 12:36:32 2021]: > Done in 0.44 seconds    

[Print][Sat Oct 16 12:36:32 2021]: >> Loading Ranks...    

[Print][Sat Oct 16 12:36:32 2021]: > Done in 0.00 seconds    

[Print][Sat Oct 16 12:36:32 2021]: >> All done on Sat Oct 16 12:36:32 2021    

[Print][Sat Oct 16 12:43:41 2021]: >> Cleaning players online status...    

[Print][Sat Oct 16 12:43:41 2021]: > Done in 0.04 seconds    

[Print][Sat Oct 16 12:43:41 2021]: >> Loading PvP Arenas...    

[Print][Sat Oct 16 12:43:41 2021]: > Done in 0.00 seconds    

[Print][Sat Oct 16 12:43:41 2021]: >> Loading Caught Highscores...    

[Print][Sat Oct 16 12:43:41 2021]: > Done in 0.00 seconds    

[Print][Sat Oct 16 12:43:41 2021]: >> Loading Tournament Highscores...    

[Print][Sat Oct 16 12:43:41 2021]: > Done in 0.00 seconds    

[Print][Sat Oct 16 12:43:41 2021]: >> Loading Berry Trees...    

[Print][Sat Oct 16 12:43:41 2021]: > Done in 0.01 seconds    

[Print][Sat Oct 16 12:43:41 2021]: >> Cleaning Mastery Dungeons...    

[Print][Sat Oct 16 12:43:41 2021]: > Done in 0.00 seconds    

[Print][Sat Oct 16 12:43:41 2021]: >> Loading Bosses...    

[Print][Sat Oct 16 12:43:41 2021]: >> Scheduled Boss Spawn: Cesar, The Simian in 10 hours, 49 minutes and 24 seconds    

[Print][Sat Oct 16 12:43:41 2021]: > Done in 0.01 seconds    

[Print][Sat Oct 16 12:43:41 2021]: >> Loading Highscores...    

[Print][Sat Oct 16 12:43:41 2021]: > Done in 0.00 seconds    

[Print][Sat Oct 16 12:43:41 2021]: >> Loading Ball Pillars...    

[Print][Sat Oct 16 12:43:41 2021]: > Done in 0.00 seconds    

[Print][Sat Oct 16 12:43:41 2021]: >> Loading Citizens...    

[Print][Sat Oct 16 12:43:42 2021]: > Done in 0.63 seconds    

[Print][Sat Oct 16 12:43:42 2021]: >> Loading Ranks...    

[Print][Sat Oct 16 12:43:42 2021]: > Done in 0.00 seconds    

[Print][Sat Oct 16 12:43:42 2021]: >> All done on Sat Oct 16 12:43:42 2021    

[Print][Sat Oct 16 12:55:20 2021]: >> Cleaning players online status...    

[Print][Sat Oct 16 12:55:20 2021]: > Done in 0.03 seconds    

[Print][Sat Oct 16 12:55:20 2021]: >> Loading PvP Arenas...    

[Print][Sat Oct 16 12:55:20 2021]: > Done in 0.00 seconds    

[Print][Sat Oct 16 12:55:20 2021]: >> Loading Caught Highscores...    

[Print][Sat Oct 16 12:55:20 2021]: > Done in 0.00 seconds    

[Print][Sat Oct 16 12:55:20 2021]: >> Loading Tournament Highscores...    

[Print][Sat Oct 16 12:55:20 2021]: > Done in 0.00 seconds    

[Print][Sat Oct 16 12:55:20 2021]: >> Loading Berry Trees...    

[Print][Sat Oct 16 12:55:20 2021]: > Done in 0.01 seconds    

[Print][Sat Oct 16 12:55:20 2021]: >> Cleaning Mastery Dungeons...    

[Print][Sat Oct 16 12:55:20 2021]: > Done in 0.00 seconds    

[Print][Sat Oct 16 12:55:20 2021]: >> Loading Bosses...    

[Print][Sat Oct 16 12:55:20 2021]: >> Scheduled Boss Spawn: DoomBoy in 7 hours, 48 minutes and 36 seconds    

[Print][Sat Oct 16 12:55:20 2021]: > Done in 0.01 seconds    

[Print][Sat Oct 16 12:55:20 2021]: >> Loading Highscores...    

[Print][Sat Oct 16 12:55:20 2021]: > Done in 0.00 seconds    

[Print][Sat Oct 16 12:55:20 2021]: >> Loading Ball Pillars...    

[Print][Sat Oct 16 12:55:20 2021]: > Done in 0.01 seconds    

[Print][Sat Oct 16 12:55:20 2021]: >> Loading Citizens...    

[Print][Sat Oct 16 12:55:21 2021]: > Done in 0.51 seconds    

[Print][Sat Oct 16 12:55:21 2021]: >> Loading Ranks...    

[Print][Sat Oct 16 12:55:21 2021]: > Done in 0.00 seconds    

[Print][Sat Oct 16 12:55:21 2021]: >> All done on Sat Oct 16 12:55:21 2021    

[Print][Sat Oct 16 12:55:42 2021]: deuboaqui    

[Print][Sat Oct 16 12:55:42 2021]: deuboaqui    

[Print][Sat Oct 16 12:55:42 2021]: deuboaqui    

[Print][Sat Oct 16 12:55:56 2021]: deuboaqui    

[Print][Sat Oct 16 12:55:56 2021]: deuboaqui    

[Print][Sat Oct 16 12:55:56 2021]: deuboaqui    

[Print][Sat Oct 16 12:55:59 2021]: deuboaqui    

[Print][Sat Oct 16 12:55:59 2021]: deuboaqui    

[Print][Sat Oct 16 12:56:15 2021]: deuboaqui    

[Print][Sat Oct 16 12:56:15 2021]: deuboaqui    

[Print][Sat Oct 16 13:02:00 2021]: deuboaqui    

[Print][Sat Oct 16 13:02:24 2021]: deuboaqui    

[Print][Sat Oct 16 13:03:07 2021]: 65535    

[Print][Sat Oct 16 13:03:07 2021]: 64    

[Print][Sat Oct 16 13:03:07 2021]: 0    

[Print][Sat Oct 16 13:03:23 2021]: 3552    

[Print][Sat Oct 16 13:03:23 2021]: 509    

[Print][Sat Oct 16 13:03:23 2021]: 7    

[Print][Sat Oct 16 13:03:30 2021]: 3553    

[Print][Sat Oct 16 13:03:30 2021]: 509    

[Print][Sat Oct 16 13:03:30 2021]: 7    

[Print][Sat Oct 16 13:04:32 2021]: >> Cleaning players online status...    

[Print][Sat Oct 16 13:04:32 2021]: > Done in 0.03 seconds    

[Print][Sat Oct 16 13:04:32 2021]: >> Loading PvP Arenas...    

[Print][Sat Oct 16 13:04:32 2021]: > Done in 0.00 seconds    

[Print][Sat Oct 16 13:04:32 2021]: >> Loading Caught Highscores...    

[Print][Sat Oct 16 13:04:32 2021]: > Done in 0.00 seconds    

[Print][Sat Oct 16 13:04:32 2021]: >> Loading Tournament Highscores...    

[Print][Sat Oct 16 13:04:32 2021]: > Done in 0.00 seconds    

[Print][Sat Oct 16 13:04:32 2021]: >> Loading Berry Trees...    

[Print][Sat Oct 16 13:04:32 2021]: > Done in 0.01 seconds    

[Print][Sat Oct 16 13:04:32 2021]: >> Cleaning Mastery Dungeons...    

[Print][Sat Oct 16 13:04:32 2021]: > Done in 0.00 seconds    

[Print][Sat Oct 16 13:04:32 2021]: >> Loading Bosses...    

[Print][Sat Oct 16 13:04:32 2021]: >> Scheduled Boss Spawn: Kirby in 15 hours, 11 minutes and 35 seconds    

[Print][Sat Oct 16 13:04:32 2021]: > Done in 0.01 seconds    

[Print][Sat Oct 16 13:04:32 2021]: >> Loading Highscores...    

[Print][Sat Oct 16 13:04:32 2021]: > Done in 0.00 seconds    

[Print][Sat Oct 16 13:04:32 2021]: >> Loading Ball Pillars...    

[Print][Sat Oct 16 13:04:32 2021]: > Done in 0.00 seconds    

[Print][Sat Oct 16 13:04:32 2021]: >> Loading Citizens...    

[Print][Sat Oct 16 13:04:32 2021]: > Done in 0.53 seconds    

[Print][Sat Oct 16 13:04:33 2021]: >> Loading Ranks...    

[Print][Sat Oct 16 13:04:33 2021]: > Done in 0.00 seconds    

[Print][Sat Oct 16 13:04:33 2021]: >> All done on Sat Oct 16 13:04:33 2021    

[Print][Sat Oct 16 13:05:18 2021]: 3553    

[Print][Sat Oct 16 13:05:18 2021]: 511    

[Print][Sat Oct 16 13:05:18 2021]: 7    

[Print][Sat Oct 16 13:05:26 2021]: 3553    

[Print][Sat Oct 16 13:05:26 2021]: 510    

[Print][Sat Oct 16 13:05:26 2021]: 7    

[Print][Sat Oct 16 13:05:29 2021]: 3553    

[Print][Sat Oct 16 13:05:29 2021]: 510    

[Print][Sat Oct 16 13:05:29 2021]: 7    

[Print][Sat Oct 16 13:07:59 2021]: 3556    

[Print][Sat Oct 16 13:07:59 2021]: 513    

[Print][Sat Oct 16 13:07:59 2021]: 7    

[Print][Sat Oct 16 13:08:21 2021]: 3555    

[Print][Sat Oct 16 13:08:21 2021]: 512    

[Print][Sat Oct 16 13:08:21 2021]: 7    

[Print][Sat Oct 16 13:10:36 2021]: >> Cleaning players online status...    

[Print][Sat Oct 16 13:10:36 2021]: > Done in 0.03 seconds    

[Print][Sat Oct 16 13:10:36 2021]: >> Loading PvP Arenas...    

[Print][Sat Oct 16 13:10:36 2021]: > Done in 0.00 seconds    

[Print][Sat Oct 16 13:10:36 2021]: >> Loading Caught Highscores...    

[Print][Sat Oct 16 13:10:36 2021]: > Done in 0.00 seconds    

[Print][Sat Oct 16 13:10:36 2021]: >> Loading Tournament Highscores...    

[Print][Sat Oct 16 13:10:36 2021]: > Done in 0.00 seconds    

[Print][Sat Oct 16 13:10:36 2021]: >> Loading Berry Trees...    

[Print][Sat Oct 16 13:10:36 2021]: > Done in 0.01 seconds    

[Print][Sat Oct 16 13:10:36 2021]: >> Cleaning Mastery Dungeons...    

[Print][Sat Oct 16 13:10:36 2021]: > Done in 0.00 seconds    

[Print][Sat Oct 16 13:10:36 2021]: >> Loading Bosses...    

[Print][Sat Oct 16 13:10:36 2021]: >> Scheduled Boss Spawn: Grisly Mind in 9 hours, 8 minutes and 46 seconds    

[Print][Sat Oct 16 13:10:36 2021]: > Done in 0.01 seconds    

[Print][Sat Oct 16 13:10:36 2021]: >> Loading Highscores...    

[Print][Sat Oct 16 13:10:36 2021]: > Done in 0.00 seconds    

[Print][Sat Oct 16 13:10:36 2021]: >> Loading Ball Pillars...    

[Print][Sat Oct 16 13:10:36 2021]: > Done in 0.01 seconds    

[Print][Sat Oct 16 13:10:36 2021]: >> Loading Citizens...    

[Print][Sat Oct 16 13:10:37 2021]: > Done in 0.55 seconds    

[Print][Sat Oct 16 13:10:37 2021]: >> Loading Ranks...    

[Print][Sat Oct 16 13:10:37 2021]: > Done in 0.00 seconds    

[Print][Sat Oct 16 13:10:37 2021]: >> All done on Sat Oct 16 13:10:37 2021    

[Print][Sat Oct 16 13:35:39 2021]: >> Cleaning players online status...    

[Print][Sat Oct 16 13:35:39 2021]: > Done in 0.02 seconds    

[Print][Sat Oct 16 13:35:39 2021]: >> Loading PvP Arenas...    

[Print][Sat Oct 16 13:35:39 2021]: > Done in 0.00 seconds    

[Print][Sat Oct 16 13:35:39 2021]: >> Loading Caught Highscores...    

[Print][Sat Oct 16 13:35:39 2021]: > Done in 0.00 seconds    

[Print][Sat Oct 16 13:35:39 2021]: >> Loading Tournament Highscores...    

[Print][Sat Oct 16 13:35:39 2021]: > Done in 0.00 seconds    

[Print][Sat Oct 16 13:35:39 2021]: >> Loading Berry Trees...    

[Print][Sat Oct 16 13:35:39 2021]: > Done in 0.01 seconds    

[Print][Sat Oct 16 13:35:39 2021]: >> Cleaning Mastery Dungeons...    

[Print][Sat Oct 16 13:35:39 2021]: > Done in 0.00 seconds    

[Print][Sat Oct 16 13:35:39 2021]: >> Loading Bosses...    

[Print][Sat Oct 16 13:35:39 2021]: >> Scheduled Boss Spawn: Kirby in 7 hours, 5 minutes and 35 seconds    

[Print][Sat Oct 16 13:35:39 2021]: > Done in 0.01 seconds    

[Print][Sat Oct 16 13:35:39 2021]: >> Loading Highscores...    

[Print][Sat Oct 16 13:35:39 2021]: > Done in 0.00 seconds    

[Print][Sat Oct 16 13:35:39 2021]: >> Loading Ball Pillars...    

[Print][Sat Oct 16 13:35:39 2021]: > Done in 0.00 seconds    

[Print][Sat Oct 16 13:35:39 2021]: >> Loading Citizens...    

[Print][Sat Oct 16 13:35:40 2021]: > Done in 0.48 seconds    

[Print][Sat Oct 16 13:35:40 2021]: >> Loading Ranks...    

[Print][Sat Oct 16 13:35:40 2021]: > Done in 0.00 seconds    

[Print][Sat Oct 16 13:35:40 2021]: >> All done on Sat Oct 16 13:35:40 2021    

[Print][Sat Oct 16 16:03:59 2021]: >> Cleaning players online status...    

[Print][Sat Oct 16 16:03:59 2021]: > Done in 0.06 seconds    

[Print][Sat Oct 16 16:03:59 2021]: >> Loading PvP Arenas...    

[Print][Sat Oct 16 16:03:59 2021]: > Done in 0.00 seconds    

[Print][Sat Oct 16 16:03:59 2021]: >> Loading Caught Highscores...    

[Print][Sat Oct 16 16:03:59 2021]: > Done in 0.02 seconds    

[Print][Sat Oct 16 16:03:59 2021]: >> Loading Tournament Highscores...    

[Print][Sat Oct 16 16:03:59 2021]: > Done in 0.00 seconds    

[Print][Sat Oct 16 16:03:59 2021]: >> Loading Berry Trees...    

[Print][Sat Oct 16 16:03:59 2021]: > Done in 0.01 seconds    

[Print][Sat Oct 16 16:03:59 2021]: >> Cleaning Mastery Dungeons...    

[Print][Sat Oct 16 16:03:59 2021]: > Done in 0.00 seconds    

[Print][Sat Oct 16 16:03:59 2021]: >> Loading Bosses...    

[Print][Sat Oct 16 16:03:59 2021]: >> Scheduled Boss Spawn: Flesh'n Fire in 10 hours, 27 minutes and 58 seconds    

[Print][Sat Oct 16 16:03:59 2021]: > Done in 0.01 seconds    

[Print][Sat Oct 16 16:03:59 2021]: >> Loading Highscores...    

[Print][Sat Oct 16 16:03:59 2021]: > Done in 0.00 seconds    

[Print][Sat Oct 16 16:03:59 2021]: >> Loading Ball Pillars...    

[Print][Sat Oct 16 16:03:59 2021]: > Done in 0.01 seconds    

[Print][Sat Oct 16 16:03:59 2021]: >> Loading Citizens...    

[Print][Sat Oct 16 16:03:59 2021]: > Done in 0.43 seconds    

[Print][Sat Oct 16 16:03:59 2021]: >> Loading Ranks...    

[Print][Sat Oct 16 16:03:59 2021]: > Done in 0.00 seconds    

[Print][Sat Oct 16 16:03:59 2021]: >> All done on Sat Oct 16 16:03:59 2021    

