[Print][Tue Sep 14 09:46:49 2021]: >> Cleaning players online status...    

[Print][Tue Sep 14 09:46:49 2021]: > Done in 0.03 seconds    

[Print][Tue Sep 14 09:46:49 2021]: >> Loading PvP Arenas...    

[Print][Tue Sep 14 09:46:49 2021]: > Done in 0.00 seconds    

[Print][Tue Sep 14 09:46:49 2021]: >> Loading Caught Highscores...    

[Print][Tue Sep 14 09:46:49 2021]: > Done in 0.00 seconds    

[Print][Tue Sep 14 09:46:49 2021]: >> Loading Tournament Highscores...    

[Print][Tue Sep 14 09:46:49 2021]: > Done in 0.01 seconds    

[Print][Tue Sep 14 09:46:49 2021]: >> Loading Berry Trees...    

[Print][Tue Sep 14 09:46:49 2021]: > Done in 0.04 seconds    

[Print][Tue Sep 14 09:46:49 2021]: >> Cleaning Mastery Dungeons...    

[Print][Tue Sep 14 09:46:49 2021]: > Done in 0.00 seconds    

[Print][Tue Sep 14 09:46:49 2021]: >> Loading Bosses...    

[Print][Tue Sep 14 09:46:49 2021]: >> Scheduled Boss Spawn: Mad Mum in 5 hours, 43 minutes and 2 seconds    

[Print][Tue Sep 14 09:46:49 2021]: > Done in 0.00 seconds    

[Print][Tue Sep 14 09:46:49 2021]: >> Loading Highscores...    

[Print][Tue Sep 14 09:46:49 2021]: > Done in 0.00 seconds    

[Print][Tue Sep 14 09:46:49 2021]: >> Loading Ball Pillars...    

[Print][Tue Sep 14 09:46:49 2021]: > Done in 0.01 seconds    

[Print][Tue Sep 14 09:46:49 2021]: >> Loading Citizens...    

[Print][Tue Sep 14 09:46:49 2021]: > Done in 0.42 seconds    

[Print][Tue Sep 14 09:46:49 2021]: >> Loading Ranks...    

[Print][Tue Sep 14 09:46:49 2021]: > Done in 0.00 seconds    

[Print][Tue Sep 14 09:46:49 2021]: >> All done on Tue Sep 14 09:46:49 2021    

[Print][Tue Sep 14 09:47:07 2021]: received market    

[Print][Tue Sep 14 09:47:11 2021]: received market    

[Print][Tue Sep 14 09:47:14 2021]: received market    

[Print][Tue Sep 14 09:58:53 2021]: received market    

[Print][Tue Sep 14 09:59:08 2021]: received market    

[Print][Tue Sep 14 09:59:26 2021]: received market    

[Print][Tue Sep 14 09:59:29 2021]: received market    

[Print][Tue Sep 14 09:59:40 2021]: received market    

[Print][Tue Sep 14 10:02:12 2021]: received market    

[Print][Tue Sep 14 10:02:23 2021]: received market    

[Print][Tue Sep 14 10:02:28 2021]: received market    

[Print][Tue Sep 14 10:03:16 2021]: received market    

[Print][Tue Sep 14 10:03:23 2021]: received market    

[Print][Tue Sep 14 10:03:34 2021]: received market    

[Print][Tue Sep 14 10:03:40 2021]: received market    

[Print][Tue Sep 14 10:04:35 2021]: received market    

[Print][Tue Sep 14 10:04:50 2021]: received market    

[Print][Tue Sep 14 10:04:56 2021]: received market    

[Print][Tue Sep 14 10:05:00 2021]: received market    

[Print][Tue Sep 14 10:05:05 2021]: received market    

[Print][Tue Sep 14 10:05:13 2021]: received market    

[Print][Tue Sep 14 10:05:16 2021]: received market    

[Print][Tue Sep 14 10:05:26 2021]: received market    

[Print][Tue Sep 14 10:05:28 2021]: received market    

[Print][Tue Sep 14 10:05:29 2021]: received market    

[Print][Tue Sep 14 10:05:30 2021]: received market    

[Print][Tue Sep 14 10:05:32 2021]: received market    

[Print][Tue Sep 14 10:05:34 2021]: received market    

[Print][Tue Sep 14 10:05:53 2021]: received market    

[Print][Tue Sep 14 10:05:54 2021]: received market    

[Print][Tue Sep 14 10:06:53 2021]: received market    

[Print][Tue Sep 14 10:06:59 2021]: received market    

[Print][Tue Sep 14 10:07:04 2021]: received market    

[Print][Tue Sep 14 10:07:14 2021]: received market    

[Print][Tue Sep 14 10:07:19 2021]: received market    

[Print][Tue Sep 14 10:07:22 2021]: received market    

[Print][Tue Sep 14 10:07:25 2021]: received market    

[Print][Tue Sep 14 10:07:30 2021]: received market    

[Print][Tue Sep 14 10:07:33 2021]: received market    

[Print][Tue Sep 14 10:17:49 2021]: >> Cleaning players online status...    

[Print][Tue Sep 14 10:17:49 2021]: > Done in 0.05 seconds    

[Print][Tue Sep 14 10:17:49 2021]: >> Loading PvP Arenas...    

[Print][Tue Sep 14 10:17:49 2021]: > Done in 0.00 seconds    

[Print][Tue Sep 14 10:17:49 2021]: >> Loading Caught Highscores...    

[Print][Tue Sep 14 10:17:49 2021]: > Done in 0.00 seconds    

[Print][Tue Sep 14 10:17:49 2021]: >> Loading Tournament Highscores...    

[Print][Tue Sep 14 10:17:49 2021]: > Done in 0.00 seconds    

[Print][Tue Sep 14 10:17:49 2021]: >> Loading Berry Trees...    

[Print][Tue Sep 14 10:17:49 2021]: > Done in 0.03 seconds    

[Print][Tue Sep 14 10:17:49 2021]: >> Cleaning Mastery Dungeons...    

[Print][Tue Sep 14 10:17:49 2021]: > Done in 0.00 seconds    

[Print][Tue Sep 14 10:17:49 2021]: >> Loading Bosses...    

[Print][Tue Sep 14 10:17:49 2021]: >> Scheduled Boss Spawn: Cesar, The Simian in 6 hours and 18 minutes    

[Print][Tue Sep 14 10:17:49 2021]: > Done in 0.00 seconds    

[Print][Tue Sep 14 10:17:49 2021]: >> Loading Highscores...    

[Print][Tue Sep 14 10:17:49 2021]: > Done in 0.00 seconds    

[Print][Tue Sep 14 10:17:49 2021]: >> Loading Ball Pillars...    

[Print][Tue Sep 14 10:17:49 2021]: > Done in 0.01 seconds    

[Print][Tue Sep 14 10:17:49 2021]: >> Loading Citizens...    

[Print][Tue Sep 14 10:17:50 2021]: > Done in 0.40 seconds    

[Print][Tue Sep 14 10:17:50 2021]: >> Loading Ranks...    

[Print][Tue Sep 14 10:17:50 2021]: > Done in 0.00 seconds    

[Print][Tue Sep 14 10:17:50 2021]: >> All done on Tue Sep 14 10:17:50 2021    

[Print][Tue Sep 14 10:37:57 2021]: >> Cleaning players online status...    

[Print][Tue Sep 14 10:37:57 2021]: > Done in 0.03 seconds    

[Print][Tue Sep 14 10:37:57 2021]: >> Loading PvP Arenas...    

[Print][Tue Sep 14 10:37:57 2021]: > Done in 0.00 seconds    

[Print][Tue Sep 14 10:37:57 2021]: >> Loading Caught Highscores...    

[Print][Tue Sep 14 10:37:57 2021]: > Done in 0.00 seconds    

[Print][Tue Sep 14 10:37:57 2021]: >> Loading Tournament Highscores...    

[Print][Tue Sep 14 10:37:57 2021]: > Done in 0.00 seconds    

[Print][Tue Sep 14 10:37:57 2021]: >> Loading Berry Trees...    

[Print][Tue Sep 14 10:37:57 2021]: > Done in 0.03 seconds    

[Print][Tue Sep 14 10:37:57 2021]: >> Cleaning Mastery Dungeons...    

[Print][Tue Sep 14 10:37:57 2021]: > Done in 0.00 seconds    

[Print][Tue Sep 14 10:37:57 2021]: >> Loading Bosses...    

[Print][Tue Sep 14 10:37:57 2021]: >> Scheduled Boss Spawn: Sweet Lover in 9 hours, 19 minutes and 43 seconds    

[Print][Tue Sep 14 10:37:57 2021]: > Done in 0.01 seconds    

[Print][Tue Sep 14 10:37:57 2021]: >> Loading Highscores...    

[Print][Tue Sep 14 10:37:57 2021]: > Done in 0.00 seconds    

[Print][Tue Sep 14 10:37:57 2021]: >> Loading Ball Pillars...    

[Print][Tue Sep 14 10:37:57 2021]: > Done in 0.01 seconds    

[Print][Tue Sep 14 10:37:57 2021]: >> Loading Citizens...    

[Print][Tue Sep 14 10:37:57 2021]: > Done in 0.42 seconds    

[Print][Tue Sep 14 10:37:57 2021]: >> Loading Ranks...    

[Print][Tue Sep 14 10:37:57 2021]: > Done in 0.00 seconds    

[Print][Tue Sep 14 10:37:57 2021]: >> All done on Tue Sep 14 10:37:57 2021    

[Print][Tue Sep 14 11:39:31 2021]: >> Cleaning players online status...    

[Print][Tue Sep 14 11:39:31 2021]: > Done in 0.03 seconds    

[Print][Tue Sep 14 11:39:31 2021]: >> Loading PvP Arenas...    

[Print][Tue Sep 14 11:39:31 2021]: > Done in 0.00 seconds    

[Print][Tue Sep 14 11:39:31 2021]: >> Loading Caught Highscores...    

[Print][Tue Sep 14 11:39:31 2021]: > Done in 0.00 seconds    

[Print][Tue Sep 14 11:39:31 2021]: >> Loading Tournament Highscores...    

[Print][Tue Sep 14 11:39:31 2021]: > Done in 0.00 seconds    

[Print][Tue Sep 14 11:39:31 2021]: >> Loading Berry Trees...    

[Print][Tue Sep 14 11:39:31 2021]: > Done in 0.02 seconds    

[Print][Tue Sep 14 11:39:31 2021]: >> Cleaning Mastery Dungeons...    

[Print][Tue Sep 14 11:39:31 2021]: > Done in 0.00 seconds    

[Print][Tue Sep 14 11:39:31 2021]: >> Loading Bosses...    

[Print][Tue Sep 14 11:39:31 2021]: >> Scheduled Boss Spawn: Sweet Lover in 8 hours, 20 minutes and 40 seconds    

[Print][Tue Sep 14 11:39:31 2021]: > Done in 0.00 seconds    

[Print][Tue Sep 14 11:39:31 2021]: >> Loading Highscores...    

[Print][Tue Sep 14 11:39:31 2021]: > Done in 0.00 seconds    

[Print][Tue Sep 14 11:39:31 2021]: >> Loading Ball Pillars...    

[Print][Tue Sep 14 11:39:31 2021]: > Done in 0.00 seconds    

[Print][Tue Sep 14 11:39:31 2021]: >> Loading Citizens...    

[Print][Tue Sep 14 11:39:32 2021]: > Done in 0.49 seconds    

[Print][Tue Sep 14 11:39:32 2021]: >> Loading Ranks...    

[Print][Tue Sep 14 11:39:32 2021]: > Done in 0.00 seconds    

[Print][Tue Sep 14 11:39:32 2021]: >> All done on Tue Sep 14 11:39:32 2021    

[Print][Tue Sep 14 11:43:17 2021]: >> Cleaning players online status...    

[Print][Tue Sep 14 11:43:17 2021]: > Done in 0.05 seconds    

[Print][Tue Sep 14 11:43:17 2021]: >> Loading PvP Arenas...    

[Print][Tue Sep 14 11:43:17 2021]: > Done in 0.00 seconds    

[Print][Tue Sep 14 11:43:17 2021]: >> Loading Caught Highscores...    

[Print][Tue Sep 14 11:43:17 2021]: > Done in 0.00 seconds    

[Print][Tue Sep 14 11:43:17 2021]: >> Loading Tournament Highscores...    

[Print][Tue Sep 14 11:43:17 2021]: > Done in 0.00 seconds    

[Print][Tue Sep 14 11:43:17 2021]: >> Loading Berry Trees...    

[Print][Tue Sep 14 11:43:17 2021]: > Done in 0.02 seconds    

[Print][Tue Sep 14 11:43:17 2021]: >> Cleaning Mastery Dungeons...    

[Print][Tue Sep 14 11:43:17 2021]: > Done in 0.00 seconds    

[Print][Tue Sep 14 11:43:17 2021]: >> Loading Bosses...    

[Print][Tue Sep 14 11:43:17 2021]: >> Scheduled Boss Spawn: Flesh'n Fire in 6 hours, 57 minutes and 13 seconds    

[Print][Tue Sep 14 11:43:17 2021]: > Done in 0.01 seconds    

[Print][Tue Sep 14 11:43:17 2021]: >> Loading Highscores...    

[Print][Tue Sep 14 11:43:17 2021]: > Done in 0.00 seconds    

[Print][Tue Sep 14 11:43:17 2021]: >> Loading Ball Pillars...    

[Print][Tue Sep 14 11:43:17 2021]: > Done in 0.00 seconds    

[Print][Tue Sep 14 11:43:17 2021]: >> Loading Citizens...    

[Print][Tue Sep 14 11:43:17 2021]: > Done in 0.50 seconds    

[Print][Tue Sep 14 11:43:17 2021]: >> Loading Ranks...    

[Print][Tue Sep 14 11:43:17 2021]: > Done in 0.00 seconds    

[Print][Tue Sep 14 11:43:17 2021]: >> All done on Tue Sep 14 11:43:17 2021    

[Print][Tue Sep 14 11:58:55 2021]: 35547    Mkt73390317547686335745    

[Print][Tue Sep 14 11:59:31 2021]: 35547    Mkt20725190581745608026    stack    

[Print][Tue Sep 14 11:59:54 2021]: 35542    Mkt72720304810029179747    stack    

[Print][Tue Sep 14 12:01:36 2021]: 35549    Mkt02462800535326369345    stack    

[Print][Tue Sep 14 12:02:28 2021]: 35549    Mkt03881558741724811518    stack    

[Print][Tue Sep 14 12:02:28 2021]: gpibi: 2007    

[Print][Tue Sep 14 12:02:28 2021]: gpibi: 35543    

[Print][Tue Sep 14 12:02:29 2021]: gpibi: 35542    

[Print][Tue Sep 14 12:02:29 2021]: gpibi: 2001    

[Print][Tue Sep 14 12:02:29 2021]: gpibi: 2001    

[Print][Tue Sep 14 12:02:29 2021]: gpibi: 2001    

[Print][Tue Sep 14 12:02:29 2021]: gpibi: 2001    

[Print][Tue Sep 14 12:02:29 2021]: gpibi: 2004    

[Print][Tue Sep 14 12:02:29 2021]: gpibi: 2004    

[Print][Tue Sep 14 12:02:29 2021]: gpibi: 2004    

[Print][Tue Sep 14 12:02:29 2021]: gpibi: 2004    

[Print][Tue Sep 14 12:02:29 2021]: gpibi: 2004    

[Print][Tue Sep 14 12:02:29 2021]: gpibi: 2007    

[Print][Tue Sep 14 12:02:29 2021]: gpibi: 2007    

[Print][Tue Sep 14 12:02:29 2021]: gpibi: 2007    

[Print][Tue Sep 14 12:02:29 2021]: gpibi: 2007    

[Print][Tue Sep 14 12:02:29 2021]: gpibi: 2007    

[Print][Tue Sep 14 12:02:29 2021]: gpibi: 2004    

[Print][Tue Sep 14 12:02:29 2021]: gpibi: 2004    

[Print][Tue Sep 14 12:02:29 2021]: gpibi: 2004    

[Print][Tue Sep 14 12:02:29 2021]: gpibi: 2004    

[Print][Tue Sep 14 12:03:35 2021]: 35541    Mkt36951562719934820592    stack    

[Print][Tue Sep 14 12:03:35 2021]: gpibi: 2007    

[Print][Tue Sep 14 12:03:35 2021]: gpibi: 35543    

[Print][Tue Sep 14 12:03:35 2021]: gpibi: 35542    

[Print][Tue Sep 14 12:03:35 2021]: gpibi: 2001    

[Print][Tue Sep 14 12:03:35 2021]: gpibi: 2001    

[Print][Tue Sep 14 12:03:35 2021]: gpibi: 2001    

[Print][Tue Sep 14 12:03:35 2021]: gpibi: 2001    

[Print][Tue Sep 14 12:03:35 2021]: gpibi: 2004    

[Print][Tue Sep 14 12:03:35 2021]: gpibi: 2004    

[Print][Tue Sep 14 12:03:35 2021]: gpibi: 2004    

[Print][Tue Sep 14 12:03:35 2021]: gpibi: 2004    

[Print][Tue Sep 14 12:03:35 2021]: gpibi: 2004    

[Print][Tue Sep 14 12:03:35 2021]: gpibi: 2007    

[Print][Tue Sep 14 12:03:35 2021]: gpibi: 2007    

[Print][Tue Sep 14 12:03:35 2021]: gpibi: 2007    

[Print][Tue Sep 14 12:03:35 2021]: gpibi: 2007    

[Print][Tue Sep 14 12:03:35 2021]: gpibi: 2007    

[Print][Tue Sep 14 12:03:35 2021]: gpibi: 2004    

[Print][Tue Sep 14 12:03:35 2021]: gpibi: 2004    

[Print][Tue Sep 14 12:03:35 2021]: gpibi: 2004    

[Print][Tue Sep 14 12:03:35 2021]: gpibi: 2004    

[Print][Tue Sep 14 12:05:37 2021]: 35544    Mkt29460798114267963175    stack    

[Print][Tue Sep 14 12:05:37 2021]: gpibi: 2007 c: 1    

[Print][Tue Sep 14 12:05:37 2021]: gpibi: 35543 c: 1    

[Print][Tue Sep 14 12:05:37 2021]: gpibi: 35542 c: 1    

[Print][Tue Sep 14 12:05:37 2021]: gpibi: 2001 c: 0    

[Print][Tue Sep 14 12:05:37 2021]: gpibi: 2001 c: 0    

[Print][Tue Sep 14 12:05:37 2021]: gpibi: 2001 c: 0    

[Print][Tue Sep 14 12:05:37 2021]: gpibi: 2001 c: 0    

[Print][Tue Sep 14 12:05:37 2021]: gpibi: 2004 c: 0    

[Print][Tue Sep 14 12:05:37 2021]: gpibi: 2004 c: 0    

[Print][Tue Sep 14 12:05:37 2021]: gpibi: 2004 c: 0    

[Print][Tue Sep 14 12:05:37 2021]: gpibi: 2004 c: 0    

[Print][Tue Sep 14 12:05:37 2021]: gpibi: 2004 c: 0    

[Print][Tue Sep 14 12:05:37 2021]: gpibi: 2007 c: 1    

[Print][Tue Sep 14 12:05:37 2021]: gpibi: 2007 c: 1    

[Print][Tue Sep 14 12:05:37 2021]: gpibi: 2007 c: 1    

[Print][Tue Sep 14 12:05:37 2021]: gpibi: 2007 c: 1    

[Print][Tue Sep 14 12:05:37 2021]: gpibi: 2007 c: 1    

[Print][Tue Sep 14 12:05:37 2021]: gpibi: 2004 c: 0    

[Print][Tue Sep 14 12:05:37 2021]: gpibi: 2004 c: 0    

[Print][Tue Sep 14 12:05:37 2021]: gpibi: 2004 c: 0    

[Print][Tue Sep 14 12:05:37 2021]: gpibi: 2004 c: 0    

[Print][Tue Sep 14 12:05:50 2021]: 35542    Mkt09249562248155004185    stack    

[Print][Tue Sep 14 12:05:50 2021]: gpibi: 2007 c: 1    

[Print][Tue Sep 14 12:05:50 2021]: gpibi: 35543 c: 1    

[Print][Tue Sep 14 12:05:50 2021]: gpibi: 35542 c: 1    

[Print][Tue Sep 14 12:05:59 2021]: 35542    Mkt11413306699401014008    stack    

[Print][Tue Sep 14 12:05:59 2021]: gpibi: 2007 c: 1    

[Print][Tue Sep 14 12:05:59 2021]: gpibi: 35543 c: 1    

[Print][Tue Sep 14 12:05:59 2021]: gpibi: 35542 c: 1    

[Print][Tue Sep 14 12:06:45 2021]: 35542    Mkt31319778091750845111    stack    

[Print][Tue Sep 14 12:06:45 2021]: gpibi: 2007 c: 1    

[Print][Tue Sep 14 12:06:45 2021]: gpibi: 35543 c: 1    

[Print][Tue Sep 14 12:06:45 2021]: gpibi: 35542 c: 1    

[Print][Tue Sep 14 12:07:06 2021]: 35542    Mkt99005791899263903531    stack    

[Print][Tue Sep 14 12:07:06 2021]: gpibi: 2007 c: 1    

[Print][Tue Sep 14 12:07:06 2021]: gpibi: 35543 c: 1    

[Print][Tue Sep 14 12:07:06 2021]: gpibi: 35542 c: 1    

[Print][Tue Sep 14 12:07:24 2021]: 35542    Mkt47010846589880334328    stack    

[Print][Tue Sep 14 12:07:24 2021]: gpibi: 2007 c: 1    

[Print][Tue Sep 14 12:07:24 2021]: gpibi: 35543 c: 1    

[Print][Tue Sep 14 12:07:24 2021]: gpibi: 35542 c: 1    

[Print][Tue Sep 14 12:07:27 2021]: 35542    Mkt94118216365532067830    stack    

[Print][Tue Sep 14 12:07:27 2021]: gpibi: 2007 c: 1    

[Print][Tue Sep 14 12:07:27 2021]: gpibi: 35543 c: 1    

[Print][Tue Sep 14 12:07:27 2021]: gpibi: 35542 c: 1    

[Print][Tue Sep 14 14:17:44 2021]: >> Cleaning players online status...    

[Print][Tue Sep 14 14:17:44 2021]: > Done in 0.05 seconds    

[Print][Tue Sep 14 14:17:44 2021]: >> Loading PvP Arenas...    

[Print][Tue Sep 14 14:17:44 2021]: > Done in 0.00 seconds    

[Print][Tue Sep 14 14:17:44 2021]: >> Loading Caught Highscores...    

[Print][Tue Sep 14 14:17:44 2021]: > Done in 0.00 seconds    

[Print][Tue Sep 14 14:17:44 2021]: >> Loading Tournament Highscores...    

[Print][Tue Sep 14 14:17:44 2021]: > Done in 0.00 seconds    

[Print][Tue Sep 14 14:17:44 2021]: >> Loading Berry Trees...    

[Print][Tue Sep 14 14:17:44 2021]: > Done in 0.02 seconds    

[Print][Tue Sep 14 14:17:44 2021]: >> Cleaning Mastery Dungeons...    

[Print][Tue Sep 14 14:17:44 2021]: > Done in 0.00 seconds    

[Print][Tue Sep 14 14:17:44 2021]: >> Loading Bosses...    

[Print][Tue Sep 14 14:17:44 2021]: >> Scheduled Boss Spawn: Winged Wisdom in 8 hours, 41 minutes and 22 seconds    

[Print][Tue Sep 14 14:17:44 2021]: > Done in 0.00 seconds    

[Print][Tue Sep 14 14:17:44 2021]: >> Loading Highscores...    

[Print][Tue Sep 14 14:17:44 2021]: > Done in 0.00 seconds    

[Print][Tue Sep 14 14:17:44 2021]: >> Loading Ball Pillars...    

[Print][Tue Sep 14 14:17:44 2021]: > Done in 0.00 seconds    

[Print][Tue Sep 14 14:17:44 2021]: >> Loading Citizens...    

[Print][Tue Sep 14 14:17:45 2021]: > Done in 0.47 seconds    

[Print][Tue Sep 14 14:17:45 2021]: >> Loading Ranks...    

[Print][Tue Sep 14 14:17:45 2021]: > Done in 0.00 seconds    

[Print][Tue Sep 14 14:17:45 2021]: >> All done on Tue Sep 14 14:17:45 2021    

