[Print][Fri Oct 15 18:19:57 2021]: >> Cleaning players online status...    

[Print][Fri Oct 15 18:19:57 2021]: > Done in 0.04 seconds    

[Print][Fri Oct 15 18:19:57 2021]: >> Loading PvP Arenas...    

[Print][Fri Oct 15 18:19:57 2021]: > Done in 0.01 seconds    

[Print][Fri Oct 15 18:19:57 2021]: >> Loading Caught Highscores...    

[Print][Fri Oct 15 18:19:57 2021]: > Done in 0.00 seconds    

[Print][Fri Oct 15 18:19:57 2021]: >> Loading Tournament Highscores...    

[Print][Fri Oct 15 18:19:57 2021]: > Done in 0.00 seconds    

[Print][Fri Oct 15 18:19:57 2021]: >> Loading Berry Trees...    

[Print][Fri Oct 15 18:19:57 2021]: > Done in 0.08 seconds    

[Print][Fri Oct 15 18:19:57 2021]: >> Cleaning Mastery Dungeons...    

[Print][Fri Oct 15 18:19:57 2021]: > Done in 0.00 seconds    

[Print][Fri Oct 15 18:19:57 2021]: >> Loading Bosses...    

[Print][Fri Oct 15 18:19:57 2021]: >> Scheduled Boss Spawn: Mad Mum in 6 hours, 15 minutes and 19 seconds    

[Print][Fri Oct 15 18:19:57 2021]: > Done in 0.00 seconds    

[Print][Fri Oct 15 18:19:57 2021]: >> Loading Highscores...    

[Print][Fri Oct 15 18:19:57 2021]: > Done in 0.00 seconds    

[Print][Fri Oct 15 18:19:57 2021]: >> Loading Ball Pillars...    

[Print][Fri Oct 15 18:19:57 2021]: > Done in 0.01 seconds    

[Print][Fri Oct 15 18:19:57 2021]: >> Loading Citizens...    

[Print][Fri Oct 15 18:19:58 2021]: > Done in 0.52 seconds    

[Print][Fri Oct 15 18:19:58 2021]: >> Loading Ranks...    

[Print][Fri Oct 15 18:19:58 2021]: > Done in 0.00 seconds    

[Print][Fri Oct 15 18:19:58 2021]: >> All done on Fri Oct 15 18:19:58 2021    

