[Print][Wed Oct 06 11:59:12 2021]: >> Cleaning players online status...    

[Print][Wed Oct 06 11:59:13 2021]: > Done in 0.03 seconds    

[Print][Wed Oct 06 11:59:13 2021]: >> Loading PvP Arenas...    

[Print][Wed Oct 06 11:59:13 2021]: > Done in 0.00 seconds    

[Print][Wed Oct 06 11:59:13 2021]: >> Loading Caught Highscores...    

[Print][Wed Oct 06 11:59:13 2021]: > Done in 0.00 seconds    

[Print][Wed Oct 06 11:59:13 2021]: >> Loading Tournament Highscores...    

[Print][Wed Oct 06 11:59:13 2021]: > Done in 0.00 seconds    

[Print][Wed Oct 06 11:59:13 2021]: >> Loading Berry Trees...    

[Print][Wed Oct 06 11:59:13 2021]: > Done in 0.06 seconds    

[Print][Wed Oct 06 11:59:13 2021]: >> Cleaning Mastery Dungeons...    

[Print][Wed Oct 06 11:59:13 2021]: > Done in 0.00 seconds    

[Print][Wed Oct 06 11:59:13 2021]: >> Loading Bosses...    

[Print][Wed Oct 06 11:59:13 2021]: >> Scheduled Boss Spawn: Twisted Blades in 11 hours, 11 minutes and 17 seconds    

[Print][Wed Oct 06 11:59:13 2021]: > Done in 0.01 seconds    

[Print][Wed Oct 06 11:59:13 2021]: >> Loading Highscores...    

[Print][Wed Oct 06 11:59:13 2021]: > Done in 0.00 seconds    

[Print][Wed Oct 06 11:59:13 2021]: >> Loading Ball Pillars...    

[Print][Wed Oct 06 11:59:13 2021]: > Done in 0.11 seconds    

[Print][Wed Oct 06 11:59:13 2021]: >> Loading Citizens...    

[Print][Wed Oct 06 11:59:14 2021]: > Done in 0.64 seconds    

[Print][Wed Oct 06 11:59:14 2021]: >> Loading Ranks...    

[Print][Wed Oct 06 11:59:14 2021]: > Done in 0.00 seconds    

[Print][Wed Oct 06 11:59:14 2021]: >> All done on Wed Oct 06 11:59:14 2021    

[Print][Wed Oct 06 22:24:10 2021]: >> Cleaning players online status...    

[Print][Wed Oct 06 22:24:10 2021]: > Done in 0.20 seconds    

[Print][Wed Oct 06 22:24:11 2021]: >> Loading PvP Arenas...    

[Print][Wed Oct 06 22:24:11 2021]: > Done in 0.26 seconds    

[Print][Wed Oct 06 22:24:11 2021]: >> Loading Caught Highscores...    

[Print][Wed Oct 06 22:24:11 2021]: > Done in 0.00 seconds    

[Print][Wed Oct 06 22:24:11 2021]: >> Loading Tournament Highscores...    

[Print][Wed Oct 06 22:24:11 2021]: > Done in 0.00 seconds    

[Print][Wed Oct 06 22:24:11 2021]: >> Loading Berry Trees...    

[Print][Wed Oct 06 22:24:11 2021]: > Done in 0.04 seconds    

[Print][Wed Oct 06 22:24:11 2021]: >> Cleaning Mastery Dungeons...    

[Print][Wed Oct 06 22:24:11 2021]: > Done in 0.00 seconds    

[Print][Wed Oct 06 22:24:11 2021]: >> Loading Bosses...    

[Print][Wed Oct 06 22:24:11 2021]: >> Scheduled Boss Spawn: Sweet Lover in 9 hours, 4 minutes and 1 second    

[Print][Wed Oct 06 22:24:11 2021]: > Done in 0.00 seconds    

[Print][Wed Oct 06 22:24:11 2021]: >> Loading Highscores...    

[Print][Wed Oct 06 22:24:11 2021]: > Done in 0.00 seconds    

[Print][Wed Oct 06 22:24:11 2021]: >> Loading Ball Pillars...    

[Print][Wed Oct 06 22:24:11 2021]: > Done in 0.00 seconds    

[Print][Wed Oct 06 22:24:11 2021]: >> Loading Citizens...    

[Print][Wed Oct 06 22:24:12 2021]: > Done in 0.58 seconds    

[Print][Wed Oct 06 22:24:12 2021]: >> Loading Ranks...    

[Print][Wed Oct 06 22:24:12 2021]: > Done in 0.00 seconds    

[Print][Wed Oct 06 22:24:12 2021]: >> All done on Wed Oct 06 22:24:12 2021    

[Print][Wed Oct 06 23:21:18 2021]: >> Cleaning players online status...    

[Print][Wed Oct 06 23:21:18 2021]: > Done in 0.04 seconds    

[Print][Wed Oct 06 23:21:18 2021]: >> Loading PvP Arenas...    

[Print][Wed Oct 06 23:21:18 2021]: > Done in 0.00 seconds    

[Print][Wed Oct 06 23:21:18 2021]: >> Loading Caught Highscores...    

[Print][Wed Oct 06 23:21:18 2021]: > Done in 0.03 seconds    

[Print][Wed Oct 06 23:21:18 2021]: >> Loading Tournament Highscores...    

[Print][Wed Oct 06 23:21:18 2021]: > Done in 0.00 seconds    

[Print][Wed Oct 06 23:21:18 2021]: >> Loading Berry Trees...    

[Print][Wed Oct 06 23:21:18 2021]: > Done in 0.05 seconds    

[Print][Wed Oct 06 23:21:18 2021]: >> Cleaning Mastery Dungeons...    

[Print][Wed Oct 06 23:21:18 2021]: > Done in 0.00 seconds    

[Print][Wed Oct 06 23:21:18 2021]: >> Loading Bosses...    

[Print][Wed Oct 06 23:21:18 2021]: >> Scheduled Boss Spawn: Sweet Lover in 14 hours, 24 minutes and 23 seconds    

[Print][Wed Oct 06 23:21:18 2021]: > Done in 0.00 seconds    

[Print][Wed Oct 06 23:21:18 2021]: >> Loading Highscores...    

[Print][Wed Oct 06 23:21:18 2021]: > Done in 0.00 seconds    

[Print][Wed Oct 06 23:21:18 2021]: >> Loading Ball Pillars...    

[Print][Wed Oct 06 23:21:18 2021]: > Done in 0.02 seconds    

[Print][Wed Oct 06 23:21:18 2021]: >> Loading Citizens...    

[Print][Wed Oct 06 23:21:19 2021]: > Done in 0.50 seconds    

[Print][Wed Oct 06 23:21:19 2021]: >> Loading Ranks...    

[Print][Wed Oct 06 23:21:19 2021]: > Done in 0.00 seconds    

[Print][Wed Oct 06 23:21:19 2021]: >> All done on Wed Oct 06 23:21:19 2021    

