[Print][Mon Oct 18 10:21:15 2021]: >> Cleaning players online status...    

[Print][Mon Oct 18 10:21:15 2021]: > Done in 0.05 seconds    

[Print][Mon Oct 18 10:21:15 2021]: >> Loading PvP Arenas...    

[Print][Mon Oct 18 10:21:15 2021]: > Done in 0.00 seconds    

[Print][Mon Oct 18 10:21:15 2021]: >> Loading Caught Highscores...    

[Print][Mon Oct 18 10:21:15 2021]: > Done in 0.03 seconds    

[Print][Mon Oct 18 10:21:15 2021]: >> Loading Tournament Highscores...    

[Print][Mon Oct 18 10:21:15 2021]: > Done in 0.00 seconds    

[Print][Mon Oct 18 10:21:15 2021]: >> Loading Berry Trees...    

[Print][Mon Oct 18 10:21:15 2021]: > Done in 0.07 seconds    

[Print][Mon Oct 18 10:21:15 2021]: >> Cleaning Mastery Dungeons...    

[Print][Mon Oct 18 10:21:15 2021]: > Done in 0.00 seconds    

[Print][Mon Oct 18 10:21:15 2021]: >> Loading Bosses...    

[Print][Mon Oct 18 10:21:15 2021]: >> Scheduled Boss Spawn: The Turbo in 15 hours, 36 minutes and 6 seconds    

[Print][Mon Oct 18 10:21:15 2021]: > Done in 0.01 seconds    

[Print][Mon Oct 18 10:21:15 2021]: >> Loading Highscores...    

[Print][Mon Oct 18 10:21:15 2021]: > Done in 0.00 seconds    

[Print][Mon Oct 18 10:21:15 2021]: >> Loading Ball Pillars...    

[Print][Mon Oct 18 10:21:15 2021]: > Done in 0.02 seconds    

[Print][Mon Oct 18 10:21:15 2021]: >> Loading Citizens...    

[Print][Mon Oct 18 10:21:16 2021]: > Done in 0.88 seconds    

[Print][Mon Oct 18 10:21:16 2021]: >> Loading Ranks...    

[Print][Mon Oct 18 10:21:16 2021]: > Done in 0.00 seconds    

[Print][Mon Oct 18 10:21:17 2021]: >> All done on Mon Oct 18 10:21:16 2021    

[Print][Mon Oct 18 12:23:59 2021]: >> Cleaning players online status...    

[Print][Mon Oct 18 12:24:00 2021]: > Done in 0.06 seconds    

[Print][Mon Oct 18 12:24:00 2021]: >> Loading PvP Arenas...    

[Print][Mon Oct 18 12:24:00 2021]: > Done in 0.00 seconds    

[Print][Mon Oct 18 12:24:00 2021]: >> Loading Caught Highscores...    

[Print][Mon Oct 18 12:24:00 2021]: > Done in 0.00 seconds    

[Print][Mon Oct 18 12:24:00 2021]: >> Loading Tournament Highscores...    

[Print][Mon Oct 18 12:24:00 2021]: > Done in 0.01 seconds    

[Print][Mon Oct 18 12:24:00 2021]: >> Loading Berry Trees...    

[Print][Mon Oct 18 12:24:00 2021]: > Done in 0.02 seconds    

[Print][Mon Oct 18 12:24:00 2021]: >> Cleaning Mastery Dungeons...    

[Print][Mon Oct 18 12:24:00 2021]: > Done in 0.00 seconds    

[Print][Mon Oct 18 12:24:00 2021]: >> Loading Bosses...    

[Print][Mon Oct 18 12:24:00 2021]: >> Scheduled Boss Spawn: Smaug in 10 hours, 10 minutes and 20 seconds    

[Print][Mon Oct 18 12:24:00 2021]: > Done in 0.01 seconds    

[Print][Mon Oct 18 12:24:00 2021]: >> Loading Highscores...    

[Print][Mon Oct 18 12:24:00 2021]: > Done in 0.02 seconds    

[Print][Mon Oct 18 12:24:00 2021]: >> Loading Ball Pillars...    

[Print][Mon Oct 18 12:24:00 2021]: > Done in 0.00 seconds    

[Print][Mon Oct 18 12:24:00 2021]: >> Loading Citizens...    

[Print][Mon Oct 18 12:24:00 2021]: > Done in 0.58 seconds    

[Print][Mon Oct 18 12:24:00 2021]: >> Loading Ranks...    

[Print][Mon Oct 18 12:24:00 2021]: > Done in 0.00 seconds    

[Print][Mon Oct 18 12:24:00 2021]: >> All done on Mon Oct 18 12:24:00 2021    

[Print][Mon Oct 18 14:05:01 2021]: >> Cleaning players online status...    

[Print][Mon Oct 18 14:05:01 2021]: > Done in 0.05 seconds    

[Print][Mon Oct 18 14:05:01 2021]: >> Loading PvP Arenas...    

[Print][Mon Oct 18 14:05:01 2021]: > Done in 0.00 seconds    

[Print][Mon Oct 18 14:05:01 2021]: >> Loading Caught Highscores...    

[Print][Mon Oct 18 14:05:01 2021]: > Done in 0.01 seconds    

[Print][Mon Oct 18 14:05:01 2021]: >> Loading Tournament Highscores...    

[Print][Mon Oct 18 14:05:01 2021]: > Done in 0.00 seconds    

[Print][Mon Oct 18 14:05:01 2021]: >> Loading Berry Trees...    

[Print][Mon Oct 18 14:05:01 2021]: > Done in 0.02 seconds    

[Print][Mon Oct 18 14:05:01 2021]: >> Cleaning Mastery Dungeons...    

[Print][Mon Oct 18 14:05:01 2021]: > Done in 0.00 seconds    

[Print][Mon Oct 18 14:05:01 2021]: >> Loading Bosses...    

[Print][Mon Oct 18 14:05:01 2021]: >> Scheduled Boss Spawn: Phyllo Terribil in 10 hours, 29 minutes and 52 seconds    

[Print][Mon Oct 18 14:05:01 2021]: > Done in 0.00 seconds    

[Print][Mon Oct 18 14:05:01 2021]: >> Loading Highscores...    

[Print][Mon Oct 18 14:05:01 2021]: > Done in 0.00 seconds    

[Print][Mon Oct 18 14:05:01 2021]: >> Loading Ball Pillars...    

[Print][Mon Oct 18 14:05:01 2021]: > Done in 0.00 seconds    

[Print][Mon Oct 18 14:05:01 2021]: >> Loading Citizens...    

[Print][Mon Oct 18 14:05:02 2021]: > Done in 0.48 seconds    

[Print][Mon Oct 18 14:05:02 2021]: >> Loading Ranks...    

[Print][Mon Oct 18 14:05:02 2021]: > Done in 0.00 seconds    

[Print][Mon Oct 18 14:05:02 2021]: >> All done on Mon Oct 18 14:05:02 2021    

[Print][Mon Oct 18 15:48:38 2021]: >> Cleaning players online status...    

[Print][Mon Oct 18 15:48:38 2021]: > Done in 0.08 seconds    

[Print][Mon Oct 18 15:48:38 2021]: >> Loading PvP Arenas...    

[Print][Mon Oct 18 15:48:38 2021]: > Done in 0.00 seconds    

[Print][Mon Oct 18 15:48:38 2021]: >> Loading Caught Highscores...    

[Print][Mon Oct 18 15:48:38 2021]: > Done in 0.03 seconds    

[Print][Mon Oct 18 15:48:38 2021]: >> Loading Tournament Highscores...    

[Print][Mon Oct 18 15:48:38 2021]: > Done in 0.00 seconds    

[Print][Mon Oct 18 15:48:38 2021]: >> Loading Berry Trees...    

[Print][Mon Oct 18 15:48:38 2021]: > Done in 0.06 seconds    

[Print][Mon Oct 18 15:48:38 2021]: >> Cleaning Mastery Dungeons...    

[Print][Mon Oct 18 15:48:38 2021]: > Done in 0.00 seconds    

[Print][Mon Oct 18 15:48:38 2021]: >> Loading Bosses...    

[Print][Mon Oct 18 15:48:38 2021]: >> Scheduled Boss Spawn: Winged Wisdom in 6 hours, 46 minutes and 47 seconds    

[Print][Mon Oct 18 15:48:38 2021]: > Done in 0.00 seconds    

[Print][Mon Oct 18 15:48:38 2021]: >> Loading Highscores...    

[Print][Mon Oct 18 15:48:38 2021]: > Done in 0.00 seconds    

[Print][Mon Oct 18 15:48:38 2021]: >> Loading Ball Pillars...    

[Print][Mon Oct 18 15:48:38 2021]: > Done in 0.02 seconds    

[Print][Mon Oct 18 15:48:38 2021]: >> Loading Citizens...    

[Print][Mon Oct 18 15:48:39 2021]: > Done in 0.46 seconds    

[Print][Mon Oct 18 15:48:39 2021]: >> Loading Ranks...    

[Print][Mon Oct 18 15:48:39 2021]: > Done in 0.00 seconds    

[Print][Mon Oct 18 15:48:39 2021]: >> All done on Mon Oct 18 15:48:39 2021    

[Print][Mon Oct 18 16:49:19 2021]: >> Cleaning players online status...    

[Print][Mon Oct 18 16:49:19 2021]: > Done in 0.06 seconds    

[Print][Mon Oct 18 16:49:19 2021]: >> Loading PvP Arenas...    

[Print][Mon Oct 18 16:49:19 2021]: > Done in 0.00 seconds    

[Print][Mon Oct 18 16:49:19 2021]: >> Loading Caught Highscores...    

[Print][Mon Oct 18 16:49:19 2021]: > Done in 0.00 seconds    

[Print][Mon Oct 18 16:49:19 2021]: >> Loading Tournament Highscores...    

[Print][Mon Oct 18 16:49:19 2021]: > Done in 0.00 seconds    

[Print][Mon Oct 18 16:49:19 2021]: >> Loading Berry Trees...    

[Print][Mon Oct 18 16:49:19 2021]: > Done in 0.05 seconds    

[Print][Mon Oct 18 16:49:19 2021]: >> Cleaning Mastery Dungeons...    

[Print][Mon Oct 18 16:49:19 2021]: > Done in 0.00 seconds    

[Print][Mon Oct 18 16:49:19 2021]: >> Loading Bosses...    

[Print][Mon Oct 18 16:49:19 2021]: >> Scheduled Boss Spawn: Pink Fury in 6 hours, 7 minutes and 9 seconds    

[Print][Mon Oct 18 16:49:19 2021]: > Done in 0.00 seconds    

[Print][Mon Oct 18 16:49:19 2021]: >> Loading Highscores...    

[Print][Mon Oct 18 16:49:19 2021]: > Done in 0.00 seconds    

[Print][Mon Oct 18 16:49:19 2021]: >> Loading Ball Pillars...    

[Print][Mon Oct 18 16:49:19 2021]: > Done in 0.00 seconds    

[Print][Mon Oct 18 16:49:19 2021]: >> Loading Citizens...    

[Print][Mon Oct 18 16:49:19 2021]: > Done in 0.48 seconds    

[Print][Mon Oct 18 16:49:19 2021]: >> Loading Ranks...    

[Print][Mon Oct 18 16:49:19 2021]: > Done in 0.00 seconds    

[Print][Mon Oct 18 16:49:19 2021]: >> All done on Mon Oct 18 16:49:19 2021    

[Print][Mon Oct 18 16:52:46 2021]: >> Cleaning players online status...    

[Print][Mon Oct 18 16:52:46 2021]: > Done in 0.08 seconds    

[Print][Mon Oct 18 16:52:46 2021]: >> Loading PvP Arenas...    

[Print][Mon Oct 18 16:52:46 2021]: > Done in 0.00 seconds    

[Print][Mon Oct 18 16:52:46 2021]: >> Loading Caught Highscores...    

[Print][Mon Oct 18 16:52:46 2021]: > Done in 0.00 seconds    

[Print][Mon Oct 18 16:52:46 2021]: >> Loading Tournament Highscores...    

[Print][Mon Oct 18 16:52:46 2021]: > Done in 0.00 seconds    

[Print][Mon Oct 18 16:52:46 2021]: >> Loading Berry Trees...    

[Print][Mon Oct 18 16:52:46 2021]: > Done in 0.02 seconds    

[Print][Mon Oct 18 16:52:46 2021]: >> Cleaning Mastery Dungeons...    

[Print][Mon Oct 18 16:52:46 2021]: > Done in 0.00 seconds    

[Print][Mon Oct 18 16:52:46 2021]: >> Loading Bosses...    

[Print][Mon Oct 18 16:52:46 2021]: >> Scheduled Boss Spawn: DoomBoy in 5 hours, 50 minutes and 47 seconds    

[Print][Mon Oct 18 16:52:46 2021]: > Done in 0.01 seconds    

[Print][Mon Oct 18 16:52:46 2021]: >> Loading Highscores...    

[Print][Mon Oct 18 16:52:46 2021]: > Done in 0.00 seconds    

[Print][Mon Oct 18 16:52:46 2021]: >> Loading Ball Pillars...    

[Print][Mon Oct 18 16:52:46 2021]: > Done in 0.00 seconds    

[Print][Mon Oct 18 16:52:46 2021]: >> Loading Citizens...    

[Print][Mon Oct 18 16:52:46 2021]: > Done in 0.49 seconds    

[Print][Mon Oct 18 16:52:46 2021]: >> Loading Ranks...    

[Print][Mon Oct 18 16:52:46 2021]: > Done in 0.00 seconds    

[Print][Mon Oct 18 16:52:46 2021]: >> All done on Mon Oct 18 16:52:46 2021    

