[Print][Mon Aug 30 06:45:08 2021]: >> Cleaning players online status...    

[Print][Mon Aug 30 06:45:08 2021]: > Done in 0.02 seconds    

[Print][Mon Aug 30 06:45:08 2021]: >> Loading PvP Arenas...    

[Print][Mon Aug 30 06:45:08 2021]: > Done in 0.00 seconds    

[Print][Mon Aug 30 06:45:08 2021]: >> Loading Caught Highscores...    

[Print][Mon Aug 30 06:45:08 2021]: > Done in 0.00 seconds    

[Print][Mon Aug 30 06:45:08 2021]: >> Loading Tournament Highscores...    

[Print][Mon Aug 30 06:45:08 2021]: > Done in 0.00 seconds    

[Print][Mon Aug 30 06:45:08 2021]: >> Loading Berry Trees...    

[Print][Mon Aug 30 06:45:08 2021]: > Done in 0.04 seconds    

[Print][Mon Aug 30 06:45:08 2021]: >> Cleaning Mastery Dungeons...    

[Print][Mon Aug 30 06:45:08 2021]: > Done in 0.00 seconds    

[Print][Mon Aug 30 06:45:08 2021]: >> Loading Bosses...    

[Print][Mon Aug 30 06:45:08 2021]: >> Scheduled Boss Spawn: Great Saul in 10 hours, 54 minutes and 32 seconds    

[Print][Mon Aug 30 06:45:08 2021]: > Done in 0.00 seconds    

[Print][Mon Aug 30 06:45:08 2021]: >> Loading Highscores...    

[Print][Mon Aug 30 06:45:08 2021]: > Done in 0.00 seconds    

[Print][Mon Aug 30 06:45:08 2021]: >> Loading Ball Pillars...    

[Print][Mon Aug 30 06:45:08 2021]: > Done in 0.01 seconds    

[Print][Mon Aug 30 06:45:08 2021]: >> Loading Citizens...    

[Print][Mon Aug 30 06:45:08 2021]: > Done in 0.45 seconds    

[Print][Mon Aug 30 06:45:08 2021]: >> Loading Ranks...    

[Print][Mon Aug 30 06:45:08 2021]: > Done in 0.00 seconds    

[Print][Mon Aug 30 06:45:08 2021]: >> All done on Mon Aug 30 06:45:08 2021    

[Print][Mon Aug 30 10:57:57 2021]: >> Cleaning players online status...    

[Print][Mon Aug 30 10:57:57 2021]: > Done in 0.07 seconds    

[Print][Mon Aug 30 10:57:57 2021]: >> Loading PvP Arenas...    

[Print][Mon Aug 30 10:57:57 2021]: > Done in 0.01 seconds    

[Print][Mon Aug 30 10:57:57 2021]: >> Loading Caught Highscores...    

[Print][Mon Aug 30 10:57:57 2021]: > Done in 0.00 seconds    

[Print][Mon Aug 30 10:57:57 2021]: >> Loading Tournament Highscores...    

[Print][Mon Aug 30 10:57:57 2021]: > Done in 0.00 seconds    

[Print][Mon Aug 30 10:57:57 2021]: >> Loading Berry Trees...    

[Print][Mon Aug 30 10:57:57 2021]: > Done in 0.01 seconds    

[Print][Mon Aug 30 10:57:57 2021]: >> Cleaning Mastery Dungeons...    

[Print][Mon Aug 30 10:57:57 2021]: > Done in 0.00 seconds    

[Print][Mon Aug 30 10:57:57 2021]: >> Loading Bosses...    

[Print][Mon Aug 30 10:57:57 2021]: >> Scheduled Boss Spawn: Cesar, The Simian in 7 hours, 14 minutes and 5 seconds    

[Print][Mon Aug 30 10:57:57 2021]: > Done in 0.00 seconds    

[Print][Mon Aug 30 10:57:57 2021]: >> Loading Highscores...    

[Print][Mon Aug 30 10:57:57 2021]: > Done in 0.00 seconds    

[Print][Mon Aug 30 10:57:57 2021]: >> Loading Ball Pillars...    

[Print][Mon Aug 30 10:57:57 2021]: > Done in 0.04 seconds    

[Print][Mon Aug 30 10:57:57 2021]: >> Loading Citizens...    

[Print][Mon Aug 30 10:57:58 2021]: > Done in 0.53 seconds    

[Print][Mon Aug 30 10:57:58 2021]: >> Loading Ranks...    

[Print][Mon Aug 30 10:57:58 2021]: > Done in 0.00 seconds    

[Print][Mon Aug 30 10:57:58 2021]: >> All done on Mon Aug 30 10:57:58 2021    

[Print][Mon Aug 30 11:12:17 2021]: >> Cleaning players online status...    

[Print][Mon Aug 30 11:12:17 2021]: > Done in 0.02 seconds    

[Print][Mon Aug 30 11:12:17 2021]: >> Loading PvP Arenas...    

[Print][Mon Aug 30 11:12:17 2021]: > Done in 0.00 seconds    

[Print][Mon Aug 30 11:12:17 2021]: >> Loading Caught Highscores...    

[Print][Mon Aug 30 11:12:17 2021]: > Done in 0.01 seconds    

[Print][Mon Aug 30 11:12:17 2021]: >> Loading Tournament Highscores...    

[Print][Mon Aug 30 11:12:17 2021]: > Done in 0.00 seconds    

[Print][Mon Aug 30 11:12:17 2021]: >> Loading Berry Trees...    

[Print][Mon Aug 30 11:12:17 2021]: > Done in 0.02 seconds    

[Print][Mon Aug 30 11:12:17 2021]: >> Cleaning Mastery Dungeons...    

[Print][Mon Aug 30 11:12:17 2021]: > Done in 0.00 seconds    

[Print][Mon Aug 30 11:12:17 2021]: >> Loading Bosses...    

[Print][Mon Aug 30 11:12:17 2021]: >> Scheduled Boss Spawn: Toby in 5 hours, 2 minutes and 5 seconds    

[Print][Mon Aug 30 11:12:18 2021]: > Done in 0.01 seconds    

[Print][Mon Aug 30 11:12:18 2021]: >> Loading Highscores...    

[Print][Mon Aug 30 11:12:18 2021]: > Done in 0.00 seconds    

[Print][Mon Aug 30 11:12:18 2021]: >> Loading Ball Pillars...    

[Print][Mon Aug 30 11:12:18 2021]: > Done in 0.00 seconds    

[Print][Mon Aug 30 11:12:18 2021]: >> Loading Citizens...    

[Print][Mon Aug 30 11:12:18 2021]: > Done in 0.54 seconds    

[Print][Mon Aug 30 11:12:18 2021]: >> Loading Ranks...    

[Print][Mon Aug 30 11:12:18 2021]: > Done in 0.00 seconds    

[Print][Mon Aug 30 11:12:18 2021]: >> All done on Mon Aug 30 11:12:18 2021    

[Print][Mon Aug 30 12:40:49 2021]: >> Cleaning players online status...    

[Print][Mon Aug 30 12:40:49 2021]: > Done in 0.02 seconds    

[Print][Mon Aug 30 12:40:49 2021]: >> Loading PvP Arenas...    

[Print][Mon Aug 30 12:40:49 2021]: > Done in 0.00 seconds    

[Print][Mon Aug 30 12:40:49 2021]: >> Loading Caught Highscores...    

[Print][Mon Aug 30 12:40:49 2021]: > Done in 0.00 seconds    

[Print][Mon Aug 30 12:40:49 2021]: >> Loading Tournament Highscores...    

[Print][Mon Aug 30 12:40:49 2021]: > Done in 0.00 seconds    

[Print][Mon Aug 30 12:40:49 2021]: >> Loading Berry Trees...    

[Print][Mon Aug 30 12:40:49 2021]: > Done in 0.02 seconds    

[Print][Mon Aug 30 12:40:49 2021]: >> Cleaning Mastery Dungeons...    

[Print][Mon Aug 30 12:40:49 2021]: > Done in 0.00 seconds    

[Print][Mon Aug 30 12:40:49 2021]: >> Loading Bosses...    

[Print][Mon Aug 30 12:40:49 2021]: >> Scheduled Boss Spawn: Twisted Blades in 14 hours, 3 minutes and 20 seconds    

[Print][Mon Aug 30 12:40:49 2021]: > Done in 0.01 seconds    

[Print][Mon Aug 30 12:40:49 2021]: >> Loading Highscores...    

[Print][Mon Aug 30 12:40:49 2021]: > Done in 0.00 seconds    

[Print][Mon Aug 30 12:40:49 2021]: >> Loading Ball Pillars...    

[Print][Mon Aug 30 12:40:49 2021]: > Done in 0.00 seconds    

[Print][Mon Aug 30 12:40:49 2021]: >> Loading Citizens...    

[Print][Mon Aug 30 12:40:50 2021]: > Done in 0.43 seconds    

[Print][Mon Aug 30 12:40:50 2021]: >> Loading Ranks...    

[Print][Mon Aug 30 12:40:50 2021]: > Done in 0.00 seconds    

[Print][Mon Aug 30 12:40:50 2021]: >> All done on Mon Aug 30 12:40:50 2021    

[Print][Mon Aug 30 12:48:09 2021]: >> Cleaning players online status...    

[Print][Mon Aug 30 12:48:09 2021]: > Done in 0.03 seconds    

[Print][Mon Aug 30 12:48:09 2021]: >> Loading PvP Arenas...    

[Print][Mon Aug 30 12:48:09 2021]: > Done in 0.00 seconds    

[Print][Mon Aug 30 12:48:09 2021]: >> Loading Caught Highscores...    

[Print][Mon Aug 30 12:48:09 2021]: > Done in 0.00 seconds    

[Print][Mon Aug 30 12:48:09 2021]: >> Loading Tournament Highscores...    

[Print][Mon Aug 30 12:48:09 2021]: > Done in 0.00 seconds    

[Print][Mon Aug 30 12:48:09 2021]: >> Loading Berry Trees...    

[Print][Mon Aug 30 12:48:09 2021]: > Done in 0.02 seconds    

[Print][Mon Aug 30 12:48:09 2021]: >> Cleaning Mastery Dungeons...    

[Print][Mon Aug 30 12:48:09 2021]: > Done in 0.00 seconds    

[Print][Mon Aug 30 12:48:09 2021]: >> Loading Bosses...    

[Print][Mon Aug 30 12:48:09 2021]: >> Scheduled Boss Spawn: Smaug in 5 hours, 43 minutes and 26 seconds    

[Print][Mon Aug 30 12:48:09 2021]: > Done in 0.00 seconds    

[Print][Mon Aug 30 12:48:09 2021]: >> Loading Highscores...    

[Print][Mon Aug 30 12:48:09 2021]: > Done in 0.00 seconds    

[Print][Mon Aug 30 12:48:09 2021]: >> Loading Ball Pillars...    

[Print][Mon Aug 30 12:48:09 2021]: > Done in 0.00 seconds    

[Print][Mon Aug 30 12:48:09 2021]: >> Loading Citizens...    

[Print][Mon Aug 30 12:48:10 2021]: > Done in 0.46 seconds    

[Print][Mon Aug 30 12:48:10 2021]: >> Loading Ranks...    

[Print][Mon Aug 30 12:48:10 2021]: > Done in 0.00 seconds    

[Print][Mon Aug 30 12:48:10 2021]: >> All done on Mon Aug 30 12:48:10 2021    

[Print][Mon Aug 30 12:59:38 2021]: passou    

[Print][Mon Aug 30 13:17:46 2021]: >> Cleaning players online status...    

[Print][Mon Aug 30 13:17:46 2021]: > Done in 0.13 seconds    

[Print][Mon Aug 30 13:17:46 2021]: >> Loading PvP Arenas...    

[Print][Mon Aug 30 13:17:46 2021]: > Done in 0.00 seconds    

[Print][Mon Aug 30 13:17:46 2021]: >> Loading Caught Highscores...    

[Print][Mon Aug 30 13:17:46 2021]: > Done in 0.00 seconds    

[Print][Mon Aug 30 13:17:46 2021]: >> Loading Tournament Highscores...    

[Print][Mon Aug 30 13:17:46 2021]: > Done in 0.02 seconds    

[Print][Mon Aug 30 13:17:46 2021]: >> Loading Berry Trees...    

[Print][Mon Aug 30 13:17:46 2021]: > Done in 0.03 seconds    

[Print][Mon Aug 30 13:17:46 2021]: >> Cleaning Mastery Dungeons...    

[Print][Mon Aug 30 13:17:46 2021]: > Done in 0.00 seconds    

[Print][Mon Aug 30 13:17:46 2021]: >> Loading Bosses...    

[Print][Mon Aug 30 13:17:46 2021]: >> Scheduled Boss Spawn: DoomBoy in 7 hours, 48 minutes and 34 seconds    

[Print][Mon Aug 30 13:17:46 2021]: > Done in 0.01 seconds    

[Print][Mon Aug 30 13:17:46 2021]: >> Loading Highscores...    

[Print][Mon Aug 30 13:17:46 2021]: > Done in 0.00 seconds    

[Print][Mon Aug 30 13:17:46 2021]: >> Loading Ball Pillars...    

[Print][Mon Aug 30 13:17:46 2021]: > Done in 0.00 seconds    

[Print][Mon Aug 30 13:17:46 2021]: >> Loading Citizens...    

[Print][Mon Aug 30 13:17:46 2021]: > Done in 0.39 seconds    

[Print][Mon Aug 30 13:17:46 2021]: >> Loading Ranks...    

[Print][Mon Aug 30 13:17:46 2021]: > Done in 0.00 seconds    

[Print][Mon Aug 30 13:17:46 2021]: >> All done on Mon Aug 30 13:17:46 2021    

[Print][Mon Aug 30 13:18:24 2021]: passou    

[Print][Mon Aug 30 13:18:33 2021]: passou    

[Print][Mon Aug 30 14:27:46 2021]: >> Cleaning players online status...    

[Print][Mon Aug 30 14:27:46 2021]: > Done in 0.04 seconds    

[Print][Mon Aug 30 14:27:46 2021]: >> Loading PvP Arenas...    

[Print][Mon Aug 30 14:27:46 2021]: > Done in 0.00 seconds    

[Print][Mon Aug 30 14:27:46 2021]: >> Loading Caught Highscores...    

[Print][Mon Aug 30 14:27:46 2021]: > Done in 0.01 seconds    

[Print][Mon Aug 30 14:27:46 2021]: >> Loading Tournament Highscores...    

[Print][Mon Aug 30 14:27:46 2021]: > Done in 0.03 seconds    

[Print][Mon Aug 30 14:27:46 2021]: >> Loading Berry Trees...    

[Print][Mon Aug 30 14:27:46 2021]: > Done in 0.02 seconds    

[Print][Mon Aug 30 14:27:46 2021]: >> Cleaning Mastery Dungeons...    

[Print][Mon Aug 30 14:27:46 2021]: > Done in 0.00 seconds    

[Print][Mon Aug 30 14:27:46 2021]: >> Loading Bosses...    

[Print][Mon Aug 30 14:27:46 2021]: >> Scheduled Boss Spawn: Toby in 6 hours, 38 minutes and 23 seconds    

[Print][Mon Aug 30 14:27:46 2021]: > Done in 0.00 seconds    

[Print][Mon Aug 30 14:27:46 2021]: >> Loading Highscores...    

[Print][Mon Aug 30 14:27:46 2021]: > Done in 0.00 seconds    

[Print][Mon Aug 30 14:27:46 2021]: >> Loading Ball Pillars...    

[Print][Mon Aug 30 14:27:46 2021]: > Done in 0.00 seconds    

[Print][Mon Aug 30 14:27:46 2021]: >> Loading Citizens...    

[Print][Mon Aug 30 14:27:47 2021]: > Done in 0.95 seconds    

[Print][Mon Aug 30 14:27:47 2021]: >> Loading Ranks...    

[Print][Mon Aug 30 14:27:47 2021]: > Done in 0.00 seconds    

[Print][Mon Aug 30 14:27:47 2021]: >> All done on Mon Aug 30 14:27:47 2021    

[Print][Mon Aug 30 14:28:37 2021]: passou    

[Print][Mon Aug 30 14:29:58 2021]: table: 293D4E88    

[Print][Mon Aug 30 14:32:22 2021]: 1073752458    

[Print][Mon Aug 30 14:36:18 2021]: 1073752459    

[Print][Mon Aug 30 14:36:25 2021]: 1073752460    

[Print][Mon Aug 30 14:50:42 2021]: passouaqui    

[Print][Mon Aug 30 15:49:12 2021]: >> Cleaning players online status...    

[Print][Mon Aug 30 15:49:12 2021]: > Done in 0.06 seconds    

[Print][Mon Aug 30 15:49:12 2021]: >> Loading PvP Arenas...    

[Print][Mon Aug 30 15:49:12 2021]: > Done in 0.00 seconds    

[Print][Mon Aug 30 15:49:12 2021]: >> Loading Caught Highscores...    

[Print][Mon Aug 30 15:49:12 2021]: > Done in 0.00 seconds    

[Print][Mon Aug 30 15:49:12 2021]: >> Loading Tournament Highscores...    

[Print][Mon Aug 30 15:49:12 2021]: > Done in 0.00 seconds    

[Print][Mon Aug 30 15:49:12 2021]: >> Loading Berry Trees...    

[Print][Mon Aug 30 15:49:12 2021]: > Done in 0.02 seconds    

[Print][Mon Aug 30 15:49:12 2021]: >> Cleaning Mastery Dungeons...    

[Print][Mon Aug 30 15:49:12 2021]: > Done in 0.00 seconds    

[Print][Mon Aug 30 15:49:12 2021]: >> Loading Bosses...    

[Print][Mon Aug 30 15:49:12 2021]: >> Scheduled Boss Spawn: Twisted Blades in 11 hours, 31 minutes and 27 seconds    

[Print][Mon Aug 30 15:49:12 2021]: > Done in 0.00 seconds    

[Print][Mon Aug 30 15:49:12 2021]: >> Loading Highscores...    

[Print][Mon Aug 30 15:49:12 2021]: > Done in 0.00 seconds    

[Print][Mon Aug 30 15:49:12 2021]: >> Loading Ball Pillars...    

[Print][Mon Aug 30 15:49:12 2021]: > Done in 0.00 seconds    

[Print][Mon Aug 30 15:49:12 2021]: >> Loading Citizens...    

[Print][Mon Aug 30 15:49:12 2021]: > Done in 0.41 seconds    

[Print][Mon Aug 30 15:49:12 2021]: >> Loading Ranks...    

[Print][Mon Aug 30 15:49:12 2021]: > Done in 0.00 seconds    

[Print][Mon Aug 30 15:49:12 2021]: >> All done on Mon Aug 30 15:49:12 2021    

[Print][Mon Aug 30 16:18:13 2021]: >> Cleaning players online status...    

[Print][Mon Aug 30 16:18:13 2021]: > Done in 0.06 seconds    

[Print][Mon Aug 30 16:18:13 2021]: >> Loading PvP Arenas...    

[Print][Mon Aug 30 16:18:13 2021]: > Done in 0.00 seconds    

[Print][Mon Aug 30 16:18:13 2021]: >> Loading Caught Highscores...    

[Print][Mon Aug 30 16:18:13 2021]: > Done in 0.00 seconds    

[Print][Mon Aug 30 16:18:13 2021]: >> Loading Tournament Highscores...    

[Print][Mon Aug 30 16:18:13 2021]: > Done in 0.00 seconds    

[Print][Mon Aug 30 16:18:13 2021]: >> Loading Berry Trees...    

[Print][Mon Aug 30 16:18:13 2021]: > Done in 0.03 seconds    

[Print][Mon Aug 30 16:18:13 2021]: >> Cleaning Mastery Dungeons...    

[Print][Mon Aug 30 16:18:13 2021]: > Done in 0.00 seconds    

[Print][Mon Aug 30 16:18:13 2021]: >> Loading Bosses...    

[Print][Mon Aug 30 16:18:13 2021]: >> Scheduled Boss Spawn: Great Saul in 7 hours, 24 minutes and 50 seconds    

[Print][Mon Aug 30 16:18:13 2021]: > Done in 0.01 seconds    

[Print][Mon Aug 30 16:18:13 2021]: >> Loading Highscores...    

[Print][Mon Aug 30 16:18:13 2021]: > Done in 0.00 seconds    

[Print][Mon Aug 30 16:18:13 2021]: >> Loading Ball Pillars...    

[Print][Mon Aug 30 16:18:13 2021]: > Done in 0.00 seconds    

[Print][Mon Aug 30 16:18:13 2021]: >> Loading Citizens...    

[Print][Mon Aug 30 16:18:13 2021]: > Done in 0.44 seconds    

[Print][Mon Aug 30 16:18:13 2021]: >> Loading Ranks...    

[Print][Mon Aug 30 16:18:13 2021]: > Done in 0.00 seconds    

[Print][Mon Aug 30 16:18:13 2021]: >> All done on Mon Aug 30 16:18:13 2021    

[Print][Mon Aug 30 17:12:34 2021]: >> Cleaning players online status...    

[Print][Mon Aug 30 17:12:34 2021]: > Done in 0.09 seconds    

[Print][Mon Aug 30 17:12:34 2021]: >> Loading PvP Arenas...    

[Print][Mon Aug 30 17:12:34 2021]: > Done in 0.00 seconds    

[Print][Mon Aug 30 17:12:34 2021]: >> Loading Caught Highscores...    

[Print][Mon Aug 30 17:12:34 2021]: > Done in 0.00 seconds    

[Print][Mon Aug 30 17:12:34 2021]: >> Loading Tournament Highscores...    

[Print][Mon Aug 30 17:12:34 2021]: > Done in 0.00 seconds    

[Print][Mon Aug 30 17:12:34 2021]: >> Loading Berry Trees...    

[Print][Mon Aug 30 17:12:34 2021]: > Done in 0.02 seconds    

[Print][Mon Aug 30 17:12:34 2021]: >> Cleaning Mastery Dungeons...    

[Print][Mon Aug 30 17:12:34 2021]: > Done in 0.00 seconds    

[Print][Mon Aug 30 17:12:34 2021]: >> Loading Bosses...    

[Print][Mon Aug 30 17:12:34 2021]: >> Scheduled Boss Spawn: Twisted Blades in 13 hours, 40 minutes and 56 seconds    

[Print][Mon Aug 30 17:12:34 2021]: > Done in 0.00 seconds    

[Print][Mon Aug 30 17:12:34 2021]: >> Loading Highscores...    

[Print][Mon Aug 30 17:12:34 2021]: > Done in 0.00 seconds    

[Print][Mon Aug 30 17:12:34 2021]: >> Loading Ball Pillars...    

[Print][Mon Aug 30 17:12:34 2021]: > Done in 0.00 seconds    

[Print][Mon Aug 30 17:12:34 2021]: >> Loading Citizens...    

[Print][Mon Aug 30 17:12:34 2021]: > Done in 0.37 seconds    

[Print][Mon Aug 30 17:12:34 2021]: >> Loading Ranks...    

[Print][Mon Aug 30 17:12:34 2021]: > Done in 0.00 seconds    

[Print][Mon Aug 30 17:12:34 2021]: >> All done on Mon Aug 30 17:12:34 2021    

[Print][Mon Aug 30 17:23:42 2021]: >> Cleaning players online status...    

[Print][Mon Aug 30 17:23:42 2021]: > Done in 0.06 seconds    

[Print][Mon Aug 30 17:23:42 2021]: >> Loading PvP Arenas...    

[Print][Mon Aug 30 17:23:42 2021]: > Done in 0.00 seconds    

[Print][Mon Aug 30 17:23:42 2021]: >> Loading Caught Highscores...    

[Print][Mon Aug 30 17:23:42 2021]: > Done in 0.00 seconds    

[Print][Mon Aug 30 17:23:42 2021]: >> Loading Tournament Highscores...    

[Print][Mon Aug 30 17:23:42 2021]: > Done in 0.00 seconds    

[Print][Mon Aug 30 17:23:42 2021]: >> Loading Berry Trees...    

[Print][Mon Aug 30 17:23:42 2021]: > Done in 0.03 seconds    

[Print][Mon Aug 30 17:23:42 2021]: >> Cleaning Mastery Dungeons...    

[Print][Mon Aug 30 17:23:42 2021]: > Done in 0.00 seconds    

[Print][Mon Aug 30 17:23:42 2021]: >> Loading Bosses...    

[Print][Mon Aug 30 17:23:42 2021]: >> Scheduled Boss Spawn: Flesh'n Fire in 13 hours, 12 minutes and 14 seconds    

[Print][Mon Aug 30 17:23:42 2021]: > Done in 0.01 seconds    

[Print][Mon Aug 30 17:23:42 2021]: >> Loading Highscores...    

[Print][Mon Aug 30 17:23:42 2021]: > Done in 0.00 seconds    

[Print][Mon Aug 30 17:23:42 2021]: >> Loading Ball Pillars...    

[Print][Mon Aug 30 17:23:42 2021]: > Done in 0.00 seconds    

[Print][Mon Aug 30 17:23:42 2021]: >> Loading Citizens...    

[Print][Mon Aug 30 17:23:43 2021]: > Done in 0.48 seconds    

[Print][Mon Aug 30 17:23:43 2021]: >> Loading Ranks...    

[Print][Mon Aug 30 17:23:43 2021]: > Done in 0.00 seconds    

[Print][Mon Aug 30 17:23:43 2021]: >> All done on Mon Aug 30 17:23:43 2021    

[Print][Mon Aug 30 17:25:01 2021]: Notime    

[Print][Mon Aug 30 18:15:54 2021]: >> Cleaning players online status...    

[Print][Mon Aug 30 18:15:54 2021]: > Done in 0.05 seconds    

[Print][Mon Aug 30 18:15:54 2021]: >> Loading PvP Arenas...    

[Print][Mon Aug 30 18:15:54 2021]: > Done in 0.00 seconds    

[Print][Mon Aug 30 18:15:54 2021]: >> Loading Caught Highscores...    

[Print][Mon Aug 30 18:15:54 2021]: > Done in 0.00 seconds    

[Print][Mon Aug 30 18:15:54 2021]: >> Loading Tournament Highscores...    

[Print][Mon Aug 30 18:15:54 2021]: > Done in 0.00 seconds    

[Print][Mon Aug 30 18:15:54 2021]: >> Loading Berry Trees...    

[Print][Mon Aug 30 18:15:54 2021]: > Done in 0.02 seconds    

[Print][Mon Aug 30 18:15:54 2021]: >> Cleaning Mastery Dungeons...    

[Print][Mon Aug 30 18:15:54 2021]: > Done in 0.00 seconds    

[Print][Mon Aug 30 18:15:54 2021]: >> Loading Bosses...    

[Print][Mon Aug 30 18:15:54 2021]: >> Scheduled Boss Spawn: Flesh'n Fire in 5 hours, 42 minutes and 37 seconds    

[Print][Mon Aug 30 18:15:54 2021]: > Done in 0.01 seconds    

[Print][Mon Aug 30 18:15:54 2021]: >> Loading Highscores...    

[Print][Mon Aug 30 18:15:54 2021]: > Done in 0.00 seconds    

[Print][Mon Aug 30 18:15:54 2021]: >> Loading Ball Pillars...    

[Print][Mon Aug 30 18:15:54 2021]: > Done in 0.00 seconds    

[Print][Mon Aug 30 18:15:54 2021]: >> Loading Citizens...    

[Print][Mon Aug 30 18:15:55 2021]: > Done in 0.57 seconds    

[Print][Mon Aug 30 18:15:55 2021]: >> Loading Ranks...    

[Print][Mon Aug 30 18:15:55 2021]: > Done in 0.02 seconds    

[Print][Mon Aug 30 18:15:55 2021]: >> All done on Mon Aug 30 18:15:55 2021    

[Print][Mon Aug 30 18:58:56 2021]: [1,2,3]    

[Print][Mon Aug 30 18:58:56 2021]: [1,2,3]    

[Print][Mon Aug 30 18:58:58 2021]: [1,2,3]    

[Print][Mon Aug 30 19:13:34 2021]: PassLevel: 0 star: 10 current: 0    

[Print][Mon Aug 30 19:13:34 2021]: SET PassLevel: 1 star: 10 current: 0    

[Print][Mon Aug 30 19:13:35 2021]: PassLevel: 1 star: 10 current: 0    

[Print][Mon Aug 30 19:13:35 2021]: SET PassLevel: 2 star: 10 current: 0    

[Print][Mon Aug 30 19:13:35 2021]: PassLevel: 2 star: 10 current: 0    

[Print][Mon Aug 30 19:13:35 2021]: SET PassLevel: 3 star: 10 current: 0    

[Print][Mon Aug 30 19:13:35 2021]: PassLevel: 3 star: 10 current: 0    

[Print][Mon Aug 30 19:13:35 2021]: SET PassLevel: 4 star: 10 current: 0    

[Print][Mon Aug 30 19:14:12 2021]: [1,2,3,5]    

[Print][Mon Aug 30 19:14:30 2021]: [1,2,3,5]    

[Print][Mon Aug 30 19:14:30 2021]: [1,2,3,5]    

[Print][Mon Aug 30 19:15:24 2021]: PassLevel: 4 star: 10 current: 0    

[Print][Mon Aug 30 19:15:24 2021]: SET PassLevel: 5 star: 10 current: 0    

[Print][Mon Aug 30 19:15:25 2021]: PassLevel: 5 star: 10 current: 0    

[Print][Mon Aug 30 19:15:25 2021]: SET PassLevel: 6 star: 10 current: 0    

[Print][Mon Aug 30 19:15:26 2021]: PassLevel: 6 star: 10 current: 0    

[Print][Mon Aug 30 19:15:26 2021]: SET PassLevel: 7 star: 10 current: 0    

[Print][Mon Aug 30 19:15:26 2021]: PassLevel: 7 star: 10 current: 0    

[Print][Mon Aug 30 19:15:26 2021]: SET PassLevel: 8 star: 10 current: 0    

[Print][Mon Aug 30 19:15:26 2021]: PassLevel: 8 star: 10 current: 0    

[Print][Mon Aug 30 19:15:26 2021]: SET PassLevel: 9 star: 10 current: 0    

[Print][Mon Aug 30 19:15:26 2021]: PassLevel: 9 star: 10 current: 0    

[Print][Mon Aug 30 19:15:26 2021]: SET PassLevel: 10 star: 10 current: 0    

[Print][Mon Aug 30 19:17:23 2021]: PassLevel: 10 star: 10 current: 0    

[Print][Mon Aug 30 19:17:23 2021]: SET PassLevel: 11 star: 10 current: 0    

[Print][Mon Aug 30 19:18:55 2021]: PassLevel: 11 star: 10 current: 0    

[Print][Mon Aug 30 19:18:55 2021]: SET PassLevel: 12 star: 10 current: 0    

[Print][Mon Aug 30 19:18:57 2021]: PassLevel: 12 star: 10 current: 0    

[Print][Mon Aug 30 19:18:57 2021]: SET PassLevel: 13 star: 10 current: 0    

[Print][Mon Aug 30 19:32:08 2021]: [1,2,3,5]    

[Print][Mon Aug 30 19:32:08 2021]: [1,2,3,5]    

[Print][Mon Aug 30 19:32:08 2021]: [1,2,3,5]    

[Print][Mon Aug 30 19:32:08 2021]: [1,2,3,5]    

[Print][Mon Aug 30 19:32:08 2021]: [1,2,3,5]    

[Print][Mon Aug 30 19:32:08 2021]: [1,2,3,5]    

[Print][Mon Aug 30 19:32:08 2021]: [1,2,3,5]    

[Print][Mon Aug 30 19:32:08 2021]: [1,2,3,5]    

[Print][Mon Aug 30 19:32:08 2021]: [1,2,3,5]    

[Print][Mon Aug 30 19:32:08 2021]: [1,2,3,5]    

[Print][Mon Aug 30 19:32:08 2021]: [1,2,3,5]    

[Print][Mon Aug 30 19:32:08 2021]: [1,2,3,5]    

[Print][Mon Aug 30 19:32:08 2021]: [1,2,3,5]    

[Print][Mon Aug 30 19:32:08 2021]: [1,2,3,5]    

[Print][Mon Aug 30 19:32:08 2021]: [1,2,3,5]    

[Print][Mon Aug 30 19:32:08 2021]: [1,2,3,5]    

[Print][Mon Aug 30 19:32:08 2021]: [1,2,3,5]    

[Print][Mon Aug 30 19:32:08 2021]: [1,2,3,5]    

[Print][Mon Aug 30 19:32:08 2021]: [1,2,3,5]    

[Print][Mon Aug 30 19:32:08 2021]: [1,2,3,5]    

[Print][Mon Aug 30 19:32:08 2021]: [1,2,3,5]    

[Print][Mon Aug 30 19:32:08 2021]: [1,2,3,5]    

[Print][Mon Aug 30 19:32:08 2021]: [1,2,3,5]    

[Print][Mon Aug 30 19:32:08 2021]: [1,2,3,5]    

[Print][Mon Aug 30 19:32:08 2021]: [1,2,3,5]    

[Print][Mon Aug 30 19:32:08 2021]: [1,2,3,5]    

[Print][Mon Aug 30 19:32:08 2021]: [1,2,3,5]    

[Print][Mon Aug 30 19:32:08 2021]: [1,2,3,5]    

[Print][Mon Aug 30 19:32:08 2021]: [1,2,3,5]    

[Print][Mon Aug 30 19:32:08 2021]: [1,2,3,5]    

[Print][Mon Aug 30 19:32:08 2021]: [1,2,3,5]    

[Print][Mon Aug 30 19:32:08 2021]: [1,2,3,5]    

[Print][Mon Aug 30 19:32:08 2021]: [1,2,3,5]    

[Print][Mon Aug 30 19:32:08 2021]: [1,2,3,5]    

[Print][Mon Aug 30 19:32:08 2021]: [1,2,3,5]    

[Print][Mon Aug 30 19:32:08 2021]: [1,2,3,5]    

[Print][Mon Aug 30 19:32:08 2021]: [1,2,3,5]    

[Print][Mon Aug 30 19:32:08 2021]: [1,2,3,5]    

[Print][Mon Aug 30 19:32:08 2021]: [1,2,3,5]    

[Print][Mon Aug 30 19:32:08 2021]: [1,2,3,5]    

[Print][Mon Aug 30 19:32:08 2021]: [1,2,3,5]    

[Print][Mon Aug 30 19:32:08 2021]: [1,2,3,5]    

[Print][Mon Aug 30 19:32:08 2021]: [1,2,3,5]    

[Print][Mon Aug 30 19:32:08 2021]: [1,2,3,5]    

[Print][Mon Aug 30 19:32:08 2021]: [1,2,3,5]    

[Print][Mon Aug 30 19:32:08 2021]: [1,2,3,5]    

[Print][Mon Aug 30 19:32:08 2021]: [1,2,3,5]    

[Print][Mon Aug 30 19:32:08 2021]: [1,2,3,5]    

[Print][Mon Aug 30 19:32:08 2021]: [1,2,3,5]    

[Print][Mon Aug 30 19:32:08 2021]: [1,2,3,5]    

[Print][Mon Aug 30 19:32:08 2021]: [1,2,3,5]    

[Print][Mon Aug 30 19:32:08 2021]: [1,2,3,5]    

[Print][Mon Aug 30 19:32:08 2021]: [1,2,3,5]    

[Print][Mon Aug 30 19:32:08 2021]: [1,2,3,5]    

[Print][Mon Aug 30 19:32:08 2021]: [1,2,3,5]    

[Print][Mon Aug 30 19:32:08 2021]: [1,2,3,5]    

[Print][Mon Aug 30 19:32:08 2021]: [1,2,3,5]    

[Print][Mon Aug 30 19:32:08 2021]: [1,2,3,5]    

[Print][Mon Aug 30 19:32:08 2021]: [1,2,3,5]    

[Print][Mon Aug 30 19:32:08 2021]: [1,2,3,5]    

[Print][Mon Aug 30 19:32:08 2021]: [1,2,3,5]    

[Print][Mon Aug 30 19:32:08 2021]: [1,2,3,5]    

[Print][Mon Aug 30 19:32:08 2021]: [1,2,3,5]    

[Print][Mon Aug 30 19:32:08 2021]: [1,2,3,5]    

[Print][Mon Aug 30 19:32:08 2021]: [1,2,3,5]    

[Print][Mon Aug 30 19:32:08 2021]: [1,2,3,5]    

[Print][Mon Aug 30 19:32:08 2021]: [1,2,3,5]    

[Print][Mon Aug 30 19:32:08 2021]: [1,2,3,5]    

[Print][Mon Aug 30 19:32:08 2021]: [1,2,3,5]    

[Print][Mon Aug 30 19:32:08 2021]: [1,2,3,5]    

[Print][Mon Aug 30 19:32:08 2021]: [1,2,3,5]    

[Print][Mon Aug 30 19:32:08 2021]: [1,2,3,5]    

[Print][Mon Aug 30 19:32:08 2021]: [1,2,3,5]    

[Print][Mon Aug 30 19:32:08 2021]: [1,2,3,5]    

[Print][Mon Aug 30 19:32:08 2021]: [1,2,3,5]    

[Print][Mon Aug 30 19:32:08 2021]: [1,2,3,5]    

[Print][Mon Aug 30 19:32:08 2021]: [1,2,3,5]    

[Print][Mon Aug 30 19:32:08 2021]: [1,2,3,5]    

[Print][Mon Aug 30 19:32:08 2021]: [1,2,3,5]    

[Print][Mon Aug 30 19:32:08 2021]: [1,2,3,5]    

[Print][Mon Aug 30 19:32:08 2021]: [1,2,3,5]    

[Print][Mon Aug 30 19:32:08 2021]: [1,2,3,5]    

[Print][Mon Aug 30 19:32:08 2021]: [1,2,3,5]    

[Print][Mon Aug 30 19:32:08 2021]: [1,2,3,5]    

[Print][Mon Aug 30 19:32:08 2021]: [1,2,3,5]    

[Print][Mon Aug 30 19:32:08 2021]: [1,2,3,5]    

[Print][Mon Aug 30 19:32:08 2021]: [1,2,3,5]    

[Print][Mon Aug 30 19:32:08 2021]: [1,2,3,5]    

[Print][Mon Aug 30 19:32:08 2021]: [1,2,3,5]    

[Print][Mon Aug 30 19:32:08 2021]: [1,2,3,5]    

[Print][Mon Aug 30 19:32:08 2021]: [1,2,3,5]    

[Print][Mon Aug 30 19:32:08 2021]: [1,2,3,5]    

[Print][Mon Aug 30 19:32:08 2021]: [1,2,3,5]    

[Print][Mon Aug 30 19:32:08 2021]: [1,2,3,5]    

[Print][Mon Aug 30 19:32:08 2021]: [1,2,3,5]    

[Print][Mon Aug 30 19:32:08 2021]: [1,2,3,5]    

[Print][Mon Aug 30 19:32:08 2021]: [1,2,3,5]    

[Print][Mon Aug 30 19:32:08 2021]: [1,2,3,5]    

[Print][Mon Aug 30 19:32:08 2021]: [1,2,3,5]    

[Print][Mon Aug 30 19:32:08 2021]: [1,2,3,5]    

[Print][Mon Aug 30 19:32:21 2021]: [1,2,3,5]    

[Print][Mon Aug 30 19:32:21 2021]: [1,2,3,5]    

[Print][Mon Aug 30 19:32:21 2021]: [1,2,3,5]    

[Print][Mon Aug 30 19:32:21 2021]: [1,2,3,5]    

[Print][Mon Aug 30 19:32:21 2021]: [1,2,3,5]    

[Print][Mon Aug 30 19:32:21 2021]: [1,2,3,5]    

[Print][Mon Aug 30 19:32:21 2021]: [1,2,3,5]    

[Print][Mon Aug 30 19:32:21 2021]: [1,2,3,5]    

[Print][Mon Aug 30 19:32:21 2021]: [1,2,3,5]    

[Print][Mon Aug 30 19:32:21 2021]: [1,2,3,5]    

[Print][Mon Aug 30 19:32:21 2021]: [1,2,3,5]    

[Print][Mon Aug 30 19:32:21 2021]: [1,2,3,5]    

[Print][Mon Aug 30 19:32:21 2021]: [1,2,3,5]    

[Print][Mon Aug 30 19:32:21 2021]: [1,2,3,5]    

[Print][Mon Aug 30 19:32:21 2021]: [1,2,3,5]    

[Print][Mon Aug 30 19:32:21 2021]: [1,2,3,5]    

[Print][Mon Aug 30 19:32:21 2021]: [1,2,3,5]    

[Print][Mon Aug 30 19:32:21 2021]: [1,2,3,5]    

[Print][Mon Aug 30 19:32:21 2021]: [1,2,3,5]    

[Print][Mon Aug 30 19:32:21 2021]: [1,2,3,5]    

[Print][Mon Aug 30 19:32:21 2021]: [1,2,3,5]    

[Print][Mon Aug 30 19:32:21 2021]: [1,2,3,5]    

[Print][Mon Aug 30 19:32:21 2021]: [1,2,3,5]    

[Print][Mon Aug 30 19:32:21 2021]: [1,2,3,5]    

[Print][Mon Aug 30 19:32:21 2021]: [1,2,3,5]    

[Print][Mon Aug 30 19:32:21 2021]: [1,2,3,5]    

[Print][Mon Aug 30 19:32:21 2021]: [1,2,3,5]    

[Print][Mon Aug 30 19:32:21 2021]: [1,2,3,5]    

[Print][Mon Aug 30 19:32:21 2021]: [1,2,3,5]    

[Print][Mon Aug 30 19:32:21 2021]: [1,2,3,5]    

[Print][Mon Aug 30 19:32:21 2021]: [1,2,3,5]    

[Print][Mon Aug 30 19:32:21 2021]: [1,2,3,5]    

[Print][Mon Aug 30 19:32:21 2021]: [1,2,3,5]    

[Print][Mon Aug 30 19:32:21 2021]: [1,2,3,5]    

[Print][Mon Aug 30 19:32:21 2021]: [1,2,3,5]    

[Print][Mon Aug 30 19:32:21 2021]: [1,2,3,5]    

[Print][Mon Aug 30 19:32:21 2021]: [1,2,3,5]    

[Print][Mon Aug 30 19:32:21 2021]: [1,2,3,5]    

[Print][Mon Aug 30 19:32:21 2021]: [1,2,3,5]    

[Print][Mon Aug 30 19:32:21 2021]: [1,2,3,5]    

[Print][Mon Aug 30 19:32:21 2021]: [1,2,3,5]    

[Print][Mon Aug 30 19:32:21 2021]: [1,2,3,5]    

[Print][Mon Aug 30 19:32:21 2021]: [1,2,3,5]    

[Print][Mon Aug 30 19:32:21 2021]: [1,2,3,5]    

[Print][Mon Aug 30 19:32:21 2021]: [1,2,3,5]    

[Print][Mon Aug 30 19:32:21 2021]: [1,2,3,5]    

[Print][Mon Aug 30 19:32:21 2021]: [1,2,3,5]    

[Print][Mon Aug 30 19:32:21 2021]: [1,2,3,5]    

[Print][Mon Aug 30 19:32:21 2021]: [1,2,3,5]    

[Print][Mon Aug 30 19:32:21 2021]: [1,2,3,5]    

[Print][Mon Aug 30 19:32:21 2021]: [1,2,3,5]    

[Print][Mon Aug 30 19:32:21 2021]: [1,2,3,5]    

[Print][Mon Aug 30 19:32:21 2021]: [1,2,3,5]    

[Print][Mon Aug 30 19:32:21 2021]: [1,2,3,5]    

[Print][Mon Aug 30 19:32:21 2021]: [1,2,3,5]    

[Print][Mon Aug 30 19:32:21 2021]: [1,2,3,5]    

[Print][Mon Aug 30 19:32:21 2021]: [1,2,3,5]    

[Print][Mon Aug 30 19:32:21 2021]: [1,2,3,5]    

[Print][Mon Aug 30 19:32:21 2021]: [1,2,3,5]    

[Print][Mon Aug 30 19:32:21 2021]: [1,2,3,5]    

[Print][Mon Aug 30 19:32:21 2021]: [1,2,3,5]    

[Print][Mon Aug 30 19:32:21 2021]: [1,2,3,5]    

[Print][Mon Aug 30 19:32:21 2021]: [1,2,3,5]    

[Print][Mon Aug 30 19:32:21 2021]: [1,2,3,5]    

[Print][Mon Aug 30 19:32:21 2021]: [1,2,3,5]    

[Print][Mon Aug 30 19:32:21 2021]: [1,2,3,5]    

[Print][Mon Aug 30 19:32:21 2021]: [1,2,3,5]    

[Print][Mon Aug 30 19:32:21 2021]: [1,2,3,5]    

[Print][Mon Aug 30 19:32:21 2021]: [1,2,3,5]    

[Print][Mon Aug 30 19:32:21 2021]: [1,2,3,5]    

[Print][Mon Aug 30 19:32:21 2021]: [1,2,3,5]    

[Print][Mon Aug 30 19:32:21 2021]: [1,2,3,5]    

[Print][Mon Aug 30 19:32:21 2021]: [1,2,3,5]    

[Print][Mon Aug 30 19:32:21 2021]: [1,2,3,5]    

[Print][Mon Aug 30 19:32:21 2021]: [1,2,3,5]    

[Print][Mon Aug 30 19:32:21 2021]: [1,2,3,5]    

[Print][Mon Aug 30 19:32:21 2021]: [1,2,3,5]    

[Print][Mon Aug 30 19:32:21 2021]: [1,2,3,5]    

[Print][Mon Aug 30 19:32:21 2021]: [1,2,3,5]    

[Print][Mon Aug 30 19:32:21 2021]: [1,2,3,5]    

[Print][Mon Aug 30 19:32:21 2021]: [1,2,3,5]    

[Print][Mon Aug 30 19:32:22 2021]: [1,2,3,5]    

[Print][Mon Aug 30 19:32:22 2021]: [1,2,3,5]    

[Print][Mon Aug 30 19:32:22 2021]: [1,2,3,5]    

[Print][Mon Aug 30 19:32:22 2021]: [1,2,3,5]    

[Print][Mon Aug 30 19:32:22 2021]: [1,2,3,5]    

[Print][Mon Aug 30 19:32:22 2021]: [1,2,3,5]    

[Print][Mon Aug 30 19:32:22 2021]: [1,2,3,5]    

[Print][Mon Aug 30 19:32:22 2021]: [1,2,3,5]    

[Print][Mon Aug 30 19:32:22 2021]: [1,2,3,5]    

[Print][Mon Aug 30 19:32:22 2021]: [1,2,3,5]    

[Print][Mon Aug 30 19:32:22 2021]: [1,2,3,5]    

[Print][Mon Aug 30 19:32:22 2021]: [1,2,3,5]    

[Print][Mon Aug 30 19:32:22 2021]: [1,2,3,5]    

[Print][Mon Aug 30 19:32:22 2021]: [1,2,3,5]    

[Print][Mon Aug 30 19:32:22 2021]: [1,2,3,5]    

[Print][Mon Aug 30 19:32:22 2021]: [1,2,3,5]    

[Print][Mon Aug 30 19:32:22 2021]: [1,2,3,5]    

[Print][Mon Aug 30 19:32:22 2021]: [1,2,3,5]    

[Print][Mon Aug 30 19:32:22 2021]: [1,2,3,5]    

[Print][Mon Aug 30 19:32:24 2021]: PassLevel: 13 star: 10 current: 0    

[Print][Mon Aug 30 19:32:25 2021]: SET PassLevel: 14 star: 10 current: 0    

[Print][Mon Aug 30 19:32:26 2021]: PassLevel: 14 star: 10 current: 0    

[Print][Mon Aug 30 19:32:26 2021]: SET PassLevel: 15 star: 10 current: 0    

[Print][Mon Aug 30 19:32:26 2021]: PassLevel: 15 star: 10 current: 0    

[Print][Mon Aug 30 19:32:26 2021]: SET PassLevel: 16 star: 10 current: 0    

[Print][Mon Aug 30 19:32:27 2021]: PassLevel: 16 star: 10 current: 0    

[Print][Mon Aug 30 19:32:27 2021]: SET PassLevel: 17 star: 10 current: 0    

[Print][Mon Aug 30 19:33:24 2021]: [1,2,3,5]    

[Print][Mon Aug 30 19:33:24 2021]: [1,2,3,5]    

[Print][Mon Aug 30 19:33:24 2021]: [1,2,3,5]    

[Print][Mon Aug 30 19:33:24 2021]: [1,2,3,5]    

[Print][Mon Aug 30 19:33:24 2021]: [1,2,3,5]    

[Print][Mon Aug 30 19:33:24 2021]: [1,2,3,5]    

[Print][Mon Aug 30 19:33:24 2021]: [1,2,3,5]    

[Print][Mon Aug 30 19:33:24 2021]: [1,2,3,5]    

[Print][Mon Aug 30 19:33:24 2021]: [1,2,3,5]    

[Print][Mon Aug 30 19:33:24 2021]: [1,2,3,5]    

[Print][Mon Aug 30 19:33:24 2021]: [1,2,3,5]    

[Print][Mon Aug 30 19:33:24 2021]: [1,2,3,5]    

[Print][Mon Aug 30 19:33:24 2021]: [1,2,3,5]    

[Print][Mon Aug 30 19:33:24 2021]: [1,2,3,5]    

[Print][Mon Aug 30 19:33:24 2021]: [1,2,3,5]    

[Print][Mon Aug 30 19:33:24 2021]: [1,2,3,5]    

[Print][Mon Aug 30 19:33:24 2021]: [1,2,3,5]    

[Print][Mon Aug 30 19:33:24 2021]: [1,2,3,5]    

[Print][Mon Aug 30 19:33:24 2021]: [1,2,3,5]    

[Print][Mon Aug 30 19:33:24 2021]: [1,2,3,5]    

[Print][Mon Aug 30 19:33:24 2021]: [1,2,3,5]    

[Print][Mon Aug 30 19:33:24 2021]: [1,2,3,5]    

[Print][Mon Aug 30 19:33:24 2021]: [1,2,3,5]    

[Print][Mon Aug 30 19:33:24 2021]: [1,2,3,5]    

[Print][Mon Aug 30 19:33:24 2021]: [1,2,3,5]    

[Print][Mon Aug 30 19:33:24 2021]: [1,2,3,5]    

[Print][Mon Aug 30 19:33:24 2021]: [1,2,3,5]    

[Print][Mon Aug 30 19:33:24 2021]: [1,2,3,5]    

[Print][Mon Aug 30 19:33:24 2021]: [1,2,3,5]    

[Print][Mon Aug 30 19:33:24 2021]: [1,2,3,5]    

[Print][Mon Aug 30 19:33:24 2021]: [1,2,3,5]    

[Print][Mon Aug 30 19:33:24 2021]: [1,2,3,5]    

[Print][Mon Aug 30 19:33:24 2021]: [1,2,3,5]    

[Print][Mon Aug 30 19:33:24 2021]: [1,2,3,5]    

[Print][Mon Aug 30 19:33:24 2021]: [1,2,3,5]    

[Print][Mon Aug 30 19:33:24 2021]: [1,2,3,5]    

[Print][Mon Aug 30 19:33:24 2021]: [1,2,3,5]    

[Print][Mon Aug 30 19:33:24 2021]: [1,2,3,5]    

[Print][Mon Aug 30 19:33:24 2021]: [1,2,3,5]    

[Print][Mon Aug 30 19:33:24 2021]: [1,2,3,5]    

[Print][Mon Aug 30 19:33:24 2021]: [1,2,3,5]    

[Print][Mon Aug 30 19:33:24 2021]: [1,2,3,5]    

[Print][Mon Aug 30 19:33:24 2021]: [1,2,3,5]    

[Print][Mon Aug 30 19:33:24 2021]: [1,2,3,5]    

[Print][Mon Aug 30 19:33:24 2021]: [1,2,3,5]    

[Print][Mon Aug 30 19:33:24 2021]: [1,2,3,5]    

[Print][Mon Aug 30 19:33:24 2021]: [1,2,3,5]    

[Print][Mon Aug 30 19:33:24 2021]: [1,2,3,5]    

[Print][Mon Aug 30 19:33:24 2021]: [1,2,3,5]    

[Print][Mon Aug 30 19:33:24 2021]: [1,2,3,5]    

[Print][Mon Aug 30 19:33:24 2021]: [1,2,3,5]    

[Print][Mon Aug 30 19:33:24 2021]: [1,2,3,5]    

[Print][Mon Aug 30 19:33:24 2021]: [1,2,3,5]    

[Print][Mon Aug 30 19:33:24 2021]: [1,2,3,5]    

[Print][Mon Aug 30 19:33:24 2021]: [1,2,3,5]    

[Print][Mon Aug 30 19:33:24 2021]: [1,2,3,5]    

[Print][Mon Aug 30 19:33:24 2021]: [1,2,3,5]    

[Print][Mon Aug 30 19:33:24 2021]: [1,2,3,5]    

[Print][Mon Aug 30 19:33:24 2021]: [1,2,3,5]    

[Print][Mon Aug 30 19:33:24 2021]: [1,2,3,5]    

[Print][Mon Aug 30 19:33:24 2021]: [1,2,3,5]    

[Print][Mon Aug 30 19:33:24 2021]: [1,2,3,5]    

[Print][Mon Aug 30 19:33:24 2021]: [1,2,3,5]    

[Print][Mon Aug 30 19:33:24 2021]: [1,2,3,5]    

[Print][Mon Aug 30 19:33:24 2021]: [1,2,3,5]    

[Print][Mon Aug 30 19:33:24 2021]: [1,2,3,5]    

[Print][Mon Aug 30 19:33:24 2021]: [1,2,3,5]    

[Print][Mon Aug 30 19:33:24 2021]: [1,2,3,5]    

[Print][Mon Aug 30 19:33:24 2021]: [1,2,3,5]    

[Print][Mon Aug 30 19:33:24 2021]: [1,2,3,5]    

[Print][Mon Aug 30 19:33:25 2021]: [1,2,3,5]    

[Print][Mon Aug 30 19:33:25 2021]: [1,2,3,5]    

[Print][Mon Aug 30 19:33:25 2021]: [1,2,3,5]    

[Print][Mon Aug 30 19:33:25 2021]: [1,2,3,5]    

[Print][Mon Aug 30 19:33:25 2021]: [1,2,3,5]    

[Print][Mon Aug 30 19:33:25 2021]: [1,2,3,5]    

[Print][Mon Aug 30 19:33:25 2021]: [1,2,3,5]    

[Print][Mon Aug 30 19:33:25 2021]: [1,2,3,5]    

[Print][Mon Aug 30 19:33:25 2021]: [1,2,3,5]    

[Print][Mon Aug 30 19:33:25 2021]: [1,2,3,5]    

[Print][Mon Aug 30 19:33:25 2021]: [1,2,3,5]    

[Print][Mon Aug 30 19:33:25 2021]: [1,2,3,5]    

[Print][Mon Aug 30 19:33:25 2021]: [1,2,3,5]    

[Print][Mon Aug 30 19:33:25 2021]: [1,2,3,5]    

[Print][Mon Aug 30 19:33:25 2021]: [1,2,3,5]    

[Print][Mon Aug 30 19:33:25 2021]: [1,2,3,5]    

[Print][Mon Aug 30 19:33:25 2021]: [1,2,3,5]    

[Print][Mon Aug 30 19:33:25 2021]: [1,2,3,5]    

[Print][Mon Aug 30 19:33:25 2021]: [1,2,3,5]    

[Print][Mon Aug 30 19:33:25 2021]: [1,2,3,5]    

[Print][Mon Aug 30 19:33:25 2021]: [1,2,3,5]    

[Print][Mon Aug 30 19:33:25 2021]: [1,2,3,5]    

[Print][Mon Aug 30 19:33:25 2021]: [1,2,3,5]    

[Print][Mon Aug 30 19:33:25 2021]: [1,2,3,5]    

[Print][Mon Aug 30 19:33:25 2021]: [1,2,3,5]    

[Print][Mon Aug 30 19:33:25 2021]: [1,2,3,5]    

[Print][Mon Aug 30 19:33:25 2021]: [1,2,3,5]    

[Print][Mon Aug 30 19:33:25 2021]: [1,2,3,5]    

[Print][Mon Aug 30 19:33:25 2021]: [1,2,3,5]    

[Print][Mon Aug 30 19:33:25 2021]: [1,2,3,5]    

[Print][Mon Aug 30 19:33:26 2021]: PassLevel: 17 star: 10 current: 0    

[Print][Mon Aug 30 19:33:26 2021]: SET PassLevel: 18 star: 10 current: 0    

[Print][Mon Aug 30 19:33:26 2021]: PassLevel: 18 star: 10 current: 0    

[Print][Mon Aug 30 19:33:26 2021]: SET PassLevel: 19 star: 10 current: 0    

[Print][Mon Aug 30 19:33:26 2021]: PassLevel: 19 star: 10 current: 0    

[Print][Mon Aug 30 19:33:27 2021]: SET PassLevel: 20 star: 10 current: 0    

[Print][Mon Aug 30 19:33:27 2021]: PassLevel: 20 star: 10 current: 0    

[Print][Mon Aug 30 19:33:27 2021]: SET PassLevel: 21 star: 10 current: 0    

[Print][Mon Aug 30 19:34:47 2021]: [1,2,3,5]    

[Print][Mon Aug 30 19:34:47 2021]: [1,2,3,5]    

[Print][Mon Aug 30 19:34:47 2021]: [1,2,3,5]    

[Print][Mon Aug 30 19:34:47 2021]: [1,2,3,5]    

[Print][Mon Aug 30 19:34:47 2021]: [1,2,3,5]    

[Print][Mon Aug 30 19:34:47 2021]: [1,2,3,5]    

[Print][Mon Aug 30 19:34:47 2021]: [1,2,3,5]    

[Print][Mon Aug 30 19:34:47 2021]: [1,2,3,5]    

[Print][Mon Aug 30 19:34:47 2021]: [1,2,3,5]    

[Print][Mon Aug 30 19:34:47 2021]: [1,2,3,5]    

[Print][Mon Aug 30 19:34:47 2021]: [1,2,3,5]    

[Print][Mon Aug 30 19:34:47 2021]: [1,2,3,5]    

[Print][Mon Aug 30 19:34:47 2021]: [1,2,3,5]    

[Print][Mon Aug 30 19:34:47 2021]: [1,2,3,5]    

[Print][Mon Aug 30 19:34:47 2021]: [1,2,3,5]    

[Print][Mon Aug 30 19:34:47 2021]: [1,2,3,5]    

[Print][Mon Aug 30 19:34:47 2021]: [1,2,3,5]    

[Print][Mon Aug 30 19:34:47 2021]: [1,2,3,5]    

[Print][Mon Aug 30 19:34:47 2021]: [1,2,3,5]    

[Print][Mon Aug 30 19:34:47 2021]: [1,2,3,5]    

[Print][Mon Aug 30 19:34:47 2021]: [1,2,3,5]    

[Print][Mon Aug 30 19:34:47 2021]: [1,2,3,5]    

[Print][Mon Aug 30 19:34:47 2021]: [1,2,3,5]    

[Print][Mon Aug 30 19:34:47 2021]: [1,2,3,5]    

[Print][Mon Aug 30 19:34:47 2021]: [1,2,3,5]    

[Print][Mon Aug 30 19:34:47 2021]: [1,2,3,5]    

[Print][Mon Aug 30 19:34:47 2021]: [1,2,3,5]    

[Print][Mon Aug 30 19:34:47 2021]: [1,2,3,5]    

[Print][Mon Aug 30 19:34:47 2021]: [1,2,3,5]    

[Print][Mon Aug 30 19:34:47 2021]: [1,2,3,5]    

[Print][Mon Aug 30 19:34:47 2021]: [1,2,3,5]    

[Print][Mon Aug 30 19:34:47 2021]: [1,2,3,5]    

[Print][Mon Aug 30 19:34:47 2021]: [1,2,3,5]    

[Print][Mon Aug 30 19:34:47 2021]: [1,2,3,5]    

[Print][Mon Aug 30 19:34:47 2021]: [1,2,3,5]    

[Print][Mon Aug 30 19:34:47 2021]: [1,2,3,5]    

[Print][Mon Aug 30 19:34:47 2021]: [1,2,3,5]    

[Print][Mon Aug 30 19:34:47 2021]: [1,2,3,5]    

[Print][Mon Aug 30 19:34:47 2021]: [1,2,3,5]    

[Print][Mon Aug 30 19:34:47 2021]: [1,2,3,5]    

[Print][Mon Aug 30 19:34:47 2021]: [1,2,3,5]    

[Print][Mon Aug 30 19:34:47 2021]: [1,2,3,5]    

[Print][Mon Aug 30 19:34:47 2021]: [1,2,3,5]    

[Print][Mon Aug 30 19:34:47 2021]: [1,2,3,5]    

[Print][Mon Aug 30 19:34:47 2021]: [1,2,3,5]    

[Print][Mon Aug 30 19:34:47 2021]: [1,2,3,5]    

[Print][Mon Aug 30 19:34:47 2021]: [1,2,3,5]    

[Print][Mon Aug 30 19:34:47 2021]: [1,2,3,5]    

[Print][Mon Aug 30 19:34:47 2021]: [1,2,3,5]    

[Print][Mon Aug 30 19:34:47 2021]: [1,2,3,5]    

[Print][Mon Aug 30 19:34:47 2021]: [1,2,3,5]    

[Print][Mon Aug 30 19:34:47 2021]: [1,2,3,5]    

[Print][Mon Aug 30 19:34:47 2021]: [1,2,3,5]    

[Print][Mon Aug 30 19:34:47 2021]: [1,2,3,5]    

[Print][Mon Aug 30 19:34:47 2021]: [1,2,3,5]    

[Print][Mon Aug 30 19:34:47 2021]: [1,2,3,5]    

[Print][Mon Aug 30 19:34:47 2021]: [1,2,3,5]    

[Print][Mon Aug 30 19:34:47 2021]: [1,2,3,5]    

[Print][Mon Aug 30 19:34:47 2021]: [1,2,3,5]    

[Print][Mon Aug 30 19:34:47 2021]: [1,2,3,5]    

[Print][Mon Aug 30 19:34:47 2021]: [1,2,3,5]    

[Print][Mon Aug 30 19:34:47 2021]: [1,2,3,5]    

[Print][Mon Aug 30 19:34:47 2021]: [1,2,3,5]    

[Print][Mon Aug 30 19:34:47 2021]: [1,2,3,5]    

[Print][Mon Aug 30 19:34:47 2021]: [1,2,3,5]    

[Print][Mon Aug 30 19:34:47 2021]: [1,2,3,5]    

[Print][Mon Aug 30 19:34:47 2021]: [1,2,3,5]    

[Print][Mon Aug 30 19:34:47 2021]: [1,2,3,5]    

[Print][Mon Aug 30 19:34:47 2021]: [1,2,3,5]    

[Print][Mon Aug 30 19:34:47 2021]: [1,2,3,5]    

[Print][Mon Aug 30 19:34:47 2021]: [1,2,3,5]    

[Print][Mon Aug 30 19:34:47 2021]: [1,2,3,5]    

[Print][Mon Aug 30 19:34:47 2021]: [1,2,3,5]    

[Print][Mon Aug 30 19:34:47 2021]: [1,2,3,5]    

[Print][Mon Aug 30 19:34:47 2021]: [1,2,3,5]    

[Print][Mon Aug 30 19:34:47 2021]: [1,2,3,5]    

[Print][Mon Aug 30 19:34:47 2021]: [1,2,3,5]    

[Print][Mon Aug 30 19:34:47 2021]: [1,2,3,5]    

[Print][Mon Aug 30 19:34:47 2021]: [1,2,3,5]    

[Print][Mon Aug 30 19:34:47 2021]: [1,2,3,5]    

[Print][Mon Aug 30 19:34:47 2021]: [1,2,3,5]    

[Print][Mon Aug 30 19:34:47 2021]: [1,2,3,5]    

[Print][Mon Aug 30 19:34:47 2021]: [1,2,3,5]    

[Print][Mon Aug 30 19:34:47 2021]: [1,2,3,5]    

[Print][Mon Aug 30 19:34:47 2021]: [1,2,3,5]    

[Print][Mon Aug 30 19:34:47 2021]: [1,2,3,5]    

[Print][Mon Aug 30 19:34:47 2021]: [1,2,3,5]    

[Print][Mon Aug 30 19:34:47 2021]: [1,2,3,5]    

[Print][Mon Aug 30 19:34:47 2021]: [1,2,3,5]    

[Print][Mon Aug 30 19:34:47 2021]: [1,2,3,5]    

[Print][Mon Aug 30 19:34:47 2021]: [1,2,3,5]    

[Print][Mon Aug 30 19:34:48 2021]: [1,2,3,5]    

[Print][Mon Aug 30 19:34:48 2021]: [1,2,3,5]    

[Print][Mon Aug 30 19:34:48 2021]: [1,2,3,5]    

[Print][Mon Aug 30 19:34:48 2021]: [1,2,3,5]    

[Print][Mon Aug 30 19:34:48 2021]: [1,2,3,5]    

[Print][Mon Aug 30 19:34:48 2021]: [1,2,3,5]    

[Print][Mon Aug 30 19:34:48 2021]: [1,2,3,5]    

[Print][Mon Aug 30 19:34:48 2021]: [1,2,3,5]    

[Print][Mon Aug 30 19:34:48 2021]: [1,2,3,5]    

[Print][Mon Aug 30 19:37:17 2021]: [1,2,3,5]    

[Print][Mon Aug 30 19:37:17 2021]: [1,2,3,5]    

[Print][Mon Aug 30 19:37:17 2021]: [1,2,3,5]    

[Print][Mon Aug 30 19:37:17 2021]: [1,2,3,5]    

[Print][Mon Aug 30 19:37:17 2021]: [1,2,3,5]    

[Print][Mon Aug 30 19:37:17 2021]: [1,2,3,5]    

[Print][Mon Aug 30 19:37:17 2021]: [1,2,3,5]    

[Print][Mon Aug 30 19:37:17 2021]: [1,2,3,5]    

[Print][Mon Aug 30 19:37:17 2021]: [1,2,3,5]    

[Print][Mon Aug 30 19:37:17 2021]: [1,2,3,5]    

[Print][Mon Aug 30 19:37:17 2021]: [1,2,3,5]    

[Print][Mon Aug 30 19:37:17 2021]: [1,2,3,5]    

[Print][Mon Aug 30 19:37:17 2021]: [1,2,3,5]    

[Print][Mon Aug 30 19:37:17 2021]: [1,2,3,5]    

[Print][Mon Aug 30 19:37:17 2021]: [1,2,3,5]    

[Print][Mon Aug 30 19:37:17 2021]: [1,2,3,5]    

[Print][Mon Aug 30 19:37:17 2021]: [1,2,3,5]    

[Print][Mon Aug 30 19:37:17 2021]: [1,2,3,5]    

[Print][Mon Aug 30 19:37:17 2021]: [1,2,3,5]    

[Print][Mon Aug 30 19:37:17 2021]: [1,2,3,5]    

[Print][Mon Aug 30 19:37:17 2021]: [1,2,3,5]    

[Print][Mon Aug 30 19:37:17 2021]: [1,2,3,5]    

[Print][Mon Aug 30 19:37:17 2021]: [1,2,3,5]    

[Print][Mon Aug 30 19:37:17 2021]: [1,2,3,5]    

[Print][Mon Aug 30 19:37:17 2021]: [1,2,3,5]    

[Print][Mon Aug 30 19:37:17 2021]: [1,2,3,5]    

[Print][Mon Aug 30 19:37:17 2021]: [1,2,3,5]    

[Print][Mon Aug 30 19:37:17 2021]: [1,2,3,5]    

[Print][Mon Aug 30 19:37:17 2021]: [1,2,3,5]    

[Print][Mon Aug 30 19:37:17 2021]: [1,2,3,5]    

[Print][Mon Aug 30 19:37:17 2021]: [1,2,3,5]    

[Print][Mon Aug 30 19:37:17 2021]: [1,2,3,5]    

[Print][Mon Aug 30 19:37:17 2021]: [1,2,3,5]    

[Print][Mon Aug 30 19:37:17 2021]: [1,2,3,5]    

[Print][Mon Aug 30 19:37:17 2021]: [1,2,3,5]    

[Print][Mon Aug 30 19:37:17 2021]: [1,2,3,5]    

[Print][Mon Aug 30 19:37:17 2021]: [1,2,3,5]    

[Print][Mon Aug 30 19:37:17 2021]: [1,2,3,5]    

[Print][Mon Aug 30 19:37:17 2021]: [1,2,3,5]    

[Print][Mon Aug 30 19:37:17 2021]: [1,2,3,5]    

[Print][Mon Aug 30 19:37:17 2021]: [1,2,3,5]    

[Print][Mon Aug 30 19:37:17 2021]: [1,2,3,5]    

[Print][Mon Aug 30 19:37:17 2021]: [1,2,3,5]    

[Print][Mon Aug 30 19:37:17 2021]: [1,2,3,5]    

[Print][Mon Aug 30 19:37:17 2021]: [1,2,3,5]    

[Print][Mon Aug 30 19:37:17 2021]: [1,2,3,5]    

[Print][Mon Aug 30 19:37:17 2021]: [1,2,3,5]    

[Print][Mon Aug 30 19:37:17 2021]: [1,2,3,5]    

[Print][Mon Aug 30 19:37:17 2021]: [1,2,3,5]    

[Print][Mon Aug 30 19:37:17 2021]: [1,2,3,5]    

[Print][Mon Aug 30 19:37:17 2021]: [1,2,3,5]    

[Print][Mon Aug 30 19:37:17 2021]: [1,2,3,5]    

[Print][Mon Aug 30 19:37:17 2021]: [1,2,3,5]    

[Print][Mon Aug 30 19:37:17 2021]: [1,2,3,5]    

[Print][Mon Aug 30 19:37:17 2021]: [1,2,3,5]    

[Print][Mon Aug 30 19:37:17 2021]: [1,2,3,5]    

[Print][Mon Aug 30 19:37:17 2021]: [1,2,3,5]    

[Print][Mon Aug 30 19:37:17 2021]: [1,2,3,5]    

[Print][Mon Aug 30 19:37:17 2021]: [1,2,3,5]    

[Print][Mon Aug 30 19:37:17 2021]: [1,2,3,5]    

[Print][Mon Aug 30 19:37:17 2021]: [1,2,3,5]    

[Print][Mon Aug 30 19:37:17 2021]: [1,2,3,5]    

[Print][Mon Aug 30 19:37:17 2021]: [1,2,3,5]    

[Print][Mon Aug 30 19:37:17 2021]: [1,2,3,5]    

[Print][Mon Aug 30 19:37:17 2021]: [1,2,3,5]    

[Print][Mon Aug 30 19:37:17 2021]: [1,2,3,5]    

[Print][Mon Aug 30 19:37:17 2021]: [1,2,3,5]    

[Print][Mon Aug 30 19:37:17 2021]: [1,2,3,5]    

[Print][Mon Aug 30 19:37:17 2021]: [1,2,3,5]    

[Print][Mon Aug 30 19:37:17 2021]: [1,2,3,5]    

[Print][Mon Aug 30 19:37:17 2021]: [1,2,3,5]    

[Print][Mon Aug 30 19:37:17 2021]: [1,2,3,5]    

[Print][Mon Aug 30 19:37:17 2021]: [1,2,3,5]    

[Print][Mon Aug 30 19:37:17 2021]: [1,2,3,5]    

[Print][Mon Aug 30 19:37:17 2021]: [1,2,3,5]    

[Print][Mon Aug 30 19:37:17 2021]: [1,2,3,5]    

[Print][Mon Aug 30 19:37:17 2021]: [1,2,3,5]    

[Print][Mon Aug 30 19:37:17 2021]: [1,2,3,5]    

[Print][Mon Aug 30 19:37:17 2021]: [1,2,3,5]    

[Print][Mon Aug 30 19:37:17 2021]: [1,2,3,5]    

[Print][Mon Aug 30 19:37:17 2021]: [1,2,3,5]    

[Print][Mon Aug 30 19:37:17 2021]: [1,2,3,5]    

[Print][Mon Aug 30 19:37:17 2021]: [1,2,3,5]    

[Print][Mon Aug 30 19:37:17 2021]: [1,2,3,5]    

[Print][Mon Aug 30 19:37:17 2021]: [1,2,3,5]    

[Print][Mon Aug 30 19:37:17 2021]: [1,2,3,5]    

[Print][Mon Aug 30 19:37:17 2021]: [1,2,3,5]    

[Print][Mon Aug 30 19:37:17 2021]: [1,2,3,5]    

[Print][Mon Aug 30 19:37:17 2021]: [1,2,3,5]    

[Print][Mon Aug 30 19:37:17 2021]: [1,2,3,5]    

[Print][Mon Aug 30 19:37:17 2021]: [1,2,3,5]    

[Print][Mon Aug 30 19:37:17 2021]: [1,2,3,5]    

[Print][Mon Aug 30 19:37:17 2021]: [1,2,3,5]    

[Print][Mon Aug 30 19:37:17 2021]: [1,2,3,5]    

[Print][Mon Aug 30 19:37:17 2021]: [1,2,3,5]    

[Print][Mon Aug 30 19:37:17 2021]: [1,2,3,5]    

[Print][Mon Aug 30 19:37:17 2021]: [1,2,3,5]    

[Print][Mon Aug 30 19:37:17 2021]: [1,2,3,5]    

[Print][Mon Aug 30 19:37:17 2021]: [1,2,3,5]    

[Print][Mon Aug 30 19:37:17 2021]: [1,2,3,5]    

[Print][Mon Aug 30 19:39:18 2021]: 0    

[Print][Mon Aug 30 19:39:37 2021]: 0    

[Print][Mon Aug 30 19:40:29 2021]: 0    

[Print][Mon Aug 30 19:40:43 2021]: 0    

[Print][Mon Aug 30 19:40:51 2021]: 0    

[Print][Mon Aug 30 19:42:34 2021]: PassLevel: 0 star: 10 current: 0    

[Print][Mon Aug 30 19:42:34 2021]: SET PassLevel: 1 star: 10 current: 0    

[Print][Mon Aug 30 19:42:45 2021]: PassLevel: 1 star: 10 current: 0    

[Print][Mon Aug 30 19:42:45 2021]: SET PassLevel: 2 star: 10 current: 0    

[Print][Mon Aug 30 19:42:45 2021]: PassLevel: 2 star: 10 current: 0    

[Print][Mon Aug 30 19:42:45 2021]: SET PassLevel: 3 star: 10 current: 0    

[Print][Mon Aug 30 19:42:45 2021]: PassLevel: 3 star: 10 current: 0    

[Print][Mon Aug 30 19:42:45 2021]: SET PassLevel: 4 star: 10 current: 0    

[Print][Mon Aug 30 19:48:30 2021]: PassLevel: 0 star: 10 current: 0    

[Print][Mon Aug 30 19:48:30 2021]: SET PassLevel: 1 star: 10 current: 0    

[Print][Mon Aug 30 20:33:21 2021]: >> Cleaning players online status...    

[Print][Mon Aug 30 20:33:21 2021]: > Done in 0.11 seconds    

[Print][Mon Aug 30 20:33:21 2021]: >> Loading PvP Arenas...    

[Print][Mon Aug 30 20:33:21 2021]: > Done in 0.00 seconds    

[Print][Mon Aug 30 20:33:21 2021]: >> Loading Caught Highscores...    

[Print][Mon Aug 30 20:33:21 2021]: > Done in 0.00 seconds    

[Print][Mon Aug 30 20:33:21 2021]: >> Loading Tournament Highscores...    

[Print][Mon Aug 30 20:33:21 2021]: > Done in 0.00 seconds    

[Print][Mon Aug 30 20:33:21 2021]: >> Loading Berry Trees...    

[Print][Mon Aug 30 20:33:21 2021]: > Done in 0.03 seconds    

[Print][Mon Aug 30 20:33:21 2021]: >> Cleaning Mastery Dungeons...    

[Print][Mon Aug 30 20:33:21 2021]: > Done in 0.00 seconds    

[Print][Mon Aug 30 20:33:21 2021]: >> Loading Bosses...    

[Print][Mon Aug 30 20:33:21 2021]: >> Scheduled Boss Spawn: Flesh'n Fire in 11 hours, 13 minutes and 24 seconds    

[Print][Mon Aug 30 20:33:21 2021]: > Done in 0.00 seconds    

[Print][Mon Aug 30 20:33:21 2021]: >> Loading Highscores...    

[Print][Mon Aug 30 20:33:21 2021]: > Done in 0.00 seconds    

[Print][Mon Aug 30 20:33:21 2021]: >> Loading Ball Pillars...    

[Print][Mon Aug 30 20:33:21 2021]: > Done in 0.01 seconds    

[Print][Mon Aug 30 20:33:21 2021]: >> Loading Citizens...    

[Print][Mon Aug 30 20:33:21 2021]: > Done in 0.38 seconds    

[Print][Mon Aug 30 20:33:21 2021]: >> Loading Ranks...    

[Print][Mon Aug 30 20:33:21 2021]: > Done in 0.00 seconds    

[Print][Mon Aug 30 20:33:21 2021]: >> All done on Mon Aug 30 20:33:21 2021    

[Print][Mon Aug 30 20:38:15 2021]: >> Cleaning players online status...    

[Print][Mon Aug 30 20:38:15 2021]: > Done in 0.14 seconds    

[Print][Mon Aug 30 20:38:15 2021]: >> Loading PvP Arenas...    

[Print][Mon Aug 30 20:38:15 2021]: > Done in 0.00 seconds    

[Print][Mon Aug 30 20:38:15 2021]: >> Loading Caught Highscores...    

[Print][Mon Aug 30 20:38:15 2021]: > Done in 0.00 seconds    

[Print][Mon Aug 30 20:38:15 2021]: >> Loading Tournament Highscores...    

[Print][Mon Aug 30 20:38:15 2021]: > Done in 0.00 seconds    

[Print][Mon Aug 30 20:38:15 2021]: >> Loading Berry Trees...    

[Print][Mon Aug 30 20:38:15 2021]: > Done in 0.00 seconds    

[Print][Mon Aug 30 20:38:15 2021]: >> Cleaning Mastery Dungeons...    

[Print][Mon Aug 30 20:38:15 2021]: > Done in 0.00 seconds    

[Print][Mon Aug 30 20:38:15 2021]: >> Loading Bosses...    

[Print][Mon Aug 30 20:38:15 2021]: >> Scheduled Boss Spawn: DoomBoy in 11 hours, 55 minutes and 30 seconds    

[Print][Mon Aug 30 20:38:15 2021]: > Done in 0.01 seconds    

[Print][Mon Aug 30 20:38:15 2021]: >> Loading Highscores...    

[Print][Mon Aug 30 20:38:15 2021]: > Done in 0.00 seconds    

[Print][Mon Aug 30 20:38:15 2021]: >> Loading Ball Pillars...    

[Print][Mon Aug 30 20:38:15 2021]: > Done in 0.00 seconds    

[Print][Mon Aug 30 20:38:15 2021]: >> Loading Citizens...    

[Print][Mon Aug 30 20:38:16 2021]: > Done in 0.41 seconds    

[Print][Mon Aug 30 20:38:16 2021]: >> Loading Ranks...    

[Print][Mon Aug 30 20:38:16 2021]: > Done in 0.00 seconds    

[Print][Mon Aug 30 20:38:16 2021]: >> All done on Mon Aug 30 20:38:16 2021    

