[Print][Mon Sep 06 00:07:33 2021]: Você n tem o passe    

[Print][Mon Sep 06 12:36:11 2021]: >> Cleaning players online status...    

[Print][Mon Sep 06 12:36:11 2021]: > Done in 0.06 seconds    

[Print][Mon Sep 06 12:36:11 2021]: >> Loading PvP Arenas...    

[Print][Mon Sep 06 12:36:11 2021]: > Done in 0.16 seconds    

[Print][Mon Sep 06 12:36:11 2021]: >> Loading Caught Highscores...    

[Print][Mon Sep 06 12:36:11 2021]: > Done in 0.00 seconds    

[Print][Mon Sep 06 12:36:11 2021]: >> Loading Tournament Highscores...    

[Print][Mon Sep 06 12:36:11 2021]: > Done in 0.05 seconds    

[Print][Mon Sep 06 12:36:11 2021]: >> Loading Berry Trees...    

[Print][Mon Sep 06 12:36:11 2021]: > Done in 0.32 seconds    

[Print][Mon Sep 06 12:36:11 2021]: >> Cleaning Mastery Dungeons...    

[Print][Mon Sep 06 12:36:11 2021]: > Done in 0.04 seconds    

[Print][Mon Sep 06 12:36:11 2021]: >> Loading Bosses...    

[Print][Mon Sep 06 12:36:11 2021]: >> Scheduled Boss Spawn: Flesh'n Fire in 10 hours, 8 minutes and 41 seconds    

[Print][Mon Sep 06 12:36:11 2021]: > Done in 0.04 seconds    

[Print][Mon Sep 06 12:36:11 2021]: >> Loading Highscores...    

[Print][Mon Sep 06 12:36:11 2021]: > Done in 0.00 seconds    

[Print][Mon Sep 06 12:36:12 2021]: >> Loading Ball Pillars...    

[Print][Mon Sep 06 12:36:12 2021]: > Done in 0.04 seconds    

[Print][Mon Sep 06 12:36:12 2021]: >> Loading Citizens...    

[Print][Mon Sep 06 12:36:14 2021]: > Done in 2.32 seconds    

[Print][Mon Sep 06 12:36:14 2021]: >> Loading Ranks...    

[Print][Mon Sep 06 12:36:14 2021]: > Done in 0.00 seconds    

[Print][Mon Sep 06 12:36:14 2021]: >> All done on Mon Sep 06 12:36:14 2021    

[Print][Mon Sep 06 13:36:13 2021]: >> Cleaning players online status...    

[Print][Mon Sep 06 13:36:14 2021]: > Done in 0.04 seconds    

[Print][Mon Sep 06 13:36:14 2021]: >> Loading PvP Arenas...    

[Print][Mon Sep 06 13:36:14 2021]: > Done in 0.00 seconds    

[Print][Mon Sep 06 13:36:14 2021]: >> Loading Caught Highscores...    

[Print][Mon Sep 06 13:36:14 2021]: > Done in 0.00 seconds    

[Print][Mon Sep 06 13:36:14 2021]: >> Loading Tournament Highscores...    

[Print][Mon Sep 06 13:36:14 2021]: > Done in 0.00 seconds    

[Print][Mon Sep 06 13:36:14 2021]: >> Loading Berry Trees...    

[Print][Mon Sep 06 13:36:14 2021]: > Done in 0.03 seconds    

[Print][Mon Sep 06 13:36:14 2021]: >> Cleaning Mastery Dungeons...    

[Print][Mon Sep 06 13:36:14 2021]: > Done in 0.00 seconds    

[Print][Mon Sep 06 13:36:14 2021]: >> Loading Bosses...    

[Print][Mon Sep 06 13:36:14 2021]: >> Scheduled Boss Spawn: Mr. Gormandize in 6 hours, 40 minutes and 31 seconds    

[Print][Mon Sep 06 13:36:14 2021]: > Done in 0.00 seconds    

[Print][Mon Sep 06 13:36:14 2021]: >> Loading Highscores...    

[Print][Mon Sep 06 13:36:14 2021]: > Done in 0.00 seconds    

[Print][Mon Sep 06 13:36:14 2021]: >> Loading Ball Pillars...    

[Print][Mon Sep 06 13:36:14 2021]: > Done in 0.02 seconds    

[Print][Mon Sep 06 13:36:14 2021]: >> Loading Citizens...    

[Print][Mon Sep 06 13:36:14 2021]: > Done in 0.41 seconds    

[Print][Mon Sep 06 13:36:14 2021]: >> Loading Ranks...    

[Print][Mon Sep 06 13:36:14 2021]: > Done in 0.00 seconds    

[Print][Mon Sep 06 13:36:14 2021]: >> All done on Mon Sep 06 13:36:14 2021    

[Print][Mon Sep 06 16:56:23 2021]: >> Cleaning players online status...    

[Print][Mon Sep 06 16:56:23 2021]: > Done in 0.06 seconds    

[Print][Mon Sep 06 16:56:23 2021]: >> Loading PvP Arenas...    

[Print][Mon Sep 06 16:56:23 2021]: > Done in 0.00 seconds    

[Print][Mon Sep 06 16:56:23 2021]: >> Loading Caught Highscores...    

[Print][Mon Sep 06 16:56:23 2021]: > Done in 0.05 seconds    

[Print][Mon Sep 06 16:56:23 2021]: >> Loading Tournament Highscores...    

[Print][Mon Sep 06 16:56:23 2021]: > Done in 0.00 seconds    

[Print][Mon Sep 06 16:56:23 2021]: >> Loading Berry Trees...    

[Print][Mon Sep 06 16:56:23 2021]: > Done in 0.03 seconds    

[Print][Mon Sep 06 16:56:23 2021]: >> Cleaning Mastery Dungeons...    

[Print][Mon Sep 06 16:56:23 2021]: > Done in 0.00 seconds    

[Print][Mon Sep 06 16:56:23 2021]: >> Loading Bosses...    

[Print][Mon Sep 06 16:56:23 2021]: >> Scheduled Boss Spawn: Winged Wisdom in 10 hours, 52 minutes and 57 seconds    

[Print][Mon Sep 06 16:56:23 2021]: > Done in 0.00 seconds    

[Print][Mon Sep 06 16:56:23 2021]: >> Loading Highscores...    

[Print][Mon Sep 06 16:56:23 2021]: > Done in 0.00 seconds    

[Print][Mon Sep 06 16:56:24 2021]: >> Loading Ball Pillars...    

[Print][Mon Sep 06 16:56:24 2021]: > Done in 0.00 seconds    

[Print][Mon Sep 06 16:56:24 2021]: >> Loading Citizens...    

[Print][Mon Sep 06 16:56:24 2021]: > Done in 0.83 seconds    

[Print][Mon Sep 06 16:56:24 2021]: >> Loading Ranks...    

[Print][Mon Sep 06 16:56:24 2021]: > Done in 0.00 seconds    

[Print][Mon Sep 06 16:56:24 2021]: >> All done on Mon Sep 06 16:56:24 2021    

[Print][Mon Sep 06 19:32:44 2021]: >> Cleaning players online status...    

[Print][Mon Sep 06 19:32:44 2021]: > Done in 0.04 seconds    

[Print][Mon Sep 06 19:32:44 2021]: >> Loading PvP Arenas...    

[Print][Mon Sep 06 19:32:44 2021]: > Done in 0.00 seconds    

[Print][Mon Sep 06 19:32:44 2021]: >> Loading Caught Highscores...    

[Print][Mon Sep 06 19:32:44 2021]: > Done in 0.02 seconds    

[Print][Mon Sep 06 19:32:44 2021]: >> Loading Tournament Highscores...    

[Print][Mon Sep 06 19:32:44 2021]: > Done in 0.00 seconds    

[Print][Mon Sep 06 19:32:44 2021]: >> Loading Berry Trees...    

[Print][Mon Sep 06 19:32:44 2021]: > Done in 0.02 seconds    

[Print][Mon Sep 06 19:32:44 2021]: >> Cleaning Mastery Dungeons...    

[Print][Mon Sep 06 19:32:44 2021]: > Done in 0.00 seconds    

[Print][Mon Sep 06 19:32:44 2021]: >> Loading Bosses...    

[Print][Mon Sep 06 19:32:44 2021]: >> Scheduled Boss Spawn: Twisted Blades in 5 hours, 44 minutes and 31 seconds    

[Print][Mon Sep 06 19:32:44 2021]: > Done in 0.01 seconds    

[Print][Mon Sep 06 19:32:44 2021]: >> Loading Highscores...    

[Print][Mon Sep 06 19:32:44 2021]: > Done in 0.00 seconds    

[Print][Mon Sep 06 19:32:44 2021]: >> Loading Ball Pillars...    

[Print][Mon Sep 06 19:32:44 2021]: > Done in 0.00 seconds    

[Print][Mon Sep 06 19:32:44 2021]: >> Loading Citizens...    

[Print][Mon Sep 06 19:32:44 2021]: > Done in 0.43 seconds    

[Print][Mon Sep 06 19:32:44 2021]: >> Loading Ranks...    

[Print][Mon Sep 06 19:32:44 2021]: > Done in 0.00 seconds    

[Print][Mon Sep 06 19:32:44 2021]: >> All done on Mon Sep 06 19:32:44 2021    

[Print][Mon Sep 06 20:14:54 2021]: >> Cleaning players online status...    

[Print][Mon Sep 06 20:14:54 2021]: > Done in 0.02 seconds    

[Print][Mon Sep 06 20:14:54 2021]: >> Loading PvP Arenas...    

[Print][Mon Sep 06 20:14:54 2021]: > Done in 0.00 seconds    

[Print][Mon Sep 06 20:14:54 2021]: >> Loading Caught Highscores...    

[Print][Mon Sep 06 20:14:54 2021]: > Done in 0.00 seconds    

[Print][Mon Sep 06 20:14:54 2021]: >> Loading Tournament Highscores...    

[Print][Mon Sep 06 20:14:54 2021]: > Done in 0.00 seconds    

[Print][Mon Sep 06 20:14:54 2021]: >> Loading Berry Trees...    

[Print][Mon Sep 06 20:14:54 2021]: > Done in 0.02 seconds    

[Print][Mon Sep 06 20:14:54 2021]: >> Cleaning Mastery Dungeons...    

[Print][Mon Sep 06 20:14:54 2021]: > Done in 0.00 seconds    

[Print][Mon Sep 06 20:14:54 2021]: >> Loading Bosses...    

[Print][Mon Sep 06 20:14:54 2021]: >> Scheduled Boss Spawn: Flesh'n Fire in 15 hours, 35 minutes and 34 seconds    

[Print][Mon Sep 06 20:14:54 2021]: > Done in 0.00 seconds    

[Print][Mon Sep 06 20:14:54 2021]: >> Loading Highscores...    

[Print][Mon Sep 06 20:14:54 2021]: > Done in 0.00 seconds    

[Print][Mon Sep 06 20:14:54 2021]: >> Loading Ball Pillars...    

[Print][Mon Sep 06 20:14:54 2021]: > Done in 0.00 seconds    

[Print][Mon Sep 06 20:14:54 2021]: >> Loading Citizens...    

[Print][Mon Sep 06 20:14:55 2021]: > Done in 0.51 seconds    

[Print][Mon Sep 06 20:14:55 2021]: >> Loading Ranks...    

[Print][Mon Sep 06 20:14:55 2021]: > Done in 0.00 seconds    

[Print][Mon Sep 06 20:14:55 2021]: >> All done on Mon Sep 06 20:14:55 2021    

[Print][Mon Sep 06 20:46:41 2021]: >> Cleaning players online status...    

[Print][Mon Sep 06 20:46:41 2021]: > Done in 0.08 seconds    

[Print][Mon Sep 06 20:46:41 2021]: >> Loading PvP Arenas...    

[Print][Mon Sep 06 20:46:41 2021]: > Done in 0.00 seconds    

[Print][Mon Sep 06 20:46:41 2021]: >> Loading Caught Highscores...    

[Print][Mon Sep 06 20:46:41 2021]: > Done in 0.02 seconds    

[Print][Mon Sep 06 20:46:41 2021]: >> Loading Tournament Highscores...    

[Print][Mon Sep 06 20:46:41 2021]: > Done in 0.00 seconds    

[Print][Mon Sep 06 20:46:41 2021]: >> Loading Berry Trees...    

[Print][Mon Sep 06 20:46:41 2021]: > Done in 0.02 seconds    

[Print][Mon Sep 06 20:46:41 2021]: >> Cleaning Mastery Dungeons...    

[Print][Mon Sep 06 20:46:41 2021]: > Done in 0.00 seconds    

[Print][Mon Sep 06 20:46:41 2021]: >> Loading Bosses...    

[Print][Mon Sep 06 20:46:41 2021]: >> Scheduled Boss Spawn: Pink Fury in 13 hours, 34 minutes and 23 seconds    

[Print][Mon Sep 06 20:46:41 2021]: > Done in 0.02 seconds    

[Print][Mon Sep 06 20:46:41 2021]: >> Loading Highscores...    

[Print][Mon Sep 06 20:46:41 2021]: > Done in 0.00 seconds    

[Print][Mon Sep 06 20:46:41 2021]: >> Loading Ball Pillars...    

[Print][Mon Sep 06 20:46:41 2021]: > Done in 0.01 seconds    

[Print][Mon Sep 06 20:46:41 2021]: >> Loading Citizens...    

[Print][Mon Sep 06 20:46:43 2021]: > Done in 1.49 seconds    

[Print][Mon Sep 06 20:46:43 2021]: >> Loading Ranks...    

[Print][Mon Sep 06 20:46:43 2021]: > Done in 0.00 seconds    

[Print][Mon Sep 06 20:46:43 2021]: >> All done on Mon Sep 06 20:46:43 2021    

[Print][Mon Sep 06 20:57:32 2021]: >> Cleaning players online status...    

[Print][Mon Sep 06 20:57:32 2021]: > Done in 0.10 seconds    

[Print][Mon Sep 06 20:57:32 2021]: >> Loading PvP Arenas...    

[Print][Mon Sep 06 20:57:32 2021]: > Done in 0.00 seconds    

[Print][Mon Sep 06 20:57:32 2021]: >> Loading Caught Highscores...    

[Print][Mon Sep 06 20:57:33 2021]: > Done in 0.09 seconds    

[Print][Mon Sep 06 20:57:33 2021]: >> Loading Tournament Highscores...    

[Print][Mon Sep 06 20:57:33 2021]: > Done in 0.57 seconds    

[Print][Mon Sep 06 20:57:33 2021]: >> Loading Berry Trees...    

[Print][Mon Sep 06 20:57:33 2021]: > Done in 0.09 seconds    

[Print][Mon Sep 06 20:57:33 2021]: >> Cleaning Mastery Dungeons...    

[Print][Mon Sep 06 20:57:33 2021]: > Done in 0.00 seconds    

[Print][Mon Sep 06 20:57:33 2021]: >> Loading Bosses...    

[Print][Mon Sep 06 20:57:33 2021]: >> Scheduled Boss Spawn: Great Saul in 9 hours, 20 minutes and 49 seconds    

[Print][Mon Sep 06 20:57:33 2021]: > Done in 0.01 seconds    

[Print][Mon Sep 06 20:57:33 2021]: >> Loading Highscores...    

[Print][Mon Sep 06 20:57:33 2021]: > Done in 0.00 seconds    

[Print][Mon Sep 06 20:57:33 2021]: >> Loading Ball Pillars...    

[Print][Mon Sep 06 20:57:34 2021]: > Done in 0.04 seconds    

[Print][Mon Sep 06 20:57:34 2021]: >> Loading Citizens...    

[Print][Mon Sep 06 20:57:36 2021]: > Done in 2.01 seconds    

[Print][Mon Sep 06 20:57:36 2021]: >> Loading Ranks...    

[Print][Mon Sep 06 20:57:36 2021]: > Done in 0.00 seconds    

[Print][Mon Sep 06 20:57:36 2021]: >> All done on Mon Sep 06 20:57:36 2021    

[Print][Mon Sep 06 21:37:40 2021]: >> Cleaning players online status...    

[Print][Mon Sep 06 21:37:40 2021]: > Done in 0.02 seconds    

[Print][Mon Sep 06 21:37:40 2021]: >> Loading PvP Arenas...    

[Print][Mon Sep 06 21:37:40 2021]: > Done in 0.02 seconds    

[Print][Mon Sep 06 21:37:40 2021]: >> Loading Caught Highscores...    

[Print][Mon Sep 06 21:37:40 2021]: > Done in 0.02 seconds    

[Print][Mon Sep 06 21:37:40 2021]: >> Loading Tournament Highscores...    

[Print][Mon Sep 06 21:37:40 2021]: > Done in 0.03 seconds    

[Print][Mon Sep 06 21:37:40 2021]: >> Loading Berry Trees...    

[Print][Mon Sep 06 21:37:40 2021]: > Done in 0.04 seconds    

[Print][Mon Sep 06 21:37:40 2021]: >> Cleaning Mastery Dungeons...    

[Print][Mon Sep 06 21:37:40 2021]: > Done in 0.00 seconds    

[Print][Mon Sep 06 21:37:40 2021]: >> Loading Bosses...    

[Print][Mon Sep 06 21:37:40 2021]: >> Scheduled Boss Spawn: Charles Spencer in 6 hours, 8 minutes and 32 seconds    

[Print][Mon Sep 06 21:37:40 2021]: > Done in 0.01 seconds    

[Print][Mon Sep 06 21:37:40 2021]: >> Loading Highscores...    

[Print][Mon Sep 06 21:37:40 2021]: > Done in 0.00 seconds    

[Print][Mon Sep 06 21:37:40 2021]: >> Loading Ball Pillars...    

[Print][Mon Sep 06 21:37:40 2021]: > Done in 0.00 seconds    

[Print][Mon Sep 06 21:37:40 2021]: >> Loading Citizens...    

[Print][Mon Sep 06 21:37:41 2021]: > Done in 1.35 seconds    

[Print][Mon Sep 06 21:37:41 2021]: >> Loading Ranks...    

[Print][Mon Sep 06 21:37:41 2021]: > Done in 0.00 seconds    

[Print][Mon Sep 06 21:37:41 2021]: >> All done on Mon Sep 06 21:37:41 2021    

