[Print][Fri Aug 13 17:12:18 2021]: >> Cleaning players online status...    

[Print][Fri Aug 13 17:12:18 2021]: > Done in 0.04 seconds    

[Print][Fri Aug 13 17:12:18 2021]: >> Loading PvP Arenas...    

[Print][Fri Aug 13 17:12:18 2021]: > Done in 0.00 seconds    

[Print][Fri Aug 13 17:12:18 2021]: >> Loading Caught Highscores...    

[Print][Fri Aug 13 17:12:18 2021]: > Done in 0.00 seconds    

[Print][Fri Aug 13 17:12:18 2021]: >> Loading Tournament Highscores...    

[Print][Fri Aug 13 17:12:18 2021]: > Done in 0.00 seconds    

[Print][Fri Aug 13 17:12:18 2021]: >> Loading Berry Trees...    

[Print][Fri Aug 13 17:12:18 2021]: > Done in 0.06 seconds    

[Print][Fri Aug 13 17:12:18 2021]: >> Cleaning Mastery Dungeons...    

[Print][Fri Aug 13 17:12:18 2021]: > Done in 0.00 seconds    

[Print][Fri Aug 13 17:12:18 2021]: >> Loading Bosses...    

[Print][Fri Aug 13 17:12:18 2021]: >> Scheduled Boss Spawn: Mr. Gormandize in 8 hours, 17 minutes and 10 seconds    

[Print][Fri Aug 13 17:12:18 2021]: > Done in 0.01 seconds    

[Print][Fri Aug 13 17:12:18 2021]: >> Loading Highscores...    

[Print][Fri Aug 13 17:12:18 2021]: > Done in 0.00 seconds    

[Print][Fri Aug 13 17:12:18 2021]: >> Loading Ball Pillars...    

[Print][Fri Aug 13 17:12:18 2021]: > Done in 0.05 seconds    

[Print][Fri Aug 13 17:12:18 2021]: >> Loading Citizens...    

[Print][Fri Aug 13 17:12:19 2021]: > Done in 0.62 seconds    

[Print][Fri Aug 13 17:12:19 2021]: >> Loading Ranks...    

[Print][Fri Aug 13 17:12:19 2021]: > Done in 0.00 seconds    

[Print][Fri Aug 13 17:12:19 2021]: >> All done on Fri Aug 13 17:12:19 2021    

[Print][Fri Aug 13 22:48:39 2021]: >> Cleaning players online status...    

[Print][Fri Aug 13 22:48:39 2021]: > Done in 0.03 seconds    

[Print][Fri Aug 13 22:48:39 2021]: >> Loading PvP Arenas...    

[Print][Fri Aug 13 22:48:39 2021]: > Done in 0.00 seconds    

[Print][Fri Aug 13 22:48:39 2021]: >> Loading Caught Highscores...    

[Print][Fri Aug 13 22:48:39 2021]: > Done in 0.01 seconds    

[Print][Fri Aug 13 22:48:39 2021]: >> Loading Tournament Highscores...    

[Print][Fri Aug 13 22:48:39 2021]: > Done in 0.00 seconds    

[Print][Fri Aug 13 22:48:39 2021]: >> Loading Berry Trees...    

[Print][Fri Aug 13 22:48:40 2021]: > Done in 0.02 seconds    

[Print][Fri Aug 13 22:48:40 2021]: >> Cleaning Mastery Dungeons...    

[Print][Fri Aug 13 22:48:40 2021]: > Done in 0.00 seconds    

[Print][Fri Aug 13 22:48:40 2021]: >> Loading Bosses...    

[Print][Fri Aug 13 22:48:40 2021]: >> Scheduled Boss Spawn: Grisly Mind in 5 hours, 33 minutes and 16 seconds    

[Print][Fri Aug 13 22:48:40 2021]: > Done in 0.01 seconds    

[Print][Fri Aug 13 22:48:40 2021]: >> Loading Highscores...    

[Print][Fri Aug 13 22:48:40 2021]: > Done in 0.02 seconds    

[Print][Fri Aug 13 22:48:40 2021]: >> Loading Ball Pillars...    

[Print][Fri Aug 13 22:48:40 2021]: > Done in 0.27 seconds    

[Print][Fri Aug 13 22:48:40 2021]: >> Loading Citizens...    

[Print][Fri Aug 13 22:48:41 2021]: > Done in 0.59 seconds    

[Print][Fri Aug 13 22:48:41 2021]: >> Loading Ranks...    

[Print][Fri Aug 13 22:48:41 2021]: > Done in 0.00 seconds    

[Print][Fri Aug 13 22:48:41 2021]: >> All done on Fri Aug 13 22:48:41 2021    

