[Print][Tue Sep 21 00:54:22 2021]: >> Cleaning players online status...    

[Print][Tue Sep 21 00:54:22 2021]: > Done in 0.03 seconds    

[Print][Tue Sep 21 00:54:22 2021]: >> Loading PvP Arenas...    

[Print][Tue Sep 21 00:54:22 2021]: > Done in 0.00 seconds    

[Print][Tue Sep 21 00:54:22 2021]: >> Loading Caught Highscores...    

[Print][Tue Sep 21 00:54:22 2021]: > Done in 0.00 seconds    

[Print][Tue Sep 21 00:54:22 2021]: >> Loading Tournament Highscores...    

[Print][Tue Sep 21 00:54:22 2021]: > Done in 0.00 seconds    

[Print][Tue Sep 21 00:54:22 2021]: >> Loading Berry Trees...    

[Print][Tue Sep 21 00:54:22 2021]: > Done in 0.03 seconds    

[Print][Tue Sep 21 00:54:22 2021]: >> Cleaning Mastery Dungeons...    

[Print][Tue Sep 21 00:54:22 2021]: > Done in 0.00 seconds    

[Print][Tue Sep 21 00:54:22 2021]: >> Loading Bosses...    

[Print][Tue Sep 21 00:54:22 2021]: >> Scheduled Boss Spawn: Mr. Gormandize in 14 hours, 12 minutes and 39 seconds    

[Print][Tue Sep 21 00:54:22 2021]: > Done in 0.01 seconds    

[Print][Tue Sep 21 00:54:22 2021]: >> Loading Highscores...    

[Print][Tue Sep 21 00:54:22 2021]: > Done in 0.00 seconds    

[Print][Tue Sep 21 00:54:22 2021]: >> Loading Ball Pillars...    

[Print][Tue Sep 21 00:54:22 2021]: > Done in 0.01 seconds    

[Print][Tue Sep 21 00:54:22 2021]: >> Loading Citizens...    

[Print][Tue Sep 21 00:54:23 2021]: > Done in 0.73 seconds    

[Print][Tue Sep 21 00:54:23 2021]: >> Loading Ranks...    

[Print][Tue Sep 21 00:54:23 2021]: > Done in 0.00 seconds    

[Print][Tue Sep 21 00:54:23 2021]: >> All done on Tue Sep 21 00:54:23 2021    

[Print][Tue Sep 21 00:58:42 2021]: Não tem diamantes suficiente    

[Print][Tue Sep 21 12:52:50 2021]: >> Cleaning players online status...    

[Print][Tue Sep 21 12:52:50 2021]: > Done in 0.03 seconds    

[Print][Tue Sep 21 12:52:50 2021]: >> Loading PvP Arenas...    

[Print][Tue Sep 21 12:52:50 2021]: > Done in 0.00 seconds    

[Print][Tue Sep 21 12:52:50 2021]: >> Loading Caught Highscores...    

[Print][Tue Sep 21 12:52:50 2021]: > Done in 0.01 seconds    

[Print][Tue Sep 21 12:52:50 2021]: >> Loading Tournament Highscores...    

[Print][Tue Sep 21 12:52:50 2021]: > Done in 0.00 seconds    

[Print][Tue Sep 21 12:52:50 2021]: >> Loading Berry Trees...    

[Print][Tue Sep 21 12:52:50 2021]: > Done in 0.03 seconds    

[Print][Tue Sep 21 12:52:50 2021]: >> Cleaning Mastery Dungeons...    

[Print][Tue Sep 21 12:52:50 2021]: > Done in 0.00 seconds    

[Print][Tue Sep 21 12:52:50 2021]: >> Loading Bosses...    

[Print][Tue Sep 21 12:52:50 2021]: >> Scheduled Boss Spawn: Blastertoise in 10 hours, 45 minutes and 48 seconds    

[Print][Tue Sep 21 12:52:50 2021]: > Done in 0.01 seconds    

[Print][Tue Sep 21 12:52:50 2021]: >> Loading Highscores...    

[Print][Tue Sep 21 12:52:50 2021]: > Done in 0.00 seconds    

[Print][Tue Sep 21 12:52:50 2021]: >> Loading Ball Pillars...    

[Print][Tue Sep 21 12:52:50 2021]: > Done in 0.01 seconds    

[Print][Tue Sep 21 12:52:50 2021]: >> Loading Citizens...    

[Print][Tue Sep 21 12:52:50 2021]: > Done in 0.44 seconds    

[Print][Tue Sep 21 12:52:50 2021]: >> Loading Ranks...    

[Print][Tue Sep 21 12:52:50 2021]: > Done in 0.00 seconds    

[Print][Tue Sep 21 12:52:50 2021]: >> All done on Tue Sep 21 12:52:50 2021    

[Print][Tue Sep 21 17:41:29 2021]: >> Cleaning players online status...    

[Print][Tue Sep 21 17:41:29 2021]: > Done in 0.03 seconds    

[Print][Tue Sep 21 17:41:29 2021]: >> Loading PvP Arenas...    

[Print][Tue Sep 21 17:41:29 2021]: > Done in 0.00 seconds    

[Print][Tue Sep 21 17:41:29 2021]: >> Loading Caught Highscores...    

[Print][Tue Sep 21 17:41:29 2021]: > Done in 0.00 seconds    

[Print][Tue Sep 21 17:41:29 2021]: >> Loading Tournament Highscores...    

[Print][Tue Sep 21 17:41:29 2021]: > Done in 0.00 seconds    

[Print][Tue Sep 21 17:41:29 2021]: >> Loading Berry Trees...    

[Print][Tue Sep 21 17:41:29 2021]: > Done in 0.03 seconds    

[Print][Tue Sep 21 17:41:29 2021]: >> Cleaning Mastery Dungeons...    

[Print][Tue Sep 21 17:41:29 2021]: > Done in 0.00 seconds    

[Print][Tue Sep 21 17:41:29 2021]: >> Loading Bosses...    

[Print][Tue Sep 21 17:41:29 2021]: >> Scheduled Boss Spawn: Flesh'n Fire in 11 hours, 14 minutes and 34 seconds    

[Print][Tue Sep 21 17:41:29 2021]: > Done in 0.02 seconds    

[Print][Tue Sep 21 17:41:29 2021]: >> Loading Highscores...    

[Print][Tue Sep 21 17:41:29 2021]: > Done in 0.00 seconds    

[Print][Tue Sep 21 17:41:29 2021]: >> Loading Ball Pillars...    

[Print][Tue Sep 21 17:41:29 2021]: > Done in 0.02 seconds    

[Print][Tue Sep 21 17:41:29 2021]: >> Loading Citizens...    

[Print][Tue Sep 21 17:41:29 2021]: > Done in 0.45 seconds    

[Print][Tue Sep 21 17:41:29 2021]: >> Loading Ranks...    

[Print][Tue Sep 21 17:41:29 2021]: > Done in 0.00 seconds    

[Print][Tue Sep 21 17:41:29 2021]: >> All done on Tue Sep 21 17:41:29 2021    

[Print][Tue Sep 21 18:50:57 2021]: >> Cleaning players online status...    

[Print][Tue Sep 21 18:50:57 2021]: > Done in 0.11 seconds    

[Print][Tue Sep 21 18:50:57 2021]: >> Loading PvP Arenas...    

[Print][Tue Sep 21 18:50:57 2021]: > Done in 0.00 seconds    

[Print][Tue Sep 21 18:50:57 2021]: >> Loading Caught Highscores...    

[Print][Tue Sep 21 18:50:57 2021]: > Done in 0.00 seconds    

[Print][Tue Sep 21 18:50:57 2021]: >> Loading Tournament Highscores...    

[Print][Tue Sep 21 18:50:57 2021]: > Done in 0.00 seconds    

[Print][Tue Sep 21 18:50:57 2021]: >> Loading Berry Trees...    

[Print][Tue Sep 21 18:50:57 2021]: > Done in 0.03 seconds    

[Print][Tue Sep 21 18:50:57 2021]: >> Cleaning Mastery Dungeons...    

[Print][Tue Sep 21 18:50:57 2021]: > Done in 0.00 seconds    

[Print][Tue Sep 21 18:50:57 2021]: >> Loading Bosses...    

[Print][Tue Sep 21 18:50:57 2021]: >> Scheduled Boss Spawn: Smaug in 15 hours, 59 minutes and 14 seconds    

[Print][Tue Sep 21 18:50:57 2021]: > Done in 0.00 seconds    

[Print][Tue Sep 21 18:50:57 2021]: >> Loading Highscores...    

[Print][Tue Sep 21 18:50:57 2021]: > Done in 0.00 seconds    

[Print][Tue Sep 21 18:50:57 2021]: >> Loading Ball Pillars...    

[Print][Tue Sep 21 18:50:57 2021]: > Done in 0.00 seconds    

[Print][Tue Sep 21 18:50:57 2021]: >> Loading Citizens...    

[Print][Tue Sep 21 18:50:57 2021]: > Done in 0.41 seconds    

[Print][Tue Sep 21 18:50:57 2021]: >> Loading Ranks...    

[Print][Tue Sep 21 18:50:57 2021]: > Done in 0.00 seconds    

[Print][Tue Sep 21 18:50:57 2021]: >> All done on Tue Sep 21 18:50:57 2021    

[Print][Tue Sep 21 19:27:14 2021]: >> Cleaning players online status...    

[Print][Tue Sep 21 19:27:14 2021]: > Done in 0.02 seconds    

[Print][Tue Sep 21 19:27:14 2021]: >> Loading PvP Arenas...    

[Print][Tue Sep 21 19:27:14 2021]: > Done in 0.00 seconds    

[Print][Tue Sep 21 19:27:14 2021]: >> Loading Caught Highscores...    

[Print][Tue Sep 21 19:27:14 2021]: > Done in 0.00 seconds    

[Print][Tue Sep 21 19:27:14 2021]: >> Loading Tournament Highscores...    

[Print][Tue Sep 21 19:27:14 2021]: > Done in 0.00 seconds    

[Print][Tue Sep 21 19:27:14 2021]: >> Loading Berry Trees...    

[Print][Tue Sep 21 19:27:14 2021]: > Done in 0.01 seconds    

[Print][Tue Sep 21 19:27:14 2021]: >> Cleaning Mastery Dungeons...    

[Print][Tue Sep 21 19:27:14 2021]: > Done in 0.00 seconds    

[Print][Tue Sep 21 19:27:14 2021]: >> Loading Bosses...    

[Print][Tue Sep 21 19:27:14 2021]: >> Scheduled Boss Spawn: Great Saul in 7 hours, 41 minutes and 15 seconds    

[Print][Tue Sep 21 19:27:14 2021]: > Done in 0.01 seconds    

[Print][Tue Sep 21 19:27:14 2021]: >> Loading Highscores...    

[Print][Tue Sep 21 19:27:14 2021]: > Done in 0.00 seconds    

[Print][Tue Sep 21 19:27:14 2021]: >> Loading Ball Pillars...    

[Print][Tue Sep 21 19:27:14 2021]: > Done in 0.00 seconds    

[Print][Tue Sep 21 19:27:14 2021]: >> Loading Citizens...    

[Print][Tue Sep 21 19:27:14 2021]: > Done in 0.47 seconds    

[Print][Tue Sep 21 19:27:14 2021]: >> Loading Ranks...    

[Print][Tue Sep 21 19:27:14 2021]: > Done in 0.00 seconds    

[Print][Tue Sep 21 19:27:14 2021]: >> All done on Tue Sep 21 19:27:14 2021    

