[Print][Wed Sep 22 17:11:55 2021]: >> Cleaning players online status...    

[Print][Wed Sep 22 17:11:55 2021]: > Done in 0.03 seconds    

[Print][Wed Sep 22 17:11:55 2021]: >> Loading PvP Arenas...    

[Print][Wed Sep 22 17:11:55 2021]: > Done in 0.02 seconds    

[Print][Wed Sep 22 17:11:55 2021]: >> Loading Caught Highscores...    

[Print][Wed Sep 22 17:11:55 2021]: > Done in 0.00 seconds    

[Print][Wed Sep 22 17:11:55 2021]: >> Loading Tournament Highscores...    

[Print][Wed Sep 22 17:11:55 2021]: > Done in 0.00 seconds    

[Print][Wed Sep 22 17:11:55 2021]: >> Loading Berry Trees...    

[Print][Wed Sep 22 17:11:55 2021]: > Done in 0.04 seconds    

[Print][Wed Sep 22 17:11:55 2021]: >> Cleaning Mastery Dungeons...    

[Print][Wed Sep 22 17:11:55 2021]: > Done in 0.00 seconds    

[Print][Wed Sep 22 17:11:55 2021]: >> Loading Bosses...    

[Print][Wed Sep 22 17:11:55 2021]: >> Scheduled Boss Spawn: The Turbo in 5 hours, 11 minutes and 22 seconds    

[Print][Wed Sep 22 17:11:55 2021]: > Done in 0.00 seconds    

[Print][Wed Sep 22 17:11:55 2021]: >> Loading Highscores...    

[Print][Wed Sep 22 17:11:55 2021]: > Done in 0.00 seconds    

[Print][Wed Sep 22 17:11:55 2021]: >> Loading Ball Pillars...    

[Print][Wed Sep 22 17:11:55 2021]: > Done in 0.05 seconds    

[Print][Wed Sep 22 17:11:55 2021]: >> Loading Citizens...    

[Print][Wed Sep 22 17:11:56 2021]: > Done in 0.50 seconds    

[Print][Wed Sep 22 17:11:56 2021]: >> Loading Ranks...    

[Print][Wed Sep 22 17:11:56 2021]: > Done in 0.00 seconds    

[Print][Wed Sep 22 17:11:56 2021]: >> All done on Wed Sep 22 17:11:56 2021    

