[Print][Mon Oct 04 11:37:14 2021]: >> Cleaning players online status...    

[Print][Mon Oct 04 11:37:14 2021]: > Done in 0.12 seconds    

[Print][Mon Oct 04 11:37:14 2021]: >> Loading PvP Arenas...    

[Print][Mon Oct 04 11:37:14 2021]: > Done in 0.00 seconds    

[Print][Mon Oct 04 11:37:14 2021]: >> Loading Caught Highscores...    

[Print][Mon Oct 04 11:37:14 2021]: > Done in 0.00 seconds    

[Print][Mon Oct 04 11:37:14 2021]: >> Loading Tournament Highscores...    

[Print][Mon Oct 04 11:37:14 2021]: > Done in 0.00 seconds    

[Print][Mon Oct 04 11:37:14 2021]: >> Loading Berry Trees...    

[Print][Mon Oct 04 11:37:14 2021]: > Done in 0.04 seconds    

[Print][Mon Oct 04 11:37:14 2021]: >> Cleaning Mastery Dungeons...    

[Print][Mon Oct 04 11:37:14 2021]: > Done in 0.00 seconds    

[Print][Mon Oct 04 11:37:14 2021]: >> Loading Bosses...    

[Print][Mon Oct 04 11:37:14 2021]: >> Scheduled Boss Spawn: Winged Wisdom in 13 hours, 6 minutes and 17 seconds    

[Print][Mon Oct 04 11:37:14 2021]: > Done in 0.01 seconds    

[Print][Mon Oct 04 11:37:14 2021]: >> Loading Highscores...    

[Print][Mon Oct 04 11:37:14 2021]: > Done in 0.00 seconds    

[Print][Mon Oct 04 11:37:15 2021]: >> Loading Ball Pillars...    

[Print][Mon Oct 04 11:37:15 2021]: > Done in 0.02 seconds    

[Print][Mon Oct 04 11:37:15 2021]: >> Loading Citizens...    

[Print][Mon Oct 04 11:37:15 2021]: > Done in 0.64 seconds    

[Print][Mon Oct 04 11:37:15 2021]: >> Loading Ranks...    

[Print][Mon Oct 04 11:37:15 2021]: > Done in 0.00 seconds    

[Print][Mon Oct 04 11:37:15 2021]: >> All done on Mon Oct 04 11:37:15 2021    

[Print][Mon Oct 04 19:36:08 2021]: >> Cleaning players online status...    

[Print][Mon Oct 04 19:36:08 2021]: > Done in 0.08 seconds    

[Print][Mon Oct 04 19:36:08 2021]: >> Loading PvP Arenas...    

[Print][Mon Oct 04 19:36:08 2021]: > Done in 0.00 seconds    

[Print][Mon Oct 04 19:36:08 2021]: >> Loading Caught Highscores...    

[Print][Mon Oct 04 19:36:08 2021]: > Done in 0.03 seconds    

[Print][Mon Oct 04 19:36:08 2021]: >> Loading Tournament Highscores...    

[Print][Mon Oct 04 19:36:08 2021]: > Done in 0.00 seconds    

[Print][Mon Oct 04 19:36:08 2021]: >> Loading Berry Trees...    

[Print][Mon Oct 04 19:36:08 2021]: > Done in 0.06 seconds    

[Print][Mon Oct 04 19:36:08 2021]: >> Cleaning Mastery Dungeons...    

[Print][Mon Oct 04 19:36:08 2021]: > Done in 0.00 seconds    

[Print][Mon Oct 04 19:36:08 2021]: >> Loading Bosses...    

[Print][Mon Oct 04 19:36:08 2021]: >> Scheduled Boss Spawn: Grisly Mind in 10 hours, 35 minutes and 2 seconds    

[Print][Mon Oct 04 19:36:08 2021]: > Done in 0.01 seconds    

[Print][Mon Oct 04 19:36:08 2021]: >> Loading Highscores...    

[Print][Mon Oct 04 19:36:08 2021]: > Done in 0.02 seconds    

[Print][Mon Oct 04 19:36:09 2021]: >> Loading Ball Pillars...    

[Print][Mon Oct 04 19:36:09 2021]: > Done in 0.02 seconds    

[Print][Mon Oct 04 19:36:09 2021]: >> Loading Citizens...    

[Print][Mon Oct 04 19:36:09 2021]: > Done in 0.54 seconds    

[Print][Mon Oct 04 19:36:09 2021]: >> Loading Ranks...    

[Print][Mon Oct 04 19:36:09 2021]: > Done in 0.00 seconds    

[Print][Mon Oct 04 19:36:09 2021]: >> All done on Mon Oct 04 19:36:09 2021    

