[Print][Fri Oct 08 10:47:47 2021]: >> Cleaning players online status...    

[Print][Fri Oct 08 10:47:47 2021]: > Done in 0.03 seconds    

[Print][Fri Oct 08 10:47:47 2021]: >> Loading PvP Arenas...    

[Print][Fri Oct 08 10:47:48 2021]: > Done in 0.00 seconds    

[Print][Fri Oct 08 10:47:48 2021]: >> Loading Caught Highscores...    

[Print][Fri Oct 08 10:47:48 2021]: > Done in 0.00 seconds    

[Print][Fri Oct 08 10:47:48 2021]: >> Loading Tournament Highscores...    

[Print][Fri Oct 08 10:47:48 2021]: > Done in 0.00 seconds    

[Print][Fri Oct 08 10:47:48 2021]: >> Loading Berry Trees...    

[Print][Fri Oct 08 10:47:48 2021]: > Done in 0.04 seconds    

[Print][Fri Oct 08 10:47:48 2021]: >> Cleaning Mastery Dungeons...    

[Print][Fri Oct 08 10:47:48 2021]: > Done in 0.00 seconds    

[Print][Fri Oct 08 10:47:48 2021]: >> Loading Bosses...    

[Print][Fri Oct 08 10:47:48 2021]: >> Scheduled Boss Spawn: The Turbo in 9 hours, 40 minutes and 16 seconds    

[Print][Fri Oct 08 10:47:48 2021]: > Done in 0.00 seconds    

[Print][Fri Oct 08 10:47:48 2021]: >> Loading Highscores...    

[Print][Fri Oct 08 10:47:48 2021]: > Done in 0.00 seconds    

[Print][Fri Oct 08 10:47:48 2021]: >> Loading Ball Pillars...    

[Print][Fri Oct 08 10:47:48 2021]: > Done in 0.02 seconds    

[Print][Fri Oct 08 10:47:48 2021]: >> Loading Citizens...    

[Print][Fri Oct 08 10:47:48 2021]: > Done in 0.53 seconds    

[Print][Fri Oct 08 10:47:48 2021]: >> Loading Ranks...    

[Print][Fri Oct 08 10:47:48 2021]: > Done in 0.00 seconds    

[Print][Fri Oct 08 10:47:48 2021]: >> All done on Fri Oct 08 10:47:48 2021    

