[Print][Sun Sep 05 10:02:49 2021]: >> Cleaning players online status...    

[Print][Sun Sep 05 10:02:49 2021]: > Done in 0.04 seconds    

[Print][Sun Sep 05 10:02:49 2021]: >> Loading PvP Arenas...    

[Print][Sun Sep 05 10:02:49 2021]: > Done in 0.00 seconds    

[Print][Sun Sep 05 10:02:49 2021]: >> Loading Caught Highscores...    

[Print][Sun Sep 05 10:02:49 2021]: > Done in 0.01 seconds    

[Print][Sun Sep 05 10:02:49 2021]: >> Loading Tournament Highscores...    

[Print][Sun Sep 05 10:02:49 2021]: > Done in 0.00 seconds    

[Print][Sun Sep 05 10:02:49 2021]: >> Loading Berry Trees...    

[Print][Sun Sep 05 10:02:49 2021]: > Done in 0.01 seconds    

[Print][Sun Sep 05 10:02:49 2021]: >> Cleaning Mastery Dungeons...    

[Print][Sun Sep 05 10:02:49 2021]: > Done in 0.00 seconds    

[Print][Sun Sep 05 10:02:49 2021]: >> Loading Bosses...    

[Print][Sun Sep 05 10:02:49 2021]: >> Scheduled Boss Spawn: Grisly Mind in 15 hours, 32 minutes and 37 seconds    

[Print][Sun Sep 05 10:02:49 2021]: > Done in 0.00 seconds    

[Print][Sun Sep 05 10:02:49 2021]: >> Loading Highscores...    

[Print][Sun Sep 05 10:02:49 2021]: > Done in 0.00 seconds    

[Print][Sun Sep 05 10:02:49 2021]: >> Loading Ball Pillars...    

[Print][Sun Sep 05 10:02:49 2021]: > Done in 0.09 seconds    

[Print][Sun Sep 05 10:02:49 2021]: >> Loading Citizens...    

[Print][Sun Sep 05 10:02:49 2021]: > Done in 0.41 seconds    

[Print][Sun Sep 05 10:02:49 2021]: >> Loading Ranks...    

[Print][Sun Sep 05 10:02:49 2021]: > Done in 0.00 seconds    

[Print][Sun Sep 05 10:02:49 2021]: >> All done on Sun Sep 05 10:02:49 2021    

[Print][Sun Sep 05 12:34:01 2021]: >> Cleaning players online status...    

[Print][Sun Sep 05 12:34:01 2021]: > Done in 0.03 seconds    

[Print][Sun Sep 05 12:34:01 2021]: >> Loading PvP Arenas...    

[Print][Sun Sep 05 12:34:01 2021]: > Done in 0.00 seconds    

[Print][Sun Sep 05 12:34:01 2021]: >> Loading Caught Highscores...    

[Print][Sun Sep 05 12:34:01 2021]: > Done in 0.01 seconds    

[Print][Sun Sep 05 12:34:01 2021]: >> Loading Tournament Highscores...    

[Print][Sun Sep 05 12:34:01 2021]: > Done in 0.00 seconds    

[Print][Sun Sep 05 12:34:01 2021]: >> Loading Berry Trees...    

[Print][Sun Sep 05 12:34:01 2021]: > Done in 0.04 seconds    

[Print][Sun Sep 05 12:34:01 2021]: >> Cleaning Mastery Dungeons...    

[Print][Sun Sep 05 12:34:01 2021]: > Done in 0.00 seconds    

[Print][Sun Sep 05 12:34:01 2021]: >> Loading Bosses...    

[Print][Sun Sep 05 12:34:01 2021]: >> Scheduled Boss Spawn: Blastertoise in 10 hours, 30 minutes and 16 seconds    

[Print][Sun Sep 05 12:34:01 2021]: > Done in 0.00 seconds    

[Print][Sun Sep 05 12:34:01 2021]: >> Loading Highscores...    

[Print][Sun Sep 05 12:34:01 2021]: > Done in 0.01 seconds    

[Print][Sun Sep 05 12:34:01 2021]: >> Loading Ball Pillars...    

[Print][Sun Sep 05 12:34:01 2021]: > Done in 0.02 seconds    

[Print][Sun Sep 05 12:34:01 2021]: >> Loading Citizens...    

[Print][Sun Sep 05 12:34:02 2021]: > Done in 0.45 seconds    

[Print][Sun Sep 05 12:34:02 2021]: >> Loading Ranks...    

[Print][Sun Sep 05 12:34:02 2021]: > Done in 0.00 seconds    

[Print][Sun Sep 05 12:34:02 2021]: >> All done on Sun Sep 05 12:34:02 2021    

[Print][Sun Sep 05 17:12:10 2021]: Você n tem vip    

[Print][Sun Sep 05 17:12:16 2021]: Você n tem vip    

[Print][Sun Sep 05 17:12:17 2021]: Você n tem vip    

[Print][Sun Sep 05 17:12:17 2021]: Você n tem vip    

[Print][Sun Sep 05 20:20:55 2021]: >> Cleaning players online status...    

[Print][Sun Sep 05 20:20:55 2021]: > Done in 0.03 seconds    

[Print][Sun Sep 05 20:20:55 2021]: >> Loading PvP Arenas...    

[Print][Sun Sep 05 20:20:55 2021]: > Done in 0.00 seconds    

[Print][Sun Sep 05 20:20:55 2021]: >> Loading Caught Highscores...    

[Print][Sun Sep 05 20:20:55 2021]: > Done in 0.04 seconds    

[Print][Sun Sep 05 20:20:55 2021]: >> Loading Tournament Highscores...    

[Print][Sun Sep 05 20:20:55 2021]: > Done in 0.00 seconds    

[Print][Sun Sep 05 20:20:55 2021]: >> Loading Berry Trees...    

[Print][Sun Sep 05 20:20:55 2021]: > Done in 0.07 seconds    

[Print][Sun Sep 05 20:20:55 2021]: >> Cleaning Mastery Dungeons...    

[Print][Sun Sep 05 20:20:55 2021]: > Done in 0.00 seconds    

[Print][Sun Sep 05 20:20:55 2021]: >> Loading Bosses...    

[Print][Sun Sep 05 20:20:55 2021]: >> Scheduled Boss Spawn: DoomBoy in 6 hours, 38 minutes and 32 seconds    

[Print][Sun Sep 05 20:20:55 2021]: > Done in 0.00 seconds    

[Print][Sun Sep 05 20:20:55 2021]: >> Loading Highscores...    

[Print][Sun Sep 05 20:20:55 2021]: > Done in 0.00 seconds    

[Print][Sun Sep 05 20:20:56 2021]: >> Loading Ball Pillars...    

[Print][Sun Sep 05 20:20:56 2021]: > Done in 0.01 seconds    

[Print][Sun Sep 05 20:20:56 2021]: >> Loading Citizens...    

[Print][Sun Sep 05 20:20:56 2021]: > Done in 0.44 seconds    

[Print][Sun Sep 05 20:20:56 2021]: >> Loading Ranks...    

[Print][Sun Sep 05 20:20:56 2021]: > Done in 0.00 seconds    

[Print][Sun Sep 05 20:20:56 2021]: >> All done on Sun Sep 05 20:20:56 2021    

[Print][Sun Sep 05 22:51:45 2021]: Você n tem vip    

[Print][Sun Sep 05 22:51:46 2021]: Você n tem vip    

[Print][Sun Sep 05 22:51:47 2021]: Você n tem vip    

[Print][Sun Sep 05 22:52:28 2021]: Você n tem vip    

[Print][Sun Sep 05 22:52:36 2021]: Você n tem vip    

[Print][Sun Sep 05 22:53:28 2021]: Você n tem vip    

[Print][Sun Sep 05 22:56:19 2021]: Você n tem vip    

[Print][Sun Sep 05 22:56:55 2021]: Você n tem vip    

[Print][Sun Sep 05 22:57:01 2021]: Você n tem vip    

[Print][Sun Sep 05 22:57:27 2021]: Você n tem vip    

[Print][Sun Sep 05 22:57:42 2021]: Você n tem vip    

[Print][Sun Sep 05 22:57:58 2021]: Você n tem vip    

[Print][Sun Sep 05 22:58:02 2021]: Você n tem vip    

[Print][Sun Sep 05 23:26:51 2021]: Você n tem o passe    

