[Print][Thu Sep 16 12:21:32 2021]: >> Cleaning players online status...    

[Print][Thu Sep 16 12:21:33 2021]: > Done in 0.03 seconds    

[Print][Thu Sep 16 12:21:33 2021]: >> Loading PvP Arenas...    

[Print][Thu Sep 16 12:21:33 2021]: > Done in 0.00 seconds    

[Print][Thu Sep 16 12:21:33 2021]: >> Loading Caught Highscores...    

[Print][Thu Sep 16 12:21:33 2021]: > Done in 0.00 seconds    

[Print][Thu Sep 16 12:21:33 2021]: >> Loading Tournament Highscores...    

[Print][Thu Sep 16 12:21:33 2021]: > Done in 0.00 seconds    

[Print][Thu Sep 16 12:21:33 2021]: >> Loading Berry Trees...    

[Print][Thu Sep 16 12:21:33 2021]: > Done in 0.03 seconds    

[Print][Thu Sep 16 12:21:33 2021]: >> Cleaning Mastery Dungeons...    

[Print][Thu Sep 16 12:21:33 2021]: > Done in 0.00 seconds    

[Print][Thu Sep 16 12:21:33 2021]: >> Loading Bosses...    

[Print][Thu Sep 16 12:21:33 2021]: >> Scheduled Boss Spawn: The Turbo in 6 hours, 43 minutes and 25 seconds    

[Print][Thu Sep 16 12:21:33 2021]: > Done in 0.00 seconds    

[Print][Thu Sep 16 12:21:33 2021]: >> Loading Highscores...    

[Print][Thu Sep 16 12:21:33 2021]: > Done in 0.00 seconds    

[Print][Thu Sep 16 12:21:33 2021]: >> Loading Ball Pillars...    

[Print][Thu Sep 16 12:21:33 2021]: > Done in 0.02 seconds    

[Print][Thu Sep 16 12:21:33 2021]: >> Loading Citizens...    

[Print][Thu Sep 16 12:21:33 2021]: > Done in 0.43 seconds    

[Print][Thu Sep 16 12:21:33 2021]: >> Loading Ranks...    

[Print][Thu Sep 16 12:21:33 2021]: > Done in 0.00 seconds    

[Print][Thu Sep 16 12:21:33 2021]: >> All done on Thu Sep 16 12:21:33 2021    

[Print][Thu Sep 16 13:14:28 2021]: >> Cleaning players online status...    

[Print][Thu Sep 16 13:14:28 2021]: > Done in 0.02 seconds    

[Print][Thu Sep 16 13:14:28 2021]: >> Loading PvP Arenas...    

[Print][Thu Sep 16 13:14:28 2021]: > Done in 0.00 seconds    

[Print][Thu Sep 16 13:14:28 2021]: >> Loading Caught Highscores...    

[Print][Thu Sep 16 13:14:28 2021]: > Done in 0.00 seconds    

[Print][Thu Sep 16 13:14:28 2021]: >> Loading Tournament Highscores...    

[Print][Thu Sep 16 13:14:28 2021]: > Done in 0.00 seconds    

[Print][Thu Sep 16 13:14:28 2021]: >> Loading Berry Trees...    

[Print][Thu Sep 16 13:14:28 2021]: > Done in 0.01 seconds    

[Print][Thu Sep 16 13:14:28 2021]: >> Cleaning Mastery Dungeons...    

[Print][Thu Sep 16 13:14:28 2021]: > Done in 0.00 seconds    

[Print][Thu Sep 16 13:14:28 2021]: >> Loading Bosses...    

[Print][Thu Sep 16 13:14:28 2021]: >> Scheduled Boss Spawn: DoomBoy in 11 hours, 41 minutes and 13 seconds    

[Print][Thu Sep 16 13:14:28 2021]: > Done in 0.01 seconds    

[Print][Thu Sep 16 13:14:28 2021]: >> Loading Highscores...    

[Print][Thu Sep 16 13:14:28 2021]: > Done in 0.00 seconds    

[Print][Thu Sep 16 13:14:28 2021]: >> Loading Ball Pillars...    

[Print][Thu Sep 16 13:14:28 2021]: > Done in 0.01 seconds    

[Print][Thu Sep 16 13:14:28 2021]: >> Loading Citizens...    

[Print][Thu Sep 16 13:14:28 2021]: > Done in 0.49 seconds    

[Print][Thu Sep 16 13:14:28 2021]: >> Loading Ranks...    

[Print][Thu Sep 16 13:14:28 2021]: > Done in 0.00 seconds    

[Print][Thu Sep 16 13:14:28 2021]: >> All done on Thu Sep 16 13:14:28 2021    

[Print][Thu Sep 16 15:08:59 2021]: >> Cleaning players online status...    

[Print][Thu Sep 16 15:08:59 2021]: > Done in 0.03 seconds    

[Print][Thu Sep 16 15:08:59 2021]: >> Loading PvP Arenas...    

[Print][Thu Sep 16 15:08:59 2021]: > Done in 0.00 seconds    

[Print][Thu Sep 16 15:08:59 2021]: >> Loading Caught Highscores...    

[Print][Thu Sep 16 15:08:59 2021]: > Done in 0.00 seconds    

[Print][Thu Sep 16 15:08:59 2021]: >> Loading Tournament Highscores...    

[Print][Thu Sep 16 15:08:59 2021]: > Done in 0.00 seconds    

[Print][Thu Sep 16 15:08:59 2021]: >> Loading Berry Trees...    

[Print][Thu Sep 16 15:08:59 2021]: > Done in 0.02 seconds    

[Print][Thu Sep 16 15:08:59 2021]: >> Cleaning Mastery Dungeons...    

[Print][Thu Sep 16 15:08:59 2021]: > Done in 0.00 seconds    

[Print][Thu Sep 16 15:08:59 2021]: >> Loading Bosses...    

[Print][Thu Sep 16 15:08:59 2021]: >> Scheduled Boss Spawn: Winged Wisdom in 6 hours, 48 minutes and 1 second    

[Print][Thu Sep 16 15:08:59 2021]: > Done in 0.01 seconds    

[Print][Thu Sep 16 15:08:59 2021]: >> Loading Highscores...    

[Print][Thu Sep 16 15:08:59 2021]: > Done in 0.00 seconds    

[Print][Thu Sep 16 15:08:59 2021]: >> Loading Ball Pillars...    

[Print][Thu Sep 16 15:08:59 2021]: > Done in 0.01 seconds    

[Print][Thu Sep 16 15:08:59 2021]: >> Loading Citizens...    

[Print][Thu Sep 16 15:09:00 2021]: > Done in 0.53 seconds    

[Print][Thu Sep 16 15:09:00 2021]: >> Loading Ranks...    

[Print][Thu Sep 16 15:09:00 2021]: > Done in 0.00 seconds    

[Print][Thu Sep 16 15:09:00 2021]: >> All done on Thu Sep 16 15:09:00 2021    

