[Print][Sat Sep 04 08:35:01 2021]: >> Cleaning players online status...    

[Print][Sat Sep 04 08:35:01 2021]: > Done in 0.01 seconds    

[Print][Sat Sep 04 08:35:01 2021]: >> Loading PvP Arenas...    

[Print][Sat Sep 04 08:35:01 2021]: > Done in 0.00 seconds    

[Print][Sat Sep 04 08:35:01 2021]: >> Loading Caught Highscores...    

[Print][Sat Sep 04 08:35:01 2021]: > Done in 0.00 seconds    

[Print][Sat Sep 04 08:35:01 2021]: >> Loading Tournament Highscores...    

[Print][Sat Sep 04 08:35:01 2021]: > Done in 0.01 seconds    

[Print][Sat Sep 04 08:35:01 2021]: >> Loading Berry Trees...    

[Print][Sat Sep 04 08:35:01 2021]: > Done in 0.05 seconds    

[Print][Sat Sep 04 08:35:01 2021]: >> Cleaning Mastery Dungeons...    

[Print][Sat Sep 04 08:35:01 2021]: > Done in 0.00 seconds    

[Print][Sat Sep 04 08:35:01 2021]: >> Loading Bosses...    

[Print][Sat Sep 04 08:35:01 2021]: >> Scheduled Boss Spawn: DoomBoy in 6 hours, 10 minutes and 10 seconds    

[Print][Sat Sep 04 08:35:01 2021]: > Done in 0.00 seconds    

[Print][Sat Sep 04 08:35:01 2021]: >> Loading Highscores...    

[Print][Sat Sep 04 08:35:01 2021]: > Done in 0.00 seconds    

[Print][Sat Sep 04 08:35:01 2021]: >> Loading Ball Pillars...    

[Print][Sat Sep 04 08:35:01 2021]: > Done in 0.04 seconds    

[Print][Sat Sep 04 08:35:01 2021]: >> Loading Citizens...    

[Print][Sat Sep 04 08:35:02 2021]: > Done in 0.72 seconds    

[Print][Sat Sep 04 08:35:02 2021]: >> Loading Ranks...    

[Print][Sat Sep 04 08:35:02 2021]: > Done in 0.00 seconds    

[Print][Sat Sep 04 08:35:02 2021]: >> All done on Sat Sep 04 08:35:02 2021    

[Print][Sat Sep 04 15:53:12 2021]: >> Cleaning players online status...    

[Print][Sat Sep 04 15:53:12 2021]: > Done in 0.04 seconds    

[Print][Sat Sep 04 15:53:12 2021]: >> Loading PvP Arenas...    

[Print][Sat Sep 04 15:53:12 2021]: > Done in 0.00 seconds    

[Print][Sat Sep 04 15:53:12 2021]: >> Loading Caught Highscores...    

[Print][Sat Sep 04 15:53:12 2021]: > Done in 0.00 seconds    

[Print][Sat Sep 04 15:53:12 2021]: >> Loading Tournament Highscores...    

[Print][Sat Sep 04 15:53:12 2021]: > Done in 0.00 seconds    

[Print][Sat Sep 04 15:53:12 2021]: >> Loading Berry Trees...    

[Print][Sat Sep 04 15:53:12 2021]: > Done in 0.04 seconds    

[Print][Sat Sep 04 15:53:12 2021]: >> Cleaning Mastery Dungeons...    

[Print][Sat Sep 04 15:53:12 2021]: > Done in 0.00 seconds    

[Print][Sat Sep 04 15:53:12 2021]: >> Loading Bosses...    

[Print][Sat Sep 04 15:53:12 2021]: >> Scheduled Boss Spawn: Phyllo Terribil in 8 hours, 46 minutes and 13 seconds    

[Print][Sat Sep 04 15:53:12 2021]: > Done in 0.00 seconds    

[Print][Sat Sep 04 15:53:12 2021]: >> Loading Highscores...    

[Print][Sat Sep 04 15:53:12 2021]: > Done in 0.00 seconds    

[Print][Sat Sep 04 15:53:12 2021]: >> Loading Ball Pillars...    

[Print][Sat Sep 04 15:53:12 2021]: > Done in 0.01 seconds    

[Print][Sat Sep 04 15:53:12 2021]: >> Loading Citizens...    

[Print][Sat Sep 04 15:53:12 2021]: > Done in 0.37 seconds    

[Print][Sat Sep 04 15:53:12 2021]: >> Loading Ranks...    

[Print][Sat Sep 04 15:53:12 2021]: > Done in 0.00 seconds    

[Print][Sat Sep 04 15:53:12 2021]: >> All done on Sat Sep 04 15:53:12 2021    

[Print][Sat Sep 04 22:46:41 2021]: >> Cleaning players online status...    

[Print][Sat Sep 04 22:46:41 2021]: > Done in 0.03 seconds    

[Print][Sat Sep 04 22:46:41 2021]: >> Loading PvP Arenas...    

[Print][Sat Sep 04 22:46:41 2021]: > Done in 0.00 seconds    

[Print][Sat Sep 04 22:46:41 2021]: >> Loading Caught Highscores...    

[Print][Sat Sep 04 22:46:41 2021]: > Done in 0.01 seconds    

[Print][Sat Sep 04 22:46:41 2021]: >> Loading Tournament Highscores...    

[Print][Sat Sep 04 22:46:41 2021]: > Done in 0.00 seconds    

[Print][Sat Sep 04 22:46:41 2021]: >> Loading Berry Trees...    

[Print][Sat Sep 04 22:46:41 2021]: > Done in 0.04 seconds    

[Print][Sat Sep 04 22:46:41 2021]: >> Cleaning Mastery Dungeons...    

[Print][Sat Sep 04 22:46:41 2021]: > Done in 0.00 seconds    

[Print][Sat Sep 04 22:46:41 2021]: >> Loading Bosses...    

[Print][Sat Sep 04 22:46:41 2021]: >> Scheduled Boss Spawn: Flesh'n Fire in 9 hours, 38 minutes and 52 seconds    

[Print][Sat Sep 04 22:46:41 2021]: > Done in 0.01 seconds    

[Print][Sat Sep 04 22:46:41 2021]: >> Loading Highscores...    

[Print][Sat Sep 04 22:46:41 2021]: > Done in 0.00 seconds    

[Print][Sat Sep 04 22:46:41 2021]: >> Loading Ball Pillars...    

[Print][Sat Sep 04 22:46:41 2021]: > Done in 0.02 seconds    

[Print][Sat Sep 04 22:46:41 2021]: >> Loading Citizens...    

[Print][Sat Sep 04 22:46:42 2021]: > Done in 0.47 seconds    

[Print][Sat Sep 04 22:46:42 2021]: >> Loading Ranks...    

[Print][Sat Sep 04 22:46:42 2021]: > Done in 0.00 seconds    

[Print][Sat Sep 04 22:46:42 2021]: >> All done on Sat Sep 04 22:46:42 2021    

