[Print][Thu Oct 28 00:58:07 2021]: 3    1    1    1    

[Print][Thu Oct 28 00:58:14 2021]: 3    1    1    1    

[Print][Thu Oct 28 00:58:18 2021]: 3    1    1    1    

[Print][Thu Oct 28 12:41:14 2021]: >> Cleaning players online status...    

[Print][Thu Oct 28 12:41:14 2021]: > Done in 0.03 seconds    

[Print][Thu Oct 28 12:41:14 2021]: >> Loading PvP Arenas...    

[Print][Thu Oct 28 12:41:14 2021]: > Done in 0.00 seconds    

[Print][Thu Oct 28 12:41:14 2021]: >> Loading Caught Highscores...    

[Print][Thu Oct 28 12:41:14 2021]: > Done in 0.00 seconds    

[Print][Thu Oct 28 12:41:14 2021]: >> Loading Tournament Highscores...    

[Print][Thu Oct 28 12:41:14 2021]: > Done in 0.01 seconds    

[Print][Thu Oct 28 12:41:14 2021]: >> Loading Berry Trees...    

[Print][Thu Oct 28 12:41:14 2021]: > Done in 0.03 seconds    

[Print][Thu Oct 28 12:41:14 2021]: >> Cleaning Mastery Dungeons...    

[Print][Thu Oct 28 12:41:14 2021]: > Done in 0.00 seconds    

[Print][Thu Oct 28 12:41:14 2021]: >> Loading Bosses...    

[Print][Thu Oct 28 12:41:14 2021]: >> Scheduled Boss Spawn: Toby in 12 hours and 56 minutes    

[Print][Thu Oct 28 12:41:14 2021]: > Done in 0.01 seconds    

[Print][Thu Oct 28 12:41:14 2021]: >> Loading Highscores...    

[Print][Thu Oct 28 12:41:14 2021]: > Done in 0.00 seconds    

[Print][Thu Oct 28 12:41:15 2021]: >> Loading Ball Pillars...    

[Print][Thu Oct 28 12:41:15 2021]: > Done in 0.01 seconds    

[Print][Thu Oct 28 12:41:15 2021]: >> Loading Citizens...    

[Print][Thu Oct 28 12:41:15 2021]: > Done in 0.60 seconds    

[Print][Thu Oct 28 12:41:15 2021]: >> Loading Ranks...    

[Print][Thu Oct 28 12:41:15 2021]: > Done in 0.00 seconds    

[Print][Thu Oct 28 12:41:15 2021]: >> All done on Thu Oct 28 12:41:15 2021    

