[Print][Fri Sep 24 18:11:56 2021]: >> Cleaning players online status...    

[Print][Fri Sep 24 18:11:56 2021]: > Done in 0.03 seconds    

[Print][Fri Sep 24 18:11:56 2021]: >> Loading PvP Arenas...    

[Print][Fri Sep 24 18:11:56 2021]: > Done in 0.02 seconds    

[Print][Fri Sep 24 18:11:56 2021]: >> Loading Caught Highscores...    

[Print][Fri Sep 24 18:11:56 2021]: > Done in 0.00 seconds    

[Print][Fri Sep 24 18:11:56 2021]: >> Loading Tournament Highscores...    

[Print][Fri Sep 24 18:11:56 2021]: > Done in 0.00 seconds    

[Print][Fri Sep 24 18:11:56 2021]: >> Loading Berry Trees...    

[Print][Fri Sep 24 18:11:56 2021]: > Done in 0.09 seconds    

[Print][Fri Sep 24 18:11:56 2021]: >> Cleaning Mastery Dungeons...    

[Print][Fri Sep 24 18:11:56 2021]: > Done in 0.00 seconds    

[Print][Fri Sep 24 18:11:56 2021]: >> Loading Bosses...    

[Print][Fri Sep 24 18:11:56 2021]: >> Scheduled Boss Spawn: DoomBoy in 9 hours, 25 minutes and 59 seconds    

[Print][Fri Sep 24 18:11:56 2021]: > Done in 0.00 seconds    

[Print][Fri Sep 24 18:11:56 2021]: >> Loading Highscores...    

[Print][Fri Sep 24 18:11:56 2021]: > Done in 0.00 seconds    

[Print][Fri Sep 24 18:11:56 2021]: >> Loading Ball Pillars...    

[Print][Fri Sep 24 18:11:56 2021]: > Done in 0.02 seconds    

[Print][Fri Sep 24 18:11:56 2021]: >> Loading Citizens...    

[Print][Fri Sep 24 18:11:57 2021]: > Done in 0.55 seconds    

[Print][Fri Sep 24 18:11:57 2021]: >> Loading Ranks...    

[Print][Fri Sep 24 18:11:57 2021]: > Done in 0.00 seconds    

[Print][Fri Sep 24 18:11:57 2021]: >> All done on Fri Sep 24 18:11:57 2021    

[Print][Fri Sep 24 20:21:07 2021]: >> Cleaning players online status...    

[Print][Fri Sep 24 20:21:07 2021]: > Done in 0.20 seconds    

[Print][Fri Sep 24 20:21:07 2021]: >> Loading PvP Arenas...    

[Print][Fri Sep 24 20:21:07 2021]: > Done in 0.26 seconds    

[Print][Fri Sep 24 20:21:07 2021]: >> Loading Caught Highscores...    

[Print][Fri Sep 24 20:21:07 2021]: > Done in 0.00 seconds    

[Print][Fri Sep 24 20:21:07 2021]: >> Loading Tournament Highscores...    

[Print][Fri Sep 24 20:21:08 2021]: > Done in 0.05 seconds    

[Print][Fri Sep 24 20:21:08 2021]: >> Loading Berry Trees...    

[Print][Fri Sep 24 20:21:08 2021]: > Done in 0.14 seconds    

[Print][Fri Sep 24 20:21:08 2021]: >> Cleaning Mastery Dungeons...    

[Print][Fri Sep 24 20:21:08 2021]: > Done in 0.00 seconds    

[Print][Fri Sep 24 20:21:08 2021]: >> Loading Bosses...    

[Print][Fri Sep 24 20:21:08 2021]: >> Scheduled Boss Spawn: Mr. Gormandize in 12 hours, 10 minutes and 38 seconds    

[Print][Fri Sep 24 20:21:08 2021]: > Done in 0.00 seconds    

[Print][Fri Sep 24 20:21:08 2021]: >> Loading Highscores...    

[Print][Fri Sep 24 20:21:08 2021]: > Done in 0.00 seconds    

[Print][Fri Sep 24 20:21:08 2021]: >> Loading Ball Pillars...    

[Print][Fri Sep 24 20:21:08 2021]: > Done in 0.03 seconds    

[Print][Fri Sep 24 20:21:08 2021]: >> Loading Citizens...    

[Print][Fri Sep 24 20:21:11 2021]: > Done in 2.52 seconds    

[Print][Fri Sep 24 20:21:11 2021]: >> Loading Ranks...    

[Print][Fri Sep 24 20:21:11 2021]: > Done in 0.00 seconds    

[Print][Fri Sep 24 20:21:11 2021]: >> All done on Fri Sep 24 20:21:11 2021    

[Print][Fri Sep 24 22:03:20 2021]: >> Cleaning players online status...    

[Print][Fri Sep 24 22:03:20 2021]: > Done in 0.06 seconds    

[Print][Fri Sep 24 22:03:20 2021]: >> Loading PvP Arenas...    

[Print][Fri Sep 24 22:03:20 2021]: > Done in 0.00 seconds    

[Print][Fri Sep 24 22:03:20 2021]: >> Loading Caught Highscores...    

[Print][Fri Sep 24 22:03:20 2021]: > Done in 0.22 seconds    

[Print][Fri Sep 24 22:03:20 2021]: >> Loading Tournament Highscores...    

[Print][Fri Sep 24 22:03:20 2021]: > Done in 0.00 seconds    

[Print][Fri Sep 24 22:03:20 2021]: >> Loading Berry Trees...    

[Print][Fri Sep 24 22:03:21 2021]: > Done in 0.08 seconds    

[Print][Fri Sep 24 22:03:21 2021]: >> Cleaning Mastery Dungeons...    

[Print][Fri Sep 24 22:03:21 2021]: > Done in 0.00 seconds    

[Print][Fri Sep 24 22:03:21 2021]: >> Loading Bosses...    

[Print][Fri Sep 24 22:03:21 2021]: >> Scheduled Boss Spawn: Mr. Gormandize in 15 hours, 13 minutes and 41 seconds    

[Print][Fri Sep 24 22:03:21 2021]: > Done in 0.00 seconds    

[Print][Fri Sep 24 22:03:21 2021]: >> Loading Highscores...    

[Print][Fri Sep 24 22:03:21 2021]: > Done in 0.00 seconds    

[Print][Fri Sep 24 22:03:21 2021]: >> Loading Ball Pillars...    

[Print][Fri Sep 24 22:03:21 2021]: > Done in 0.01 seconds    

[Print][Fri Sep 24 22:03:21 2021]: >> Loading Citizens...    

[Print][Fri Sep 24 22:03:22 2021]: > Done in 0.89 seconds    

[Print][Fri Sep 24 22:03:22 2021]: >> Loading Ranks...    

[Print][Fri Sep 24 22:03:22 2021]: > Done in 0.00 seconds    

[Print][Fri Sep 24 22:03:22 2021]: >> All done on Fri Sep 24 22:03:22 2021    

