[Print][Sun Oct 03 01:20:29 2021]: >> Cleaning players online status...    

[Print][Sun Oct 03 01:20:29 2021]: > Done in 0.04 seconds    

[Print][Sun Oct 03 01:20:29 2021]: >> Loading PvP Arenas...    

[Print][Sun Oct 03 01:20:29 2021]: > Done in 0.00 seconds    

[Print][Sun Oct 03 01:20:29 2021]: >> Loading Caught Highscores...    

[Print][Sun Oct 03 01:20:29 2021]: > Done in 0.00 seconds    

[Print][Sun Oct 03 01:20:29 2021]: >> Loading Tournament Highscores...    

[Print][Sun Oct 03 01:20:29 2021]: > Done in 0.00 seconds    

[Print][Sun Oct 03 01:20:29 2021]: >> Loading Berry Trees...    

[Print][Sun Oct 03 01:20:29 2021]: > Done in 0.01 seconds    

[Print][Sun Oct 03 01:20:29 2021]: >> Cleaning Mastery Dungeons...    

[Print][Sun Oct 03 01:20:29 2021]: > Done in 0.00 seconds    

[Print][Sun Oct 03 01:20:29 2021]: >> Loading Bosses...    

[Print][Sun Oct 03 01:20:29 2021]: >> Scheduled Boss Spawn: Flesh'n Fire in 8 hours, 54 minutes and 55 seconds    

[Print][Sun Oct 03 01:20:29 2021]: > Done in 0.01 seconds    

[Print][Sun Oct 03 01:20:29 2021]: >> Loading Highscores...    

[Print][Sun Oct 03 01:20:29 2021]: > Done in 0.00 seconds    

[Print][Sun Oct 03 01:20:29 2021]: >> Loading Ball Pillars...    

[Print][Sun Oct 03 01:20:29 2021]: > Done in 0.00 seconds    

[Print][Sun Oct 03 01:20:29 2021]: >> Loading Citizens...    

[Print][Sun Oct 03 01:20:30 2021]: > Done in 0.58 seconds    

[Print][Sun Oct 03 01:20:30 2021]: >> Loading Ranks...    

[Print][Sun Oct 03 01:20:30 2021]: > Done in 0.00 seconds    

[Print][Sun Oct 03 01:20:30 2021]: >> All done on Sun Oct 03 01:20:30 2021    

[Print][Sun Oct 03 06:10:14 2021]: >> Cleaning players online status...    

[Print][Sun Oct 03 06:10:14 2021]: > Done in 0.04 seconds    

[Print][Sun Oct 03 06:10:14 2021]: >> Loading PvP Arenas...    

[Print][Sun Oct 03 06:10:14 2021]: > Done in 0.00 seconds    

[Print][Sun Oct 03 06:10:14 2021]: >> Loading Caught Highscores...    

[Print][Sun Oct 03 06:10:14 2021]: > Done in 0.01 seconds    

[Print][Sun Oct 03 06:10:14 2021]: >> Loading Tournament Highscores...    

[Print][Sun Oct 03 06:10:14 2021]: > Done in 0.00 seconds    

[Print][Sun Oct 03 06:10:14 2021]: >> Loading Berry Trees...    

[Print][Sun Oct 03 06:10:14 2021]: > Done in 0.01 seconds    

[Print][Sun Oct 03 06:10:14 2021]: >> Cleaning Mastery Dungeons...    

[Print][Sun Oct 03 06:10:14 2021]: > Done in 0.00 seconds    

[Print][Sun Oct 03 06:10:14 2021]: >> Loading Bosses...    

[Print][Sun Oct 03 06:10:14 2021]: >> Scheduled Boss Spawn: Blastertoise in 5 hours and 39 seconds    

[Print][Sun Oct 03 06:10:14 2021]: > Done in 0.01 seconds    

[Print][Sun Oct 03 06:10:14 2021]: >> Loading Highscores...    

[Print][Sun Oct 03 06:10:14 2021]: > Done in 0.00 seconds    

[Print][Sun Oct 03 06:10:14 2021]: >> Loading Ball Pillars...    

[Print][Sun Oct 03 06:10:14 2021]: > Done in 0.01 seconds    

[Print][Sun Oct 03 06:10:14 2021]: >> Loading Citizens...    

[Print][Sun Oct 03 06:10:15 2021]: > Done in 0.61 seconds    

[Print][Sun Oct 03 06:10:15 2021]: >> Loading Ranks...    

[Print][Sun Oct 03 06:10:15 2021]: > Done in 0.00 seconds    

[Print][Sun Oct 03 06:10:15 2021]: >> All done on Sun Oct 03 06:10:15 2021    

[Print][Sun Oct 03 20:31:18 2021]: >> Cleaning players online status...    

[Print][Sun Oct 03 20:31:18 2021]: > Done in 0.03 seconds    

[Print][Sun Oct 03 20:31:18 2021]: >> Loading PvP Arenas...    

[Print][Sun Oct 03 20:31:18 2021]: > Done in 0.00 seconds    

[Print][Sun Oct 03 20:31:18 2021]: >> Loading Caught Highscores...    

[Print][Sun Oct 03 20:31:18 2021]: > Done in 0.03 seconds    

[Print][Sun Oct 03 20:31:18 2021]: >> Loading Tournament Highscores...    

[Print][Sun Oct 03 20:31:18 2021]: > Done in 0.00 seconds    

[Print][Sun Oct 03 20:31:18 2021]: >> Loading Berry Trees...    

[Print][Sun Oct 03 20:31:18 2021]: > Done in 0.07 seconds    

[Print][Sun Oct 03 20:31:18 2021]: >> Cleaning Mastery Dungeons...    

[Print][Sun Oct 03 20:31:18 2021]: > Done in 0.00 seconds    

[Print][Sun Oct 03 20:31:18 2021]: >> Loading Bosses...    

[Print][Sun Oct 03 20:31:18 2021]: >> Scheduled Boss Spawn: Blastertoise in 10 hours, 20 minutes and 25 seconds    

[Print][Sun Oct 03 20:31:18 2021]: > Done in 0.00 seconds    

[Print][Sun Oct 03 20:31:18 2021]: >> Loading Highscores...    

[Print][Sun Oct 03 20:31:18 2021]: > Done in 0.00 seconds    

[Print][Sun Oct 03 20:31:18 2021]: >> Loading Ball Pillars...    

[Print][Sun Oct 03 20:31:18 2021]: > Done in 0.03 seconds    

[Print][Sun Oct 03 20:31:18 2021]: >> Loading Citizens...    

[Print][Sun Oct 03 20:31:19 2021]: > Done in 0.51 seconds    

[Print][Sun Oct 03 20:31:19 2021]: >> Loading Ranks...    

[Print][Sun Oct 03 20:31:19 2021]: > Done in 0.00 seconds    

[Print][Sun Oct 03 20:31:19 2021]: >> All done on Sun Oct 03 20:31:19 2021    

