[Print][Tue Aug 24 03:02:08 2021]: >> Cleaning players online status...    

[Print][Tue Aug 24 03:02:08 2021]: > Done in 0.05 seconds    

[Print][Tue Aug 24 03:02:08 2021]: >> Loading PvP Arenas...    

[Print][Tue Aug 24 03:02:08 2021]: > Done in 0.00 seconds    

[Print][Tue Aug 24 03:02:08 2021]: >> Loading Caught Highscores...    

[Print][Tue Aug 24 03:02:08 2021]: > Done in 0.00 seconds    

[Print][Tue Aug 24 03:02:08 2021]: >> Loading Tournament Highscores...    

[Print][Tue Aug 24 03:02:08 2021]: > Done in 0.00 seconds    

[Print][Tue Aug 24 03:02:08 2021]: >> Loading Berry Trees...    

[Print][Tue Aug 24 03:02:09 2021]: > Done in 0.17 seconds    

[Print][Tue Aug 24 03:02:09 2021]: >> Cleaning Mastery Dungeons...    

[Print][Tue Aug 24 03:02:09 2021]: > Done in 0.00 seconds    

[Print][Tue Aug 24 03:02:09 2021]: >> Loading Bosses...    

[Print][Tue Aug 24 03:02:09 2021]: >> Scheduled Boss Spawn: Blastertoise in 9 hours, 52 minutes and 8 seconds    

[Print][Tue Aug 24 03:02:09 2021]: > Done in 0.00 seconds    

[Print][Tue Aug 24 03:02:09 2021]: >> Loading Highscores...    

[Print][Tue Aug 24 03:02:09 2021]: > Done in 0.00 seconds    

[Print][Tue Aug 24 03:02:09 2021]: >> Loading Ball Pillars...    

[Print][Tue Aug 24 03:02:09 2021]: > Done in 0.00 seconds    

[Print][Tue Aug 24 03:02:09 2021]: >> Loading Citizens...    

[Print][Tue Aug 24 03:02:09 2021]: > Done in 0.36 seconds    

[Print][Tue Aug 24 03:02:09 2021]: >> Loading Ranks...    

[Print][Tue Aug 24 03:02:09 2021]: > Done in 0.00 seconds    

[Print][Tue Aug 24 03:02:09 2021]: >> All done on Tue Aug 24 03:02:09 2021    

[Print][Tue Aug 24 05:52:38 2021]: >> Cleaning players online status...    

[Print][Tue Aug 24 05:52:38 2021]: > Done in 0.06 seconds    

[Print][Tue Aug 24 05:52:38 2021]: >> Loading PvP Arenas...    

[Print][Tue Aug 24 05:52:38 2021]: > Done in 0.00 seconds    

[Print][Tue Aug 24 05:52:38 2021]: >> Loading Caught Highscores...    

[Print][Tue Aug 24 05:52:38 2021]: > Done in 0.00 seconds    

[Print][Tue Aug 24 05:52:38 2021]: >> Loading Tournament Highscores...    

[Print][Tue Aug 24 05:52:38 2021]: > Done in 0.00 seconds    

[Print][Tue Aug 24 05:52:38 2021]: >> Loading Berry Trees...    

[Print][Tue Aug 24 05:52:38 2021]: > Done in 0.02 seconds    

[Print][Tue Aug 24 05:52:38 2021]: >> Cleaning Mastery Dungeons...    

[Print][Tue Aug 24 05:52:38 2021]: > Done in 0.00 seconds    

[Print][Tue Aug 24 05:52:38 2021]: >> Loading Bosses...    

[Print][Tue Aug 24 05:52:38 2021]: >> Scheduled Boss Spawn: Toby in 6 hours, 37 minutes and 43 seconds    

[Print][Tue Aug 24 05:52:38 2021]: > Done in 0.01 seconds    

[Print][Tue Aug 24 05:52:38 2021]: >> Loading Highscores...    

[Print][Tue Aug 24 05:52:38 2021]: > Done in 0.00 seconds    

[Print][Tue Aug 24 05:52:38 2021]: >> Loading Ball Pillars...    

[Print][Tue Aug 24 05:52:38 2021]: > Done in 0.00 seconds    

[Print][Tue Aug 24 05:52:38 2021]: >> Loading Citizens...    

[Print][Tue Aug 24 05:52:39 2021]: > Done in 0.82 seconds    

[Print][Tue Aug 24 05:52:39 2021]: >> Loading Ranks...    

[Print][Tue Aug 24 05:52:39 2021]: > Done in 0.00 seconds    

[Print][Tue Aug 24 05:52:39 2021]: >> All done on Tue Aug 24 05:52:39 2021    

[Print][Tue Aug 24 06:50:50 2021]: >> Cleaning players online status...    

[Print][Tue Aug 24 06:50:50 2021]: > Done in 0.02 seconds    

[Print][Tue Aug 24 06:50:50 2021]: >> Loading PvP Arenas...    

[Print][Tue Aug 24 06:50:50 2021]: > Done in 0.00 seconds    

[Print][Tue Aug 24 06:50:50 2021]: >> Loading Caught Highscores...    

[Print][Tue Aug 24 06:50:50 2021]: > Done in 0.00 seconds    

[Print][Tue Aug 24 06:50:50 2021]: >> Loading Tournament Highscores...    

[Print][Tue Aug 24 06:50:50 2021]: > Done in 0.00 seconds    

[Print][Tue Aug 24 06:50:50 2021]: >> Loading Berry Trees...    

[Print][Tue Aug 24 06:50:50 2021]: > Done in 0.02 seconds    

[Print][Tue Aug 24 06:50:50 2021]: >> Cleaning Mastery Dungeons...    

[Print][Tue Aug 24 06:50:50 2021]: > Done in 0.00 seconds    

[Print][Tue Aug 24 06:50:50 2021]: >> Loading Bosses...    

[Print][Tue Aug 24 06:50:50 2021]: >> Scheduled Boss Spawn: Pink Fury in 12 hours, 32 minutes and 30 seconds    

[Print][Tue Aug 24 06:50:50 2021]: > Done in 0.00 seconds    

[Print][Tue Aug 24 06:50:50 2021]: >> Loading Highscores...    

[Print][Tue Aug 24 06:50:50 2021]: > Done in 0.00 seconds    

[Print][Tue Aug 24 06:50:50 2021]: >> Loading Ball Pillars...    

[Print][Tue Aug 24 06:50:50 2021]: > Done in 0.00 seconds    

[Print][Tue Aug 24 06:50:50 2021]: >> Loading Citizens...    

[Print][Tue Aug 24 06:50:51 2021]: > Done in 0.39 seconds    

[Print][Tue Aug 24 06:50:51 2021]: >> Loading Ranks...    

[Print][Tue Aug 24 06:50:51 2021]: > Done in 0.00 seconds    

[Print][Tue Aug 24 06:50:51 2021]: >> All done on Tue Aug 24 06:50:51 2021    

[Print][Tue Aug 24 10:46:33 2021]: >> Cleaning players online status...    

[Print][Tue Aug 24 10:46:33 2021]: > Done in 0.05 seconds    

[Print][Tue Aug 24 10:46:33 2021]: >> Loading PvP Arenas...    

[Print][Tue Aug 24 10:46:33 2021]: > Done in 0.01 seconds    

[Print][Tue Aug 24 10:46:33 2021]: >> Loading Caught Highscores...    

[Print][Tue Aug 24 10:46:34 2021]: > Done in 0.02 seconds    

[Print][Tue Aug 24 10:46:34 2021]: >> Loading Tournament Highscores...    

[Print][Tue Aug 24 10:46:34 2021]: > Done in 0.00 seconds    

[Print][Tue Aug 24 10:46:34 2021]: >> Loading Berry Trees...    

[Print][Tue Aug 24 10:46:34 2021]: > Done in 0.02 seconds    

[Print][Tue Aug 24 10:46:34 2021]: >> Cleaning Mastery Dungeons...    

[Print][Tue Aug 24 10:46:34 2021]: > Done in 0.00 seconds    

[Print][Tue Aug 24 10:46:34 2021]: >> Loading Bosses...    

[Print][Tue Aug 24 10:46:34 2021]: >> Scheduled Boss Spawn: Mr. Gormandize in 5 hours, 54 minutes and 15 seconds    

[Print][Tue Aug 24 10:46:34 2021]: > Done in 0.00 seconds    

[Print][Tue Aug 24 10:46:34 2021]: >> Loading Highscores...    

[Print][Tue Aug 24 10:46:34 2021]: > Done in 0.00 seconds    

[Print][Tue Aug 24 10:46:34 2021]: >> Loading Ball Pillars...    

[Print][Tue Aug 24 10:46:34 2021]: > Done in 0.00 seconds    

[Print][Tue Aug 24 10:46:34 2021]: >> Loading Citizens...    

[Print][Tue Aug 24 10:46:35 2021]: > Done in 0.94 seconds    

[Print][Tue Aug 24 10:46:35 2021]: >> Loading Ranks...    

[Print][Tue Aug 24 10:46:35 2021]: > Done in 0.00 seconds    

[Print][Tue Aug 24 10:46:35 2021]: >> All done on Tue Aug 24 10:46:35 2021    

[Print][Tue Aug 24 18:15:40 2021]: >> Cleaning players online status...    

[Print][Tue Aug 24 18:15:40 2021]: > Done in 0.04 seconds    

[Print][Tue Aug 24 18:15:40 2021]: >> Loading PvP Arenas...    

[Print][Tue Aug 24 18:15:40 2021]: > Done in 0.00 seconds    

[Print][Tue Aug 24 18:15:40 2021]: >> Loading Caught Highscores...    

[Print][Tue Aug 24 18:15:40 2021]: > Done in 0.04 seconds    

[Print][Tue Aug 24 18:15:40 2021]: >> Loading Tournament Highscores...    

[Print][Tue Aug 24 18:15:40 2021]: > Done in 0.00 seconds    

[Print][Tue Aug 24 18:15:40 2021]: >> Loading Berry Trees...    

[Print][Tue Aug 24 18:15:40 2021]: > Done in 0.05 seconds    

[Print][Tue Aug 24 18:15:40 2021]: >> Cleaning Mastery Dungeons...    

[Print][Tue Aug 24 18:15:40 2021]: > Done in 0.00 seconds    

[Print][Tue Aug 24 18:15:40 2021]: >> Loading Bosses...    

[Print][Tue Aug 24 18:15:40 2021]: >> Scheduled Boss Spawn: Sweet Lover in 10 hours, 43 minutes and 33 seconds    

[Print][Tue Aug 24 18:15:40 2021]: > Done in 0.01 seconds    

[Print][Tue Aug 24 18:15:40 2021]: >> Loading Highscores...    

[Print][Tue Aug 24 18:15:40 2021]: > Done in 0.00 seconds    

[Print][Tue Aug 24 18:15:40 2021]: >> Loading Ball Pillars...    

[Print][Tue Aug 24 18:15:40 2021]: > Done in 0.01 seconds    

[Print][Tue Aug 24 18:15:40 2021]: >> Loading Citizens...    

[Print][Tue Aug 24 18:15:40 2021]: > Done in 0.42 seconds    

[Print][Tue Aug 24 18:15:40 2021]: >> Loading Ranks...    

[Print][Tue Aug 24 18:15:40 2021]: > Done in 0.00 seconds    

[Print][Tue Aug 24 18:15:40 2021]: >> All done on Tue Aug 24 18:15:40 2021    

[Print][Tue Aug 24 21:08:55 2021]: >> Cleaning players online status...    

[Print][Tue Aug 24 21:08:55 2021]: > Done in 0.03 seconds    

[Print][Tue Aug 24 21:08:55 2021]: >> Loading PvP Arenas...    

[Print][Tue Aug 24 21:08:55 2021]: > Done in 0.00 seconds    

[Print][Tue Aug 24 21:08:55 2021]: >> Loading Caught Highscores...    

[Print][Tue Aug 24 21:08:55 2021]: > Done in 0.00 seconds    

[Print][Tue Aug 24 21:08:55 2021]: >> Loading Tournament Highscores...    

[Print][Tue Aug 24 21:08:55 2021]: > Done in 0.00 seconds    

[Print][Tue Aug 24 21:08:55 2021]: >> Loading Berry Trees...    

[Print][Tue Aug 24 21:08:55 2021]: > Done in 0.01 seconds    

[Print][Tue Aug 24 21:08:55 2021]: >> Cleaning Mastery Dungeons...    

[Print][Tue Aug 24 21:08:55 2021]: > Done in 0.00 seconds    

[Print][Tue Aug 24 21:08:55 2021]: >> Loading Bosses...    

[Print][Tue Aug 24 21:08:55 2021]: >> Scheduled Boss Spawn: The Turbo in 15 hours, 41 minutes and 24 seconds    

[Print][Tue Aug 24 21:08:55 2021]: > Done in 0.00 seconds    

[Print][Tue Aug 24 21:08:55 2021]: >> Loading Highscores...    

[Print][Tue Aug 24 21:08:55 2021]: > Done in 0.00 seconds    

[Print][Tue Aug 24 21:08:55 2021]: >> Loading Ball Pillars...    

[Print][Tue Aug 24 21:08:55 2021]: > Done in 0.01 seconds    

[Print][Tue Aug 24 21:08:55 2021]: >> Loading Citizens...    

[Print][Tue Aug 24 21:08:56 2021]: > Done in 0.38 seconds    

[Print][Tue Aug 24 21:08:56 2021]: >> Loading Ranks...    

[Print][Tue Aug 24 21:08:56 2021]: > Done in 0.00 seconds    

[Print][Tue Aug 24 21:08:56 2021]: >> All done on Tue Aug 24 21:08:56 2021    

[Print][Tue Aug 24 23:48:31 2021]: >> Cleaning players online status...    

[Print][Tue Aug 24 23:48:31 2021]: > Done in 0.04 seconds    

[Print][Tue Aug 24 23:48:31 2021]: >> Loading PvP Arenas...    

[Print][Tue Aug 24 23:48:31 2021]: > Done in 0.01 seconds    

[Print][Tue Aug 24 23:48:31 2021]: >> Loading Caught Highscores...    

[Print][Tue Aug 24 23:48:31 2021]: > Done in 0.01 seconds    

[Print][Tue Aug 24 23:48:31 2021]: >> Loading Tournament Highscores...    

[Print][Tue Aug 24 23:48:31 2021]: > Done in 0.00 seconds    

[Print][Tue Aug 24 23:48:31 2021]: >> Loading Berry Trees...    

[Print][Tue Aug 24 23:48:31 2021]: > Done in 0.02 seconds    

[Print][Tue Aug 24 23:48:31 2021]: >> Cleaning Mastery Dungeons...    

[Print][Tue Aug 24 23:48:31 2021]: > Done in 0.00 seconds    

[Print][Tue Aug 24 23:48:31 2021]: >> Loading Bosses...    

[Print][Tue Aug 24 23:48:31 2021]: >> Scheduled Boss Spawn: Winged Wisdom in 10 hours, 46 minutes and 59 seconds    

[Print][Tue Aug 24 23:48:31 2021]: > Done in 0.01 seconds    

[Print][Tue Aug 24 23:48:31 2021]: >> Loading Highscores...    

[Print][Tue Aug 24 23:48:31 2021]: > Done in 0.00 seconds    

[Print][Tue Aug 24 23:48:31 2021]: >> Loading Ball Pillars...    

[Print][Tue Aug 24 23:48:31 2021]: > Done in 0.00 seconds    

[Print][Tue Aug 24 23:48:31 2021]: >> Loading Citizens...    

[Print][Tue Aug 24 23:48:31 2021]: > Done in 0.40 seconds    

[Print][Tue Aug 24 23:48:31 2021]: >> Loading Ranks...    

[Print][Tue Aug 24 23:48:31 2021]: > Done in 0.00 seconds    

[Print][Tue Aug 24 23:48:31 2021]: >> All done on Tue Aug 24 23:48:31 2021    

