[Print][Sat Oct 02 02:29:30 2021]: >> Cleaning players online status...    

[Print][Sat Oct 02 02:29:30 2021]: > Done in 0.03 seconds    

[Print][Sat Oct 02 02:29:30 2021]: >> Loading PvP Arenas...    

[Print][Sat Oct 02 02:29:30 2021]: > Done in 0.00 seconds    

[Print][Sat Oct 02 02:29:30 2021]: >> Loading Caught Highscores...    

[Print][Sat Oct 02 02:29:30 2021]: > Done in 0.00 seconds    

[Print][Sat Oct 02 02:29:30 2021]: >> Loading Tournament Highscores...    

[Print][Sat Oct 02 02:29:30 2021]: > Done in 0.00 seconds    

[Print][Sat Oct 02 02:29:30 2021]: >> Loading Berry Trees...    

[Print][Sat Oct 02 02:29:30 2021]: > Done in 0.01 seconds    

[Print][Sat Oct 02 02:29:30 2021]: >> Cleaning Mastery Dungeons...    

[Print][Sat Oct 02 02:29:30 2021]: > Done in 0.00 seconds    

[Print][Sat Oct 02 02:29:30 2021]: >> Loading Bosses...    

[Print][Sat Oct 02 02:29:30 2021]: >> Scheduled Boss Spawn: Twisted Blades in 7 hours, 28 minutes and 25 seconds    

[Print][Sat Oct 02 02:29:30 2021]: > Done in 0.01 seconds    

[Print][Sat Oct 02 02:29:30 2021]: >> Loading Highscores...    

[Print][Sat Oct 02 02:29:30 2021]: > Done in 0.00 seconds    

[Print][Sat Oct 02 02:29:30 2021]: >> Loading Ball Pillars...    

[Print][Sat Oct 02 02:29:30 2021]: > Done in 0.02 seconds    

[Print][Sat Oct 02 02:29:30 2021]: >> Loading Citizens...    

[Print][Sat Oct 02 02:29:31 2021]: > Done in 0.51 seconds    

[Print][Sat Oct 02 02:29:31 2021]: >> Loading Ranks...    

[Print][Sat Oct 02 02:29:31 2021]: > Done in 0.00 seconds    

[Print][Sat Oct 02 02:29:31 2021]: >> All done on Sat Oct 02 02:29:31 2021    

[Print][Sat Oct 02 04:46:43 2021]: >> Cleaning players online status...    

[Print][Sat Oct 02 04:46:43 2021]: > Done in 0.05 seconds    

[Print][Sat Oct 02 04:46:43 2021]: >> Loading PvP Arenas...    

[Print][Sat Oct 02 04:46:43 2021]: > Done in 0.00 seconds    

[Print][Sat Oct 02 04:46:43 2021]: >> Loading Caught Highscores...    

[Print][Sat Oct 02 04:46:43 2021]: > Done in 0.02 seconds    

[Print][Sat Oct 02 04:46:43 2021]: >> Loading Tournament Highscores...    

[Print][Sat Oct 02 04:46:43 2021]: > Done in 0.00 seconds    

[Print][Sat Oct 02 04:46:43 2021]: >> Loading Berry Trees...    

[Print][Sat Oct 02 04:46:43 2021]: > Done in 0.02 seconds    

[Print][Sat Oct 02 04:46:43 2021]: >> Cleaning Mastery Dungeons...    

[Print][Sat Oct 02 04:46:43 2021]: > Done in 0.00 seconds    

[Print][Sat Oct 02 04:46:43 2021]: >> Loading Bosses...    

[Print][Sat Oct 02 04:46:43 2021]: >> Scheduled Boss Spawn: King Panlong in 7 hours, 47 minutes and 6 seconds    

[Print][Sat Oct 02 04:46:43 2021]: > Done in 0.00 seconds    

[Print][Sat Oct 02 04:46:43 2021]: >> Loading Highscores...    

[Print][Sat Oct 02 04:46:43 2021]: > Done in 0.00 seconds    

[Print][Sat Oct 02 04:46:43 2021]: >> Loading Ball Pillars...    

[Print][Sat Oct 02 04:46:43 2021]: > Done in 0.02 seconds    

[Print][Sat Oct 02 04:46:43 2021]: >> Loading Citizens...    

[Print][Sat Oct 02 04:46:44 2021]: > Done in 0.88 seconds    

[Print][Sat Oct 02 04:46:44 2021]: >> Loading Ranks...    

[Print][Sat Oct 02 04:46:44 2021]: > Done in 0.00 seconds    

[Print][Sat Oct 02 04:46:44 2021]: >> All done on Sat Oct 02 04:46:44 2021    

[Print][Sat Oct 02 12:36:24 2021]: >> Cleaning players online status...    

[Print][Sat Oct 02 12:36:24 2021]: > Done in 0.05 seconds    

[Print][Sat Oct 02 12:36:24 2021]: >> Loading PvP Arenas...    

[Print][Sat Oct 02 12:36:24 2021]: > Done in 0.01 seconds    

[Print][Sat Oct 02 12:36:24 2021]: >> Loading Caught Highscores...    

[Print][Sat Oct 02 12:36:24 2021]: > Done in 0.04 seconds    

[Print][Sat Oct 02 12:36:24 2021]: >> Loading Tournament Highscores...    

[Print][Sat Oct 02 12:36:24 2021]: > Done in 0.00 seconds    

[Print][Sat Oct 02 12:36:24 2021]: >> Loading Berry Trees...    

[Print][Sat Oct 02 12:36:24 2021]: > Done in 0.05 seconds    

[Print][Sat Oct 02 12:36:24 2021]: >> Cleaning Mastery Dungeons...    

[Print][Sat Oct 02 12:36:24 2021]: > Done in 0.00 seconds    

[Print][Sat Oct 02 12:36:24 2021]: >> Loading Bosses...    

[Print][Sat Oct 02 12:36:24 2021]: >> Scheduled Boss Spawn: Smaug in 11 hours, 41 minutes and 36 seconds    

[Print][Sat Oct 02 12:36:24 2021]: > Done in 0.01 seconds    

[Print][Sat Oct 02 12:36:24 2021]: >> Loading Highscores...    

[Print][Sat Oct 02 12:36:24 2021]: > Done in 0.00 seconds    

[Print][Sat Oct 02 12:36:25 2021]: >> Loading Ball Pillars...    

[Print][Sat Oct 02 12:36:25 2021]: > Done in 0.02 seconds    

[Print][Sat Oct 02 12:36:25 2021]: >> Loading Citizens...    

[Print][Sat Oct 02 12:36:25 2021]: > Done in 0.54 seconds    

[Print][Sat Oct 02 12:36:25 2021]: >> Loading Ranks...    

[Print][Sat Oct 02 12:36:25 2021]: > Done in 0.00 seconds    

[Print][Sat Oct 02 12:36:25 2021]: >> All done on Sat Oct 02 12:36:25 2021    

[Print][Sat Oct 02 18:45:36 2021]: >> Cleaning players online status...    

[Print][Sat Oct 02 18:45:36 2021]: > Done in 0.04 seconds    

[Print][Sat Oct 02 18:45:36 2021]: >> Loading PvP Arenas...    

[Print][Sat Oct 02 18:45:36 2021]: > Done in 0.00 seconds    

[Print][Sat Oct 02 18:45:36 2021]: >> Loading Caught Highscores...    

[Print][Sat Oct 02 18:45:36 2021]: > Done in 0.03 seconds    

[Print][Sat Oct 02 18:45:36 2021]: >> Loading Tournament Highscores...    

[Print][Sat Oct 02 18:45:36 2021]: > Done in 0.00 seconds    

[Print][Sat Oct 02 18:45:36 2021]: >> Loading Berry Trees...    

[Print][Sat Oct 02 18:45:36 2021]: > Done in 0.02 seconds    

[Print][Sat Oct 02 18:45:36 2021]: >> Cleaning Mastery Dungeons...    

[Print][Sat Oct 02 18:45:36 2021]: > Done in 0.00 seconds    

[Print][Sat Oct 02 18:45:36 2021]: >> Loading Bosses...    

[Print][Sat Oct 02 18:45:36 2021]: >> Scheduled Boss Spawn: Smaug in 12 hours and 42 seconds    

[Print][Sat Oct 02 18:45:36 2021]: > Done in 0.01 seconds    

[Print][Sat Oct 02 18:45:36 2021]: >> Loading Highscores...    

[Print][Sat Oct 02 18:45:36 2021]: > Done in 0.00 seconds    

[Print][Sat Oct 02 18:45:36 2021]: >> Loading Ball Pillars...    

[Print][Sat Oct 02 18:45:36 2021]: > Done in 0.00 seconds    

[Print][Sat Oct 02 18:45:36 2021]: >> Loading Citizens...    

[Print][Sat Oct 02 18:45:37 2021]: > Done in 0.57 seconds    

[Print][Sat Oct 02 18:45:37 2021]: >> Loading Ranks...    

[Print][Sat Oct 02 18:45:37 2021]: > Done in 0.00 seconds    

[Print][Sat Oct 02 18:45:37 2021]: >> All done on Sat Oct 02 18:45:37 2021    

