[Print][Sun Sep 12 01:10:48 2021]: >> Cleaning players online status...    

[Print][Sun Sep 12 01:10:48 2021]: > Done in 0.08 seconds    

[Print][Sun Sep 12 01:10:48 2021]: >> Loading PvP Arenas...    

[Print][Sun Sep 12 01:10:48 2021]: > Done in 0.00 seconds    

[Print][Sun Sep 12 01:10:48 2021]: >> Loading Caught Highscores...    

[Print][Sun Sep 12 01:10:48 2021]: > Done in 0.01 seconds    

[Print][Sun Sep 12 01:10:48 2021]: >> Loading Tournament Highscores...    

[Print][Sun Sep 12 01:10:48 2021]: > Done in 0.00 seconds    

[Print][Sun Sep 12 01:10:48 2021]: >> Loading Berry Trees...    

[Print][Sun Sep 12 01:10:48 2021]: > Done in 0.06 seconds    

[Print][Sun Sep 12 01:10:48 2021]: >> Cleaning Mastery Dungeons...    

[Print][Sun Sep 12 01:10:48 2021]: > Done in 0.00 seconds    

[Print][Sun Sep 12 01:10:48 2021]: >> Loading Bosses...    

[Print][Sun Sep 12 01:10:48 2021]: >> Scheduled Boss Spawn: Sweet Lover in 7 hours, 55 minutes and 27 seconds    

[Print][Sun Sep 12 01:10:48 2021]: > Done in 0.00 seconds    

[Print][Sun Sep 12 01:10:48 2021]: >> Loading Highscores...    

[Print][Sun Sep 12 01:10:48 2021]: > Done in 0.00 seconds    

[Print][Sun Sep 12 01:10:48 2021]: >> Loading Ball Pillars...    

[Print][Sun Sep 12 01:10:48 2021]: > Done in 0.02 seconds    

[Print][Sun Sep 12 01:10:48 2021]: >> Loading Citizens...    

[Print][Sun Sep 12 01:10:49 2021]: > Done in 0.58 seconds    

[Print][Sun Sep 12 01:10:49 2021]: >> Loading Ranks...    

[Print][Sun Sep 12 01:10:49 2021]: > Done in 0.00 seconds    

[Print][Sun Sep 12 01:10:49 2021]: >> All done on Sun Sep 12 01:10:49 2021    

[Print][Sun Sep 12 01:48:18 2021]: >> Cleaning players online status...    

[Print][Sun Sep 12 01:48:19 2021]: > Done in 0.03 seconds    

[Print][Sun Sep 12 01:48:19 2021]: >> Loading PvP Arenas...    

[Print][Sun Sep 12 01:48:19 2021]: > Done in 0.00 seconds    

[Print][Sun Sep 12 01:48:19 2021]: >> Loading Caught Highscores...    

[Print][Sun Sep 12 01:48:19 2021]: > Done in 0.00 seconds    

[Print][Sun Sep 12 01:48:19 2021]: >> Loading Tournament Highscores...    

[Print][Sun Sep 12 01:48:19 2021]: > Done in 0.00 seconds    

[Print][Sun Sep 12 01:48:19 2021]: >> Loading Berry Trees...    

[Print][Sun Sep 12 01:48:19 2021]: > Done in 0.02 seconds    

[Print][Sun Sep 12 01:48:19 2021]: >> Cleaning Mastery Dungeons...    

[Print][Sun Sep 12 01:48:19 2021]: > Done in 0.00 seconds    

[Print][Sun Sep 12 01:48:19 2021]: >> Loading Bosses...    

[Print][Sun Sep 12 01:48:19 2021]: >> Scheduled Boss Spawn: Charles Spencer in 15 hours, 57 minutes and 34 seconds    

[Print][Sun Sep 12 01:48:19 2021]: > Done in 0.01 seconds    

[Print][Sun Sep 12 01:48:19 2021]: >> Loading Highscores...    

[Print][Sun Sep 12 01:48:19 2021]: > Done in 0.00 seconds    

[Print][Sun Sep 12 01:48:19 2021]: >> Loading Ball Pillars...    

[Print][Sun Sep 12 01:48:19 2021]: > Done in 0.00 seconds    

[Print][Sun Sep 12 01:48:19 2021]: >> Loading Citizens...    

[Print][Sun Sep 12 01:48:19 2021]: > Done in 0.73 seconds    

[Print][Sun Sep 12 01:48:19 2021]: >> Loading Ranks...    

[Print][Sun Sep 12 01:48:19 2021]: > Done in 0.00 seconds    

[Print][Sun Sep 12 01:48:19 2021]: >> All done on Sun Sep 12 01:48:19 2021    

[Print][Sun Sep 12 10:53:45 2021]: >> Cleaning players online status...    

[Print][Sun Sep 12 10:53:45 2021]: > Done in 0.02 seconds    

[Print][Sun Sep 12 10:53:45 2021]: >> Loading PvP Arenas...    

[Print][Sun Sep 12 10:53:45 2021]: > Done in 0.00 seconds    

[Print][Sun Sep 12 10:53:45 2021]: >> Loading Caught Highscores...    

[Print][Sun Sep 12 10:53:45 2021]: > Done in 0.02 seconds    

[Print][Sun Sep 12 10:53:45 2021]: >> Loading Tournament Highscores...    

[Print][Sun Sep 12 10:53:45 2021]: > Done in 0.00 seconds    

[Print][Sun Sep 12 10:53:45 2021]: >> Loading Berry Trees...    

[Print][Sun Sep 12 10:53:45 2021]: > Done in 0.02 seconds    

[Print][Sun Sep 12 10:53:45 2021]: >> Cleaning Mastery Dungeons...    

[Print][Sun Sep 12 10:53:45 2021]: > Done in 0.00 seconds    

[Print][Sun Sep 12 10:53:45 2021]: >> Loading Bosses...    

[Print][Sun Sep 12 10:53:45 2021]: >> Scheduled Boss Spawn: Blastertoise in 12 hours, 36 minutes and 20 seconds    

[Print][Sun Sep 12 10:53:45 2021]: > Done in 0.00 seconds    

[Print][Sun Sep 12 10:53:45 2021]: >> Loading Highscores...    

[Print][Sun Sep 12 10:53:45 2021]: > Done in 0.00 seconds    

[Print][Sun Sep 12 10:53:45 2021]: >> Loading Ball Pillars...    

[Print][Sun Sep 12 10:53:45 2021]: > Done in 0.00 seconds    

[Print][Sun Sep 12 10:53:45 2021]: >> Loading Citizens...    

[Print][Sun Sep 12 10:53:46 2021]: > Done in 0.53 seconds    

[Print][Sun Sep 12 10:53:46 2021]: >> Loading Ranks...    

[Print][Sun Sep 12 10:53:46 2021]: > Done in 0.00 seconds    

[Print][Sun Sep 12 10:53:46 2021]: >> All done on Sun Sep 12 10:53:46 2021    

[Print][Sun Sep 12 11:34:07 2021]: >> Cleaning players online status...    

[Print][Sun Sep 12 11:34:07 2021]: > Done in 0.04 seconds    

[Print][Sun Sep 12 11:34:07 2021]: >> Loading PvP Arenas...    

[Print][Sun Sep 12 11:34:07 2021]: > Done in 0.00 seconds    

[Print][Sun Sep 12 11:34:07 2021]: >> Loading Caught Highscores...    

[Print][Sun Sep 12 11:34:07 2021]: > Done in 0.04 seconds    

[Print][Sun Sep 12 11:34:07 2021]: >> Loading Tournament Highscores...    

[Print][Sun Sep 12 11:34:07 2021]: > Done in 0.00 seconds    

[Print][Sun Sep 12 11:34:07 2021]: >> Loading Berry Trees...    

[Print][Sun Sep 12 11:34:07 2021]: > Done in 0.02 seconds    

[Print][Sun Sep 12 11:34:07 2021]: >> Cleaning Mastery Dungeons...    

[Print][Sun Sep 12 11:34:07 2021]: > Done in 0.00 seconds    

[Print][Sun Sep 12 11:34:07 2021]: >> Loading Bosses...    

[Print][Sun Sep 12 11:34:07 2021]: >> Scheduled Boss Spawn: The A. Mesmer in 11 hours, 34 minutes and 56 seconds    

[Print][Sun Sep 12 11:34:07 2021]: > Done in 0.00 seconds    

[Print][Sun Sep 12 11:34:07 2021]: >> Loading Highscores...    

[Print][Sun Sep 12 11:34:07 2021]: > Done in 0.00 seconds    

[Print][Sun Sep 12 11:34:07 2021]: >> Loading Ball Pillars...    

[Print][Sun Sep 12 11:34:07 2021]: > Done in 0.01 seconds    

[Print][Sun Sep 12 11:34:07 2021]: >> Loading Citizens...    

[Print][Sun Sep 12 11:34:08 2021]: > Done in 0.51 seconds    

[Print][Sun Sep 12 11:34:08 2021]: >> Loading Ranks...    

[Print][Sun Sep 12 11:34:08 2021]: > Done in 0.00 seconds    

[Print][Sun Sep 12 11:34:08 2021]: >> All done on Sun Sep 12 11:34:08 2021    

[Print][Sun Sep 12 11:44:16 2021]: >> Cleaning players online status...    

[Print][Sun Sep 12 11:44:16 2021]: > Done in 0.05 seconds    

[Print][Sun Sep 12 11:44:16 2021]: >> Loading PvP Arenas...    

[Print][Sun Sep 12 11:44:16 2021]: > Done in 0.00 seconds    

[Print][Sun Sep 12 11:44:16 2021]: >> Loading Caught Highscores...    

[Print][Sun Sep 12 11:44:16 2021]: > Done in 0.01 seconds    

[Print][Sun Sep 12 11:44:16 2021]: >> Loading Tournament Highscores...    

[Print][Sun Sep 12 11:44:16 2021]: > Done in 0.01 seconds    

[Print][Sun Sep 12 11:44:16 2021]: >> Loading Berry Trees...    

[Print][Sun Sep 12 11:44:16 2021]: > Done in 0.06 seconds    

[Print][Sun Sep 12 11:44:16 2021]: >> Cleaning Mastery Dungeons...    

[Print][Sun Sep 12 11:44:16 2021]: > Done in 0.00 seconds    

[Print][Sun Sep 12 11:44:16 2021]: >> Loading Bosses...    

[Print][Sun Sep 12 11:44:16 2021]: >> Scheduled Boss Spawn: Winged Wisdom in 12 hours, 31 minutes and 36 seconds    

[Print][Sun Sep 12 11:44:16 2021]: > Done in 0.01 seconds    

[Print][Sun Sep 12 11:44:16 2021]: >> Loading Highscores...    

[Print][Sun Sep 12 11:44:16 2021]: > Done in 0.00 seconds    

[Print][Sun Sep 12 11:44:16 2021]: >> Loading Ball Pillars...    

[Print][Sun Sep 12 11:44:16 2021]: > Done in 0.00 seconds    

[Print][Sun Sep 12 11:44:16 2021]: >> Loading Citizens...    

[Print][Sun Sep 12 11:44:18 2021]: > Done in 2.46 seconds    

[Print][Sun Sep 12 11:44:18 2021]: >> Loading Ranks...    

[Print][Sun Sep 12 11:44:19 2021]: > Done in 0.00 seconds    

[Print][Sun Sep 12 11:44:19 2021]: >> All done on Sun Sep 12 11:44:19 2021    

[Print][Sun Sep 12 12:03:33 2021]: >> Cleaning players online status...    

[Print][Sun Sep 12 12:03:33 2021]: > Done in 0.03 seconds    

[Print][Sun Sep 12 12:03:33 2021]: >> Loading PvP Arenas...    

[Print][Sun Sep 12 12:03:33 2021]: > Done in 0.00 seconds    

[Print][Sun Sep 12 12:03:33 2021]: >> Loading Caught Highscores...    

[Print][Sun Sep 12 12:03:33 2021]: > Done in 0.01 seconds    

[Print][Sun Sep 12 12:03:33 2021]: >> Loading Tournament Highscores...    

[Print][Sun Sep 12 12:03:33 2021]: > Done in 0.00 seconds    

[Print][Sun Sep 12 12:03:33 2021]: >> Loading Berry Trees...    

[Print][Sun Sep 12 12:03:33 2021]: > Done in 0.04 seconds    

[Print][Sun Sep 12 12:03:33 2021]: >> Cleaning Mastery Dungeons...    

[Print][Sun Sep 12 12:03:33 2021]: > Done in 0.00 seconds    

[Print][Sun Sep 12 12:03:33 2021]: >> Loading Bosses...    

[Print][Sun Sep 12 12:03:33 2021]: >> Scheduled Boss Spawn: Grisly Mind in 7 hours, 58 minutes and 7 seconds    

[Print][Sun Sep 12 12:03:33 2021]: > Done in 0.00 seconds    

[Print][Sun Sep 12 12:03:33 2021]: >> Loading Highscores...    

[Print][Sun Sep 12 12:03:33 2021]: > Done in 0.00 seconds    

[Print][Sun Sep 12 12:03:33 2021]: >> Loading Ball Pillars...    

[Print][Sun Sep 12 12:03:33 2021]: > Done in 0.02 seconds    

[Print][Sun Sep 12 12:03:33 2021]: >> Loading Citizens...    

[Print][Sun Sep 12 12:03:33 2021]: > Done in 0.41 seconds    

[Print][Sun Sep 12 12:03:33 2021]: >> Loading Ranks...    

[Print][Sun Sep 12 12:03:33 2021]: > Done in 0.00 seconds    

[Print][Sun Sep 12 12:03:33 2021]: >> All done on Sun Sep 12 12:03:33 2021    

[Print][Sun Sep 12 12:11:06 2021]: Iv: 4 Ev: 0 BaseAtk: 0 ATK: 177    

[Print][Sun Sep 12 12:11:06 2021]: ATK WITH NATURE: 177    

[Print][Sun Sep 12 12:11:07 2021]: Iv: 4 Ev: 0 BaseAtk: 0 ATK: 177    

[Print][Sun Sep 12 12:11:07 2021]: ATK WITH NATURE: 177    

[Print][Sun Sep 12 12:11:13 2021]: Iv: 4 Ev: 0 BaseAtk: 0 ATK: 177    

[Print][Sun Sep 12 12:11:13 2021]: ATK WITH NATURE: 177    

[Print][Sun Sep 12 12:11:19 2021]: Iv: 4 Ev: 0 BaseAtk: 0 ATK: 177    

[Print][Sun Sep 12 12:11:19 2021]: ATK WITH NATURE: 177    

[Print][Sun Sep 12 12:11:20 2021]: Iv: 4 Ev: 0 BaseAtk: 0 ATK: 177    

[Print][Sun Sep 12 12:11:20 2021]: ATK WITH NATURE: 177    

[Print][Sun Sep 12 12:14:33 2021]: Iv: 4 Ev: 0 BaseAtk: 0 ATK: 177    

[Print][Sun Sep 12 12:14:33 2021]: ATK WITH NATURE: 177    

[Print][Sun Sep 12 12:14:33 2021]: RD: -199999368    

[Print][Sun Sep 12 12:15:30 2021]: ivev    

[Print][Sun Sep 12 12:15:33 2021]: Iv: 4 Ev: 25 BaseAtk: 0 ATK: 202    

[Print][Sun Sep 12 12:15:33 2021]: ATK WITH NATURE: 202    

[Print][Sun Sep 12 12:15:33 2021]: RD: -199999333    

[Print][Sun Sep 12 12:16:28 2021]: ivev    

[Print][Sun Sep 12 12:17:14 2021]: ivev    

[Print][Sun Sep 12 12:17:21 2021]: ivev    

[Print][Sun Sep 12 12:17:29 2021]: ivev    

[Print][Sun Sep 12 12:17:51 2021]: ivev    

[Print][Sun Sep 12 12:22:07 2021]: ivev    

[Print][Sun Sep 12 12:22:14 2021]: ivev    

[Print][Sun Sep 12 12:22:22 2021]: ivev    

[Print][Sun Sep 12 12:22:25 2021]: ivev    

[Print][Sun Sep 12 12:23:17 2021]: ivev    

[Print][Sun Sep 12 12:23:19 2021]: ivev    

[Print][Sun Sep 12 12:23:19 2021]: ivev    

[Print][Sun Sep 12 12:23:19 2021]: ivev    

[Print][Sun Sep 12 12:23:55 2021]: ivev    

[Print][Sun Sep 12 12:25:11 2021]: Iv: 4 Ev: 34 BaseAtk: 0 ATK: 211    

[Print][Sun Sep 12 12:25:11 2021]: ATK WITH NATURE: 211    

[Print][Sun Sep 12 12:25:11 2021]: RD: -199999244    

[Print][Sun Sep 12 12:25:13 2021]: RD: 2577    

[Print][Sun Sep 12 12:25:13 2021]: RD: 2437    

[Print][Sun Sep 12 12:25:14 2021]: RD: 2327    

[Print][Sun Sep 12 12:25:14 2021]: RD: 2337    

[Print][Sun Sep 12 12:25:19 2021]: Iv: 4 Ev: 34 BaseAtk: 0 ATK: 211    

[Print][Sun Sep 12 12:25:19 2021]: ATK WITH NATURE: 211    

[Print][Sun Sep 12 12:25:19 2021]: RD: -199999994    

[Print][Sun Sep 12 14:01:31 2021]: >> Cleaning players online status...    

[Print][Sun Sep 12 14:01:31 2021]: > Done in 0.03 seconds    

[Print][Sun Sep 12 14:01:31 2021]: >> Loading PvP Arenas...    

[Print][Sun Sep 12 14:01:31 2021]: > Done in 0.00 seconds    

[Print][Sun Sep 12 14:01:31 2021]: >> Loading Caught Highscores...    

[Print][Sun Sep 12 14:01:31 2021]: > Done in 0.00 seconds    

[Print][Sun Sep 12 14:01:31 2021]: >> Loading Tournament Highscores...    

[Print][Sun Sep 12 14:01:31 2021]: > Done in 0.00 seconds    

[Print][Sun Sep 12 14:01:31 2021]: >> Loading Berry Trees...    

[Print][Sun Sep 12 14:01:31 2021]: > Done in 0.01 seconds    

[Print][Sun Sep 12 14:01:31 2021]: >> Cleaning Mastery Dungeons...    

[Print][Sun Sep 12 14:01:31 2021]: > Done in 0.00 seconds    

[Print][Sun Sep 12 14:01:31 2021]: >> Loading Bosses...    

[Print][Sun Sep 12 14:01:31 2021]: >> Scheduled Boss Spawn: Smaug in 11 hours, 15 minutes and 36 seconds    

[Print][Sun Sep 12 14:01:31 2021]: > Done in 0.00 seconds    

[Print][Sun Sep 12 14:01:31 2021]: >> Loading Highscores...    

[Print][Sun Sep 12 14:01:31 2021]: > Done in 0.00 seconds    

[Print][Sun Sep 12 14:01:31 2021]: >> Loading Ball Pillars...    

[Print][Sun Sep 12 14:01:31 2021]: > Done in 0.00 seconds    

[Print][Sun Sep 12 14:01:31 2021]: >> Loading Citizens...    

[Print][Sun Sep 12 14:01:31 2021]: > Done in 0.37 seconds    

[Print][Sun Sep 12 14:01:31 2021]: >> Loading Ranks...    

[Print][Sun Sep 12 14:01:31 2021]: > Done in 0.00 seconds    

[Print][Sun Sep 12 14:01:31 2021]: >> All done on Sun Sep 12 14:01:31 2021    

[Print][Sun Sep 12 16:57:26 2021]: >> Cleaning players online status...    

[Print][Sun Sep 12 16:57:26 2021]: > Done in 0.14 seconds    

[Print][Sun Sep 12 16:57:26 2021]: >> Loading PvP Arenas...    

[Print][Sun Sep 12 16:57:26 2021]: > Done in 0.00 seconds    

[Print][Sun Sep 12 16:57:26 2021]: >> Loading Caught Highscores...    

[Print][Sun Sep 12 16:57:26 2021]: > Done in 0.03 seconds    

[Print][Sun Sep 12 16:57:26 2021]: >> Loading Tournament Highscores...    

[Print][Sun Sep 12 16:57:26 2021]: > Done in 0.00 seconds    

[Print][Sun Sep 12 16:57:26 2021]: >> Loading Berry Trees...    

[Print][Sun Sep 12 16:57:26 2021]: > Done in 0.02 seconds    

[Print][Sun Sep 12 16:57:26 2021]: >> Cleaning Mastery Dungeons...    

[Print][Sun Sep 12 16:57:26 2021]: > Done in 0.00 seconds    

[Print][Sun Sep 12 16:57:26 2021]: >> Loading Bosses...    

[Print][Sun Sep 12 16:57:26 2021]: >> Scheduled Boss Spawn: Grisly Mind in 10 hours, 37 minutes and 59 seconds    

[Print][Sun Sep 12 16:57:26 2021]: > Done in 0.00 seconds    

[Print][Sun Sep 12 16:57:26 2021]: >> Loading Highscores...    

[Print][Sun Sep 12 16:57:26 2021]: > Done in 0.00 seconds    

[Print][Sun Sep 12 16:57:26 2021]: >> Loading Ball Pillars...    

[Print][Sun Sep 12 16:57:26 2021]: > Done in 0.02 seconds    

[Print][Sun Sep 12 16:57:26 2021]: >> Loading Citizens...    

[Print][Sun Sep 12 16:57:26 2021]: > Done in 0.51 seconds    

[Print][Sun Sep 12 16:57:26 2021]: >> Loading Ranks...    

[Print][Sun Sep 12 16:57:26 2021]: > Done in 0.00 seconds    

[Print][Sun Sep 12 16:57:26 2021]: >> All done on Sun Sep 12 16:57:26 2021    

[Print][Sun Sep 12 17:18:18 2021]: >> Cleaning players online status...    

[Print][Sun Sep 12 17:18:19 2021]: > Done in 0.05 seconds    

[Print][Sun Sep 12 17:18:19 2021]: >> Loading PvP Arenas...    

[Print][Sun Sep 12 17:18:19 2021]: > Done in 0.00 seconds    

[Print][Sun Sep 12 17:18:19 2021]: >> Loading Caught Highscores...    

[Print][Sun Sep 12 17:18:19 2021]: > Done in 0.00 seconds    

[Print][Sun Sep 12 17:18:19 2021]: >> Loading Tournament Highscores...    

[Print][Sun Sep 12 17:18:19 2021]: > Done in 0.01 seconds    

[Print][Sun Sep 12 17:18:19 2021]: >> Loading Berry Trees...    

[Print][Sun Sep 12 17:18:19 2021]: > Done in 0.02 seconds    

[Print][Sun Sep 12 17:18:19 2021]: >> Cleaning Mastery Dungeons...    

[Print][Sun Sep 12 17:18:19 2021]: > Done in 0.00 seconds    

[Print][Sun Sep 12 17:18:19 2021]: >> Loading Bosses...    

[Print][Sun Sep 12 17:18:19 2021]: >> Scheduled Boss Spawn: Phyllo Terribil in 7 hours, 41 minutes and 10 seconds    

[Print][Sun Sep 12 17:18:19 2021]: > Done in 0.01 seconds    

[Print][Sun Sep 12 17:18:19 2021]: >> Loading Highscores...    

[Print][Sun Sep 12 17:18:19 2021]: > Done in 0.00 seconds    

[Print][Sun Sep 12 17:18:19 2021]: >> Loading Ball Pillars...    

[Print][Sun Sep 12 17:18:19 2021]: > Done in 0.01 seconds    

[Print][Sun Sep 12 17:18:19 2021]: >> Loading Citizens...    

[Print][Sun Sep 12 17:18:19 2021]: > Done in 0.60 seconds    

[Print][Sun Sep 12 17:18:19 2021]: >> Loading Ranks...    

[Print][Sun Sep 12 17:18:19 2021]: > Done in 0.00 seconds    

[Print][Sun Sep 12 17:18:19 2021]: >> All done on Sun Sep 12 17:18:19 2021    

[Print][Sun Sep 12 17:20:45 2021]: RD: -96    

[Print][Sun Sep 12 17:20:48 2021]: RD: -124.1    

[Print][Sun Sep 12 17:20:49 2021]: RD: -121.7    

[Print][Sun Sep 12 17:20:50 2021]: RD: -115.7    

[Print][Sun Sep 12 17:20:51 2021]: RD: -116.9    

[Print][Sun Sep 12 17:20:52 2021]: RD: -37.7    

[Print][Sun Sep 12 17:20:53 2021]: RD: -93.2    

[Print][Sun Sep 12 17:20:53 2021]: RD: -105.5    

[Print][Sun Sep 12 17:20:54 2021]: RD: -95.9    

[Print][Sun Sep 12 17:20:55 2021]: RD: 129.2    

[Print][Sun Sep 12 17:20:58 2021]: RD: -104.2    

[Print][Sun Sep 12 17:20:59 2021]: RD: -89.8    

[Print][Sun Sep 12 17:20:59 2021]: RD: -99.7    

[Print][Sun Sep 12 17:20:59 2021]: RD: 2.3    

[Print][Sun Sep 12 17:21:00 2021]: RD: -100.9    

[Print][Sun Sep 12 17:21:00 2021]: RD: -96.7    

[Print][Sun Sep 12 17:21:02 2021]: RD: -70.9    

[Print][Sun Sep 12 17:21:02 2021]: RD: -62.5    

[Print][Sun Sep 12 17:21:02 2021]: RD: -76.3    

[Print][Sun Sep 12 17:21:03 2021]: RD: 8.6    

[Print][Sun Sep 12 17:21:04 2021]: RD: -8.5    

[Print][Sun Sep 12 17:21:06 2021]: RD: 16.1    

[Print][Sun Sep 12 17:21:08 2021]: RD: 12.8    

[Print][Sun Sep 12 17:21:09 2021]: RD: -69.7    

[Print][Sun Sep 12 17:21:09 2021]: RD: -64.6    

[Print][Sun Sep 12 17:21:09 2021]: RD: -64.6    

[Print][Sun Sep 12 17:21:10 2021]: RD: 14.6    

[Print][Sun Sep 12 17:21:11 2021]: RD: -122.4    

[Print][Sun Sep 12 17:21:12 2021]: RD: -120.9    

[Print][Sun Sep 12 17:21:13 2021]: RD: -116.4    

[Print][Sun Sep 12 17:21:14 2021]: RD: -100.3    

[Print][Sun Sep 12 17:21:14 2021]: RD: -98.8    

[Print][Sun Sep 12 17:21:14 2021]: RD: -115.8    

[Print][Sun Sep 12 17:21:15 2021]: RD: -95.2    

[Print][Sun Sep 12 17:21:15 2021]: RD: -98.5    

[Print][Sun Sep 12 17:21:16 2021]: RD: -98.8    

[Print][Sun Sep 12 17:21:16 2021]: RD: -76    

[Print][Sun Sep 12 17:21:17 2021]: RD: -70.3    

[Print][Sun Sep 12 17:21:17 2021]: RD: -67.6    

[Print][Sun Sep 12 17:21:18 2021]: RD: -13.6    

[Print][Sun Sep 12 17:21:19 2021]: RD: 9.8    

[Print][Sun Sep 12 17:21:20 2021]: RD: 13.1    

[Print][Sun Sep 12 17:21:22 2021]: RD: 133    

[Print][Sun Sep 12 17:21:24 2021]: RD: 11.9    

[Print][Sun Sep 12 17:21:26 2021]: RD: -5.2    

[Print][Sun Sep 12 17:21:27 2021]: RD: -75.4    

[Print][Sun Sep 12 17:21:27 2021]: RD: -76    

[Print][Sun Sep 12 17:21:27 2021]: RD: -68.8    

[Print][Sun Sep 12 17:21:29 2021]: RD: 4.4    

[Print][Sun Sep 12 17:21:31 2021]: RD: -100.3    

[Print][Sun Sep 12 17:21:31 2021]: RD: -93.1    

[Print][Sun Sep 12 17:21:32 2021]: RD: -99.1    

[Print][Sun Sep 12 17:21:32 2021]: RD: -121.8    

[Print][Sun Sep 12 17:21:32 2021]: RD: -100.3    

[Print][Sun Sep 12 17:21:33 2021]: RD: -97.6    

[Print][Sun Sep 12 17:21:33 2021]: RD: -126.6    

[Print][Sun Sep 12 17:21:34 2021]: RD: 9.8    

[Print][Sun Sep 12 17:21:34 2021]: RD: -120.9    

[Print][Sun Sep 12 17:21:35 2021]: RD: -124.5    

[Print][Sun Sep 12 17:21:36 2021]: RD: 7.4    

[Print][Sun Sep 12 17:21:38 2021]: RD: -15.7    

[Print][Sun Sep 12 17:21:39 2021]: RD: -72.4    

[Print][Sun Sep 12 17:21:39 2021]: RD: -70    

[Print][Sun Sep 12 17:21:39 2021]: RD: -77.2    

[Print][Sun Sep 12 17:21:41 2021]: RD: 14    

[Print][Sun Sep 12 17:21:44 2021]: RD: 4.1    

[Print][Sun Sep 12 17:21:45 2021]: RD: -94    

[Print][Sun Sep 12 17:21:45 2021]: RD: -103.6    

[Print][Sun Sep 12 17:21:46 2021]: RD: -100.3    

[Print][Sun Sep 12 17:21:46 2021]: RD: -73.6    

[Print][Sun Sep 12 17:21:46 2021]: RD: -67    

[Print][Sun Sep 12 17:21:46 2021]: RD: -98.5    

[Print][Sun Sep 12 17:21:47 2021]: RD: -67.6    

[Print][Sun Sep 12 17:21:47 2021]: RD: -103    

[Print][Sun Sep 12 17:21:47 2021]: RD: 14    

[Print][Sun Sep 12 17:22:19 2021]: >> Cleaning players online status...    

[Print][Sun Sep 12 17:22:20 2021]: > Done in 0.14 seconds    

[Print][Sun Sep 12 17:22:20 2021]: >> Loading PvP Arenas...    

[Print][Sun Sep 12 17:22:20 2021]: > Done in 0.00 seconds    

[Print][Sun Sep 12 17:22:20 2021]: >> Loading Caught Highscores...    

[Print][Sun Sep 12 17:22:20 2021]: > Done in 0.00 seconds    

[Print][Sun Sep 12 17:22:20 2021]: >> Loading Tournament Highscores...    

[Print][Sun Sep 12 17:22:20 2021]: > Done in 0.00 seconds    

[Print][Sun Sep 12 17:22:20 2021]: >> Loading Berry Trees...    

[Print][Sun Sep 12 17:22:20 2021]: > Done in 0.02 seconds    

[Print][Sun Sep 12 17:22:20 2021]: >> Cleaning Mastery Dungeons...    

[Print][Sun Sep 12 17:22:20 2021]: > Done in 0.00 seconds    

[Print][Sun Sep 12 17:22:20 2021]: >> Loading Bosses...    

[Print][Sun Sep 12 17:22:20 2021]: >> Scheduled Boss Spawn: Grisly Mind in 8 hours and 19 minutes    

[Print][Sun Sep 12 17:22:20 2021]: > Done in 0.01 seconds    

[Print][Sun Sep 12 17:22:20 2021]: >> Loading Highscores...    

[Print][Sun Sep 12 17:22:20 2021]: > Done in 0.00 seconds    

[Print][Sun Sep 12 17:22:20 2021]: >> Loading Ball Pillars...    

[Print][Sun Sep 12 17:22:20 2021]: > Done in 0.00 seconds    

[Print][Sun Sep 12 17:22:20 2021]: >> Loading Citizens...    

[Print][Sun Sep 12 17:22:20 2021]: > Done in 0.43 seconds    

[Print][Sun Sep 12 17:22:20 2021]: >> Loading Ranks...    

[Print][Sun Sep 12 17:22:20 2021]: > Done in 0.00 seconds    

[Print][Sun Sep 12 17:22:20 2021]: >> All done on Sun Sep 12 17:22:20 2021    

[Print][Sun Sep 12 17:49:18 2021]: >> Cleaning players online status...    

[Print][Sun Sep 12 17:49:18 2021]: > Done in 0.03 seconds    

[Print][Sun Sep 12 17:49:18 2021]: >> Loading PvP Arenas...    

[Print][Sun Sep 12 17:49:18 2021]: > Done in 0.00 seconds    

[Print][Sun Sep 12 17:49:18 2021]: >> Loading Caught Highscores...    

[Print][Sun Sep 12 17:49:18 2021]: > Done in 0.00 seconds    

[Print][Sun Sep 12 17:49:18 2021]: >> Loading Tournament Highscores...    

[Print][Sun Sep 12 17:49:18 2021]: > Done in 0.00 seconds    

[Print][Sun Sep 12 17:49:18 2021]: >> Loading Berry Trees...    

[Print][Sun Sep 12 17:49:18 2021]: > Done in 0.02 seconds    

[Print][Sun Sep 12 17:49:18 2021]: >> Cleaning Mastery Dungeons...    

[Print][Sun Sep 12 17:49:18 2021]: > Done in 0.00 seconds    

[Print][Sun Sep 12 17:49:18 2021]: >> Loading Bosses...    

[Print][Sun Sep 12 17:49:18 2021]: >> Scheduled Boss Spawn: King Panlong in 7 hours, 38 minutes and 18 seconds    

[Print][Sun Sep 12 17:49:18 2021]: > Done in 0.01 seconds    

[Print][Sun Sep 12 17:49:18 2021]: >> Loading Highscores...    

[Print][Sun Sep 12 17:49:18 2021]: > Done in 0.00 seconds    

[Print][Sun Sep 12 17:49:18 2021]: >> Loading Ball Pillars...    

[Print][Sun Sep 12 17:49:18 2021]: > Done in 0.00 seconds    

[Print][Sun Sep 12 17:49:18 2021]: >> Loading Citizens...    

[Print][Sun Sep 12 17:49:19 2021]: > Done in 0.43 seconds    

[Print][Sun Sep 12 17:49:19 2021]: >> Loading Ranks...    

[Print][Sun Sep 12 17:49:19 2021]: > Done in 0.00 seconds    

[Print][Sun Sep 12 17:49:19 2021]: >> All done on Sun Sep 12 17:49:19 2021    

[Print][Sun Sep 12 17:54:44 2021]: RD: 80.58    

[Print][Sun Sep 12 17:54:45 2021]: RD: 111.47    

[Print][Sun Sep 12 17:54:48 2021]: RD: 47.69    

[Print][Sun Sep 12 17:54:49 2021]: RD: 48.03    

[Print][Sun Sep 12 17:55:55 2021]: RD: 181.14    

[Print][Sun Sep 12 17:55:55 2021]: RD: 88.26    

[Print][Sun Sep 12 17:55:55 2021]: RD: 177.468    

[Print][Sun Sep 12 17:55:55 2021]: RD: 181.824    

[Print][Sun Sep 12 17:55:55 2021]: RD: 166.92    

[Print][Sun Sep 12 17:55:55 2021]: RD: 177.072    

[Print][Sun Sep 12 17:55:55 2021]: RD: 177.756    

[Print][Sun Sep 12 17:55:55 2021]: RD: 168.612    

[Print][Sun Sep 12 17:55:55 2021]: RD: 175.02    

[Print][Sun Sep 12 17:55:55 2021]: RD: 177.036    

[Print][Sun Sep 12 17:55:55 2021]: RD: 174.948    

[Print][Sun Sep 12 17:55:55 2021]: RD: 171.06    

[Print][Sun Sep 12 17:55:56 2021]: RD: 202.796    

[Print][Sun Sep 12 17:56:00 2021]: RD: 84.84    

[Print][Sun Sep 12 17:56:03 2021]: RD: 85.92    

[Print][Sun Sep 12 17:56:04 2021]: RD: 90.96    

[Print][Sun Sep 12 17:56:06 2021]: RD: 83.76    

[Print][Sun Sep 12 17:56:07 2021]: RD: 175.056    

[Print][Sun Sep 12 17:56:07 2021]: RD: 178.944    

[Print][Sun Sep 12 17:56:07 2021]: RD: 181.788    

[Print][Sun Sep 12 17:56:07 2021]: RD: 172.32    

[Print][Sun Sep 12 17:56:07 2021]: RD: 176.856    

[Print][Sun Sep 12 17:56:07 2021]: RD: 177.252    

[Print][Sun Sep 12 17:56:07 2021]: RD: 176.532    

[Print][Sun Sep 12 17:56:07 2021]: RD: 184.56    

[Print][Sun Sep 12 17:56:07 2021]: RD: 178.188    

[Print][Sun Sep 12 17:56:07 2021]: RD: 178.08    

[Print][Sun Sep 12 17:56:07 2021]: RD: 179.232    

[Print][Sun Sep 12 17:56:07 2021]: RD: 177.396    

[Print][Sun Sep 12 17:56:07 2021]: RD: 178.692    

[Print][Sun Sep 12 17:56:07 2021]: RD: 172.32    

[Print][Sun Sep 12 17:56:07 2021]: RD: 181.356    

[Print][Sun Sep 12 17:56:07 2021]: RD: 173.436    

[Print][Sun Sep 12 17:56:07 2021]: RD: 186    

[Print][Sun Sep 12 17:56:07 2021]: RD: 177.792    

[Print][Sun Sep 12 17:56:07 2021]: RD: 179.34    

[Print][Sun Sep 12 17:56:08 2021]: RD: 202.616    

[Print][Sun Sep 12 17:56:10 2021]: RD: 87    

[Print][Sun Sep 12 18:05:46 2021]: RD: 178.55    

[Print][Sun Sep 12 18:05:52 2021]: RD: 177.92    

[Print][Sun Sep 12 18:06:40 2021]: RD: 190.16    

[Print][Sun Sep 12 18:06:41 2021]: RD: 77.76    

[Print][Sun Sep 12 18:06:41 2021]: RD: 24.851    

[Print][Sun Sep 12 18:06:42 2021]: RD: 24.151    

[Print][Sun Sep 12 18:06:42 2021]: RD: 493.36    

[Print][Sun Sep 12 18:06:47 2021]: RD: 191.06    

[Print][Sun Sep 12 18:06:47 2021]: RD: 24.851    

[Print][Sun Sep 12 18:06:48 2021]: RD: 80.86    

[Print][Sun Sep 12 18:06:48 2021]: RD: 25.051    

[Print][Sun Sep 12 18:06:49 2021]: RD: 22.251    

[Print][Sun Sep 12 18:06:49 2021]: RD: 79.76    

[Print][Sun Sep 12 18:06:50 2021]: RD: 23.851    

[Print][Sun Sep 12 18:06:57 2021]: RD: 189.22    

[Print][Sun Sep 12 18:06:57 2021]: RD: 26.102    

[Print][Sun Sep 12 18:06:58 2021]: RD: 79.42    

[Print][Sun Sep 12 18:06:59 2021]: RD: 492.62    

[Print][Sun Sep 12 18:07:21 2021]: RD: 51.327    

[Print][Sun Sep 12 18:07:22 2021]: RD: 51.357    

[Print][Sun Sep 12 18:07:24 2021]: RD: 51.627    

[Print][Sun Sep 12 18:07:25 2021]: RD: 50.937    

[Print][Sun Sep 12 18:07:26 2021]: RD: 51.027    

[Print][Sun Sep 12 18:07:28 2021]: RD: 51.657    

[Print][Sun Sep 12 18:07:29 2021]: RD: 52.107    

[Print][Sun Sep 12 18:07:30 2021]: RD: 50.967    

[Print][Sun Sep 12 18:48:32 2021]: RD: 177.17    

[Print][Sun Sep 12 18:48:38 2021]: RD: 177.35    

[Print][Sun Sep 12 18:48:59 2021]: RD: 176.36    

[Print][Sun Sep 12 18:49:05 2021]: RD: 179.15    

[Print][Sun Sep 12 19:02:33 2021]: >> Cleaning players online status...    

[Print][Sun Sep 12 19:02:33 2021]: > Done in 0.03 seconds    

[Print][Sun Sep 12 19:02:33 2021]: >> Loading PvP Arenas...    

[Print][Sun Sep 12 19:02:33 2021]: > Done in 0.00 seconds    

[Print][Sun Sep 12 19:02:33 2021]: >> Loading Caught Highscores...    

[Print][Sun Sep 12 19:02:33 2021]: > Done in 0.00 seconds    

[Print][Sun Sep 12 19:02:33 2021]: >> Loading Tournament Highscores...    

[Print][Sun Sep 12 19:02:33 2021]: > Done in 0.02 seconds    

[Print][Sun Sep 12 19:02:33 2021]: >> Loading Berry Trees...    

[Print][Sun Sep 12 19:02:33 2021]: > Done in 0.04 seconds    

[Print][Sun Sep 12 19:02:33 2021]: >> Cleaning Mastery Dungeons...    

[Print][Sun Sep 12 19:02:33 2021]: > Done in 0.00 seconds    

[Print][Sun Sep 12 19:02:33 2021]: >> Loading Bosses...    

[Print][Sun Sep 12 19:02:33 2021]: >> Scheduled Boss Spawn: DoomBoy in 12 hours, 44 minutes and 33 seconds    

[Print][Sun Sep 12 19:02:33 2021]: > Done in 0.01 seconds    

[Print][Sun Sep 12 19:02:33 2021]: >> Loading Highscores...    

[Print][Sun Sep 12 19:02:33 2021]: > Done in 0.00 seconds    

[Print][Sun Sep 12 19:02:33 2021]: >> Loading Ball Pillars...    

[Print][Sun Sep 12 19:02:33 2021]: > Done in 0.01 seconds    

[Print][Sun Sep 12 19:02:34 2021]: >> Loading Citizens...    

[Print][Sun Sep 12 19:02:34 2021]: > Done in 0.44 seconds    

[Print][Sun Sep 12 19:02:34 2021]: >> Loading Ranks...    

[Print][Sun Sep 12 19:02:34 2021]: > Done in 0.00 seconds    

[Print][Sun Sep 12 19:02:34 2021]: >> All done on Sun Sep 12 19:02:34 2021    

[Print][Sun Sep 12 19:38:21 2021]: >> Cleaning players online status...    

[Print][Sun Sep 12 19:38:21 2021]: > Done in 0.05 seconds    

[Print][Sun Sep 12 19:38:21 2021]: >> Loading PvP Arenas...    

[Print][Sun Sep 12 19:38:21 2021]: > Done in 0.00 seconds    

[Print][Sun Sep 12 19:38:21 2021]: >> Loading Caught Highscores...    

[Print][Sun Sep 12 19:38:21 2021]: > Done in 0.01 seconds    

[Print][Sun Sep 12 19:38:21 2021]: >> Loading Tournament Highscores...    

[Print][Sun Sep 12 19:38:21 2021]: > Done in 0.01 seconds    

[Print][Sun Sep 12 19:38:21 2021]: >> Loading Berry Trees...    

[Print][Sun Sep 12 19:38:21 2021]: > Done in 0.02 seconds    

[Print][Sun Sep 12 19:38:21 2021]: >> Cleaning Mastery Dungeons...    

[Print][Sun Sep 12 19:38:21 2021]: > Done in 0.00 seconds    

[Print][Sun Sep 12 19:38:21 2021]: >> Loading Bosses...    

[Print][Sun Sep 12 19:38:21 2021]: >> Scheduled Boss Spawn: Mr. Gormandize in 8 hours, 38 minutes and 45 seconds    

[Print][Sun Sep 12 19:38:21 2021]: > Done in 0.01 seconds    

[Print][Sun Sep 12 19:38:21 2021]: >> Loading Highscores...    

[Print][Sun Sep 12 19:38:21 2021]: > Done in 0.00 seconds    

[Print][Sun Sep 12 19:38:21 2021]: >> Loading Ball Pillars...    

[Print][Sun Sep 12 19:38:21 2021]: > Done in 0.01 seconds    

[Print][Sun Sep 12 19:38:21 2021]: >> Loading Citizens...    

[Print][Sun Sep 12 19:38:22 2021]: > Done in 0.52 seconds    

[Print][Sun Sep 12 19:38:22 2021]: >> Loading Ranks...    

[Print][Sun Sep 12 19:38:22 2021]: > Done in 0.00 seconds    

[Print][Sun Sep 12 19:38:22 2021]: >> All done on Sun Sep 12 19:38:22 2021    

[Print][Sun Sep 12 19:42:10 2021]: RD: 3098.5    

[Print][Sun Sep 12 19:42:11 2021]: RD: 2224.8    

[Print][Sun Sep 12 19:42:11 2021]: RD: 263.53    

[Print][Sun Sep 12 19:42:11 2021]: RD: 2245.5    

[Print][Sun Sep 12 19:42:12 2021]: RD: 2653.5    

[Print][Sun Sep 12 19:42:12 2021]: RD: 2774.82    

[Print][Sun Sep 12 19:42:12 2021]: RD: 2120.31    

[Print][Sun Sep 12 19:42:13 2021]: RD: 2127.69    

[Print][Sun Sep 12 19:42:13 2021]: RD: 1332.64    

[Print][Sun Sep 12 19:42:13 2021]: RD: 2128.51    

[Print][Sun Sep 12 19:42:13 2021]: RD: 1330    

[Print][Sun Sep 12 19:42:13 2021]: RD: 2128.1    

[Print][Sun Sep 12 19:42:20 2021]: RD: 4367.96    

[Print][Sun Sep 12 19:42:20 2021]: RD: 4379.4    

[Print][Sun Sep 12 19:42:20 2021]: RD: 4373.24    

[Print][Sun Sep 12 19:42:20 2021]: RD: 4398.76    

[Print][Sun Sep 12 19:42:21 2021]: RD: 3079.64    

[Print][Sun Sep 12 19:42:25 2021]: RD: 1205.25    

[Print][Sun Sep 12 19:42:26 2021]: RD: 1201.15    

[Print][Sun Sep 12 19:42:26 2021]: RD: 1188.44    

[Print][Sun Sep 12 19:42:58 2021]: RD: 1027.09    

[Print][Sun Sep 12 19:42:58 2021]: RD: 270.3    

[Print][Sun Sep 12 19:43:02 2021]: RD: 4276.52    

[Print][Sun Sep 12 19:43:02 2021]: RD: 4281.68    

[Print][Sun Sep 12 19:43:03 2021]: RD: 4302.32    

[Print][Sun Sep 12 19:43:03 2021]: RD: 4496.9    

[Print][Sun Sep 12 19:43:03 2021]: RD: 2262.83    

[Print][Sun Sep 12 19:43:03 2021]: RD: 4488.8    

[Print][Sun Sep 12 19:45:31 2021]: RD: 108.25    

[Print][Sun Sep 12 19:45:31 2021]: RD: 87.35    

[Print][Sun Sep 12 19:45:31 2021]: RD: 94.95    

[Print][Sun Sep 12 19:45:32 2021]: RD: 100.65    

[Print][Sun Sep 12 19:45:32 2021]: RD: 2458    

[Print][Sun Sep 12 19:45:32 2021]: RD: 2444.56    

[Print][Sun Sep 12 19:45:32 2021]: RD: 2439.76    

[Print][Sun Sep 12 19:45:37 2021]: RD: -138.64    

[Print][Sun Sep 12 19:45:37 2021]: RD: -102.06    

[Print][Sun Sep 12 19:45:37 2021]: RD: -139.3    

[Print][Sun Sep 12 19:45:38 2021]: RD: -107.1    

[Print][Sun Sep 12 19:45:38 2021]: RD: -139.74    

[Print][Sun Sep 12 19:45:38 2021]: RD: -105.9    

[Print][Sun Sep 12 19:45:38 2021]: RD: -133.58    

[Print][Sun Sep 12 19:45:39 2021]: RD: -155.21    

[Print][Sun Sep 12 19:45:39 2021]: RD: 108.6    

[Print][Sun Sep 12 19:45:39 2021]: RD: 99.03    

[Print][Sun Sep 12 19:45:39 2021]: RD: 108.6    

[Print][Sun Sep 12 19:45:40 2021]: RD: -136.22    

[Print][Sun Sep 12 19:45:40 2021]: RD: -153.29    

[Print][Sun Sep 12 19:45:40 2021]: RD: 61.04    

[Print][Sun Sep 12 19:45:40 2021]: RD: -132.7    

[Print][Sun Sep 12 19:45:40 2021]: RD: -42.66    

[Print][Sun Sep 12 19:45:40 2021]: RD: 23.035    

[Print][Sun Sep 12 19:45:40 2021]: RD: -139.08    

[Print][Sun Sep 12 19:45:40 2021]: RD: -36.08    

[Print][Sun Sep 12 19:45:40 2021]: RD: 723.56    

[Print][Sun Sep 12 19:45:40 2021]: RD: -141.5    

[Print][Sun Sep 12 19:45:41 2021]: RD: 124.97    

[Print][Sun Sep 12 19:45:41 2021]: RD: -30.44    

[Print][Sun Sep 12 19:45:41 2021]: RD: -156.65    

[Print][Sun Sep 12 19:45:41 2021]: RD: 7.375    

[Print][Sun Sep 12 19:45:41 2021]: RD: -31.055    

[Print][Sun Sep 12 19:45:41 2021]: RD: 138.115    

[Print][Sun Sep 12 19:45:41 2021]: RD: 3192.67    

[Print][Sun Sep 12 19:45:42 2021]: RD: -148.97    

[Print][Sun Sep 12 19:45:42 2021]: RD: 23.905    

[Print][Sun Sep 12 19:45:43 2021]: RD: 31.735    

[Print][Sun Sep 12 19:45:44 2021]: RD: 2448.4    

[Print][Sun Sep 12 19:45:44 2021]: RD: 2457.52    

[Print][Sun Sep 12 19:45:44 2021]: RD: 2450.32    

[Print][Sun Sep 12 19:45:44 2021]: RD: 2444.08    

[Print][Sun Sep 12 19:45:58 2021]: RD: -76.14    

[Print][Sun Sep 12 19:45:58 2021]: RD: -94.08    

[Print][Sun Sep 12 19:45:58 2021]: RD: -158.74    

[Print][Sun Sep 12 19:45:58 2021]: RD: -90.4    

[Print][Sun Sep 12 19:45:58 2021]: RD: -156.1    

[Print][Sun Sep 12 19:45:58 2021]: RD: -79.82    

[Print][Sun Sep 12 19:45:59 2021]: RD: -145.96    

[Print][Sun Sep 12 19:45:59 2021]: RD: -161.82    

[Print][Sun Sep 12 19:45:59 2021]: RD: 98.08    

[Print][Sun Sep 12 19:45:59 2021]: RD: -156.32    

[Print][Sun Sep 12 19:45:59 2021]: RD: -157.24    

[Print][Sun Sep 12 19:46:00 2021]: RD: -58.61    

[Print][Sun Sep 12 19:46:00 2021]: RD: 464.2    

[Print][Sun Sep 12 19:46:00 2021]: RD: 1233.8    

[Print][Sun Sep 12 19:46:01 2021]: RD: -153.24    

[Print][Sun Sep 12 19:46:01 2021]: RD: -157.64    

[Print][Sun Sep 12 19:46:01 2021]: RD: -171.81    

[Print][Sun Sep 12 19:46:01 2021]: RD: 53.675    

[Print][Sun Sep 12 19:46:01 2021]: RD: -153.02    

[Print][Sun Sep 12 19:46:02 2021]: RD: -151.04    

[Print][Sun Sep 12 19:46:02 2021]: RD: 34.535    

[Print][Sun Sep 12 19:46:02 2021]: RD: -78.9    

[Print][Sun Sep 12 19:46:02 2021]: RD: 1263.89    

[Print][Sun Sep 12 19:46:02 2021]: RD: 61.505    

[Print][Sun Sep 12 19:46:02 2021]: RD: -170.13    

[Print][Sun Sep 12 19:46:02 2021]: RD: 252.385    

[Print][Sun Sep 12 19:46:02 2021]: RD: -79.82    

[Print][Sun Sep 12 19:46:02 2021]: RD: 1266.42    

[Print][Sun Sep 12 19:46:03 2021]: RD: 46.715    

[Print][Sun Sep 12 19:46:03 2021]: RD: -84.42    

[Print][Sun Sep 12 19:46:03 2021]: RD: 1263.2    

[Print][Sun Sep 12 19:46:03 2021]: RD: -81.66    

[Print][Sun Sep 12 19:46:03 2021]: RD: 1270.56    

[Print][Sun Sep 12 19:46:03 2021]: RD: 685.63    

[Print][Sun Sep 12 19:46:03 2021]: RD: 1662.36    

[Print][Sun Sep 12 19:46:03 2021]: RD: 52.805    

[Print][Sun Sep 12 19:46:03 2021]: RD: -167.49    

[Print][Sun Sep 12 19:46:04 2021]: RD: -108.86    

[Print][Sun Sep 12 19:46:04 2021]: RD: 3207.15    

[Print][Sun Sep 12 19:46:04 2021]: RD: -102.62    

[Print][Sun Sep 12 19:46:04 2021]: RD: 223.12    

[Print][Sun Sep 12 19:46:04 2021]: RD: 1260.67    

[Print][Sun Sep 12 19:46:04 2021]: RD: -171.81    

[Print][Sun Sep 12 19:46:04 2021]: RD: -103.82    

[Print][Sun Sep 12 19:46:04 2021]: RD: 104.86    

[Print][Sun Sep 12 19:46:04 2021]: RD: 40.455    

[Print][Sun Sep 12 19:46:04 2021]: RD: 77.8    

[Print][Sun Sep 12 19:46:04 2021]: RD: 1268.95    

[Print][Sun Sep 12 19:46:05 2021]: RD: -154.12    

[Print][Sun Sep 12 19:46:05 2021]: RD: 79.63    

[Print][Sun Sep 12 19:46:05 2021]: RD: 1265.5    

[Print][Sun Sep 12 19:46:05 2021]: RD: -152.58    

[Print][Sun Sep 12 19:46:05 2021]: RD: 101.38    

[Print][Sun Sep 12 19:46:05 2021]: RD: 1265.96    

[Print][Sun Sep 12 19:46:05 2021]: RD: -159.18    

[Print][Sun Sep 12 19:46:05 2021]: RD: -158.52    

[Print][Sun Sep 12 19:46:07 2021]: RD: 9.255    

[Print][Sun Sep 12 19:46:08 2021]: RD: -156.32    

[Print][Sun Sep 12 19:46:08 2021]: RD: -152.36    

[Print][Sun Sep 12 19:46:08 2021]: RD: -156.98    

[Print][Sun Sep 12 19:46:08 2021]: RD: 2.295    

[Print][Sun Sep 12 19:46:10 2021]: RD: 4.035    

[Print][Sun Sep 12 19:46:10 2021]: RD: -21.44    

[Print][Sun Sep 12 19:46:10 2021]: RD: 728.3    

[Print][Sun Sep 12 19:46:11 2021]: RD: 8.385    

[Print][Sun Sep 12 19:46:11 2021]: RD: 112.625    

[Print][Sun Sep 12 19:46:11 2021]: RD: 125.675    

[Print][Sun Sep 12 19:46:11 2021]: RD: -39.49    

[Print][Sun Sep 12 19:46:11 2021]: RD: -154.6    

[Print][Sun Sep 12 19:46:11 2021]: RD: 2285.87    

[Print][Sun Sep 12 19:46:12 2021]: RD: -33.38    

[Print][Sun Sep 12 19:46:12 2021]: RD: 113.495    

[Print][Sun Sep 12 19:46:14 2021]: RD: 866.36    

[Print][Sun Sep 12 19:46:14 2021]: RD: 499.64    

[Print][Sun Sep 12 19:46:29 2021]: RD: -111.17    

[Print][Sun Sep 12 19:46:30 2021]: RD: -107.09    

[Print][Sun Sep 12 19:46:31 2021]: RD: -108.77    

[Print][Sun Sep 12 19:46:32 2021]: RD: -105.89    

[Print][Sun Sep 12 19:46:47 2021]: RD: -96.28    

[Print][Sun Sep 12 19:46:48 2021]: RD: -93.86    

[Print][Sun Sep 12 19:53:00 2021]: RD: 2747.91    

[Print][Sun Sep 12 19:53:00 2021]: RD: -3.745    

[Print][Sun Sep 12 19:53:01 2021]: RD: 1186.83    

[Print][Sun Sep 12 19:53:01 2021]: RD: 138.085    

[Print][Sun Sep 12 19:53:01 2021]: RD: 366.65    

[Print][Sun Sep 12 19:53:01 2021]: RD: 4.715    

[Print][Sun Sep 12 19:53:01 2021]: RD: 165.925    

[Print][Sun Sep 12 19:53:01 2021]: RD: 283.44    

[Print][Sun Sep 12 19:53:01 2021]: RD: -8.445    

[Print][Sun Sep 12 19:53:02 2021]: RD: 2773.1    

[Print][Sun Sep 12 19:53:02 2021]: RD: -50.145    

[Print][Sun Sep 12 19:53:02 2021]: RD: 144    

[Print][Sun Sep 12 19:53:02 2021]: RD: 169.405    

[Print][Sun Sep 12 19:53:02 2021]: RD: 5.185    

[Print][Sun Sep 12 19:53:02 2021]: RD: -89.24    

[Print][Sun Sep 12 19:53:02 2021]: RD: 426.695    

[Print][Sun Sep 12 19:53:02 2021]: RD: 1290.75    

[Print][Sun Sep 12 19:53:02 2021]: RD: -88.14    

[Print][Sun Sep 12 19:53:02 2021]: RD: 168.535    

[Print][Sun Sep 12 19:53:02 2021]: RD: -87.96    

[Print][Sun Sep 12 19:53:02 2021]: RD: -1.865    

[Print][Sun Sep 12 19:53:03 2021]: RD: -90.12    

[Print][Sun Sep 12 19:53:03 2021]: RD: 4605.64    

[Print][Sun Sep 12 19:53:03 2021]: RD: -61.895    

[Print][Sun Sep 12 19:53:03 2021]: RD: -89.46    

[Print][Sun Sep 12 19:53:03 2021]: RD: -84.12    

[Print][Sun Sep 12 19:53:03 2021]: RD: 4607.5    

[Print][Sun Sep 12 19:53:03 2021]: RD: 166.795    

[Print][Sun Sep 12 19:53:03 2021]: RD: -24.75    

[Print][Sun Sep 12 19:53:03 2021]: RD: 824.49    

[Print][Sun Sep 12 19:53:03 2021]: RD: 4609.36    

[Print][Sun Sep 12 19:53:10 2021]: RD: -41.56    

[Print][Sun Sep 12 19:53:10 2021]: RD: 299.42    

[Print][Sun Sep 12 19:53:10 2021]: RD: -41.08    

[Print][Sun Sep 12 19:53:10 2021]: RD: 304.145    

[Print][Sun Sep 12 19:53:10 2021]: RD: 1342.49    

[Print][Sun Sep 12 19:53:10 2021]: RD: 172.255    

[Print][Sun Sep 12 19:53:10 2021]: RD: 2335.69    

[Print][Sun Sep 12 19:53:10 2021]: RD: -37.48    

[Print][Sun Sep 12 19:53:10 2021]: RD: 1338.35    

[Print][Sun Sep 12 19:53:11 2021]: RD: 1340.88    

[Print][Sun Sep 12 19:53:11 2021]: RD: 2352.43    

[Print][Sun Sep 12 19:53:11 2021]: RD: 1341.34    

[Print][Sun Sep 12 19:53:11 2021]: RD: 1706.85    

[Print][Sun Sep 12 19:53:11 2021]: RD: 1411.63    

[Print][Sun Sep 12 19:53:11 2021]: RD: 195.25    

[Print][Sun Sep 12 19:53:12 2021]: RD: 3250.46    

[Print][Sun Sep 12 19:53:12 2021]: RD: 319.18    

[Print][Sun Sep 12 19:53:12 2021]: RD: 1726.76    

[Print][Sun Sep 12 19:55:10 2021]: base    

[Print][Sun Sep 12 19:55:41 2021]: ivev    

[Print][Sun Sep 12 19:55:46 2021]: RD: 396.82    

[Print][Sun Sep 12 19:55:47 2021]: RD: -482.12    

[Print][Sun Sep 12 19:55:47 2021]: RD: -317.88    

[Print][Sun Sep 12 19:55:47 2021]: RD: -575.89    

[Print][Sun Sep 12 19:55:47 2021]: RD: -495.46    

[Print][Sun Sep 12 19:55:47 2021]: RD: -420.365    

[Print][Sun Sep 12 19:55:47 2021]: RD: 865.27    

[Print][Sun Sep 12 19:55:47 2021]: RD: -484.88    

[Print][Sun Sep 12 19:55:47 2021]: RD: 866.88    

[Print][Sun Sep 12 19:55:47 2021]: RD: -477.52    

[Print][Sun Sep 12 19:55:48 2021]: RD: -422.715    

[Print][Sun Sep 12 19:55:48 2021]: RD: 865.04    

[Print][Sun Sep 12 19:55:48 2021]: RD: 1880.29    

[Print][Sun Sep 12 19:55:48 2021]: RD: 871.48    

[Print][Sun Sep 12 19:55:48 2021]: RD: -576.37    

[Print][Sun Sep 12 19:55:48 2021]: RD: -340.14    

[Print][Sun Sep 12 19:55:48 2021]: RD: -319.8    

[Print][Sun Sep 12 19:55:48 2021]: RD: -426.005    

[Print][Sun Sep 12 19:55:48 2021]: RD: -504.78    

[Print][Sun Sep 12 19:55:48 2021]: RD: -446.07    

[Print][Sun Sep 12 19:55:48 2021]: RD: 1874.71    

[Print][Sun Sep 12 19:55:48 2021]: RD: 718.46    

[Print][Sun Sep 12 19:55:48 2021]: RD: -402.925    

[Print][Sun Sep 12 19:55:48 2021]: RD: -508.62    

[Print][Sun Sep 12 19:55:49 2021]: RD: -446.54    

[Print][Sun Sep 12 19:55:49 2021]: RD: -425.535    

[Print][Sun Sep 12 19:55:49 2021]: RD: -503.1    

[Print][Sun Sep 12 19:55:49 2021]: RD: -450.3    

[Print][Sun Sep 12 19:55:49 2021]: RD: -569.41    

[Print][Sun Sep 12 19:55:49 2021]: RD: -411.905    

[Print][Sun Sep 12 19:55:49 2021]: RD: 1164.52    

[Print][Sun Sep 12 19:55:49 2021]: RD: 4582.75    

[Print][Sun Sep 12 19:55:49 2021]: RD: -389.875    

[Print][Sun Sep 12 19:55:50 2021]: RD: 302.55    

[Print][Sun Sep 12 19:55:50 2021]: RD: -421.775    

[Print][Sun Sep 12 19:55:50 2021]: RD: 548.43    

[Print][Sun Sep 12 19:55:50 2021]: RD: 205.38    

[Print][Sun Sep 12 19:55:50 2021]: RD: 1259.45    

[Print][Sun Sep 12 19:55:50 2021]: RD: -573.73    

[Print][Sun Sep 12 19:55:50 2021]: RD: -308.5    

[Print][Sun Sep 12 19:55:50 2021]: RD: -358.92    

[Print][Sun Sep 12 19:55:50 2021]: RD: -559.18    

[Print][Sun Sep 12 19:55:50 2021]: RD: 2347.08    

[Print][Sun Sep 12 19:55:50 2021]: RD: -556.76    

[Print][Sun Sep 12 19:55:55 2021]: RD: -268.235    

[Print][Sun Sep 12 19:55:55 2021]: RD: -280.415    

[Print][Sun Sep 12 19:55:55 2021]: RD: 868.26    

[Print][Sun Sep 12 19:55:56 2021]: RD: -275.195    

[Print][Sun Sep 12 19:55:56 2021]: RD: 864.12    

[Print][Sun Sep 12 19:55:56 2021]: RD: 866.65    

[Print][Sun Sep 12 19:55:56 2021]: RD: -264.755    

[Print][Sun Sep 12 19:59:14 2021]: >> Cleaning players online status...    

[Print][Sun Sep 12 19:59:14 2021]: > Done in 0.24 seconds    

[Print][Sun Sep 12 19:59:14 2021]: >> Loading PvP Arenas...    

[Print][Sun Sep 12 19:59:14 2021]: > Done in 0.00 seconds    

[Print][Sun Sep 12 19:59:14 2021]: >> Loading Caught Highscores...    

[Print][Sun Sep 12 19:59:14 2021]: > Done in 0.00 seconds    

[Print][Sun Sep 12 19:59:14 2021]: >> Loading Tournament Highscores...    

[Print][Sun Sep 12 19:59:14 2021]: > Done in 0.01 seconds    

[Print][Sun Sep 12 19:59:14 2021]: >> Loading Berry Trees...    

[Print][Sun Sep 12 19:59:14 2021]: > Done in 0.05 seconds    

[Print][Sun Sep 12 19:59:14 2021]: >> Cleaning Mastery Dungeons...    

[Print][Sun Sep 12 19:59:14 2021]: > Done in 0.00 seconds    

[Print][Sun Sep 12 19:59:14 2021]: >> Loading Bosses...    

[Print][Sun Sep 12 19:59:14 2021]: >> Scheduled Boss Spawn: Great Saul in 10 hours, 46 minutes and 44 seconds    

[Print][Sun Sep 12 19:59:14 2021]: > Done in 0.01 seconds    

[Print][Sun Sep 12 19:59:14 2021]: >> Loading Highscores...    

[Print][Sun Sep 12 19:59:14 2021]: > Done in 0.00 seconds    

[Print][Sun Sep 12 19:59:14 2021]: >> Loading Ball Pillars...    

[Print][Sun Sep 12 19:59:14 2021]: > Done in 0.00 seconds    

[Print][Sun Sep 12 19:59:14 2021]: >> Loading Citizens...    

[Print][Sun Sep 12 19:59:15 2021]: > Done in 0.42 seconds    

[Print][Sun Sep 12 19:59:15 2021]: >> Loading Ranks...    

[Print][Sun Sep 12 19:59:15 2021]: > Done in 0.00 seconds    

[Print][Sun Sep 12 19:59:15 2021]: >> All done on Sun Sep 12 19:59:15 2021    

[Print][Sun Sep 12 20:01:44 2021]: >> Cleaning players online status...    

[Print][Sun Sep 12 20:01:44 2021]: > Done in 0.03 seconds    

[Print][Sun Sep 12 20:01:44 2021]: >> Loading PvP Arenas...    

[Print][Sun Sep 12 20:01:44 2021]: > Done in 0.00 seconds    

[Print][Sun Sep 12 20:01:44 2021]: >> Loading Caught Highscores...    

[Print][Sun Sep 12 20:01:44 2021]: > Done in 0.00 seconds    

[Print][Sun Sep 12 20:01:44 2021]: >> Loading Tournament Highscores...    

[Print][Sun Sep 12 20:01:44 2021]: > Done in 0.00 seconds    

[Print][Sun Sep 12 20:01:44 2021]: >> Loading Berry Trees...    

[Print][Sun Sep 12 20:01:44 2021]: > Done in 0.04 seconds    

[Print][Sun Sep 12 20:01:44 2021]: >> Cleaning Mastery Dungeons...    

[Print][Sun Sep 12 20:01:44 2021]: > Done in 0.00 seconds    

[Print][Sun Sep 12 20:01:44 2021]: >> Loading Bosses...    

[Print][Sun Sep 12 20:01:44 2021]: >> Scheduled Boss Spawn: Grisly Mind in 13 hours, 44 minutes and 38 seconds    

[Print][Sun Sep 12 20:01:44 2021]: > Done in 0.01 seconds    

[Print][Sun Sep 12 20:01:44 2021]: >> Loading Highscores...    

[Print][Sun Sep 12 20:01:44 2021]: > Done in 0.00 seconds    

[Print][Sun Sep 12 20:01:44 2021]: >> Loading Ball Pillars...    

[Print][Sun Sep 12 20:01:44 2021]: > Done in 0.00 seconds    

[Print][Sun Sep 12 20:01:44 2021]: >> Loading Citizens...    

[Print][Sun Sep 12 20:01:45 2021]: > Done in 0.44 seconds    

[Print][Sun Sep 12 20:01:45 2021]: >> Loading Ranks...    

[Print][Sun Sep 12 20:01:45 2021]: > Done in 0.00 seconds    

[Print][Sun Sep 12 20:01:45 2021]: >> All done on Sun Sep 12 20:01:45 2021    

[Print][Sun Sep 12 20:04:31 2021]: >> Cleaning players online status...    

[Print][Sun Sep 12 20:04:31 2021]: > Done in 0.02 seconds    

[Print][Sun Sep 12 20:04:31 2021]: >> Loading PvP Arenas...    

[Print][Sun Sep 12 20:04:31 2021]: > Done in 0.00 seconds    

[Print][Sun Sep 12 20:04:31 2021]: >> Loading Caught Highscores...    

[Print][Sun Sep 12 20:04:31 2021]: > Done in 0.00 seconds    

[Print][Sun Sep 12 20:04:31 2021]: >> Loading Tournament Highscores...    

[Print][Sun Sep 12 20:04:31 2021]: > Done in 0.00 seconds    

[Print][Sun Sep 12 20:04:31 2021]: >> Loading Berry Trees...    

[Print][Sun Sep 12 20:04:31 2021]: > Done in 0.02 seconds    

[Print][Sun Sep 12 20:04:31 2021]: >> Cleaning Mastery Dungeons...    

[Print][Sun Sep 12 20:04:31 2021]: > Done in 0.00 seconds    

[Print][Sun Sep 12 20:04:31 2021]: >> Loading Bosses...    

[Print][Sun Sep 12 20:04:31 2021]: >> Scheduled Boss Spawn: Blastertoise in 12 hours, 53 minutes and 24 seconds    

[Print][Sun Sep 12 20:04:31 2021]: > Done in 0.01 seconds    

[Print][Sun Sep 12 20:04:31 2021]: >> Loading Highscores...    

[Print][Sun Sep 12 20:04:31 2021]: > Done in 0.00 seconds    

[Print][Sun Sep 12 20:04:31 2021]: >> Loading Ball Pillars...    

[Print][Sun Sep 12 20:04:31 2021]: > Done in 0.00 seconds    

[Print][Sun Sep 12 20:04:31 2021]: >> Loading Citizens...    

[Print][Sun Sep 12 20:04:32 2021]: > Done in 0.41 seconds    

[Print][Sun Sep 12 20:04:32 2021]: >> Loading Ranks...    

[Print][Sun Sep 12 20:04:32 2021]: > Done in 0.00 seconds    

[Print][Sun Sep 12 20:04:32 2021]: >> All done on Sun Sep 12 20:04:32 2021    

[Print][Sun Sep 12 21:45:30 2021]: >> Cleaning players online status...    

[Print][Sun Sep 12 21:45:30 2021]: > Done in 0.05 seconds    

[Print][Sun Sep 12 21:45:30 2021]: >> Loading PvP Arenas...    

[Print][Sun Sep 12 21:45:30 2021]: > Done in 0.00 seconds    

[Print][Sun Sep 12 21:45:30 2021]: >> Loading Caught Highscores...    

[Print][Sun Sep 12 21:45:30 2021]: > Done in 0.00 seconds    

[Print][Sun Sep 12 21:45:30 2021]: >> Loading Tournament Highscores...    

[Print][Sun Sep 12 21:45:30 2021]: > Done in 0.00 seconds    

[Print][Sun Sep 12 21:45:30 2021]: >> Loading Berry Trees...    

[Print][Sun Sep 12 21:45:30 2021]: > Done in 0.02 seconds    

[Print][Sun Sep 12 21:45:30 2021]: >> Cleaning Mastery Dungeons...    

[Print][Sun Sep 12 21:45:30 2021]: > Done in 0.00 seconds    

[Print][Sun Sep 12 21:45:30 2021]: >> Loading Bosses...    

[Print][Sun Sep 12 21:45:30 2021]: >> Scheduled Boss Spawn: Kirby in 15 hours, 37 minutes and 34 seconds    

[Print][Sun Sep 12 21:45:30 2021]: > Done in 0.01 seconds    

[Print][Sun Sep 12 21:45:30 2021]: >> Loading Highscores...    

[Print][Sun Sep 12 21:45:30 2021]: > Done in 0.00 seconds    

[Print][Sun Sep 12 21:45:30 2021]: >> Loading Ball Pillars...    

[Print][Sun Sep 12 21:45:30 2021]: > Done in 0.01 seconds    

[Print][Sun Sep 12 21:45:30 2021]: >> Loading Citizens...    

[Print][Sun Sep 12 21:45:30 2021]: > Done in 0.43 seconds    

[Print][Sun Sep 12 21:45:30 2021]: >> Loading Ranks...    

[Print][Sun Sep 12 21:45:30 2021]: > Done in 0.00 seconds    

[Print][Sun Sep 12 21:45:30 2021]: >> All done on Sun Sep 12 21:45:30 2021    

[Print][Sun Sep 12 22:17:16 2021]: >> Cleaning players online status...    

[Print][Sun Sep 12 22:17:16 2021]: > Done in 0.06 seconds    

[Print][Sun Sep 12 22:17:16 2021]: >> Loading PvP Arenas...    

[Print][Sun Sep 12 22:17:16 2021]: > Done in 0.00 seconds    

[Print][Sun Sep 12 22:17:16 2021]: >> Loading Caught Highscores...    

[Print][Sun Sep 12 22:17:16 2021]: > Done in 0.00 seconds    

[Print][Sun Sep 12 22:17:16 2021]: >> Loading Tournament Highscores...    

[Print][Sun Sep 12 22:17:16 2021]: > Done in 0.00 seconds    

[Print][Sun Sep 12 22:17:16 2021]: >> Loading Berry Trees...    

[Print][Sun Sep 12 22:17:16 2021]: > Done in 0.02 seconds    

[Print][Sun Sep 12 22:17:16 2021]: >> Cleaning Mastery Dungeons...    

[Print][Sun Sep 12 22:17:16 2021]: > Done in 0.00 seconds    

[Print][Sun Sep 12 22:17:16 2021]: >> Loading Bosses...    

[Print][Sun Sep 12 22:17:16 2021]: >> Scheduled Boss Spawn: Toby in 6 hours, 1 minute and 22 seconds    

[Print][Sun Sep 12 22:17:16 2021]: > Done in 0.01 seconds    

[Print][Sun Sep 12 22:17:16 2021]: >> Loading Highscores...    

[Print][Sun Sep 12 22:17:16 2021]: > Done in 0.00 seconds    

[Print][Sun Sep 12 22:17:16 2021]: >> Loading Ball Pillars...    

[Print][Sun Sep 12 22:17:16 2021]: > Done in 0.01 seconds    

[Print][Sun Sep 12 22:17:16 2021]: >> Loading Citizens...    

[Print][Sun Sep 12 22:17:17 2021]: > Done in 0.47 seconds    

[Print][Sun Sep 12 22:17:17 2021]: >> Loading Ranks...    

[Print][Sun Sep 12 22:17:17 2021]: > Done in 0.00 seconds    

[Print][Sun Sep 12 22:17:17 2021]: >> All done on Sun Sep 12 22:17:17 2021    

