[Print][Sun Nov 07 14:02:09 2021]: >> Cleaning players online status...    

[Print][Sun Nov 07 14:02:09 2021]: > Done in 0.03 seconds    

[Print][Sun Nov 07 14:02:09 2021]: >> Loading PvP Arenas...    

[Print][Sun Nov 07 14:02:09 2021]: > Done in 0.00 seconds    

[Print][Sun Nov 07 14:02:09 2021]: >> Loading Caught Highscores...    

[Print][Sun Nov 07 14:02:09 2021]: > Done in 0.00 seconds    

[Print][Sun Nov 07 14:02:09 2021]: >> Loading Tournament Highscores...    

[Print][Sun Nov 07 14:02:09 2021]: > Done in 0.00 seconds    

[Print][Sun Nov 07 14:02:09 2021]: >> Loading Berry Trees...    

[Print][Sun Nov 07 14:02:09 2021]: > Done in 0.03 seconds    

[Print][Sun Nov 07 14:02:09 2021]: >> Cleaning Mastery Dungeons...    

[Print][Sun Nov 07 14:02:09 2021]: > Done in 0.00 seconds    

[Print][Sun Nov 07 14:02:09 2021]: >> Loading Bosses...    

[Print][Sun Nov 07 14:02:09 2021]: >> Scheduled Boss Spawn: Great Saul in 14 hours, 43 minutes and 23 seconds    

[Print][Sun Nov 07 14:02:09 2021]: > Done in 0.01 seconds    

[Print][Sun Nov 07 14:02:09 2021]: >> Loading Highscores...    

[Print][Sun Nov 07 14:02:09 2021]: > Done in 0.00 seconds    

[Print][Sun Nov 07 14:02:09 2021]: >> Loading Ball Pillars...    

[Print][Sun Nov 07 14:02:09 2021]: > Done in 0.01 seconds    

[Print][Sun Nov 07 14:02:09 2021]: >> Loading Citizens...    

[Print][Sun Nov 07 14:02:10 2021]: > Done in 0.52 seconds    

[Print][Sun Nov 07 14:02:10 2021]: >> Loading Ranks...    

[Print][Sun Nov 07 14:02:10 2021]: > Done in 0.00 seconds    

[Print][Sun Nov 07 14:02:10 2021]: >> All done on Sun Nov 07 14:02:10 2021    

[Print][Sun Nov 07 14:34:27 2021]: 3    1    1    1    

[Print][Sun Nov 07 14:34:41 2021]: 3    1    1    1    

[Print][Sun Nov 07 14:34:50 2021]: 3    1    1    1    

[Print][Sun Nov 07 14:35:00 2021]: 3    1    1    1    

[Print][Sun Nov 07 14:35:10 2021]: 3    1    1    1    

[Print][Sun Nov 07 14:35:10 2021]: 3    1    1    1    

[Print][Sun Nov 07 14:35:23 2021]: 3    1    1    1    

[Print][Sun Nov 07 14:35:38 2021]: 3    1    1    1    

[Print][Sun Nov 07 14:35:51 2021]: 3    1    1    1    

[Print][Sun Nov 07 14:35:51 2021]: 3    1    1    1    

[Print][Sun Nov 07 14:35:54 2021]: 3    1    1    1    

[Print][Sun Nov 07 14:35:58 2021]: 3    1    1    1    

[Print][Sun Nov 07 14:36:13 2021]: 3    1    1    1    

[Print][Sun Nov 07 14:36:23 2021]: 3    1    1    1    

[Print][Sun Nov 07 14:36:24 2021]: 3    1    1    1    

[Print][Sun Nov 07 14:36:36 2021]: 3    1    1    1    

[Print][Sun Nov 07 14:36:42 2021]: 3    1    1    1    

[Print][Sun Nov 07 14:37:02 2021]: 3    1    1    1    

[Print][Sun Nov 07 14:37:06 2021]: 3    1    1    1    

[Print][Sun Nov 07 14:37:15 2021]: 3    1    1    1    

[Print][Sun Nov 07 14:37:24 2021]: 3    1    1    1    

[Print][Sun Nov 07 14:37:29 2021]: 3    1    1    1    

[Print][Sun Nov 07 14:37:40 2021]: 3    1    1    1    

[Print][Sun Nov 07 14:37:58 2021]: 3    1    1    1    

[Print][Sun Nov 07 14:37:59 2021]: 3    1    1    1    

[Print][Sun Nov 07 14:38:12 2021]: 3    1    1    1    

[Print][Sun Nov 07 14:38:21 2021]: 3    1    1    1    

[Print][Sun Nov 07 14:38:21 2021]: 3    1    1    1    

[Print][Sun Nov 07 14:38:44 2021]: 3    1    1    1    

[Print][Sun Nov 07 14:38:44 2021]: 3    1    1    1    

[Print][Sun Nov 07 14:39:13 2021]: 3    1    1    1    

[Print][Sun Nov 07 14:54:09 2021]: 3    1    1    1    

[Print][Sun Nov 07 14:54:14 2021]: 3    1    1    1    

[Print][Sun Nov 07 14:54:22 2021]: 3    1    1    1    

[Print][Sun Nov 07 14:54:30 2021]: 3    1    1    1    

[Print][Sun Nov 07 14:54:42 2021]: 3    1    1    1    

[Print][Sun Nov 07 14:54:42 2021]: 3    1    1    1    

[Print][Sun Nov 07 14:54:55 2021]: 3    1    1    1    

[Print][Sun Nov 07 14:55:12 2021]: 3    1    1    1    

[Print][Sun Nov 07 14:55:20 2021]: 3    1    1    1    

[Print][Sun Nov 07 14:55:30 2021]: 3    1    1    1    

[Print][Sun Nov 07 14:55:35 2021]: 3    1    1    1    

[Print][Sun Nov 07 14:55:38 2021]: 3    1    1    1    

[Print][Sun Nov 07 14:55:55 2021]: 3    1    1    1    

[Print][Sun Nov 07 14:56:01 2021]: 3    1    1    1    

[Print][Sun Nov 07 14:56:02 2021]: 3    1    1    1    

[Print][Sun Nov 07 14:56:28 2021]: 3    1    1    1    

[Print][Sun Nov 07 14:56:31 2021]: 3    1    1    1    

[Print][Sun Nov 07 14:56:39 2021]: 3    1    1    1    

[Print][Sun Nov 07 14:56:46 2021]: 3    1    1    1    

[Print][Sun Nov 07 14:56:49 2021]: 3    1    1    1    

[Print][Sun Nov 07 14:56:54 2021]: 3    1    1    1    

[Print][Sun Nov 07 14:57:15 2021]: 3    1    1    1    

[Print][Sun Nov 07 14:57:23 2021]: 3    1    1    1    

[Print][Sun Nov 07 14:57:43 2021]: 3    1    1    1    

[Print][Sun Nov 07 14:57:47 2021]: 3    1    1    1    

[Print][Sun Nov 07 14:58:03 2021]: 3    1    1    1    

[Print][Sun Nov 07 14:58:11 2021]: 3    1    1    1    

[Print][Sun Nov 07 14:58:12 2021]: 3    1    1    1    

[Print][Sun Nov 07 14:58:31 2021]: 3    1    1    1    

[Print][Sun Nov 07 14:58:32 2021]: 3    1    1    1    

[Print][Sun Nov 07 14:58:54 2021]: 3    1    1    1    

