[Print][Wed Oct 27 00:24:08 2021]: onUseMedicament    

[Print][Wed Oct 27 00:24:08 2021]: 20    12    

[Print][Wed Oct 27 00:24:08 2021]: 19    

[Print][Wed Oct 27 00:24:22 2021]: 3    1    1    1    

[Print][Wed Oct 27 00:24:30 2021]: 3    1    1    1    

[Print][Wed Oct 27 00:24:37 2021]: 3    1    1    1    

[Print][Wed Oct 27 13:26:53 2021]: >> Cleaning players online status...    

[Print][Wed Oct 27 13:26:53 2021]: > Done in 0.02 seconds    

[Print][Wed Oct 27 13:26:53 2021]: >> Loading PvP Arenas...    

[Print][Wed Oct 27 13:26:54 2021]: > Done in 0.02 seconds    

[Print][Wed Oct 27 13:26:54 2021]: >> Loading Caught Highscores...    

[Print][Wed Oct 27 13:26:54 2021]: > Done in 0.00 seconds    

[Print][Wed Oct 27 13:26:54 2021]: >> Loading Tournament Highscores...    

[Print][Wed Oct 27 13:26:54 2021]: > Done in 0.00 seconds    

[Print][Wed Oct 27 13:26:54 2021]: >> Loading Berry Trees...    

[Print][Wed Oct 27 13:26:54 2021]: > Done in 0.04 seconds    

[Print][Wed Oct 27 13:26:54 2021]: >> Cleaning Mastery Dungeons...    

[Print][Wed Oct 27 13:26:54 2021]: > Done in 0.00 seconds    

[Print][Wed Oct 27 13:26:54 2021]: >> Loading Bosses...    

[Print][Wed Oct 27 13:26:54 2021]: >> Scheduled Boss Spawn: DoomBoy in 13 hours, 12 minutes and 1 second    

[Print][Wed Oct 27 13:26:54 2021]: > Done in 0.01 seconds    

[Print][Wed Oct 27 13:26:54 2021]: >> Loading Highscores...    

[Print][Wed Oct 27 13:26:54 2021]: > Done in 0.00 seconds    

[Print][Wed Oct 27 13:26:54 2021]: >> Loading Ball Pillars...    

[Print][Wed Oct 27 13:26:54 2021]: > Done in 0.02 seconds    

[Print][Wed Oct 27 13:26:54 2021]: >> Loading Citizens...    

[Print][Wed Oct 27 13:26:54 2021]: > Done in 0.57 seconds    

[Print][Wed Oct 27 13:26:54 2021]: >> Loading Ranks...    

[Print][Wed Oct 27 13:26:54 2021]: > Done in 0.00 seconds    

[Print][Wed Oct 27 13:26:54 2021]: >> All done on Wed Oct 27 13:26:54 2021    

[Print][Wed Oct 27 13:49:34 2021]: O tempo acabou, e o Alpha Chanel perdeu.    

[Print][Wed Oct 27 14:00:30 2021]: O tempo acabou, e o Alpha Chanel perdeu.    

[Print][Wed Oct 27 14:37:41 2021]: O jogador mvbds foi convidado!    

[Print][Wed Oct 27 14:37:43 2021]: aceitou    

[Print][Wed Oct 27 14:38:00 2021]: Este jogador ja foi convidado.    

[Print][Wed Oct 27 14:40:19 2021]: O jogador mvbds foi convidado!    

[Print][Wed Oct 27 14:40:25 2021]: aceitou    

[Print][Wed Oct 27 14:40:30 2021]: Este jogador ja foi convidado.    

[Print][Wed Oct 27 14:42:57 2021]: O jogador mvbds foi convidado!    

[Print][Wed Oct 27 14:43:01 2021]: acc: mvbds    

[Print][Wed Oct 27 14:43:01 2021]: aceitou    

[Print][Wed Oct 27 14:44:20 2021]: O jogador Mvbds foi convidado!    

[Print][Wed Oct 27 14:44:23 2021]: acc: Mvbds    

[Print][Wed Oct 27 14:44:23 2021]: removed    

[Print][Wed Oct 27 14:44:23 2021]: aceitou    

[Print][Wed Oct 27 14:46:17 2021]: O jogador mvbds foi convidado!    

[Print][Wed Oct 27 14:46:23 2021]: acc: mvbds    

[Print][Wed Oct 27 14:46:23 2021]: removed    

[Print][Wed Oct 27 14:46:23 2021]: aceitou    

[Print][Wed Oct 27 14:46:31 2021]: O jogador mvbds foi convidado!    

[Print][Wed Oct 27 14:46:34 2021]: acc: mvbds    

[Print][Wed Oct 27 14:46:34 2021]: removed    

[Print][Wed Oct 27 14:46:34 2021]: aceitou    

[Print][Wed Oct 27 14:46:38 2021]: Alpha Chanel desfez o time.    

[Print][Wed Oct 27 14:46:52 2021]: O jogador mvbds foi convidado!    

[Print][Wed Oct 27 14:46:58 2021]: acc: mvbds    

[Print][Wed Oct 27 14:46:58 2021]: removed    

[Print][Wed Oct 27 14:46:58 2021]: aceitou    

[Print][Wed Oct 27 14:47:21 2021]: O jogador mvbds foi convidado!    

[Print][Wed Oct 27 14:47:27 2021]: acc: mvbds    

[Print][Wed Oct 27 14:47:27 2021]: removed    

[Print][Wed Oct 27 14:47:27 2021]: aceitou    

[Print][Wed Oct 27 15:03:46 2021]: O jogador mvbds foi convidado!    

[Print][Wed Oct 27 15:03:52 2021]: removed    

[Print][Wed Oct 27 15:03:52 2021]: aceitou    

[Print][Wed Oct 27 15:04:11 2021]: Alpha Chanel desfez o time.    

[Print][Wed Oct 27 15:31:17 2021]: 3    1    1    1    

[Print][Wed Oct 27 15:31:24 2021]: 3    1    1    1    

[Print][Wed Oct 27 15:31:33 2021]: 3    1    1    1    

[Print][Wed Oct 27 15:32:15 2021]: onUseMedicament    

[Print][Wed Oct 27 18:42:20 2021]: >> Cleaning players online status...    

[Print][Wed Oct 27 18:42:20 2021]: > Done in 0.05 seconds    

[Print][Wed Oct 27 18:42:20 2021]: >> Loading PvP Arenas...    

[Print][Wed Oct 27 18:42:20 2021]: > Done in 0.00 seconds    

[Print][Wed Oct 27 18:42:20 2021]: >> Loading Caught Highscores...    

[Print][Wed Oct 27 18:42:20 2021]: > Done in 0.01 seconds    

[Print][Wed Oct 27 18:42:20 2021]: >> Loading Tournament Highscores...    

[Print][Wed Oct 27 18:42:20 2021]: > Done in 0.00 seconds    

[Print][Wed Oct 27 18:42:20 2021]: >> Loading Berry Trees...    

[Print][Wed Oct 27 18:42:20 2021]: > Done in 0.02 seconds    

[Print][Wed Oct 27 18:42:20 2021]: >> Cleaning Mastery Dungeons...    

[Print][Wed Oct 27 18:42:20 2021]: > Done in 0.00 seconds    

[Print][Wed Oct 27 18:42:20 2021]: >> Loading Bosses...    

[Print][Wed Oct 27 18:42:20 2021]: >> Scheduled Boss Spawn: DoomBoy in 12 hours, 57 minutes and 14 seconds    

[Print][Wed Oct 27 18:42:20 2021]: > Done in 0.01 seconds    

[Print][Wed Oct 27 18:42:20 2021]: >> Loading Highscores...    

[Print][Wed Oct 27 18:42:20 2021]: > Done in 0.00 seconds    

[Print][Wed Oct 27 18:42:20 2021]: >> Loading Ball Pillars...    

[Print][Wed Oct 27 18:42:20 2021]: > Done in 0.01 seconds    

[Print][Wed Oct 27 18:42:20 2021]: >> Loading Citizens...    

[Print][Wed Oct 27 18:42:20 2021]: > Done in 0.61 seconds    

[Print][Wed Oct 27 18:42:20 2021]: >> Loading Ranks...    

[Print][Wed Oct 27 18:42:20 2021]: > Done in 0.00 seconds    

[Print][Wed Oct 27 18:42:20 2021]: >> All done on Wed Oct 27 18:42:20 2021    

[Print][Wed Oct 27 19:24:17 2021]: 3    1    1    1    

[Print][Wed Oct 27 19:24:19 2021]: 3    1    1    1    

[Print][Wed Oct 27 19:24:22 2021]: 3    1    1    1    

