[Print][Tue Sep 07 09:10:11 2021]: >> Cleaning players online status...    

[Print][Tue Sep 07 09:10:11 2021]: > Done in 0.04 seconds    

[Print][Tue Sep 07 09:10:11 2021]: >> Loading PvP Arenas...    

[Print][Tue Sep 07 09:10:11 2021]: > Done in 0.01 seconds    

[Print][Tue Sep 07 09:10:11 2021]: >> Loading Caught Highscores...    

[Print][Tue Sep 07 09:10:11 2021]: > Done in 0.00 seconds    

[Print][Tue Sep 07 09:10:11 2021]: >> Loading Tournament Highscores...    

[Print][Tue Sep 07 09:10:11 2021]: > Done in 0.00 seconds    

[Print][Tue Sep 07 09:10:11 2021]: >> Loading Berry Trees...    

[Print][Tue Sep 07 09:10:11 2021]: > Done in 0.01 seconds    

[Print][Tue Sep 07 09:10:11 2021]: >> Cleaning Mastery Dungeons...    

[Print][Tue Sep 07 09:10:11 2021]: > Done in 0.00 seconds    

[Print][Tue Sep 07 09:10:11 2021]: >> Loading Bosses...    

[Print][Tue Sep 07 09:10:11 2021]: >> Scheduled Boss Spawn: The A. Mesmer in 12 hours, 6 minutes and 39 seconds    

[Print][Tue Sep 07 09:10:11 2021]: > Done in 0.01 seconds    

[Print][Tue Sep 07 09:10:11 2021]: >> Loading Highscores...    

[Print][Tue Sep 07 09:10:11 2021]: > Done in 0.00 seconds    

[Print][Tue Sep 07 09:10:12 2021]: >> Loading Ball Pillars...    

[Print][Tue Sep 07 09:10:12 2021]: > Done in 0.04 seconds    

[Print][Tue Sep 07 09:10:12 2021]: >> Loading Citizens...    

[Print][Tue Sep 07 09:10:12 2021]: > Done in 0.61 seconds    

[Print][Tue Sep 07 09:10:12 2021]: >> Loading Ranks...    

[Print][Tue Sep 07 09:10:12 2021]: > Done in 0.00 seconds    

[Print][Tue Sep 07 09:10:12 2021]: >> All done on Tue Sep 07 09:10:12 2021    

[Print][Tue Sep 07 10:20:27 2021]: >> Cleaning players online status...    

[Print][Tue Sep 07 10:20:27 2021]: > Done in 0.02 seconds    

[Print][Tue Sep 07 10:20:27 2021]: >> Loading PvP Arenas...    

[Print][Tue Sep 07 10:20:27 2021]: > Done in 0.00 seconds    

[Print][Tue Sep 07 10:20:27 2021]: >> Loading Caught Highscores...    

[Print][Tue Sep 07 10:20:27 2021]: > Done in 0.00 seconds    

[Print][Tue Sep 07 10:20:27 2021]: >> Loading Tournament Highscores...    

[Print][Tue Sep 07 10:20:27 2021]: > Done in 0.00 seconds    

[Print][Tue Sep 07 10:20:27 2021]: >> Loading Berry Trees...    

[Print][Tue Sep 07 10:20:27 2021]: > Done in 0.02 seconds    

[Print][Tue Sep 07 10:20:27 2021]: >> Cleaning Mastery Dungeons...    

[Print][Tue Sep 07 10:20:27 2021]: > Done in 0.00 seconds    

[Print][Tue Sep 07 10:20:27 2021]: >> Loading Bosses...    

[Print][Tue Sep 07 10:20:27 2021]: >> Scheduled Boss Spawn: Great Saul in 12 hours, 28 minutes and 29 seconds    

[Print][Tue Sep 07 10:20:27 2021]: > Done in 0.00 seconds    

[Print][Tue Sep 07 10:20:27 2021]: >> Loading Highscores...    

[Print][Tue Sep 07 10:20:27 2021]: > Done in 0.00 seconds    

[Print][Tue Sep 07 10:20:28 2021]: >> Loading Ball Pillars...    

[Print][Tue Sep 07 10:20:28 2021]: > Done in 0.08 seconds    

[Print][Tue Sep 07 10:20:28 2021]: >> Loading Citizens...    

[Print][Tue Sep 07 10:20:28 2021]: > Done in 0.47 seconds    

[Print][Tue Sep 07 10:20:28 2021]: >> Loading Ranks...    

[Print][Tue Sep 07 10:20:28 2021]: > Done in 0.00 seconds    

[Print][Tue Sep 07 10:20:28 2021]: >> All done on Tue Sep 07 10:20:28 2021    

[Print][Tue Sep 07 10:34:22 2021]: 

[Print][Tue Sep 07 10:35:34 2021]: Shiny Bulbasaur    

[Print][Tue Sep 07 10:38:14 2021]: Shiny Bulbasaur    

[Print][Tue Sep 07 10:38:14 2021]: Shiny Bulbasaur    

[Print][Tue Sep 07 10:40:10 2021]: Shiny Bulbasaur    100    

[Print][Tue Sep 07 10:41:48 2021]: Shiny Bulbasaur    100    

[Print][Tue Sep 07 10:44:32 2021]: Shiny Bulbasaur    100    0    

[Print][Tue Sep 07 10:45:19 2021]: Shiny Bulbasaur    100    0    70117    

[Print][Tue Sep 07 10:48:05 2021]: Shiny Bulbasaur    100    0    70137    

[Print][Tue Sep 07 10:48:42 2021]: Shiny Bulbasaur    100    0    70137    

[Print][Tue Sep 07 10:49:19 2021]: Shiny Bulbasaur    100    0    70137    

[Print][Tue Sep 07 10:50:42 2021]: Shiny Bulbasaur    100    0    70137    

[Print][Tue Sep 07 10:53:08 2021]: Shiny Bulbasaur    100    0    70137    

[Print][Tue Sep 07 10:54:55 2021]: Shiny Bulbasaur    100    0    70137    

[Print][Tue Sep 07 10:56:24 2021]: Shiny Bulbasaur    100    0    70137    

[Print][Tue Sep 07 10:58:47 2021]: Shiny Bulbasaur    100    0    70137    

[Print][Tue Sep 07 11:00:10 2021]: Shiny Bulbasaur    100    0    70137    

[Print][Tue Sep 07 11:00:21 2021]: Shiny Bulbasaur    100    0    70137    

[Print][Tue Sep 07 11:00:31 2021]: Shiny Bulbasaur    100    0    70137    

[Print][Tue Sep 07 11:01:01 2021]: Shiny Bulbasaur    100    0    70137    

[Print][Tue Sep 07 11:01:50 2021]: Shiny Bulbasaur    100    0    70137    

[Print][Tue Sep 07 11:01:55 2021]: Shiny Bulbasaur    100    0    70137    

[Print][Tue Sep 07 11:03:00 2021]: Shiny Bulbasaur    100    0    70137    

[Print][Tue Sep 07 11:04:01 2021]: Shiny Bulbasaur    100    0    70137    

[Print][Tue Sep 07 11:04:18 2021]: Shiny Bulbasaur    100    0    70137    

[Print][Tue Sep 07 11:06:17 2021]: Shiny Bulbasaur    100    0    70137    

[Print][Tue Sep 07 11:07:49 2021]: Shiny Bulbasaur    100    0    70137    

[Print][Tue Sep 07 11:08:34 2021]: Shiny Bulbasaur    100    0    70137    

[Print][Tue Sep 07 11:08:53 2021]: Shiny Bulbasaur    100    0    70137    

[Print][Tue Sep 07 11:09:10 2021]: Shiny Bulbasaur    100    0    70137    

[Print][Tue Sep 07 11:13:32 2021]: Shiny Bulbasaur    100    0    70137    

[Print][Tue Sep 07 11:14:52 2021]: Shiny Bulbasaur    100    0    70137    

[Print][Tue Sep 07 11:17:17 2021]: Shiny Bulbasaur    100    0    70137    

[Print][Tue Sep 07 11:18:00 2021]: Shiny Bulbasaur    100    0    70137    

[Print][Tue Sep 07 11:21:40 2021]: Shiny Bulbasaur    100    0    70170    

[Print][Tue Sep 07 11:23:30 2021]: Shiny Bulbasaur    100    0    70170    

[Print][Tue Sep 07 11:36:06 2021]: Shiny Bulbasaur    100    0    70170    

[Print][Tue Sep 07 11:36:26 2021]: Shiny Bulbasaur    100    27    70203    

[Print][Tue Sep 07 11:36:58 2021]: Shiny Bulbasaur    100    27    70236    

[Print][Tue Sep 07 11:37:00 2021]: Shiny Bulbasaur    100    27    70236    

[Print][Tue Sep 07 11:37:00 2021]: Shiny Bulbasaur    100    27    70236    

[Print][Tue Sep 07 11:38:36 2021]: Shiny Bulbasaur    100    27    70236    

[Print][Tue Sep 07 11:44:03 2021]: Shiny Bulbasaur    100    27    70236    

[Print][Tue Sep 07 11:48:13 2021]: Shiny Bulbasaur    100    27    70236    

[Print][Tue Sep 07 11:49:33 2021]: Shiny Bulbasaur    100    27    70236    

[Print][Tue Sep 07 11:51:19 2021]: Shiny Bulbasaur    100    27    70236    

[Print][Tue Sep 07 11:52:02 2021]: Shiny Bulbasaur    100    27    70236    

[Print][Tue Sep 07 11:57:04 2021]: Shiny Bulbasaur    100    27    70236    

[Print][Tue Sep 07 11:58:12 2021]: Shiny Bulbasaur    100    27    70236    

[Print][Tue Sep 07 12:01:25 2021]: Shiny Bulbasaur    100    27    70344    

[Print][Tue Sep 07 12:04:28 2021]: Shiny Bulbasaur    100    27    70405    

[Print][Tue Sep 07 12:04:37 2021]: Shiny Bulbasaur    100    27    70405    

[Print][Tue Sep 07 12:06:25 2021]: Shiny Bulbasaur    100    27    70405    

[Print][Tue Sep 07 12:07:09 2021]: Shiny Bulbasaur    100    27    70405    

[Print][Tue Sep 07 12:07:47 2021]: Shiny Bulbasaur    100    27    70405    

[Print][Tue Sep 07 12:10:54 2021]: Shiny Bulbasaur    100    27    70405    

[Print][Tue Sep 07 12:11:11 2021]: Shiny Bulbasaur    100    27    70405    

[Print][Tue Sep 07 12:12:01 2021]: Shiny Bulbasaur    100    27    70405    

