[Print][Sun Oct 15 19:13:36 2023]: >> Cleaning players online status...    

[Print][Sun Oct 15 19:13:36 2023]: > Done in 0.00 seconds    

[Print][Sun Oct 15 19:13:36 2023]: >> Loading PvP Arenas...    

[Print][Sun Oct 15 19:13:36 2023]: > Done in 0.00 seconds    

[Print][Sun Oct 15 19:13:36 2023]: >> Loading Caught Highscores...    

[Print][Sun Oct 15 19:13:36 2023]: > Done in 0.00 seconds    

[Print][Sun Oct 15 19:13:36 2023]: >> Loading Tournament Highscores...    

[Print][Sun Oct 15 19:13:36 2023]: > Done in 0.00 seconds    

[Print][Sun Oct 15 19:13:36 2023]: >> Loading Berry Trees...    

[Print][Sun Oct 15 19:13:39 2023]: > Done in 0.00 seconds    

[Print][Sun Oct 15 19:13:39 2023]: >> Cleaning Mastery Dungeons...    

[Print][Sun Oct 15 19:13:39 2023]: > Done in 0.00 seconds    

[Print][Sun Oct 15 19:13:39 2023]: >> Loading Bosses...    

[Print][Sun Oct 15 19:13:39 2023]: >> Scheduled Boss Spawn: Winged Wisdom in 3 days, 15 hours, 41 minutes and 28 seconds    

[Print][Sun Oct 15 19:13:39 2023]: > Done in 0.01 seconds    

[Print][Sun Oct 15 19:13:39 2023]: >> Loading Highscores...    

[Print][Sun Oct 15 19:13:39 2023]: > Done in 0.00 seconds    

[Print][Sun Oct 15 19:13:39 2023]: >> Loading Ball Pillars...    

[Print][Sun Oct 15 19:13:39 2023]: > Done in 0.00 seconds    

[Print][Sun Oct 15 19:13:39 2023]: >> Loading Citizens...    

[Print][Sun Oct 15 19:13:40 2023]: > Done in 1.03 seconds    

[Print][Sun Oct 15 19:13:40 2023]: >> Loading Ranks...    

[Print][Sun Oct 15 19:13:40 2023]: > Done in 0.00 seconds    

[Print][Sun Oct 15 19:13:40 2023]: >> All done on Sun Oct 15 19:13:40 2023    

