[Print][Sun Aug 29 05:23:03 2021]: >> Cleaning players online status...    

[Print][Sun Aug 29 05:23:03 2021]: > Done in 0.02 seconds    

[Print][Sun Aug 29 05:23:03 2021]: >> Loading PvP Arenas...    

[Print][Sun Aug 29 05:23:03 2021]: > Done in 0.00 seconds    

[Print][Sun Aug 29 05:23:03 2021]: >> Loading Caught Highscores...    

[Print][Sun Aug 29 05:23:03 2021]: > Done in 0.00 seconds    

[Print][Sun Aug 29 05:23:03 2021]: >> Loading Tournament Highscores...    

[Print][Sun Aug 29 05:23:03 2021]: > Done in 0.00 seconds    

[Print][Sun Aug 29 05:23:03 2021]: >> Loading Berry Trees...    

[Print][Sun Aug 29 05:23:03 2021]: > Done in 0.02 seconds    

[Print][Sun Aug 29 05:23:03 2021]: >> Cleaning Mastery Dungeons...    

[Print][Sun Aug 29 05:23:03 2021]: > Done in 0.00 seconds    

[Print][Sun Aug 29 05:23:03 2021]: >> Loading Bosses...    

[Print][Sun Aug 29 05:23:03 2021]: >> Scheduled Boss Spawn: Twisted Blades in 11 hours, 25 minutes and 13 seconds    

[Print][Sun Aug 29 05:23:03 2021]: > Done in 0.00 seconds    

[Print][Sun Aug 29 05:23:03 2021]: >> Loading Highscores...    

[Print][Sun Aug 29 05:23:03 2021]: > Done in 0.00 seconds    

[Print][Sun Aug 29 05:23:03 2021]: >> Loading Ball Pillars...    

[Print][Sun Aug 29 05:23:03 2021]: > Done in 0.00 seconds    

[Print][Sun Aug 29 05:23:03 2021]: >> Loading Citizens...    

[Print][Sun Aug 29 05:23:04 2021]: > Done in 0.52 seconds    

[Print][Sun Aug 29 05:23:04 2021]: >> Loading Ranks...    

[Print][Sun Aug 29 05:23:04 2021]: > Done in 0.00 seconds    

[Print][Sun Aug 29 05:23:04 2021]: >> All done on Sun Aug 29 05:23:04 2021    

[Print][Sun Aug 29 05:32:27 2021]: >> Cleaning players online status...    

[Print][Sun Aug 29 05:32:27 2021]: > Done in 0.03 seconds    

[Print][Sun Aug 29 05:32:27 2021]: >> Loading PvP Arenas...    

[Print][Sun Aug 29 05:32:27 2021]: > Done in 0.00 seconds    

[Print][Sun Aug 29 05:32:27 2021]: >> Loading Caught Highscores...    

[Print][Sun Aug 29 05:32:27 2021]: > Done in 0.00 seconds    

[Print][Sun Aug 29 05:32:27 2021]: >> Loading Tournament Highscores...    

[Print][Sun Aug 29 05:32:27 2021]: > Done in 0.00 seconds    

[Print][Sun Aug 29 05:32:27 2021]: >> Loading Berry Trees...    

[Print][Sun Aug 29 05:32:28 2021]: > Done in 0.06 seconds    

[Print][Sun Aug 29 05:32:28 2021]: >> Cleaning Mastery Dungeons...    

[Print][Sun Aug 29 05:32:28 2021]: > Done in 0.00 seconds    

[Print][Sun Aug 29 05:32:28 2021]: >> Loading Bosses...    

[Print][Sun Aug 29 05:32:28 2021]: >> Scheduled Boss Spawn: Flesh'n Fire in 7 hours, 43 minutes and 55 seconds    

[Print][Sun Aug 29 05:32:28 2021]: > Done in 0.00 seconds    

[Print][Sun Aug 29 05:32:28 2021]: >> Loading Highscores...    

[Print][Sun Aug 29 05:32:28 2021]: > Done in 0.00 seconds    

[Print][Sun Aug 29 05:32:28 2021]: >> Loading Ball Pillars...    

[Print][Sun Aug 29 05:32:28 2021]: > Done in 0.00 seconds    

[Print][Sun Aug 29 05:32:28 2021]: >> Loading Citizens...    

[Print][Sun Aug 29 05:32:28 2021]: > Done in 0.48 seconds    

[Print][Sun Aug 29 05:32:28 2021]: >> Loading Ranks...    

[Print][Sun Aug 29 05:32:28 2021]: > Done in 0.00 seconds    

[Print][Sun Aug 29 05:32:28 2021]: >> All done on Sun Aug 29 05:32:28 2021    

[Print][Sun Aug 29 13:04:50 2021]: >> Cleaning players online status...    

[Print][Sun Aug 29 13:04:50 2021]: > Done in 0.03 seconds    

[Print][Sun Aug 29 13:04:50 2021]: >> Loading PvP Arenas...    

[Print][Sun Aug 29 13:04:50 2021]: > Done in 0.00 seconds    

[Print][Sun Aug 29 13:04:50 2021]: >> Loading Caught Highscores...    

[Print][Sun Aug 29 13:04:50 2021]: > Done in 0.02 seconds    

[Print][Sun Aug 29 13:04:50 2021]: >> Loading Tournament Highscores...    

[Print][Sun Aug 29 13:04:50 2021]: > Done in 0.00 seconds    

[Print][Sun Aug 29 13:04:50 2021]: >> Loading Berry Trees...    

[Print][Sun Aug 29 13:04:50 2021]: > Done in 0.03 seconds    

[Print][Sun Aug 29 13:04:50 2021]: >> Cleaning Mastery Dungeons...    

[Print][Sun Aug 29 13:04:50 2021]: > Done in 0.00 seconds    

[Print][Sun Aug 29 13:04:50 2021]: >> Loading Bosses...    

[Print][Sun Aug 29 13:04:50 2021]: >> Scheduled Boss Spawn: Phyllo Terribil in 9 hours, 43 minutes and 30 seconds    

[Print][Sun Aug 29 13:04:50 2021]: > Done in 0.00 seconds    

[Print][Sun Aug 29 13:04:50 2021]: >> Loading Highscores...    

[Print][Sun Aug 29 13:04:50 2021]: > Done in 0.00 seconds    

[Print][Sun Aug 29 13:04:50 2021]: >> Loading Ball Pillars...    

[Print][Sun Aug 29 13:04:50 2021]: > Done in 0.02 seconds    

[Print][Sun Aug 29 13:04:50 2021]: >> Loading Citizens...    

[Print][Sun Aug 29 13:04:51 2021]: > Done in 0.73 seconds    

[Print][Sun Aug 29 13:04:51 2021]: >> Loading Ranks...    

[Print][Sun Aug 29 13:04:51 2021]: > Done in 0.00 seconds    

[Print][Sun Aug 29 13:04:51 2021]: >> All done on Sun Aug 29 13:04:51 2021    

