[Print][Wed Oct 13 02:10:54 2021]: >> Cleaning players online status...    

[Print][Wed Oct 13 02:10:54 2021]: > Done in 0.05 seconds    

[Print][Wed Oct 13 02:10:54 2021]: >> Loading PvP Arenas...    

[Print][Wed Oct 13 02:10:54 2021]: > Done in 0.00 seconds    

[Print][Wed Oct 13 02:10:54 2021]: >> Loading Caught Highscores...    

[Print][Wed Oct 13 02:10:54 2021]: > Done in 0.00 seconds    

[Print][Wed Oct 13 02:10:54 2021]: >> Loading Tournament Highscores...    

[Print][Wed Oct 13 02:10:54 2021]: > Done in 0.00 seconds    

[Print][Wed Oct 13 02:10:54 2021]: >> Loading Berry Trees...    

[Print][Wed Oct 13 02:10:54 2021]: > Done in 0.06 seconds    

[Print][Wed Oct 13 02:10:54 2021]: >> Cleaning Mastery Dungeons...    

[Print][Wed Oct 13 02:10:54 2021]: > Done in 0.00 seconds    

[Print][Wed Oct 13 02:10:54 2021]: >> Loading Bosses...    

[Print][Wed Oct 13 02:10:54 2021]: >> Scheduled Boss Spawn: Smaug in 6 hours, 34 minutes and 28 seconds    

[Print][Wed Oct 13 02:10:54 2021]: > Done in 0.01 seconds    

[Print][Wed Oct 13 02:10:54 2021]: >> Loading Highscores...    

[Print][Wed Oct 13 02:10:54 2021]: > Done in 0.00 seconds    

[Print][Wed Oct 13 02:10:54 2021]: >> Loading Ball Pillars...    

[Print][Wed Oct 13 02:10:54 2021]: > Done in 0.03 seconds    

[Print][Wed Oct 13 02:10:54 2021]: >> Loading Citizens...    

[Print][Wed Oct 13 02:10:55 2021]: > Done in 0.63 seconds    

[Print][Wed Oct 13 02:10:55 2021]: >> Loading Ranks...    

[Print][Wed Oct 13 02:10:55 2021]: > Done in 0.00 seconds    

[Print][Wed Oct 13 02:10:55 2021]: >> All done on Wed Oct 13 02:10:55 2021    

