[Print][Sat Sep 25 11:58:44 2021]: >> Cleaning players online status...    

[Print][Sat Sep 25 11:58:45 2021]: > Done in 0.03 seconds    

[Print][Sat Sep 25 11:58:45 2021]: >> Loading PvP Arenas...    

[Print][Sat Sep 25 11:58:45 2021]: > Done in 0.00 seconds    

[Print][Sat Sep 25 11:58:45 2021]: >> Loading Caught Highscores...    

[Print][Sat Sep 25 11:58:45 2021]: > Done in 0.00 seconds    

[Print][Sat Sep 25 11:58:45 2021]: >> Loading Tournament Highscores...    

[Print][Sat Sep 25 11:58:45 2021]: > Done in 0.00 seconds    

[Print][Sat Sep 25 11:58:45 2021]: >> Loading Berry Trees...    

[Print][Sat Sep 25 11:58:45 2021]: > Done in 0.04 seconds    

[Print][Sat Sep 25 11:58:45 2021]: >> Cleaning Mastery Dungeons...    

[Print][Sat Sep 25 11:58:45 2021]: > Done in 0.00 seconds    

[Print][Sat Sep 25 11:58:45 2021]: >> Loading Bosses...    

[Print][Sat Sep 25 11:58:45 2021]: >> Scheduled Boss Spawn: Winged Wisdom in 8 hours, 38 minutes and 7 seconds    

[Print][Sat Sep 25 11:58:45 2021]: > Done in 0.00 seconds    

[Print][Sat Sep 25 11:58:45 2021]: >> Loading Highscores...    

[Print][Sat Sep 25 11:58:45 2021]: > Done in 0.00 seconds    

[Print][Sat Sep 25 11:58:45 2021]: >> Loading Ball Pillars...    

[Print][Sat Sep 25 11:58:45 2021]: > Done in 0.02 seconds    

[Print][Sat Sep 25 11:58:45 2021]: >> Loading Citizens...    

[Print][Sat Sep 25 11:58:45 2021]: > Done in 0.52 seconds    

[Print][Sat Sep 25 11:58:45 2021]: >> Loading Ranks...    

[Print][Sat Sep 25 11:58:45 2021]: > Done in 0.00 seconds    

[Print][Sat Sep 25 11:58:45 2021]: >> All done on Sat Sep 25 11:58:45 2021    

[Print][Sat Sep 25 20:50:36 2021]: >> Cleaning players online status...    

[Print][Sat Sep 25 20:50:36 2021]: > Done in 0.03 seconds    

[Print][Sat Sep 25 20:50:36 2021]: >> Loading PvP Arenas...    

[Print][Sat Sep 25 20:50:36 2021]: > Done in 0.01 seconds    

[Print][Sat Sep 25 20:50:36 2021]: >> Loading Caught Highscores...    

[Print][Sat Sep 25 20:50:36 2021]: > Done in 0.00 seconds    

[Print][Sat Sep 25 20:50:36 2021]: >> Loading Tournament Highscores...    

[Print][Sat Sep 25 20:50:36 2021]: > Done in 0.00 seconds    

[Print][Sat Sep 25 20:50:36 2021]: >> Loading Berry Trees...    

[Print][Sat Sep 25 20:50:36 2021]: > Done in 0.01 seconds    

[Print][Sat Sep 25 20:50:36 2021]: >> Cleaning Mastery Dungeons...    

[Print][Sat Sep 25 20:50:36 2021]: > Done in 0.00 seconds    

[Print][Sat Sep 25 20:50:36 2021]: >> Loading Bosses...    

[Print][Sat Sep 25 20:50:36 2021]: >> Scheduled Boss Spawn: Mr. Gormandize in 7 hours and 8 minutes    

[Print][Sat Sep 25 20:50:36 2021]: > Done in 0.00 seconds    

[Print][Sat Sep 25 20:50:36 2021]: >> Loading Highscores...    

[Print][Sat Sep 25 20:50:36 2021]: > Done in 0.00 seconds    

[Print][Sat Sep 25 20:50:36 2021]: >> Loading Ball Pillars...    

[Print][Sat Sep 25 20:50:36 2021]: > Done in 0.03 seconds    

[Print][Sat Sep 25 20:50:36 2021]: >> Loading Citizens...    

[Print][Sat Sep 25 20:50:37 2021]: > Done in 0.70 seconds    

[Print][Sat Sep 25 20:50:37 2021]: >> Loading Ranks...    

[Print][Sat Sep 25 20:50:37 2021]: > Done in 0.00 seconds    

[Print][Sat Sep 25 20:50:37 2021]: >> All done on Sat Sep 25 20:50:37 2021    

