[Print][Fri Aug 20 07:36:19 2021]: >> Cleaning players online status...    

[Print][Fri Aug 20 07:36:19 2021]: > Done in 0.02 seconds    

[Print][Fri Aug 20 07:36:19 2021]: >> Loading PvP Arenas...    

[Print][Fri Aug 20 07:36:19 2021]: > Done in 0.00 seconds    

[Print][Fri Aug 20 07:36:19 2021]: >> Loading Caught Highscores...    

[Print][Fri Aug 20 07:36:19 2021]: > Done in 0.00 seconds    

[Print][Fri Aug 20 07:36:19 2021]: >> Loading Tournament Highscores...    

[Print][Fri Aug 20 07:36:19 2021]: > Done in 0.00 seconds    

[Print][Fri Aug 20 07:36:19 2021]: >> Loading Berry Trees...    

[Print][Fri Aug 20 07:36:19 2021]: > Done in 0.04 seconds    

[Print][Fri Aug 20 07:36:19 2021]: >> Cleaning Mastery Dungeons...    

[Print][Fri Aug 20 07:36:19 2021]: > Done in 0.00 seconds    

[Print][Fri Aug 20 07:36:19 2021]: >> Loading Bosses...    

[Print][Fri Aug 20 07:36:19 2021]: >> Scheduled Boss Spawn: DoomBoy in 6 hours, 35 minutes and 13 seconds    

[Print][Fri Aug 20 07:36:19 2021]: > Done in 0.00 seconds    

[Print][Fri Aug 20 07:36:19 2021]: >> Loading Highscores...    

[Print][Fri Aug 20 07:36:19 2021]: > Done in 0.00 seconds    

[Print][Fri Aug 20 07:36:19 2021]: >> Loading Ball Pillars...    

[Print][Fri Aug 20 07:36:19 2021]: > Done in 0.01 seconds    

[Print][Fri Aug 20 07:36:19 2021]: >> Loading Citizens...    

[Print][Fri Aug 20 07:36:20 2021]: > Done in 0.39 seconds    

[Print][Fri Aug 20 07:36:20 2021]: >> Loading Ranks...    

[Print][Fri Aug 20 07:36:20 2021]: > Done in 0.00 seconds    

[Print][Fri Aug 20 07:36:20 2021]: >> All done on Fri Aug 20 07:36:20 2021    

[Print][Fri Aug 20 08:45:51 2021]: >> Cleaning players online status...    

[Print][Fri Aug 20 08:45:51 2021]: > Done in 0.03 seconds    

[Print][Fri Aug 20 08:45:51 2021]: >> Loading PvP Arenas...    

[Print][Fri Aug 20 08:45:51 2021]: > Done in 0.00 seconds    

[Print][Fri Aug 20 08:45:51 2021]: >> Loading Caught Highscores...    

[Print][Fri Aug 20 08:45:51 2021]: > Done in 0.00 seconds    

[Print][Fri Aug 20 08:45:51 2021]: >> Loading Tournament Highscores...    

[Print][Fri Aug 20 08:45:51 2021]: > Done in 0.00 seconds    

[Print][Fri Aug 20 08:45:51 2021]: >> Loading Berry Trees...    

[Print][Fri Aug 20 08:45:51 2021]: > Done in 0.02 seconds    

[Print][Fri Aug 20 08:45:51 2021]: >> Cleaning Mastery Dungeons...    

[Print][Fri Aug 20 08:45:51 2021]: > Done in 0.00 seconds    

[Print][Fri Aug 20 08:45:51 2021]: >> Loading Bosses...    

[Print][Fri Aug 20 08:45:51 2021]: >> Scheduled Boss Spawn: Flesh'n Fire in 6 hours, 13 minutes and 28 seconds    

[Print][Fri Aug 20 08:45:51 2021]: > Done in 0.00 seconds    

[Print][Fri Aug 20 08:45:51 2021]: >> Loading Highscores...    

[Print][Fri Aug 20 08:45:51 2021]: > Done in 0.00 seconds    

[Print][Fri Aug 20 08:45:51 2021]: >> Loading Ball Pillars...    

[Print][Fri Aug 20 08:45:51 2021]: > Done in 0.00 seconds    

[Print][Fri Aug 20 08:45:51 2021]: >> Loading Citizens...    

[Print][Fri Aug 20 08:45:52 2021]: > Done in 0.44 seconds    

[Print][Fri Aug 20 08:45:52 2021]: >> Loading Ranks...    

[Print][Fri Aug 20 08:45:52 2021]: > Done in 0.00 seconds    

[Print][Fri Aug 20 08:45:52 2021]: >> All done on Fri Aug 20 08:45:52 2021    

[Print][Fri Aug 20 08:50:54 2021]: >> Cleaning players online status...    

[Print][Fri Aug 20 08:50:54 2021]: > Done in 0.03 seconds    

[Print][Fri Aug 20 08:50:54 2021]: >> Loading PvP Arenas...    

[Print][Fri Aug 20 08:50:54 2021]: > Done in 0.00 seconds    

[Print][Fri Aug 20 08:50:54 2021]: >> Loading Caught Highscores...    

[Print][Fri Aug 20 08:50:54 2021]: > Done in 0.01 seconds    

[Print][Fri Aug 20 08:50:54 2021]: >> Loading Tournament Highscores...    

[Print][Fri Aug 20 08:50:54 2021]: > Done in 0.00 seconds    

[Print][Fri Aug 20 08:50:54 2021]: >> Loading Berry Trees...    

[Print][Fri Aug 20 08:50:54 2021]: > Done in 0.02 seconds    

[Print][Fri Aug 20 08:50:54 2021]: >> Cleaning Mastery Dungeons...    

[Print][Fri Aug 20 08:50:54 2021]: > Done in 0.00 seconds    

[Print][Fri Aug 20 08:50:54 2021]: >> Loading Bosses...    

[Print][Fri Aug 20 08:50:54 2021]: >> Scheduled Boss Spawn: DoomBoy in 10 hours, 24 minutes and 29 seconds    

[Print][Fri Aug 20 08:50:54 2021]: > Done in 0.01 seconds    

[Print][Fri Aug 20 08:50:54 2021]: >> Loading Highscores...    

[Print][Fri Aug 20 08:50:54 2021]: > Done in 0.00 seconds    

[Print][Fri Aug 20 08:50:54 2021]: >> Loading Ball Pillars...    

[Print][Fri Aug 20 08:50:54 2021]: > Done in 0.00 seconds    

[Print][Fri Aug 20 08:50:54 2021]: >> Loading Citizens...    

[Print][Fri Aug 20 08:50:54 2021]: > Done in 0.41 seconds    

[Print][Fri Aug 20 08:50:54 2021]: >> Loading Ranks...    

[Print][Fri Aug 20 08:50:54 2021]: > Done in 0.00 seconds    

[Print][Fri Aug 20 08:50:54 2021]: >> All done on Fri Aug 20 08:50:54 2021    

[Print][Fri Aug 20 08:54:53 2021]: >> Cleaning players online status...    

[Print][Fri Aug 20 08:54:53 2021]: > Done in 0.09 seconds    

[Print][Fri Aug 20 08:54:53 2021]: >> Loading PvP Arenas...    

[Print][Fri Aug 20 08:54:53 2021]: > Done in 0.00 seconds    

[Print][Fri Aug 20 08:54:53 2021]: >> Loading Caught Highscores...    

[Print][Fri Aug 20 08:54:53 2021]: > Done in 0.00 seconds    

[Print][Fri Aug 20 08:54:53 2021]: >> Loading Tournament Highscores...    

[Print][Fri Aug 20 08:54:53 2021]: > Done in 0.00 seconds    

[Print][Fri Aug 20 08:54:53 2021]: >> Loading Berry Trees...    

[Print][Fri Aug 20 08:54:53 2021]: > Done in 0.01 seconds    

[Print][Fri Aug 20 08:54:53 2021]: >> Cleaning Mastery Dungeons...    

[Print][Fri Aug 20 08:54:53 2021]: > Done in 0.00 seconds    

[Print][Fri Aug 20 08:54:53 2021]: >> Loading Bosses...    

[Print][Fri Aug 20 08:54:53 2021]: >> Scheduled Boss Spawn: Sweet Lover in 10 hours, 31 minutes and 8 seconds    

[Print][Fri Aug 20 08:54:53 2021]: > Done in 0.00 seconds    

[Print][Fri Aug 20 08:54:53 2021]: >> Loading Highscores...    

[Print][Fri Aug 20 08:54:53 2021]: > Done in 0.00 seconds    

[Print][Fri Aug 20 08:54:53 2021]: >> Loading Ball Pillars...    

[Print][Fri Aug 20 08:54:53 2021]: > Done in 0.00 seconds    

[Print][Fri Aug 20 08:54:53 2021]: >> Loading Citizens...    

[Print][Fri Aug 20 08:54:54 2021]: > Done in 0.42 seconds    

[Print][Fri Aug 20 08:54:54 2021]: >> Loading Ranks...    

[Print][Fri Aug 20 08:54:54 2021]: > Done in 0.00 seconds    

[Print][Fri Aug 20 08:54:54 2021]: >> All done on Fri Aug 20 08:54:54 2021    

[Print][Fri Aug 20 09:00:34 2021]: >> Cleaning players online status...    

[Print][Fri Aug 20 09:00:34 2021]: > Done in 0.04 seconds    

[Print][Fri Aug 20 09:00:34 2021]: >> Loading PvP Arenas...    

[Print][Fri Aug 20 09:00:34 2021]: > Done in 0.00 seconds    

[Print][Fri Aug 20 09:00:34 2021]: >> Loading Caught Highscores...    

[Print][Fri Aug 20 09:00:34 2021]: > Done in 0.00 seconds    

[Print][Fri Aug 20 09:00:34 2021]: >> Loading Tournament Highscores...    

[Print][Fri Aug 20 09:00:34 2021]: > Done in 0.00 seconds    

[Print][Fri Aug 20 09:00:34 2021]: >> Loading Berry Trees...    

[Print][Fri Aug 20 09:00:34 2021]: > Done in 0.01 seconds    

[Print][Fri Aug 20 09:00:34 2021]: >> Cleaning Mastery Dungeons...    

[Print][Fri Aug 20 09:00:34 2021]: > Done in 0.00 seconds    

[Print][Fri Aug 20 09:00:34 2021]: >> Loading Bosses...    

[Print][Fri Aug 20 09:00:34 2021]: >> Scheduled Boss Spawn: Pink Fury in 9 hours, 4 minutes and 23 seconds    

[Print][Fri Aug 20 09:00:34 2021]: > Done in 0.00 seconds    

[Print][Fri Aug 20 09:00:34 2021]: >> Loading Highscores...    

[Print][Fri Aug 20 09:00:34 2021]: > Done in 0.00 seconds    

[Print][Fri Aug 20 09:00:34 2021]: >> Loading Ball Pillars...    

[Print][Fri Aug 20 09:00:34 2021]: > Done in 0.00 seconds    

[Print][Fri Aug 20 09:00:34 2021]: >> Loading Citizens...    

[Print][Fri Aug 20 09:00:34 2021]: > Done in 0.37 seconds    

[Print][Fri Aug 20 09:00:34 2021]: >> Loading Ranks...    

[Print][Fri Aug 20 09:00:34 2021]: > Done in 0.00 seconds    

[Print][Fri Aug 20 09:00:34 2021]: >> All done on Fri Aug 20 09:00:34 2021    

[Print][Fri Aug 20 09:03:19 2021]: >> Cleaning players online status...    

[Print][Fri Aug 20 09:03:19 2021]: > Done in 0.03 seconds    

[Print][Fri Aug 20 09:03:19 2021]: >> Loading PvP Arenas...    

[Print][Fri Aug 20 09:03:19 2021]: > Done in 0.00 seconds    

[Print][Fri Aug 20 09:03:19 2021]: >> Loading Caught Highscores...    

[Print][Fri Aug 20 09:03:19 2021]: > Done in 0.00 seconds    

[Print][Fri Aug 20 09:03:19 2021]: >> Loading Tournament Highscores...    

[Print][Fri Aug 20 09:03:19 2021]: > Done in 0.00 seconds    

[Print][Fri Aug 20 09:03:19 2021]: >> Loading Berry Trees...    

[Print][Fri Aug 20 09:03:19 2021]: > Done in 0.02 seconds    

[Print][Fri Aug 20 09:03:19 2021]: >> Cleaning Mastery Dungeons...    

[Print][Fri Aug 20 09:03:19 2021]: > Done in 0.00 seconds    

[Print][Fri Aug 20 09:03:19 2021]: >> Loading Bosses...    

[Print][Fri Aug 20 09:03:19 2021]: >> Scheduled Boss Spawn: Flesh'n Fire in 13 hours, 43 minutes and 45 seconds    

[Print][Fri Aug 20 09:03:19 2021]: > Done in 0.01 seconds    

[Print][Fri Aug 20 09:03:19 2021]: >> Loading Highscores...    

[Print][Fri Aug 20 09:03:19 2021]: > Done in 0.00 seconds    

[Print][Fri Aug 20 09:03:19 2021]: >> Loading Ball Pillars...    

[Print][Fri Aug 20 09:03:19 2021]: > Done in 0.00 seconds    

[Print][Fri Aug 20 09:03:19 2021]: >> Loading Citizens...    

[Print][Fri Aug 20 09:03:19 2021]: > Done in 0.42 seconds    

[Print][Fri Aug 20 09:03:19 2021]: >> Loading Ranks...    

[Print][Fri Aug 20 09:03:19 2021]: > Done in 0.00 seconds    

[Print][Fri Aug 20 09:03:19 2021]: >> All done on Fri Aug 20 09:03:19 2021    

[Print][Fri Aug 20 10:07:26 2021]: >> Cleaning players online status...    

[Print][Fri Aug 20 10:07:26 2021]: > Done in 0.09 seconds    

[Print][Fri Aug 20 10:07:26 2021]: >> Loading PvP Arenas...    

[Print][Fri Aug 20 10:07:26 2021]: > Done in 0.00 seconds    

[Print][Fri Aug 20 10:07:26 2021]: >> Loading Caught Highscores...    

[Print][Fri Aug 20 10:07:26 2021]: > Done in 0.00 seconds    

[Print][Fri Aug 20 10:07:26 2021]: >> Loading Tournament Highscores...    

[Print][Fri Aug 20 10:07:26 2021]: > Done in 0.00 seconds    

[Print][Fri Aug 20 10:07:26 2021]: >> Loading Berry Trees...    

[Print][Fri Aug 20 10:07:26 2021]: > Done in 0.03 seconds    

[Print][Fri Aug 20 10:07:26 2021]: >> Cleaning Mastery Dungeons...    

[Print][Fri Aug 20 10:07:26 2021]: > Done in 0.00 seconds    

[Print][Fri Aug 20 10:07:26 2021]: >> Loading Bosses...    

[Print][Fri Aug 20 10:07:26 2021]: >> Scheduled Boss Spawn: Phyllo Terribil in 10 hours, 58 minutes and 44 seconds    

[Print][Fri Aug 20 10:07:26 2021]: > Done in 0.01 seconds    

[Print][Fri Aug 20 10:07:26 2021]: >> Loading Highscores...    

[Print][Fri Aug 20 10:07:26 2021]: > Done in 0.00 seconds    

[Print][Fri Aug 20 10:07:26 2021]: >> Loading Ball Pillars...    

[Print][Fri Aug 20 10:07:26 2021]: > Done in 0.00 seconds    

[Print][Fri Aug 20 10:07:26 2021]: >> Loading Citizens...    

[Print][Fri Aug 20 10:07:27 2021]: > Done in 0.39 seconds    

[Print][Fri Aug 20 10:07:27 2021]: >> Loading Ranks...    

[Print][Fri Aug 20 10:07:27 2021]: > Done in 0.00 seconds    

[Print][Fri Aug 20 10:07:27 2021]: >> All done on Fri Aug 20 10:07:27 2021    

[Print][Fri Aug 20 10:10:02 2021]: >> Cleaning players online status...    

[Print][Fri Aug 20 10:10:02 2021]: > Done in 0.02 seconds    

[Print][Fri Aug 20 10:10:02 2021]: >> Loading PvP Arenas...    

[Print][Fri Aug 20 10:10:02 2021]: > Done in 0.00 seconds    

[Print][Fri Aug 20 10:10:02 2021]: >> Loading Caught Highscores...    

[Print][Fri Aug 20 10:10:02 2021]: > Done in 0.00 seconds    

[Print][Fri Aug 20 10:10:02 2021]: >> Loading Tournament Highscores...    

[Print][Fri Aug 20 10:10:02 2021]: > Done in 0.00 seconds    

[Print][Fri Aug 20 10:10:02 2021]: >> Loading Berry Trees...    

[Print][Fri Aug 20 10:10:02 2021]: > Done in 0.01 seconds    

[Print][Fri Aug 20 10:10:02 2021]: >> Cleaning Mastery Dungeons...    

[Print][Fri Aug 20 10:10:02 2021]: > Done in 0.00 seconds    

[Print][Fri Aug 20 10:10:02 2021]: >> Loading Bosses...    

[Print][Fri Aug 20 10:10:02 2021]: >> Scheduled Boss Spawn: The A. Mesmer in 6 hours, 48 minutes and 30 seconds    

[Print][Fri Aug 20 10:10:02 2021]: > Done in 0.00 seconds    

[Print][Fri Aug 20 10:10:02 2021]: >> Loading Highscores...    

[Print][Fri Aug 20 10:10:02 2021]: > Done in 0.00 seconds    

[Print][Fri Aug 20 10:10:02 2021]: >> Loading Ball Pillars...    

[Print][Fri Aug 20 10:10:02 2021]: > Done in 0.00 seconds    

[Print][Fri Aug 20 10:10:02 2021]: >> Loading Citizens...    

[Print][Fri Aug 20 10:10:03 2021]: > Done in 0.43 seconds    

[Print][Fri Aug 20 10:10:03 2021]: >> Loading Ranks...    

[Print][Fri Aug 20 10:10:03 2021]: > Done in 0.00 seconds    

[Print][Fri Aug 20 10:10:03 2021]: >> All done on Fri Aug 20 10:10:03 2021    

[Print][Fri Aug 20 10:12:19 2021]: >> Cleaning players online status...    

[Print][Fri Aug 20 10:12:19 2021]: > Done in 0.02 seconds    

[Print][Fri Aug 20 10:12:19 2021]: >> Loading PvP Arenas...    

[Print][Fri Aug 20 10:12:19 2021]: > Done in 0.00 seconds    

[Print][Fri Aug 20 10:12:19 2021]: >> Loading Caught Highscores...    

[Print][Fri Aug 20 10:12:19 2021]: > Done in 0.00 seconds    

[Print][Fri Aug 20 10:12:19 2021]: >> Loading Tournament Highscores...    

[Print][Fri Aug 20 10:12:19 2021]: > Done in 0.00 seconds    

[Print][Fri Aug 20 10:12:19 2021]: >> Loading Berry Trees...    

[Print][Fri Aug 20 10:12:19 2021]: > Done in 0.04 seconds    

[Print][Fri Aug 20 10:12:19 2021]: >> Cleaning Mastery Dungeons...    

[Print][Fri Aug 20 10:12:19 2021]: > Done in 0.00 seconds    

[Print][Fri Aug 20 10:12:19 2021]: >> Loading Bosses...    

[Print][Fri Aug 20 10:12:19 2021]: >> Scheduled Boss Spawn: Phyllo Terribil in 14 hours, 23 minutes and 45 seconds    

[Print][Fri Aug 20 10:12:19 2021]: > Done in 0.00 seconds    

[Print][Fri Aug 20 10:12:19 2021]: >> Loading Highscores...    

[Print][Fri Aug 20 10:12:19 2021]: > Done in 0.00 seconds    

[Print][Fri Aug 20 10:12:19 2021]: >> Loading Ball Pillars...    

[Print][Fri Aug 20 10:12:19 2021]: > Done in 0.00 seconds    

[Print][Fri Aug 20 10:12:19 2021]: >> Loading Citizens...    

[Print][Fri Aug 20 10:12:19 2021]: > Done in 0.52 seconds    

[Print][Fri Aug 20 10:12:19 2021]: >> Loading Ranks...    

[Print][Fri Aug 20 10:12:19 2021]: > Done in 0.00 seconds    

[Print][Fri Aug 20 10:12:19 2021]: >> All done on Fri Aug 20 10:12:19 2021    

[Print][Fri Aug 20 11:23:26 2021]: >> Cleaning players online status...    

[Print][Fri Aug 20 11:23:26 2021]: > Done in 0.11 seconds    

[Print][Fri Aug 20 11:23:26 2021]: >> Loading PvP Arenas...    

[Print][Fri Aug 20 11:23:26 2021]: > Done in 0.00 seconds    

[Print][Fri Aug 20 11:23:26 2021]: >> Loading Caught Highscores...    

[Print][Fri Aug 20 11:23:26 2021]: > Done in 0.00 seconds    

[Print][Fri Aug 20 11:23:26 2021]: >> Loading Tournament Highscores...    

[Print][Fri Aug 20 11:23:26 2021]: > Done in 0.00 seconds    

[Print][Fri Aug 20 11:23:26 2021]: >> Loading Berry Trees...    

[Print][Fri Aug 20 11:23:26 2021]: > Done in 0.01 seconds    

[Print][Fri Aug 20 11:23:26 2021]: >> Cleaning Mastery Dungeons...    

[Print][Fri Aug 20 11:23:26 2021]: > Done in 0.00 seconds    

[Print][Fri Aug 20 11:23:26 2021]: >> Loading Bosses...    

[Print][Fri Aug 20 11:23:26 2021]: >> Scheduled Boss Spawn: Winged Wisdom in 14 hours, 45 minutes and 28 seconds    

[Print][Fri Aug 20 11:23:26 2021]: > Done in 0.01 seconds    

[Print][Fri Aug 20 11:23:26 2021]: >> Loading Highscores...    

[Print][Fri Aug 20 11:23:26 2021]: > Done in 0.00 seconds    

[Print][Fri Aug 20 11:23:26 2021]: >> Loading Ball Pillars...    

[Print][Fri Aug 20 11:23:26 2021]: > Done in 0.00 seconds    

[Print][Fri Aug 20 11:23:26 2021]: >> Loading Citizens...    

[Print][Fri Aug 20 11:23:26 2021]: > Done in 0.50 seconds    

[Print][Fri Aug 20 11:23:26 2021]: >> Loading Ranks...    

[Print][Fri Aug 20 11:23:26 2021]: > Done in 0.00 seconds    

[Print][Fri Aug 20 11:23:26 2021]: >> All done on Fri Aug 20 11:23:26 2021    

[Print][Fri Aug 20 12:55:22 2021]: >> Cleaning players online status...    

[Print][Fri Aug 20 12:55:22 2021]: > Done in 0.06 seconds    

[Print][Fri Aug 20 12:55:22 2021]: >> Loading PvP Arenas...    

[Print][Fri Aug 20 12:55:22 2021]: > Done in 0.04 seconds    

[Print][Fri Aug 20 12:55:22 2021]: >> Loading Caught Highscores...    

[Print][Fri Aug 20 12:55:22 2021]: > Done in 0.03 seconds    

[Print][Fri Aug 20 12:55:22 2021]: >> Loading Tournament Highscores...    

[Print][Fri Aug 20 12:55:22 2021]: > Done in 0.05 seconds    

[Print][Fri Aug 20 12:55:22 2021]: >> Loading Berry Trees...    

[Print][Fri Aug 20 12:55:22 2021]: > Done in 0.05 seconds    

[Print][Fri Aug 20 12:55:22 2021]: >> Cleaning Mastery Dungeons...    

[Print][Fri Aug 20 12:55:22 2021]: > Done in 0.00 seconds    

[Print][Fri Aug 20 12:55:22 2021]: >> Loading Bosses...    

[Print][Fri Aug 20 12:55:22 2021]: >> Scheduled Boss Spawn: King Panlong in 5 hours, 27 minutes and 41 seconds    

[Print][Fri Aug 20 12:55:22 2021]: > Done in 0.01 seconds    

[Print][Fri Aug 20 12:55:22 2021]: >> Loading Highscores...    

[Print][Fri Aug 20 12:55:22 2021]: > Done in 0.00 seconds    

[Print][Fri Aug 20 12:55:22 2021]: >> Loading Ball Pillars...    

[Print][Fri Aug 20 12:55:22 2021]: > Done in 0.00 seconds    

[Print][Fri Aug 20 12:55:22 2021]: >> Loading Citizens...    

[Print][Fri Aug 20 12:55:25 2021]: > Done in 2.65 seconds    

[Print][Fri Aug 20 12:55:25 2021]: >> Loading Ranks...    

[Print][Fri Aug 20 12:55:25 2021]: > Done in 0.00 seconds    

[Print][Fri Aug 20 12:55:25 2021]: >> All done on Fri Aug 20 12:55:25 2021    

[Print][Fri Aug 20 13:31:13 2021]: >> Cleaning players online status...    

[Print][Fri Aug 20 13:31:13 2021]: > Done in 0.05 seconds    

[Print][Fri Aug 20 13:31:13 2021]: >> Loading PvP Arenas...    

[Print][Fri Aug 20 13:31:13 2021]: > Done in 0.00 seconds    

[Print][Fri Aug 20 13:31:13 2021]: >> Loading Caught Highscores...    

[Print][Fri Aug 20 13:31:13 2021]: > Done in 0.00 seconds    

[Print][Fri Aug 20 13:31:13 2021]: >> Loading Tournament Highscores...    

[Print][Fri Aug 20 13:31:13 2021]: > Done in 0.00 seconds    

[Print][Fri Aug 20 13:31:13 2021]: >> Loading Berry Trees...    

[Print][Fri Aug 20 13:31:13 2021]: > Done in 0.02 seconds    

[Print][Fri Aug 20 13:31:13 2021]: >> Cleaning Mastery Dungeons...    

[Print][Fri Aug 20 13:31:13 2021]: > Done in 0.00 seconds    

[Print][Fri Aug 20 13:31:13 2021]: >> Loading Bosses...    

[Print][Fri Aug 20 13:31:13 2021]: >> Scheduled Boss Spawn: King Panlong in 8 hours, 36 minutes and 16 seconds    

[Print][Fri Aug 20 13:31:13 2021]: > Done in 0.01 seconds    

[Print][Fri Aug 20 13:31:13 2021]: >> Loading Highscores...    

[Print][Fri Aug 20 13:31:13 2021]: > Done in 0.00 seconds    

[Print][Fri Aug 20 13:31:13 2021]: >> Loading Ball Pillars...    

[Print][Fri Aug 20 13:31:13 2021]: > Done in 0.00 seconds    

[Print][Fri Aug 20 13:31:13 2021]: >> Loading Citizens...    

[Print][Fri Aug 20 13:31:13 2021]: > Done in 0.37 seconds    

[Print][Fri Aug 20 13:31:13 2021]: >> Loading Ranks...    

[Print][Fri Aug 20 13:31:13 2021]: > Done in 0.00 seconds    

[Print][Fri Aug 20 13:31:13 2021]: >> All done on Fri Aug 20 13:31:13 2021    

[Print][Fri Aug 20 22:58:51 2021]: >> Cleaning players online status...    

[Print][Fri Aug 20 22:58:51 2021]: > Done in 0.03 seconds    

[Print][Fri Aug 20 22:58:51 2021]: >> Loading PvP Arenas...    

[Print][Fri Aug 20 22:58:51 2021]: > Done in 0.00 seconds    

[Print][Fri Aug 20 22:58:51 2021]: >> Loading Caught Highscores...    

[Print][Fri Aug 20 22:58:51 2021]: > Done in 0.07 seconds    

[Print][Fri Aug 20 22:58:51 2021]: >> Loading Tournament Highscores...    

[Print][Fri Aug 20 22:58:51 2021]: > Done in 0.00 seconds    

[Print][Fri Aug 20 22:58:51 2021]: >> Loading Berry Trees...    

[Print][Fri Aug 20 22:58:51 2021]: > Done in 0.03 seconds    

[Print][Fri Aug 20 22:58:51 2021]: >> Cleaning Mastery Dungeons...    

[Print][Fri Aug 20 22:58:51 2021]: > Done in 0.00 seconds    

[Print][Fri Aug 20 22:58:51 2021]: >> Loading Bosses...    

[Print][Fri Aug 20 22:58:51 2021]: >> Scheduled Boss Spawn: Flesh'n Fire in 7 hours, 38 minutes and 10 seconds    

[Print][Fri Aug 20 22:58:51 2021]: > Done in 0.01 seconds    

[Print][Fri Aug 20 22:58:51 2021]: >> Loading Highscores...    

[Print][Fri Aug 20 22:58:51 2021]: > Done in 0.00 seconds    

[Print][Fri Aug 20 22:58:52 2021]: >> Loading Ball Pillars...    

[Print][Fri Aug 20 22:58:52 2021]: > Done in 0.00 seconds    

[Print][Fri Aug 20 22:58:52 2021]: >> Loading Citizens...    

[Print][Fri Aug 20 22:58:52 2021]: > Done in 0.53 seconds    

[Print][Fri Aug 20 22:58:52 2021]: >> Loading Ranks...    

[Print][Fri Aug 20 22:58:52 2021]: > Done in 0.00 seconds    

[Print][Fri Aug 20 22:58:52 2021]: >> All done on Fri Aug 20 22:58:52 2021    

[Print][Fri Aug 20 23:56:05 2021]: >> Cleaning players online status...    

[Print][Fri Aug 20 23:56:05 2021]: > Done in 0.05 seconds    

[Print][Fri Aug 20 23:56:05 2021]: >> Loading PvP Arenas...    

[Print][Fri Aug 20 23:56:05 2021]: > Done in 0.00 seconds    

[Print][Fri Aug 20 23:56:05 2021]: >> Loading Caught Highscores...    

[Print][Fri Aug 20 23:56:05 2021]: > Done in 0.00 seconds    

[Print][Fri Aug 20 23:56:05 2021]: >> Loading Tournament Highscores...    

[Print][Fri Aug 20 23:56:05 2021]: > Done in 0.00 seconds    

[Print][Fri Aug 20 23:56:05 2021]: >> Loading Berry Trees...    

[Print][Fri Aug 20 23:56:05 2021]: > Done in 0.01 seconds    

[Print][Fri Aug 20 23:56:05 2021]: >> Cleaning Mastery Dungeons...    

[Print][Fri Aug 20 23:56:05 2021]: > Done in 0.00 seconds    

[Print][Fri Aug 20 23:56:05 2021]: >> Loading Bosses...    

[Print][Fri Aug 20 23:56:05 2021]: >> Scheduled Boss Spawn: Winged Wisdom in 11 hours, 46 minutes and 53 seconds    

[Print][Fri Aug 20 23:56:05 2021]: > Done in 0.01 seconds    

[Print][Fri Aug 20 23:56:05 2021]: >> Loading Highscores...    

[Print][Fri Aug 20 23:56:05 2021]: > Done in 0.00 seconds    

[Print][Fri Aug 20 23:56:05 2021]: >> Loading Ball Pillars...    

[Print][Fri Aug 20 23:56:05 2021]: > Done in 0.02 seconds    

[Print][Fri Aug 20 23:56:05 2021]: >> Loading Citizens...    

[Print][Fri Aug 20 23:56:06 2021]: > Done in 0.45 seconds    

[Print][Fri Aug 20 23:56:06 2021]: >> Loading Ranks...    

[Print][Fri Aug 20 23:56:06 2021]: > Done in 0.00 seconds    

[Print][Fri Aug 20 23:56:06 2021]: >> All done on Fri Aug 20 23:56:06 2021    

