[Print][Sun Sep 26 01:44:32 2021]: >> Cleaning players online status...    

[Print][Sun Sep 26 01:44:32 2021]: > Done in 0.04 seconds    

[Print][Sun Sep 26 01:44:32 2021]: >> Loading PvP Arenas...    

[Print][Sun Sep 26 01:44:32 2021]: > Done in 0.00 seconds    

[Print][Sun Sep 26 01:44:32 2021]: >> Loading Caught Highscores...    

[Print][Sun Sep 26 01:44:32 2021]: > Done in 0.00 seconds    

[Print][Sun Sep 26 01:44:32 2021]: >> Loading Tournament Highscores...    

[Print][Sun Sep 26 01:44:32 2021]: > Done in 0.00 seconds    

[Print][Sun Sep 26 01:44:32 2021]: >> Loading Berry Trees...    

[Print][Sun Sep 26 01:44:32 2021]: > Done in 0.04 seconds    

[Print][Sun Sep 26 01:44:32 2021]: >> Cleaning Mastery Dungeons...    

[Print][Sun Sep 26 01:44:32 2021]: > Done in 0.00 seconds    

[Print][Sun Sep 26 01:44:32 2021]: >> Loading Bosses...    

[Print][Sun Sep 26 01:44:32 2021]: >> Scheduled Boss Spawn: Grisly Mind in 7 hours, 15 minutes and 27 seconds    

[Print][Sun Sep 26 01:44:32 2021]: > Done in 0.01 seconds    

[Print][Sun Sep 26 01:44:32 2021]: >> Loading Highscores...    

[Print][Sun Sep 26 01:44:32 2021]: > Done in 0.00 seconds    

[Print][Sun Sep 26 01:44:32 2021]: >> Loading Ball Pillars...    

[Print][Sun Sep 26 01:44:32 2021]: > Done in 0.03 seconds    

[Print][Sun Sep 26 01:44:32 2021]: >> Loading Citizens...    

[Print][Sun Sep 26 01:44:33 2021]: > Done in 0.46 seconds    

[Print][Sun Sep 26 01:44:33 2021]: >> Loading Ranks...    

[Print][Sun Sep 26 01:44:33 2021]: > Done in 0.00 seconds    

[Print][Sun Sep 26 01:44:33 2021]: >> All done on Sun Sep 26 01:44:33 2021    

[Print][Sun Sep 26 12:29:31 2021]: >> Cleaning players online status...    

[Print][Sun Sep 26 12:29:31 2021]: > Done in 0.04 seconds    

[Print][Sun Sep 26 12:29:31 2021]: >> Loading PvP Arenas...    

[Print][Sun Sep 26 12:29:31 2021]: > Done in 0.00 seconds    

[Print][Sun Sep 26 12:29:31 2021]: >> Loading Caught Highscores...    

[Print][Sun Sep 26 12:29:31 2021]: > Done in 0.01 seconds    

[Print][Sun Sep 26 12:29:31 2021]: >> Loading Tournament Highscores...    

[Print][Sun Sep 26 12:29:31 2021]: > Done in 0.00 seconds    

[Print][Sun Sep 26 12:29:31 2021]: >> Loading Berry Trees...    

[Print][Sun Sep 26 12:29:31 2021]: > Done in 0.05 seconds    

[Print][Sun Sep 26 12:29:31 2021]: >> Cleaning Mastery Dungeons...    

[Print][Sun Sep 26 12:29:31 2021]: > Done in 0.00 seconds    

[Print][Sun Sep 26 12:29:31 2021]: >> Loading Bosses...    

[Print][Sun Sep 26 12:29:31 2021]: >> Scheduled Boss Spawn: Mr. Gormandize in 13 hours and 11 minutes    

[Print][Sun Sep 26 12:29:31 2021]: > Done in 0.01 seconds    

[Print][Sun Sep 26 12:29:31 2021]: >> Loading Highscores...    

[Print][Sun Sep 26 12:29:31 2021]: > Done in 0.00 seconds    

[Print][Sun Sep 26 12:29:32 2021]: >> Loading Ball Pillars...    

[Print][Sun Sep 26 12:29:32 2021]: > Done in 0.01 seconds    

[Print][Sun Sep 26 12:29:32 2021]: >> Loading Citizens...    

[Print][Sun Sep 26 12:29:32 2021]: > Done in 0.39 seconds    

[Print][Sun Sep 26 12:29:32 2021]: >> Loading Ranks...    

[Print][Sun Sep 26 12:29:32 2021]: > Done in 0.00 seconds    

[Print][Sun Sep 26 12:29:32 2021]: >> All done on Sun Sep 26 12:29:32 2021    

