[Print][Thu Sep 02 00:44:28 2021]: >> Cleaning players online status...    

[Print][Thu Sep 02 00:44:28 2021]: > Done in 0.03 seconds    

[Print][Thu Sep 02 00:44:28 2021]: >> Loading PvP Arenas...    

[Print][Thu Sep 02 00:44:28 2021]: > Done in 0.00 seconds    

[Print][Thu Sep 02 00:44:28 2021]: >> Loading Caught Highscores...    

[Print][Thu Sep 02 00:44:28 2021]: > Done in 0.00 seconds    

[Print][Thu Sep 02 00:44:28 2021]: >> Loading Tournament Highscores...    

[Print][Thu Sep 02 00:44:28 2021]: > Done in 0.00 seconds    

[Print][Thu Sep 02 00:44:28 2021]: >> Loading Berry Trees...    

[Print][Thu Sep 02 00:44:28 2021]: > Done in 0.01 seconds    

[Print][Thu Sep 02 00:44:28 2021]: >> Cleaning Mastery Dungeons...    

[Print][Thu Sep 02 00:44:28 2021]: > Done in 0.00 seconds    

[Print][Thu Sep 02 00:44:28 2021]: >> Loading Bosses...    

[Print][Thu Sep 02 00:44:28 2021]: >> Scheduled Boss Spawn: Winged Wisdom in 10 hours, 51 minutes and 21 seconds    

[Print][Thu Sep 02 00:44:28 2021]: > Done in 0.00 seconds    

[Print][Thu Sep 02 00:44:28 2021]: >> Loading Highscores...    

[Print][Thu Sep 02 00:44:28 2021]: > Done in 0.00 seconds    

[Print][Thu Sep 02 00:44:28 2021]: >> Loading Ball Pillars...    

[Print][Thu Sep 02 00:44:28 2021]: > Done in 0.00 seconds    

[Print][Thu Sep 02 00:44:28 2021]: >> Loading Citizens...    

[Print][Thu Sep 02 00:44:28 2021]: > Done in 0.47 seconds    

[Print][Thu Sep 02 00:44:28 2021]: >> Loading Ranks...    

[Print][Thu Sep 02 00:44:28 2021]: > Done in 0.00 seconds    

[Print][Thu Sep 02 00:44:28 2021]: >> All done on Thu Sep 02 00:44:28 2021    

[Print][Thu Sep 02 08:05:29 2021]: >> Cleaning players online status...    

[Print][Thu Sep 02 08:05:29 2021]: > Done in 0.03 seconds    

[Print][Thu Sep 02 08:05:29 2021]: >> Loading PvP Arenas...    

[Print][Thu Sep 02 08:05:29 2021]: > Done in 0.00 seconds    

[Print][Thu Sep 02 08:05:29 2021]: >> Loading Caught Highscores...    

[Print][Thu Sep 02 08:05:29 2021]: > Done in 0.00 seconds    

[Print][Thu Sep 02 08:05:29 2021]: >> Loading Tournament Highscores...    

[Print][Thu Sep 02 08:05:29 2021]: > Done in 0.00 seconds    

[Print][Thu Sep 02 08:05:29 2021]: >> Loading Berry Trees...    

[Print][Thu Sep 02 08:05:29 2021]: > Done in 0.02 seconds    

[Print][Thu Sep 02 08:05:29 2021]: >> Cleaning Mastery Dungeons...    

[Print][Thu Sep 02 08:05:29 2021]: > Done in 0.00 seconds    

[Print][Thu Sep 02 08:05:29 2021]: >> Loading Bosses...    

[Print][Thu Sep 02 08:05:29 2021]: >> Scheduled Boss Spawn: Mad Mum in 12 hours, 26 minutes and 21 seconds    

[Print][Thu Sep 02 08:05:29 2021]: > Done in 0.03 seconds    

[Print][Thu Sep 02 08:05:29 2021]: >> Loading Highscores...    

[Print][Thu Sep 02 08:05:29 2021]: > Done in 0.00 seconds    

[Print][Thu Sep 02 08:05:29 2021]: >> Loading Ball Pillars...    

[Print][Thu Sep 02 08:05:29 2021]: > Done in 0.00 seconds    

[Print][Thu Sep 02 08:05:29 2021]: >> Loading Citizens...    

[Print][Thu Sep 02 08:05:29 2021]: > Done in 0.45 seconds    

[Print][Thu Sep 02 08:05:29 2021]: >> Loading Ranks...    

[Print][Thu Sep 02 08:05:29 2021]: > Done in 0.00 seconds    

[Print][Thu Sep 02 08:05:29 2021]: >> All done on Thu Sep 02 08:05:29 2021    

[Print][Thu Sep 02 09:31:50 2021]: >> Cleaning players online status...    

[Print][Thu Sep 02 09:31:50 2021]: > Done in 0.05 seconds    

[Print][Thu Sep 02 09:31:50 2021]: >> Loading PvP Arenas...    

[Print][Thu Sep 02 09:31:50 2021]: > Done in 0.00 seconds    

[Print][Thu Sep 02 09:31:50 2021]: >> Loading Caught Highscores...    

[Print][Thu Sep 02 09:31:50 2021]: > Done in 0.00 seconds    

[Print][Thu Sep 02 09:31:50 2021]: >> Loading Tournament Highscores...    

[Print][Thu Sep 02 09:31:50 2021]: > Done in 0.00 seconds    

[Print][Thu Sep 02 09:31:50 2021]: >> Loading Berry Trees...    

[Print][Thu Sep 02 09:31:50 2021]: > Done in 0.01 seconds    

[Print][Thu Sep 02 09:31:50 2021]: >> Cleaning Mastery Dungeons...    

[Print][Thu Sep 02 09:31:50 2021]: > Done in 0.00 seconds    

[Print][Thu Sep 02 09:31:50 2021]: >> Loading Bosses...    

[Print][Thu Sep 02 09:31:50 2021]: >> Scheduled Boss Spawn: The A. Mesmer in 5 hours, 31 minutes and 35 seconds    

[Print][Thu Sep 02 09:31:50 2021]: > Done in 0.01 seconds    

[Print][Thu Sep 02 09:31:50 2021]: >> Loading Highscores...    

[Print][Thu Sep 02 09:31:50 2021]: > Done in 0.00 seconds    

[Print][Thu Sep 02 09:31:51 2021]: >> Loading Ball Pillars...    

[Print][Thu Sep 02 09:31:51 2021]: > Done in 0.00 seconds    

[Print][Thu Sep 02 09:31:51 2021]: >> Loading Citizens...    

[Print][Thu Sep 02 09:31:51 2021]: > Done in 0.47 seconds    

[Print][Thu Sep 02 09:31:51 2021]: >> Loading Ranks...    

[Print][Thu Sep 02 09:31:51 2021]: > Done in 0.00 seconds    

[Print][Thu Sep 02 09:31:51 2021]: >> All done on Thu Sep 02 09:31:51 2021    

[Print][Thu Sep 02 09:34:45 2021]: >> Cleaning players online status...    

[Print][Thu Sep 02 09:34:45 2021]: > Done in 0.02 seconds    

[Print][Thu Sep 02 09:34:45 2021]: >> Loading PvP Arenas...    

[Print][Thu Sep 02 09:34:45 2021]: > Done in 0.00 seconds    

[Print][Thu Sep 02 09:34:45 2021]: >> Loading Caught Highscores...    

[Print][Thu Sep 02 09:34:45 2021]: > Done in 0.00 seconds    

[Print][Thu Sep 02 09:34:45 2021]: >> Loading Tournament Highscores...    

[Print][Thu Sep 02 09:34:45 2021]: > Done in 0.03 seconds    

[Print][Thu Sep 02 09:34:45 2021]: >> Loading Berry Trees...    

[Print][Thu Sep 02 09:34:45 2021]: > Done in 0.01 seconds    

[Print][Thu Sep 02 09:34:45 2021]: >> Cleaning Mastery Dungeons...    

[Print][Thu Sep 02 09:34:45 2021]: > Done in 0.00 seconds    

[Print][Thu Sep 02 09:34:45 2021]: >> Loading Bosses...    

[Print][Thu Sep 02 09:34:45 2021]: >> Scheduled Boss Spawn: Mad Mum in 15 hours, 8 minutes and 37 seconds    

[Print][Thu Sep 02 09:34:45 2021]: > Done in 0.01 seconds    

[Print][Thu Sep 02 09:34:45 2021]: >> Loading Highscores...    

[Print][Thu Sep 02 09:34:45 2021]: > Done in 0.00 seconds    

[Print][Thu Sep 02 09:34:45 2021]: >> Loading Ball Pillars...    

[Print][Thu Sep 02 09:34:45 2021]: > Done in 0.00 seconds    

[Print][Thu Sep 02 09:34:45 2021]: >> Loading Citizens...    

[Print][Thu Sep 02 09:34:46 2021]: > Done in 0.47 seconds    

[Print][Thu Sep 02 09:34:46 2021]: >> Loading Ranks...    

[Print][Thu Sep 02 09:34:46 2021]: > Done in 0.00 seconds    

[Print][Thu Sep 02 09:34:46 2021]: >> All done on Thu Sep 02 09:34:46 2021    

