[Print][Sat Nov 13 15:04:38 2021]: >> Cleaning players online status...    

[Print][Sat Nov 13 15:04:38 2021]: > Done in 0.03 seconds    

[Print][Sat Nov 13 15:04:38 2021]: >> Loading PvP Arenas...    

[Print][Sat Nov 13 15:04:38 2021]: > Done in 0.00 seconds    

[Print][Sat Nov 13 15:04:38 2021]: >> Loading Caught Highscores...    

[Print][Sat Nov 13 15:04:38 2021]: > Done in 0.00 seconds    

[Print][Sat Nov 13 15:04:38 2021]: >> Loading Tournament Highscores...    

[Print][Sat Nov 13 15:04:38 2021]: > Done in 0.00 seconds    

[Print][Sat Nov 13 15:04:38 2021]: >> Loading Berry Trees...    

[Print][Sat Nov 13 15:04:38 2021]: > Done in 0.07 seconds    

[Print][Sat Nov 13 15:04:38 2021]: >> Cleaning Mastery Dungeons...    

[Print][Sat Nov 13 15:04:38 2021]: > Done in 0.00 seconds    

[Print][Sat Nov 13 15:04:38 2021]: >> Loading Bosses...    

[Print][Sat Nov 13 15:04:38 2021]: >> Scheduled Boss Spawn: Phyllo Terribil in 9 hours, 29 minutes and 36 seconds    

[Print][Sat Nov 13 15:04:38 2021]: > Done in 0.00 seconds    

[Print][Sat Nov 13 15:04:38 2021]: >> Loading Highscores...    

[Print][Sat Nov 13 15:04:38 2021]: > Done in 0.00 seconds    

[Print][Sat Nov 13 15:04:38 2021]: >> Loading Ball Pillars...    

[Print][Sat Nov 13 15:04:38 2021]: > Done in 0.03 seconds    

[Print][Sat Nov 13 15:04:38 2021]: >> Loading Citizens...    

[Print][Sat Nov 13 15:04:39 2021]: > Done in 0.51 seconds    

[Print][Sat Nov 13 15:04:39 2021]: >> Loading Ranks...    

[Print][Sat Nov 13 15:04:39 2021]: > Done in 0.00 seconds    

[Print][Sat Nov 13 15:04:39 2021]: >> All done on Sat Nov 13 15:04:39 2021    

[Print][Sat Nov 13 15:26:43 2021]: 0    0    0    0    

