[Print][Mon Sep 27 01:03:23 2021]: >> Cleaning players online status...    

[Print][Mon Sep 27 01:03:23 2021]: > Done in 0.04 seconds    

[Print][Mon Sep 27 01:03:23 2021]: >> Loading PvP Arenas...    

[Print][Mon Sep 27 01:03:23 2021]: > Done in 0.00 seconds    

[Print][Mon Sep 27 01:03:23 2021]: >> Loading Caught Highscores...    

[Print][Mon Sep 27 01:03:23 2021]: > Done in 0.00 seconds    

[Print][Mon Sep 27 01:03:23 2021]: >> Loading Tournament Highscores...    

[Print][Mon Sep 27 01:03:23 2021]: > Done in 0.00 seconds    

[Print][Mon Sep 27 01:03:23 2021]: >> Loading Berry Trees...    

[Print][Mon Sep 27 01:03:23 2021]: > Done in 0.06 seconds    

[Print][Mon Sep 27 01:03:23 2021]: >> Cleaning Mastery Dungeons...    

[Print][Mon Sep 27 01:03:23 2021]: > Done in 0.00 seconds    

[Print][Mon Sep 27 01:03:23 2021]: >> Loading Bosses...    

[Print][Mon Sep 27 01:03:23 2021]: >> Scheduled Boss Spawn: Twisted Blades in 11 hours, 41 minutes and 47 seconds    

[Print][Mon Sep 27 01:03:23 2021]: > Done in 0.01 seconds    

[Print][Mon Sep 27 01:03:23 2021]: >> Loading Highscores...    

[Print][Mon Sep 27 01:03:23 2021]: > Done in 0.00 seconds    

[Print][Mon Sep 27 01:03:23 2021]: >> Loading Ball Pillars...    

[Print][Mon Sep 27 01:03:23 2021]: > Done in 0.03 seconds    

[Print][Mon Sep 27 01:03:23 2021]: >> Loading Citizens...    

[Print][Mon Sep 27 01:03:24 2021]: > Done in 0.50 seconds    

[Print][Mon Sep 27 01:03:24 2021]: >> Loading Ranks...    

[Print][Mon Sep 27 01:03:24 2021]: > Done in 0.00 seconds    

[Print][Mon Sep 27 01:03:24 2021]: >> All done on Mon Sep 27 01:03:24 2021    

[Print][Mon Sep 27 02:07:33 2021]: >> Cleaning players online status...    

[Print][Mon Sep 27 02:07:33 2021]: > Done in 0.05 seconds    

[Print][Mon Sep 27 02:07:33 2021]: >> Loading PvP Arenas...    

[Print][Mon Sep 27 02:07:33 2021]: > Done in 0.00 seconds    

[Print][Mon Sep 27 02:07:33 2021]: >> Loading Caught Highscores...    

[Print][Mon Sep 27 02:07:33 2021]: > Done in 0.00 seconds    

[Print][Mon Sep 27 02:07:33 2021]: >> Loading Tournament Highscores...    

[Print][Mon Sep 27 02:07:33 2021]: > Done in 0.00 seconds    

[Print][Mon Sep 27 02:07:33 2021]: >> Loading Berry Trees...    

[Print][Mon Sep 27 02:07:33 2021]: > Done in 0.02 seconds    

[Print][Mon Sep 27 02:07:33 2021]: >> Cleaning Mastery Dungeons...    

[Print][Mon Sep 27 02:07:33 2021]: > Done in 0.00 seconds    

[Print][Mon Sep 27 02:07:33 2021]: >> Loading Bosses...    

[Print][Mon Sep 27 02:07:33 2021]: >> Scheduled Boss Spawn: Charles Spencer in 15 hours, 40 minutes and 8 seconds    

[Print][Mon Sep 27 02:07:33 2021]: > Done in 0.03 seconds    

[Print][Mon Sep 27 02:07:33 2021]: >> Loading Highscores...    

[Print][Mon Sep 27 02:07:33 2021]: > Done in 0.01 seconds    

[Print][Mon Sep 27 02:07:33 2021]: >> Loading Ball Pillars...    

[Print][Mon Sep 27 02:07:33 2021]: > Done in 0.00 seconds    

[Print][Mon Sep 27 02:07:33 2021]: >> Loading Citizens...    

[Print][Mon Sep 27 02:07:34 2021]: > Done in 0.66 seconds    

[Print][Mon Sep 27 02:07:34 2021]: >> Loading Ranks...    

[Print][Mon Sep 27 02:07:34 2021]: > Done in 0.00 seconds    

[Print][Mon Sep 27 02:07:34 2021]: >> All done on Mon Sep 27 02:07:34 2021    

[Print][Mon Sep 27 16:56:36 2021]: >> Cleaning players online status...    

[Print][Mon Sep 27 16:56:36 2021]: > Done in 0.04 seconds    

[Print][Mon Sep 27 16:56:36 2021]: >> Loading PvP Arenas...    

[Print][Mon Sep 27 16:56:36 2021]: > Done in 0.00 seconds    

[Print][Mon Sep 27 16:56:36 2021]: >> Loading Caught Highscores...    

[Print][Mon Sep 27 16:56:36 2021]: > Done in 0.05 seconds    

[Print][Mon Sep 27 16:56:36 2021]: >> Loading Tournament Highscores...    

[Print][Mon Sep 27 16:56:36 2021]: > Done in 0.00 seconds    

[Print][Mon Sep 27 16:56:36 2021]: >> Loading Berry Trees...    

[Print][Mon Sep 27 16:56:36 2021]: > Done in 0.04 seconds    

[Print][Mon Sep 27 16:56:36 2021]: >> Cleaning Mastery Dungeons...    

[Print][Mon Sep 27 16:56:36 2021]: > Done in 0.00 seconds    

[Print][Mon Sep 27 16:56:36 2021]: >> Loading Bosses...    

[Print][Mon Sep 27 16:56:36 2021]: >> Scheduled Boss Spawn: Twisted Blades in 14 hours, 19 minutes and 50 seconds    

[Print][Mon Sep 27 16:56:36 2021]: > Done in 0.01 seconds    

[Print][Mon Sep 27 16:56:36 2021]: >> Loading Highscores...    

[Print][Mon Sep 27 16:56:36 2021]: > Done in 0.00 seconds    

[Print][Mon Sep 27 16:56:36 2021]: >> Loading Ball Pillars...    

[Print][Mon Sep 27 16:56:36 2021]: > Done in 0.02 seconds    

[Print][Mon Sep 27 16:56:36 2021]: >> Loading Citizens...    

[Print][Mon Sep 27 16:56:37 2021]: > Done in 0.61 seconds    

[Print][Mon Sep 27 16:56:37 2021]: >> Loading Ranks...    

[Print][Mon Sep 27 16:56:37 2021]: > Done in 0.00 seconds    

[Print][Mon Sep 27 16:56:37 2021]: >> All done on Mon Sep 27 16:56:37 2021    

[Print][Mon Sep 27 18:07:37 2021]: >> Cleaning players online status...    

[Print][Mon Sep 27 18:07:37 2021]: > Done in 0.01 seconds    

[Print][Mon Sep 27 18:07:37 2021]: >> Loading PvP Arenas...    

[Print][Mon Sep 27 18:07:37 2021]: > Done in 0.00 seconds    

[Print][Mon Sep 27 18:07:37 2021]: >> Loading Caught Highscores...    

[Print][Mon Sep 27 18:07:37 2021]: > Done in 0.05 seconds    

[Print][Mon Sep 27 18:07:37 2021]: >> Loading Tournament Highscores...    

[Print][Mon Sep 27 18:07:37 2021]: > Done in 0.00 seconds    

[Print][Mon Sep 27 18:07:37 2021]: >> Loading Berry Trees...    

[Print][Mon Sep 27 18:07:37 2021]: > Done in 0.03 seconds    

[Print][Mon Sep 27 18:07:37 2021]: >> Cleaning Mastery Dungeons...    

[Print][Mon Sep 27 18:07:37 2021]: > Done in 0.00 seconds    

[Print][Mon Sep 27 18:07:37 2021]: >> Loading Bosses...    

[Print][Mon Sep 27 18:07:37 2021]: >> Scheduled Boss Spawn: Smaug in 5 hours, 3 minutes and 57 seconds    

[Print][Mon Sep 27 18:07:37 2021]: > Done in 0.00 seconds    

[Print][Mon Sep 27 18:07:37 2021]: >> Loading Highscores...    

[Print][Mon Sep 27 18:07:37 2021]: > Done in 0.00 seconds    

[Print][Mon Sep 27 18:07:37 2021]: >> Loading Ball Pillars...    

[Print][Mon Sep 27 18:07:37 2021]: > Done in 0.00 seconds    

[Print][Mon Sep 27 18:07:37 2021]: >> Loading Citizens...    

[Print][Mon Sep 27 18:07:38 2021]: > Done in 0.84 seconds    

[Print][Mon Sep 27 18:07:38 2021]: >> Loading Ranks...    

[Print][Mon Sep 27 18:07:38 2021]: > Done in 0.00 seconds    

[Print][Mon Sep 27 18:07:38 2021]: >> All done on Mon Sep 27 18:07:38 2021    

[Print][Mon Sep 27 18:09:13 2021]: >> Cleaning players online status...    

[Print][Mon Sep 27 18:09:13 2021]: > Done in 0.02 seconds    

[Print][Mon Sep 27 18:09:13 2021]: >> Loading PvP Arenas...    

[Print][Mon Sep 27 18:09:13 2021]: > Done in 0.00 seconds    

[Print][Mon Sep 27 18:09:13 2021]: >> Loading Caught Highscores...    

[Print][Mon Sep 27 18:09:13 2021]: > Done in 0.00 seconds    

[Print][Mon Sep 27 18:09:13 2021]: >> Loading Tournament Highscores...    

[Print][Mon Sep 27 18:09:13 2021]: > Done in 0.00 seconds    

[Print][Mon Sep 27 18:09:13 2021]: >> Loading Berry Trees...    

[Print][Mon Sep 27 18:09:13 2021]: > Done in 0.01 seconds    

[Print][Mon Sep 27 18:09:13 2021]: >> Cleaning Mastery Dungeons...    

[Print][Mon Sep 27 18:09:13 2021]: > Done in 0.00 seconds    

[Print][Mon Sep 27 18:09:13 2021]: >> Loading Bosses...    

[Print][Mon Sep 27 18:09:13 2021]: >> Scheduled Boss Spawn: Great Saul in 10 hours, 25 minutes and 20 seconds    

[Print][Mon Sep 27 18:09:13 2021]: > Done in 0.01 seconds    

[Print][Mon Sep 27 18:09:13 2021]: >> Loading Highscores...    

[Print][Mon Sep 27 18:09:13 2021]: > Done in 0.00 seconds    

[Print][Mon Sep 27 18:09:13 2021]: >> Loading Ball Pillars...    

[Print][Mon Sep 27 18:09:13 2021]: > Done in 0.00 seconds    

[Print][Mon Sep 27 18:09:13 2021]: >> Loading Citizens...    

[Print][Mon Sep 27 18:09:14 2021]: > Done in 0.42 seconds    

[Print][Mon Sep 27 18:09:14 2021]: >> Loading Ranks...    

[Print][Mon Sep 27 18:09:14 2021]: > Done in 0.00 seconds    

[Print][Mon Sep 27 18:09:14 2021]: >> All done on Mon Sep 27 18:09:14 2021    

