[Print][Wed Sep 15 01:25:24 2021]: >> Cleaning players online status...    

[Print][Wed Sep 15 01:25:24 2021]: > Done in 0.02 seconds    

[Print][Wed Sep 15 01:25:24 2021]: >> Loading PvP Arenas...    

[Print][Wed Sep 15 01:25:24 2021]: > Done in 0.00 seconds    

[Print][Wed Sep 15 01:25:24 2021]: >> Loading Caught Highscores...    

[Print][Wed Sep 15 01:25:24 2021]: > Done in 0.00 seconds    

[Print][Wed Sep 15 01:25:24 2021]: >> Loading Tournament Highscores...    

[Print][Wed Sep 15 01:25:24 2021]: > Done in 0.00 seconds    

[Print][Wed Sep 15 01:25:24 2021]: >> Loading Berry Trees...    

[Print][Wed Sep 15 01:25:24 2021]: > Done in 0.05 seconds    

[Print][Wed Sep 15 01:25:24 2021]: >> Cleaning Mastery Dungeons...    

[Print][Wed Sep 15 01:25:24 2021]: > Done in 0.00 seconds    

[Print][Wed Sep 15 01:25:24 2021]: >> Loading Bosses...    

[Print][Wed Sep 15 01:25:24 2021]: >> Scheduled Boss Spawn: Winged Wisdom in 11 hours, 7 minutes and 14 seconds    

[Print][Wed Sep 15 01:25:25 2021]: > Done in 0.00 seconds    

[Print][Wed Sep 15 01:25:25 2021]: >> Loading Highscores...    

[Print][Wed Sep 15 01:25:25 2021]: > Done in 0.00 seconds    

[Print][Wed Sep 15 01:25:25 2021]: >> Loading Ball Pillars...    

[Print][Wed Sep 15 01:25:25 2021]: > Done in 0.01 seconds    

[Print][Wed Sep 15 01:25:25 2021]: >> Loading Citizens...    

[Print][Wed Sep 15 01:25:25 2021]: > Done in 0.55 seconds    

[Print][Wed Sep 15 01:25:25 2021]: >> Loading Ranks...    

[Print][Wed Sep 15 01:25:25 2021]: > Done in 0.00 seconds    

[Print][Wed Sep 15 01:25:25 2021]: >> All done on Wed Sep 15 01:25:25 2021    

[Print][Wed Sep 15 02:39:54 2021]: >> Cleaning players online status...    

[Print][Wed Sep 15 02:39:54 2021]: > Done in 0.03 seconds    

[Print][Wed Sep 15 02:39:54 2021]: >> Loading PvP Arenas...    

[Print][Wed Sep 15 02:39:54 2021]: > Done in 0.00 seconds    

[Print][Wed Sep 15 02:39:54 2021]: >> Loading Caught Highscores...    

[Print][Wed Sep 15 02:39:54 2021]: > Done in 0.00 seconds    

[Print][Wed Sep 15 02:39:54 2021]: >> Loading Tournament Highscores...    

[Print][Wed Sep 15 02:39:54 2021]: > Done in 0.00 seconds    

[Print][Wed Sep 15 02:39:54 2021]: >> Loading Berry Trees...    

[Print][Wed Sep 15 02:39:54 2021]: > Done in 0.01 seconds    

[Print][Wed Sep 15 02:39:54 2021]: >> Cleaning Mastery Dungeons...    

[Print][Wed Sep 15 02:39:54 2021]: > Done in 0.00 seconds    

[Print][Wed Sep 15 02:39:54 2021]: >> Loading Bosses...    

[Print][Wed Sep 15 02:39:54 2021]: >> Scheduled Boss Spawn: Pink Fury in 7 hours, 14 minutes and 53 seconds    

[Print][Wed Sep 15 02:39:54 2021]: > Done in 0.00 seconds    

[Print][Wed Sep 15 02:39:54 2021]: >> Loading Highscores...    

[Print][Wed Sep 15 02:39:54 2021]: > Done in 0.00 seconds    

[Print][Wed Sep 15 02:39:54 2021]: >> Loading Ball Pillars...    

[Print][Wed Sep 15 02:39:54 2021]: > Done in 0.01 seconds    

[Print][Wed Sep 15 02:39:54 2021]: >> Loading Citizens...    

[Print][Wed Sep 15 02:39:55 2021]: > Done in 0.45 seconds    

[Print][Wed Sep 15 02:39:55 2021]: >> Loading Ranks...    

[Print][Wed Sep 15 02:39:55 2021]: > Done in 0.00 seconds    

[Print][Wed Sep 15 02:39:55 2021]: >> All done on Wed Sep 15 02:39:55 2021    

[Print][Wed Sep 15 02:42:49 2021]: >> Cleaning players online status...    

[Print][Wed Sep 15 02:42:49 2021]: > Done in 0.34 seconds    

[Print][Wed Sep 15 02:42:49 2021]: >> Loading PvP Arenas...    

[Print][Wed Sep 15 02:42:49 2021]: > Done in 0.00 seconds    

[Print][Wed Sep 15 02:42:49 2021]: >> Loading Caught Highscores...    

[Print][Wed Sep 15 02:42:49 2021]: > Done in 0.00 seconds    

[Print][Wed Sep 15 02:42:49 2021]: >> Loading Tournament Highscores...    

[Print][Wed Sep 15 02:42:49 2021]: > Done in 0.00 seconds    

[Print][Wed Sep 15 02:42:49 2021]: >> Loading Berry Trees...    

[Print][Wed Sep 15 02:42:49 2021]: > Done in 0.03 seconds    

[Print][Wed Sep 15 02:42:49 2021]: >> Cleaning Mastery Dungeons...    

[Print][Wed Sep 15 02:42:49 2021]: > Done in 0.00 seconds    

[Print][Wed Sep 15 02:42:49 2021]: >> Loading Bosses...    

[Print][Wed Sep 15 02:42:49 2021]: >> Scheduled Boss Spawn: Sweet Lover in 5 hours, 29 minutes and 7 seconds    

[Print][Wed Sep 15 02:42:49 2021]: > Done in 0.00 seconds    

[Print][Wed Sep 15 02:42:49 2021]: >> Loading Highscores...    

[Print][Wed Sep 15 02:42:49 2021]: > Done in 0.00 seconds    

[Print][Wed Sep 15 02:42:49 2021]: >> Loading Ball Pillars...    

[Print][Wed Sep 15 02:42:49 2021]: > Done in 0.00 seconds    

[Print][Wed Sep 15 02:42:49 2021]: >> Loading Citizens...    

[Print][Wed Sep 15 02:42:50 2021]: > Done in 0.43 seconds    

[Print][Wed Sep 15 02:42:50 2021]: >> Loading Ranks...    

[Print][Wed Sep 15 02:42:50 2021]: > Done in 0.00 seconds    

[Print][Wed Sep 15 02:42:50 2021]: >> All done on Wed Sep 15 02:42:50 2021    

[Print][Wed Sep 15 02:46:20 2021]: >> Cleaning players online status...    

[Print][Wed Sep 15 02:46:20 2021]: > Done in 0.06 seconds    

[Print][Wed Sep 15 02:46:20 2021]: >> Loading PvP Arenas...    

[Print][Wed Sep 15 02:46:20 2021]: > Done in 0.00 seconds    

[Print][Wed Sep 15 02:46:20 2021]: >> Loading Caught Highscores...    

[Print][Wed Sep 15 02:46:20 2021]: > Done in 0.00 seconds    

[Print][Wed Sep 15 02:46:20 2021]: >> Loading Tournament Highscores...    

[Print][Wed Sep 15 02:46:20 2021]: > Done in 0.00 seconds    

[Print][Wed Sep 15 02:46:20 2021]: >> Loading Berry Trees...    

[Print][Wed Sep 15 02:46:20 2021]: > Done in 0.02 seconds    

[Print][Wed Sep 15 02:46:20 2021]: >> Cleaning Mastery Dungeons...    

[Print][Wed Sep 15 02:46:20 2021]: > Done in 0.00 seconds    

[Print][Wed Sep 15 02:46:20 2021]: >> Loading Bosses...    

[Print][Wed Sep 15 02:46:20 2021]: >> Scheduled Boss Spawn: Cesar, The Simian in 9 hours, 32 minutes and 43 seconds    

[Print][Wed Sep 15 02:46:20 2021]: > Done in 0.00 seconds    

[Print][Wed Sep 15 02:46:20 2021]: >> Loading Highscores...    

[Print][Wed Sep 15 02:46:20 2021]: > Done in 0.00 seconds    

[Print][Wed Sep 15 02:46:20 2021]: >> Loading Ball Pillars...    

[Print][Wed Sep 15 02:46:20 2021]: > Done in 0.00 seconds    

[Print][Wed Sep 15 02:46:20 2021]: >> Loading Citizens...    

[Print][Wed Sep 15 02:46:21 2021]: > Done in 0.48 seconds    

[Print][Wed Sep 15 02:46:21 2021]: >> Loading Ranks...    

[Print][Wed Sep 15 02:46:21 2021]: > Done in 0.00 seconds    

[Print][Wed Sep 15 02:46:21 2021]: >> All done on Wed Sep 15 02:46:21 2021    

[Print][Wed Sep 15 02:49:34 2021]: >> Cleaning players online status...    

[Print][Wed Sep 15 02:49:34 2021]: > Done in 0.02 seconds    

[Print][Wed Sep 15 02:49:34 2021]: >> Loading PvP Arenas...    

[Print][Wed Sep 15 02:49:34 2021]: > Done in 0.00 seconds    

[Print][Wed Sep 15 02:49:34 2021]: >> Loading Caught Highscores...    

[Print][Wed Sep 15 02:49:34 2021]: > Done in 0.00 seconds    

[Print][Wed Sep 15 02:49:34 2021]: >> Loading Tournament Highscores...    

[Print][Wed Sep 15 02:49:34 2021]: > Done in 0.00 seconds    

[Print][Wed Sep 15 02:49:34 2021]: >> Loading Berry Trees...    

[Print][Wed Sep 15 02:49:34 2021]: > Done in 0.01 seconds    

[Print][Wed Sep 15 02:49:34 2021]: >> Cleaning Mastery Dungeons...    

[Print][Wed Sep 15 02:49:34 2021]: > Done in 0.00 seconds    

[Print][Wed Sep 15 02:49:34 2021]: >> Loading Bosses...    

[Print][Wed Sep 15 02:49:34 2021]: >> Scheduled Boss Spawn: Grisly Mind in 9 hours, 44 minutes and 8 seconds    

[Print][Wed Sep 15 02:49:34 2021]: > Done in 0.01 seconds    

[Print][Wed Sep 15 02:49:34 2021]: >> Loading Highscores...    

[Print][Wed Sep 15 02:49:34 2021]: > Done in 0.00 seconds    

[Print][Wed Sep 15 02:49:34 2021]: >> Loading Ball Pillars...    

[Print][Wed Sep 15 02:49:34 2021]: > Done in 0.01 seconds    

[Print][Wed Sep 15 02:49:34 2021]: >> Loading Citizens...    

[Print][Wed Sep 15 02:49:34 2021]: > Done in 0.49 seconds    

[Print][Wed Sep 15 02:49:34 2021]: >> Loading Ranks...    

[Print][Wed Sep 15 02:49:34 2021]: > Done in 0.00 seconds    

[Print][Wed Sep 15 02:49:34 2021]: >> All done on Wed Sep 15 02:49:34 2021    

[Print][Wed Sep 15 03:03:52 2021]: >> Cleaning players online status...    

[Print][Wed Sep 15 03:03:52 2021]: > Done in 0.32 seconds    

[Print][Wed Sep 15 03:03:52 2021]: >> Loading PvP Arenas...    

[Print][Wed Sep 15 03:03:52 2021]: > Done in 0.00 seconds    

[Print][Wed Sep 15 03:03:52 2021]: >> Loading Caught Highscores...    

[Print][Wed Sep 15 03:03:52 2021]: > Done in 0.02 seconds    

[Print][Wed Sep 15 03:03:52 2021]: >> Loading Tournament Highscores...    

[Print][Wed Sep 15 03:03:52 2021]: > Done in 0.03 seconds    

[Print][Wed Sep 15 03:03:53 2021]: >> Loading Berry Trees...    

[Print][Wed Sep 15 03:03:53 2021]: > Done in 0.06 seconds    

[Print][Wed Sep 15 03:03:53 2021]: >> Cleaning Mastery Dungeons...    

[Print][Wed Sep 15 03:03:53 2021]: > Done in 0.00 seconds    

[Print][Wed Sep 15 03:03:53 2021]: >> Loading Bosses...    

[Print][Wed Sep 15 03:03:53 2021]: >> Scheduled Boss Spawn: Toby in 14 hours, 58 minutes and 48 seconds    

[Print][Wed Sep 15 03:03:53 2021]: > Done in 0.01 seconds    

[Print][Wed Sep 15 03:03:53 2021]: >> Loading Highscores...    

[Print][Wed Sep 15 03:03:53 2021]: > Done in 0.00 seconds    

[Print][Wed Sep 15 03:03:53 2021]: >> Loading Ball Pillars...    

[Print][Wed Sep 15 03:03:53 2021]: > Done in 0.01 seconds    

[Print][Wed Sep 15 03:03:53 2021]: >> Loading Citizens...    

[Print][Wed Sep 15 03:03:53 2021]: > Done in 0.65 seconds    

[Print][Wed Sep 15 03:03:53 2021]: >> Loading Ranks...    

[Print][Wed Sep 15 03:03:53 2021]: > Done in 0.00 seconds    

[Print][Wed Sep 15 03:03:53 2021]: >> All done on Wed Sep 15 03:03:53 2021    

[Print][Wed Sep 15 03:11:58 2021]: >> Cleaning players online status...    

[Print][Wed Sep 15 03:11:59 2021]: > Done in 0.23 seconds    

[Print][Wed Sep 15 03:11:59 2021]: >> Loading PvP Arenas...    

[Print][Wed Sep 15 03:11:59 2021]: > Done in 0.00 seconds    

[Print][Wed Sep 15 03:11:59 2021]: >> Loading Caught Highscores...    

[Print][Wed Sep 15 03:11:59 2021]: > Done in 0.00 seconds    

[Print][Wed Sep 15 03:11:59 2021]: >> Loading Tournament Highscores...    

[Print][Wed Sep 15 03:11:59 2021]: > Done in 0.00 seconds    

[Print][Wed Sep 15 03:11:59 2021]: >> Loading Berry Trees...    

[Print][Wed Sep 15 03:11:59 2021]: > Done in 0.04 seconds    

[Print][Wed Sep 15 03:11:59 2021]: >> Cleaning Mastery Dungeons...    

[Print][Wed Sep 15 03:11:59 2021]: > Done in 0.00 seconds    

[Print][Wed Sep 15 03:11:59 2021]: >> Loading Bosses...    

[Print][Wed Sep 15 03:11:59 2021]: >> Scheduled Boss Spawn: Pink Fury in 12 hours, 4 minutes and 15 seconds    

[Print][Wed Sep 15 03:11:59 2021]: > Done in 0.01 seconds    

[Print][Wed Sep 15 03:11:59 2021]: >> Loading Highscores...    

[Print][Wed Sep 15 03:11:59 2021]: > Done in 0.00 seconds    

[Print][Wed Sep 15 03:11:59 2021]: >> Loading Ball Pillars...    

[Print][Wed Sep 15 03:11:59 2021]: > Done in 0.00 seconds    

[Print][Wed Sep 15 03:11:59 2021]: >> Loading Citizens...    

[Print][Wed Sep 15 03:11:59 2021]: > Done in 0.45 seconds    

[Print][Wed Sep 15 03:11:59 2021]: >> Loading Ranks...    

[Print][Wed Sep 15 03:11:59 2021]: > Done in 0.00 seconds    

[Print][Wed Sep 15 03:11:59 2021]: >> All done on Wed Sep 15 03:11:59 2021    

[Print][Wed Sep 15 03:22:54 2021]: >> Cleaning players online status...    

[Print][Wed Sep 15 03:22:54 2021]: > Done in 0.04 seconds    

[Print][Wed Sep 15 03:22:54 2021]: >> Loading PvP Arenas...    

[Print][Wed Sep 15 03:22:54 2021]: > Done in 0.00 seconds    

[Print][Wed Sep 15 03:22:54 2021]: >> Loading Caught Highscores...    

[Print][Wed Sep 15 03:22:54 2021]: > Done in 0.00 seconds    

[Print][Wed Sep 15 03:22:54 2021]: >> Loading Tournament Highscores...    

[Print][Wed Sep 15 03:22:54 2021]: > Done in 0.00 seconds    

[Print][Wed Sep 15 03:22:54 2021]: >> Loading Berry Trees...    

[Print][Wed Sep 15 03:22:54 2021]: > Done in 0.03 seconds    

[Print][Wed Sep 15 03:22:54 2021]: >> Cleaning Mastery Dungeons...    

[Print][Wed Sep 15 03:22:54 2021]: > Done in 0.00 seconds    

[Print][Wed Sep 15 03:22:54 2021]: >> Loading Bosses...    

[Print][Wed Sep 15 03:22:54 2021]: >> Scheduled Boss Spawn: Cesar, The Simian in 7 hours, 22 minutes and 11 seconds    

[Print][Wed Sep 15 03:22:54 2021]: > Done in 0.01 seconds    

[Print][Wed Sep 15 03:22:54 2021]: >> Loading Highscores...    

[Print][Wed Sep 15 03:22:54 2021]: > Done in 0.00 seconds    

[Print][Wed Sep 15 03:22:54 2021]: >> Loading Ball Pillars...    

[Print][Wed Sep 15 03:22:54 2021]: > Done in 0.00 seconds    

[Print][Wed Sep 15 03:22:54 2021]: >> Loading Citizens...    

[Print][Wed Sep 15 03:22:55 2021]: > Done in 0.51 seconds    

[Print][Wed Sep 15 03:22:55 2021]: >> Loading Ranks...    

[Print][Wed Sep 15 03:22:55 2021]: > Done in 0.00 seconds    

[Print][Wed Sep 15 03:22:55 2021]: >> All done on Wed Sep 15 03:22:55 2021    

[Print][Wed Sep 15 03:33:44 2021]: >> Cleaning players online status...    

[Print][Wed Sep 15 03:33:45 2021]: > Done in 0.26 seconds    

[Print][Wed Sep 15 03:33:45 2021]: >> Loading PvP Arenas...    

[Print][Wed Sep 15 03:33:45 2021]: > Done in 0.00 seconds    

[Print][Wed Sep 15 03:33:45 2021]: >> Loading Caught Highscores...    

[Print][Wed Sep 15 03:33:45 2021]: > Done in 0.00 seconds    

[Print][Wed Sep 15 03:33:45 2021]: >> Loading Tournament Highscores...    

[Print][Wed Sep 15 03:33:45 2021]: > Done in 0.00 seconds    

[Print][Wed Sep 15 03:33:45 2021]: >> Loading Berry Trees...    

[Print][Wed Sep 15 03:33:45 2021]: > Done in 0.06 seconds    

[Print][Wed Sep 15 03:33:45 2021]: >> Cleaning Mastery Dungeons...    

[Print][Wed Sep 15 03:33:45 2021]: > Done in 0.00 seconds    

[Print][Wed Sep 15 03:33:45 2021]: >> Loading Bosses...    

[Print][Wed Sep 15 03:33:45 2021]: >> Scheduled Boss Spawn: Kirby in 15 hours, 1 minute and 15 seconds    

[Print][Wed Sep 15 03:33:45 2021]: > Done in 0.00 seconds    

[Print][Wed Sep 15 03:33:45 2021]: >> Loading Highscores...    

[Print][Wed Sep 15 03:33:45 2021]: > Done in 0.00 seconds    

[Print][Wed Sep 15 03:33:45 2021]: >> Loading Ball Pillars...    

[Print][Wed Sep 15 03:33:45 2021]: > Done in 0.00 seconds    

[Print][Wed Sep 15 03:33:45 2021]: >> Loading Citizens...    

[Print][Wed Sep 15 03:33:45 2021]: > Done in 0.48 seconds    

[Print][Wed Sep 15 03:33:45 2021]: >> Loading Ranks...    

[Print][Wed Sep 15 03:33:45 2021]: > Done in 0.00 seconds    

[Print][Wed Sep 15 03:33:45 2021]: >> All done on Wed Sep 15 03:33:45 2021    

[Print][Wed Sep 15 10:52:37 2021]: >> Cleaning players online status...    

[Print][Wed Sep 15 10:52:37 2021]: > Done in 0.04 seconds    

[Print][Wed Sep 15 10:52:37 2021]: >> Loading PvP Arenas...    

[Print][Wed Sep 15 10:52:37 2021]: > Done in 0.00 seconds    

[Print][Wed Sep 15 10:52:37 2021]: >> Loading Caught Highscores...    

[Print][Wed Sep 15 10:52:37 2021]: > Done in 0.02 seconds    

[Print][Wed Sep 15 10:52:37 2021]: >> Loading Tournament Highscores...    

[Print][Wed Sep 15 10:52:37 2021]: > Done in 0.00 seconds    

[Print][Wed Sep 15 10:52:37 2021]: >> Loading Berry Trees...    

[Print][Wed Sep 15 10:52:37 2021]: > Done in 0.05 seconds    

[Print][Wed Sep 15 10:52:37 2021]: >> Cleaning Mastery Dungeons...    

[Print][Wed Sep 15 10:52:37 2021]: > Done in 0.00 seconds    

[Print][Wed Sep 15 10:52:37 2021]: >> Loading Bosses...    

[Print][Wed Sep 15 10:52:37 2021]: >> Scheduled Boss Spawn: The A. Mesmer in 10 hours, 44 minutes and 26 seconds    

[Print][Wed Sep 15 10:52:37 2021]: > Done in 0.01 seconds    

[Print][Wed Sep 15 10:52:37 2021]: >> Loading Highscores...    

[Print][Wed Sep 15 10:52:37 2021]: > Done in 0.00 seconds    

[Print][Wed Sep 15 10:52:37 2021]: >> Loading Ball Pillars...    

[Print][Wed Sep 15 10:52:37 2021]: > Done in 0.02 seconds    

[Print][Wed Sep 15 10:52:37 2021]: >> Loading Citizens...    

[Print][Wed Sep 15 10:52:38 2021]: > Done in 0.43 seconds    

[Print][Wed Sep 15 10:52:38 2021]: >> Loading Ranks...    

[Print][Wed Sep 15 10:52:38 2021]: > Done in 0.02 seconds    

[Print][Wed Sep 15 10:52:38 2021]: >> All done on Wed Sep 15 10:52:38 2021    

[Print][Wed Sep 15 11:37:29 2021]: >> Cleaning players online status...    

[Print][Wed Sep 15 11:37:29 2021]: > Done in 0.02 seconds    

[Print][Wed Sep 15 11:37:29 2021]: >> Loading PvP Arenas...    

[Print][Wed Sep 15 11:37:29 2021]: > Done in 0.00 seconds    

[Print][Wed Sep 15 11:37:29 2021]: >> Loading Caught Highscores...    

[Print][Wed Sep 15 11:37:29 2021]: > Done in 0.00 seconds    

[Print][Wed Sep 15 11:37:29 2021]: >> Loading Tournament Highscores...    

[Print][Wed Sep 15 11:37:29 2021]: > Done in 0.00 seconds    

[Print][Wed Sep 15 11:37:29 2021]: >> Loading Berry Trees...    

[Print][Wed Sep 15 11:37:29 2021]: > Done in 0.01 seconds    

[Print][Wed Sep 15 11:37:29 2021]: >> Cleaning Mastery Dungeons...    

[Print][Wed Sep 15 11:37:29 2021]: > Done in 0.00 seconds    

[Print][Wed Sep 15 11:37:29 2021]: >> Loading Bosses...    

[Print][Wed Sep 15 11:37:29 2021]: >> Scheduled Boss Spawn: Mad Mum in 13 hours, 43 minutes and 44 seconds    

[Print][Wed Sep 15 11:37:29 2021]: > Done in 0.00 seconds    

[Print][Wed Sep 15 11:37:29 2021]: >> Loading Highscores...    

[Print][Wed Sep 15 11:37:29 2021]: > Done in 0.00 seconds    

[Print][Wed Sep 15 11:37:29 2021]: >> Loading Ball Pillars...    

[Print][Wed Sep 15 11:37:29 2021]: > Done in 0.00 seconds    

[Print][Wed Sep 15 11:37:29 2021]: >> Loading Citizens...    

[Print][Wed Sep 15 11:37:30 2021]: > Done in 0.44 seconds    

[Print][Wed Sep 15 11:37:30 2021]: >> Loading Ranks...    

[Print][Wed Sep 15 11:37:30 2021]: > Done in 0.00 seconds    

[Print][Wed Sep 15 11:37:30 2021]: >> All done on Wed Sep 15 11:37:30 2021    

[Print][Wed Sep 15 11:45:59 2021]: >> Cleaning players online status...    

[Print][Wed Sep 15 11:45:59 2021]: > Done in 0.01 seconds    

[Print][Wed Sep 15 11:45:59 2021]: >> Loading PvP Arenas...    

[Print][Wed Sep 15 11:45:59 2021]: > Done in 0.00 seconds    

[Print][Wed Sep 15 11:45:59 2021]: >> Loading Caught Highscores...    

[Print][Wed Sep 15 11:45:59 2021]: > Done in 0.00 seconds    

[Print][Wed Sep 15 11:45:59 2021]: >> Loading Tournament Highscores...    

[Print][Wed Sep 15 11:45:59 2021]: > Done in 0.00 seconds    

[Print][Wed Sep 15 11:45:59 2021]: >> Loading Berry Trees...    

[Print][Wed Sep 15 11:45:59 2021]: > Done in 0.02 seconds    

[Print][Wed Sep 15 11:45:59 2021]: >> Cleaning Mastery Dungeons...    

[Print][Wed Sep 15 11:45:59 2021]: > Done in 0.00 seconds    

[Print][Wed Sep 15 11:45:59 2021]: >> Loading Bosses...    

[Print][Wed Sep 15 11:45:59 2021]: >> Scheduled Boss Spawn: Grisly Mind in 10 hours, 12 minutes and 2 seconds    

[Print][Wed Sep 15 11:45:59 2021]: > Done in 0.01 seconds    

[Print][Wed Sep 15 11:45:59 2021]: >> Loading Highscores...    

[Print][Wed Sep 15 11:45:59 2021]: > Done in 0.00 seconds    

[Print][Wed Sep 15 11:45:59 2021]: >> Loading Ball Pillars...    

[Print][Wed Sep 15 11:45:59 2021]: > Done in 0.00 seconds    

[Print][Wed Sep 15 11:45:59 2021]: >> Loading Citizens...    

[Print][Wed Sep 15 11:45:59 2021]: > Done in 0.39 seconds    

[Print][Wed Sep 15 11:45:59 2021]: >> Loading Ranks...    

[Print][Wed Sep 15 11:45:59 2021]: > Done in 0.00 seconds    

[Print][Wed Sep 15 11:45:59 2021]: >> All done on Wed Sep 15 11:45:59 2021    

[Print][Wed Sep 15 13:10:48 2021]: >> Cleaning players online status...    

[Print][Wed Sep 15 13:10:48 2021]: > Done in 0.04 seconds    

[Print][Wed Sep 15 13:10:48 2021]: >> Loading PvP Arenas...    

[Print][Wed Sep 15 13:10:48 2021]: > Done in 0.00 seconds    

[Print][Wed Sep 15 13:10:48 2021]: >> Loading Caught Highscores...    

[Print][Wed Sep 15 13:10:48 2021]: > Done in 0.00 seconds    

[Print][Wed Sep 15 13:10:48 2021]: >> Loading Tournament Highscores...    

[Print][Wed Sep 15 13:10:48 2021]: > Done in 0.00 seconds    

[Print][Wed Sep 15 13:10:48 2021]: >> Loading Berry Trees...    

[Print][Wed Sep 15 13:10:48 2021]: > Done in 0.02 seconds    

[Print][Wed Sep 15 13:10:48 2021]: >> Cleaning Mastery Dungeons...    

[Print][Wed Sep 15 13:10:48 2021]: > Done in 0.00 seconds    

[Print][Wed Sep 15 13:10:48 2021]: >> Loading Bosses...    

[Print][Wed Sep 15 13:10:48 2021]: >> Scheduled Boss Spawn: DoomBoy in 13 hours, 52 minutes and 38 seconds    

[Print][Wed Sep 15 13:10:48 2021]: > Done in 0.01 seconds    

[Print][Wed Sep 15 13:10:48 2021]: >> Loading Highscores...    

[Print][Wed Sep 15 13:10:48 2021]: > Done in 0.00 seconds    

[Print][Wed Sep 15 13:10:48 2021]: >> Loading Ball Pillars...    

[Print][Wed Sep 15 13:10:48 2021]: > Done in 0.00 seconds    

[Print][Wed Sep 15 13:10:48 2021]: >> Loading Citizens...    

[Print][Wed Sep 15 13:10:48 2021]: > Done in 0.45 seconds    

[Print][Wed Sep 15 13:10:48 2021]: >> Loading Ranks...    

[Print][Wed Sep 15 13:10:48 2021]: > Done in 0.00 seconds    

[Print][Wed Sep 15 13:10:48 2021]: >> All done on Wed Sep 15 13:10:48 2021    

[Print][Wed Sep 15 15:04:12 2021]: >> Cleaning players online status...    

[Print][Wed Sep 15 15:04:12 2021]: > Done in 0.03 seconds    

[Print][Wed Sep 15 15:04:12 2021]: >> Loading PvP Arenas...    

[Print][Wed Sep 15 15:04:12 2021]: > Done in 0.00 seconds    

[Print][Wed Sep 15 15:04:12 2021]: >> Loading Caught Highscores...    

[Print][Wed Sep 15 15:04:12 2021]: > Done in 0.08 seconds    

[Print][Wed Sep 15 15:04:12 2021]: >> Loading Tournament Highscores...    

[Print][Wed Sep 15 15:04:12 2021]: > Done in 0.00 seconds    

[Print][Wed Sep 15 15:04:12 2021]: >> Loading Berry Trees...    

[Print][Wed Sep 15 15:04:12 2021]: > Done in 0.04 seconds    

[Print][Wed Sep 15 15:04:12 2021]: >> Cleaning Mastery Dungeons...    

[Print][Wed Sep 15 15:04:12 2021]: > Done in 0.00 seconds    

[Print][Wed Sep 15 15:04:12 2021]: >> Loading Bosses...    

[Print][Wed Sep 15 15:04:12 2021]: >> Scheduled Boss Spawn: Mr. Gormandize in 8 hours, 52 minutes and 4 seconds    

[Print][Wed Sep 15 15:04:12 2021]: > Done in 0.01 seconds    

[Print][Wed Sep 15 15:04:12 2021]: >> Loading Highscores...    

[Print][Wed Sep 15 15:04:12 2021]: > Done in 0.00 seconds    

[Print][Wed Sep 15 15:04:12 2021]: >> Loading Ball Pillars...    

[Print][Wed Sep 15 15:04:12 2021]: > Done in 0.00 seconds    

[Print][Wed Sep 15 15:04:12 2021]: >> Loading Citizens...    

[Print][Wed Sep 15 15:04:13 2021]: > Done in 0.48 seconds    

[Print][Wed Sep 15 15:04:13 2021]: >> Loading Ranks...    

[Print][Wed Sep 15 15:04:13 2021]: > Done in 0.00 seconds    

[Print][Wed Sep 15 15:04:13 2021]: >> All done on Wed Sep 15 15:04:13 2021    

[Print][Wed Sep 15 15:48:18 2021]: >> Cleaning players online status...    

[Print][Wed Sep 15 15:48:18 2021]: > Done in 0.04 seconds    

[Print][Wed Sep 15 15:48:18 2021]: >> Loading PvP Arenas...    

[Print][Wed Sep 15 15:48:18 2021]: > Done in 0.00 seconds    

[Print][Wed Sep 15 15:48:18 2021]: >> Loading Caught Highscores...    

[Print][Wed Sep 15 15:48:18 2021]: > Done in 0.00 seconds    

[Print][Wed Sep 15 15:48:18 2021]: >> Loading Tournament Highscores...    

[Print][Wed Sep 15 15:48:18 2021]: > Done in 0.00 seconds    

[Print][Wed Sep 15 15:48:18 2021]: >> Loading Berry Trees...    

[Print][Wed Sep 15 15:48:18 2021]: > Done in 0.02 seconds    

[Print][Wed Sep 15 15:48:18 2021]: >> Cleaning Mastery Dungeons...    

[Print][Wed Sep 15 15:48:18 2021]: > Done in 0.00 seconds    

[Print][Wed Sep 15 15:48:18 2021]: >> Loading Bosses...    

[Print][Wed Sep 15 15:48:18 2021]: >> Scheduled Boss Spawn: The Turbo in 12 hours and 33 minutes    

[Print][Wed Sep 15 15:48:18 2021]: > Done in 0.01 seconds    

[Print][Wed Sep 15 15:48:18 2021]: >> Loading Highscores...    

[Print][Wed Sep 15 15:48:18 2021]: > Done in 0.00 seconds    

[Print][Wed Sep 15 15:48:18 2021]: >> Loading Ball Pillars...    

[Print][Wed Sep 15 15:48:18 2021]: > Done in 0.00 seconds    

[Print][Wed Sep 15 15:48:18 2021]: >> Loading Citizens...    

[Print][Wed Sep 15 15:48:18 2021]: > Done in 0.46 seconds    

[Print][Wed Sep 15 15:48:19 2021]: >> Loading Ranks...    

[Print][Wed Sep 15 15:48:19 2021]: > Done in 0.00 seconds    

[Print][Wed Sep 15 15:48:19 2021]: >> All done on Wed Sep 15 15:48:19 2021    

[Print][Wed Sep 15 16:05:00 2021]: >> Cleaning players online status...    

[Print][Wed Sep 15 16:05:00 2021]: > Done in 0.03 seconds    

[Print][Wed Sep 15 16:05:00 2021]: >> Loading PvP Arenas...    

[Print][Wed Sep 15 16:05:00 2021]: > Done in 0.00 seconds    

[Print][Wed Sep 15 16:05:00 2021]: >> Loading Caught Highscores...    

[Print][Wed Sep 15 16:05:00 2021]: > Done in 0.00 seconds    

[Print][Wed Sep 15 16:05:00 2021]: >> Loading Tournament Highscores...    

[Print][Wed Sep 15 16:05:00 2021]: > Done in 0.00 seconds    

[Print][Wed Sep 15 16:05:00 2021]: >> Loading Berry Trees...    

[Print][Wed Sep 15 16:05:00 2021]: > Done in 0.02 seconds    

[Print][Wed Sep 15 16:05:00 2021]: >> Cleaning Mastery Dungeons...    

[Print][Wed Sep 15 16:05:00 2021]: > Done in 0.00 seconds    

[Print][Wed Sep 15 16:05:00 2021]: >> Loading Bosses...    

[Print][Wed Sep 15 16:05:00 2021]: >> Scheduled Boss Spawn: Cesar, The Simian in 9 hours, 29 minutes and 45 seconds    

[Print][Wed Sep 15 16:05:00 2021]: > Done in 0.01 seconds    

[Print][Wed Sep 15 16:05:00 2021]: >> Loading Highscores...    

[Print][Wed Sep 15 16:05:00 2021]: > Done in 0.00 seconds    

[Print][Wed Sep 15 16:05:00 2021]: >> Loading Ball Pillars...    

[Print][Wed Sep 15 16:05:00 2021]: > Done in 0.00 seconds    

[Print][Wed Sep 15 16:05:00 2021]: >> Loading Citizens...    

[Print][Wed Sep 15 16:05:01 2021]: > Done in 0.39 seconds    

[Print][Wed Sep 15 16:05:01 2021]: >> Loading Ranks...    

[Print][Wed Sep 15 16:05:01 2021]: > Done in 0.00 seconds    

[Print][Wed Sep 15 16:05:01 2021]: >> All done on Wed Sep 15 16:05:01 2021    

[Print][Wed Sep 15 16:28:23 2021]: >> Cleaning players online status...    

[Print][Wed Sep 15 16:28:23 2021]: > Done in 0.01 seconds    

[Print][Wed Sep 15 16:28:23 2021]: >> Loading PvP Arenas...    

[Print][Wed Sep 15 16:28:23 2021]: > Done in 0.00 seconds    

[Print][Wed Sep 15 16:28:23 2021]: >> Loading Caught Highscores...    

[Print][Wed Sep 15 16:28:23 2021]: > Done in 0.00 seconds    

[Print][Wed Sep 15 16:28:23 2021]: >> Loading Tournament Highscores...    

[Print][Wed Sep 15 16:28:23 2021]: > Done in 0.00 seconds    

[Print][Wed Sep 15 16:28:23 2021]: >> Loading Berry Trees...    

[Print][Wed Sep 15 16:28:23 2021]: > Done in 0.02 seconds    

[Print][Wed Sep 15 16:28:23 2021]: >> Cleaning Mastery Dungeons...    

[Print][Wed Sep 15 16:28:23 2021]: > Done in 0.00 seconds    

[Print][Wed Sep 15 16:28:23 2021]: >> Loading Bosses...    

[Print][Wed Sep 15 16:28:23 2021]: >> Scheduled Boss Spawn: Kirby in 14 hours, 5 minutes and 27 seconds    

[Print][Wed Sep 15 16:28:23 2021]: > Done in 0.01 seconds    

[Print][Wed Sep 15 16:28:23 2021]: >> Loading Highscores...    

[Print][Wed Sep 15 16:28:23 2021]: > Done in 0.00 seconds    

[Print][Wed Sep 15 16:28:23 2021]: >> Loading Ball Pillars...    

[Print][Wed Sep 15 16:28:23 2021]: > Done in 0.00 seconds    

[Print][Wed Sep 15 16:28:23 2021]: >> Loading Citizens...    

[Print][Wed Sep 15 16:28:24 2021]: > Done in 0.42 seconds    

[Print][Wed Sep 15 16:28:24 2021]: >> Loading Ranks...    

[Print][Wed Sep 15 16:28:24 2021]: > Done in 0.00 seconds    

[Print][Wed Sep 15 16:28:24 2021]: >> All done on Wed Sep 15 16:28:24 2021    

[Print][Wed Sep 15 17:00:10 2021]: >> Cleaning players online status...    

[Print][Wed Sep 15 17:00:10 2021]: > Done in 0.10 seconds    

[Print][Wed Sep 15 17:00:11 2021]: >> Loading PvP Arenas...    

[Print][Wed Sep 15 17:00:11 2021]: > Done in 0.00 seconds    

[Print][Wed Sep 15 17:00:11 2021]: >> Loading Caught Highscores...    

[Print][Wed Sep 15 17:00:11 2021]: > Done in 0.07 seconds    

[Print][Wed Sep 15 17:00:11 2021]: >> Loading Tournament Highscores...    

[Print][Wed Sep 15 17:00:11 2021]: > Done in 0.00 seconds    

[Print][Wed Sep 15 17:00:11 2021]: >> Loading Berry Trees...    

[Print][Wed Sep 15 17:00:11 2021]: > Done in 0.07 seconds    

[Print][Wed Sep 15 17:00:11 2021]: >> Cleaning Mastery Dungeons...    

[Print][Wed Sep 15 17:00:11 2021]: > Done in 0.00 seconds    

[Print][Wed Sep 15 17:00:11 2021]: >> Loading Bosses...    

[Print][Wed Sep 15 17:00:11 2021]: >> Scheduled Boss Spawn: Flesh'n Fire in 13 hours, 2 minutes and 43 seconds    

[Print][Wed Sep 15 17:00:11 2021]: > Done in 0.01 seconds    

[Print][Wed Sep 15 17:00:11 2021]: >> Loading Highscores...    

[Print][Wed Sep 15 17:00:11 2021]: > Done in 0.00 seconds    

[Print][Wed Sep 15 17:00:11 2021]: >> Loading Ball Pillars...    

[Print][Wed Sep 15 17:00:11 2021]: > Done in 0.00 seconds    

[Print][Wed Sep 15 17:00:11 2021]: >> Loading Citizens...    

[Print][Wed Sep 15 17:00:12 2021]: > Done in 1.48 seconds    

[Print][Wed Sep 15 17:00:12 2021]: >> Loading Ranks...    

[Print][Wed Sep 15 17:00:12 2021]: > Done in 0.00 seconds    

[Print][Wed Sep 15 17:00:12 2021]: >> All done on Wed Sep 15 17:00:12 2021    

[Print][Wed Sep 15 20:36:29 2021]: >> Cleaning players online status...    

[Print][Wed Sep 15 20:36:29 2021]: > Done in 0.03 seconds    

[Print][Wed Sep 15 20:36:29 2021]: >> Loading PvP Arenas...    

[Print][Wed Sep 15 20:36:29 2021]: > Done in 0.00 seconds    

[Print][Wed Sep 15 20:36:29 2021]: >> Loading Caught Highscores...    

[Print][Wed Sep 15 20:36:29 2021]: > Done in 0.02 seconds    

[Print][Wed Sep 15 20:36:29 2021]: >> Loading Tournament Highscores...    

[Print][Wed Sep 15 20:36:29 2021]: > Done in 0.00 seconds    

[Print][Wed Sep 15 20:36:29 2021]: >> Loading Berry Trees...    

[Print][Wed Sep 15 20:36:29 2021]: > Done in 0.04 seconds    

[Print][Wed Sep 15 20:36:29 2021]: >> Cleaning Mastery Dungeons...    

[Print][Wed Sep 15 20:36:29 2021]: > Done in 0.00 seconds    

[Print][Wed Sep 15 20:36:29 2021]: >> Loading Bosses...    

[Print][Wed Sep 15 20:36:29 2021]: >> Scheduled Boss Spawn: Sweet Lover in 6 hours, 45 minutes and 22 seconds    

[Print][Wed Sep 15 20:36:29 2021]: > Done in 0.01 seconds    

[Print][Wed Sep 15 20:36:29 2021]: >> Loading Highscores...    

[Print][Wed Sep 15 20:36:29 2021]: > Done in 0.00 seconds    

[Print][Wed Sep 15 20:36:29 2021]: >> Loading Ball Pillars...    

[Print][Wed Sep 15 20:36:29 2021]: > Done in 0.06 seconds    

[Print][Wed Sep 15 20:36:29 2021]: >> Loading Citizens...    

[Print][Wed Sep 15 20:36:30 2021]: > Done in 0.45 seconds    

[Print][Wed Sep 15 20:36:30 2021]: >> Loading Ranks...    

[Print][Wed Sep 15 20:36:30 2021]: > Done in 0.00 seconds    

[Print][Wed Sep 15 20:36:30 2021]: >> All done on Wed Sep 15 20:36:30 2021    

[Print][Wed Sep 15 20:40:03 2021]: >> Cleaning players online status...    

[Print][Wed Sep 15 20:40:03 2021]: > Done in 0.05 seconds    

[Print][Wed Sep 15 20:40:03 2021]: >> Loading PvP Arenas...    

[Print][Wed Sep 15 20:40:03 2021]: > Done in 0.00 seconds    

[Print][Wed Sep 15 20:40:03 2021]: >> Loading Caught Highscores...    

[Print][Wed Sep 15 20:40:03 2021]: > Done in 0.00 seconds    

[Print][Wed Sep 15 20:40:03 2021]: >> Loading Tournament Highscores...    

[Print][Wed Sep 15 20:40:03 2021]: > Done in 0.00 seconds    

[Print][Wed Sep 15 20:40:03 2021]: >> Loading Berry Trees...    

[Print][Wed Sep 15 20:40:03 2021]: > Done in 0.01 seconds    

[Print][Wed Sep 15 20:40:03 2021]: >> Cleaning Mastery Dungeons...    

[Print][Wed Sep 15 20:40:03 2021]: > Done in 0.00 seconds    

[Print][Wed Sep 15 20:40:03 2021]: >> Loading Bosses...    

[Print][Wed Sep 15 20:40:03 2021]: >> Scheduled Boss Spawn: The A. Mesmer in 15 hours, 31 minutes and 7 seconds    

[Print][Wed Sep 15 20:40:03 2021]: > Done in 0.01 seconds    

[Print][Wed Sep 15 20:40:03 2021]: >> Loading Highscores...    

[Print][Wed Sep 15 20:40:03 2021]: > Done in 0.00 seconds    

[Print][Wed Sep 15 20:40:03 2021]: >> Loading Ball Pillars...    

[Print][Wed Sep 15 20:40:03 2021]: > Done in 0.00 seconds    

[Print][Wed Sep 15 20:40:03 2021]: >> Loading Citizens...    

[Print][Wed Sep 15 20:40:04 2021]: > Done in 0.42 seconds    

[Print][Wed Sep 15 20:40:04 2021]: >> Loading Ranks...    

[Print][Wed Sep 15 20:40:04 2021]: > Done in 0.00 seconds    

[Print][Wed Sep 15 20:40:04 2021]: >> All done on Wed Sep 15 20:40:04 2021    

[Print][Wed Sep 15 22:26:45 2021]: >> Cleaning players online status...    

[Print][Wed Sep 15 22:26:45 2021]: > Done in 0.01 seconds    

[Print][Wed Sep 15 22:26:45 2021]: >> Loading PvP Arenas...    

[Print][Wed Sep 15 22:26:45 2021]: > Done in 0.00 seconds    

[Print][Wed Sep 15 22:26:45 2021]: >> Loading Caught Highscores...    

[Print][Wed Sep 15 22:26:45 2021]: > Done in 0.01 seconds    

[Print][Wed Sep 15 22:26:45 2021]: >> Loading Tournament Highscores...    

[Print][Wed Sep 15 22:26:45 2021]: > Done in 0.00 seconds    

[Print][Wed Sep 15 22:26:45 2021]: >> Loading Berry Trees...    

[Print][Wed Sep 15 22:26:45 2021]: > Done in 0.01 seconds    

[Print][Wed Sep 15 22:26:45 2021]: >> Cleaning Mastery Dungeons...    

[Print][Wed Sep 15 22:26:45 2021]: > Done in 0.00 seconds    

[Print][Wed Sep 15 22:26:45 2021]: >> Loading Bosses...    

[Print][Wed Sep 15 22:26:46 2021]: >> Scheduled Boss Spawn: Grisly Mind in 14 hours, 13 minutes and 51 seconds    

[Print][Wed Sep 15 22:26:46 2021]: > Done in 0.01 seconds    

[Print][Wed Sep 15 22:26:46 2021]: >> Loading Highscores...    

[Print][Wed Sep 15 22:26:46 2021]: > Done in 0.00 seconds    

[Print][Wed Sep 15 22:26:46 2021]: >> Loading Ball Pillars...    

[Print][Wed Sep 15 22:26:46 2021]: > Done in 0.01 seconds    

[Print][Wed Sep 15 22:26:46 2021]: >> Loading Citizens...    

[Print][Wed Sep 15 22:26:46 2021]: > Done in 0.42 seconds    

[Print][Wed Sep 15 22:26:46 2021]: >> Loading Ranks...    

[Print][Wed Sep 15 22:26:46 2021]: > Done in 0.00 seconds    

[Print][Wed Sep 15 22:26:46 2021]: >> All done on Wed Sep 15 22:26:46 2021    

[Print][Wed Sep 15 23:57:57 2021]: >> Cleaning players online status...    

[Print][Wed Sep 15 23:57:57 2021]: > Done in 0.09 seconds    

[Print][Wed Sep 15 23:57:57 2021]: >> Loading PvP Arenas...    

[Print][Wed Sep 15 23:57:57 2021]: > Done in 0.00 seconds    

[Print][Wed Sep 15 23:57:57 2021]: >> Loading Caught Highscores...    

[Print][Wed Sep 15 23:57:57 2021]: > Done in 0.00 seconds    

[Print][Wed Sep 15 23:57:57 2021]: >> Loading Tournament Highscores...    

[Print][Wed Sep 15 23:57:57 2021]: > Done in 0.00 seconds    

[Print][Wed Sep 15 23:57:57 2021]: >> Loading Berry Trees...    

[Print][Wed Sep 15 23:57:57 2021]: > Done in 0.01 seconds    

[Print][Wed Sep 15 23:57:57 2021]: >> Cleaning Mastery Dungeons...    

[Print][Wed Sep 15 23:57:57 2021]: > Done in 0.00 seconds    

[Print][Wed Sep 15 23:57:57 2021]: >> Loading Bosses...    

[Print][Wed Sep 15 23:57:57 2021]: >> Scheduled Boss Spawn: Kirby in 6 hours, 33 minutes and 10 seconds    

[Print][Wed Sep 15 23:57:57 2021]: > Done in 0.01 seconds    

[Print][Wed Sep 15 23:57:57 2021]: >> Loading Highscores...    

[Print][Wed Sep 15 23:57:57 2021]: > Done in 0.00 seconds    

[Print][Wed Sep 15 23:57:57 2021]: >> Loading Ball Pillars...    

[Print][Wed Sep 15 23:57:57 2021]: > Done in 0.00 seconds    

[Print][Wed Sep 15 23:57:57 2021]: >> Loading Citizens...    

[Print][Wed Sep 15 23:57:58 2021]: > Done in 0.40 seconds    

[Print][Wed Sep 15 23:57:58 2021]: >> Loading Ranks...    

[Print][Wed Sep 15 23:57:58 2021]: > Done in 0.00 seconds    

[Print][Wed Sep 15 23:57:58 2021]: >> All done on Wed Sep 15 23:57:58 2021    

