[Print][Tue Oct 26 10:19:07 2021]: >> Cleaning players online status...    

[Print][Tue Oct 26 10:19:07 2021]: > Done in 0.01 seconds    

[Print][Tue Oct 26 10:19:07 2021]: >> Loading PvP Arenas...    

[Print][Tue Oct 26 10:19:07 2021]: > Done in 0.00 seconds    

[Print][Tue Oct 26 10:19:07 2021]: >> Loading Caught Highscores...    

[Print][Tue Oct 26 10:19:07 2021]: > Done in 0.00 seconds    

[Print][Tue Oct 26 10:19:07 2021]: >> Loading Tournament Highscores...    

[Print][Tue Oct 26 10:19:07 2021]: > Done in 0.00 seconds    

[Print][Tue Oct 26 10:19:07 2021]: >> Loading Berry Trees...    

[Print][Tue Oct 26 10:19:07 2021]: > Done in 0.07 seconds    

[Print][Tue Oct 26 10:19:07 2021]: >> Cleaning Mastery Dungeons...    

[Print][Tue Oct 26 10:19:07 2021]: > Done in 0.00 seconds    

[Print][Tue Oct 26 10:19:07 2021]: >> Loading Bosses...    

[Print][Tue Oct 26 10:19:07 2021]: >> Scheduled Boss Spawn: DoomBoy in 14 hours, 23 minutes and 27 seconds    

[Print][Tue Oct 26 10:19:07 2021]: > Done in 0.01 seconds    

[Print][Tue Oct 26 10:19:07 2021]: >> Loading Highscores...    

[Print][Tue Oct 26 10:19:07 2021]: > Done in 0.00 seconds    

[Print][Tue Oct 26 10:19:07 2021]: >> Loading Ball Pillars...    

[Print][Tue Oct 26 10:19:07 2021]: > Done in 0.02 seconds    

[Print][Tue Oct 26 10:19:07 2021]: >> Loading Citizens...    

[Print][Tue Oct 26 10:19:08 2021]: > Done in 0.66 seconds    

[Print][Tue Oct 26 10:19:08 2021]: >> Loading Ranks...    

[Print][Tue Oct 26 10:19:08 2021]: > Done in 0.00 seconds    

[Print][Tue Oct 26 10:19:08 2021]: >> All done on Tue Oct 26 10:19:08 2021    

[Print][Tue Oct 26 10:58:51 2021]: O tempo acabou, e o Alpha Chanel perdeu.    

[Print][Tue Oct 26 11:24:44 2021]: >> Cleaning players online status...    

[Print][Tue Oct 26 11:24:44 2021]: > Done in 0.03 seconds    

[Print][Tue Oct 26 11:24:44 2021]: >> Loading PvP Arenas...    

[Print][Tue Oct 26 11:24:44 2021]: > Done in 0.00 seconds    

[Print][Tue Oct 26 11:24:44 2021]: >> Loading Caught Highscores...    

[Print][Tue Oct 26 11:24:44 2021]: > Done in 0.00 seconds    

[Print][Tue Oct 26 11:24:44 2021]: >> Loading Tournament Highscores...    

[Print][Tue Oct 26 11:24:44 2021]: > Done in 0.00 seconds    

[Print][Tue Oct 26 11:24:44 2021]: >> Loading Berry Trees...    

[Print][Tue Oct 26 11:24:44 2021]: > Done in 0.02 seconds    

[Print][Tue Oct 26 11:24:44 2021]: >> Cleaning Mastery Dungeons...    

[Print][Tue Oct 26 11:24:44 2021]: > Done in 0.00 seconds    

[Print][Tue Oct 26 11:24:44 2021]: >> Loading Bosses...    

[Print][Tue Oct 26 11:24:45 2021]: >> Scheduled Boss Spawn: Pink Fury in 14 hours, 16 minutes and 55 seconds    

[Print][Tue Oct 26 11:24:45 2021]: > Done in 0.01 seconds    

[Print][Tue Oct 26 11:24:45 2021]: >> Loading Highscores...    

[Print][Tue Oct 26 11:24:45 2021]: > Done in 0.00 seconds    

[Print][Tue Oct 26 11:24:45 2021]: >> Loading Ball Pillars...    

[Print][Tue Oct 26 11:24:45 2021]: > Done in 0.00 seconds    

[Print][Tue Oct 26 11:24:45 2021]: >> Loading Citizens...    

[Print][Tue Oct 26 11:24:45 2021]: > Done in 0.51 seconds    

[Print][Tue Oct 26 11:24:45 2021]: >> Loading Ranks...    

[Print][Tue Oct 26 11:24:45 2021]: > Done in 0.00 seconds    

[Print][Tue Oct 26 11:24:45 2021]: >> All done on Tue Oct 26 11:24:45 2021    

[Print][Tue Oct 26 11:25:05 2021]: Quantidade de jogadores insuficientes para esse mapa (1/3)    

[Print][Tue Oct 26 11:25:06 2021]: Quantidade de jogadores insuficientes para esse mapa (1/3)    

[Print][Tue Oct 26 11:33:13 2021]: Alpha Chanel    168    

[Print][Tue Oct 26 11:34:31 2021]: Alpha Chanel    168    

[Print][Tue Oct 26 11:39:11 2021]: O tempo acabou, e o Alpha Chanel perdeu.    

[Print][Tue Oct 26 11:41:32 2021]: map: 2    

[Print][Tue Oct 26 11:41:32 2021]: cancelAlpha Chanel    

[Print][Tue Oct 26 11:51:56 2021]: diff: 1    

[Print][Tue Oct 26 11:51:56 2021]: map: 1    

[Print][Tue Oct 26 11:51:56 2021]: map: 2    

[Print][Tue Oct 26 11:51:56 2021]: cancelAlpha Chanel    

[Print][Tue Oct 26 11:51:56 2021]: diff: 2    

[Print][Tue Oct 26 11:51:56 2021]: diff: 3    

[Print][Tue Oct 26 11:51:56 2021]: diff: 4    

[Print][Tue Oct 26 11:51:56 2021]: diff: 5    

[Print][Tue Oct 26 11:53:19 2021]: diff: 1    

[Print][Tue Oct 26 11:53:19 2021]: map: 1    

[Print][Tue Oct 26 11:53:19 2021]: map: 2    

[Print][Tue Oct 26 11:53:19 2021]: removed    

[Print][Tue Oct 26 11:53:29 2021]: diff: 1    

[Print][Tue Oct 26 11:53:29 2021]: map: 1    

[Print][Tue Oct 26 11:53:29 2021]: map: 2    

[Print][Tue Oct 26 11:53:29 2021]: removed    

[Print][Tue Oct 26 11:53:31 2021]: diff: 1    

[Print][Tue Oct 26 11:53:31 2021]: map: 1    

[Print][Tue Oct 26 11:53:31 2021]: map: 2    

[Print][Tue Oct 26 11:53:31 2021]: removed    

[Print][Tue Oct 26 11:53:33 2021]: diff: 1    

[Print][Tue Oct 26 11:53:33 2021]: map: 1    

[Print][Tue Oct 26 11:53:33 2021]: map: 2    

[Print][Tue Oct 26 11:53:33 2021]: removed    

[Print][Tue Oct 26 11:56:07 2021]: diff: 1    

[Print][Tue Oct 26 11:56:07 2021]: map: 1    

[Print][Tue Oct 26 11:56:07 2021]: map: 2    

[Print][Tue Oct 26 11:56:07 2021]: removed    

[Print][Tue Oct 26 11:57:15 2021]: O tempo acabou, e o Alpha Chanel perdeu.    

[Print][Tue Oct 26 12:20:24 2021]: O tempo acabou, e o Alpha Chanel perdeu.    

[Print][Tue Oct 26 12:21:43 2021]: O tempo acabou, e o Alpha Chanel perdeu.    

[Print][Tue Oct 26 12:23:38 2021]: O tempo acabou, e o Alpha Chanel perdeu.    

[Print][Tue Oct 26 12:24:47 2021]: O tempo acabou, e o Alpha Chanel perdeu.    

[Print][Tue Oct 26 12:26:24 2021]: onUseMedicament    

[Print][Tue Oct 26 12:26:24 2021]: 0    0    

[Print][Tue Oct 26 12:26:55 2021]: onUseMedicament    

[Print][Tue Oct 26 12:26:55 2021]: 0    0    

[Print][Tue Oct 26 12:27:04 2021]: O tempo acabou, e o Alpha Chanel perdeu.    

[Print][Tue Oct 26 12:27:40 2021]: onUseMedicament    

[Print][Tue Oct 26 12:27:40 2021]: 0    0    

[Print][Tue Oct 26 12:27:40 2021]: 1    

[Print][Tue Oct 26 12:27:47 2021]: onUseMedicament    

[Print][Tue Oct 26 12:27:47 2021]: 1    0    

[Print][Tue Oct 26 12:27:47 2021]: 2    

[Print][Tue Oct 26 12:28:37 2021]: O tempo acabou, e o Alpha Chanel perdeu.    

[Print][Tue Oct 26 12:30:41 2021]: O tempo acabou, e o Alpha Chanel perdeu.    

[Print][Tue Oct 26 12:31:54 2021]: onUseMedicament    

[Print][Tue Oct 26 12:31:54 2021]: 20    12    

[Print][Tue Oct 26 12:31:54 2021]: Você já utilizou todas as poções disponiveis    

[Print][Tue Oct 26 12:31:54 2021]: onUseMedicament    

[Print][Tue Oct 26 12:31:54 2021]: 20    12    

[Print][Tue Oct 26 12:31:54 2021]: Você já utilizou todas as poções disponiveis    

[Print][Tue Oct 26 12:32:01 2021]: onUseMedicament    

[Print][Tue Oct 26 12:32:01 2021]: 20    12    

[Print][Tue Oct 26 12:32:01 2021]: Você já utilizou todas as poções disponiveis    

[Print][Tue Oct 26 12:32:01 2021]: onUseMedicament    

[Print][Tue Oct 26 12:32:01 2021]: 20    12    

[Print][Tue Oct 26 12:32:01 2021]: Você já utilizou todas as poções disponiveis    

[Print][Tue Oct 26 12:32:48 2021]: O tempo acabou, e o Alpha Chanel perdeu.    

[Print][Tue Oct 26 12:35:42 2021]: 0    0    0    0    

[Print][Tue Oct 26 12:36:37 2021]: 0    0    0    0    

[Print][Tue Oct 26 12:46:36 2021]: onUseMedicament    

[Print][Tue Oct 26 12:46:36 2021]: 20    12    

[Print][Tue Oct 26 12:46:36 2021]: 19    

[Print][Tue Oct 26 12:46:41 2021]: onUseMedicament    

[Print][Tue Oct 26 12:46:41 2021]: 19    12    

[Print][Tue Oct 26 12:46:41 2021]: 18    

[Print][Tue Oct 26 12:46:48 2021]: onUseMedicament    

[Print][Tue Oct 26 12:46:48 2021]: 18    12    

[Print][Tue Oct 26 12:46:48 2021]: 17    

[Print][Tue Oct 26 12:46:50 2021]: onUseMedicament    

[Print][Tue Oct 26 12:46:50 2021]: 17    12    

[Print][Tue Oct 26 12:46:50 2021]: 16    

[Print][Tue Oct 26 12:46:52 2021]: onUseMedicament    

[Print][Tue Oct 26 12:46:52 2021]: 16    12    

[Print][Tue Oct 26 12:46:52 2021]: 15    

[Print][Tue Oct 26 12:46:54 2021]: onUseMedicament    

[Print][Tue Oct 26 12:46:54 2021]: 15    12    

[Print][Tue Oct 26 12:46:54 2021]: 14    

[Print][Tue Oct 26 12:46:55 2021]: onUseMedicament    

[Print][Tue Oct 26 12:46:55 2021]: 14    12    

[Print][Tue Oct 26 12:46:55 2021]: 13    

[Print][Tue Oct 26 12:46:58 2021]: onUseMedicament    

[Print][Tue Oct 26 12:46:58 2021]: 13    12    

[Print][Tue Oct 26 12:46:58 2021]: 12    

[Print][Tue Oct 26 12:46:59 2021]: onUseMedicament    

[Print][Tue Oct 26 12:46:59 2021]: 12    12    

[Print][Tue Oct 26 12:46:59 2021]: 11    

[Print][Tue Oct 26 12:47:01 2021]: onUseMedicament    

[Print][Tue Oct 26 12:47:01 2021]: 11    12    

[Print][Tue Oct 26 12:47:01 2021]: 10    

[Print][Tue Oct 26 12:47:03 2021]: onUseMedicament    

[Print][Tue Oct 26 12:47:03 2021]: 10    12    

[Print][Tue Oct 26 12:47:03 2021]: 9    

[Print][Tue Oct 26 12:47:05 2021]: onUseMedicament    

[Print][Tue Oct 26 12:47:05 2021]: 9    12    

[Print][Tue Oct 26 12:47:05 2021]: 8    

[Print][Tue Oct 26 12:47:07 2021]: onUseMedicament    

[Print][Tue Oct 26 12:47:07 2021]: 8    12    

[Print][Tue Oct 26 12:47:07 2021]: 7    

[Print][Tue Oct 26 12:47:09 2021]: onUseMedicament    

[Print][Tue Oct 26 12:47:09 2021]: 7    12    

[Print][Tue Oct 26 12:47:09 2021]: 6    

[Print][Tue Oct 26 12:47:10 2021]: onUseMedicament    

[Print][Tue Oct 26 12:47:10 2021]: 6    12    

[Print][Tue Oct 26 12:47:10 2021]: 5    

[Print][Tue Oct 26 12:47:13 2021]: onUseMedicament    

[Print][Tue Oct 26 12:47:13 2021]: 5    12    

[Print][Tue Oct 26 12:47:13 2021]: 4    

[Print][Tue Oct 26 12:47:15 2021]: onUseMedicament    

[Print][Tue Oct 26 12:47:15 2021]: 4    12    

[Print][Tue Oct 26 12:47:15 2021]: 3    

[Print][Tue Oct 26 12:47:16 2021]: onUseMedicament    

[Print][Tue Oct 26 12:47:16 2021]: 3    12    

[Print][Tue Oct 26 12:47:16 2021]: 2    

[Print][Tue Oct 26 12:47:18 2021]: onUseMedicament    

[Print][Tue Oct 26 12:47:18 2021]: 2    12    

[Print][Tue Oct 26 12:47:18 2021]: 1    

[Print][Tue Oct 26 12:47:20 2021]: onUseMedicament    

[Print][Tue Oct 26 12:47:20 2021]: 1    12    

[Print][Tue Oct 26 12:47:20 2021]: 0    

[Print][Tue Oct 26 12:47:23 2021]: onUseMedicament    

[Print][Tue Oct 26 12:47:23 2021]: 0    12    

[Print][Tue Oct 26 12:47:23 2021]: Você já utilizou todas as poções disponiveis    

[Print][Tue Oct 26 12:47:23 2021]: onUseMedicament    

[Print][Tue Oct 26 12:47:23 2021]: 0    12    

[Print][Tue Oct 26 12:47:23 2021]: Você já utilizou todas as poções disponiveis    

[Print][Tue Oct 26 12:47:28 2021]: O tempo acabou, e o Alpha Chanel perdeu.    

[Print][Tue Oct 26 12:49:29 2021]: tm: 1    

[Print][Tue Oct 26 12:50:11 2021]: tm: 0    

[Print][Tue Oct 26 12:51:11 2021]: O tempo acabou, e o Alpha Chanel perdeu.    

[Print][Tue Oct 26 14:10:08 2021]: >> Cleaning players online status...    

[Print][Tue Oct 26 14:10:08 2021]: > Done in 0.03 seconds    

[Print][Tue Oct 26 14:10:08 2021]: >> Loading PvP Arenas...    

[Print][Tue Oct 26 14:10:08 2021]: > Done in 0.00 seconds    

[Print][Tue Oct 26 14:10:08 2021]: >> Loading Caught Highscores...    

[Print][Tue Oct 26 14:10:08 2021]: > Done in 0.00 seconds    

[Print][Tue Oct 26 14:10:08 2021]: >> Loading Tournament Highscores...    

[Print][Tue Oct 26 14:10:08 2021]: > Done in 0.00 seconds    

[Print][Tue Oct 26 14:10:08 2021]: >> Loading Berry Trees...    

[Print][Tue Oct 26 14:10:08 2021]: > Done in 0.02 seconds    

[Print][Tue Oct 26 14:10:08 2021]: >> Cleaning Mastery Dungeons...    

[Print][Tue Oct 26 14:10:08 2021]: > Done in 0.00 seconds    

[Print][Tue Oct 26 14:10:08 2021]: >> Loading Bosses...    

[Print][Tue Oct 26 14:10:08 2021]: >> Scheduled Boss Spawn: Mad Mum in 15 hours, 34 minutes and 21 seconds    

[Print][Tue Oct 26 14:10:08 2021]: > Done in 0.00 seconds    

[Print][Tue Oct 26 14:10:08 2021]: >> Loading Highscores...    

[Print][Tue Oct 26 14:10:08 2021]: > Done in 0.00 seconds    

[Print][Tue Oct 26 14:10:08 2021]: >> Loading Ball Pillars...    

[Print][Tue Oct 26 14:10:08 2021]: > Done in 0.01 seconds    

[Print][Tue Oct 26 14:10:08 2021]: >> Loading Citizens...    

[Print][Tue Oct 26 14:10:08 2021]: > Done in 0.43 seconds    

[Print][Tue Oct 26 14:10:08 2021]: >> Loading Ranks...    

[Print][Tue Oct 26 14:10:08 2021]: > Done in 0.00 seconds    

[Print][Tue Oct 26 14:10:08 2021]: >> All done on Tue Oct 26 14:10:08 2021    

[Print][Tue Oct 26 14:20:29 2021]: O tempo acabou, e o Alpha Chanel perdeu.    

[Print][Tue Oct 26 14:23:57 2021]: 0    

[Print][Tue Oct 26 14:24:57 2021]: O tempo acabou, e o Alpha Chanel perdeu.    

[Print][Tue Oct 26 14:25:12 2021]: 0    

[Print][Tue Oct 26 14:26:12 2021]: O tempo acabou, e o Alpha Chanel perdeu.    

[Print][Tue Oct 26 14:26:48 2021]: 2    

[Print][Tue Oct 26 14:26:48 2021]: Não possui chave    

[Print][Tue Oct 26 14:30:03 2021]: 0    

[Print][Tue Oct 26 14:30:03 2021]: TIme: 60000    

[Print][Tue Oct 26 14:31:03 2021]: O tempo acabou, e o Alpha Chanel perdeu.    

[Print][Tue Oct 26 14:31:33 2021]: 1    

[Print][Tue Oct 26 14:31:33 2021]: Não está na sala de espera    

[Print][Tue Oct 26 14:33:42 2021]: >> Cleaning players online status...    

[Print][Tue Oct 26 14:33:42 2021]: > Done in 0.09 seconds    

[Print][Tue Oct 26 14:33:42 2021]: >> Loading PvP Arenas...    

[Print][Tue Oct 26 14:33:42 2021]: > Done in 0.00 seconds    

[Print][Tue Oct 26 14:33:42 2021]: >> Loading Caught Highscores...    

[Print][Tue Oct 26 14:33:42 2021]: > Done in 0.00 seconds    

[Print][Tue Oct 26 14:33:42 2021]: >> Loading Tournament Highscores...    

[Print][Tue Oct 26 14:33:42 2021]: > Done in 0.00 seconds    

[Print][Tue Oct 26 14:33:43 2021]: >> Loading Berry Trees...    

[Print][Tue Oct 26 14:33:43 2021]: > Done in 0.03 seconds    

[Print][Tue Oct 26 14:33:43 2021]: >> Cleaning Mastery Dungeons...    

[Print][Tue Oct 26 14:33:43 2021]: > Done in 0.00 seconds    

[Print][Tue Oct 26 14:33:43 2021]: >> Loading Bosses...    

[Print][Tue Oct 26 14:33:43 2021]: >> Scheduled Boss Spawn: Twisted Blades in 7 hours, 23 minutes and 49 seconds    

[Print][Tue Oct 26 14:33:43 2021]: > Done in 0.01 seconds    

[Print][Tue Oct 26 14:33:43 2021]: >> Loading Highscores...    

[Print][Tue Oct 26 14:33:43 2021]: > Done in 0.00 seconds    

[Print][Tue Oct 26 14:33:43 2021]: >> Loading Ball Pillars...    

[Print][Tue Oct 26 14:33:43 2021]: > Done in 0.00 seconds    

[Print][Tue Oct 26 14:33:43 2021]: >> Loading Citizens...    

[Print][Tue Oct 26 14:33:43 2021]: > Done in 0.61 seconds    

[Print][Tue Oct 26 14:33:43 2021]: >> Loading Ranks...    

[Print][Tue Oct 26 14:33:43 2021]: > Done in 0.00 seconds    

[Print][Tue Oct 26 14:33:43 2021]: >> All done on Tue Oct 26 14:33:43 2021    

[Print][Tue Oct 26 14:33:52 2021]: 0    

[Print][Tue Oct 26 14:33:52 2021]: TIme: 3000    

[Print][Tue Oct 26 14:33:55 2021]: O tempo acabou, e o Alpha Chanel perdeu.    

[Print][Tue Oct 26 14:34:01 2021]: 1    

[Print][Tue Oct 26 14:34:01 2021]: Não está na sala de espera    

[Print][Tue Oct 26 14:34:02 2021]: nope    

[Print][Tue Oct 26 14:34:03 2021]: 1    

[Print][Tue Oct 26 14:34:03 2021]: Não está na sala de espera    

[Print][Tue Oct 26 14:34:03 2021]: nope    

[Print][Tue Oct 26 14:34:10 2021]: 0    

[Print][Tue Oct 26 14:34:10 2021]: TIme: 3000    

[Print][Tue Oct 26 14:34:13 2021]: O tempo acabou, e o Alpha Chanel perdeu.    

[Print][Tue Oct 26 14:34:17 2021]: 0    

[Print][Tue Oct 26 14:34:17 2021]: TIme: 3000    

[Print][Tue Oct 26 14:34:20 2021]: O tempo acabou, e o Alpha Chanel perdeu.    

[Print][Tue Oct 26 14:34:21 2021]: 0    

[Print][Tue Oct 26 14:34:21 2021]: TIme: 3000    

[Print][Tue Oct 26 14:34:24 2021]: O tempo acabou, e o Alpha Chanel perdeu.    

[Print][Tue Oct 26 14:34:31 2021]: 0    

[Print][Tue Oct 26 14:34:31 2021]: TIme: 3000    

[Print][Tue Oct 26 14:34:34 2021]: O tempo acabou, e o Alpha Chanel perdeu.    

[Print][Tue Oct 26 14:34:39 2021]: 0    

[Print][Tue Oct 26 14:34:39 2021]: TIme: 3000    

[Print][Tue Oct 26 14:34:42 2021]: O tempo acabou, e o Alpha Chanel perdeu.    

[Print][Tue Oct 26 14:34:47 2021]: 2    

[Print][Tue Oct 26 14:34:47 2021]: Não possui chave    

[Print][Tue Oct 26 14:34:47 2021]: nope    

[Print][Tue Oct 26 14:34:48 2021]: 2    

[Print][Tue Oct 26 14:34:48 2021]: Não possui chave    

[Print][Tue Oct 26 14:34:48 2021]: nope    

[Print][Tue Oct 26 14:34:48 2021]: 2    

[Print][Tue Oct 26 14:34:48 2021]: Não possui chave    

[Print][Tue Oct 26 14:34:48 2021]: nope    

[Print][Tue Oct 26 14:34:48 2021]: 2    

[Print][Tue Oct 26 14:34:48 2021]: Não possui chave    

[Print][Tue Oct 26 14:34:48 2021]: nope    

[Print][Tue Oct 26 14:34:55 2021]: Não possui chave    

[Print][Tue Oct 26 14:34:56 2021]: Não possui chave    

[Print][Tue Oct 26 14:35:03 2021]: Não está na sala de espera    

[Print][Tue Oct 26 14:35:03 2021]: Não está na sala de espera    

[Print][Tue Oct 26 14:35:04 2021]: Não está na sala de espera    

[Print][Tue Oct 26 14:35:04 2021]: Não está na sala de espera    

[Print][Tue Oct 26 14:35:04 2021]: Não está na sala de espera    

[Print][Tue Oct 26 14:35:04 2021]: Não está na sala de espera    

[Print][Tue Oct 26 14:35:04 2021]: Não está na sala de espera    

[Print][Tue Oct 26 14:35:06 2021]: Quantidade de jogadores insuficientes para esse mapa (1/3)    

[Print][Tue Oct 26 14:35:06 2021]: Quantidade de jogadores insuficientes para esse mapa (1/3)    

[Print][Tue Oct 26 14:35:06 2021]: Quantidade de jogadores insuficientes para esse mapa (1/3)    

[Print][Tue Oct 26 14:35:06 2021]: Quantidade de jogadores insuficientes para esse mapa (1/3)    

[Print][Tue Oct 26 14:35:12 2021]: Quantidade de jogadores insuficientes para esse mapa (1/3)    

[Print][Tue Oct 26 14:35:13 2021]: Quantidade de jogadores insuficientes para esse mapa (1/3)    

[Print][Tue Oct 26 14:35:13 2021]: Quantidade de jogadores insuficientes para esse mapa (1/3)    

[Print][Tue Oct 26 14:35:18 2021]: Quantidade de jogadores insuficientes para esse mapa (1/3)    

[Print][Tue Oct 26 14:35:18 2021]: Quantidade de jogadores insuficientes para esse mapa (1/3)    

[Print][Tue Oct 26 14:35:22 2021]: Não possui chave    

[Print][Tue Oct 26 14:35:43 2021]: TIme: 3000    

[Print][Tue Oct 26 14:35:46 2021]: O tempo acabou, e o Alpha Chanel perdeu.    

[Print][Tue Oct 26 14:38:28 2021]: O jogador mvbds foi convidado!    

[Print][Tue Oct 26 14:38:32 2021]: aceitou    

[Print][Tue Oct 26 14:39:02 2021]: Quantidade de jogadores insuficientes para esse mapa (2/3)    

[Print][Tue Oct 26 14:39:03 2021]: Quantidade de jogadores insuficientes para esse mapa (2/3)    

[Print][Tue Oct 26 14:39:11 2021]: Não está na sala de espera    

[Print][Tue Oct 26 14:39:26 2021]: Não possui chave    

[Print][Tue Oct 26 14:40:39 2021]: TIme: 3000    

[Print][Tue Oct 26 14:40:42 2021]: O tempo acabou, e o Alpha Chanel perdeu.    

[Print][Tue Oct 26 14:40:42 2021]: O tempo acabou, e o Mvbds perdeu.    

[Print][Tue Oct 26 14:41:01 2021]: O jogador mvbds foi convidado!    

[Print][Tue Oct 26 14:41:04 2021]: aceitou    

[Print][Tue Oct 26 14:42:51 2021]: 0    

[Print][Tue Oct 26 14:42:51 2021]: TIme: 3000    

[Print][Tue Oct 26 14:42:54 2021]: O tempo acabou, e o Alpha Chanel perdeu.    

[Print][Tue Oct 26 14:43:04 2021]: Não é possível convidar esse jogador no momento.    

[Print][Tue Oct 26 14:43:18 2021]: O jogador mvbds foi convidado!    

[Print][Tue Oct 26 14:43:21 2021]: aceitou    

[Print][Tue Oct 26 14:43:25 2021]: Somente 1 jogadores para esse mapa.    

[Print][Tue Oct 26 14:43:25 2021]: Somente 1 jogadores para esse mapa.    

[Print][Tue Oct 26 14:43:34 2021]: Somente 1 jogadores para esse mapa.    

[Print][Tue Oct 26 14:43:35 2021]: Somente 1 jogadores para esse mapa.    

[Print][Tue Oct 26 14:43:37 2021]: Somente 1 jogadores para esse mapa.    

[Print][Tue Oct 26 14:43:39 2021]: Somente 1 jogadores para esse mapa.    

[Print][Tue Oct 26 14:43:45 2021]: Somente 1 jogadores para esse mapa.    

[Print][Tue Oct 26 14:43:56 2021]: Somente 1 jogadores para esse mapa.    

[Print][Tue Oct 26 14:43:56 2021]: Somente 1 jogadores para esse mapa.    

[Print][Tue Oct 26 14:43:56 2021]: Somente 1 jogadores para esse mapa.    

[Print][Tue Oct 26 14:43:56 2021]: Somente 1 jogadores para esse mapa.    

[Print][Tue Oct 26 14:43:56 2021]: Somente 1 jogadores para esse mapa.    

[Print][Tue Oct 26 14:43:58 2021]: Quantidade de jogadores insuficientes para esse mapa (2/3)    

[Print][Tue Oct 26 14:44:02 2021]: Somente 1 jogadores para esse mapa.    

[Print][Tue Oct 26 14:44:10 2021]: Quantidade de jogadores insuficientes para esse mapa (2/3)    

[Print][Tue Oct 26 14:44:12 2021]: Somente 1 jogadores para esse mapa.    

[Print][Tue Oct 26 14:44:24 2021]: Alpha Chanel desfez o time.    

[Print][Tue Oct 26 14:47:09 2021]: 2    

[Print][Tue Oct 26 14:47:09 2021]: Não possui chave    

[Print][Tue Oct 26 14:47:19 2021]: 2    

[Print][Tue Oct 26 14:47:19 2021]: Não possui chave    

[Print][Tue Oct 26 14:47:20 2021]: 2    

[Print][Tue Oct 26 14:47:20 2021]: Não possui chave    

[Print][Tue Oct 26 14:47:23 2021]: 2    

[Print][Tue Oct 26 14:47:23 2021]: Não possui chave    

[Print][Tue Oct 26 14:56:46 2021]: on search: Alpha Chanel    

[Print][Tue Oct 26 14:56:51 2021]: on search: Mvbds    

[Print][Tue Oct 26 14:57:06 2021]: on search: Mvbds    

[Print][Tue Oct 26 14:57:10 2021]: on search: Alpha Chanel    

[Print][Tue Oct 26 14:57:26 2021]: on search: Mvbds    

[Print][Tue Oct 26 14:58:00 2021]: on search: Alpha Chanel    

[Print][Tue Oct 26 14:58:04 2021]: on search: Alpha Chanel    

[Print][Tue Oct 26 14:58:04 2021]: on search: Mvbds    

[Print][Tue Oct 26 14:58:23 2021]: on search: Mvbds    

[Print][Tue Oct 26 14:58:23 2021]: on search: Mvbds    

[Print][Tue Oct 26 14:59:59 2021]: on search: Alpha Chanel    

[Print][Tue Oct 26 15:00:01 2021]: on search: Alpha Chanel    

[Print][Tue Oct 26 15:00:01 2021]: on search: Mvbds    

[Print][Tue Oct 26 15:00:02 2021]: Alpha Chanel    Alpha Chanel    

[Print][Tue Oct 26 15:00:02 2021]: remove    

[Print][Tue Oct 26 15:01:00 2021]: Mvbds    Mvbds    

[Print][Tue Oct 26 15:01:00 2021]: remove    

[Print][Tue Oct 26 15:01:04 2021]: on search: Alpha Chanel    

[Print][Tue Oct 26 15:01:07 2021]: on search: Alpha Chanel    

[Print][Tue Oct 26 15:01:07 2021]: on search: Mvbds    

[Print][Tue Oct 26 15:01:08 2021]: remove    

[Print][Tue Oct 26 15:01:09 2021]: on search: Alpha Chanel    

[Print][Tue Oct 26 15:01:09 2021]: on search: Mvbds    

[Print][Tue Oct 26 15:01:09 2021]: remove    

[Print][Tue Oct 26 15:01:10 2021]: on search: Alpha Chanel    

[Print][Tue Oct 26 15:01:10 2021]: on search: Mvbds    

[Print][Tue Oct 26 15:01:11 2021]: remove    

[Print][Tue Oct 26 15:21:56 2021]: remove    

[Print][Tue Oct 26 15:24:24 2021]: >> Cleaning players online status...    

[Print][Tue Oct 26 15:24:24 2021]: > Done in 0.12 seconds    

[Print][Tue Oct 26 15:24:24 2021]: >> Loading PvP Arenas...    

[Print][Tue Oct 26 15:24:24 2021]: > Done in 0.00 seconds    

[Print][Tue Oct 26 15:24:24 2021]: >> Loading Caught Highscores...    

[Print][Tue Oct 26 15:24:24 2021]: > Done in 0.00 seconds    

[Print][Tue Oct 26 15:24:24 2021]: >> Loading Tournament Highscores...    

[Print][Tue Oct 26 15:24:24 2021]: > Done in 0.00 seconds    

[Print][Tue Oct 26 15:24:24 2021]: >> Loading Berry Trees...    

[Print][Tue Oct 26 15:24:24 2021]: > Done in 0.04 seconds    

[Print][Tue Oct 26 15:24:24 2021]: >> Cleaning Mastery Dungeons...    

[Print][Tue Oct 26 15:24:24 2021]: > Done in 0.00 seconds    

[Print][Tue Oct 26 15:24:24 2021]: >> Loading Bosses...    

[Print][Tue Oct 26 15:24:24 2021]: >> Scheduled Boss Spawn: King Panlong in 10 hours, 18 minutes and 12 seconds    

[Print][Tue Oct 26 15:24:24 2021]: > Done in 0.01 seconds    

[Print][Tue Oct 26 15:24:24 2021]: >> Loading Highscores...    

[Print][Tue Oct 26 15:24:24 2021]: > Done in 0.00 seconds    

[Print][Tue Oct 26 15:24:24 2021]: >> Loading Ball Pillars...    

[Print][Tue Oct 26 15:24:24 2021]: > Done in 0.00 seconds    

[Print][Tue Oct 26 15:24:24 2021]: >> Loading Citizens...    

[Print][Tue Oct 26 15:24:25 2021]: > Done in 0.56 seconds    

[Print][Tue Oct 26 15:24:25 2021]: >> Loading Ranks...    

[Print][Tue Oct 26 15:24:25 2021]: > Done in 0.00 seconds    

[Print][Tue Oct 26 15:24:25 2021]: >> All done on Tue Oct 26 15:24:25 2021    

[Print][Tue Oct 26 15:25:04 2021]: >> Cleaning players online status...    

[Print][Tue Oct 26 15:25:04 2021]: > Done in 0.02 seconds    

[Print][Tue Oct 26 15:25:04 2021]: >> Loading PvP Arenas...    

[Print][Tue Oct 26 15:25:04 2021]: > Done in 0.00 seconds    

[Print][Tue Oct 26 15:25:04 2021]: >> Loading Caught Highscores...    

[Print][Tue Oct 26 15:25:04 2021]: > Done in 0.00 seconds    

[Print][Tue Oct 26 15:25:04 2021]: >> Loading Tournament Highscores...    

[Print][Tue Oct 26 15:25:04 2021]: > Done in 0.00 seconds    

[Print][Tue Oct 26 15:25:04 2021]: >> Loading Berry Trees...    

[Print][Tue Oct 26 15:25:04 2021]: > Done in 0.02 seconds    

[Print][Tue Oct 26 15:25:04 2021]: >> Cleaning Mastery Dungeons...    

[Print][Tue Oct 26 15:25:04 2021]: > Done in 0.00 seconds    

[Print][Tue Oct 26 15:25:04 2021]: >> Loading Bosses...    

[Print][Tue Oct 26 15:25:04 2021]: >> Scheduled Boss Spawn: Winged Wisdom in 14 hours, 33 minutes and 53 seconds    

[Print][Tue Oct 26 15:25:04 2021]: > Done in 0.01 seconds    

[Print][Tue Oct 26 15:25:04 2021]: >> Loading Highscores...    

[Print][Tue Oct 26 15:25:04 2021]: > Done in 0.00 seconds    

[Print][Tue Oct 26 15:25:04 2021]: >> Loading Ball Pillars...    

[Print][Tue Oct 26 15:25:04 2021]: > Done in 0.00 seconds    

[Print][Tue Oct 26 15:25:04 2021]: >> Loading Citizens...    

[Print][Tue Oct 26 15:25:05 2021]: > Done in 0.59 seconds    

[Print][Tue Oct 26 15:25:05 2021]: >> Loading Ranks...    

[Print][Tue Oct 26 15:25:05 2021]: > Done in 0.00 seconds    

[Print][Tue Oct 26 15:25:05 2021]: >> All done on Tue Oct 26 15:25:05 2021    

[Print][Tue Oct 26 15:27:17 2021]: Você não possui chave    

[Print][Tue Oct 26 15:27:18 2021]: Você não possui chave    

[Print][Tue Oct 26 15:27:45 2021]: Você não possui chave    

[Print][Tue Oct 26 15:27:47 2021]: Você não possui chave    

[Print][Tue Oct 26 15:27:49 2021]: Você não possui chave    

[Print][Tue Oct 26 15:27:54 2021]: Você não possui chave    

[Print][Tue Oct 26 15:27:55 2021]: Você não possui chave    

[Print][Tue Oct 26 15:28:00 2021]: Você não possui chave    

[Print][Tue Oct 26 15:28:00 2021]: Você não possui chave    

[Print][Tue Oct 26 15:28:01 2021]: Você não possui chave    

[Print][Tue Oct 26 15:28:04 2021]: Você não possui chave    

[Print][Tue Oct 26 15:28:04 2021]: Você não possui chave    

[Print][Tue Oct 26 15:28:05 2021]: Você não possui chave    

[Print][Tue Oct 26 15:28:05 2021]: Você não possui chave    

[Print][Tue Oct 26 15:28:05 2021]: Você não possui chave    

[Print][Tue Oct 26 15:28:05 2021]: Você não possui chave    

[Print][Tue Oct 26 15:28:07 2021]: Você não possui chave    

[Print][Tue Oct 26 15:29:30 2021]: TIme: 3000    

[Print][Tue Oct 26 15:29:33 2021]: O tempo acabou, e o Alpha Chanel perdeu.    

[Print][Tue Oct 26 15:30:09 2021]: TIme: 3000    

[Print][Tue Oct 26 15:30:12 2021]: O tempo acabou, e o Mvbds perdeu.    

[Print][Tue Oct 26 15:30:31 2021]: TIme: 3000    

[Print][Tue Oct 26 15:30:35 2021]: O tempo acabou, e o Alpha Chanel perdeu.    

[Print][Tue Oct 26 15:31:53 2021]: O jogador alpha chanel foi convidado!    

[Print][Tue Oct 26 15:31:56 2021]: aceitou    

[Print][Tue Oct 26 15:32:28 2021]: Mvbds desfez o time.    

[Print][Tue Oct 26 15:32:50 2021]: TIme: 3000    

[Print][Tue Oct 26 15:32:53 2021]: O tempo acabou, e o Alpha Chanel perdeu.    

[Print][Tue Oct 26 15:33:19 2021]: TIme: 3000    

[Print][Tue Oct 26 15:33:22 2021]: O tempo acabou, e o Alpha Chanel perdeu.    

[Print][Tue Oct 26 15:35:24 2021]: TIme: 3000    

[Print][Tue Oct 26 15:35:27 2021]: O tempo acabou, e o Alpha Chanel perdeu.    

[Print][Tue Oct 26 15:55:13 2021]: O tempo acabou, e o Mvbds perdeu.    

[Print][Tue Oct 26 15:55:56 2021]: O jogador Mvbds foi convidado!    

[Print][Tue Oct 26 15:56:00 2021]: aceitou    

[Print][Tue Oct 26 15:56:02 2021]: Somente Alpha Chanel pode iniciar a dungeon.    

[Print][Tue Oct 26 15:56:08 2021]: Somente 1 jogadores para esse mapa.    

[Print][Tue Oct 26 15:56:13 2021]: Quantidade de jogadores insuficientes para esse mapa (2/3)    

[Print][Tue Oct 26 15:56:25 2021]: Alpha Chanel desfez o time.    

[Print][Tue Oct 26 15:56:44 2021]: O tempo acabou, e o Mvbds perdeu.    

[Print][Tue Oct 26 15:59:34 2021]: O tempo acabou, e o Alpha Chanel perdeu.    

[Print][Tue Oct 26 15:59:34 2021]: O tempo acabou, e o Mvbds perdeu.    

[Print][Tue Oct 26 16:05:12 2021]: O tempo acabou, e o Mvbds perdeu.    

[Print][Tue Oct 26 16:09:38 2021]: loguei    

[Print][Tue Oct 26 16:14:35 2021]: state: 0    

[Print][Tue Oct 26 16:15:34 2021]: state: 0    

[Print][Tue Oct 26 16:16:07 2021]: state: 0    

[Print][Tue Oct 26 16:20:48 2021]: Quantidade de jogadores insuficientes para esse mapa (1/2)    

[Print][Tue Oct 26 16:20:54 2021]: Quantidade de jogadores insuficientes para esse mapa (1/2)    

[Print][Tue Oct 26 16:20:55 2021]: Quantidade de jogadores insuficientes para esse mapa (1/2)    

[Print][Tue Oct 26 16:29:52 2021]: state: 3    

[Print][Tue Oct 26 16:30:55 2021]: O tempo acabou, e o Alpha Chanel perdeu.    

[Print][Tue Oct 26 16:31:52 2021]: 3    1    1    1    

[Print][Tue Oct 26 16:33:09 2021]: O tempo acabou, e o Alpha Chanel perdeu.    

[Print][Tue Oct 26 16:37:51 2021]: 3    1    1    1    

[Print][Tue Oct 26 16:37:58 2021]: 3    1    1    1    

[Print][Tue Oct 26 16:38:01 2021]: 3    1    1    1    

[Print][Tue Oct 26 16:38:04 2021]: 3    1    1    1    

[Print][Tue Oct 26 16:38:04 2021]: 3    1    1    1    

[Print][Tue Oct 26 16:38:04 2021]: 3    1    1    1    

[Print][Tue Oct 26 16:40:15 2021]: 3    1    1    1    

[Print][Tue Oct 26 16:40:21 2021]: 3    1    1    1    

[Print][Tue Oct 26 16:40:27 2021]: 3    1    1    1    

[Print][Tue Oct 26 16:43:20 2021]: 3    1    1    1    

[Print][Tue Oct 26 16:43:29 2021]: 3    1    1    1    

[Print][Tue Oct 26 16:43:36 2021]: 3    1    1    1    

[Print][Tue Oct 26 20:27:22 2021]: >> Cleaning players online status...    

[Print][Tue Oct 26 20:27:22 2021]: > Done in 0.07 seconds    

[Print][Tue Oct 26 20:27:22 2021]: >> Loading PvP Arenas...    

[Print][Tue Oct 26 20:27:22 2021]: > Done in 0.00 seconds    

[Print][Tue Oct 26 20:27:22 2021]: >> Loading Caught Highscores...    

[Print][Tue Oct 26 20:27:22 2021]: > Done in 0.00 seconds    

[Print][Tue Oct 26 20:27:22 2021]: >> Loading Tournament Highscores...    

[Print][Tue Oct 26 20:27:22 2021]: > Done in 0.00 seconds    

[Print][Tue Oct 26 20:27:22 2021]: >> Loading Berry Trees...    

[Print][Tue Oct 26 20:27:22 2021]: > Done in 0.01 seconds    

[Print][Tue Oct 26 20:27:22 2021]: >> Cleaning Mastery Dungeons...    

[Print][Tue Oct 26 20:27:22 2021]: > Done in 0.00 seconds    

[Print][Tue Oct 26 20:27:22 2021]: >> Loading Bosses...    

[Print][Tue Oct 26 20:27:22 2021]: >> Scheduled Boss Spawn: Mr. Gormandize in 8 hours, 6 minutes and 3 seconds    

[Print][Tue Oct 26 20:27:22 2021]: > Done in 0.01 seconds    

[Print][Tue Oct 26 20:27:22 2021]: >> Loading Highscores...    

[Print][Tue Oct 26 20:27:22 2021]: > Done in 0.00 seconds    

[Print][Tue Oct 26 20:27:22 2021]: >> Loading Ball Pillars...    

[Print][Tue Oct 26 20:27:23 2021]: > Done in 0.01 seconds    

[Print][Tue Oct 26 20:27:23 2021]: >> Loading Citizens...    

[Print][Tue Oct 26 20:27:23 2021]: > Done in 0.80 seconds    

[Print][Tue Oct 26 20:27:23 2021]: >> Loading Ranks...    

[Print][Tue Oct 26 20:27:23 2021]: > Done in 0.00 seconds    

[Print][Tue Oct 26 20:27:23 2021]: >> All done on Tue Oct 26 20:27:23 2021    

[Print][Tue Oct 26 20:32:21 2021]: Você não está na sala de espera.    

[Print][Tue Oct 26 20:33:04 2021]: 3    1    1    1    

[Print][Tue Oct 26 20:33:14 2021]: 3    1    1    1    

[Print][Tue Oct 26 20:33:24 2021]: 3    1    1    1    

[Print][Tue Oct 26 20:36:12 2021]: onUseMedicament    

[Print][Tue Oct 26 20:36:12 2021]: 20    12    

[Print][Tue Oct 26 20:36:12 2021]: 19    

[Print][Tue Oct 26 20:36:17 2021]: onUseMedicament    

[Print][Tue Oct 26 20:36:17 2021]: 19    12    

[Print][Tue Oct 26 20:36:17 2021]: 18    

[Print][Tue Oct 26 20:36:26 2021]: 3    1    1    1    

[Print][Tue Oct 26 20:36:33 2021]: 3    1    1    1    

[Print][Tue Oct 26 20:36:43 2021]: 3    1    1    1    

[Print][Tue Oct 26 20:40:03 2021]: 3    1    1    1    

[Print][Tue Oct 26 20:40:10 2021]: 3    1    1    1    

[Print][Tue Oct 26 20:40:18 2021]: 3    1    1    1    

[Print][Tue Oct 26 23:21:14 2021]: >> Cleaning players online status...    

[Print][Tue Oct 26 23:21:14 2021]: > Done in 0.08 seconds    

[Print][Tue Oct 26 23:21:14 2021]: >> Loading PvP Arenas...    

[Print][Tue Oct 26 23:21:14 2021]: > Done in 0.04 seconds    

[Print][Tue Oct 26 23:21:14 2021]: >> Loading Caught Highscores...    

[Print][Tue Oct 26 23:21:14 2021]: > Done in 0.04 seconds    

[Print][Tue Oct 26 23:21:14 2021]: >> Loading Tournament Highscores...    

[Print][Tue Oct 26 23:21:14 2021]: > Done in 0.00 seconds    

[Print][Tue Oct 26 23:21:14 2021]: >> Loading Berry Trees...    

[Print][Tue Oct 26 23:21:14 2021]: > Done in 0.02 seconds    

[Print][Tue Oct 26 23:21:14 2021]: >> Cleaning Mastery Dungeons...    

[Print][Tue Oct 26 23:21:14 2021]: > Done in 0.00 seconds    

[Print][Tue Oct 26 23:21:14 2021]: >> Loading Bosses...    

[Print][Tue Oct 26 23:21:14 2021]: >> Scheduled Boss Spawn: DoomBoy in 11 hours, 16 minutes and 45 seconds    

[Print][Tue Oct 26 23:21:14 2021]: > Done in 0.01 seconds    

[Print][Tue Oct 26 23:21:14 2021]: >> Loading Highscores...    

[Print][Tue Oct 26 23:21:14 2021]: > Done in 0.00 seconds    

[Print][Tue Oct 26 23:21:14 2021]: >> Loading Ball Pillars...    

[Print][Tue Oct 26 23:21:14 2021]: > Done in 0.02 seconds    

[Print][Tue Oct 26 23:21:14 2021]: >> Loading Citizens...    

[Print][Tue Oct 26 23:21:15 2021]: > Done in 0.72 seconds    

[Print][Tue Oct 26 23:21:15 2021]: >> Loading Ranks...    

[Print][Tue Oct 26 23:21:15 2021]: > Done in 0.00 seconds    

[Print][Tue Oct 26 23:21:15 2021]: >> All done on Tue Oct 26 23:21:15 2021    

