[Print][Tue Aug 31 11:06:00 2021]: >> Cleaning players online status...    

[Print][Tue Aug 31 11:06:00 2021]: > Done in 0.05 seconds    

[Print][Tue Aug 31 11:06:00 2021]: >> Loading PvP Arenas...    

[Print][Tue Aug 31 11:06:00 2021]: > Done in 0.00 seconds    

[Print][Tue Aug 31 11:06:00 2021]: >> Loading Caught Highscores...    

[Print][Tue Aug 31 11:06:00 2021]: > Done in 0.00 seconds    

[Print][Tue Aug 31 11:06:00 2021]: >> Loading Tournament Highscores...    

[Print][Tue Aug 31 11:06:00 2021]: > Done in 0.01 seconds    

[Print][Tue Aug 31 11:06:00 2021]: >> Loading Berry Trees...    

[Print][Tue Aug 31 11:06:00 2021]: > Done in 0.02 seconds    

[Print][Tue Aug 31 11:06:00 2021]: >> Cleaning Mastery Dungeons...    

[Print][Tue Aug 31 11:06:00 2021]: > Done in 0.00 seconds    

[Print][Tue Aug 31 11:06:00 2021]: >> Loading Bosses...    

[Print][Tue Aug 31 11:06:00 2021]: >> Scheduled Boss Spawn: Kirby in 8 hours, 30 minutes and 39 seconds    

[Print][Tue Aug 31 11:06:00 2021]: > Done in 0.01 seconds    

[Print][Tue Aug 31 11:06:00 2021]: >> Loading Highscores...    

[Print][Tue Aug 31 11:06:00 2021]: > Done in 0.00 seconds    

[Print][Tue Aug 31 11:06:00 2021]: >> Loading Ball Pillars...    

[Print][Tue Aug 31 11:06:00 2021]: > Done in 0.00 seconds    

[Print][Tue Aug 31 11:06:00 2021]: >> Loading Citizens...    

[Print][Tue Aug 31 11:06:01 2021]: > Done in 0.73 seconds    

[Print][Tue Aug 31 11:06:01 2021]: >> Loading Ranks...    

[Print][Tue Aug 31 11:06:01 2021]: > Done in 0.00 seconds    

[Print][Tue Aug 31 11:06:01 2021]: >> All done on Tue Aug 31 11:06:01 2021    

[Print][Tue Aug 31 07:13:19 2021]: >> Cleaning players online status...    

[Print][Tue Aug 31 07:13:19 2021]: > Done in 0.04 seconds    

[Print][Tue Aug 31 07:13:19 2021]: >> Loading PvP Arenas...    

[Print][Tue Aug 31 07:13:19 2021]: > Done in 0.00 seconds    

[Print][Tue Aug 31 07:13:19 2021]: >> Loading Caught Highscores...    

[Print][Tue Aug 31 07:13:19 2021]: > Done in 0.01 seconds    

[Print][Tue Aug 31 07:13:19 2021]: >> Loading Tournament Highscores...    

[Print][Tue Aug 31 07:13:19 2021]: > Done in 0.00 seconds    

[Print][Tue Aug 31 07:13:19 2021]: >> Loading Berry Trees...    

[Print][Tue Aug 31 07:13:19 2021]: > Done in 0.02 seconds    

[Print][Tue Aug 31 07:13:19 2021]: >> Cleaning Mastery Dungeons...    

[Print][Tue Aug 31 07:13:19 2021]: > Done in 0.00 seconds    

[Print][Tue Aug 31 07:13:19 2021]: >> Loading Bosses...    

[Print][Tue Aug 31 07:13:19 2021]: >> Scheduled Boss Spawn: Mr. Gormandize in 13 hours, 18 minutes and 6 seconds    

[Print][Tue Aug 31 07:13:19 2021]: > Done in 0.00 seconds    

[Print][Tue Aug 31 07:13:19 2021]: >> Loading Highscores...    

[Print][Tue Aug 31 07:13:19 2021]: > Done in 0.00 seconds    

[Print][Tue Aug 31 07:13:19 2021]: >> Loading Ball Pillars...    

[Print][Tue Aug 31 07:13:19 2021]: > Done in 0.02 seconds    

[Print][Tue Aug 31 07:13:19 2021]: >> Loading Citizens...    

[Print][Tue Aug 31 07:13:20 2021]: > Done in 0.67 seconds    

[Print][Tue Aug 31 07:13:20 2021]: >> Loading Ranks...    

[Print][Tue Aug 31 07:13:20 2021]: > Done in 0.00 seconds    

[Print][Tue Aug 31 07:13:20 2021]: >> All done on Tue Aug 31 07:13:20 2021    

[Print][Tue Aug 31 15:32:24 2021]: >> Cleaning players online status...    

[Print][Tue Aug 31 15:32:24 2021]: > Done in 0.02 seconds    

[Print][Tue Aug 31 15:32:24 2021]: >> Loading PvP Arenas...    

[Print][Tue Aug 31 15:32:24 2021]: > Done in 0.00 seconds    

[Print][Tue Aug 31 15:32:24 2021]: >> Loading Caught Highscores...    

[Print][Tue Aug 31 15:32:24 2021]: > Done in 0.01 seconds    

[Print][Tue Aug 31 15:32:24 2021]: >> Loading Tournament Highscores...    

[Print][Tue Aug 31 15:32:24 2021]: > Done in 0.02 seconds    

[Print][Tue Aug 31 15:32:24 2021]: >> Loading Berry Trees...    

[Print][Tue Aug 31 15:32:24 2021]: > Done in 0.04 seconds    

[Print][Tue Aug 31 15:32:24 2021]: >> Cleaning Mastery Dungeons...    

[Print][Tue Aug 31 15:32:24 2021]: > Done in 0.00 seconds    

[Print][Tue Aug 31 15:32:24 2021]: >> Loading Bosses...    

[Print][Tue Aug 31 15:32:24 2021]: >> Scheduled Boss Spawn: Great Saul in 15 hours, 38 minutes and 51 seconds    

[Print][Tue Aug 31 15:32:24 2021]: > Done in 0.00 seconds    

[Print][Tue Aug 31 15:32:24 2021]: >> Loading Highscores...    

[Print][Tue Aug 31 15:32:24 2021]: > Done in 0.00 seconds    

[Print][Tue Aug 31 15:32:24 2021]: >> Loading Ball Pillars...    

[Print][Tue Aug 31 15:32:24 2021]: > Done in 0.01 seconds    

[Print][Tue Aug 31 15:32:24 2021]: >> Loading Citizens...    

[Print][Tue Aug 31 15:32:25 2021]: > Done in 0.43 seconds    

[Print][Tue Aug 31 15:32:25 2021]: >> Loading Ranks...    

[Print][Tue Aug 31 15:32:25 2021]: > Done in 0.00 seconds    

[Print][Tue Aug 31 15:32:25 2021]: >> All done on Tue Aug 31 15:32:25 2021    

[Print][Tue Aug 31 17:57:00 2021]: >> Cleaning players online status...    

[Print][Tue Aug 31 17:57:00 2021]: > Done in 0.06 seconds    

[Print][Tue Aug 31 17:57:00 2021]: >> Loading PvP Arenas...    

[Print][Tue Aug 31 17:57:00 2021]: > Done in 0.00 seconds    

[Print][Tue Aug 31 17:57:00 2021]: >> Loading Caught Highscores...    

[Print][Tue Aug 31 17:57:00 2021]: > Done in 0.01 seconds    

[Print][Tue Aug 31 17:57:00 2021]: >> Loading Tournament Highscores...    

[Print][Tue Aug 31 17:57:00 2021]: > Done in 0.03 seconds    

[Print][Tue Aug 31 17:57:00 2021]: >> Loading Berry Trees...    

[Print][Tue Aug 31 17:57:01 2021]: > Done in 0.02 seconds    

[Print][Tue Aug 31 17:57:01 2021]: >> Cleaning Mastery Dungeons...    

[Print][Tue Aug 31 17:57:01 2021]: > Done in 0.00 seconds    

[Print][Tue Aug 31 17:57:01 2021]: >> Loading Bosses...    

[Print][Tue Aug 31 17:57:01 2021]: >> Scheduled Boss Spawn: Mad Mum in 14 hours, 41 minutes and 12 seconds    

[Print][Tue Aug 31 17:57:01 2021]: > Done in 0.01 seconds    

[Print][Tue Aug 31 17:57:01 2021]: >> Loading Highscores...    

[Print][Tue Aug 31 17:57:01 2021]: > Done in 0.00 seconds    

[Print][Tue Aug 31 17:57:01 2021]: >> Loading Ball Pillars...    

[Print][Tue Aug 31 17:57:01 2021]: > Done in 0.00 seconds    

[Print][Tue Aug 31 17:57:01 2021]: >> Loading Citizens...    

[Print][Tue Aug 31 17:57:01 2021]: > Done in 0.84 seconds    

[Print][Tue Aug 31 17:57:01 2021]: >> Loading Ranks...    

[Print][Tue Aug 31 17:57:01 2021]: > Done in 0.00 seconds    

[Print][Tue Aug 31 17:57:01 2021]: >> All done on Tue Aug 31 17:57:01 2021    

