[Print][Fri Oct 29 12:07:17 2021]: >> Cleaning players online status...    

[Print][Fri Oct 29 12:07:17 2021]: > Done in 0.04 seconds    

[Print][Fri Oct 29 12:07:17 2021]: >> Loading PvP Arenas...    

[Print][Fri Oct 29 12:07:17 2021]: > Done in 0.00 seconds    

[Print][Fri Oct 29 12:07:17 2021]: >> Loading Caught Highscores...    

[Print][Fri Oct 29 12:07:17 2021]: > Done in 0.00 seconds    

[Print][Fri Oct 29 12:07:17 2021]: >> Loading Tournament Highscores...    

[Print][Fri Oct 29 12:07:17 2021]: > Done in 0.00 seconds    

[Print][Fri Oct 29 12:07:17 2021]: >> Loading Berry Trees...    

[Print][Fri Oct 29 12:07:17 2021]: > Done in 0.04 seconds    

[Print][Fri Oct 29 12:07:17 2021]: >> Cleaning Mastery Dungeons...    

[Print][Fri Oct 29 12:07:17 2021]: > Done in 0.00 seconds    

[Print][Fri Oct 29 12:07:17 2021]: >> Loading Bosses...    

[Print][Fri Oct 29 12:07:17 2021]: >> Scheduled Boss Spawn: Cesar, The Simian in 14 hours, 50 minutes and 5 seconds    

[Print][Fri Oct 29 12:07:17 2021]: > Done in 0.00 seconds    

[Print][Fri Oct 29 12:07:17 2021]: >> Loading Highscores...    

[Print][Fri Oct 29 12:07:17 2021]: > Done in 0.00 seconds    

[Print][Fri Oct 29 12:07:17 2021]: >> Loading Ball Pillars...    

[Print][Fri Oct 29 12:07:17 2021]: > Done in 0.02 seconds    

[Print][Fri Oct 29 12:07:17 2021]: >> Loading Citizens...    

[Print][Fri Oct 29 12:07:18 2021]: > Done in 0.68 seconds    

[Print][Fri Oct 29 12:07:18 2021]: >> Loading Ranks...    

[Print][Fri Oct 29 12:07:18 2021]: > Done in 0.00 seconds    

[Print][Fri Oct 29 12:07:18 2021]: >> All done on Fri Oct 29 12:07:18 2021    

[Print][Fri Oct 29 14:53:08 2021]: >> Cleaning players online status...    

[Print][Fri Oct 29 14:53:09 2021]: > Done in 0.04 seconds    

[Print][Fri Oct 29 14:53:09 2021]: >> Loading PvP Arenas...    

[Print][Fri Oct 29 14:53:09 2021]: > Done in 0.00 seconds    

[Print][Fri Oct 29 14:53:09 2021]: >> Loading Caught Highscores...    

[Print][Fri Oct 29 14:53:09 2021]: > Done in 0.00 seconds    

[Print][Fri Oct 29 14:53:09 2021]: >> Loading Tournament Highscores...    

[Print][Fri Oct 29 14:53:09 2021]: > Done in 0.00 seconds    

[Print][Fri Oct 29 14:53:09 2021]: >> Loading Berry Trees...    

[Print][Fri Oct 29 14:53:09 2021]: > Done in 0.02 seconds    

[Print][Fri Oct 29 14:53:09 2021]: >> Cleaning Mastery Dungeons...    

[Print][Fri Oct 29 14:53:09 2021]: > Done in 0.00 seconds    

[Print][Fri Oct 29 14:53:09 2021]: >> Loading Bosses...    

[Print][Fri Oct 29 14:53:09 2021]: >> Scheduled Boss Spawn: Winged Wisdom in 15 hours, 22 minutes and 40 seconds    

[Print][Fri Oct 29 14:53:09 2021]: > Done in 0.00 seconds    

[Print][Fri Oct 29 14:53:09 2021]: >> Loading Highscores...    

[Print][Fri Oct 29 14:53:09 2021]: > Done in 0.00 seconds    

[Print][Fri Oct 29 14:53:09 2021]: >> Loading Ball Pillars...    

[Print][Fri Oct 29 14:53:09 2021]: > Done in 0.00 seconds    

[Print][Fri Oct 29 14:53:09 2021]: >> Loading Citizens...    

[Print][Fri Oct 29 14:53:09 2021]: > Done in 0.59 seconds    

[Print][Fri Oct 29 14:53:09 2021]: >> Loading Ranks...    

[Print][Fri Oct 29 14:53:09 2021]: > Done in 0.00 seconds    

[Print][Fri Oct 29 14:53:09 2021]: >> All done on Fri Oct 29 14:53:09 2021    

[Print][Fri Oct 29 19:13:15 2021]: 3    1    1    1    

[Print][Fri Oct 29 19:13:23 2021]: 3    1    1    1    

[Print][Fri Oct 29 19:13:25 2021]: 3    1    1    1    

[Print][Fri Oct 29 19:27:14 2021]: 3    1    1    1    

[Print][Fri Oct 29 19:27:19 2021]: 3    1    1    1    

[Print][Fri Oct 29 19:27:24 2021]: 3    1    1    1    

[Print][Fri Oct 29 19:27:58 2021]: 3    1    1    1    

[Print][Fri Oct 29 19:28:07 2021]: 3    1    1    1    

[Print][Fri Oct 29 19:28:13 2021]: 3    1    1    1    

[Print][Fri Oct 29 19:30:31 2021]: 3    1    1    1    

[Print][Fri Oct 29 19:30:40 2021]: 3    1    1    1    

[Print][Fri Oct 29 19:30:47 2021]: 3    1    1    1    

[Print][Fri Oct 29 19:32:27 2021]: 3    1    1    1    

[Print][Fri Oct 29 19:32:44 2021]: 3    1    1    1    

[Print][Fri Oct 29 19:32:49 2021]: 3    1    1    1    

[Print][Fri Oct 29 19:39:30 2021]: 3    1    1    1    

[Print][Fri Oct 29 19:39:38 2021]: 3    1    1    1    

[Print][Fri Oct 29 19:39:48 2021]: 3    1    1    1    

[Print][Fri Oct 29 20:39:11 2021]: 3    1    1    1    

[Print][Fri Oct 29 20:39:16 2021]: 3    1    1    1    

[Print][Fri Oct 29 20:39:26 2021]: 3    1    1    1    

