[Print][Sat Sep 18 00:17:52 2021]: 20    

[Print][Sat Sep 18 00:17:52 2021]: 20    

[Print][Sat Sep 18 00:17:52 2021]: 9    

[Print][Sat Sep 18 00:17:52 2021]: 23    

[Print][Sat Sep 18 00:17:52 2021]: 20    

[Print][Sat Sep 18 00:17:52 2021]: 18    

[Print][Sat Sep 18 00:17:52 2021]: 20    

[Print][Sat Sep 18 00:17:52 2021]: 20    

[Print][Sat Sep 18 00:17:52 2021]: 9    

[Print][Sat Sep 18 00:17:52 2021]: 23    

[Print][Sat Sep 18 00:17:52 2021]: 20    

[Print][Sat Sep 18 00:17:52 2021]: 18    

[Print][Sat Sep 18 00:18:20 2021]: >> Cleaning players online status...    

[Print][Sat Sep 18 00:18:20 2021]: > Done in 0.09 seconds    

[Print][Sat Sep 18 00:18:20 2021]: >> Loading PvP Arenas...    

[Print][Sat Sep 18 00:18:20 2021]: > Done in 0.00 seconds    

[Print][Sat Sep 18 00:18:20 2021]: >> Loading Caught Highscores...    

[Print][Sat Sep 18 00:18:20 2021]: > Done in 0.02 seconds    

[Print][Sat Sep 18 00:18:20 2021]: >> Loading Tournament Highscores...    

[Print][Sat Sep 18 00:18:20 2021]: > Done in 0.00 seconds    

[Print][Sat Sep 18 00:18:20 2021]: >> Loading Berry Trees...    

[Print][Sat Sep 18 00:18:20 2021]: > Done in 0.02 seconds    

[Print][Sat Sep 18 00:18:20 2021]: >> Cleaning Mastery Dungeons...    

[Print][Sat Sep 18 00:18:20 2021]: > Done in 0.00 seconds    

[Print][Sat Sep 18 00:18:20 2021]: >> Loading Bosses...    

[Print][Sat Sep 18 00:18:20 2021]: >> Scheduled Boss Spawn: Mr. Gormandize in 9 hours, 29 minutes and 10 seconds    

[Print][Sat Sep 18 00:18:20 2021]: > Done in 0.00 seconds    

[Print][Sat Sep 18 00:18:20 2021]: >> Loading Highscores...    

[Print][Sat Sep 18 00:18:20 2021]: > Done in 0.00 seconds    

[Print][Sat Sep 18 00:18:20 2021]: >> Loading Ball Pillars...    

[Print][Sat Sep 18 00:18:20 2021]: > Done in 0.00 seconds    

[Print][Sat Sep 18 00:18:20 2021]: >> Loading Citizens...    

[Print][Sat Sep 18 00:18:21 2021]: > Done in 0.40 seconds    

[Print][Sat Sep 18 00:18:21 2021]: >> Loading Ranks...    

[Print][Sat Sep 18 00:18:21 2021]: > Done in 0.00 seconds    

[Print][Sat Sep 18 00:18:21 2021]: >> All done on Sat Sep 18 00:18:21 2021    

[Print][Sat Sep 18 01:23:50 2021]: >> Cleaning players online status...    

[Print][Sat Sep 18 01:23:50 2021]: > Done in 0.03 seconds    

[Print][Sat Sep 18 01:23:50 2021]: >> Loading PvP Arenas...    

[Print][Sat Sep 18 01:23:50 2021]: > Done in 0.00 seconds    

[Print][Sat Sep 18 01:23:50 2021]: >> Loading Caught Highscores...    

[Print][Sat Sep 18 01:23:50 2021]: > Done in 0.00 seconds    

[Print][Sat Sep 18 01:23:50 2021]: >> Loading Tournament Highscores...    

[Print][Sat Sep 18 01:23:50 2021]: > Done in 0.00 seconds    

[Print][Sat Sep 18 01:23:50 2021]: >> Loading Berry Trees...    

[Print][Sat Sep 18 01:23:50 2021]: > Done in 0.02 seconds    

[Print][Sat Sep 18 01:23:50 2021]: >> Cleaning Mastery Dungeons...    

[Print][Sat Sep 18 01:23:50 2021]: > Done in 0.00 seconds    

[Print][Sat Sep 18 01:23:50 2021]: >> Loading Bosses...    

[Print][Sat Sep 18 01:23:50 2021]: >> Scheduled Boss Spawn: Toby in 9 hours, 32 minutes and 38 seconds    

[Print][Sat Sep 18 01:23:50 2021]: > Done in 0.00 seconds    

[Print][Sat Sep 18 01:23:50 2021]: >> Loading Highscores...    

[Print][Sat Sep 18 01:23:50 2021]: > Done in 0.00 seconds    

[Print][Sat Sep 18 01:23:50 2021]: >> Loading Ball Pillars...    

[Print][Sat Sep 18 01:23:50 2021]: > Done in 0.00 seconds    

[Print][Sat Sep 18 01:23:50 2021]: >> Loading Citizens...    

[Print][Sat Sep 18 01:23:51 2021]: > Done in 0.49 seconds    

[Print][Sat Sep 18 01:23:51 2021]: >> Loading Ranks...    

[Print][Sat Sep 18 01:23:51 2021]: > Done in 0.00 seconds    

[Print][Sat Sep 18 01:23:51 2021]: >> All done on Sat Sep 18 01:23:51 2021    

[Print][Sat Sep 18 11:14:44 2021]: >> Cleaning players online status...    

[Print][Sat Sep 18 11:14:44 2021]: > Done in 0.03 seconds    

[Print][Sat Sep 18 11:14:44 2021]: >> Loading PvP Arenas...    

[Print][Sat Sep 18 11:14:44 2021]: > Done in 0.00 seconds    

[Print][Sat Sep 18 11:14:44 2021]: >> Loading Caught Highscores...    

[Print][Sat Sep 18 11:14:44 2021]: > Done in 0.04 seconds    

[Print][Sat Sep 18 11:14:44 2021]: >> Loading Tournament Highscores...    

[Print][Sat Sep 18 11:14:44 2021]: > Done in 0.00 seconds    

[Print][Sat Sep 18 11:14:44 2021]: >> Loading Berry Trees...    

[Print][Sat Sep 18 11:14:44 2021]: > Done in 0.04 seconds    

[Print][Sat Sep 18 11:14:44 2021]: >> Cleaning Mastery Dungeons...    

[Print][Sat Sep 18 11:14:44 2021]: > Done in 0.00 seconds    

[Print][Sat Sep 18 11:14:44 2021]: >> Loading Bosses...    

[Print][Sat Sep 18 11:14:44 2021]: >> Scheduled Boss Spawn: The A. Mesmer in 5 hours, 33 minutes and 46 seconds    

[Print][Sat Sep 18 11:14:44 2021]: > Done in 0.00 seconds    

[Print][Sat Sep 18 11:14:44 2021]: >> Loading Highscores...    

[Print][Sat Sep 18 11:14:44 2021]: > Done in 0.00 seconds    

[Print][Sat Sep 18 11:14:44 2021]: >> Loading Ball Pillars...    

[Print][Sat Sep 18 11:14:44 2021]: > Done in 0.02 seconds    

[Print][Sat Sep 18 11:14:44 2021]: >> Loading Citizens...    

[Print][Sat Sep 18 11:14:44 2021]: > Done in 0.54 seconds    

[Print][Sat Sep 18 11:14:44 2021]: >> Loading Ranks...    

[Print][Sat Sep 18 11:14:44 2021]: > Done in 0.00 seconds    

[Print][Sat Sep 18 11:14:44 2021]: >> All done on Sat Sep 18 11:14:44 2021    

[Print][Sat Sep 18 11:50:13 2021]: >> Cleaning players online status...    

[Print][Sat Sep 18 11:50:13 2021]: > Done in 0.06 seconds    

[Print][Sat Sep 18 11:50:13 2021]: >> Loading PvP Arenas...    

[Print][Sat Sep 18 11:50:13 2021]: > Done in 0.00 seconds    

[Print][Sat Sep 18 11:50:13 2021]: >> Loading Caught Highscores...    

[Print][Sat Sep 18 11:50:13 2021]: > Done in 0.01 seconds    

[Print][Sat Sep 18 11:50:13 2021]: >> Loading Tournament Highscores...    

[Print][Sat Sep 18 11:50:13 2021]: > Done in 0.00 seconds    

[Print][Sat Sep 18 11:50:13 2021]: >> Loading Berry Trees...    

[Print][Sat Sep 18 11:50:13 2021]: > Done in 0.02 seconds    

[Print][Sat Sep 18 11:50:13 2021]: >> Cleaning Mastery Dungeons...    

[Print][Sat Sep 18 11:50:13 2021]: > Done in 0.00 seconds    

[Print][Sat Sep 18 11:50:13 2021]: >> Loading Bosses...    

[Print][Sat Sep 18 11:50:13 2021]: >> Scheduled Boss Spawn: DoomBoy in 15 hours, 16 minutes and 30 seconds    

[Print][Sat Sep 18 11:50:13 2021]: > Done in 0.01 seconds    

[Print][Sat Sep 18 11:50:13 2021]: >> Loading Highscores...    

[Print][Sat Sep 18 11:50:13 2021]: > Done in 0.00 seconds    

[Print][Sat Sep 18 11:50:13 2021]: >> Loading Ball Pillars...    

[Print][Sat Sep 18 11:50:13 2021]: > Done in 0.00 seconds    

[Print][Sat Sep 18 11:50:13 2021]: >> Loading Citizens...    

[Print][Sat Sep 18 11:50:14 2021]: > Done in 0.45 seconds    

[Print][Sat Sep 18 11:50:14 2021]: >> Loading Ranks...    

[Print][Sat Sep 18 11:50:14 2021]: > Done in 0.00 seconds    

[Print][Sat Sep 18 11:50:14 2021]: >> All done on Sat Sep 18 11:50:14 2021    

[Print][Sat Sep 18 12:18:37 2021]: >> Cleaning players online status...    

[Print][Sat Sep 18 12:18:37 2021]: > Done in 0.05 seconds    

[Print][Sat Sep 18 12:18:38 2021]: >> Loading PvP Arenas...    

[Print][Sat Sep 18 12:18:38 2021]: > Done in 0.00 seconds    

[Print][Sat Sep 18 12:18:38 2021]: >> Loading Caught Highscores...    

[Print][Sat Sep 18 12:18:38 2021]: > Done in 0.01 seconds    

[Print][Sat Sep 18 12:18:38 2021]: >> Loading Tournament Highscores...    

[Print][Sat Sep 18 12:18:38 2021]: > Done in 0.03 seconds    

[Print][Sat Sep 18 12:18:38 2021]: >> Loading Berry Trees...    

[Print][Sat Sep 18 12:18:38 2021]: > Done in 0.03 seconds    

[Print][Sat Sep 18 12:18:38 2021]: >> Cleaning Mastery Dungeons...    

[Print][Sat Sep 18 12:18:38 2021]: > Done in 0.00 seconds    

[Print][Sat Sep 18 12:18:38 2021]: >> Loading Bosses...    

[Print][Sat Sep 18 12:18:38 2021]: >> Scheduled Boss Spawn: Grisly Mind in 6 hours, 2 minutes and 7 seconds    

[Print][Sat Sep 18 12:18:38 2021]: > Done in 0.00 seconds    

[Print][Sat Sep 18 12:18:38 2021]: >> Loading Highscores...    

[Print][Sat Sep 18 12:18:38 2021]: > Done in 0.00 seconds    

[Print][Sat Sep 18 12:18:38 2021]: >> Loading Ball Pillars...    

[Print][Sat Sep 18 12:18:38 2021]: > Done in 0.00 seconds    

[Print][Sat Sep 18 12:18:38 2021]: >> Loading Citizens...    

[Print][Sat Sep 18 12:18:38 2021]: > Done in 0.38 seconds    

[Print][Sat Sep 18 12:18:38 2021]: >> Loading Ranks...    

[Print][Sat Sep 18 12:18:38 2021]: > Done in 0.00 seconds    

[Print][Sat Sep 18 12:18:38 2021]: >> All done on Sat Sep 18 12:18:38 2021    

[Print][Sat Sep 18 13:42:46 2021]: >> Cleaning players online status...    

[Print][Sat Sep 18 13:42:46 2021]: > Done in 0.04 seconds    

[Print][Sat Sep 18 13:42:46 2021]: >> Loading PvP Arenas...    

[Print][Sat Sep 18 13:42:46 2021]: > Done in 0.00 seconds    

[Print][Sat Sep 18 13:42:46 2021]: >> Loading Caught Highscores...    

[Print][Sat Sep 18 13:42:46 2021]: > Done in 0.00 seconds    

[Print][Sat Sep 18 13:42:46 2021]: >> Loading Tournament Highscores...    

[Print][Sat Sep 18 13:42:46 2021]: > Done in 0.00 seconds    

[Print][Sat Sep 18 13:42:46 2021]: >> Loading Berry Trees...    

[Print][Sat Sep 18 13:42:46 2021]: > Done in 0.02 seconds    

[Print][Sat Sep 18 13:42:46 2021]: >> Cleaning Mastery Dungeons...    

[Print][Sat Sep 18 13:42:46 2021]: > Done in 0.00 seconds    

[Print][Sat Sep 18 13:42:46 2021]: >> Loading Bosses...    

[Print][Sat Sep 18 13:42:46 2021]: >> Scheduled Boss Spawn: Twisted Blades in 6 hours, 54 minutes and 34 seconds    

[Print][Sat Sep 18 13:42:46 2021]: > Done in 0.00 seconds    

[Print][Sat Sep 18 13:42:46 2021]: >> Loading Highscores...    

[Print][Sat Sep 18 13:42:46 2021]: > Done in 0.00 seconds    

[Print][Sat Sep 18 13:42:46 2021]: >> Loading Ball Pillars...    

[Print][Sat Sep 18 13:42:46 2021]: > Done in 0.00 seconds    

[Print][Sat Sep 18 13:42:46 2021]: >> Loading Citizens...    

[Print][Sat Sep 18 13:42:47 2021]: > Done in 0.45 seconds    

[Print][Sat Sep 18 13:42:47 2021]: >> Loading Ranks...    

[Print][Sat Sep 18 13:42:47 2021]: > Done in 0.00 seconds    

[Print][Sat Sep 18 13:42:47 2021]: >> All done on Sat Sep 18 13:42:47 2021    

[Print][Sat Sep 18 15:10:21 2021]: sem item do id: 35540    

[Print][Sat Sep 18 15:10:23 2021]: sem item do id: 35540    

[Print][Sat Sep 18 15:10:27 2021]: sem item do id: 35540    

[Print][Sat Sep 18 15:10:27 2021]: sem item do id: 35540    

[Print][Sat Sep 18 15:10:27 2021]: sem item do id: 35540    

[Print][Sat Sep 18 15:10:27 2021]: sem item do id: 35540    

[Print][Sat Sep 18 19:46:04 2021]: >> Cleaning players online status...    

[Print][Sat Sep 18 19:46:05 2021]: > Done in 0.05 seconds    

[Print][Sat Sep 18 19:46:05 2021]: >> Loading PvP Arenas...    

[Print][Sat Sep 18 19:46:05 2021]: > Done in 0.00 seconds    

[Print][Sat Sep 18 19:46:05 2021]: >> Loading Caught Highscores...    

[Print][Sat Sep 18 19:46:05 2021]: > Done in 0.03 seconds    

[Print][Sat Sep 18 19:46:05 2021]: >> Loading Tournament Highscores...    

[Print][Sat Sep 18 19:46:05 2021]: > Done in 0.06 seconds    

[Print][Sat Sep 18 19:46:05 2021]: >> Loading Berry Trees...    

[Print][Sat Sep 18 19:46:05 2021]: > Done in 0.09 seconds    

[Print][Sat Sep 18 19:46:05 2021]: >> Cleaning Mastery Dungeons...    

[Print][Sat Sep 18 19:46:05 2021]: > Done in 0.00 seconds    

[Print][Sat Sep 18 19:46:05 2021]: >> Loading Bosses...    

[Print][Sat Sep 18 19:46:05 2021]: >> Scheduled Boss Spawn: King Panlong in 14 hours, 10 minutes and 10 seconds    

[Print][Sat Sep 18 19:46:05 2021]: > Done in 0.00 seconds    

[Print][Sat Sep 18 19:46:05 2021]: >> Loading Highscores...    

[Print][Sat Sep 18 19:46:05 2021]: > Done in 0.00 seconds    

[Print][Sat Sep 18 19:46:05 2021]: >> Loading Ball Pillars...    

[Print][Sat Sep 18 19:46:05 2021]: > Done in 0.00 seconds    

[Print][Sat Sep 18 19:46:05 2021]: >> Loading Citizens...    

[Print][Sat Sep 18 19:46:06 2021]: > Done in 1.54 seconds    

[Print][Sat Sep 18 19:46:06 2021]: >> Loading Ranks...    

[Print][Sat Sep 18 19:46:06 2021]: > Done in 0.00 seconds    

[Print][Sat Sep 18 19:46:06 2021]: >> All done on Sat Sep 18 19:46:06 2021    

[Print][Sat Sep 18 22:17:47 2021]: Sem item do id: 35547    

[Print][Sat Sep 18 22:20:29 2021]: Sem item do id: 35545    

[Print][Sat Sep 18 22:20:30 2021]: Sem item do id: 35545    

[Print][Sat Sep 18 22:20:30 2021]: Sem item do id: 35545    

[Print][Sat Sep 18 22:20:30 2021]: Sem item do id: 35545    

[Print][Sat Sep 18 22:20:30 2021]: Sem item do id: 35545    

[Print][Sat Sep 18 22:20:31 2021]: Sem item do id: 35545    

[Print][Sat Sep 18 22:20:33 2021]: Sem item do id: 35545    

[Print][Sat Sep 18 22:20:33 2021]: Sem item do id: 35545    

[Print][Sat Sep 18 22:20:33 2021]: Sem item do id: 35545    

[Print][Sat Sep 18 22:20:34 2021]: Sem item do id: 35545    

[Print][Sat Sep 18 22:20:34 2021]: Sem item do id: 35545    

[Print][Sat Sep 18 23:57:31 2021]: >> Cleaning players online status...    

[Print][Sat Sep 18 23:57:31 2021]: > Done in 0.05 seconds    

[Print][Sat Sep 18 23:57:31 2021]: >> Loading PvP Arenas...    

[Print][Sat Sep 18 23:57:31 2021]: > Done in 0.00 seconds    

[Print][Sat Sep 18 23:57:31 2021]: >> Loading Caught Highscores...    

[Print][Sat Sep 18 23:57:31 2021]: > Done in 0.01 seconds    

[Print][Sat Sep 18 23:57:31 2021]: >> Loading Tournament Highscores...    

[Print][Sat Sep 18 23:57:31 2021]: > Done in 0.00 seconds    

[Print][Sat Sep 18 23:57:31 2021]: >> Loading Berry Trees...    

[Print][Sat Sep 18 23:57:31 2021]: > Done in 0.01 seconds    

[Print][Sat Sep 18 23:57:31 2021]: >> Cleaning Mastery Dungeons...    

[Print][Sat Sep 18 23:57:31 2021]: > Done in 0.00 seconds    

[Print][Sat Sep 18 23:57:31 2021]: >> Loading Bosses...    

[Print][Sat Sep 18 23:57:31 2021]: >> Scheduled Boss Spawn: King Panlong in 12 hours, 1 minute and 54 seconds    

[Print][Sat Sep 18 23:57:31 2021]: > Done in 0.00 seconds    

[Print][Sat Sep 18 23:57:31 2021]: >> Loading Highscores...    

[Print][Sat Sep 18 23:57:31 2021]: > Done in 0.00 seconds    

[Print][Sat Sep 18 23:57:31 2021]: >> Loading Ball Pillars...    

[Print][Sat Sep 18 23:57:31 2021]: > Done in 0.01 seconds    

[Print][Sat Sep 18 23:57:31 2021]: >> Loading Citizens...    

[Print][Sat Sep 18 23:57:32 2021]: > Done in 0.63 seconds    

[Print][Sat Sep 18 23:57:32 2021]: >> Loading Ranks...    

[Print][Sat Sep 18 23:57:32 2021]: > Done in 0.00 seconds    

[Print][Sat Sep 18 23:57:32 2021]: >> All done on Sat Sep 18 23:57:32 2021    

