[Print][Fri Aug 27 09:04:55 2021]: >> Cleaning players online status...    

[Print][Fri Aug 27 09:04:55 2021]: > Done in 0.07 seconds    

[Print][Fri Aug 27 09:04:55 2021]: >> Loading PvP Arenas...    

[Print][Fri Aug 27 09:04:55 2021]: > Done in 0.00 seconds    

[Print][Fri Aug 27 09:04:55 2021]: >> Loading Caught Highscores...    

[Print][Fri Aug 27 09:04:55 2021]: > Done in 0.00 seconds    

[Print][Fri Aug 27 09:04:56 2021]: >> Loading Tournament Highscores...    

[Print][Fri Aug 27 09:04:56 2021]: > Done in 0.00 seconds    

[Print][Fri Aug 27 09:04:56 2021]: >> Loading Berry Trees...    

[Print][Fri Aug 27 09:04:56 2021]: > Done in 0.22 seconds    

[Print][Fri Aug 27 09:04:56 2021]: >> Cleaning Mastery Dungeons...    

[Print][Fri Aug 27 09:04:56 2021]: > Done in 0.00 seconds    

[Print][Fri Aug 27 09:04:56 2021]: >> Loading Bosses...    

[Print][Fri Aug 27 09:04:56 2021]: >> Scheduled Boss Spawn: Great Saul in 11 hours, 17 minutes and 57 seconds    

[Print][Fri Aug 27 09:04:56 2021]: > Done in 0.01 seconds    

[Print][Fri Aug 27 09:04:56 2021]: >> Loading Highscores...    

[Print][Fri Aug 27 09:04:56 2021]: > Done in 0.00 seconds    

[Print][Fri Aug 27 09:04:56 2021]: >> Loading Ball Pillars...    

[Print][Fri Aug 27 09:04:56 2021]: > Done in 0.06 seconds    

[Print][Fri Aug 27 09:04:56 2021]: >> Loading Citizens...    

[Print][Fri Aug 27 09:04:58 2021]: > Done in 2.11 seconds    

[Print][Fri Aug 27 09:04:58 2021]: >> Loading Ranks...    

[Print][Fri Aug 27 09:04:58 2021]: > Done in 0.00 seconds    

[Print][Fri Aug 27 09:04:58 2021]: >> All done on Fri Aug 27 09:04:58 2021    

[Print][Fri Aug 27 12:33:31 2021]: >> Cleaning players online status...    

[Print][Fri Aug 27 12:33:31 2021]: > Done in 0.03 seconds    

[Print][Fri Aug 27 12:33:31 2021]: >> Loading PvP Arenas...    

[Print][Fri Aug 27 12:33:31 2021]: > Done in 0.00 seconds    

[Print][Fri Aug 27 12:33:31 2021]: >> Loading Caught Highscores...    

[Print][Fri Aug 27 12:33:31 2021]: > Done in 0.01 seconds    

[Print][Fri Aug 27 12:33:31 2021]: >> Loading Tournament Highscores...    

[Print][Fri Aug 27 12:33:31 2021]: > Done in 0.00 seconds    

[Print][Fri Aug 27 12:33:31 2021]: >> Loading Berry Trees...    

[Print][Fri Aug 27 12:33:31 2021]: > Done in 0.01 seconds    

[Print][Fri Aug 27 12:33:31 2021]: >> Cleaning Mastery Dungeons...    

[Print][Fri Aug 27 12:33:31 2021]: > Done in 0.00 seconds    

[Print][Fri Aug 27 12:33:31 2021]: >> Loading Bosses...    

[Print][Fri Aug 27 12:33:31 2021]: >> Scheduled Boss Spawn: The A. Mesmer in 9 hours, 52 minutes and 39 seconds    

[Print][Fri Aug 27 12:33:31 2021]: > Done in 0.01 seconds    

[Print][Fri Aug 27 12:33:31 2021]: >> Loading Highscores...    

[Print][Fri Aug 27 12:33:31 2021]: > Done in 0.00 seconds    

[Print][Fri Aug 27 12:33:31 2021]: >> Loading Ball Pillars...    

[Print][Fri Aug 27 12:33:31 2021]: > Done in 0.00 seconds    

[Print][Fri Aug 27 12:33:31 2021]: >> Loading Citizens...    

[Print][Fri Aug 27 12:33:32 2021]: > Done in 0.58 seconds    

[Print][Fri Aug 27 12:33:32 2021]: >> Loading Ranks...    

[Print][Fri Aug 27 12:33:32 2021]: > Done in 0.00 seconds    

[Print][Fri Aug 27 12:33:32 2021]: >> All done on Fri Aug 27 12:33:32 2021    

[Print][Fri Aug 27 14:47:13 2021]: >> Cleaning players online status...    

[Print][Fri Aug 27 14:47:14 2021]: > Done in 0.10 seconds    

[Print][Fri Aug 27 14:47:14 2021]: >> Loading PvP Arenas...    

[Print][Fri Aug 27 14:47:14 2021]: > Done in 0.02 seconds    

[Print][Fri Aug 27 14:47:14 2021]: >> Loading Caught Highscores...    

[Print][Fri Aug 27 14:47:14 2021]: > Done in 0.00 seconds    

[Print][Fri Aug 27 14:47:14 2021]: >> Loading Tournament Highscores...    

[Print][Fri Aug 27 14:47:14 2021]: > Done in 0.08 seconds    

[Print][Fri Aug 27 14:47:14 2021]: >> Loading Berry Trees...    

[Print][Fri Aug 27 14:47:14 2021]: > Done in 0.06 seconds    

[Print][Fri Aug 27 14:47:14 2021]: >> Cleaning Mastery Dungeons...    

[Print][Fri Aug 27 14:47:14 2021]: > Done in 0.00 seconds    

[Print][Fri Aug 27 14:47:14 2021]: >> Loading Bosses...    

[Print][Fri Aug 27 14:47:14 2021]: >> Scheduled Boss Spawn: The Turbo in 13 hours, 17 minutes and 21 seconds    

[Print][Fri Aug 27 14:47:14 2021]: > Done in 0.01 seconds    

[Print][Fri Aug 27 14:47:14 2021]: >> Loading Highscores...    

[Print][Fri Aug 27 14:47:14 2021]: > Done in 0.00 seconds    

[Print][Fri Aug 27 14:47:14 2021]: >> Loading Ball Pillars...    

[Print][Fri Aug 27 14:47:14 2021]: > Done in 0.07 seconds    

[Print][Fri Aug 27 14:47:14 2021]: >> Loading Citizens...    

[Print][Fri Aug 27 14:47:16 2021]: > Done in 1.53 seconds    

[Print][Fri Aug 27 14:47:16 2021]: >> Loading Ranks...    

[Print][Fri Aug 27 14:47:16 2021]: > Done in 0.00 seconds    

[Print][Fri Aug 27 14:47:16 2021]: >> All done on Fri Aug 27 14:47:16 2021    

[Print][Fri Aug 27 15:48:34 2021]: >> Cleaning players online status...    

[Print][Fri Aug 27 15:48:34 2021]: > Done in 0.07 seconds    

[Print][Fri Aug 27 15:48:34 2021]: >> Loading PvP Arenas...    

[Print][Fri Aug 27 15:48:34 2021]: > Done in 0.00 seconds    

[Print][Fri Aug 27 15:48:34 2021]: >> Loading Caught Highscores...    

[Print][Fri Aug 27 15:48:34 2021]: > Done in 0.01 seconds    

[Print][Fri Aug 27 15:48:34 2021]: >> Loading Tournament Highscores...    

[Print][Fri Aug 27 15:48:34 2021]: > Done in 0.00 seconds    

[Print][Fri Aug 27 15:48:34 2021]: >> Loading Berry Trees...    

[Print][Fri Aug 27 15:48:34 2021]: > Done in 0.03 seconds    

[Print][Fri Aug 27 15:48:34 2021]: >> Cleaning Mastery Dungeons...    

[Print][Fri Aug 27 15:48:34 2021]: > Done in 0.00 seconds    

[Print][Fri Aug 27 15:48:34 2021]: >> Loading Bosses...    

[Print][Fri Aug 27 15:48:34 2021]: >> Scheduled Boss Spawn: The A. Mesmer in 5 hours, 52 minutes and 41 seconds    

[Print][Fri Aug 27 15:48:34 2021]: > Done in 0.00 seconds    

[Print][Fri Aug 27 15:48:34 2021]: >> Loading Highscores...    

[Print][Fri Aug 27 15:48:34 2021]: > Done in 0.00 seconds    

[Print][Fri Aug 27 15:48:34 2021]: >> Loading Ball Pillars...    

[Print][Fri Aug 27 15:48:34 2021]: > Done in 0.00 seconds    

[Print][Fri Aug 27 15:48:34 2021]: >> Loading Citizens...    

[Print][Fri Aug 27 15:48:35 2021]: > Done in 0.60 seconds    

[Print][Fri Aug 27 15:48:35 2021]: >> Loading Ranks...    

[Print][Fri Aug 27 15:48:35 2021]: > Done in 0.00 seconds    

[Print][Fri Aug 27 15:48:35 2021]: >> All done on Fri Aug 27 15:48:35 2021    

[Print][Fri Aug 27 15:51:47 2021]: >> Cleaning players online status...    

[Print][Fri Aug 27 15:51:47 2021]: > Done in 0.02 seconds    

[Print][Fri Aug 27 15:51:47 2021]: >> Loading PvP Arenas...    

[Print][Fri Aug 27 15:51:47 2021]: > Done in 0.00 seconds    

[Print][Fri Aug 27 15:51:47 2021]: >> Loading Caught Highscores...    

[Print][Fri Aug 27 15:51:47 2021]: > Done in 0.00 seconds    

[Print][Fri Aug 27 15:51:47 2021]: >> Loading Tournament Highscores...    

[Print][Fri Aug 27 15:51:47 2021]: > Done in 0.00 seconds    

[Print][Fri Aug 27 15:51:47 2021]: >> Loading Berry Trees...    

[Print][Fri Aug 27 15:51:47 2021]: > Done in 0.02 seconds    

[Print][Fri Aug 27 15:51:47 2021]: >> Cleaning Mastery Dungeons...    

[Print][Fri Aug 27 15:51:47 2021]: > Done in 0.00 seconds    

[Print][Fri Aug 27 15:51:47 2021]: >> Loading Bosses...    

[Print][Fri Aug 27 15:51:47 2021]: >> Scheduled Boss Spawn: Blastertoise in 7 hours, 14 minutes and 5 seconds    

[Print][Fri Aug 27 15:51:47 2021]: > Done in 0.00 seconds    

[Print][Fri Aug 27 15:51:47 2021]: >> Loading Highscores...    

[Print][Fri Aug 27 15:51:47 2021]: > Done in 0.00 seconds    

[Print][Fri Aug 27 15:51:47 2021]: >> Loading Ball Pillars...    

[Print][Fri Aug 27 15:51:47 2021]: > Done in 0.00 seconds    

[Print][Fri Aug 27 15:51:47 2021]: >> Loading Citizens...    

[Print][Fri Aug 27 15:51:47 2021]: > Done in 0.48 seconds    

[Print][Fri Aug 27 15:51:47 2021]: >> Loading Ranks...    

[Print][Fri Aug 27 15:51:47 2021]: > Done in 0.00 seconds    

[Print][Fri Aug 27 15:51:47 2021]: >> All done on Fri Aug 27 15:51:47 2021    

[Print][Fri Aug 27 16:09:08 2021]: >> Cleaning players online status...    

[Print][Fri Aug 27 16:09:08 2021]: > Done in 0.02 seconds    

[Print][Fri Aug 27 16:09:08 2021]: >> Loading PvP Arenas...    

[Print][Fri Aug 27 16:09:08 2021]: > Done in 0.00 seconds    

[Print][Fri Aug 27 16:09:08 2021]: >> Loading Caught Highscores...    

[Print][Fri Aug 27 16:09:08 2021]: > Done in 0.00 seconds    

[Print][Fri Aug 27 16:09:08 2021]: >> Loading Tournament Highscores...    

[Print][Fri Aug 27 16:09:08 2021]: > Done in 0.00 seconds    

[Print][Fri Aug 27 16:09:08 2021]: >> Loading Berry Trees...    

[Print][Fri Aug 27 16:09:08 2021]: > Done in 0.02 seconds    

[Print][Fri Aug 27 16:09:08 2021]: >> Cleaning Mastery Dungeons...    

[Print][Fri Aug 27 16:09:08 2021]: > Done in 0.00 seconds    

[Print][Fri Aug 27 16:09:08 2021]: >> Loading Bosses...    

[Print][Fri Aug 27 16:09:08 2021]: >> Scheduled Boss Spawn: Grisly Mind in 13 hours, 39 minutes and 59 seconds    

[Print][Fri Aug 27 16:09:08 2021]: > Done in 0.01 seconds    

[Print][Fri Aug 27 16:09:08 2021]: >> Loading Highscores...    

[Print][Fri Aug 27 16:09:08 2021]: > Done in 0.00 seconds    

[Print][Fri Aug 27 16:09:08 2021]: >> Loading Ball Pillars...    

[Print][Fri Aug 27 16:09:08 2021]: > Done in 0.01 seconds    

[Print][Fri Aug 27 16:09:08 2021]: >> Loading Citizens...    

[Print][Fri Aug 27 16:09:09 2021]: > Done in 0.49 seconds    

[Print][Fri Aug 27 16:09:09 2021]: >> Loading Ranks...    

[Print][Fri Aug 27 16:09:09 2021]: > Done in 0.00 seconds    

[Print][Fri Aug 27 16:09:09 2021]: >> All done on Fri Aug 27 16:09:09 2021    

[Print][Fri Aug 27 16:12:35 2021]: >> Cleaning players online status...    

[Print][Fri Aug 27 16:12:35 2021]: > Done in 0.03 seconds    

[Print][Fri Aug 27 16:12:35 2021]: >> Loading PvP Arenas...    

[Print][Fri Aug 27 16:12:35 2021]: > Done in 0.00 seconds    

[Print][Fri Aug 27 16:12:35 2021]: >> Loading Caught Highscores...    

[Print][Fri Aug 27 16:12:35 2021]: > Done in 0.00 seconds    

[Print][Fri Aug 27 16:12:35 2021]: >> Loading Tournament Highscores...    

[Print][Fri Aug 27 16:12:35 2021]: > Done in 0.00 seconds    

[Print][Fri Aug 27 16:12:35 2021]: >> Loading Berry Trees...    

[Print][Fri Aug 27 16:12:35 2021]: > Done in 0.02 seconds    

[Print][Fri Aug 27 16:12:35 2021]: >> Cleaning Mastery Dungeons...    

[Print][Fri Aug 27 16:12:35 2021]: > Done in 0.00 seconds    

[Print][Fri Aug 27 16:12:35 2021]: >> Loading Bosses...    

[Print][Fri Aug 27 16:12:35 2021]: >> Scheduled Boss Spawn: Flesh'n Fire in 8 hours, 7 minutes and 4 seconds    

[Print][Fri Aug 27 16:12:35 2021]: > Done in 0.01 seconds    

[Print][Fri Aug 27 16:12:35 2021]: >> Loading Highscores...    

[Print][Fri Aug 27 16:12:35 2021]: > Done in 0.00 seconds    

[Print][Fri Aug 27 16:12:36 2021]: >> Loading Ball Pillars...    

[Print][Fri Aug 27 16:12:36 2021]: > Done in 0.03 seconds    

[Print][Fri Aug 27 16:12:36 2021]: >> Loading Citizens...    

[Print][Fri Aug 27 16:12:36 2021]: > Done in 0.47 seconds    

[Print][Fri Aug 27 16:12:36 2021]: >> Loading Ranks...    

[Print][Fri Aug 27 16:12:36 2021]: > Done in 0.00 seconds    

[Print][Fri Aug 27 16:12:36 2021]: >> All done on Fri Aug 27 16:12:36 2021    

[Print][Fri Aug 27 16:14:04 2021]: >> Cleaning players online status...    

[Print][Fri Aug 27 16:14:04 2021]: > Done in 0.06 seconds    

[Print][Fri Aug 27 16:14:04 2021]: >> Loading PvP Arenas...    

[Print][Fri Aug 27 16:14:04 2021]: > Done in 0.00 seconds    

[Print][Fri Aug 27 16:14:04 2021]: >> Loading Caught Highscores...    

[Print][Fri Aug 27 16:14:04 2021]: > Done in 0.00 seconds    

[Print][Fri Aug 27 16:14:04 2021]: >> Loading Tournament Highscores...    

[Print][Fri Aug 27 16:14:04 2021]: > Done in 0.00 seconds    

[Print][Fri Aug 27 16:14:04 2021]: >> Loading Berry Trees...    

[Print][Fri Aug 27 16:14:04 2021]: > Done in 0.01 seconds    

[Print][Fri Aug 27 16:14:04 2021]: >> Cleaning Mastery Dungeons...    

[Print][Fri Aug 27 16:14:04 2021]: > Done in 0.00 seconds    

[Print][Fri Aug 27 16:14:04 2021]: >> Loading Bosses...    

[Print][Fri Aug 27 16:14:04 2021]: >> Scheduled Boss Spawn: Sweet Lover in 15 hours, 11 minutes and 39 seconds    

[Print][Fri Aug 27 16:14:04 2021]: > Done in 0.01 seconds    

[Print][Fri Aug 27 16:14:04 2021]: >> Loading Highscores...    

[Print][Fri Aug 27 16:14:04 2021]: > Done in 0.00 seconds    

[Print][Fri Aug 27 16:14:04 2021]: >> Loading Ball Pillars...    

[Print][Fri Aug 27 16:14:04 2021]: > Done in 0.00 seconds    

[Print][Fri Aug 27 16:14:04 2021]: >> Loading Citizens...    

[Print][Fri Aug 27 16:14:05 2021]: > Done in 0.45 seconds    

[Print][Fri Aug 27 16:14:05 2021]: >> Loading Ranks...    

[Print][Fri Aug 27 16:14:05 2021]: > Done in 0.00 seconds    

[Print][Fri Aug 27 16:14:05 2021]: >> All done on Fri Aug 27 16:14:05 2021    

[Print][Fri Aug 27 16:15:07 2021]: >> Cleaning players online status...    

[Print][Fri Aug 27 16:15:07 2021]: > Done in 0.05 seconds    

[Print][Fri Aug 27 16:15:07 2021]: >> Loading PvP Arenas...    

[Print][Fri Aug 27 16:15:07 2021]: > Done in 0.00 seconds    

[Print][Fri Aug 27 16:15:07 2021]: >> Loading Caught Highscores...    

[Print][Fri Aug 27 16:15:07 2021]: > Done in 0.00 seconds    

[Print][Fri Aug 27 16:15:07 2021]: >> Loading Tournament Highscores...    

[Print][Fri Aug 27 16:15:07 2021]: > Done in 0.00 seconds    

[Print][Fri Aug 27 16:15:07 2021]: >> Loading Berry Trees...    

[Print][Fri Aug 27 16:15:07 2021]: > Done in 0.03 seconds    

[Print][Fri Aug 27 16:15:07 2021]: >> Cleaning Mastery Dungeons...    

[Print][Fri Aug 27 16:15:07 2021]: > Done in 0.00 seconds    

[Print][Fri Aug 27 16:15:07 2021]: >> Loading Bosses...    

[Print][Fri Aug 27 16:15:07 2021]: >> Scheduled Boss Spawn: Kirby in 10 hours, 48 minutes and 32 seconds    

[Print][Fri Aug 27 16:15:07 2021]: > Done in 0.01 seconds    

[Print][Fri Aug 27 16:15:07 2021]: >> Loading Highscores...    

[Print][Fri Aug 27 16:15:07 2021]: > Done in 0.00 seconds    

[Print][Fri Aug 27 16:15:08 2021]: >> Loading Ball Pillars...    

[Print][Fri Aug 27 16:15:08 2021]: > Done in 0.00 seconds    

[Print][Fri Aug 27 16:15:08 2021]: >> Loading Citizens...    

[Print][Fri Aug 27 16:15:08 2021]: > Done in 0.44 seconds    

[Print][Fri Aug 27 16:15:08 2021]: >> Loading Ranks...    

[Print][Fri Aug 27 16:15:08 2021]: > Done in 0.00 seconds    

[Print][Fri Aug 27 16:15:08 2021]: >> All done on Fri Aug 27 16:15:08 2021    

[Print][Fri Aug 27 16:23:00 2021]: >> Cleaning players online status...    

[Print][Fri Aug 27 16:23:00 2021]: > Done in 0.01 seconds    

[Print][Fri Aug 27 16:23:00 2021]: >> Loading PvP Arenas...    

[Print][Fri Aug 27 16:23:00 2021]: > Done in 0.00 seconds    

[Print][Fri Aug 27 16:23:00 2021]: >> Loading Caught Highscores...    

[Print][Fri Aug 27 16:23:00 2021]: > Done in 0.00 seconds    

[Print][Fri Aug 27 16:23:00 2021]: >> Loading Tournament Highscores...    

[Print][Fri Aug 27 16:23:00 2021]: > Done in 0.00 seconds    

[Print][Fri Aug 27 16:23:00 2021]: >> Loading Berry Trees...    

[Print][Fri Aug 27 16:23:00 2021]: > Done in 0.02 seconds    

[Print][Fri Aug 27 16:23:00 2021]: >> Cleaning Mastery Dungeons...    

[Print][Fri Aug 27 16:23:00 2021]: > Done in 0.00 seconds    

[Print][Fri Aug 27 16:23:00 2021]: >> Loading Bosses...    

[Print][Fri Aug 27 16:23:00 2021]: >> Scheduled Boss Spawn: DoomBoy in 5 hours, 44 minutes and 17 seconds    

[Print][Fri Aug 27 16:23:00 2021]: > Done in 0.01 seconds    

[Print][Fri Aug 27 16:23:00 2021]: >> Loading Highscores...    

[Print][Fri Aug 27 16:23:00 2021]: > Done in 0.00 seconds    

[Print][Fri Aug 27 16:23:00 2021]: >> Loading Ball Pillars...    

[Print][Fri Aug 27 16:23:00 2021]: > Done in 0.00 seconds    

[Print][Fri Aug 27 16:23:00 2021]: >> Loading Citizens...    

[Print][Fri Aug 27 16:23:01 2021]: > Done in 0.46 seconds    

[Print][Fri Aug 27 16:23:01 2021]: >> Loading Ranks...    

[Print][Fri Aug 27 16:23:01 2021]: > Done in 0.00 seconds    

[Print][Fri Aug 27 16:23:01 2021]: >> All done on Fri Aug 27 16:23:01 2021    

[Print][Fri Aug 27 16:25:10 2021]: Notime    

[Print][Fri Aug 27 16:25:15 2021]: Notime    

[Print][Fri Aug 27 16:25:15 2021]: Notime    

[Print][Fri Aug 27 16:25:15 2021]: Notime    

[Print][Fri Aug 27 16:32:25 2021]: Notime    

