[Print][Sat Aug 28 13:37:54 2021]: >> Cleaning players online status...    

[Print][Sat Aug 28 13:37:54 2021]: > Done in 0.01 seconds    

[Print][Sat Aug 28 13:37:54 2021]: >> Loading PvP Arenas...    

[Print][Sat Aug 28 13:37:54 2021]: > Done in 0.00 seconds    

[Print][Sat Aug 28 13:37:54 2021]: >> Loading Caught Highscores...    

[Print][Sat Aug 28 13:37:54 2021]: > Done in 0.00 seconds    

[Print][Sat Aug 28 13:37:54 2021]: >> Loading Tournament Highscores...    

[Print][Sat Aug 28 13:37:54 2021]: > Done in 0.00 seconds    

[Print][Sat Aug 28 13:37:54 2021]: >> Loading Berry Trees...    

[Print][Sat Aug 28 13:37:54 2021]: > Done in 0.03 seconds    

[Print][Sat Aug 28 13:37:54 2021]: >> Cleaning Mastery Dungeons...    

[Print][Sat Aug 28 13:37:54 2021]: > Done in 0.00 seconds    

[Print][Sat Aug 28 13:37:54 2021]: >> Loading Bosses...    

[Print][Sat Aug 28 13:37:54 2021]: >> Scheduled Boss Spawn: Toby in 5 hours, 8 minutes and 18 seconds    

[Print][Sat Aug 28 13:37:54 2021]: > Done in 0.00 seconds    

[Print][Sat Aug 28 13:37:54 2021]: >> Loading Highscores...    

[Print][Sat Aug 28 13:37:54 2021]: > Done in 0.00 seconds    

[Print][Sat Aug 28 13:37:54 2021]: >> Loading Ball Pillars...    

[Print][Sat Aug 28 13:37:54 2021]: > Done in 0.01 seconds    

[Print][Sat Aug 28 13:37:54 2021]: >> Loading Citizens...    

[Print][Sat Aug 28 13:37:55 2021]: > Done in 0.60 seconds    

[Print][Sat Aug 28 13:37:55 2021]: >> Loading Ranks...    

[Print][Sat Aug 28 13:37:55 2021]: > Done in 0.00 seconds    

[Print][Sat Aug 28 13:37:55 2021]: >> All done on Sat Aug 28 13:37:55 2021    

[Print][Sat Aug 28 14:14:07 2021]: >> Cleaning players online status...    

[Print][Sat Aug 28 14:14:07 2021]: > Done in 0.05 seconds    

[Print][Sat Aug 28 14:14:07 2021]: >> Loading PvP Arenas...    

[Print][Sat Aug 28 14:14:07 2021]: > Done in 0.00 seconds    

[Print][Sat Aug 28 14:14:07 2021]: >> Loading Caught Highscores...    

[Print][Sat Aug 28 14:14:07 2021]: > Done in 0.00 seconds    

[Print][Sat Aug 28 14:14:07 2021]: >> Loading Tournament Highscores...    

[Print][Sat Aug 28 14:14:07 2021]: > Done in 0.00 seconds    

[Print][Sat Aug 28 14:14:07 2021]: >> Loading Berry Trees...    

[Print][Sat Aug 28 14:14:07 2021]: > Done in 0.02 seconds    

[Print][Sat Aug 28 14:14:07 2021]: >> Cleaning Mastery Dungeons...    

[Print][Sat Aug 28 14:14:07 2021]: > Done in 0.00 seconds    

[Print][Sat Aug 28 14:14:07 2021]: >> Loading Bosses...    

[Print][Sat Aug 28 14:14:07 2021]: >> Scheduled Boss Spawn: Great Saul in 6 hours, 44 minutes and 22 seconds    

[Print][Sat Aug 28 14:14:07 2021]: > Done in 0.00 seconds    

[Print][Sat Aug 28 14:14:07 2021]: >> Loading Highscores...    

[Print][Sat Aug 28 14:14:07 2021]: > Done in 0.00 seconds    

[Print][Sat Aug 28 14:14:07 2021]: >> Loading Ball Pillars...    

[Print][Sat Aug 28 14:14:07 2021]: > Done in 0.01 seconds    

[Print][Sat Aug 28 14:14:08 2021]: >> Loading Citizens...    

[Print][Sat Aug 28 14:14:08 2021]: > Done in 0.53 seconds    

[Print][Sat Aug 28 14:14:08 2021]: >> Loading Ranks...    

[Print][Sat Aug 28 14:14:08 2021]: > Done in 0.00 seconds    

[Print][Sat Aug 28 14:14:08 2021]: >> All done on Sat Aug 28 14:14:08 2021    

[Print][Sat Aug 28 14:17:12 2021]: >> Cleaning players online status...    

[Print][Sat Aug 28 14:17:12 2021]: > Done in 0.03 seconds    

[Print][Sat Aug 28 14:17:12 2021]: >> Loading PvP Arenas...    

[Print][Sat Aug 28 14:17:12 2021]: > Done in 0.00 seconds    

[Print][Sat Aug 28 14:17:12 2021]: >> Loading Caught Highscores...    

[Print][Sat Aug 28 14:17:12 2021]: > Done in 0.02 seconds    

[Print][Sat Aug 28 14:17:12 2021]: >> Loading Tournament Highscores...    

[Print][Sat Aug 28 14:17:12 2021]: > Done in 0.00 seconds    

[Print][Sat Aug 28 14:17:12 2021]: >> Loading Berry Trees...    

[Print][Sat Aug 28 14:17:12 2021]: > Done in 0.02 seconds    

[Print][Sat Aug 28 14:17:12 2021]: >> Cleaning Mastery Dungeons...    

[Print][Sat Aug 28 14:17:12 2021]: > Done in 0.00 seconds    

[Print][Sat Aug 28 14:17:12 2021]: >> Loading Bosses...    

[Print][Sat Aug 28 14:17:12 2021]: >> Scheduled Boss Spawn: Cesar, The Simian in 12 hours, 1 minute and 25 seconds    

[Print][Sat Aug 28 14:17:12 2021]: > Done in 0.00 seconds    

[Print][Sat Aug 28 14:17:12 2021]: >> Loading Highscores...    

[Print][Sat Aug 28 14:17:12 2021]: > Done in 0.00 seconds    

[Print][Sat Aug 28 14:17:12 2021]: >> Loading Ball Pillars...    

[Print][Sat Aug 28 14:17:12 2021]: > Done in 0.01 seconds    

[Print][Sat Aug 28 14:17:12 2021]: >> Loading Citizens...    

[Print][Sat Aug 28 14:17:13 2021]: > Done in 0.50 seconds    

[Print][Sat Aug 28 14:17:13 2021]: >> Loading Ranks...    

[Print][Sat Aug 28 14:17:13 2021]: > Done in 0.00 seconds    

[Print][Sat Aug 28 14:17:13 2021]: >> All done on Sat Aug 28 14:17:13 2021    

[Print][Sat Aug 28 14:23:46 2021]: >> Cleaning players online status...    

[Print][Sat Aug 28 14:23:46 2021]: > Done in 0.02 seconds    

[Print][Sat Aug 28 14:23:46 2021]: >> Loading PvP Arenas...    

[Print][Sat Aug 28 14:23:46 2021]: > Done in 0.00 seconds    

[Print][Sat Aug 28 14:23:46 2021]: >> Loading Caught Highscores...    

[Print][Sat Aug 28 14:23:46 2021]: > Done in 0.00 seconds    

[Print][Sat Aug 28 14:23:46 2021]: >> Loading Tournament Highscores...    

[Print][Sat Aug 28 14:23:46 2021]: > Done in 0.00 seconds    

[Print][Sat Aug 28 14:23:46 2021]: >> Loading Berry Trees...    

[Print][Sat Aug 28 14:23:46 2021]: > Done in 0.01 seconds    

[Print][Sat Aug 28 14:23:46 2021]: >> Cleaning Mastery Dungeons...    

[Print][Sat Aug 28 14:23:46 2021]: > Done in 0.00 seconds    

[Print][Sat Aug 28 14:23:46 2021]: >> Loading Bosses...    

[Print][Sat Aug 28 14:23:46 2021]: >> Scheduled Boss Spawn: King Panlong in 10 hours, 48 minutes and 7 seconds    

[Print][Sat Aug 28 14:23:46 2021]: > Done in 0.01 seconds    

[Print][Sat Aug 28 14:23:46 2021]: >> Loading Highscores...    

[Print][Sat Aug 28 14:23:46 2021]: > Done in 0.00 seconds    

[Print][Sat Aug 28 14:23:46 2021]: >> Loading Ball Pillars...    

[Print][Sat Aug 28 14:23:46 2021]: > Done in 0.00 seconds    

[Print][Sat Aug 28 14:23:46 2021]: >> Loading Citizens...    

[Print][Sat Aug 28 14:23:47 2021]: > Done in 0.46 seconds    

[Print][Sat Aug 28 14:23:47 2021]: >> Loading Ranks...    

[Print][Sat Aug 28 14:23:47 2021]: > Done in 0.00 seconds    

[Print][Sat Aug 28 14:23:47 2021]: >> All done on Sat Aug 28 14:23:47 2021    

[Print][Sat Aug 28 14:30:21 2021]: >> Cleaning players online status...    

[Print][Sat Aug 28 14:30:21 2021]: > Done in 0.05 seconds    

[Print][Sat Aug 28 14:30:21 2021]: >> Loading PvP Arenas...    

[Print][Sat Aug 28 14:30:21 2021]: > Done in 0.00 seconds    

[Print][Sat Aug 28 14:30:22 2021]: >> Loading Caught Highscores...    

[Print][Sat Aug 28 14:30:22 2021]: > Done in 0.00 seconds    

[Print][Sat Aug 28 14:30:22 2021]: >> Loading Tournament Highscores...    

[Print][Sat Aug 28 14:30:22 2021]: > Done in 0.00 seconds    

[Print][Sat Aug 28 14:30:22 2021]: >> Loading Berry Trees...    

[Print][Sat Aug 28 14:30:22 2021]: > Done in 0.02 seconds    

[Print][Sat Aug 28 14:30:22 2021]: >> Cleaning Mastery Dungeons...    

[Print][Sat Aug 28 14:30:22 2021]: > Done in 0.00 seconds    

[Print][Sat Aug 28 14:30:22 2021]: >> Loading Bosses...    

[Print][Sat Aug 28 14:30:22 2021]: >> Scheduled Boss Spawn: King Panlong in 13 hours, 53 minutes and 59 seconds    

[Print][Sat Aug 28 14:30:22 2021]: > Done in 0.01 seconds    

[Print][Sat Aug 28 14:30:22 2021]: >> Loading Highscores...    

[Print][Sat Aug 28 14:30:22 2021]: > Done in 0.00 seconds    

[Print][Sat Aug 28 14:30:22 2021]: >> Loading Ball Pillars...    

[Print][Sat Aug 28 14:30:22 2021]: > Done in 0.00 seconds    

[Print][Sat Aug 28 14:30:22 2021]: >> Loading Citizens...    

[Print][Sat Aug 28 14:30:22 2021]: > Done in 0.47 seconds    

[Print][Sat Aug 28 14:30:22 2021]: >> Loading Ranks...    

[Print][Sat Aug 28 14:30:22 2021]: > Done in 0.00 seconds    

[Print][Sat Aug 28 14:30:22 2021]: >> All done on Sat Aug 28 14:30:22 2021    

[Print][Sat Aug 28 15:03:44 2021]: >> Cleaning players online status...    

[Print][Sat Aug 28 15:03:45 2021]: > Done in 0.27 seconds    

[Print][Sat Aug 28 15:03:45 2021]: >> Loading PvP Arenas...    

[Print][Sat Aug 28 15:03:45 2021]: > Done in 0.00 seconds    

[Print][Sat Aug 28 15:03:45 2021]: >> Loading Caught Highscores...    

[Print][Sat Aug 28 15:03:45 2021]: > Done in 0.00 seconds    

[Print][Sat Aug 28 15:03:45 2021]: >> Loading Tournament Highscores...    

[Print][Sat Aug 28 15:03:45 2021]: > Done in 0.00 seconds    

[Print][Sat Aug 28 15:03:45 2021]: >> Loading Berry Trees...    

[Print][Sat Aug 28 15:03:45 2021]: > Done in 0.04 seconds    

[Print][Sat Aug 28 15:03:45 2021]: >> Cleaning Mastery Dungeons...    

[Print][Sat Aug 28 15:03:45 2021]: > Done in 0.00 seconds    

[Print][Sat Aug 28 15:03:45 2021]: >> Loading Bosses...    

[Print][Sat Aug 28 15:03:45 2021]: >> Scheduled Boss Spawn: Kirby in 13 hours, 48 minutes and 56 seconds    

[Print][Sat Aug 28 15:03:45 2021]: > Done in 0.01 seconds    

[Print][Sat Aug 28 15:03:45 2021]: >> Loading Highscores...    

[Print][Sat Aug 28 15:03:45 2021]: > Done in 0.00 seconds    

[Print][Sat Aug 28 15:03:45 2021]: >> Loading Ball Pillars...    

[Print][Sat Aug 28 15:03:45 2021]: > Done in 0.00 seconds    

[Print][Sat Aug 28 15:03:45 2021]: >> Loading Citizens...    

[Print][Sat Aug 28 15:03:45 2021]: > Done in 0.41 seconds    

[Print][Sat Aug 28 15:03:45 2021]: >> Loading Ranks...    

[Print][Sat Aug 28 15:03:45 2021]: > Done in 0.00 seconds    

[Print][Sat Aug 28 15:03:45 2021]: >> All done on Sat Aug 28 15:03:45 2021    

[Print][Sat Aug 28 15:10:20 2021]: >> Cleaning players online status...    

[Print][Sat Aug 28 15:10:21 2021]: > Done in 0.28 seconds    

[Print][Sat Aug 28 15:10:21 2021]: >> Loading PvP Arenas...    

[Print][Sat Aug 28 15:10:21 2021]: > Done in 0.00 seconds    

[Print][Sat Aug 28 15:10:21 2021]: >> Loading Caught Highscores...    

[Print][Sat Aug 28 15:10:21 2021]: > Done in 0.00 seconds    

[Print][Sat Aug 28 15:10:21 2021]: >> Loading Tournament Highscores...    

[Print][Sat Aug 28 15:10:21 2021]: > Done in 0.00 seconds    

[Print][Sat Aug 28 15:10:21 2021]: >> Loading Berry Trees...    

[Print][Sat Aug 28 15:10:21 2021]: > Done in 0.05 seconds    

[Print][Sat Aug 28 15:10:21 2021]: >> Cleaning Mastery Dungeons...    

[Print][Sat Aug 28 15:10:21 2021]: > Done in 0.00 seconds    

[Print][Sat Aug 28 15:10:21 2021]: >> Loading Bosses...    

[Print][Sat Aug 28 15:10:21 2021]: >> Scheduled Boss Spawn: Winged Wisdom in 11 hours, 12 minutes and 11 seconds    

[Print][Sat Aug 28 15:10:21 2021]: > Done in 0.01 seconds    

[Print][Sat Aug 28 15:10:21 2021]: >> Loading Highscores...    

[Print][Sat Aug 28 15:10:21 2021]: > Done in 0.00 seconds    

[Print][Sat Aug 28 15:10:21 2021]: >> Loading Ball Pillars...    

[Print][Sat Aug 28 15:10:21 2021]: > Done in 0.01 seconds    

[Print][Sat Aug 28 15:10:21 2021]: >> Loading Citizens...    

[Print][Sat Aug 28 15:10:21 2021]: > Done in 0.49 seconds    

[Print][Sat Aug 28 15:10:21 2021]: >> Loading Ranks...    

[Print][Sat Aug 28 15:10:21 2021]: > Done in 0.00 seconds    

[Print][Sat Aug 28 15:10:21 2021]: >> All done on Sat Aug 28 15:10:21 2021    

[Print][Sat Aug 28 15:59:53 2021]: >> Cleaning players online status...    

[Print][Sat Aug 28 15:59:53 2021]: > Done in 0.05 seconds    

[Print][Sat Aug 28 15:59:53 2021]: >> Loading PvP Arenas...    

[Print][Sat Aug 28 15:59:53 2021]: > Done in 0.00 seconds    

[Print][Sat Aug 28 15:59:53 2021]: >> Loading Caught Highscores...    

[Print][Sat Aug 28 15:59:53 2021]: > Done in 0.02 seconds    

[Print][Sat Aug 28 15:59:53 2021]: >> Loading Tournament Highscores...    

[Print][Sat Aug 28 15:59:53 2021]: > Done in 0.00 seconds    

[Print][Sat Aug 28 15:59:53 2021]: >> Loading Berry Trees...    

[Print][Sat Aug 28 15:59:53 2021]: > Done in 0.03 seconds    

[Print][Sat Aug 28 15:59:53 2021]: >> Cleaning Mastery Dungeons...    

[Print][Sat Aug 28 15:59:53 2021]: > Done in 0.00 seconds    

[Print][Sat Aug 28 15:59:53 2021]: >> Loading Bosses...    

[Print][Sat Aug 28 15:59:53 2021]: >> Scheduled Boss Spawn: Smaug in 12 hours, 9 minutes and 50 seconds    

[Print][Sat Aug 28 15:59:53 2021]: > Done in 0.01 seconds    

[Print][Sat Aug 28 15:59:53 2021]: >> Loading Highscores...    

[Print][Sat Aug 28 15:59:53 2021]: > Done in 0.00 seconds    

[Print][Sat Aug 28 15:59:53 2021]: >> Loading Ball Pillars...    

[Print][Sat Aug 28 15:59:53 2021]: > Done in 0.01 seconds    

[Print][Sat Aug 28 15:59:53 2021]: >> Loading Citizens...    

[Print][Sat Aug 28 15:59:54 2021]: > Done in 0.77 seconds    

[Print][Sat Aug 28 15:59:54 2021]: >> Loading Ranks...    

[Print][Sat Aug 28 15:59:54 2021]: > Done in 0.00 seconds    

[Print][Sat Aug 28 15:59:54 2021]: >> All done on Sat Aug 28 15:59:54 2021    

[Print][Sat Aug 28 16:23:03 2021]: >> Cleaning players online status...    

[Print][Sat Aug 28 16:23:03 2021]: > Done in 0.04 seconds    

[Print][Sat Aug 28 16:23:03 2021]: >> Loading PvP Arenas...    

[Print][Sat Aug 28 16:23:03 2021]: > Done in 0.00 seconds    

[Print][Sat Aug 28 16:23:03 2021]: >> Loading Caught Highscores...    

[Print][Sat Aug 28 16:23:03 2021]: > Done in 0.02 seconds    

[Print][Sat Aug 28 16:23:03 2021]: >> Loading Tournament Highscores...    

[Print][Sat Aug 28 16:23:03 2021]: > Done in 0.00 seconds    

[Print][Sat Aug 28 16:23:03 2021]: >> Loading Berry Trees...    

[Print][Sat Aug 28 16:23:03 2021]: > Done in 0.03 seconds    

[Print][Sat Aug 28 16:23:03 2021]: >> Cleaning Mastery Dungeons...    

[Print][Sat Aug 28 16:23:03 2021]: > Done in 0.00 seconds    

[Print][Sat Aug 28 16:23:03 2021]: >> Loading Bosses...    

[Print][Sat Aug 28 16:23:03 2021]: >> Scheduled Boss Spawn: The Turbo in 14 hours, 25 minutes and 33 seconds    

[Print][Sat Aug 28 16:23:03 2021]: > Done in 0.01 seconds    

[Print][Sat Aug 28 16:23:03 2021]: >> Loading Highscores...    

[Print][Sat Aug 28 16:23:03 2021]: > Done in 0.00 seconds    

[Print][Sat Aug 28 16:23:03 2021]: >> Loading Ball Pillars...    

[Print][Sat Aug 28 16:23:03 2021]: > Done in 0.01 seconds    

[Print][Sat Aug 28 16:23:03 2021]: >> Loading Citizens...    

[Print][Sat Aug 28 16:23:04 2021]: > Done in 0.47 seconds    

[Print][Sat Aug 28 16:23:04 2021]: >> Loading Ranks...    

[Print][Sat Aug 28 16:23:04 2021]: > Done in 0.00 seconds    

[Print][Sat Aug 28 16:23:04 2021]: >> All done on Sat Aug 28 16:23:04 2021    

[Print][Sat Aug 28 16:31:12 2021]: >> Cleaning players online status...    

[Print][Sat Aug 28 16:31:12 2021]: > Done in 0.04 seconds    

[Print][Sat Aug 28 16:31:12 2021]: >> Loading PvP Arenas...    

[Print][Sat Aug 28 16:31:12 2021]: > Done in 0.00 seconds    

[Print][Sat Aug 28 16:31:12 2021]: >> Loading Caught Highscores...    

[Print][Sat Aug 28 16:31:12 2021]: > Done in 0.00 seconds    

[Print][Sat Aug 28 16:31:12 2021]: >> Loading Tournament Highscores...    

[Print][Sat Aug 28 16:31:12 2021]: > Done in 0.00 seconds    

[Print][Sat Aug 28 16:31:12 2021]: >> Loading Berry Trees...    

[Print][Sat Aug 28 16:31:12 2021]: > Done in 0.01 seconds    

[Print][Sat Aug 28 16:31:12 2021]: >> Cleaning Mastery Dungeons...    

[Print][Sat Aug 28 16:31:12 2021]: > Done in 0.00 seconds    

[Print][Sat Aug 28 16:31:12 2021]: >> Loading Bosses...    

[Print][Sat Aug 28 16:31:12 2021]: >> Scheduled Boss Spawn: Smaug in 8 hours, 43 minutes and 40 seconds    

[Print][Sat Aug 28 16:31:12 2021]: > Done in 0.00 seconds    

[Print][Sat Aug 28 16:31:12 2021]: >> Loading Highscores...    

[Print][Sat Aug 28 16:31:12 2021]: > Done in 0.00 seconds    

[Print][Sat Aug 28 16:31:12 2021]: >> Loading Ball Pillars...    

[Print][Sat Aug 28 16:31:12 2021]: > Done in 0.00 seconds    

[Print][Sat Aug 28 16:31:12 2021]: >> Loading Citizens...    

[Print][Sat Aug 28 16:31:12 2021]: > Done in 0.42 seconds    

[Print][Sat Aug 28 16:31:12 2021]: >> Loading Ranks...    

[Print][Sat Aug 28 16:31:12 2021]: > Done in 0.00 seconds    

[Print][Sat Aug 28 16:31:12 2021]: >> All done on Sat Aug 28 16:31:12 2021    

[Print][Sat Aug 28 16:39:41 2021]: >> Cleaning players online status...    

[Print][Sat Aug 28 16:39:41 2021]: > Done in 0.03 seconds    

[Print][Sat Aug 28 16:39:41 2021]: >> Loading PvP Arenas...    

[Print][Sat Aug 28 16:39:41 2021]: > Done in 0.00 seconds    

[Print][Sat Aug 28 16:39:41 2021]: >> Loading Caught Highscores...    

[Print][Sat Aug 28 16:39:41 2021]: > Done in 0.00 seconds    

[Print][Sat Aug 28 16:39:41 2021]: >> Loading Tournament Highscores...    

[Print][Sat Aug 28 16:39:41 2021]: > Done in 0.00 seconds    

[Print][Sat Aug 28 16:39:41 2021]: >> Loading Berry Trees...    

[Print][Sat Aug 28 16:39:41 2021]: > Done in 0.02 seconds    

[Print][Sat Aug 28 16:39:41 2021]: >> Cleaning Mastery Dungeons...    

[Print][Sat Aug 28 16:39:41 2021]: > Done in 0.00 seconds    

[Print][Sat Aug 28 16:39:41 2021]: >> Loading Bosses...    

[Print][Sat Aug 28 16:39:41 2021]: >> Scheduled Boss Spawn: Kirby in 12 hours, 5 minutes and 2 seconds    

[Print][Sat Aug 28 16:39:41 2021]: > Done in 0.01 seconds    

[Print][Sat Aug 28 16:39:41 2021]: >> Loading Highscores...    

[Print][Sat Aug 28 16:39:41 2021]: > Done in 0.00 seconds    

[Print][Sat Aug 28 16:39:41 2021]: >> Loading Ball Pillars...    

[Print][Sat Aug 28 16:39:41 2021]: > Done in 0.00 seconds    

[Print][Sat Aug 28 16:39:41 2021]: >> Loading Citizens...    

[Print][Sat Aug 28 16:39:42 2021]: > Done in 0.41 seconds    

[Print][Sat Aug 28 16:39:42 2021]: >> Loading Ranks...    

[Print][Sat Aug 28 16:39:42 2021]: > Done in 0.00 seconds    

[Print][Sat Aug 28 16:39:42 2021]: >> All done on Sat Aug 28 16:39:42 2021    

[Print][Sat Aug 28 16:43:24 2021]: >> Cleaning players online status...    

[Print][Sat Aug 28 16:43:24 2021]: > Done in 0.04 seconds    

[Print][Sat Aug 28 16:43:24 2021]: >> Loading PvP Arenas...    

[Print][Sat Aug 28 16:43:24 2021]: > Done in 0.00 seconds    

[Print][Sat Aug 28 16:43:24 2021]: >> Loading Caught Highscores...    

[Print][Sat Aug 28 16:43:24 2021]: > Done in 0.00 seconds    

[Print][Sat Aug 28 16:43:24 2021]: >> Loading Tournament Highscores...    

[Print][Sat Aug 28 16:43:24 2021]: > Done in 0.00 seconds    

[Print][Sat Aug 28 16:43:24 2021]: >> Loading Berry Trees...    

[Print][Sat Aug 28 16:43:24 2021]: > Done in 0.02 seconds    

[Print][Sat Aug 28 16:43:24 2021]: >> Cleaning Mastery Dungeons...    

[Print][Sat Aug 28 16:43:24 2021]: > Done in 0.00 seconds    

[Print][Sat Aug 28 16:43:24 2021]: >> Loading Bosses...    

[Print][Sat Aug 28 16:43:24 2021]: >> Scheduled Boss Spawn: Grisly Mind in 5 hours, 32 minutes and 7 seconds    

[Print][Sat Aug 28 16:43:24 2021]: > Done in 0.01 seconds    

[Print][Sat Aug 28 16:43:24 2021]: >> Loading Highscores...    

[Print][Sat Aug 28 16:43:24 2021]: > Done in 0.00 seconds    

[Print][Sat Aug 28 16:43:24 2021]: >> Loading Ball Pillars...    

[Print][Sat Aug 28 16:43:24 2021]: > Done in 0.00 seconds    

[Print][Sat Aug 28 16:43:24 2021]: >> Loading Citizens...    

[Print][Sat Aug 28 16:43:24 2021]: > Done in 0.41 seconds    

[Print][Sat Aug 28 16:43:24 2021]: >> Loading Ranks...    

[Print][Sat Aug 28 16:43:24 2021]: > Done in 0.00 seconds    

[Print][Sat Aug 28 16:43:24 2021]: >> All done on Sat Aug 28 16:43:24 2021    

[Print][Sat Aug 28 16:48:28 2021]: >> Cleaning players online status...    

[Print][Sat Aug 28 16:48:28 2021]: > Done in 0.03 seconds    

[Print][Sat Aug 28 16:48:28 2021]: >> Loading PvP Arenas...    

[Print][Sat Aug 28 16:48:28 2021]: > Done in 0.00 seconds    

[Print][Sat Aug 28 16:48:28 2021]: >> Loading Caught Highscores...    

[Print][Sat Aug 28 16:48:28 2021]: > Done in 0.00 seconds    

[Print][Sat Aug 28 16:48:28 2021]: >> Loading Tournament Highscores...    

[Print][Sat Aug 28 16:48:28 2021]: > Done in 0.00 seconds    

[Print][Sat Aug 28 16:48:28 2021]: >> Loading Berry Trees...    

[Print][Sat Aug 28 16:48:29 2021]: > Done in 0.02 seconds    

[Print][Sat Aug 28 16:48:29 2021]: >> Cleaning Mastery Dungeons...    

[Print][Sat Aug 28 16:48:29 2021]: > Done in 0.00 seconds    

[Print][Sat Aug 28 16:48:29 2021]: >> Loading Bosses...    

[Print][Sat Aug 28 16:48:29 2021]: >> Scheduled Boss Spawn: Phyllo Terribil in 12 hours, 19 minutes and 23 seconds    

[Print][Sat Aug 28 16:48:29 2021]: > Done in 0.01 seconds    

[Print][Sat Aug 28 16:48:29 2021]: >> Loading Highscores...    

[Print][Sat Aug 28 16:48:29 2021]: > Done in 0.00 seconds    

[Print][Sat Aug 28 16:48:29 2021]: >> Loading Ball Pillars...    

[Print][Sat Aug 28 16:48:29 2021]: > Done in 0.00 seconds    

[Print][Sat Aug 28 16:48:29 2021]: >> Loading Citizens...    

[Print][Sat Aug 28 16:48:29 2021]: > Done in 0.38 seconds    

[Print][Sat Aug 28 16:48:29 2021]: >> Loading Ranks...    

[Print][Sat Aug 28 16:48:29 2021]: > Done in 0.00 seconds    

[Print][Sat Aug 28 16:48:29 2021]: >> All done on Sat Aug 28 16:48:29 2021    

[Print][Sat Aug 28 17:04:11 2021]: >> Cleaning players online status...    

[Print][Sat Aug 28 17:04:11 2021]: > Done in 0.05 seconds    

[Print][Sat Aug 28 17:04:11 2021]: >> Loading PvP Arenas...    

[Print][Sat Aug 28 17:04:11 2021]: > Done in 0.00 seconds    

[Print][Sat Aug 28 17:04:11 2021]: >> Loading Caught Highscores...    

[Print][Sat Aug 28 17:04:11 2021]: > Done in 0.00 seconds    

[Print][Sat Aug 28 17:04:11 2021]: >> Loading Tournament Highscores...    

[Print][Sat Aug 28 17:04:11 2021]: > Done in 0.00 seconds    

[Print][Sat Aug 28 17:04:11 2021]: >> Loading Berry Trees...    

[Print][Sat Aug 28 17:04:11 2021]: > Done in 0.02 seconds    

[Print][Sat Aug 28 17:04:11 2021]: >> Cleaning Mastery Dungeons...    

[Print][Sat Aug 28 17:04:11 2021]: > Done in 0.00 seconds    

[Print][Sat Aug 28 17:04:11 2021]: >> Loading Bosses...    

[Print][Sat Aug 28 17:04:11 2021]: >> Scheduled Boss Spawn: Flesh'n Fire in 9 hours, 55 minutes and 47 seconds    

[Print][Sat Aug 28 17:04:11 2021]: > Done in 0.01 seconds    

[Print][Sat Aug 28 17:04:11 2021]: >> Loading Highscores...    

[Print][Sat Aug 28 17:04:11 2021]: > Done in 0.00 seconds    

[Print][Sat Aug 28 17:04:11 2021]: >> Loading Ball Pillars...    

[Print][Sat Aug 28 17:04:11 2021]: > Done in 0.00 seconds    

[Print][Sat Aug 28 17:04:11 2021]: >> Loading Citizens...    

[Print][Sat Aug 28 17:04:12 2021]: > Done in 0.46 seconds    

[Print][Sat Aug 28 17:04:12 2021]: >> Loading Ranks...    

[Print][Sat Aug 28 17:04:12 2021]: > Done in 0.00 seconds    

[Print][Sat Aug 28 17:04:12 2021]: >> All done on Sat Aug 28 17:04:12 2021    

