[Print][Mon Aug 23 13:26:08 2021]: >> Cleaning players online status...    

[Print][Mon Aug 23 13:26:08 2021]: > Done in 0.02 seconds    

[Print][Mon Aug 23 13:26:08 2021]: >> Loading PvP Arenas...    

[Print][Mon Aug 23 13:26:08 2021]: > Done in 0.00 seconds    

[Print][Mon Aug 23 13:26:08 2021]: >> Loading Caught Highscores...    

[Print][Mon Aug 23 13:26:08 2021]: > Done in 0.00 seconds    

[Print][Mon Aug 23 13:26:08 2021]: >> Loading Tournament Highscores...    

[Print][Mon Aug 23 13:26:08 2021]: > Done in 0.01 seconds    

[Print][Mon Aug 23 13:26:08 2021]: >> Loading Berry Trees...    

[Print][Mon Aug 23 13:26:08 2021]: > Done in 0.03 seconds    

[Print][Mon Aug 23 13:26:08 2021]: >> Cleaning Mastery Dungeons...    

[Print][Mon Aug 23 13:26:08 2021]: > Done in 0.00 seconds    

[Print][Mon Aug 23 13:26:08 2021]: >> Loading Bosses...    

[Print][Mon Aug 23 13:26:08 2021]: >> Scheduled Boss Spawn: Phyllo Terribil in 11 hours, 58 minutes and 13 seconds    

[Print][Mon Aug 23 13:26:08 2021]: > Done in 0.00 seconds    

[Print][Mon Aug 23 13:26:08 2021]: >> Loading Highscores...    

[Print][Mon Aug 23 13:26:08 2021]: > Done in 0.00 seconds    

[Print][Mon Aug 23 13:26:08 2021]: >> Loading Ball Pillars...    

[Print][Mon Aug 23 13:26:08 2021]: > Done in 0.01 seconds    

[Print][Mon Aug 23 13:26:08 2021]: >> Loading Citizens...    

[Print][Mon Aug 23 13:26:08 2021]: > Done in 0.41 seconds    

[Print][Mon Aug 23 13:26:08 2021]: >> Loading Ranks...    

[Print][Mon Aug 23 13:26:08 2021]: > Done in 0.00 seconds    

[Print][Mon Aug 23 13:26:08 2021]: >> All done on Mon Aug 23 13:26:08 2021    

[Print][Mon Aug 23 15:56:36 2021]: >> Cleaning players online status...    

[Print][Mon Aug 23 15:56:36 2021]: > Done in 0.04 seconds    

[Print][Mon Aug 23 15:56:36 2021]: >> Loading PvP Arenas...    

[Print][Mon Aug 23 15:56:36 2021]: > Done in 0.00 seconds    

[Print][Mon Aug 23 15:56:36 2021]: >> Loading Caught Highscores...    

[Print][Mon Aug 23 15:56:36 2021]: > Done in 0.00 seconds    

[Print][Mon Aug 23 15:56:36 2021]: >> Loading Tournament Highscores...    

[Print][Mon Aug 23 15:56:36 2021]: > Done in 0.00 seconds    

[Print][Mon Aug 23 15:56:36 2021]: >> Loading Berry Trees...    

[Print][Mon Aug 23 15:56:36 2021]: > Done in 0.02 seconds    

[Print][Mon Aug 23 15:56:36 2021]: >> Cleaning Mastery Dungeons...    

[Print][Mon Aug 23 15:56:36 2021]: > Done in 0.00 seconds    

[Print][Mon Aug 23 15:56:36 2021]: >> Loading Bosses...    

[Print][Mon Aug 23 15:56:36 2021]: >> Scheduled Boss Spawn: Pink Fury in 11 hours, 35 minutes and 37 seconds    

[Print][Mon Aug 23 15:56:36 2021]: > Done in 0.00 seconds    

[Print][Mon Aug 23 15:56:36 2021]: >> Loading Highscores...    

[Print][Mon Aug 23 15:56:36 2021]: > Done in 0.00 seconds    

[Print][Mon Aug 23 15:56:36 2021]: >> Loading Ball Pillars...    

[Print][Mon Aug 23 15:56:36 2021]: > Done in 0.01 seconds    

[Print][Mon Aug 23 15:56:36 2021]: >> Loading Citizens...    

[Print][Mon Aug 23 15:56:36 2021]: > Done in 0.36 seconds    

[Print][Mon Aug 23 15:56:36 2021]: >> Loading Ranks...    

[Print][Mon Aug 23 15:56:36 2021]: > Done in 0.00 seconds    

[Print][Mon Aug 23 15:56:36 2021]: >> All done on Mon Aug 23 15:56:36 2021    

[Print][Mon Aug 23 22:54:47 2021]: >> Cleaning players online status...    

[Print][Mon Aug 23 22:54:47 2021]: > Done in 0.12 seconds    

[Print][Mon Aug 23 22:54:47 2021]: >> Loading PvP Arenas...    

[Print][Mon Aug 23 22:54:47 2021]: > Done in 0.00 seconds    

[Print][Mon Aug 23 22:54:47 2021]: >> Loading Caught Highscores...    

[Print][Mon Aug 23 22:54:47 2021]: > Done in 0.00 seconds    

[Print][Mon Aug 23 22:54:47 2021]: >> Loading Tournament Highscores...    

[Print][Mon Aug 23 22:54:47 2021]: > Done in 0.00 seconds    

[Print][Mon Aug 23 22:54:47 2021]: >> Loading Berry Trees...    

[Print][Mon Aug 23 22:54:47 2021]: > Done in 0.01 seconds    

[Print][Mon Aug 23 22:54:47 2021]: >> Cleaning Mastery Dungeons...    

[Print][Mon Aug 23 22:54:47 2021]: > Done in 0.00 seconds    

[Print][Mon Aug 23 22:54:47 2021]: >> Loading Bosses...    

[Print][Mon Aug 23 22:54:47 2021]: >> Scheduled Boss Spawn: Mad Mum in 8 hours, 13 minutes and 39 seconds    

[Print][Mon Aug 23 22:54:47 2021]: > Done in 0.00 seconds    

[Print][Mon Aug 23 22:54:47 2021]: >> Loading Highscores...    

[Print][Mon Aug 23 22:54:47 2021]: > Done in 0.00 seconds    

[Print][Mon Aug 23 22:54:47 2021]: >> Loading Ball Pillars...    

[Print][Mon Aug 23 22:54:47 2021]: > Done in 0.01 seconds    

[Print][Mon Aug 23 22:54:47 2021]: >> Loading Citizens...    

[Print][Mon Aug 23 22:54:48 2021]: > Done in 0.37 seconds    

[Print][Mon Aug 23 22:54:48 2021]: >> Loading Ranks...    

[Print][Mon Aug 23 22:54:48 2021]: > Done in 0.00 seconds    

[Print][Mon Aug 23 22:54:48 2021]: >> All done on Mon Aug 23 22:54:48 2021    

[Print][Mon Aug 23 23:28:20 2021]: >> Cleaning players online status...    

[Print][Mon Aug 23 23:28:20 2021]: > Done in 0.02 seconds    

[Print][Mon Aug 23 23:28:20 2021]: >> Loading PvP Arenas...    

[Print][Mon Aug 23 23:28:20 2021]: > Done in 0.00 seconds    

[Print][Mon Aug 23 23:28:20 2021]: >> Loading Caught Highscores...    

[Print][Mon Aug 23 23:28:20 2021]: > Done in 0.01 seconds    

[Print][Mon Aug 23 23:28:20 2021]: >> Loading Tournament Highscores...    

[Print][Mon Aug 23 23:28:20 2021]: > Done in 0.00 seconds    

[Print][Mon Aug 23 23:28:20 2021]: >> Loading Berry Trees...    

[Print][Mon Aug 23 23:28:20 2021]: > Done in 0.03 seconds    

[Print][Mon Aug 23 23:28:20 2021]: >> Cleaning Mastery Dungeons...    

[Print][Mon Aug 23 23:28:20 2021]: > Done in 0.00 seconds    

[Print][Mon Aug 23 23:28:20 2021]: >> Loading Bosses...    

[Print][Mon Aug 23 23:28:20 2021]: >> Scheduled Boss Spawn: Charles Spencer in 5 hours, 28 minutes and 22 seconds    

[Print][Mon Aug 23 23:28:20 2021]: > Done in 0.01 seconds    

[Print][Mon Aug 23 23:28:20 2021]: >> Loading Highscores...    

[Print][Mon Aug 23 23:28:20 2021]: > Done in 0.00 seconds    

[Print][Mon Aug 23 23:28:20 2021]: >> Loading Ball Pillars...    

[Print][Mon Aug 23 23:28:20 2021]: > Done in 0.00 seconds    

[Print][Mon Aug 23 23:28:20 2021]: >> Loading Citizens...    

[Print][Mon Aug 23 23:28:21 2021]: > Done in 0.43 seconds    

[Print][Mon Aug 23 23:28:21 2021]: >> Loading Ranks...    

[Print][Mon Aug 23 23:28:21 2021]: > Done in 0.00 seconds    

[Print][Mon Aug 23 23:28:21 2021]: >> All done on Mon Aug 23 23:28:21 2021    

