[Print][Sat Oct 30 10:48:33 2021]: >> Cleaning players online status...    

[Print][Sat Oct 30 10:48:33 2021]: > Done in 0.06 seconds    

[Print][Sat Oct 30 10:48:33 2021]: >> Loading PvP Arenas...    

[Print][Sat Oct 30 10:48:33 2021]: > Done in 0.01 seconds    

[Print][Sat Oct 30 10:48:33 2021]: >> Loading Caught Highscores...    

[Print][Sat Oct 30 10:48:33 2021]: > Done in 0.00 seconds    

[Print][Sat Oct 30 10:48:33 2021]: >> Loading Tournament Highscores...    

[Print][Sat Oct 30 10:48:33 2021]: > Done in 0.00 seconds    

[Print][Sat Oct 30 10:48:33 2021]: >> Loading Berry Trees...    

[Print][Sat Oct 30 10:48:33 2021]: > Done in 0.09 seconds    

[Print][Sat Oct 30 10:48:33 2021]: >> Cleaning Mastery Dungeons...    

[Print][Sat Oct 30 10:48:33 2021]: > Done in 0.00 seconds    

[Print][Sat Oct 30 10:48:33 2021]: >> Loading Bosses...    

[Print][Sat Oct 30 10:48:33 2021]: >> Scheduled Boss Spawn: Mad Mum in 10 hours, 58 minutes and 46 seconds    

[Print][Sat Oct 30 10:48:33 2021]: > Done in 0.01 seconds    

[Print][Sat Oct 30 10:48:33 2021]: >> Loading Highscores...    

[Print][Sat Oct 30 10:48:33 2021]: > Done in 0.00 seconds    

[Print][Sat Oct 30 10:48:33 2021]: >> Loading Ball Pillars...    

[Print][Sat Oct 30 10:48:33 2021]: > Done in 0.02 seconds    

[Print][Sat Oct 30 10:48:33 2021]: >> Loading Citizens...    

[Print][Sat Oct 30 10:48:34 2021]: > Done in 0.59 seconds    

[Print][Sat Oct 30 10:48:34 2021]: >> Loading Ranks...    

[Print][Sat Oct 30 10:48:34 2021]: > Done in 0.00 seconds    

[Print][Sat Oct 30 10:48:34 2021]: >> All done on Sat Oct 30 10:48:34 2021    

[Print][Sat Oct 30 12:33:10 2021]: 3    1    1    1    

[Print][Sat Oct 30 12:33:11 2021]: 3    1    1    1    

[Print][Sat Oct 30 12:33:20 2021]: 3    1    1    1    

[Print][Sat Oct 30 12:33:21 2021]: 3    1    1    1    

[Print][Sat Oct 30 12:33:21 2021]: 3    1    1    1    

[Print][Sat Oct 30 12:33:22 2021]: 3    1    1    1    

[Print][Sat Oct 30 12:33:23 2021]: 3    1    1    1    

[Print][Sat Oct 30 12:33:23 2021]: 3    1    1    1    

[Print][Sat Oct 30 12:33:24 2021]: 3    1    1    1    

[Print][Sat Oct 30 12:33:25 2021]: 3    1    1    1    

[Print][Sat Oct 30 12:33:25 2021]: 3    1    1    1    

[Print][Sat Oct 30 12:33:26 2021]: 3    1    1    1    

[Print][Sat Oct 30 12:33:26 2021]: 3    1    1    1    

[Print][Sat Oct 30 12:33:27 2021]: 3    1    1    1    

[Print][Sat Oct 30 12:33:28 2021]: 3    1    1    1    

[Print][Sat Oct 30 12:33:28 2021]: 3    1    1    1    

[Print][Sat Oct 30 12:33:29 2021]: 3    1    1    1    

[Print][Sat Oct 30 12:33:30 2021]: 3    1    1    1    

[Print][Sat Oct 30 12:33:30 2021]: 3    1    1    1    

[Print][Sat Oct 30 12:33:31 2021]: 3    1    1    1    

[Print][Sat Oct 30 12:33:31 2021]: 3    1    1    1    

[Print][Sat Oct 30 12:33:32 2021]: 3    1    1    1    

[Print][Sat Oct 30 12:33:33 2021]: 3    1    1    1    

[Print][Sat Oct 30 12:33:33 2021]: 3    1    1    1    

[Print][Sat Oct 30 12:33:34 2021]: 3    1    1    1    

[Print][Sat Oct 30 12:33:35 2021]: 3    1    1    1    

[Print][Sat Oct 30 12:33:35 2021]: 3    1    1    1    

[Print][Sat Oct 30 12:33:36 2021]: 3    1    1    1    

[Print][Sat Oct 30 12:33:37 2021]: 3    1    1    1    

[Print][Sat Oct 30 12:33:37 2021]: 3    1    1    1    

[Print][Sat Oct 30 12:33:38 2021]: 3    1    1    1    

[Print][Sat Oct 30 12:33:38 2021]: 3    1    1    1    

[Print][Sat Oct 30 12:33:39 2021]: 3    1    1    1    

[Print][Sat Oct 30 12:33:40 2021]: 3    1    1    1    

[Print][Sat Oct 30 12:33:40 2021]: 3    1    1    1    

[Print][Sat Oct 30 12:33:41 2021]: 3    1    1    1    

[Print][Sat Oct 30 12:33:42 2021]: 3    1    1    1    

[Print][Sat Oct 30 12:33:42 2021]: 3    1    1    1    

[Print][Sat Oct 30 12:33:43 2021]: 3    1    1    1    

[Print][Sat Oct 30 12:33:43 2021]: 3    1    1    1    

[Print][Sat Oct 30 12:33:44 2021]: 3    1    1    1    

[Print][Sat Oct 30 12:33:45 2021]: 3    1    1    1    

[Print][Sat Oct 30 12:33:45 2021]: 3    1    1    1    

[Print][Sat Oct 30 12:33:46 2021]: 3    1    1    1    

[Print][Sat Oct 30 12:33:46 2021]: 3    1    1    1    

[Print][Sat Oct 30 12:33:47 2021]: 3    1    1    1    

[Print][Sat Oct 30 12:33:48 2021]: 3    1    1    1    

[Print][Sat Oct 30 12:33:48 2021]: 3    1    1    1    

[Print][Sat Oct 30 12:33:49 2021]: 3    1    1    1    

[Print][Sat Oct 30 12:33:50 2021]: 3    1    1    1    

[Print][Sat Oct 30 12:33:50 2021]: 3    1    1    1    

[Print][Sat Oct 30 12:33:51 2021]: 3    1    1    1    

[Print][Sat Oct 30 12:33:52 2021]: 3    1    1    1    

[Print][Sat Oct 30 12:33:52 2021]: 3    1    1    1    

[Print][Sat Oct 30 12:33:53 2021]: 3    1    1    1    

[Print][Sat Oct 30 12:33:53 2021]: 3    1    1    1    

[Print][Sat Oct 30 12:33:54 2021]: 3    1    1    1    

[Print][Sat Oct 30 12:33:55 2021]: 3    1    1    1    

[Print][Sat Oct 30 12:33:55 2021]: 3    1    1    1    

[Print][Sat Oct 30 12:33:56 2021]: 3    1    1    1    

[Print][Sat Oct 30 12:33:57 2021]: 3    1    1    1    

[Print][Sat Oct 30 12:33:57 2021]: 3    1    1    1    

[Print][Sat Oct 30 12:33:58 2021]: 3    1    1    1    

[Print][Sat Oct 30 12:33:58 2021]: 3    1    1    1    

[Print][Sat Oct 30 12:33:59 2021]: 3    1    1    1    

[Print][Sat Oct 30 12:34:00 2021]: 3    1    1    1    

[Print][Sat Oct 30 12:34:00 2021]: 3    1    1    1    

[Print][Sat Oct 30 12:34:01 2021]: 3    1    1    1    

[Print][Sat Oct 30 12:34:02 2021]: 3    1    1    1    

[Print][Sat Oct 30 12:34:02 2021]: 3    1    1    1    

[Print][Sat Oct 30 12:34:03 2021]: 3    1    1    1    

[Print][Sat Oct 30 12:34:03 2021]: 3    1    1    1    

[Print][Sat Oct 30 12:34:04 2021]: 3    1    1    1    

[Print][Sat Oct 30 12:34:05 2021]: 3    1    1    1    

[Print][Sat Oct 30 12:34:05 2021]: 3    1    1    1    

[Print][Sat Oct 30 12:34:06 2021]: 3    1    1    1    

[Print][Sat Oct 30 12:34:07 2021]: 3    1    1    1    

[Print][Sat Oct 30 12:34:07 2021]: 3    1    1    1    

[Print][Sat Oct 30 12:34:08 2021]: 3    1    1    1    

[Print][Sat Oct 30 12:34:08 2021]: 3    1    1    1    

[Print][Sat Oct 30 12:34:09 2021]: 3    1    1    1    

[Print][Sat Oct 30 12:34:10 2021]: 3    1    1    1    

[Print][Sat Oct 30 12:34:10 2021]: 3    1    1    1    

[Print][Sat Oct 30 12:34:11 2021]: 3    1    1    1    

[Print][Sat Oct 30 12:34:12 2021]: 3    1    1    1    

[Print][Sat Oct 30 12:34:12 2021]: 3    1    1    1    

[Print][Sat Oct 30 12:34:13 2021]: 3    1    1    1    

[Print][Sat Oct 30 12:34:13 2021]: 3    1    1    1    

[Print][Sat Oct 30 12:34:14 2021]: 3    1    1    1    

[Print][Sat Oct 30 12:34:15 2021]: 3    1    1    1    

[Print][Sat Oct 30 12:34:15 2021]: 3    1    1    1    

[Print][Sat Oct 30 12:34:16 2021]: 3    1    1    1    

[Print][Sat Oct 30 12:34:17 2021]: 3    1    1    1    

[Print][Sat Oct 30 12:34:17 2021]: 3    1    1    1    

[Print][Sat Oct 30 12:34:18 2021]: 3    1    1    1    

[Print][Sat Oct 30 12:34:19 2021]: 3    1    1    1    

[Print][Sat Oct 30 12:34:19 2021]: 3    1    1    1    

[Print][Sat Oct 30 12:34:20 2021]: 3    1    1    1    

[Print][Sat Oct 30 12:34:20 2021]: 3    1    1    1    

[Print][Sat Oct 30 12:34:21 2021]: 3    1    1    1    

[Print][Sat Oct 30 12:36:21 2021]: 3    1    1    1    

[Print][Sat Oct 30 12:36:28 2021]: 3    1    1    1    

[Print][Sat Oct 30 12:36:33 2021]: 3    1    1    1    

[Print][Sat Oct 30 12:49:51 2021]: 3    1    1    1    

[Print][Sat Oct 30 12:49:55 2021]: 3    1    1    1    

[Print][Sat Oct 30 12:50:00 2021]: 3    1    1    1    

[Print][Sat Oct 30 12:50:00 2021]: name: Alpha Chanel    

[Print][Sat Oct 30 12:50:00 2021]: Outfit:     table    

[Print][Sat Oct 30 12:50:00 2021]: 3    1    1    1    

[Print][Sat Oct 30 12:50:00 2021]: name: Alpha Chanel    

[Print][Sat Oct 30 12:50:00 2021]: Outfit:     table    

[Print][Sat Oct 30 12:50:01 2021]: 3    1    1    1    

[Print][Sat Oct 30 12:50:01 2021]: name: Alpha Chanel    

[Print][Sat Oct 30 12:50:01 2021]: Outfit:     table    

[Print][Sat Oct 30 12:50:02 2021]: 3    1    1    1    

[Print][Sat Oct 30 12:50:02 2021]: name: Alpha Chanel    

[Print][Sat Oct 30 12:50:02 2021]: Outfit:     table    

[Print][Sat Oct 30 12:50:02 2021]: 3    1    1    1    

[Print][Sat Oct 30 12:50:02 2021]: name: Alpha Chanel    

[Print][Sat Oct 30 12:50:02 2021]: Outfit:     table    

[Print][Sat Oct 30 12:50:03 2021]: 3    1    1    1    

[Print][Sat Oct 30 12:50:03 2021]: name: Alpha Chanel    

[Print][Sat Oct 30 12:50:03 2021]: Outfit:     table    

[Print][Sat Oct 30 13:11:43 2021]: 3    1    1    1    

[Print][Sat Oct 30 13:11:49 2021]: 3    1    1    1    

[Print][Sat Oct 30 13:11:54 2021]: 3    1    1    1    

[Print][Sat Oct 30 13:11:54 2021]: Time: 18    

[Print][Sat Oct 30 13:20:11 2021]: strg: 51    

[Print][Sat Oct 30 13:20:11 2021]: strg: 51    

[Print][Sat Oct 30 13:20:16 2021]: strg: 51    

[Print][Sat Oct 30 13:20:17 2021]: strg: 51    

[Print][Sat Oct 30 13:20:45 2021]: strg: 51    

[Print][Sat Oct 30 13:20:49 2021]: strg: 51    

[Print][Sat Oct 30 13:22:27 2021]: >> Cleaning players online status...    

[Print][Sat Oct 30 13:22:27 2021]: > Done in 0.02 seconds    

[Print][Sat Oct 30 13:22:27 2021]: >> Loading PvP Arenas...    

[Print][Sat Oct 30 13:22:27 2021]: > Done in 0.00 seconds    

[Print][Sat Oct 30 13:22:27 2021]: >> Loading Caught Highscores...    

[Print][Sat Oct 30 13:22:27 2021]: > Done in 0.00 seconds    

[Print][Sat Oct 30 13:22:27 2021]: >> Loading Tournament Highscores...    

[Print][Sat Oct 30 13:22:27 2021]: > Done in 0.00 seconds    

[Print][Sat Oct 30 13:22:27 2021]: >> Loading Berry Trees...    

[Print][Sat Oct 30 13:22:27 2021]: > Done in 0.01 seconds    

[Print][Sat Oct 30 13:22:27 2021]: >> Cleaning Mastery Dungeons...    

[Print][Sat Oct 30 13:22:27 2021]: > Done in 0.00 seconds    

[Print][Sat Oct 30 13:22:27 2021]: >> Loading Bosses...    

[Print][Sat Oct 30 13:22:27 2021]: >> Scheduled Boss Spawn: The A. Mesmer in 10 hours, 23 minutes and 37 seconds    

[Print][Sat Oct 30 13:22:27 2021]: > Done in 0.01 seconds    

[Print][Sat Oct 30 13:22:27 2021]: >> Loading Highscores...    

[Print][Sat Oct 30 13:22:27 2021]: > Done in 0.00 seconds    

[Print][Sat Oct 30 13:22:27 2021]: >> Loading Ball Pillars...    

[Print][Sat Oct 30 13:22:27 2021]: > Done in 0.00 seconds    

[Print][Sat Oct 30 13:22:27 2021]: >> Loading Citizens...    

[Print][Sat Oct 30 13:22:27 2021]: > Done in 0.50 seconds    

[Print][Sat Oct 30 13:22:27 2021]: >> Loading Ranks...    

[Print][Sat Oct 30 13:22:27 2021]: > Done in 0.00 seconds    

[Print][Sat Oct 30 13:22:27 2021]: >> All done on Sat Oct 30 13:22:27 2021    

[Print][Sat Oct 30 13:23:10 2021]: 3    1    1    1    

[Print][Sat Oct 30 13:23:16 2021]: 3    1    1    1    

[Print][Sat Oct 30 13:23:20 2021]: 3    1    1    1    

[Print][Sat Oct 30 13:38:48 2021]: 3    1    1    1    

[Print][Sat Oct 30 13:38:52 2021]: 3    1    1    1    

[Print][Sat Oct 30 13:38:56 2021]: 3    1    1    1    

[Print][Sat Oct 30 13:42:14 2021]: 3    1    1    1    

[Print][Sat Oct 30 13:42:17 2021]: 3    1    1    1    

[Print][Sat Oct 30 13:42:20 2021]: 3    1    1    1    

[Print][Sat Oct 30 13:43:21 2021]: 3    1    1    1    

[Print][Sat Oct 30 13:43:28 2021]: 3    1    1    1    

[Print][Sat Oct 30 13:43:32 2021]: 3    1    1    1    

[Print][Sat Oct 30 13:43:53 2021]: 3    1    1    1    

[Print][Sat Oct 30 13:43:59 2021]: 3    1    1    1    

[Print][Sat Oct 30 13:44:03 2021]: 3    1    1    1    

[Print][Sat Oct 30 14:25:44 2021]: 3    1    1    1    

[Print][Sat Oct 30 14:25:52 2021]: 3    1    1    1    

[Print][Sat Oct 30 14:25:54 2021]: 3    1    1    1    

[Print][Sat Oct 30 14:28:00 2021]: 3    1    1    1    

[Print][Sat Oct 30 14:28:08 2021]: 3    1    1    1    

[Print][Sat Oct 30 14:28:16 2021]: 3    1    1    1    

[Print][Sat Oct 30 20:20:19 2021]: >> Cleaning players online status...    

[Print][Sat Oct 30 20:20:19 2021]: > Done in 0.08 seconds    

[Print][Sat Oct 30 20:20:19 2021]: >> Loading PvP Arenas...    

[Print][Sat Oct 30 20:20:19 2021]: > Done in 0.01 seconds    

[Print][Sat Oct 30 20:20:19 2021]: >> Loading Caught Highscores...    

[Print][Sat Oct 30 20:20:19 2021]: > Done in 0.02 seconds    

[Print][Sat Oct 30 20:20:19 2021]: >> Loading Tournament Highscores...    

[Print][Sat Oct 30 20:20:19 2021]: > Done in 0.00 seconds    

[Print][Sat Oct 30 20:20:19 2021]: >> Loading Berry Trees...    

[Print][Sat Oct 30 20:20:19 2021]: > Done in 0.02 seconds    

[Print][Sat Oct 30 20:20:19 2021]: >> Cleaning Mastery Dungeons...    

[Print][Sat Oct 30 20:20:19 2021]: > Done in 0.00 seconds    

[Print][Sat Oct 30 20:20:19 2021]: >> Loading Bosses...    

[Print][Sat Oct 30 20:20:19 2021]: >> Scheduled Boss Spawn: Smaug in 10 hours, 19 minutes and 22 seconds    

[Print][Sat Oct 30 20:20:19 2021]: > Done in 0.01 seconds    

[Print][Sat Oct 30 20:20:19 2021]: >> Loading Highscores...    

[Print][Sat Oct 30 20:20:19 2021]: > Done in 0.00 seconds    

[Print][Sat Oct 30 20:20:19 2021]: >> Loading Ball Pillars...    

[Print][Sat Oct 30 20:20:19 2021]: > Done in 0.00 seconds    

[Print][Sat Oct 30 20:20:19 2021]: >> Loading Citizens...    

[Print][Sat Oct 30 20:20:20 2021]: > Done in 0.72 seconds    

[Print][Sat Oct 30 20:20:20 2021]: >> Loading Ranks...    

[Print][Sat Oct 30 20:20:20 2021]: > Done in 0.00 seconds    

[Print][Sat Oct 30 20:20:20 2021]: >> All done on Sat Oct 30 20:20:20 2021    

[Print][Sat Oct 30 20:38:00 2021]: 3    1    1    1    

[Print][Sat Oct 30 20:38:04 2021]: 3    1    1    1    

[Print][Sat Oct 30 20:38:07 2021]: 3    1    1    1    

[Print][Sat Oct 30 20:39:16 2021]: >> Cleaning players online status...    

[Print][Sat Oct 30 20:39:16 2021]: > Done in 0.06 seconds    

[Print][Sat Oct 30 20:39:16 2021]: >> Loading PvP Arenas...    

[Print][Sat Oct 30 20:39:16 2021]: > Done in 0.00 seconds    

[Print][Sat Oct 30 20:39:16 2021]: >> Loading Caught Highscores...    

[Print][Sat Oct 30 20:39:16 2021]: > Done in 0.10 seconds    

[Print][Sat Oct 30 20:39:17 2021]: >> Loading Tournament Highscores...    

[Print][Sat Oct 30 20:39:17 2021]: > Done in 0.00 seconds    

[Print][Sat Oct 30 20:39:17 2021]: >> Loading Berry Trees...    

[Print][Sat Oct 30 20:39:17 2021]: > Done in 0.06 seconds    

[Print][Sat Oct 30 20:39:17 2021]: >> Cleaning Mastery Dungeons...    

[Print][Sat Oct 30 20:39:17 2021]: > Done in 0.00 seconds    

[Print][Sat Oct 30 20:39:17 2021]: >> Loading Bosses...    

[Print][Sat Oct 30 20:39:17 2021]: >> Scheduled Boss Spawn: Toby in 14 hours, 33 minutes and 36 seconds    

[Print][Sat Oct 30 20:39:17 2021]: > Done in 0.01 seconds    

[Print][Sat Oct 30 20:39:17 2021]: >> Loading Highscores...    

[Print][Sat Oct 30 20:39:17 2021]: > Done in 0.00 seconds    

[Print][Sat Oct 30 20:39:17 2021]: >> Loading Ball Pillars...    

[Print][Sat Oct 30 20:39:17 2021]: > Done in 0.00 seconds    

[Print][Sat Oct 30 20:39:17 2021]: >> Loading Citizens...    

[Print][Sat Oct 30 20:39:18 2021]: > Done in 0.90 seconds    

[Print][Sat Oct 30 20:39:18 2021]: >> Loading Ranks...    

[Print][Sat Oct 30 20:39:18 2021]: > Done in 0.00 seconds    

[Print][Sat Oct 30 20:39:18 2021]: >> All done on Sat Oct 30 20:39:18 2021    

[Print][Sat Oct 30 21:15:50 2021]: >> Cleaning players online status...    

[Print][Sat Oct 30 21:15:50 2021]: > Done in 0.07 seconds    

[Print][Sat Oct 30 21:15:50 2021]: >> Loading PvP Arenas...    

[Print][Sat Oct 30 21:15:50 2021]: > Done in 0.00 seconds    

[Print][Sat Oct 30 21:15:50 2021]: >> Loading Caught Highscores...    

[Print][Sat Oct 30 21:15:50 2021]: > Done in 0.00 seconds    

[Print][Sat Oct 30 21:15:50 2021]: >> Loading Tournament Highscores...    

[Print][Sat Oct 30 21:15:50 2021]: > Done in 0.00 seconds    

[Print][Sat Oct 30 21:15:50 2021]: >> Loading Berry Trees...    

[Print][Sat Oct 30 21:15:50 2021]: > Done in 0.01 seconds    

[Print][Sat Oct 30 21:15:50 2021]: >> Cleaning Mastery Dungeons...    

[Print][Sat Oct 30 21:15:50 2021]: > Done in 0.00 seconds    

[Print][Sat Oct 30 21:15:50 2021]: >> Loading Bosses...    

[Print][Sat Oct 30 21:15:50 2021]: >> Scheduled Boss Spawn: Phyllo Terribil in 9 hours, 39 minutes and 1 second    

[Print][Sat Oct 30 21:15:50 2021]: > Done in 0.01 seconds    

[Print][Sat Oct 30 21:15:50 2021]: >> Loading Highscores...    

[Print][Sat Oct 30 21:15:50 2021]: > Done in 0.00 seconds    

[Print][Sat Oct 30 21:15:50 2021]: >> Loading Ball Pillars...    

[Print][Sat Oct 30 21:15:50 2021]: > Done in 0.00 seconds    

[Print][Sat Oct 30 21:15:50 2021]: >> Loading Citizens...    

[Print][Sat Oct 30 21:15:51 2021]: > Done in 0.53 seconds    

[Print][Sat Oct 30 21:15:51 2021]: >> Loading Ranks...    

[Print][Sat Oct 30 21:15:51 2021]: > Done in 0.00 seconds    

[Print][Sat Oct 30 21:15:51 2021]: >> All done on Sat Oct 30 21:15:51 2021    

[Print][Sat Oct 30 21:16:30 2021]: 3    1    1    1    

[Print][Sat Oct 30 21:16:38 2021]: 3    1    1    1    

[Print][Sat Oct 30 21:16:42 2021]: 3    1    1    1    

[Print][Sat Oct 30 21:17:39 2021]: >> Cleaning players online status...    

[Print][Sat Oct 30 21:17:39 2021]: > Done in 0.02 seconds    

[Print][Sat Oct 30 21:17:39 2021]: >> Loading PvP Arenas...    

[Print][Sat Oct 30 21:17:39 2021]: > Done in 0.00 seconds    

[Print][Sat Oct 30 21:17:39 2021]: >> Loading Caught Highscores...    

[Print][Sat Oct 30 21:17:39 2021]: > Done in 0.00 seconds    

[Print][Sat Oct 30 21:17:39 2021]: >> Loading Tournament Highscores...    

[Print][Sat Oct 30 21:17:39 2021]: > Done in 0.00 seconds    

[Print][Sat Oct 30 21:17:39 2021]: >> Loading Berry Trees...    

[Print][Sat Oct 30 21:17:39 2021]: > Done in 0.03 seconds    

[Print][Sat Oct 30 21:17:39 2021]: >> Cleaning Mastery Dungeons...    

[Print][Sat Oct 30 21:17:39 2021]: > Done in 0.00 seconds    

[Print][Sat Oct 30 21:17:39 2021]: >> Loading Bosses...    

[Print][Sat Oct 30 21:17:39 2021]: >> Scheduled Boss Spawn: Cesar, The Simian in 5 hours, 32 minutes and 45 seconds    

[Print][Sat Oct 30 21:17:39 2021]: > Done in 0.01 seconds    

[Print][Sat Oct 30 21:17:39 2021]: >> Loading Highscores...    

[Print][Sat Oct 30 21:17:39 2021]: > Done in 0.00 seconds    

[Print][Sat Oct 30 21:17:39 2021]: >> Loading Ball Pillars...    

[Print][Sat Oct 30 21:17:39 2021]: > Done in 0.03 seconds    

[Print][Sat Oct 30 21:17:39 2021]: >> Loading Citizens...    

[Print][Sat Oct 30 21:17:40 2021]: > Done in 0.58 seconds    

[Print][Sat Oct 30 21:17:40 2021]: >> Loading Ranks...    

[Print][Sat Oct 30 21:17:40 2021]: > Done in 0.00 seconds    

[Print][Sat Oct 30 21:17:40 2021]: >> All done on Sat Oct 30 21:17:40 2021    

[Print][Sat Oct 30 21:29:46 2021]: >> Cleaning players online status...    

[Print][Sat Oct 30 21:29:46 2021]: > Done in 0.03 seconds    

[Print][Sat Oct 30 21:29:46 2021]: >> Loading PvP Arenas...    

[Print][Sat Oct 30 21:29:46 2021]: > Done in 0.00 seconds    

[Print][Sat Oct 30 21:29:46 2021]: >> Loading Caught Highscores...    

[Print][Sat Oct 30 21:29:46 2021]: > Done in 0.00 seconds    

[Print][Sat Oct 30 21:29:46 2021]: >> Loading Tournament Highscores...    

[Print][Sat Oct 30 21:29:46 2021]: > Done in 0.00 seconds    

[Print][Sat Oct 30 21:29:46 2021]: >> Loading Berry Trees...    

[Print][Sat Oct 30 21:29:46 2021]: > Done in 0.01 seconds    

[Print][Sat Oct 30 21:29:46 2021]: >> Cleaning Mastery Dungeons...    

[Print][Sat Oct 30 21:29:46 2021]: > Done in 0.00 seconds    

[Print][Sat Oct 30 21:29:46 2021]: >> Loading Bosses...    

[Print][Sat Oct 30 21:29:46 2021]: >> Scheduled Boss Spawn: DoomBoy in 10 hours, 20 minutes and 40 seconds    

[Print][Sat Oct 30 21:29:46 2021]: > Done in 0.01 seconds    

[Print][Sat Oct 30 21:29:46 2021]: >> Loading Highscores...    

[Print][Sat Oct 30 21:29:46 2021]: > Done in 0.00 seconds    

[Print][Sat Oct 30 21:29:46 2021]: >> Loading Ball Pillars...    

[Print][Sat Oct 30 21:29:46 2021]: > Done in 0.00 seconds    

[Print][Sat Oct 30 21:29:46 2021]: >> Loading Citizens...    

[Print][Sat Oct 30 21:29:47 2021]: > Done in 0.51 seconds    

[Print][Sat Oct 30 21:29:47 2021]: >> Loading Ranks...    

[Print][Sat Oct 30 21:29:47 2021]: > Done in 0.00 seconds    

[Print][Sat Oct 30 21:29:47 2021]: >> All done on Sat Oct 30 21:29:47 2021    

[Print][Sat Oct 30 21:30:22 2021]: 3    1    1    1    

[Print][Sat Oct 30 21:30:27 2021]: 3    1    1    1    

[Print][Sat Oct 30 21:30:35 2021]: 3    1    1    1    

[Print][Sat Oct 30 21:31:24 2021]: >> Cleaning players online status...    

[Print][Sat Oct 30 21:31:24 2021]: > Done in 0.04 seconds    

[Print][Sat Oct 30 21:31:24 2021]: >> Loading PvP Arenas...    

[Print][Sat Oct 30 21:31:24 2021]: > Done in 0.00 seconds    

[Print][Sat Oct 30 21:31:24 2021]: >> Loading Caught Highscores...    

[Print][Sat Oct 30 21:31:24 2021]: > Done in 0.00 seconds    

[Print][Sat Oct 30 21:31:24 2021]: >> Loading Tournament Highscores...    

[Print][Sat Oct 30 21:31:24 2021]: > Done in 0.00 seconds    

[Print][Sat Oct 30 21:31:24 2021]: >> Loading Berry Trees...    

[Print][Sat Oct 30 21:31:24 2021]: > Done in 0.01 seconds    

[Print][Sat Oct 30 21:31:24 2021]: >> Cleaning Mastery Dungeons...    

[Print][Sat Oct 30 21:31:24 2021]: > Done in 0.00 seconds    

[Print][Sat Oct 30 21:31:24 2021]: >> Loading Bosses...    

[Print][Sat Oct 30 21:31:24 2021]: >> Scheduled Boss Spawn: Mad Mum in 12 hours, 47 minutes and 12 seconds    

[Print][Sat Oct 30 21:31:24 2021]: > Done in 0.01 seconds    

[Print][Sat Oct 30 21:31:24 2021]: >> Loading Highscores...    

[Print][Sat Oct 30 21:31:24 2021]: > Done in 0.00 seconds    

[Print][Sat Oct 30 21:31:24 2021]: >> Loading Ball Pillars...    

[Print][Sat Oct 30 21:31:24 2021]: > Done in 0.00 seconds    

[Print][Sat Oct 30 21:31:24 2021]: >> Loading Citizens...    

[Print][Sat Oct 30 21:31:25 2021]: > Done in 0.53 seconds    

[Print][Sat Oct 30 21:31:25 2021]: >> Loading Ranks...    

[Print][Sat Oct 30 21:31:25 2021]: > Done in 0.00 seconds    

[Print][Sat Oct 30 21:31:25 2021]: >> All done on Sat Oct 30 21:31:25 2021    

