[Print][Sat Nov 06 00:28:34 2021]: >> Cleaning players online status...    

[Print][Sat Nov 06 00:28:34 2021]: > Done in 0.03 seconds    

[Print][Sat Nov 06 00:28:34 2021]: >> Loading PvP Arenas...    

[Print][Sat Nov 06 00:28:34 2021]: > Done in 0.00 seconds    

[Print][Sat Nov 06 00:28:34 2021]: >> Loading Caught Highscores...    

[Print][Sat Nov 06 00:28:34 2021]: > Done in 0.04 seconds    

[Print][Sat Nov 06 00:28:34 2021]: >> Loading Tournament Highscores...    

[Print][Sat Nov 06 00:28:34 2021]: > Done in 0.00 seconds    

[Print][Sat Nov 06 00:28:34 2021]: >> Loading Berry Trees...    

[Print][Sat Nov 06 00:28:34 2021]: > Done in 0.03 seconds    

[Print][Sat Nov 06 00:28:34 2021]: >> Cleaning Mastery Dungeons...    

[Print][Sat Nov 06 00:28:34 2021]: > Done in 0.00 seconds    

[Print][Sat Nov 06 00:28:34 2021]: >> Loading Bosses...    

[Print][Sat Nov 06 00:28:34 2021]: >> Scheduled Boss Spawn: Phyllo Terribil in 15 hours, 33 minutes and 3 seconds    

[Print][Sat Nov 06 00:28:34 2021]: > Done in 0.01 seconds    

[Print][Sat Nov 06 00:28:34 2021]: >> Loading Highscores...    

[Print][Sat Nov 06 00:28:34 2021]: > Done in 0.00 seconds    

[Print][Sat Nov 06 00:28:34 2021]: >> Loading Ball Pillars...    

[Print][Sat Nov 06 00:28:34 2021]: > Done in 0.02 seconds    

[Print][Sat Nov 06 00:28:34 2021]: >> Loading Citizens...    

[Print][Sat Nov 06 00:28:35 2021]: > Done in 1.00 seconds    

[Print][Sat Nov 06 00:28:35 2021]: >> Loading Ranks...    

[Print][Sat Nov 06 00:28:35 2021]: > Done in 0.00 seconds    

[Print][Sat Nov 06 00:28:35 2021]: >> All done on Sat Nov 06 00:28:35 2021    

[Print][Sat Nov 06 01:28:36 2021]: 0    

[Print][Sat Nov 06 01:28:36 2021]: 3850    

[Print][Sat Nov 06 01:28:36 2021]: 0    

[Print][Sat Nov 06 01:28:36 2021]: 3550    

[Print][Sat Nov 06 01:28:36 2021]: 0    

[Print][Sat Nov 06 01:28:36 2021]: 5200    

[Print][Sat Nov 06 01:28:36 2021]: 0    

[Print][Sat Nov 06 01:28:36 2021]: 2300    

[Print][Sat Nov 06 01:28:36 2021]: 0    

[Print][Sat Nov 06 01:28:36 2021]: 5300    

[Print][Sat Nov 06 01:29:42 2021]: 2    

[Print][Sat Nov 06 01:29:42 2021]: 0    

[Print][Sat Nov 06 01:29:42 2021]: 3850    

[Print][Sat Nov 06 01:29:42 2021]: 1    

[Print][Sat Nov 06 01:29:42 2021]: 0    

[Print][Sat Nov 06 01:29:42 2021]: 3550    

[Print][Sat Nov 06 01:29:42 2021]: 0    

[Print][Sat Nov 06 01:29:42 2021]: 0    

[Print][Sat Nov 06 01:29:43 2021]: 5200    

[Print][Sat Nov 06 01:29:43 2021]: 1    

[Print][Sat Nov 06 01:29:43 2021]: 0    

[Print][Sat Nov 06 01:29:43 2021]: 2300    

[Print][Sat Nov 06 01:29:43 2021]: 0    

[Print][Sat Nov 06 01:29:43 2021]: 0    

[Print][Sat Nov 06 01:29:43 2021]: 5300    

[Print][Sat Nov 06 01:29:55 2021]: 2    

[Print][Sat Nov 06 01:29:55 2021]: 0    

[Print][Sat Nov 06 01:29:55 2021]: 3850    

[Print][Sat Nov 06 01:29:55 2021]: 1    

[Print][Sat Nov 06 01:29:55 2021]: 0    

[Print][Sat Nov 06 01:29:55 2021]: 3550    

[Print][Sat Nov 06 01:29:55 2021]: 0    

[Print][Sat Nov 06 01:29:55 2021]: 0    

[Print][Sat Nov 06 01:29:55 2021]: 5200    

[Print][Sat Nov 06 01:29:55 2021]: 1    

[Print][Sat Nov 06 01:29:55 2021]: 0    

[Print][Sat Nov 06 01:29:55 2021]: 2300    

[Print][Sat Nov 06 01:29:55 2021]: 0    

[Print][Sat Nov 06 01:29:55 2021]: 0    

[Print][Sat Nov 06 01:29:55 2021]: 5300    

[Print][Sat Nov 06 01:51:29 2021]: >> Cleaning players online status...    

[Print][Sat Nov 06 01:51:29 2021]: > Done in 0.03 seconds    

[Print][Sat Nov 06 01:51:29 2021]: >> Loading PvP Arenas...    

[Print][Sat Nov 06 01:51:29 2021]: > Done in 0.00 seconds    

[Print][Sat Nov 06 01:51:29 2021]: >> Loading Caught Highscores...    

[Print][Sat Nov 06 01:51:29 2021]: > Done in 0.01 seconds    

[Print][Sat Nov 06 01:51:29 2021]: >> Loading Tournament Highscores...    

[Print][Sat Nov 06 01:51:30 2021]: > Done in 0.00 seconds    

[Print][Sat Nov 06 01:51:30 2021]: >> Loading Berry Trees...    

[Print][Sat Nov 06 01:51:30 2021]: > Done in 0.02 seconds    

[Print][Sat Nov 06 01:51:30 2021]: >> Cleaning Mastery Dungeons...    

[Print][Sat Nov 06 01:51:30 2021]: > Done in 0.00 seconds    

[Print][Sat Nov 06 01:51:30 2021]: >> Loading Bosses...    

[Print][Sat Nov 06 01:51:30 2021]: >> Scheduled Boss Spawn: Phyllo Terribil in 12 hours, 41 minutes and 5 seconds    

[Print][Sat Nov 06 01:51:30 2021]: > Done in 0.01 seconds    

[Print][Sat Nov 06 01:51:30 2021]: >> Loading Highscores...    

[Print][Sat Nov 06 01:51:30 2021]: > Done in 0.00 seconds    

[Print][Sat Nov 06 01:51:30 2021]: >> Loading Ball Pillars...    

[Print][Sat Nov 06 01:51:30 2021]: > Done in 0.00 seconds    

[Print][Sat Nov 06 01:51:30 2021]: >> Loading Citizens...    

[Print][Sat Nov 06 01:51:30 2021]: > Done in 0.57 seconds    

[Print][Sat Nov 06 01:51:30 2021]: >> Loading Ranks...    

[Print][Sat Nov 06 01:51:30 2021]: > Done in 0.00 seconds    

[Print][Sat Nov 06 01:51:30 2021]: >> All done on Sat Nov 06 01:51:30 2021    

[Print][Sat Nov 06 02:07:04 2021]: deuboaqui    

[Print][Sat Nov 06 02:07:23 2021]: 0    0    0    0    

[Print][Sat Nov 06 02:07:30 2021]: 0    0    0    0    

[Print][Sat Nov 06 02:07:35 2021]: 0    0    0    0    

[Print][Sat Nov 06 02:07:41 2021]: 0    0    0    0    

[Print][Sat Nov 06 02:24:28 2021]: 0    0    0    0    

[Print][Sat Nov 06 02:24:30 2021]: 0    0    0    0    

[Print][Sat Nov 06 02:25:51 2021]: 0    0    0    0    

[Print][Sat Nov 06 02:26:25 2021]: 0    0    0    0    

[Print][Sat Nov 06 02:26:27 2021]: 0    0    0    0    

[Print][Sat Nov 06 02:27:47 2021]: 0    0    0    0    

[Print][Sat Nov 06 02:27:49 2021]: 0    0    0    0    

[Print][Sat Nov 06 02:28:53 2021]: 0    0    0    0    

[Print][Sat Nov 06 02:28:56 2021]: 0    0    0    0    

[Print][Sat Nov 06 02:54:18 2021]: >> Cleaning players online status...    

[Print][Sat Nov 06 02:54:18 2021]: > Done in 0.03 seconds    

[Print][Sat Nov 06 02:54:18 2021]: >> Loading PvP Arenas...    

[Print][Sat Nov 06 02:54:18 2021]: > Done in 0.00 seconds    

[Print][Sat Nov 06 02:54:18 2021]: >> Loading Caught Highscores...    

[Print][Sat Nov 06 02:54:19 2021]: > Done in 0.00 seconds    

[Print][Sat Nov 06 02:54:19 2021]: >> Loading Tournament Highscores...    

[Print][Sat Nov 06 02:54:19 2021]: > Done in 0.00 seconds    

[Print][Sat Nov 06 02:54:19 2021]: >> Loading Berry Trees...    

[Print][Sat Nov 06 02:54:19 2021]: > Done in 0.02 seconds    

[Print][Sat Nov 06 02:54:19 2021]: >> Cleaning Mastery Dungeons...    

[Print][Sat Nov 06 02:54:19 2021]: > Done in 0.00 seconds    

[Print][Sat Nov 06 02:54:19 2021]: >> Loading Bosses...    

[Print][Sat Nov 06 02:54:19 2021]: >> Scheduled Boss Spawn: Sweet Lover in 7 hours, 36 minutes and 23 seconds    

[Print][Sat Nov 06 02:54:19 2021]: > Done in 0.01 seconds    

[Print][Sat Nov 06 02:54:19 2021]: >> Loading Highscores...    

[Print][Sat Nov 06 02:54:19 2021]: > Done in 0.00 seconds    

[Print][Sat Nov 06 02:54:19 2021]: >> Loading Ball Pillars...    

[Print][Sat Nov 06 02:54:19 2021]: > Done in 0.08 seconds    

[Print][Sat Nov 06 02:54:19 2021]: >> Loading Citizens...    

[Print][Sat Nov 06 02:54:19 2021]: > Done in 0.44 seconds    

[Print][Sat Nov 06 02:54:19 2021]: >> Loading Ranks...    

[Print][Sat Nov 06 02:54:19 2021]: > Done in 0.00 seconds    

[Print][Sat Nov 06 02:54:19 2021]: >> All done on Sat Nov 06 02:54:19 2021    

[Print][Sat Nov 06 03:04:41 2021]: 0    0    0    0    

[Print][Sat Nov 06 03:04:45 2021]: 0    0    0    0    

[Print][Sat Nov 06 03:04:55 2021]: 0    0    0    0    

[Print][Sat Nov 06 03:08:28 2021]: 0    0    0    0    

[Print][Sat Nov 06 03:08:29 2021]: 0    0    0    0    

[Print][Sat Nov 06 03:08:42 2021]: 0    0    0    0    

[Print][Sat Nov 06 03:08:45 2021]: 0    0    0    0    

[Print][Sat Nov 06 03:10:09 2021]: 0    0    0    0    

[Print][Sat Nov 06 03:10:14 2021]: 0    0    0    0    

[Print][Sat Nov 06 03:10:16 2021]: 0    0    0    0    

[Print][Sat Nov 06 03:10:20 2021]: 0    0    0    0    

[Print][Sat Nov 06 03:12:29 2021]: 0    0    0    0    

[Print][Sat Nov 06 03:12:31 2021]: 0    0    0    0    

[Print][Sat Nov 06 03:12:34 2021]: 0    0    0    0    

[Print][Sat Nov 06 03:12:35 2021]: 0    0    0    0    

[Print][Sat Nov 06 03:12:36 2021]: 0    0    0    0    

[Print][Sat Nov 06 03:12:38 2021]: 0    0    0    0    

[Print][Sat Nov 06 03:23:19 2021]: >> Cleaning players online status...    

[Print][Sat Nov 06 03:23:19 2021]: > Done in 0.04 seconds    

[Print][Sat Nov 06 03:23:19 2021]: >> Loading PvP Arenas...    

[Print][Sat Nov 06 03:23:19 2021]: > Done in 0.00 seconds    

[Print][Sat Nov 06 03:23:19 2021]: >> Loading Caught Highscores...    

[Print][Sat Nov 06 03:23:19 2021]: > Done in 0.00 seconds    

[Print][Sat Nov 06 03:23:19 2021]: >> Loading Tournament Highscores...    

[Print][Sat Nov 06 03:23:19 2021]: > Done in 0.00 seconds    

[Print][Sat Nov 06 03:23:19 2021]: >> Loading Berry Trees...    

[Print][Sat Nov 06 03:23:19 2021]: > Done in 0.02 seconds    

[Print][Sat Nov 06 03:23:19 2021]: >> Cleaning Mastery Dungeons...    

[Print][Sat Nov 06 03:23:19 2021]: > Done in 0.00 seconds    

[Print][Sat Nov 06 03:23:19 2021]: >> Loading Bosses...    

[Print][Sat Nov 06 03:23:19 2021]: >> Scheduled Boss Spawn: DoomBoy in 5 hours, 1 minute and 18 seconds    

[Print][Sat Nov 06 03:23:19 2021]: > Done in 0.01 seconds    

[Print][Sat Nov 06 03:23:19 2021]: >> Loading Highscores...    

[Print][Sat Nov 06 03:23:19 2021]: > Done in 0.00 seconds    

[Print][Sat Nov 06 03:23:19 2021]: >> Loading Ball Pillars...    

[Print][Sat Nov 06 03:23:19 2021]: > Done in 0.00 seconds    

[Print][Sat Nov 06 03:23:19 2021]: >> Loading Citizens...    

[Print][Sat Nov 06 03:23:20 2021]: > Done in 0.50 seconds    

[Print][Sat Nov 06 03:23:20 2021]: >> Loading Ranks...    

[Print][Sat Nov 06 03:23:20 2021]: > Done in 0.00 seconds    

[Print][Sat Nov 06 03:23:20 2021]: >> All done on Sat Nov 06 03:23:20 2021    

[Print][Sat Nov 06 11:06:35 2021]: >> Cleaning players online status...    

[Print][Sat Nov 06 11:06:35 2021]: > Done in 0.03 seconds    

[Print][Sat Nov 06 11:06:35 2021]: >> Loading PvP Arenas...    

[Print][Sat Nov 06 11:06:35 2021]: > Done in 0.00 seconds    

[Print][Sat Nov 06 11:06:35 2021]: >> Loading Caught Highscores...    

[Print][Sat Nov 06 11:06:35 2021]: > Done in 0.02 seconds    

[Print][Sat Nov 06 11:06:35 2021]: >> Loading Tournament Highscores...    

[Print][Sat Nov 06 11:06:35 2021]: > Done in 0.02 seconds    

[Print][Sat Nov 06 11:06:35 2021]: >> Loading Berry Trees...    

[Print][Sat Nov 06 11:06:36 2021]: > Done in 0.05 seconds    

[Print][Sat Nov 06 11:06:36 2021]: >> Cleaning Mastery Dungeons...    

[Print][Sat Nov 06 11:06:36 2021]: > Done in 0.00 seconds    

[Print][Sat Nov 06 11:06:36 2021]: >> Loading Bosses...    

[Print][Sat Nov 06 11:06:36 2021]: >> Scheduled Boss Spawn: Phyllo Terribil in 11 hours, 15 minutes and 51 seconds    

[Print][Sat Nov 06 11:06:36 2021]: > Done in 0.01 seconds    

[Print][Sat Nov 06 11:06:36 2021]: >> Loading Highscores...    

[Print][Sat Nov 06 11:06:36 2021]: > Done in 0.00 seconds    

[Print][Sat Nov 06 11:06:36 2021]: >> Loading Ball Pillars...    

[Print][Sat Nov 06 11:06:36 2021]: > Done in 0.02 seconds    

[Print][Sat Nov 06 11:06:36 2021]: >> Loading Citizens...    

[Print][Sat Nov 06 11:06:36 2021]: > Done in 0.51 seconds    

[Print][Sat Nov 06 11:06:36 2021]: >> Loading Ranks...    

[Print][Sat Nov 06 11:06:36 2021]: > Done in 0.00 seconds    

[Print][Sat Nov 06 11:06:36 2021]: >> All done on Sat Nov 06 11:06:36 2021    

[Print][Sat Nov 06 11:13:30 2021]: >> Cleaning players online status...    

[Print][Sat Nov 06 11:13:30 2021]: > Done in 0.04 seconds    

[Print][Sat Nov 06 11:13:30 2021]: >> Loading PvP Arenas...    

[Print][Sat Nov 06 11:13:30 2021]: > Done in 0.00 seconds    

[Print][Sat Nov 06 11:13:30 2021]: >> Loading Caught Highscores...    

[Print][Sat Nov 06 11:13:30 2021]: > Done in 0.00 seconds    

[Print][Sat Nov 06 11:13:30 2021]: >> Loading Tournament Highscores...    

[Print][Sat Nov 06 11:13:30 2021]: > Done in 0.00 seconds    

[Print][Sat Nov 06 11:13:30 2021]: >> Loading Berry Trees...    

[Print][Sat Nov 06 11:13:30 2021]: > Done in 0.01 seconds    

[Print][Sat Nov 06 11:13:30 2021]: >> Cleaning Mastery Dungeons...    

[Print][Sat Nov 06 11:13:30 2021]: > Done in 0.00 seconds    

[Print][Sat Nov 06 11:13:30 2021]: >> Loading Bosses...    

[Print][Sat Nov 06 11:13:30 2021]: >> Scheduled Boss Spawn: King Panlong in 8 hours, 4 minutes and 4 seconds    

[Print][Sat Nov 06 11:13:30 2021]: > Done in 0.01 seconds    

[Print][Sat Nov 06 11:13:30 2021]: >> Loading Highscores...    

[Print][Sat Nov 06 11:13:30 2021]: > Done in 0.00 seconds    

[Print][Sat Nov 06 11:13:30 2021]: >> Loading Ball Pillars...    

[Print][Sat Nov 06 11:13:30 2021]: > Done in 0.00 seconds    

[Print][Sat Nov 06 11:13:30 2021]: >> Loading Citizens...    

[Print][Sat Nov 06 11:13:30 2021]: > Done in 0.52 seconds    

[Print][Sat Nov 06 11:13:30 2021]: >> Loading Ranks...    

[Print][Sat Nov 06 11:13:30 2021]: > Done in 0.00 seconds    

[Print][Sat Nov 06 11:13:30 2021]: >> All done on Sat Nov 06 11:13:30 2021    

[Print][Sat Nov 06 11:41:47 2021]: 0    

[Print][Sat Nov 06 11:41:59 2021]: 0    

[Print][Sat Nov 06 11:53:00 2021]: 0    0    0    0    

[Print][Sat Nov 06 11:53:02 2021]: 0    0    0    0    

[Print][Sat Nov 06 11:53:05 2021]: 0    0    0    0    

[Print][Sat Nov 06 11:53:15 2021]: 0    0    0    0    

[Print][Sat Nov 06 11:53:17 2021]: 0    0    0    0    

[Print][Sat Nov 06 12:30:17 2021]: 0    0    0    0    

[Print][Sat Nov 06 12:30:19 2021]: 0    0    0    0    

[Print][Sat Nov 06 12:30:28 2021]: 0    0    0    0    

[Print][Sat Nov 06 12:30:41 2021]: 0    0    0    0    

[Print][Sat Nov 06 12:30:42 2021]: 0    0    0    0    

[Print][Sat Nov 06 12:30:43 2021]: 0    0    0    0    

[Print][Sat Nov 06 12:30:45 2021]: 0    0    0    0    

[Print][Sat Nov 06 12:30:47 2021]: 0    0    0    0    

[Print][Sat Nov 06 12:38:20 2021]: 0    0    0    0    

[Print][Sat Nov 06 12:40:46 2021]: >> Cleaning players online status...    

[Print][Sat Nov 06 12:40:46 2021]: > Done in 0.03 seconds    

[Print][Sat Nov 06 12:40:46 2021]: >> Loading PvP Arenas...    

[Print][Sat Nov 06 12:40:46 2021]: > Done in 0.00 seconds    

[Print][Sat Nov 06 12:40:46 2021]: >> Loading Caught Highscores...    

[Print][Sat Nov 06 12:40:46 2021]: > Done in 0.00 seconds    

[Print][Sat Nov 06 12:40:46 2021]: >> Loading Tournament Highscores...    

[Print][Sat Nov 06 12:40:46 2021]: > Done in 0.01 seconds    

[Print][Sat Nov 06 12:40:46 2021]: >> Loading Berry Trees...    

[Print][Sat Nov 06 12:40:46 2021]: > Done in 0.06 seconds    

[Print][Sat Nov 06 12:40:46 2021]: >> Cleaning Mastery Dungeons...    

[Print][Sat Nov 06 12:40:46 2021]: > Done in 0.00 seconds    

[Print][Sat Nov 06 12:40:46 2021]: >> Loading Bosses...    

[Print][Sat Nov 06 12:40:46 2021]: >> Scheduled Boss Spawn: Pink Fury in 14 hours, 30 minutes and 49 seconds    

[Print][Sat Nov 06 12:40:46 2021]: > Done in 0.01 seconds    

[Print][Sat Nov 06 12:40:46 2021]: >> Loading Highscores...    

[Print][Sat Nov 06 12:40:46 2021]: > Done in 0.00 seconds    

[Print][Sat Nov 06 12:40:46 2021]: >> Loading Ball Pillars...    

[Print][Sat Nov 06 12:40:46 2021]: > Done in 0.02 seconds    

[Print][Sat Nov 06 12:40:46 2021]: >> Loading Citizens...    

[Print][Sat Nov 06 12:40:47 2021]: > Done in 0.47 seconds    

[Print][Sat Nov 06 12:40:47 2021]: >> Loading Ranks...    

[Print][Sat Nov 06 12:40:47 2021]: > Done in 0.00 seconds    

[Print][Sat Nov 06 12:40:47 2021]: >> All done on Sat Nov 06 12:40:47 2021    

[Print][Sat Nov 06 12:42:34 2021]: 0    0    0    0    

[Print][Sat Nov 06 12:42:36 2021]: 0    0    0    0    

[Print][Sat Nov 06 18:17:52 2021]: 0    0    0    0    

[Print][Sat Nov 06 18:18:02 2021]: 0    0    0    0    

[Print][Sat Nov 06 18:18:04 2021]: 0    0    0    0    

[Print][Sat Nov 06 18:18:16 2021]: 0    0    0    0    

[Print][Sat Nov 06 18:18:19 2021]: 0    0    0    0    

[Print][Sat Nov 06 18:21:43 2021]: 0    0    0    0    

[Print][Sat Nov 06 18:21:55 2021]: 0    0    0    0    

[Print][Sat Nov 06 18:22:06 2021]: 0    0    0    0    

[Print][Sat Nov 06 18:22:19 2021]: 0    0    0    0    

[Print][Sat Nov 06 18:22:43 2021]: 0    0    0    0    

[Print][Sat Nov 06 18:23:00 2021]: 0    0    0    0    

[Print][Sat Nov 06 18:44:39 2021]: 1141499    

[Print][Sat Nov 06 18:45:42 2021]: -1141399    

[Print][Sat Nov 06 18:46:14 2021]: 82    

[Print][Sat Nov 06 18:46:54 2021]: 5    

[Print][Sat Nov 06 18:47:04 2021]: -1222    

[Print][Sat Nov 06 18:47:32 2021]: 98    

[Print][Sat Nov 06 18:47:48 2021]: 5    

[Print][Sat Nov 06 18:47:59 2021]: 7    

[Print][Sat Nov 06 18:48:03 2021]: 7    

[Print][Sat Nov 06 18:48:28 2021]: 18    

[Print][Sat Nov 06 18:48:42 2021]: 18    

[Print][Sat Nov 06 18:55:46 2021]: 0    

[Print][Sat Nov 06 18:55:46 2021]: 0    

[Print][Sat Nov 06 18:55:46 2021]: 0    

[Print][Sat Nov 06 18:55:46 2021]: 0    

[Print][Sat Nov 06 18:55:46 2021]: 0    

[Print][Sat Nov 06 18:57:58 2021]: 18    

[Print][Sat Nov 06 18:57:58 2021]: 0    

[Print][Sat Nov 06 18:57:58 2021]: 0    

[Print][Sat Nov 06 18:57:58 2021]: 0    

[Print][Sat Nov 06 18:57:58 2021]: 0    

[Print][Sat Nov 06 18:58:23 2021]: 0    

[Print][Sat Nov 06 18:58:23 2021]: 0    

[Print][Sat Nov 06 18:58:23 2021]: 0    

[Print][Sat Nov 06 18:58:23 2021]: 0    

[Print][Sat Nov 06 18:58:23 2021]: 18    

[Print][Sat Nov 06 18:59:54 2021]: >> Cleaning players online status...    

[Print][Sat Nov 06 18:59:54 2021]: > Done in 0.06 seconds    

[Print][Sat Nov 06 18:59:54 2021]: >> Loading PvP Arenas...    

[Print][Sat Nov 06 18:59:54 2021]: > Done in 0.00 seconds    

[Print][Sat Nov 06 18:59:54 2021]: >> Loading Caught Highscores...    

[Print][Sat Nov 06 18:59:54 2021]: > Done in 0.02 seconds    

[Print][Sat Nov 06 18:59:54 2021]: >> Loading Tournament Highscores...    

[Print][Sat Nov 06 18:59:54 2021]: > Done in 0.00 seconds    

[Print][Sat Nov 06 18:59:54 2021]: >> Loading Berry Trees...    

[Print][Sat Nov 06 18:59:54 2021]: > Done in 0.03 seconds    

[Print][Sat Nov 06 18:59:54 2021]: >> Cleaning Mastery Dungeons...    

[Print][Sat Nov 06 18:59:54 2021]: > Done in 0.00 seconds    

[Print][Sat Nov 06 18:59:54 2021]: >> Loading Bosses...    

[Print][Sat Nov 06 18:59:54 2021]: >> Scheduled Boss Spawn: Smaug in 14 hours, 55 minutes and 43 seconds    

[Print][Sat Nov 06 18:59:54 2021]: > Done in 0.01 seconds    

[Print][Sat Nov 06 18:59:54 2021]: >> Loading Highscores...    

[Print][Sat Nov 06 18:59:54 2021]: > Done in 0.00 seconds    

[Print][Sat Nov 06 18:59:54 2021]: >> Loading Ball Pillars...    

[Print][Sat Nov 06 18:59:54 2021]: > Done in 0.01 seconds    

[Print][Sat Nov 06 18:59:54 2021]: >> Loading Citizens...    

[Print][Sat Nov 06 18:59:55 2021]: > Done in 0.61 seconds    

[Print][Sat Nov 06 18:59:55 2021]: >> Loading Ranks...    

[Print][Sat Nov 06 18:59:55 2021]: > Done in 0.00 seconds    

[Print][Sat Nov 06 18:59:55 2021]: >> All done on Sat Nov 06 18:59:55 2021    

[Print][Sat Nov 06 19:00:13 2021]: 0    

[Print][Sat Nov 06 19:00:13 2021]: 0    

[Print][Sat Nov 06 19:00:13 2021]: 0    

[Print][Sat Nov 06 19:00:13 2021]: 0    

[Print][Sat Nov 06 19:00:13 2021]: 18    

[Print][Sat Nov 06 19:02:26 2021]: 0    0    0    0    

[Print][Sat Nov 06 19:02:36 2021]: 2    

[Print][Sat Nov 06 19:02:36 2021]: 0    

[Print][Sat Nov 06 19:02:36 2021]: 0    

[Print][Sat Nov 06 19:02:36 2021]: 0    

[Print][Sat Nov 06 19:02:36 2021]: 18    

[Print][Sat Nov 06 19:09:35 2021]: 72    

[Print][Sat Nov 06 19:09:35 2021]: 0    

[Print][Sat Nov 06 19:09:35 2021]: 4    

[Print][Sat Nov 06 19:09:35 2021]: 0    

[Print][Sat Nov 06 19:41:08 2021]: >> Cleaning players online status...    

[Print][Sat Nov 06 19:41:08 2021]: > Done in 0.11 seconds    

[Print][Sat Nov 06 19:41:08 2021]: >> Loading PvP Arenas...    

[Print][Sat Nov 06 19:41:08 2021]: > Done in 0.00 seconds    

[Print][Sat Nov 06 19:41:08 2021]: >> Loading Caught Highscores...    

[Print][Sat Nov 06 19:41:08 2021]: > Done in 0.00 seconds    

[Print][Sat Nov 06 19:41:08 2021]: >> Loading Tournament Highscores...    

[Print][Sat Nov 06 19:41:08 2021]: > Done in 0.00 seconds    

[Print][Sat Nov 06 19:41:08 2021]: >> Loading Berry Trees...    

[Print][Sat Nov 06 19:41:08 2021]: > Done in 0.02 seconds    

[Print][Sat Nov 06 19:41:08 2021]: >> Cleaning Mastery Dungeons...    

[Print][Sat Nov 06 19:41:08 2021]: > Done in 0.00 seconds    

[Print][Sat Nov 06 19:41:08 2021]: >> Loading Bosses...    

[Print][Sat Nov 06 19:41:08 2021]: >> Scheduled Boss Spawn: Twisted Blades in 10 hours, 35 minutes and 49 seconds    

[Print][Sat Nov 06 19:41:08 2021]: > Done in 0.01 seconds    

[Print][Sat Nov 06 19:41:08 2021]: >> Loading Highscores...    

[Print][Sat Nov 06 19:41:08 2021]: > Done in 0.00 seconds    

[Print][Sat Nov 06 19:41:08 2021]: >> Loading Ball Pillars...    

[Print][Sat Nov 06 19:41:08 2021]: > Done in 0.00 seconds    

[Print][Sat Nov 06 19:41:08 2021]: >> Loading Citizens...    

[Print][Sat Nov 06 19:41:09 2021]: > Done in 0.50 seconds    

[Print][Sat Nov 06 19:41:09 2021]: >> Loading Ranks...    

[Print][Sat Nov 06 19:41:09 2021]: > Done in 0.00 seconds    

[Print][Sat Nov 06 19:41:09 2021]: >> All done on Sat Nov 06 19:41:09 2021    

[Print][Sat Nov 06 19:56:37 2021]: 0    0    0    0    

