[Print][Thu Oct 07 14:30:40 2021]: >> Cleaning players online status...    

[Print][Thu Oct 07 14:30:40 2021]: > Done in 0.08 seconds    

[Print][Thu Oct 07 14:30:40 2021]: >> Loading PvP Arenas...    

[Print][Thu Oct 07 14:30:40 2021]: > Done in 0.01 seconds    

[Print][Thu Oct 07 14:30:40 2021]: >> Loading Caught Highscores...    

[Print][Thu Oct 07 14:30:40 2021]: > Done in 0.05 seconds    

[Print][Thu Oct 07 14:30:40 2021]: >> Loading Tournament Highscores...    

[Print][Thu Oct 07 14:30:40 2021]: > Done in 0.00 seconds    

[Print][Thu Oct 07 14:30:40 2021]: >> Loading Berry Trees...    

[Print][Thu Oct 07 14:30:40 2021]: > Done in 0.06 seconds    

[Print][Thu Oct 07 14:30:40 2021]: >> Cleaning Mastery Dungeons...    

[Print][Thu Oct 07 14:30:40 2021]: > Done in 0.00 seconds    

[Print][Thu Oct 07 14:30:40 2021]: >> Loading Bosses...    

[Print][Thu Oct 07 14:30:40 2021]: >> Scheduled Boss Spawn: King Panlong in 9 hours, 7 minutes and 44 seconds    

[Print][Thu Oct 07 14:30:40 2021]: > Done in 0.00 seconds    

[Print][Thu Oct 07 14:30:40 2021]: >> Loading Highscores...    

[Print][Thu Oct 07 14:30:40 2021]: > Done in 0.00 seconds    

[Print][Thu Oct 07 14:30:41 2021]: >> Loading Ball Pillars...    

[Print][Thu Oct 07 14:30:41 2021]: > Done in 0.02 seconds    

[Print][Thu Oct 07 14:30:41 2021]: >> Loading Citizens...    

[Print][Thu Oct 07 14:30:41 2021]: > Done in 0.69 seconds    

[Print][Thu Oct 07 14:30:41 2021]: >> Loading Ranks...    

[Print][Thu Oct 07 14:30:41 2021]: > Done in 0.00 seconds    

[Print][Thu Oct 07 14:30:41 2021]: >> All done on Thu Oct 07 14:30:41 2021    

[Print][Thu Oct 07 20:59:47 2021]: >> Cleaning players online status...    

[Print][Thu Oct 07 20:59:47 2021]: > Done in 0.41 seconds    

[Print][Thu Oct 07 20:59:47 2021]: >> Loading PvP Arenas...    

[Print][Thu Oct 07 20:59:47 2021]: > Done in 0.00 seconds    

[Print][Thu Oct 07 20:59:47 2021]: >> Loading Caught Highscores...    

[Print][Thu Oct 07 20:59:47 2021]: > Done in 0.01 seconds    

[Print][Thu Oct 07 20:59:47 2021]: >> Loading Tournament Highscores...    

[Print][Thu Oct 07 20:59:47 2021]: > Done in 0.00 seconds    

[Print][Thu Oct 07 20:59:47 2021]: >> Loading Berry Trees...    

[Print][Thu Oct 07 20:59:47 2021]: > Done in 0.04 seconds    

[Print][Thu Oct 07 20:59:47 2021]: >> Cleaning Mastery Dungeons...    

[Print][Thu Oct 07 20:59:47 2021]: > Done in 0.00 seconds    

[Print][Thu Oct 07 20:59:47 2021]: >> Loading Bosses...    

[Print][Thu Oct 07 20:59:47 2021]: >> Scheduled Boss Spawn: Smaug in 13 hours, 46 minutes and 11 seconds    

[Print][Thu Oct 07 20:59:48 2021]: > Done in 0.00 seconds    

[Print][Thu Oct 07 20:59:48 2021]: >> Loading Highscores...    

[Print][Thu Oct 07 20:59:48 2021]: > Done in 0.00 seconds    

[Print][Thu Oct 07 20:59:48 2021]: >> Loading Ball Pillars...    

[Print][Thu Oct 07 20:59:48 2021]: > Done in 0.00 seconds    

[Print][Thu Oct 07 20:59:48 2021]: >> Loading Citizens...    

[Print][Thu Oct 07 20:59:48 2021]: > Done in 0.64 seconds    

[Print][Thu Oct 07 20:59:48 2021]: >> Loading Ranks...    

[Print][Thu Oct 07 20:59:48 2021]: > Done in 0.00 seconds    

[Print][Thu Oct 07 20:59:48 2021]: >> All done on Thu Oct 07 20:59:48 2021    

