[Print][Thu Oct 21 10:05:36 2021]: >> Cleaning players online status...    

[Print][Thu Oct 21 10:05:36 2021]: > Done in 0.08 seconds    

[Print][Thu Oct 21 10:05:36 2021]: >> Loading PvP Arenas...    

[Print][Thu Oct 21 10:05:36 2021]: > Done in 0.00 seconds    

[Print][Thu Oct 21 10:05:36 2021]: >> Loading Caught Highscores...    

[Print][Thu Oct 21 10:05:36 2021]: > Done in 0.03 seconds    

[Print][Thu Oct 21 10:05:36 2021]: >> Loading Tournament Highscores...    

[Print][Thu Oct 21 10:05:36 2021]: > Done in 0.00 seconds    

[Print][Thu Oct 21 10:05:36 2021]: >> Loading Berry Trees...    

[Print][Thu Oct 21 10:05:36 2021]: > Done in 0.08 seconds    

[Print][Thu Oct 21 10:05:36 2021]: >> Cleaning Mastery Dungeons...    

[Print][Thu Oct 21 10:05:36 2021]: > Done in 0.00 seconds    

[Print][Thu Oct 21 10:05:36 2021]: >> Loading Bosses...    

[Print][Thu Oct 21 10:05:37 2021]: >> Scheduled Boss Spawn: The Turbo in 6 hours, 24 minutes and 58 seconds    

[Print][Thu Oct 21 10:05:37 2021]: > Done in 0.01 seconds    

[Print][Thu Oct 21 10:05:37 2021]: >> Loading Highscores...    

[Print][Thu Oct 21 10:05:37 2021]: > Done in 0.00 seconds    

[Print][Thu Oct 21 10:05:37 2021]: >> Loading Ball Pillars...    

[Print][Thu Oct 21 10:05:37 2021]: > Done in 0.01 seconds    

[Print][Thu Oct 21 10:05:37 2021]: >> Loading Citizens...    

[Print][Thu Oct 21 10:05:37 2021]: > Done in 0.59 seconds    

[Print][Thu Oct 21 10:05:37 2021]: >> Loading Ranks...    

[Print][Thu Oct 21 10:05:37 2021]: > Done in 0.00 seconds    

[Print][Thu Oct 21 10:05:37 2021]: >> All done on Thu Oct 21 10:05:37 2021    

[Print][Thu Oct 21 10:19:13 2021]: create    

[Print][Thu Oct 21 10:25:22 2021]: Jogador inválido.    

[Print][Thu Oct 21 10:25:22 2021]: Jogador inválido.    

[Print][Thu Oct 21 10:25:37 2021]: Não é possível convidar esse jogador no momento.    

[Print][Thu Oct 21 10:27:54 2021]: Você não pode se convidar.    

[Print][Thu Oct 21 10:28:17 2021]: O jogador Mvbds foi convidado!    

[Print][Thu Oct 21 10:31:06 2021]: Este jogador ja está no time.    

[Print][Thu Oct 21 10:39:06 2021]: O jogador Mvbds foi convidado!    

[Print][Thu Oct 21 10:42:02 2021]: O jogador mvbds foi convidado!    

[Print][Thu Oct 21 10:50:41 2021]: updateTeam: Mvbds    

[Print][Thu Oct 21 10:50:41 2021]: has DzTeam    

[Print][Thu Oct 21 10:50:41 2021]: name: Mvbds    

[Print][Thu Oct 21 10:50:41 2021]: isPlayer: Mvbds    

[Print][Thu Oct 21 10:50:41 2021]: endUpdate    

[Print][Thu Oct 21 10:51:09 2021]: updateTeam: Alpha Chanel    

[Print][Thu Oct 21 10:51:09 2021]: has DzTeam    

[Print][Thu Oct 21 10:51:09 2021]: name: Alpha Chanel    

[Print][Thu Oct 21 10:51:09 2021]: isPlayer: Alpha Chanel    

[Print][Thu Oct 21 10:51:09 2021]: endUpdate    

[Print][Thu Oct 21 10:51:14 2021]: O jogador mvbds foi convidado!    

[Print][Thu Oct 21 10:51:31 2021]: Não é possível convidar esse jogador no momento.    

[Print][Thu Oct 21 10:51:45 2021]: updateTeam: Alpha Chanel    

[Print][Thu Oct 21 10:51:45 2021]: has DzTeam    

[Print][Thu Oct 21 10:51:45 2021]: name: Alpha Chanel    

[Print][Thu Oct 21 10:51:45 2021]: isPlayer: Alpha Chanel    

[Print][Thu Oct 21 10:51:45 2021]: endUpdate    

[Print][Thu Oct 21 10:51:49 2021]: Não é possível convidar esse jogador no momento.    

[Print][Thu Oct 21 10:52:04 2021]: Não é possível convidar esse jogador no momento.    

[Print][Thu Oct 21 10:52:36 2021]: O jogador mvbds foi convidado!    

[Print][Thu Oct 21 10:58:22 2021]: updateTeam: Alpha Chanel    

[Print][Thu Oct 21 10:58:22 2021]: has DzTeam    

[Print][Thu Oct 21 10:58:22 2021]: name: Alpha Chanel    

[Print][Thu Oct 21 10:58:22 2021]: isPlayer: Alpha Chanel    

[Print][Thu Oct 21 10:58:22 2021]: endUpdate    

[Print][Thu Oct 21 10:58:25 2021]: Não é possível convidar esse jogador no momento.    

[Print][Thu Oct 21 10:59:34 2021]: O jogador mvbds foi convidado!    

[Print][Thu Oct 21 10:59:37 2021]: none    

[Print][Thu Oct 21 11:02:37 2021]: updateTeam: Alpha Chanel    

[Print][Thu Oct 21 11:02:37 2021]: has DzTeam    

[Print][Thu Oct 21 11:02:37 2021]: name: Alpha Chanel    

[Print][Thu Oct 21 11:02:37 2021]: isPlayer: Alpha Chanel    

[Print][Thu Oct 21 11:02:37 2021]: endUpdate    

[Print][Thu Oct 21 11:02:52 2021]: O jogador mvbds foi convidado!    

[Print][Thu Oct 21 11:02:57 2021]: aceitou    

[Print][Thu Oct 21 11:02:57 2021]: updateTeam: Mvbds    

[Print][Thu Oct 21 11:02:57 2021]: has DzTeam    

[Print][Thu Oct 21 11:02:57 2021]: name: Alpha Chanel    

[Print][Thu Oct 21 11:02:57 2021]: isPlayer: Alpha Chanel    

[Print][Thu Oct 21 11:02:57 2021]: name: Mvbds    

[Print][Thu Oct 21 11:02:57 2021]: isPlayer: Mvbds    

[Print][Thu Oct 21 11:02:57 2021]: endUpdate    

[Print][Thu Oct 21 11:03:05 2021]: updateTeam: Alpha Chanel    

[Print][Thu Oct 21 11:03:05 2021]: has DzTeam    

[Print][Thu Oct 21 11:03:05 2021]: name: Alpha Chanel    

[Print][Thu Oct 21 11:03:05 2021]: isPlayer: Alpha Chanel    

[Print][Thu Oct 21 11:03:05 2021]: endUpdate    

[Print][Thu Oct 21 11:03:12 2021]: Este jogador ja foi convidado.    

