[Print][Wed Nov 03 00:12:36 2021]: >> Cleaning players online status...    

[Print][Wed Nov 03 00:12:36 2021]: > Done in 0.12 seconds    

[Print][Wed Nov 03 00:12:36 2021]: >> Loading PvP Arenas...    

[Print][Wed Nov 03 00:12:36 2021]: > Done in 0.00 seconds    

[Print][Wed Nov 03 00:12:36 2021]: >> Loading Caught Highscores...    

[Print][Wed Nov 03 00:12:36 2021]: > Done in 0.00 seconds    

[Print][Wed Nov 03 00:12:36 2021]: >> Loading Tournament Highscores...    

[Print][Wed Nov 03 00:12:36 2021]: > Done in 0.00 seconds    

[Print][Wed Nov 03 00:12:36 2021]: >> Loading Berry Trees...    

[Print][Wed Nov 03 00:12:36 2021]: > Done in 0.02 seconds    

[Print][Wed Nov 03 00:12:36 2021]: >> Cleaning Mastery Dungeons...    

[Print][Wed Nov 03 00:12:36 2021]: > Done in 0.00 seconds    

[Print][Wed Nov 03 00:12:36 2021]: >> Loading Bosses...    

[Print][Wed Nov 03 00:12:36 2021]: >> Scheduled Boss Spawn: Smaug in 6 hours, 53 minutes and 18 seconds    

[Print][Wed Nov 03 00:12:36 2021]: > Done in 0.01 seconds    

[Print][Wed Nov 03 00:12:36 2021]: >> Loading Highscores...    

[Print][Wed Nov 03 00:12:36 2021]: > Done in 0.00 seconds    

[Print][Wed Nov 03 00:12:36 2021]: >> Loading Ball Pillars...    

[Print][Wed Nov 03 00:12:36 2021]: > Done in 0.00 seconds    

[Print][Wed Nov 03 00:12:36 2021]: >> Loading Citizens...    

[Print][Wed Nov 03 00:12:37 2021]: > Done in 0.70 seconds    

[Print][Wed Nov 03 00:12:37 2021]: >> Loading Ranks...    

[Print][Wed Nov 03 00:12:37 2021]: > Done in 0.00 seconds    

[Print][Wed Nov 03 00:12:37 2021]: >> All done on Wed Nov 03 00:12:37 2021    

[Print][Wed Nov 03 00:17:16 2021]: 78164    

[Print][Wed Nov 03 00:17:46 2021]: 78134    

[Print][Wed Nov 03 00:17:46 2021]: 21:42:14    

[Print][Wed Nov 03 00:18:21 2021]: -78099    

[Print][Wed Nov 03 00:18:22 2021]: 00:00:00    

[Print][Wed Nov 03 00:38:11 2021]: -84108    

[Print][Wed Nov 03 00:38:11 2021]: 00:00:00    

[Print][Wed Nov 03 00:38:31 2021]: 84088    

[Print][Wed Nov 03 00:38:31 2021]: 23:21:28    

[Print][Wed Nov 03 00:46:20 2021]: 83620    

[Print][Wed Nov 03 00:46:20 2021]: 23:13:40    

[Print][Wed Nov 03 14:08:09 2021]: >> Cleaning players online status...    

[Print][Wed Nov 03 14:08:09 2021]: > Done in 0.03 seconds    

[Print][Wed Nov 03 14:08:09 2021]: >> Loading PvP Arenas...    

[Print][Wed Nov 03 14:08:09 2021]: > Done in 0.00 seconds    

[Print][Wed Nov 03 14:08:09 2021]: >> Loading Caught Highscores...    

[Print][Wed Nov 03 14:08:09 2021]: > Done in 0.01 seconds    

[Print][Wed Nov 03 14:08:09 2021]: >> Loading Tournament Highscores...    

[Print][Wed Nov 03 14:08:09 2021]: > Done in 0.00 seconds    

[Print][Wed Nov 03 14:08:09 2021]: >> Loading Berry Trees...    

[Print][Wed Nov 03 14:08:09 2021]: > Done in 0.04 seconds    

[Print][Wed Nov 03 14:08:09 2021]: >> Cleaning Mastery Dungeons...    

[Print][Wed Nov 03 14:08:09 2021]: > Done in 0.00 seconds    

[Print][Wed Nov 03 14:08:09 2021]: >> Loading Bosses...    

[Print][Wed Nov 03 14:08:09 2021]: >> Scheduled Boss Spawn: Cesar, The Simian in 9 hours, 39 minutes and 42 seconds    

[Print][Wed Nov 03 14:08:09 2021]: > Done in 0.00 seconds    

[Print][Wed Nov 03 14:08:09 2021]: >> Loading Highscores...    

[Print][Wed Nov 03 14:08:09 2021]: > Done in 0.00 seconds    

[Print][Wed Nov 03 14:08:09 2021]: >> Loading Ball Pillars...    

[Print][Wed Nov 03 14:08:09 2021]: > Done in 0.01 seconds    

[Print][Wed Nov 03 14:08:09 2021]: >> Loading Citizens...    

[Print][Wed Nov 03 14:08:10 2021]: > Done in 0.72 seconds    

[Print][Wed Nov 03 14:08:10 2021]: >> Loading Ranks...    

[Print][Wed Nov 03 14:08:10 2021]: > Done in 0.00 seconds    

[Print][Wed Nov 03 14:08:10 2021]: >> All done on Wed Nov 03 14:08:10 2021    

[Print][Wed Nov 03 14:31:49 2021]: 3    1    1    1    

[Print][Wed Nov 03 14:31:49 2021]: 34091    

[Print][Wed Nov 03 14:31:49 2021]: 09:28:11    

[Print][Wed Nov 03 14:31:54 2021]: 3    1    1    1    

[Print][Wed Nov 03 14:31:59 2021]: 3    1    1    1    

[Print][Wed Nov 03 14:49:07 2021]: 33053    

[Print][Wed Nov 03 14:49:07 2021]: 09:10:53    

[Print][Wed Nov 03 14:49:07 2021]: 3    1    1    1    

[Print][Wed Nov 03 14:49:13 2021]: 33047    

[Print][Wed Nov 03 14:49:13 2021]: 09:10:47    

[Print][Wed Nov 03 14:49:14 2021]: 3    1    1    1    

[Print][Wed Nov 03 14:49:18 2021]: 3    1    1    1    

[Print][Wed Nov 03 15:46:47 2021]: 29593    

[Print][Wed Nov 03 15:46:48 2021]: 08:13:13    

[Print][Wed Nov 03 15:46:48 2021]: 29592    

[Print][Wed Nov 03 15:46:48 2021]: 08:13:12    

[Print][Wed Nov 03 15:46:50 2021]: 3    1    2    1    

[Print][Wed Nov 03 15:46:58 2021]: 3    1    2    1    

[Print][Wed Nov 03 15:47:01 2021]: 29579    

[Print][Wed Nov 03 15:47:01 2021]: 08:12:59    

[Print][Wed Nov 03 15:47:07 2021]: 3    1    2    1    

[Print][Wed Nov 03 16:03:58 2021]: 3    1    2    1    

[Print][Wed Nov 03 16:04:01 2021]: 3    1    2    1    

[Print][Wed Nov 03 16:04:22 2021]: 3    1    2    1    

[Print][Wed Nov 03 16:14:03 2021]: 27957    

[Print][Wed Nov 03 16:14:03 2021]: 07:45:57    

[Print][Wed Nov 03 16:14:04 2021]: 27956    

[Print][Wed Nov 03 16:14:04 2021]: 07:45:56    

[Print][Wed Nov 03 16:14:04 2021]: 3    1    1    1    

[Print][Wed Nov 03 16:14:07 2021]: 27953    

[Print][Wed Nov 03 16:14:07 2021]: 07:45:53    

[Print][Wed Nov 03 16:14:07 2021]: 27953    

[Print][Wed Nov 03 16:14:07 2021]: 07:45:53    

[Print][Wed Nov 03 16:14:08 2021]: 27952    

[Print][Wed Nov 03 16:14:08 2021]: 07:45:52    

[Print][Wed Nov 03 16:14:08 2021]: 27952    

[Print][Wed Nov 03 16:14:08 2021]: 07:45:52    

[Print][Wed Nov 03 16:14:09 2021]: 27951    

[Print][Wed Nov 03 16:14:09 2021]: 07:45:51    

[Print][Wed Nov 03 16:14:09 2021]: 27951    

[Print][Wed Nov 03 16:14:09 2021]: 07:45:51    

[Print][Wed Nov 03 16:14:09 2021]: 27951    

[Print][Wed Nov 03 16:14:09 2021]: 07:45:51    

[Print][Wed Nov 03 16:14:09 2021]: 27951    

[Print][Wed Nov 03 16:14:09 2021]: 07:45:51    

[Print][Wed Nov 03 16:14:09 2021]: 27951    

[Print][Wed Nov 03 16:14:09 2021]: 07:45:51    

[Print][Wed Nov 03 16:14:10 2021]: 27950    

[Print][Wed Nov 03 16:14:10 2021]: 07:45:50    

[Print][Wed Nov 03 16:14:10 2021]: 27950    

[Print][Wed Nov 03 16:14:10 2021]: 07:45:50    

[Print][Wed Nov 03 16:14:10 2021]: 27950    

[Print][Wed Nov 03 16:14:10 2021]: 07:45:50    

[Print][Wed Nov 03 16:14:10 2021]: 27950    

[Print][Wed Nov 03 16:14:10 2021]: 07:45:50    

[Print][Wed Nov 03 16:14:11 2021]: 27949    

[Print][Wed Nov 03 16:14:11 2021]: 07:45:49    

[Print][Wed Nov 03 16:14:11 2021]: 27949    

[Print][Wed Nov 03 16:14:11 2021]: 07:45:49    

[Print][Wed Nov 03 16:14:11 2021]: 27949    

[Print][Wed Nov 03 16:14:11 2021]: 07:45:49    

[Print][Wed Nov 03 16:14:11 2021]: 27949    

[Print][Wed Nov 03 16:14:11 2021]: 07:45:49    

[Print][Wed Nov 03 16:14:12 2021]: 3    1    1    1    

[Print][Wed Nov 03 16:14:20 2021]: 3    1    1    1    

[Print][Wed Nov 03 18:48:20 2021]: >> Cleaning players online status...    

[Print][Wed Nov 03 18:48:20 2021]: > Done in 0.06 seconds    

[Print][Wed Nov 03 18:48:20 2021]: >> Loading PvP Arenas...    

[Print][Wed Nov 03 18:48:20 2021]: > Done in 0.00 seconds    

[Print][Wed Nov 03 18:48:20 2021]: >> Loading Caught Highscores...    

[Print][Wed Nov 03 18:48:20 2021]: > Done in 0.01 seconds    

[Print][Wed Nov 03 18:48:20 2021]: >> Loading Tournament Highscores...    

[Print][Wed Nov 03 18:48:20 2021]: > Done in 0.00 seconds    

[Print][Wed Nov 03 18:48:20 2021]: >> Loading Berry Trees...    

[Print][Wed Nov 03 18:48:20 2021]: > Done in 0.02 seconds    

[Print][Wed Nov 03 18:48:20 2021]: >> Cleaning Mastery Dungeons...    

[Print][Wed Nov 03 18:48:20 2021]: > Done in 0.00 seconds    

[Print][Wed Nov 03 18:48:20 2021]: >> Loading Bosses...    

[Print][Wed Nov 03 18:48:20 2021]: >> Scheduled Boss Spawn: Kirby in 12 hours, 36 minutes and 2 seconds    

[Print][Wed Nov 03 18:48:20 2021]: > Done in 0.01 seconds    

[Print][Wed Nov 03 18:48:20 2021]: >> Loading Highscores...    

[Print][Wed Nov 03 18:48:20 2021]: > Done in 0.00 seconds    

[Print][Wed Nov 03 18:48:20 2021]: >> Loading Ball Pillars...    

[Print][Wed Nov 03 18:48:20 2021]: > Done in 0.00 seconds    

[Print][Wed Nov 03 18:48:20 2021]: >> Loading Citizens...    

[Print][Wed Nov 03 18:48:21 2021]: > Done in 0.51 seconds    

[Print][Wed Nov 03 18:48:21 2021]: >> Loading Ranks...    

[Print][Wed Nov 03 18:48:21 2021]: > Done in 0.00 seconds    

[Print][Wed Nov 03 18:48:21 2021]: >> All done on Wed Nov 03 18:48:21 2021    

[Print][Wed Nov 03 20:38:48 2021]: 1000000    

[Print][Wed Nov 03 20:39:02 2021]: 1000000    

[Print][Wed Nov 03 20:39:16 2021]: 1    

[Print][Wed Nov 03 20:40:51 2021]: 10000    

[Print][Wed Nov 03 20:41:27 2021]: 10000    

[Print][Wed Nov 03 20:41:50 2021]: 100    

[Print][Wed Nov 03 20:42:49 2021]: 1000    

[Print][Wed Nov 03 20:44:22 2021]: 1254    

[Print][Wed Nov 03 20:44:38 2021]: 300    

[Print][Wed Nov 03 20:47:44 2021]: 1    

[Print][Wed Nov 03 22:26:40 2021]: >> Cleaning players online status...    

[Print][Wed Nov 03 22:26:40 2021]: > Done in 0.04 seconds    

[Print][Wed Nov 03 22:26:40 2021]: >> Loading PvP Arenas...    

[Print][Wed Nov 03 22:26:40 2021]: > Done in 0.00 seconds    

[Print][Wed Nov 03 22:26:40 2021]: >> Loading Caught Highscores...    

[Print][Wed Nov 03 22:26:40 2021]: > Done in 0.01 seconds    

[Print][Wed Nov 03 22:26:40 2021]: >> Loading Tournament Highscores...    

[Print][Wed Nov 03 22:26:40 2021]: > Done in 0.00 seconds    

[Print][Wed Nov 03 22:26:40 2021]: >> Loading Berry Trees...    

[Print][Wed Nov 03 22:26:40 2021]: > Done in 0.02 seconds    

[Print][Wed Nov 03 22:26:40 2021]: >> Cleaning Mastery Dungeons...    

[Print][Wed Nov 03 22:26:40 2021]: > Done in 0.00 seconds    

[Print][Wed Nov 03 22:26:40 2021]: >> Loading Bosses...    

[Print][Wed Nov 03 22:26:40 2021]: >> Scheduled Boss Spawn: Sweet Lover in 8 hours, 3 minutes and 27 seconds    

[Print][Wed Nov 03 22:26:40 2021]: > Done in 0.01 seconds    

[Print][Wed Nov 03 22:26:40 2021]: >> Loading Highscores...    

[Print][Wed Nov 03 22:26:40 2021]: > Done in 0.00 seconds    

[Print][Wed Nov 03 22:26:40 2021]: >> Loading Ball Pillars...    

[Print][Wed Nov 03 22:26:40 2021]: > Done in 0.00 seconds    

[Print][Wed Nov 03 22:26:40 2021]: >> Loading Citizens...    

[Print][Wed Nov 03 22:26:41 2021]: > Done in 0.56 seconds    

[Print][Wed Nov 03 22:26:41 2021]: >> Loading Ranks...    

[Print][Wed Nov 03 22:26:41 2021]: > Done in 0.00 seconds    

[Print][Wed Nov 03 22:26:41 2021]: >> All done on Wed Nov 03 22:26:41 2021    

[Print][Wed Nov 03 23:16:11 2021]: 3    1    1    1    

[Print][Wed Nov 03 23:16:16 2021]: 3    1    1    1    

[Print][Wed Nov 03 23:16:20 2021]: 3    1    1    1    

[Print][Wed Nov 03 23:16:26 2021]: 3    1    1    1    

[Print][Wed Nov 03 23:16:31 2021]: 3    1    1    1    

[Print][Wed Nov 03 23:16:35 2021]: 3    1    1    1    

[Print][Wed Nov 03 23:16:41 2021]: 3    1    1    1    

[Print][Wed Nov 03 23:16:47 2021]: 3    1    1    1    

[Print][Wed Nov 03 23:16:51 2021]: 3    1    1    1    

[Print][Wed Nov 03 23:16:54 2021]: 3    1    1    1    

[Print][Wed Nov 03 23:16:56 2021]: 3    1    1    1    

[Print][Wed Nov 03 23:16:57 2021]: 3    1    1    1    

[Print][Wed Nov 03 23:17:04 2021]: 3    1    1    1    

[Print][Wed Nov 03 23:17:07 2021]: 3    1    1    1    

[Print][Wed Nov 03 23:17:09 2021]: 3    1    1    1    

[Print][Wed Nov 03 23:17:14 2021]: 3    1    1    1    

[Print][Wed Nov 03 23:17:16 2021]: 3    1    1    1    

[Print][Wed Nov 03 23:17:27 2021]: 3    1    1    1    

[Print][Wed Nov 03 23:17:28 2021]: 3    1    1    1    

[Print][Wed Nov 03 23:17:33 2021]: 3    1    1    1    

[Print][Wed Nov 03 23:17:36 2021]: 3    1    1    1    

[Print][Wed Nov 03 23:17:40 2021]: 3    1    1    1    

[Print][Wed Nov 03 23:17:46 2021]: 3    1    1    1    

[Print][Wed Nov 03 23:17:50 2021]: 3    1    1    1    

[Print][Wed Nov 03 23:17:52 2021]: 3    1    1    1    

[Print][Wed Nov 03 23:18:16 2021]: 3    1    1    1    

[Print][Wed Nov 03 23:18:52 2021]: 3    1    1    1    

[Print][Wed Nov 03 23:18:54 2021]: 3    1    1    1    

[Print][Wed Nov 03 23:18:57 2021]: 3    1    1    1    

[Print][Wed Nov 03 23:19:02 2021]: 3    1    1    1    

[Print][Wed Nov 03 23:19:08 2021]: 3    1    1    1    

[Print][Wed Nov 03 23:19:11 2021]: 3    1    1    1    

[Print][Wed Nov 03 23:19:15 2021]: 3    1    1    1    

[Print][Wed Nov 03 23:19:19 2021]: 3    1    1    1    

[Print][Wed Nov 03 23:19:22 2021]: 3    1    1    1    

[Print][Wed Nov 03 23:19:27 2021]: 3    1    1    1    

[Print][Wed Nov 03 23:19:28 2021]: 3    1    1    1    

[Print][Wed Nov 03 23:19:30 2021]: 3    1    1    1    

[Print][Wed Nov 03 23:19:37 2021]: 3    1    1    1    

[Print][Wed Nov 03 23:19:41 2021]: 3    1    1    1    

[Print][Wed Nov 03 23:19:42 2021]: 3    1    1    1    

[Print][Wed Nov 03 23:19:48 2021]: 3    1    1    1    

[Print][Wed Nov 03 23:19:50 2021]: 3    1    1    1    

[Print][Wed Nov 03 23:19:57 2021]: 3    1    1    1    

[Print][Wed Nov 03 23:19:59 2021]: 3    1    1    1    

[Print][Wed Nov 03 23:20:01 2021]: 3    1    1    1    

[Print][Wed Nov 03 23:20:09 2021]: 3    1    1    1    

[Print][Wed Nov 03 23:20:20 2021]: 3    1    1    1    

[Print][Wed Nov 03 23:20:25 2021]: 3    1    1    1    

[Print][Wed Nov 03 23:20:28 2021]: 3    1    1    1    

[Print][Wed Nov 03 23:20:29 2021]: 3    1    1    1    

[Print][Wed Nov 03 23:20:34 2021]: 3    1    1    1    

[Print][Wed Nov 03 23:20:37 2021]: 3    1    1    1    

[Print][Wed Nov 03 23:20:40 2021]: 3    1    1    1    

[Print][Wed Nov 03 23:20:47 2021]: 3    1    1    1    

[Print][Wed Nov 03 23:20:50 2021]: 3    1    1    1    

[Print][Wed Nov 03 23:40:55 2021]: >> Cleaning players online status...    

[Print][Wed Nov 03 23:40:55 2021]: > Done in 0.11 seconds    

[Print][Wed Nov 03 23:40:55 2021]: >> Loading PvP Arenas...    

[Print][Wed Nov 03 23:40:55 2021]: > Done in 0.00 seconds    

[Print][Wed Nov 03 23:40:55 2021]: >> Loading Caught Highscores...    

[Print][Wed Nov 03 23:40:55 2021]: > Done in 0.00 seconds    

[Print][Wed Nov 03 23:40:55 2021]: >> Loading Tournament Highscores...    

[Print][Wed Nov 03 23:40:55 2021]: > Done in 0.00 seconds    

[Print][Wed Nov 03 23:40:55 2021]: >> Loading Berry Trees...    

[Print][Wed Nov 03 23:40:55 2021]: > Done in 0.08 seconds    

[Print][Wed Nov 03 23:40:55 2021]: >> Cleaning Mastery Dungeons...    

[Print][Wed Nov 03 23:40:55 2021]: > Done in 0.00 seconds    

[Print][Wed Nov 03 23:40:55 2021]: >> Loading Bosses...    

[Print][Wed Nov 03 23:40:55 2021]: >> Scheduled Boss Spawn: Pink Fury in 13 hours, 2 minutes and 47 seconds    

[Print][Wed Nov 03 23:40:55 2021]: > Done in 0.01 seconds    

[Print][Wed Nov 03 23:40:55 2021]: >> Loading Highscores...    

[Print][Wed Nov 03 23:40:55 2021]: > Done in 0.00 seconds    

[Print][Wed Nov 03 23:40:55 2021]: >> Loading Ball Pillars...    

[Print][Wed Nov 03 23:40:55 2021]: > Done in 0.00 seconds    

[Print][Wed Nov 03 23:40:55 2021]: >> Loading Citizens...    

[Print][Wed Nov 03 23:40:56 2021]: > Done in 0.70 seconds    

[Print][Wed Nov 03 23:40:56 2021]: >> Loading Ranks...    

[Print][Wed Nov 03 23:40:56 2021]: > Done in 0.00 seconds    

[Print][Wed Nov 03 23:40:56 2021]: >> All done on Wed Nov 03 23:40:56 2021    

