[Print][Tue Oct 12 03:04:52 2021]: >> Cleaning players online status...    

[Print][Tue Oct 12 03:04:52 2021]: > Done in 0.03 seconds    

[Print][Tue Oct 12 03:04:52 2021]: >> Loading PvP Arenas...    

[Print][Tue Oct 12 03:04:52 2021]: > Done in 0.00 seconds    

[Print][Tue Oct 12 03:04:52 2021]: >> Loading Caught Highscores...    

[Print][Tue Oct 12 03:04:52 2021]: > Done in 0.00 seconds    

[Print][Tue Oct 12 03:04:52 2021]: >> Loading Tournament Highscores...    

[Print][Tue Oct 12 03:04:52 2021]: > Done in 0.00 seconds    

[Print][Tue Oct 12 03:04:52 2021]: >> Loading Berry Trees...    

[Print][Tue Oct 12 03:04:52 2021]: > Done in 0.03 seconds    

[Print][Tue Oct 12 03:04:52 2021]: >> Cleaning Mastery Dungeons...    

[Print][Tue Oct 12 03:04:52 2021]: > Done in 0.00 seconds    

[Print][Tue Oct 12 03:04:52 2021]: >> Loading Bosses...    

[Print][Tue Oct 12 03:04:52 2021]: >> Scheduled Boss Spawn: Cesar, The Simian in 12 hours, 53 minutes and 49 seconds    

[Print][Tue Oct 12 03:04:52 2021]: > Done in 0.00 seconds    

[Print][Tue Oct 12 03:04:52 2021]: >> Loading Highscores...    

[Print][Tue Oct 12 03:04:52 2021]: > Done in 0.00 seconds    

[Print][Tue Oct 12 03:04:52 2021]: >> Loading Ball Pillars...    

[Print][Tue Oct 12 03:04:52 2021]: > Done in 0.01 seconds    

[Print][Tue Oct 12 03:04:52 2021]: >> Loading Citizens...    

[Print][Tue Oct 12 03:04:53 2021]: > Done in 0.49 seconds    

[Print][Tue Oct 12 03:04:53 2021]: >> Loading Ranks...    

[Print][Tue Oct 12 03:04:53 2021]: > Done in 0.00 seconds    

[Print][Tue Oct 12 03:04:53 2021]: >> All done on Tue Oct 12 03:04:53 2021    

[Print][Tue Oct 12 07:05:39 2021]: >> Cleaning players online status...    

[Print][Tue Oct 12 07:05:39 2021]: > Done in 0.03 seconds    

[Print][Tue Oct 12 07:05:39 2021]: >> Loading PvP Arenas...    

[Print][Tue Oct 12 07:05:39 2021]: > Done in 0.00 seconds    

[Print][Tue Oct 12 07:05:39 2021]: >> Loading Caught Highscores...    

[Print][Tue Oct 12 07:05:39 2021]: > Done in 0.00 seconds    

[Print][Tue Oct 12 07:05:39 2021]: >> Loading Tournament Highscores...    

[Print][Tue Oct 12 07:05:39 2021]: > Done in 0.00 seconds    

[Print][Tue Oct 12 07:05:39 2021]: >> Loading Berry Trees...    

[Print][Tue Oct 12 07:05:39 2021]: > Done in 0.01 seconds    

[Print][Tue Oct 12 07:05:39 2021]: >> Cleaning Mastery Dungeons...    

[Print][Tue Oct 12 07:05:39 2021]: > Done in 0.00 seconds    

[Print][Tue Oct 12 07:05:39 2021]: >> Loading Bosses...    

[Print][Tue Oct 12 07:05:39 2021]: >> Scheduled Boss Spawn: Twisted Blades in 9 hours, 21 minutes and 47 seconds    

[Print][Tue Oct 12 07:05:39 2021]: > Done in 0.01 seconds    

[Print][Tue Oct 12 07:05:39 2021]: >> Loading Highscores...    

[Print][Tue Oct 12 07:05:39 2021]: > Done in 0.00 seconds    

[Print][Tue Oct 12 07:05:39 2021]: >> Loading Ball Pillars...    

[Print][Tue Oct 12 07:05:39 2021]: > Done in 0.00 seconds    

[Print][Tue Oct 12 07:05:39 2021]: >> Loading Citizens...    

[Print][Tue Oct 12 07:05:40 2021]: > Done in 0.48 seconds    

[Print][Tue Oct 12 07:05:40 2021]: >> Loading Ranks...    

[Print][Tue Oct 12 07:05:40 2021]: > Done in 0.00 seconds    

[Print][Tue Oct 12 07:05:40 2021]: >> All done on Tue Oct 12 07:05:40 2021    

