[Print][Tue Sep 28 10:45:12 2021]: >> Cleaning players online status...    

[Print][Tue Sep 28 10:45:12 2021]: > Done in 0.03 seconds    

[Print][Tue Sep 28 10:45:12 2021]: >> Loading PvP Arenas...    

[Print][Tue Sep 28 10:45:12 2021]: > Done in 0.00 seconds    

[Print][Tue Sep 28 10:45:12 2021]: >> Loading Caught Highscores...    

[Print][Tue Sep 28 10:45:12 2021]: > Done in 0.00 seconds    

[Print][Tue Sep 28 10:45:12 2021]: >> Loading Tournament Highscores...    

[Print][Tue Sep 28 10:45:12 2021]: > Done in 0.02 seconds    

[Print][Tue Sep 28 10:45:12 2021]: >> Loading Berry Trees...    

[Print][Tue Sep 28 10:45:12 2021]: > Done in 0.04 seconds    

[Print][Tue Sep 28 10:45:12 2021]: >> Cleaning Mastery Dungeons...    

[Print][Tue Sep 28 10:45:12 2021]: > Done in 0.00 seconds    

[Print][Tue Sep 28 10:45:12 2021]: >> Loading Bosses...    

[Print][Tue Sep 28 10:45:12 2021]: >> Scheduled Boss Spawn: Blastertoise in 13 hours, 38 minutes and 30 seconds    

[Print][Tue Sep 28 10:45:12 2021]: > Done in 0.00 seconds    

[Print][Tue Sep 28 10:45:12 2021]: >> Loading Highscores...    

[Print][Tue Sep 28 10:45:12 2021]: > Done in 0.00 seconds    

[Print][Tue Sep 28 10:45:12 2021]: >> Loading Ball Pillars...    

[Print][Tue Sep 28 10:45:12 2021]: > Done in 0.01 seconds    

[Print][Tue Sep 28 10:45:12 2021]: >> Loading Citizens...    

[Print][Tue Sep 28 10:45:13 2021]: > Done in 0.40 seconds    

[Print][Tue Sep 28 10:45:13 2021]: >> Loading Ranks...    

[Print][Tue Sep 28 10:45:13 2021]: > Done in 0.00 seconds    

[Print][Tue Sep 28 10:45:13 2021]: >> All done on Tue Sep 28 10:45:13 2021    

[Print][Tue Sep 28 11:18:40 2021]: >> Cleaning players online status...    

[Print][Tue Sep 28 11:18:40 2021]: > Done in 0.09 seconds    

[Print][Tue Sep 28 11:18:40 2021]: >> Loading PvP Arenas...    

[Print][Tue Sep 28 11:18:40 2021]: > Done in 0.00 seconds    

[Print][Tue Sep 28 11:18:40 2021]: >> Loading Caught Highscores...    

[Print][Tue Sep 28 11:18:40 2021]: > Done in 0.00 seconds    

[Print][Tue Sep 28 11:18:40 2021]: >> Loading Tournament Highscores...    

[Print][Tue Sep 28 11:18:40 2021]: > Done in 0.00 seconds    

[Print][Tue Sep 28 11:18:40 2021]: >> Loading Berry Trees...    

[Print][Tue Sep 28 11:18:40 2021]: > Done in 0.05 seconds    

[Print][Tue Sep 28 11:18:40 2021]: >> Cleaning Mastery Dungeons...    

[Print][Tue Sep 28 11:18:40 2021]: > Done in 0.00 seconds    

[Print][Tue Sep 28 11:18:40 2021]: >> Loading Bosses...    

[Print][Tue Sep 28 11:18:40 2021]: >> Scheduled Boss Spawn: Pink Fury in 6 hours, 12 minutes and 50 seconds    

[Print][Tue Sep 28 11:18:40 2021]: > Done in 0.00 seconds    

[Print][Tue Sep 28 11:18:40 2021]: >> Loading Highscores...    

[Print][Tue Sep 28 11:18:40 2021]: > Done in 0.01 seconds    

[Print][Tue Sep 28 11:18:40 2021]: >> Loading Ball Pillars...    

[Print][Tue Sep 28 11:18:41 2021]: > Done in 0.04 seconds    

[Print][Tue Sep 28 11:18:41 2021]: >> Loading Citizens...    

[Print][Tue Sep 28 11:18:41 2021]: > Done in 0.48 seconds    

[Print][Tue Sep 28 11:18:41 2021]: >> Loading Ranks...    

[Print][Tue Sep 28 11:18:41 2021]: > Done in 0.00 seconds    

[Print][Tue Sep 28 11:18:41 2021]: >> All done on Tue Sep 28 11:18:41 2021    

[Print][Tue Sep 28 20:18:19 2021]: >> Cleaning players online status...    

[Print][Tue Sep 28 20:18:19 2021]: > Done in 0.02 seconds    

[Print][Tue Sep 28 20:18:19 2021]: >> Loading PvP Arenas...    

[Print][Tue Sep 28 20:18:19 2021]: > Done in 0.00 seconds    

[Print][Tue Sep 28 20:18:19 2021]: >> Loading Caught Highscores...    

[Print][Tue Sep 28 20:18:19 2021]: > Done in 0.02 seconds    

[Print][Tue Sep 28 20:18:19 2021]: >> Loading Tournament Highscores...    

[Print][Tue Sep 28 20:18:19 2021]: > Done in 0.00 seconds    

[Print][Tue Sep 28 20:18:19 2021]: >> Loading Berry Trees...    

[Print][Tue Sep 28 20:18:19 2021]: > Done in 0.04 seconds    

[Print][Tue Sep 28 20:18:19 2021]: >> Cleaning Mastery Dungeons...    

[Print][Tue Sep 28 20:18:19 2021]: > Done in 0.00 seconds    

[Print][Tue Sep 28 20:18:19 2021]: >> Loading Bosses...    

[Print][Tue Sep 28 20:18:19 2021]: >> Scheduled Boss Spawn: The A. Mesmer in 7 hours, 12 minutes and 3 seconds    

[Print][Tue Sep 28 20:18:19 2021]: > Done in 0.01 seconds    

[Print][Tue Sep 28 20:18:19 2021]: >> Loading Highscores...    

[Print][Tue Sep 28 20:18:19 2021]: > Done in 0.00 seconds    

[Print][Tue Sep 28 20:18:19 2021]: >> Loading Ball Pillars...    

[Print][Tue Sep 28 20:18:19 2021]: > Done in 0.02 seconds    

[Print][Tue Sep 28 20:18:19 2021]: >> Loading Citizens...    

[Print][Tue Sep 28 20:18:19 2021]: > Done in 0.51 seconds    

[Print][Tue Sep 28 20:18:19 2021]: >> Loading Ranks...    

[Print][Tue Sep 28 20:18:19 2021]: > Done in 0.00 seconds    

[Print][Tue Sep 28 20:18:19 2021]: >> All done on Tue Sep 28 20:18:19 2021    

[Print][Tue Sep 28 23:02:56 2021]: >> Cleaning players online status...    

[Print][Tue Sep 28 23:02:56 2021]: > Done in 0.02 seconds    

[Print][Tue Sep 28 23:02:56 2021]: >> Loading PvP Arenas...    

[Print][Tue Sep 28 23:02:56 2021]: > Done in 0.00 seconds    

[Print][Tue Sep 28 23:02:56 2021]: >> Loading Caught Highscores...    

[Print][Tue Sep 28 23:02:56 2021]: > Done in 0.00 seconds    

[Print][Tue Sep 28 23:02:56 2021]: >> Loading Tournament Highscores...    

[Print][Tue Sep 28 23:02:56 2021]: > Done in 0.00 seconds    

[Print][Tue Sep 28 23:02:56 2021]: >> Loading Berry Trees...    

[Print][Tue Sep 28 23:02:56 2021]: > Done in 0.06 seconds    

[Print][Tue Sep 28 23:02:56 2021]: >> Cleaning Mastery Dungeons...    

[Print][Tue Sep 28 23:02:56 2021]: > Done in 0.00 seconds    

[Print][Tue Sep 28 23:02:56 2021]: >> Loading Bosses...    

[Print][Tue Sep 28 23:02:56 2021]: >> Scheduled Boss Spawn: Flesh'n Fire in 10 hours, 34 minutes and 45 seconds    

[Print][Tue Sep 28 23:02:56 2021]: > Done in 0.00 seconds    

[Print][Tue Sep 28 23:02:56 2021]: >> Loading Highscores...    

[Print][Tue Sep 28 23:02:56 2021]: > Done in 0.00 seconds    

[Print][Tue Sep 28 23:02:56 2021]: >> Loading Ball Pillars...    

[Print][Tue Sep 28 23:02:56 2021]: > Done in 0.00 seconds    

[Print][Tue Sep 28 23:02:56 2021]: >> Loading Citizens...    

[Print][Tue Sep 28 23:02:57 2021]: > Done in 0.42 seconds    

[Print][Tue Sep 28 23:02:57 2021]: >> Loading Ranks...    

[Print][Tue Sep 28 23:02:57 2021]: > Done in 0.00 seconds    

[Print][Tue Sep 28 23:02:57 2021]: >> All done on Tue Sep 28 23:02:57 2021    

