[Print][Wed Oct 20 11:06:07 2021]: >> Cleaning players online status...    

[Print][Wed Oct 20 11:06:07 2021]: > Done in 0.02 seconds    

[Print][Wed Oct 20 11:06:07 2021]: >> Loading PvP Arenas...    

[Print][Wed Oct 20 11:06:07 2021]: > Done in 0.00 seconds    

[Print][Wed Oct 20 11:06:07 2021]: >> Loading Caught Highscores...    

[Print][Wed Oct 20 11:06:07 2021]: > Done in 0.00 seconds    

[Print][Wed Oct 20 11:06:07 2021]: >> Loading Tournament Highscores...    

[Print][Wed Oct 20 11:06:07 2021]: > Done in 0.00 seconds    

[Print][Wed Oct 20 11:06:07 2021]: >> Loading Berry Trees...    

[Print][Wed Oct 20 11:06:07 2021]: > Done in 0.03 seconds    

[Print][Wed Oct 20 11:06:07 2021]: >> Cleaning Mastery Dungeons...    

[Print][Wed Oct 20 11:06:07 2021]: > Done in 0.00 seconds    

[Print][Wed Oct 20 11:06:07 2021]: >> Loading Bosses...    

[Print][Wed Oct 20 11:06:07 2021]: >> Scheduled Boss Spawn: Cesar, The Simian in 10 hours and 6 seconds    

[Print][Wed Oct 20 11:06:07 2021]: > Done in 0.01 seconds    

[Print][Wed Oct 20 11:06:07 2021]: >> Loading Highscores...    

[Print][Wed Oct 20 11:06:07 2021]: > Done in 0.00 seconds    

[Print][Wed Oct 20 11:06:07 2021]: >> Loading Ball Pillars...    

[Print][Wed Oct 20 11:06:07 2021]: > Done in 0.02 seconds    

[Print][Wed Oct 20 11:06:07 2021]: >> Loading Citizens...    

[Print][Wed Oct 20 11:06:08 2021]: > Done in 0.55 seconds    

[Print][Wed Oct 20 11:06:08 2021]: >> Loading Ranks...    

[Print][Wed Oct 20 11:06:08 2021]: > Done in 0.00 seconds    

[Print][Wed Oct 20 11:06:08 2021]: >> All done on Wed Oct 20 11:06:08 2021    

[Print][Wed Oct 20 11:16:01 2021]: >> Cleaning players online status...    

[Print][Wed Oct 20 11:16:01 2021]: > Done in 0.06 seconds    

[Print][Wed Oct 20 11:16:01 2021]: >> Loading PvP Arenas...    

[Print][Wed Oct 20 11:16:01 2021]: > Done in 0.00 seconds    

[Print][Wed Oct 20 11:16:01 2021]: >> Loading Caught Highscores...    

[Print][Wed Oct 20 11:16:01 2021]: > Done in 0.00 seconds    

[Print][Wed Oct 20 11:16:01 2021]: >> Loading Tournament Highscores...    

[Print][Wed Oct 20 11:16:01 2021]: > Done in 0.00 seconds    

[Print][Wed Oct 20 11:16:01 2021]: >> Loading Berry Trees...    

[Print][Wed Oct 20 11:16:01 2021]: > Done in 0.01 seconds    

[Print][Wed Oct 20 11:16:01 2021]: >> Cleaning Mastery Dungeons...    

[Print][Wed Oct 20 11:16:01 2021]: > Done in 0.00 seconds    

[Print][Wed Oct 20 11:16:01 2021]: >> Loading Bosses...    

[Print][Wed Oct 20 11:16:01 2021]: >> Scheduled Boss Spawn: The A. Mesmer in 12 hours, 54 minutes and 35 seconds    

[Print][Wed Oct 20 11:16:01 2021]: > Done in 0.00 seconds    

[Print][Wed Oct 20 11:16:01 2021]: >> Loading Highscores...    

[Print][Wed Oct 20 11:16:01 2021]: > Done in 0.00 seconds    

[Print][Wed Oct 20 11:16:01 2021]: >> Loading Ball Pillars...    

[Print][Wed Oct 20 11:16:01 2021]: > Done in 0.00 seconds    

[Print][Wed Oct 20 11:16:01 2021]: >> Loading Citizens...    

[Print][Wed Oct 20 11:16:02 2021]: > Done in 0.45 seconds    

[Print][Wed Oct 20 11:16:02 2021]: >> Loading Ranks...    

[Print][Wed Oct 20 11:16:02 2021]: > Done in 0.00 seconds    

[Print][Wed Oct 20 11:16:02 2021]: >> All done on Wed Oct 20 11:16:02 2021    

