[Print][Tue Nov 16 04:39:28 2021]: >> Cleaning players online status...    

[Print][Tue Nov 16 04:39:28 2021]: > Done in 0.08 seconds    

[Print][Tue Nov 16 04:39:28 2021]: >> Loading PvP Arenas...    

[Print][Tue Nov 16 04:39:28 2021]: > Done in 0.00 seconds    

[Print][Tue Nov 16 04:39:28 2021]: >> Loading Caught Highscores...    

[Print][Tue Nov 16 04:39:28 2021]: > Done in 0.00 seconds    

[Print][Tue Nov 16 04:39:28 2021]: >> Loading Tournament Highscores...    

[Print][Tue Nov 16 04:39:28 2021]: > Done in 0.00 seconds    

[Print][Tue Nov 16 04:39:28 2021]: >> Loading Berry Trees...    

[Print][Tue Nov 16 04:39:28 2021]: > Done in 0.06 seconds    

[Print][Tue Nov 16 04:39:28 2021]: >> Cleaning Mastery Dungeons...    

[Print][Tue Nov 16 04:39:28 2021]: > Done in 0.00 seconds    

[Print][Tue Nov 16 04:39:28 2021]: >> Loading Bosses...    

[Print][Tue Nov 16 04:39:28 2021]: >> Scheduled Boss Spawn: King Panlong in 9 hours, 21 minutes and 24 seconds    

[Print][Tue Nov 16 04:39:28 2021]: > Done in 0.00 seconds    

[Print][Tue Nov 16 04:39:28 2021]: >> Loading Highscores...    

[Print][Tue Nov 16 04:39:28 2021]: > Done in 0.00 seconds    

[Print][Tue Nov 16 04:39:28 2021]: >> Loading Ball Pillars...    

[Print][Tue Nov 16 04:39:28 2021]: > Done in 0.02 seconds    

[Print][Tue Nov 16 04:39:28 2021]: >> Loading Citizens...    

[Print][Tue Nov 16 04:39:28 2021]: > Done in 0.54 seconds    

[Print][Tue Nov 16 04:39:28 2021]: >> Loading Ranks...    

[Print][Tue Nov 16 04:39:28 2021]: > Done in 0.00 seconds    

[Print][Tue Nov 16 04:39:28 2021]: >> All done on Tue Nov 16 04:39:28 2021    

