[Print][Sun Oct 31 12:48:43 2021]: >> Cleaning players online status...    

[Print][Sun Oct 31 12:48:43 2021]: > Done in 0.03 seconds    

[Print][Sun Oct 31 12:48:43 2021]: >> Loading PvP Arenas...    

[Print][Sun Oct 31 12:48:43 2021]: > Done in 0.02 seconds    

[Print][Sun Oct 31 12:48:43 2021]: >> Loading Caught Highscores...    

[Print][Sun Oct 31 12:48:44 2021]: > Done in 0.00 seconds    

[Print][Sun Oct 31 12:48:44 2021]: >> Loading Tournament Highscores...    

[Print][Sun Oct 31 12:48:44 2021]: > Done in 0.00 seconds    

[Print][Sun Oct 31 12:48:44 2021]: >> Loading Berry Trees...    

[Print][Sun Oct 31 12:48:44 2021]: > Done in 0.02 seconds    

[Print][Sun Oct 31 12:48:44 2021]: >> Cleaning Mastery Dungeons...    

[Print][Sun Oct 31 12:48:44 2021]: > Done in 0.00 seconds    

[Print][Sun Oct 31 12:48:44 2021]: >> Loading Bosses...    

[Print][Sun Oct 31 12:48:44 2021]: >> Scheduled Boss Spawn: Flesh'n Fire in 8 hours, 3 minutes and 32 seconds    

[Print][Sun Oct 31 12:48:44 2021]: > Done in 0.01 seconds    

[Print][Sun Oct 31 12:48:44 2021]: >> Loading Highscores...    

[Print][Sun Oct 31 12:48:44 2021]: > Done in 0.00 seconds    

[Print][Sun Oct 31 12:48:44 2021]: >> Loading Ball Pillars...    

[Print][Sun Oct 31 12:48:44 2021]: > Done in 0.00 seconds    

[Print][Sun Oct 31 12:48:44 2021]: >> Loading Citizens...    

[Print][Sun Oct 31 12:48:44 2021]: > Done in 0.69 seconds    

[Print][Sun Oct 31 12:48:44 2021]: >> Loading Ranks...    

[Print][Sun Oct 31 12:48:44 2021]: > Done in 0.00 seconds    

[Print][Sun Oct 31 12:48:44 2021]: >> All done on Sun Oct 31 12:48:44 2021    

[Print][Sun Oct 31 12:49:26 2021]: 3    1    1    1    

[Print][Sun Oct 31 12:49:31 2021]: 3    1    1    1    

[Print][Sun Oct 31 12:49:38 2021]: 3    1    1    1    

[Print][Sun Oct 31 12:50:45 2021]: >> Cleaning players online status...    

[Print][Sun Oct 31 12:50:45 2021]: > Done in 0.04 seconds    

[Print][Sun Oct 31 12:50:45 2021]: >> Loading PvP Arenas...    

[Print][Sun Oct 31 12:50:45 2021]: > Done in 0.00 seconds    

[Print][Sun Oct 31 12:50:45 2021]: >> Loading Caught Highscores...    

[Print][Sun Oct 31 12:50:45 2021]: > Done in 0.00 seconds    

[Print][Sun Oct 31 12:50:45 2021]: >> Loading Tournament Highscores...    

[Print][Sun Oct 31 12:50:45 2021]: > Done in 0.00 seconds    

[Print][Sun Oct 31 12:50:45 2021]: >> Loading Berry Trees...    

[Print][Sun Oct 31 12:50:45 2021]: > Done in 0.01 seconds    

[Print][Sun Oct 31 12:50:45 2021]: >> Cleaning Mastery Dungeons...    

[Print][Sun Oct 31 12:50:45 2021]: > Done in 0.00 seconds    

[Print][Sun Oct 31 12:50:45 2021]: >> Loading Bosses...    

[Print][Sun Oct 31 12:50:45 2021]: >> Scheduled Boss Spawn: Flesh'n Fire in 11 hours, 6 minutes and 14 seconds    

[Print][Sun Oct 31 12:50:45 2021]: > Done in 0.01 seconds    

[Print][Sun Oct 31 12:50:45 2021]: >> Loading Highscores...    

[Print][Sun Oct 31 12:50:45 2021]: > Done in 0.00 seconds    

[Print][Sun Oct 31 12:50:45 2021]: >> Loading Ball Pillars...    

[Print][Sun Oct 31 12:50:45 2021]: > Done in 0.00 seconds    

[Print][Sun Oct 31 12:50:45 2021]: >> Loading Citizens...    

[Print][Sun Oct 31 12:50:45 2021]: > Done in 0.50 seconds    

[Print][Sun Oct 31 12:50:45 2021]: >> Loading Ranks...    

[Print][Sun Oct 31 12:50:45 2021]: > Done in 0.00 seconds    

[Print][Sun Oct 31 12:50:45 2021]: >> All done on Sun Oct 31 12:50:45 2021    

[Print][Sun Oct 31 20:32:02 2021]: >> Cleaning players online status...    

[Print][Sun Oct 31 20:32:02 2021]: > Done in 0.07 seconds    

[Print][Sun Oct 31 20:32:02 2021]: >> Loading PvP Arenas...    

[Print][Sun Oct 31 20:32:02 2021]: > Done in 0.03 seconds    

[Print][Sun Oct 31 20:32:02 2021]: >> Loading Caught Highscores...    

[Print][Sun Oct 31 20:32:02 2021]: > Done in 0.01 seconds    

[Print][Sun Oct 31 20:32:02 2021]: >> Loading Tournament Highscores...    

[Print][Sun Oct 31 20:32:02 2021]: > Done in 0.01 seconds    

[Print][Sun Oct 31 20:32:02 2021]: >> Loading Berry Trees...    

[Print][Sun Oct 31 20:32:02 2021]: > Done in 0.02 seconds    

[Print][Sun Oct 31 20:32:02 2021]: >> Cleaning Mastery Dungeons...    

[Print][Sun Oct 31 20:32:02 2021]: > Done in 0.00 seconds    

[Print][Sun Oct 31 20:32:02 2021]: >> Loading Bosses...    

[Print][Sun Oct 31 20:32:02 2021]: >> Scheduled Boss Spawn: Smaug in 8 hours, 34 minutes and 16 seconds    

[Print][Sun Oct 31 20:32:02 2021]: > Done in 0.01 seconds    

[Print][Sun Oct 31 20:32:02 2021]: >> Loading Highscores...    

[Print][Sun Oct 31 20:32:02 2021]: > Done in 0.00 seconds    

[Print][Sun Oct 31 20:32:02 2021]: >> Loading Ball Pillars...    

[Print][Sun Oct 31 20:32:02 2021]: > Done in 0.01 seconds    

[Print][Sun Oct 31 20:32:02 2021]: >> Loading Citizens...    

[Print][Sun Oct 31 20:32:03 2021]: > Done in 0.79 seconds    

[Print][Sun Oct 31 20:32:03 2021]: >> Loading Ranks...    

[Print][Sun Oct 31 20:32:03 2021]: > Done in 0.00 seconds    

[Print][Sun Oct 31 20:32:03 2021]: >> All done on Sun Oct 31 20:32:03 2021    

[Print][Sun Oct 31 23:39:56 2021]: >> Cleaning players online status...    

[Print][Sun Oct 31 23:39:56 2021]: > Done in 0.04 seconds    

[Print][Sun Oct 31 23:39:56 2021]: >> Loading PvP Arenas...    

[Print][Sun Oct 31 23:39:56 2021]: > Done in 0.00 seconds    

[Print][Sun Oct 31 23:39:56 2021]: >> Loading Caught Highscores...    

[Print][Sun Oct 31 23:39:56 2021]: > Done in 0.02 seconds    

[Print][Sun Oct 31 23:39:56 2021]: >> Loading Tournament Highscores...    

[Print][Sun Oct 31 23:39:56 2021]: > Done in 0.00 seconds    

[Print][Sun Oct 31 23:39:56 2021]: >> Loading Berry Trees...    

[Print][Sun Oct 31 23:39:56 2021]: > Done in 0.02 seconds    

[Print][Sun Oct 31 23:39:56 2021]: >> Cleaning Mastery Dungeons...    

[Print][Sun Oct 31 23:39:56 2021]: > Done in 0.00 seconds    

[Print][Sun Oct 31 23:39:56 2021]: >> Loading Bosses...    

[Print][Sun Oct 31 23:39:56 2021]: >> Scheduled Boss Spawn: Charles Spencer in 5 hours, 56 minutes and 57 seconds    

[Print][Sun Oct 31 23:39:56 2021]: > Done in 0.01 seconds    

[Print][Sun Oct 31 23:39:56 2021]: >> Loading Highscores...    

[Print][Sun Oct 31 23:39:56 2021]: > Done in 0.00 seconds    

[Print][Sun Oct 31 23:39:56 2021]: >> Loading Ball Pillars...    

[Print][Sun Oct 31 23:39:56 2021]: > Done in 0.00 seconds    

[Print][Sun Oct 31 23:39:56 2021]: >> Loading Citizens...    

[Print][Sun Oct 31 23:39:57 2021]: > Done in 0.58 seconds    

[Print][Sun Oct 31 23:39:57 2021]: >> Loading Ranks...    

[Print][Sun Oct 31 23:39:57 2021]: > Done in 0.00 seconds    

[Print][Sun Oct 31 23:39:57 2021]: >> All done on Sun Oct 31 23:39:57 2021    

