[Print][Sat Oct 14 20:33:57 2023]: >> Cleaning players online status...    

[Print][Sat Oct 14 20:33:57 2023]: > Done in 0.00 seconds    

[Print][Sat Oct 14 20:33:57 2023]: >> Loading PvP Arenas...    

[Print][Sat Oct 14 20:33:58 2023]: > Done in 0.00 seconds    

[Print][Sat Oct 14 20:33:58 2023]: >> Loading Caught Highscores...    

[Print][Sat Oct 14 20:33:58 2023]: > Done in 0.00 seconds    

[Print][Sat Oct 14 20:33:58 2023]: >> Loading Tournament Highscores...    

[Print][Sat Oct 14 20:33:58 2023]: > Done in 0.00 seconds    

[Print][Sat Oct 14 20:33:58 2023]: >> Loading Berry Trees...    

[Print][Sat Oct 14 20:33:58 2023]: > Done in 0.00 seconds    

[Print][Sat Oct 14 20:33:58 2023]: >> Cleaning Mastery Dungeons...    

[Print][Sat Oct 14 20:33:58 2023]: > Done in 0.00 seconds    

[Print][Sat Oct 14 20:33:58 2023]: >> Loading Bosses...    

[Print][Sat Oct 14 20:33:58 2023]: >> Scheduled Boss Spawn: The A. Mesmer in 3 days, 6 hours, 25 minutes and 32 seconds    

[Print][Sat Oct 14 20:33:58 2023]: > Done in 0.02 seconds    

[Print][Sat Oct 14 20:33:58 2023]: >> Loading Highscores...    

[Print][Sat Oct 14 20:33:58 2023]: > Done in 0.00 seconds    

[Print][Sat Oct 14 20:33:58 2023]: >> Loading Ball Pillars...    

[Print][Sat Oct 14 20:33:58 2023]: > Done in 0.00 seconds    

[Print][Sat Oct 14 20:33:58 2023]: >> Loading Citizens...    

[Print][Sat Oct 14 20:33:59 2023]: > Done in 0.92 seconds    

[Print][Sat Oct 14 20:33:59 2023]: >> Loading Ranks...    

[Print][Sat Oct 14 20:33:59 2023]: > Done in 0.00 seconds    

[Print][Sat Oct 14 20:33:59 2023]: >> All done on Sat Oct 14 20:33:59 2023    

[Print][Sat Oct 14 20:49:09 2023]: >> Cleaning players online status...    

[Print][Sat Oct 14 20:49:09 2023]: > Done in 0.04 seconds    

[Print][Sat Oct 14 20:49:09 2023]: >> Loading PvP Arenas...    

[Print][Sat Oct 14 20:49:09 2023]: > Done in 0.00 seconds    

[Print][Sat Oct 14 20:49:09 2023]: >> Loading Caught Highscores...    

[Print][Sat Oct 14 20:49:09 2023]: > Done in 0.00 seconds    

[Print][Sat Oct 14 20:49:09 2023]: >> Loading Tournament Highscores...    

[Print][Sat Oct 14 20:49:09 2023]: > Done in 0.00 seconds    

[Print][Sat Oct 14 20:49:09 2023]: >> Loading Berry Trees...    

[Print][Sat Oct 14 20:49:09 2023]: > Done in 0.00 seconds    

[Print][Sat Oct 14 20:49:09 2023]: >> Cleaning Mastery Dungeons...    

[Print][Sat Oct 14 20:49:09 2023]: > Done in 0.00 seconds    

[Print][Sat Oct 14 20:49:09 2023]: >> Loading Bosses...    

[Print][Sat Oct 14 20:49:09 2023]: >> Scheduled Boss Spawn: Twisted Blades in 3 days, 14 hours, 43 minutes and 13 seconds    

[Print][Sat Oct 14 20:49:09 2023]: > Done in 0.02 seconds    

[Print][Sat Oct 14 20:49:09 2023]: >> Loading Highscores...    

[Print][Sat Oct 14 20:49:09 2023]: > Done in 0.01 seconds    

[Print][Sat Oct 14 20:49:09 2023]: >> Loading Ball Pillars...    

[Print][Sat Oct 14 20:49:09 2023]: > Done in 0.09 seconds    

[Print][Sat Oct 14 20:49:09 2023]: >> Loading Citizens...    

[Print][Sat Oct 14 20:49:11 2023]: > Done in 1.41 seconds    

[Print][Sat Oct 14 20:49:11 2023]: >> Loading Ranks...    

[Print][Sat Oct 14 20:49:11 2023]: > Done in 0.00 seconds    

[Print][Sat Oct 14 20:49:11 2023]: >> All done on Sat Oct 14 20:49:11 2023    

[Print][Sat Oct 14 21:01:28 2023]: >> Cleaning players online status...    

[Print][Sat Oct 14 21:01:28 2023]: > Done in 0.00 seconds    

[Print][Sat Oct 14 21:01:28 2023]: >> Loading PvP Arenas...    

[Print][Sat Oct 14 21:01:28 2023]: > Done in 0.00 seconds    

[Print][Sat Oct 14 21:01:28 2023]: >> Loading Caught Highscores...    

[Print][Sat Oct 14 21:01:28 2023]: > Done in 0.01 seconds    

[Print][Sat Oct 14 21:01:28 2023]: >> Loading Tournament Highscores...    

[Print][Sat Oct 14 21:01:28 2023]: > Done in 0.00 seconds    

[Print][Sat Oct 14 21:01:28 2023]: >> Loading Berry Trees...    

[Print][Sat Oct 14 21:01:28 2023]: > Done in 0.00 seconds    

[Print][Sat Oct 14 21:01:28 2023]: >> Cleaning Mastery Dungeons...    

[Print][Sat Oct 14 21:01:28 2023]: > Done in 0.00 seconds    

[Print][Sat Oct 14 21:01:28 2023]: >> Loading Bosses...    

[Print][Sat Oct 14 21:01:28 2023]: >> Scheduled Boss Spawn: Grisly Mind in 3 days, 10 hours, 21 minutes and 59 seconds    

[Print][Sat Oct 14 21:01:28 2023]: > Done in 0.02 seconds    

[Print][Sat Oct 14 21:01:28 2023]: >> Loading Highscores...    

[Print][Sat Oct 14 21:01:28 2023]: > Done in 0.00 seconds    

[Print][Sat Oct 14 21:01:28 2023]: >> Loading Ball Pillars...    

[Print][Sat Oct 14 21:01:28 2023]: > Done in 0.00 seconds    

[Print][Sat Oct 14 21:01:28 2023]: >> Loading Citizens...    

[Print][Sat Oct 14 21:01:29 2023]: > Done in 0.90 seconds    

[Print][Sat Oct 14 21:01:29 2023]: >> Loading Ranks...    

[Print][Sat Oct 14 21:01:29 2023]: > Done in 0.00 seconds    

[Print][Sat Oct 14 21:01:29 2023]: >> All done on Sat Oct 14 21:01:29 2023    

[Print][Sat Oct 14 21:03:22 2023]: >> Cleaning players online status...    

[Print][Sat Oct 14 21:03:22 2023]: > Done in 0.10 seconds    

[Print][Sat Oct 14 21:03:22 2023]: >> Loading PvP Arenas...    

[Print][Sat Oct 14 21:03:22 2023]: > Done in 0.00 seconds    

[Print][Sat Oct 14 21:03:22 2023]: >> Loading Caught Highscores...    

[Print][Sat Oct 14 21:03:22 2023]: > Done in 0.01 seconds    

[Print][Sat Oct 14 21:03:22 2023]: >> Loading Tournament Highscores...    

[Print][Sat Oct 14 21:03:22 2023]: > Done in 0.00 seconds    

[Print][Sat Oct 14 21:03:22 2023]: >> Loading Berry Trees...    

[Print][Sat Oct 14 21:03:22 2023]: > Done in 0.00 seconds    

[Print][Sat Oct 14 21:03:22 2023]: >> Cleaning Mastery Dungeons...    

[Print][Sat Oct 14 21:03:22 2023]: > Done in 0.00 seconds    

[Print][Sat Oct 14 21:03:22 2023]: >> Loading Bosses...    

[Print][Sat Oct 14 21:03:22 2023]: >> Scheduled Boss Spawn: Great Saul in 3 days, 7 hours, 39 minutes and 56 seconds    

[Print][Sat Oct 14 21:03:22 2023]: > Done in 0.01 seconds    

[Print][Sat Oct 14 21:03:22 2023]: >> Loading Highscores...    

[Print][Sat Oct 14 21:03:22 2023]: > Done in 0.00 seconds    

[Print][Sat Oct 14 21:03:22 2023]: >> Loading Ball Pillars...    

[Print][Sat Oct 14 21:03:22 2023]: > Done in 0.00 seconds    

[Print][Sat Oct 14 21:03:22 2023]: >> Loading Citizens...    

[Print][Sat Oct 14 21:03:23 2023]: > Done in 0.86 seconds    

[Print][Sat Oct 14 21:03:23 2023]: >> Loading Ranks...    

[Print][Sat Oct 14 21:03:23 2023]: > Done in 0.00 seconds    

[Print][Sat Oct 14 21:03:23 2023]: >> All done on Sat Oct 14 21:03:23 2023    

