[Print][Mon Sep 20 00:26:03 2021]: ta aqui    

[Print][Mon Sep 20 00:41:07 2021]: sem item do id: 35543    

[Print][Mon Sep 20 00:42:42 2021]: sem item do id: 35543    

[Print][Mon Sep 20 00:42:47 2021]: sem item do id: 35543    

[Print][Mon Sep 20 00:42:54 2021]: sem item do id: 35543    

[Print][Mon Sep 20 00:42:55 2021]: sem item do id: 35543    

[Print][Mon Sep 20 00:42:55 2021]: sem item do id: 35543    

[Print][Mon Sep 20 00:43:03 2021]: sem item do id: 35543    

[Print][Mon Sep 20 00:44:52 2021]: sem item do id: 35544    

[Print][Mon Sep 20 00:44:53 2021]: sem item do id: 35544    

[Print][Mon Sep 20 00:44:54 2021]: sem item do id: 35544    

[Print][Mon Sep 20 00:44:54 2021]: sem item do id: 35544    

[Print][Mon Sep 20 00:44:54 2021]: sem item do id: 35544    

[Print][Mon Sep 20 00:44:54 2021]: sem item do id: 35544    

[Print][Mon Sep 20 00:45:03 2021]: sem item do id: 35544    

[Print][Mon Sep 20 00:49:40 2021]: Sem item do id: 35548    

[Print][Mon Sep 20 00:49:40 2021]: Sem item do id: 35548    

[Print][Mon Sep 20 00:49:41 2021]: Sem item do id: 35548    

[Print][Mon Sep 20 00:49:41 2021]: Sem item do id: 35548    

[Print][Mon Sep 20 00:49:45 2021]: Sem item do id: 35547    

[Print][Mon Sep 20 00:49:45 2021]: Sem item do id: 35548    

[Print][Mon Sep 20 00:49:46 2021]: Sem item do id: 35547    

[Print][Mon Sep 20 01:02:34 2021]: não tem a grana    

[Print][Mon Sep 20 01:02:35 2021]: não tem a grana    

[Print][Mon Sep 20 01:02:43 2021]: não tem o diamante    

[Print][Mon Sep 20 01:02:48 2021]: não tem a grana    

[Print][Mon Sep 20 01:02:51 2021]: não tem o diamante    

[Print][Mon Sep 20 01:29:40 2021]: sem xp    

[Print][Mon Sep 20 01:29:43 2021]: sem xp    

[Print][Mon Sep 20 01:29:43 2021]: sem xp    

[Print][Mon Sep 20 01:29:43 2021]: sem xp    

[Print][Mon Sep 20 01:35:31 2021]: sem xp    

[Print][Mon Sep 20 10:34:54 2021]: >> Cleaning players online status...    

[Print][Mon Sep 20 10:34:54 2021]: > Done in 0.02 seconds    

[Print][Mon Sep 20 10:34:54 2021]: >> Loading PvP Arenas...    

[Print][Mon Sep 20 10:34:54 2021]: > Done in 0.00 seconds    

[Print][Mon Sep 20 10:34:54 2021]: >> Loading Caught Highscores...    

[Print][Mon Sep 20 10:34:54 2021]: > Done in 0.00 seconds    

[Print][Mon Sep 20 10:34:54 2021]: >> Loading Tournament Highscores...    

[Print][Mon Sep 20 10:34:54 2021]: > Done in 0.00 seconds    

[Print][Mon Sep 20 10:34:54 2021]: >> Loading Berry Trees...    

[Print][Mon Sep 20 10:34:54 2021]: > Done in 0.03 seconds    

[Print][Mon Sep 20 10:34:54 2021]: >> Cleaning Mastery Dungeons...    

[Print][Mon Sep 20 10:34:54 2021]: > Done in 0.00 seconds    

[Print][Mon Sep 20 10:34:54 2021]: >> Loading Bosses...    

[Print][Mon Sep 20 10:34:54 2021]: >> Scheduled Boss Spawn: Blastertoise in 5 hours, 26 minutes and 13 seconds    

[Print][Mon Sep 20 10:34:54 2021]: > Done in 0.00 seconds    

[Print][Mon Sep 20 10:34:54 2021]: >> Loading Highscores...    

[Print][Mon Sep 20 10:34:54 2021]: > Done in 0.00 seconds    

[Print][Mon Sep 20 10:34:54 2021]: >> Loading Ball Pillars...    

[Print][Mon Sep 20 10:34:54 2021]: > Done in 0.02 seconds    

[Print][Mon Sep 20 10:34:54 2021]: >> Loading Citizens...    

[Print][Mon Sep 20 10:34:54 2021]: > Done in 0.44 seconds    

[Print][Mon Sep 20 10:34:54 2021]: >> Loading Ranks...    

[Print][Mon Sep 20 10:34:54 2021]: > Done in 0.00 seconds    

[Print][Mon Sep 20 10:34:54 2021]: >> All done on Mon Sep 20 10:34:54 2021    

[Print][Mon Sep 20 11:45:33 2021]: >> Cleaning players online status...    

[Print][Mon Sep 20 11:45:33 2021]: > Done in 0.14 seconds    

[Print][Mon Sep 20 11:45:33 2021]: >> Loading PvP Arenas...    

[Print][Mon Sep 20 11:45:33 2021]: > Done in 0.00 seconds    

[Print][Mon Sep 20 11:45:33 2021]: >> Loading Caught Highscores...    

[Print][Mon Sep 20 11:45:33 2021]: > Done in 0.00 seconds    

[Print][Mon Sep 20 11:45:33 2021]: >> Loading Tournament Highscores...    

[Print][Mon Sep 20 11:45:33 2021]: > Done in 0.00 seconds    

[Print][Mon Sep 20 11:45:33 2021]: >> Loading Berry Trees...    

[Print][Mon Sep 20 11:45:33 2021]: > Done in 0.02 seconds    

[Print][Mon Sep 20 11:45:33 2021]: >> Cleaning Mastery Dungeons...    

[Print][Mon Sep 20 11:45:33 2021]: > Done in 0.00 seconds    

[Print][Mon Sep 20 11:45:33 2021]: >> Loading Bosses...    

[Print][Mon Sep 20 11:45:33 2021]: >> Scheduled Boss Spawn: The Turbo in 9 hours, 51 minutes and 17 seconds    

[Print][Mon Sep 20 11:45:33 2021]: > Done in 0.00 seconds    

[Print][Mon Sep 20 11:45:33 2021]: >> Loading Highscores...    

[Print][Mon Sep 20 11:45:33 2021]: > Done in 0.00 seconds    

[Print][Mon Sep 20 11:45:33 2021]: >> Loading Ball Pillars...    

[Print][Mon Sep 20 11:45:33 2021]: > Done in 0.00 seconds    

[Print][Mon Sep 20 11:45:33 2021]: >> Loading Citizens...    

[Print][Mon Sep 20 11:45:34 2021]: > Done in 0.46 seconds    

[Print][Mon Sep 20 11:45:34 2021]: >> Loading Ranks...    

[Print][Mon Sep 20 11:45:34 2021]: > Done in 0.00 seconds    

[Print][Mon Sep 20 11:45:34 2021]: >> All done on Mon Sep 20 11:45:34 2021    

[Print][Mon Sep 20 12:39:42 2021]: >> Cleaning players online status...    

[Print][Mon Sep 20 12:39:42 2021]: > Done in 0.02 seconds    

[Print][Mon Sep 20 12:39:42 2021]: >> Loading PvP Arenas...    

[Print][Mon Sep 20 12:39:42 2021]: > Done in 0.00 seconds    

[Print][Mon Sep 20 12:39:42 2021]: >> Loading Caught Highscores...    

[Print][Mon Sep 20 12:39:42 2021]: > Done in 0.00 seconds    

[Print][Mon Sep 20 12:39:42 2021]: >> Loading Tournament Highscores...    

[Print][Mon Sep 20 12:39:42 2021]: > Done in 0.00 seconds    

[Print][Mon Sep 20 12:39:42 2021]: >> Loading Berry Trees...    

[Print][Mon Sep 20 12:39:42 2021]: > Done in 0.01 seconds    

[Print][Mon Sep 20 12:39:42 2021]: >> Cleaning Mastery Dungeons...    

[Print][Mon Sep 20 12:39:42 2021]: > Done in 0.00 seconds    

[Print][Mon Sep 20 12:39:42 2021]: >> Loading Bosses...    

[Print][Mon Sep 20 12:39:42 2021]: >> Scheduled Boss Spawn: Cesar, The Simian in 6 hours, 22 minutes and 54 seconds    

[Print][Mon Sep 20 12:39:42 2021]: > Done in 0.01 seconds    

[Print][Mon Sep 20 12:39:42 2021]: >> Loading Highscores...    

[Print][Mon Sep 20 12:39:42 2021]: > Done in 0.00 seconds    

[Print][Mon Sep 20 12:39:42 2021]: >> Loading Ball Pillars...    

[Print][Mon Sep 20 12:39:42 2021]: > Done in 0.01 seconds    

[Print][Mon Sep 20 12:39:42 2021]: >> Loading Citizens...    

[Print][Mon Sep 20 12:39:43 2021]: > Done in 0.46 seconds    

[Print][Mon Sep 20 12:39:43 2021]: >> Loading Ranks...    

[Print][Mon Sep 20 12:39:43 2021]: > Done in 0.00 seconds    

[Print][Mon Sep 20 12:39:43 2021]: >> All done on Mon Sep 20 12:39:43 2021    

[Print][Mon Sep 20 14:53:37 2021]: >> Cleaning players online status...    

[Print][Mon Sep 20 14:53:38 2021]: > Done in 0.24 seconds    

[Print][Mon Sep 20 14:53:38 2021]: >> Loading PvP Arenas...    

[Print][Mon Sep 20 14:53:38 2021]: > Done in 0.00 seconds    

[Print][Mon Sep 20 14:53:38 2021]: >> Loading Caught Highscores...    

[Print][Mon Sep 20 14:53:38 2021]: > Done in 0.00 seconds    

[Print][Mon Sep 20 14:53:38 2021]: >> Loading Tournament Highscores...    

[Print][Mon Sep 20 14:53:38 2021]: > Done in 0.00 seconds    

[Print][Mon Sep 20 14:53:38 2021]: >> Loading Berry Trees...    

[Print][Mon Sep 20 14:53:38 2021]: > Done in 0.03 seconds    

[Print][Mon Sep 20 14:53:38 2021]: >> Cleaning Mastery Dungeons...    

[Print][Mon Sep 20 14:53:38 2021]: > Done in 0.00 seconds    

[Print][Mon Sep 20 14:53:38 2021]: >> Loading Bosses...    

[Print][Mon Sep 20 14:53:38 2021]: >> Scheduled Boss Spawn: Charles Spencer in 5 hours, 14 minutes and 20 seconds    

[Print][Mon Sep 20 14:53:38 2021]: > Done in 0.00 seconds    

[Print][Mon Sep 20 14:53:38 2021]: >> Loading Highscores...    

[Print][Mon Sep 20 14:53:38 2021]: > Done in 0.00 seconds    

[Print][Mon Sep 20 14:53:38 2021]: >> Loading Ball Pillars...    

[Print][Mon Sep 20 14:53:38 2021]: > Done in 0.00 seconds    

[Print][Mon Sep 20 14:53:38 2021]: >> Loading Citizens...    

[Print][Mon Sep 20 14:53:38 2021]: > Done in 0.47 seconds    

[Print][Mon Sep 20 14:53:38 2021]: >> Loading Ranks...    

[Print][Mon Sep 20 14:53:38 2021]: > Done in 0.00 seconds    

[Print][Mon Sep 20 14:53:38 2021]: >> All done on Mon Sep 20 14:53:38 2021    

