[Print][Fri Nov 05 14:55:51 2021]: >> Cleaning players online status...    

[Print][Fri Nov 05 14:55:51 2021]: > Done in 0.04 seconds    

[Print][Fri Nov 05 14:55:51 2021]: >> Loading PvP Arenas...    

[Print][Fri Nov 05 14:55:51 2021]: > Done in 0.00 seconds    

[Print][Fri Nov 05 14:55:51 2021]: >> Loading Caught Highscores...    

[Print][Fri Nov 05 14:55:51 2021]: > Done in 0.00 seconds    

[Print][Fri Nov 05 14:55:51 2021]: >> Loading Tournament Highscores...    

[Print][Fri Nov 05 14:55:51 2021]: > Done in 0.00 seconds    

[Print][Fri Nov 05 14:55:51 2021]: >> Loading Berry Trees...    

[Print][Fri Nov 05 14:55:51 2021]: > Done in 0.08 seconds    

[Print][Fri Nov 05 14:55:51 2021]: >> Cleaning Mastery Dungeons...    

[Print][Fri Nov 05 14:55:51 2021]: > Done in 0.00 seconds    

[Print][Fri Nov 05 14:55:51 2021]: >> Loading Bosses...    

[Print][Fri Nov 05 14:55:51 2021]: >> Scheduled Boss Spawn: DoomBoy in 9 hours, 57 minutes and 1 second    

[Print][Fri Nov 05 14:55:51 2021]: > Done in 0.01 seconds    

[Print][Fri Nov 05 14:55:51 2021]: >> Loading Highscores...    

[Print][Fri Nov 05 14:55:51 2021]: > Done in 0.00 seconds    

[Print][Fri Nov 05 14:55:51 2021]: >> Loading Ball Pillars...    

[Print][Fri Nov 05 14:55:51 2021]: > Done in 0.02 seconds    

[Print][Fri Nov 05 14:55:51 2021]: >> Loading Citizens...    

[Print][Fri Nov 05 14:55:52 2021]: > Done in 0.71 seconds    

[Print][Fri Nov 05 14:55:52 2021]: >> Loading Ranks...    

[Print][Fri Nov 05 14:55:52 2021]: > Done in 0.00 seconds    

[Print][Fri Nov 05 14:55:52 2021]: >> All done on Fri Nov 05 14:55:52 2021    

[Print][Fri Nov 05 16:50:00 2021]: >> Cleaning players online status...    

[Print][Fri Nov 05 16:50:00 2021]: > Done in 0.04 seconds    

[Print][Fri Nov 05 16:50:00 2021]: >> Loading PvP Arenas...    

[Print][Fri Nov 05 16:50:00 2021]: > Done in 0.00 seconds    

[Print][Fri Nov 05 16:50:00 2021]: >> Loading Caught Highscores...    

[Print][Fri Nov 05 16:50:00 2021]: > Done in 0.00 seconds    

[Print][Fri Nov 05 16:50:00 2021]: >> Loading Tournament Highscores...    

[Print][Fri Nov 05 16:50:00 2021]: > Done in 0.00 seconds    

[Print][Fri Nov 05 16:50:00 2021]: >> Loading Berry Trees...    

[Print][Fri Nov 05 16:50:00 2021]: > Done in 0.01 seconds    

[Print][Fri Nov 05 16:50:00 2021]: >> Cleaning Mastery Dungeons...    

[Print][Fri Nov 05 16:50:00 2021]: > Done in 0.00 seconds    

[Print][Fri Nov 05 16:50:00 2021]: >> Loading Bosses...    

[Print][Fri Nov 05 16:50:00 2021]: >> Scheduled Boss Spawn: Grisly Mind in 6 hours, 15 minutes and 57 seconds    

[Print][Fri Nov 05 16:50:00 2021]: > Done in 0.01 seconds    

[Print][Fri Nov 05 16:50:00 2021]: >> Loading Highscores...    

[Print][Fri Nov 05 16:50:00 2021]: > Done in 0.00 seconds    

[Print][Fri Nov 05 16:50:00 2021]: >> Loading Ball Pillars...    

[Print][Fri Nov 05 16:50:00 2021]: > Done in 0.00 seconds    

[Print][Fri Nov 05 16:50:00 2021]: >> Loading Citizens...    

[Print][Fri Nov 05 16:50:01 2021]: > Done in 0.59 seconds    

[Print][Fri Nov 05 16:50:01 2021]: >> Loading Ranks...    

[Print][Fri Nov 05 16:50:01 2021]: > Done in 0.00 seconds    

[Print][Fri Nov 05 16:50:01 2021]: >> All done on Fri Nov 05 16:50:01 2021    

[Print][Fri Nov 05 16:54:49 2021]: >> Cleaning players online status...    

[Print][Fri Nov 05 16:54:49 2021]: > Done in 0.04 seconds    

[Print][Fri Nov 05 16:54:49 2021]: >> Loading PvP Arenas...    

[Print][Fri Nov 05 16:54:49 2021]: > Done in 0.00 seconds    

[Print][Fri Nov 05 16:54:49 2021]: >> Loading Caught Highscores...    

[Print][Fri Nov 05 16:54:49 2021]: > Done in 0.00 seconds    

[Print][Fri Nov 05 16:54:49 2021]: >> Loading Tournament Highscores...    

[Print][Fri Nov 05 16:54:49 2021]: > Done in 0.00 seconds    

[Print][Fri Nov 05 16:54:49 2021]: >> Loading Berry Trees...    

[Print][Fri Nov 05 16:54:49 2021]: > Done in 0.02 seconds    

[Print][Fri Nov 05 16:54:49 2021]: >> Cleaning Mastery Dungeons...    

[Print][Fri Nov 05 16:54:49 2021]: > Done in 0.00 seconds    

[Print][Fri Nov 05 16:54:49 2021]: >> Loading Bosses...    

[Print][Fri Nov 05 16:54:49 2021]: >> Scheduled Boss Spawn: Great Saul in 8 hours, 35 minutes and 41 seconds    

[Print][Fri Nov 05 16:54:49 2021]: > Done in 0.01 seconds    

[Print][Fri Nov 05 16:54:49 2021]: >> Loading Highscores...    

[Print][Fri Nov 05 16:54:49 2021]: > Done in 0.00 seconds    

[Print][Fri Nov 05 16:54:49 2021]: >> Loading Ball Pillars...    

[Print][Fri Nov 05 16:54:49 2021]: > Done in 0.00 seconds    

[Print][Fri Nov 05 16:54:49 2021]: >> Loading Citizens...    

[Print][Fri Nov 05 16:54:50 2021]: > Done in 0.55 seconds    

[Print][Fri Nov 05 16:54:50 2021]: >> Loading Ranks...    

[Print][Fri Nov 05 16:54:50 2021]: > Done in 0.00 seconds    

[Print][Fri Nov 05 16:54:50 2021]: >> All done on Fri Nov 05 16:54:50 2021    

[Print][Fri Nov 05 16:58:07 2021]: 3    1    1    1    

[Print][Fri Nov 05 16:58:11 2021]: 3    1    1    1    

[Print][Fri Nov 05 16:58:12 2021]: 3    1    1    1    

[Print][Fri Nov 05 16:58:13 2021]: 3    1    1    1    

[Print][Fri Nov 05 16:58:13 2021]: 3    1    1    1    

[Print][Fri Nov 05 17:03:01 2021]: >> Cleaning players online status...    

[Print][Fri Nov 05 17:03:01 2021]: > Done in 0.27 seconds    

[Print][Fri Nov 05 17:03:01 2021]: >> Loading PvP Arenas...    

[Print][Fri Nov 05 17:03:01 2021]: > Done in 0.00 seconds    

[Print][Fri Nov 05 17:03:01 2021]: >> Loading Caught Highscores...    

[Print][Fri Nov 05 17:03:01 2021]: > Done in 0.00 seconds    

[Print][Fri Nov 05 17:03:01 2021]: >> Loading Tournament Highscores...    

[Print][Fri Nov 05 17:03:01 2021]: > Done in 0.03 seconds    

[Print][Fri Nov 05 17:03:01 2021]: >> Loading Berry Trees...    

[Print][Fri Nov 05 17:03:01 2021]: > Done in 0.10 seconds    

[Print][Fri Nov 05 17:03:01 2021]: >> Cleaning Mastery Dungeons...    

[Print][Fri Nov 05 17:03:01 2021]: > Done in 0.00 seconds    

[Print][Fri Nov 05 17:03:01 2021]: >> Loading Bosses...    

[Print][Fri Nov 05 17:03:01 2021]: >> Scheduled Boss Spawn: Twisted Blades in 14 hours, 7 minutes and 2 seconds    

[Print][Fri Nov 05 17:03:01 2021]: > Done in 0.01 seconds    

[Print][Fri Nov 05 17:03:01 2021]: >> Loading Highscores...    

[Print][Fri Nov 05 17:03:01 2021]: > Done in 0.00 seconds    

[Print][Fri Nov 05 17:03:01 2021]: >> Loading Ball Pillars...    

[Print][Fri Nov 05 17:03:01 2021]: > Done in 0.00 seconds    

[Print][Fri Nov 05 17:03:01 2021]: >> Loading Citizens...    

[Print][Fri Nov 05 17:03:02 2021]: > Done in 0.50 seconds    

[Print][Fri Nov 05 17:03:02 2021]: >> Loading Ranks...    

[Print][Fri Nov 05 17:03:02 2021]: > Done in 0.00 seconds    

[Print][Fri Nov 05 17:03:02 2021]: >> All done on Fri Nov 05 17:03:02 2021    

[Print][Fri Nov 05 17:03:15 2021]: 3    1    1    1    

[Print][Fri Nov 05 17:03:20 2021]: 3    1    1    1    

[Print][Fri Nov 05 17:03:20 2021]: 3    1    1    1    

[Print][Fri Nov 05 17:03:21 2021]: 3    1    1    1    

[Print][Fri Nov 05 17:03:21 2021]: 3    1    1    1    

[Print][Fri Nov 05 17:08:30 2021]: >> Cleaning players online status...    

[Print][Fri Nov 05 17:08:30 2021]: > Done in 0.03 seconds    

[Print][Fri Nov 05 17:08:30 2021]: >> Loading PvP Arenas...    

[Print][Fri Nov 05 17:08:30 2021]: > Done in 0.00 seconds    

[Print][Fri Nov 05 17:08:30 2021]: >> Loading Caught Highscores...    

[Print][Fri Nov 05 17:08:30 2021]: > Done in 0.00 seconds    

[Print][Fri Nov 05 17:08:30 2021]: >> Loading Tournament Highscores...    

[Print][Fri Nov 05 17:08:30 2021]: > Done in 0.00 seconds    

[Print][Fri Nov 05 17:08:30 2021]: >> Loading Berry Trees...    

[Print][Fri Nov 05 17:08:30 2021]: > Done in 0.01 seconds    

[Print][Fri Nov 05 17:08:30 2021]: >> Cleaning Mastery Dungeons...    

[Print][Fri Nov 05 17:08:30 2021]: > Done in 0.00 seconds    

[Print][Fri Nov 05 17:08:30 2021]: >> Loading Bosses...    

[Print][Fri Nov 05 17:08:30 2021]: >> Scheduled Boss Spawn: Pink Fury in 14 hours, 25 minutes and 41 seconds    

[Print][Fri Nov 05 17:08:30 2021]: > Done in 0.01 seconds    

[Print][Fri Nov 05 17:08:30 2021]: >> Loading Highscores...    

[Print][Fri Nov 05 17:08:30 2021]: > Done in 0.00 seconds    

[Print][Fri Nov 05 17:08:30 2021]: >> Loading Ball Pillars...    

[Print][Fri Nov 05 17:08:30 2021]: > Done in 0.00 seconds    

[Print][Fri Nov 05 17:08:30 2021]: >> Loading Citizens...    

[Print][Fri Nov 05 17:08:31 2021]: > Done in 0.56 seconds    

[Print][Fri Nov 05 17:08:31 2021]: >> Loading Ranks...    

[Print][Fri Nov 05 17:08:31 2021]: > Done in 0.00 seconds    

[Print][Fri Nov 05 17:08:31 2021]: >> All done on Fri Nov 05 17:08:31 2021    

[Print][Fri Nov 05 17:08:49 2021]: 3    1    1    1    

[Print][Fri Nov 05 17:08:54 2021]: 3    1    1    1    

[Print][Fri Nov 05 17:22:06 2021]: 3    1    1    1    

[Print][Fri Nov 05 17:22:09 2021]: 3    1    1    1    

[Print][Fri Nov 05 17:25:23 2021]: >> Cleaning players online status...    

[Print][Fri Nov 05 17:25:23 2021]: > Done in 0.04 seconds    

[Print][Fri Nov 05 17:25:23 2021]: >> Loading PvP Arenas...    

[Print][Fri Nov 05 17:25:23 2021]: > Done in 0.00 seconds    

[Print][Fri Nov 05 17:25:23 2021]: >> Loading Caught Highscores...    

[Print][Fri Nov 05 17:25:23 2021]: > Done in 0.00 seconds    

[Print][Fri Nov 05 17:25:23 2021]: >> Loading Tournament Highscores...    

[Print][Fri Nov 05 17:25:23 2021]: > Done in 0.00 seconds    

[Print][Fri Nov 05 17:25:23 2021]: >> Loading Berry Trees...    

[Print][Fri Nov 05 17:25:23 2021]: > Done in 0.01 seconds    

[Print][Fri Nov 05 17:25:23 2021]: >> Cleaning Mastery Dungeons...    

[Print][Fri Nov 05 17:25:23 2021]: > Done in 0.00 seconds    

[Print][Fri Nov 05 17:25:23 2021]: >> Loading Bosses...    

[Print][Fri Nov 05 17:25:23 2021]: >> Scheduled Boss Spawn: Smaug in 7 hours, 45 minutes and 57 seconds    

[Print][Fri Nov 05 17:25:23 2021]: > Done in 0.01 seconds    

[Print][Fri Nov 05 17:25:23 2021]: >> Loading Highscores...    

[Print][Fri Nov 05 17:25:23 2021]: > Done in 0.00 seconds    

[Print][Fri Nov 05 17:25:23 2021]: >> Loading Ball Pillars...    

[Print][Fri Nov 05 17:25:23 2021]: > Done in 0.00 seconds    

[Print][Fri Nov 05 17:25:23 2021]: >> Loading Citizens...    

[Print][Fri Nov 05 17:25:23 2021]: > Done in 0.52 seconds    

[Print][Fri Nov 05 17:25:23 2021]: >> Loading Ranks...    

[Print][Fri Nov 05 17:25:23 2021]: > Done in 0.00 seconds    

[Print][Fri Nov 05 17:25:23 2021]: >> All done on Fri Nov 05 17:25:23 2021    

[Print][Fri Nov 05 17:26:08 2021]: 3    1    1    1    

[Print][Fri Nov 05 17:26:12 2021]: 3    1    1    1    

[Print][Fri Nov 05 17:27:09 2021]: 3    1    1    1    

[Print][Fri Nov 05 17:27:13 2021]: 3    1    1    1    

[Print][Fri Nov 05 17:34:48 2021]: 3    1    1    1    

[Print][Fri Nov 05 17:34:51 2021]: 3    1    1    1    

[Print][Fri Nov 05 17:35:51 2021]: 3    1    1    1    

[Print][Fri Nov 05 17:35:55 2021]: 3    1    1    1    

[Print][Fri Nov 05 17:36:56 2021]: 3    1    1    1    

[Print][Fri Nov 05 17:36:59 2021]: 3    1    1    1    

[Print][Fri Nov 05 17:37:54 2021]: 3    1    1    1    

[Print][Fri Nov 05 17:38:08 2021]: 3    1    1    1    

[Print][Fri Nov 05 17:39:16 2021]: >> Cleaning players online status...    

[Print][Fri Nov 05 17:39:16 2021]: > Done in 0.30 seconds    

[Print][Fri Nov 05 17:39:16 2021]: >> Loading PvP Arenas...    

[Print][Fri Nov 05 17:39:16 2021]: > Done in 0.00 seconds    

[Print][Fri Nov 05 17:39:16 2021]: >> Loading Caught Highscores...    

[Print][Fri Nov 05 17:39:16 2021]: > Done in 0.00 seconds    

[Print][Fri Nov 05 17:39:16 2021]: >> Loading Tournament Highscores...    

[Print][Fri Nov 05 17:39:16 2021]: > Done in 0.02 seconds    

[Print][Fri Nov 05 17:39:16 2021]: >> Loading Berry Trees...    

[Print][Fri Nov 05 17:39:16 2021]: > Done in 0.04 seconds    

[Print][Fri Nov 05 17:39:16 2021]: >> Cleaning Mastery Dungeons...    

[Print][Fri Nov 05 17:39:16 2021]: > Done in 0.00 seconds    

[Print][Fri Nov 05 17:39:16 2021]: >> Loading Bosses...    

[Print][Fri Nov 05 17:39:16 2021]: >> Scheduled Boss Spawn: Great Saul in 15 hours, 38 minutes and 56 seconds    

[Print][Fri Nov 05 17:39:16 2021]: > Done in 0.01 seconds    

[Print][Fri Nov 05 17:39:16 2021]: >> Loading Highscores...    

[Print][Fri Nov 05 17:39:16 2021]: > Done in 0.00 seconds    

[Print][Fri Nov 05 17:39:16 2021]: >> Loading Ball Pillars...    

[Print][Fri Nov 05 17:39:16 2021]: > Done in 0.05 seconds    

[Print][Fri Nov 05 17:39:16 2021]: >> Loading Citizens...    

[Print][Fri Nov 05 17:39:17 2021]: > Done in 0.52 seconds    

[Print][Fri Nov 05 17:39:17 2021]: >> Loading Ranks...    

[Print][Fri Nov 05 17:39:17 2021]: > Done in 0.00 seconds    

[Print][Fri Nov 05 17:39:17 2021]: >> All done on Fri Nov 05 17:39:17 2021    

[Print][Fri Nov 05 17:41:53 2021]: 3    1    1    1    

[Print][Fri Nov 05 17:42:05 2021]: 3    1    1    1    

[Print][Fri Nov 05 17:44:19 2021]: 3    1    1    1    

[Print][Fri Nov 05 17:44:33 2021]: 3    1    1    1    

[Print][Fri Nov 05 17:45:19 2021]: 3    1    1    1    

[Print][Fri Nov 05 17:45:33 2021]: 3    1    1    1    

[Print][Fri Nov 05 17:47:28 2021]: >> Cleaning players online status...    

[Print][Fri Nov 05 17:47:28 2021]: > Done in 0.02 seconds    

[Print][Fri Nov 05 17:47:28 2021]: >> Loading PvP Arenas...    

[Print][Fri Nov 05 17:47:28 2021]: > Done in 0.00 seconds    

[Print][Fri Nov 05 17:47:28 2021]: >> Loading Caught Highscores...    

[Print][Fri Nov 05 17:47:28 2021]: > Done in 0.00 seconds    

[Print][Fri Nov 05 17:47:28 2021]: >> Loading Tournament Highscores...    

[Print][Fri Nov 05 17:47:28 2021]: > Done in 0.00 seconds    

[Print][Fri Nov 05 17:47:28 2021]: >> Loading Berry Trees...    

[Print][Fri Nov 05 17:47:28 2021]: > Done in 0.01 seconds    

[Print][Fri Nov 05 17:47:28 2021]: >> Cleaning Mastery Dungeons...    

[Print][Fri Nov 05 17:47:28 2021]: > Done in 0.00 seconds    

[Print][Fri Nov 05 17:47:28 2021]: >> Loading Bosses...    

[Print][Fri Nov 05 17:47:28 2021]: >> Scheduled Boss Spawn: Toby in 6 hours, 18 minutes and 46 seconds    

[Print][Fri Nov 05 17:47:28 2021]: > Done in 0.01 seconds    

[Print][Fri Nov 05 17:47:28 2021]: >> Loading Highscores...    

[Print][Fri Nov 05 17:47:28 2021]: > Done in 0.00 seconds    

[Print][Fri Nov 05 17:47:28 2021]: >> Loading Ball Pillars...    

[Print][Fri Nov 05 17:47:28 2021]: > Done in 0.00 seconds    

[Print][Fri Nov 05 17:47:28 2021]: >> Loading Citizens...    

[Print][Fri Nov 05 17:47:29 2021]: > Done in 0.50 seconds    

[Print][Fri Nov 05 17:47:29 2021]: >> Loading Ranks...    

[Print][Fri Nov 05 17:47:29 2021]: > Done in 0.00 seconds    

[Print][Fri Nov 05 17:47:29 2021]: >> All done on Fri Nov 05 17:47:29 2021    

[Print][Fri Nov 05 17:47:49 2021]: 3    1    1    1    

[Print][Fri Nov 05 17:48:03 2021]: 3    1    1    1    

[Print][Fri Nov 05 17:48:31 2021]: 3    1    1    1    

[Print][Fri Nov 05 17:48:39 2021]: 3    1    1    1    

[Print][Fri Nov 05 17:49:14 2021]: 3    1    1    1    

[Print][Fri Nov 05 17:49:27 2021]: 3    1    1    1    

[Print][Fri Nov 05 17:52:28 2021]: >> Cleaning players online status...    

[Print][Fri Nov 05 17:52:28 2021]: > Done in 0.05 seconds    

[Print][Fri Nov 05 17:52:28 2021]: >> Loading PvP Arenas...    

[Print][Fri Nov 05 17:52:28 2021]: > Done in 0.00 seconds    

[Print][Fri Nov 05 17:52:28 2021]: >> Loading Caught Highscores...    

[Print][Fri Nov 05 17:52:28 2021]: > Done in 0.00 seconds    

[Print][Fri Nov 05 17:52:28 2021]: >> Loading Tournament Highscores...    

[Print][Fri Nov 05 17:52:28 2021]: > Done in 0.00 seconds    

[Print][Fri Nov 05 17:52:28 2021]: >> Loading Berry Trees...    

[Print][Fri Nov 05 17:52:28 2021]: > Done in 0.07 seconds    

[Print][Fri Nov 05 17:52:28 2021]: >> Cleaning Mastery Dungeons...    

[Print][Fri Nov 05 17:52:28 2021]: > Done in 0.00 seconds    

[Print][Fri Nov 05 17:52:28 2021]: >> Loading Bosses...    

[Print][Fri Nov 05 17:52:28 2021]: >> Scheduled Boss Spawn: Phyllo Terribil in 11 hours, 25 minutes and 8 seconds    

[Print][Fri Nov 05 17:52:28 2021]: > Done in 0.01 seconds    

[Print][Fri Nov 05 17:52:28 2021]: >> Loading Highscores...    

[Print][Fri Nov 05 17:52:28 2021]: > Done in 0.00 seconds    

[Print][Fri Nov 05 17:52:28 2021]: >> Loading Ball Pillars...    

[Print][Fri Nov 05 17:52:28 2021]: > Done in 0.00 seconds    

[Print][Fri Nov 05 17:52:28 2021]: >> Loading Citizens...    

[Print][Fri Nov 05 17:52:29 2021]: > Done in 0.57 seconds    

[Print][Fri Nov 05 17:52:29 2021]: >> Loading Ranks...    

[Print][Fri Nov 05 17:52:29 2021]: > Done in 0.00 seconds    

[Print][Fri Nov 05 17:52:29 2021]: >> All done on Fri Nov 05 17:52:29 2021    

[Print][Fri Nov 05 17:59:24 2021]: >> Cleaning players online status...    

[Print][Fri Nov 05 17:59:24 2021]: > Done in 0.27 seconds    

[Print][Fri Nov 05 17:59:24 2021]: >> Loading PvP Arenas...    

[Print][Fri Nov 05 17:59:24 2021]: > Done in 0.00 seconds    

[Print][Fri Nov 05 17:59:24 2021]: >> Loading Caught Highscores...    

[Print][Fri Nov 05 17:59:24 2021]: > Done in 0.00 seconds    

[Print][Fri Nov 05 17:59:24 2021]: >> Loading Tournament Highscores...    

[Print][Fri Nov 05 17:59:24 2021]: > Done in 0.00 seconds    

[Print][Fri Nov 05 17:59:24 2021]: >> Loading Berry Trees...    

[Print][Fri Nov 05 17:59:25 2021]: > Done in 0.05 seconds    

[Print][Fri Nov 05 17:59:25 2021]: >> Cleaning Mastery Dungeons...    

[Print][Fri Nov 05 17:59:25 2021]: > Done in 0.00 seconds    

[Print][Fri Nov 05 17:59:25 2021]: >> Loading Bosses...    

[Print][Fri Nov 05 17:59:25 2021]: >> Scheduled Boss Spawn: Twisted Blades in 13 hours, 56 minutes and 16 seconds    

[Print][Fri Nov 05 17:59:25 2021]: > Done in 0.01 seconds    

[Print][Fri Nov 05 17:59:25 2021]: >> Loading Highscores...    

[Print][Fri Nov 05 17:59:25 2021]: > Done in 0.00 seconds    

[Print][Fri Nov 05 17:59:25 2021]: >> Loading Ball Pillars...    

[Print][Fri Nov 05 17:59:25 2021]: > Done in 0.00 seconds    

[Print][Fri Nov 05 17:59:25 2021]: >> Loading Citizens...    

[Print][Fri Nov 05 17:59:25 2021]: > Done in 0.56 seconds    

[Print][Fri Nov 05 17:59:25 2021]: >> Loading Ranks...    

[Print][Fri Nov 05 17:59:25 2021]: > Done in 0.00 seconds    

[Print][Fri Nov 05 17:59:25 2021]: >> All done on Fri Nov 05 17:59:25 2021    

[Print][Fri Nov 05 17:59:54 2021]: 3    1    1    1    

[Print][Fri Nov 05 18:00:06 2021]: 3    1    1    1    

[Print][Fri Nov 05 18:00:27 2021]: 3    1    1    1    

[Print][Fri Nov 05 18:00:42 2021]: 3    1    1    1    

[Print][Fri Nov 05 18:01:03 2021]: 3    1    1    1    

[Print][Fri Nov 05 18:01:17 2021]: 3    1    1    1    

[Print][Fri Nov 05 18:04:21 2021]: >> Cleaning players online status...    

[Print][Fri Nov 05 18:04:21 2021]: > Done in 0.04 seconds    

[Print][Fri Nov 05 18:04:21 2021]: >> Loading PvP Arenas...    

[Print][Fri Nov 05 18:04:21 2021]: > Done in 0.00 seconds    

[Print][Fri Nov 05 18:04:21 2021]: >> Loading Caught Highscores...    

[Print][Fri Nov 05 18:04:21 2021]: > Done in 0.00 seconds    

[Print][Fri Nov 05 18:04:21 2021]: >> Loading Tournament Highscores...    

[Print][Fri Nov 05 18:04:22 2021]: > Done in 0.00 seconds    

[Print][Fri Nov 05 18:04:22 2021]: >> Loading Berry Trees...    

[Print][Fri Nov 05 18:04:22 2021]: > Done in 0.03 seconds    

[Print][Fri Nov 05 18:04:22 2021]: >> Cleaning Mastery Dungeons...    

[Print][Fri Nov 05 18:04:22 2021]: > Done in 0.00 seconds    

[Print][Fri Nov 05 18:04:22 2021]: >> Loading Bosses...    

[Print][Fri Nov 05 18:04:22 2021]: >> Scheduled Boss Spawn: The Turbo in 5 hours, 9 minutes and 1 second    

[Print][Fri Nov 05 18:04:22 2021]: > Done in 0.01 seconds    

[Print][Fri Nov 05 18:04:22 2021]: >> Loading Highscores...    

[Print][Fri Nov 05 18:04:22 2021]: > Done in 0.00 seconds    

[Print][Fri Nov 05 18:04:22 2021]: >> Loading Ball Pillars...    

[Print][Fri Nov 05 18:04:22 2021]: > Done in 0.00 seconds    

[Print][Fri Nov 05 18:04:22 2021]: >> Loading Citizens...    

[Print][Fri Nov 05 18:04:22 2021]: > Done in 0.51 seconds    

[Print][Fri Nov 05 18:04:22 2021]: >> Loading Ranks...    

[Print][Fri Nov 05 18:04:22 2021]: > Done in 0.00 seconds    

[Print][Fri Nov 05 18:04:22 2021]: >> All done on Fri Nov 05 18:04:22 2021    

[Print][Fri Nov 05 18:04:51 2021]: 3    1    1    1    

[Print][Fri Nov 05 18:05:08 2021]: 3    1    1    1    

[Print][Fri Nov 05 18:06:07 2021]: >> Cleaning players online status...    

[Print][Fri Nov 05 18:06:07 2021]: > Done in 0.03 seconds    

[Print][Fri Nov 05 18:06:07 2021]: >> Loading PvP Arenas...    

[Print][Fri Nov 05 18:06:07 2021]: > Done in 0.00 seconds    

[Print][Fri Nov 05 18:06:07 2021]: >> Loading Caught Highscores...    

[Print][Fri Nov 05 18:06:07 2021]: > Done in 0.00 seconds    

[Print][Fri Nov 05 18:06:07 2021]: >> Loading Tournament Highscores...    

[Print][Fri Nov 05 18:06:07 2021]: > Done in 0.00 seconds    

[Print][Fri Nov 05 18:06:07 2021]: >> Loading Berry Trees...    

[Print][Fri Nov 05 18:06:07 2021]: > Done in 0.02 seconds    

[Print][Fri Nov 05 18:06:07 2021]: >> Cleaning Mastery Dungeons...    

[Print][Fri Nov 05 18:06:07 2021]: > Done in 0.00 seconds    

[Print][Fri Nov 05 18:06:07 2021]: >> Loading Bosses...    

[Print][Fri Nov 05 18:06:07 2021]: >> Scheduled Boss Spawn: Grisly Mind in 6 hours, 45 minutes and 55 seconds    

[Print][Fri Nov 05 18:06:07 2021]: > Done in 0.01 seconds    

[Print][Fri Nov 05 18:06:07 2021]: >> Loading Highscores...    

[Print][Fri Nov 05 18:06:07 2021]: > Done in 0.00 seconds    

[Print][Fri Nov 05 18:06:07 2021]: >> Loading Ball Pillars...    

[Print][Fri Nov 05 18:06:07 2021]: > Done in 0.00 seconds    

[Print][Fri Nov 05 18:06:07 2021]: >> Loading Citizens...    

[Print][Fri Nov 05 18:06:08 2021]: > Done in 0.65 seconds    

[Print][Fri Nov 05 18:06:08 2021]: >> Loading Ranks...    

[Print][Fri Nov 05 18:06:08 2021]: > Done in 0.00 seconds    

[Print][Fri Nov 05 18:06:08 2021]: >> All done on Fri Nov 05 18:06:08 2021    

[Print][Fri Nov 05 18:06:46 2021]: 3    1    1    1    

[Print][Fri Nov 05 18:06:49 2021]: 3    1    1    1    

[Print][Fri Nov 05 18:06:51 2021]: roomId, id    

[Print][Fri Nov 05 18:06:51 2021]: 1    table: 26DA6528    

[Print][Fri Nov 05 18:07:30 2021]: 3    1    1    1    

[Print][Fri Nov 05 18:07:33 2021]: 3    1    1    1    

[Print][Fri Nov 05 18:07:35 2021]: roomId, id    

[Print][Fri Nov 05 18:07:35 2021]: 1    table: 26DA64B0    

[Print][Fri Nov 05 18:07:35 2021]: roomId, id    

[Print][Fri Nov 05 18:07:35 2021]: 2    table: 26DA64B0    

[Print][Fri Nov 05 18:07:53 2021]: 3    1    1    1    

[Print][Fri Nov 05 18:07:56 2021]: 3    1    1    1    

[Print][Fri Nov 05 18:11:28 2021]: >> Cleaning players online status...    

[Print][Fri Nov 05 18:11:28 2021]: > Done in 0.02 seconds    

[Print][Fri Nov 05 18:11:28 2021]: >> Loading PvP Arenas...    

[Print][Fri Nov 05 18:11:28 2021]: > Done in 0.00 seconds    

[Print][Fri Nov 05 18:11:28 2021]: >> Loading Caught Highscores...    

[Print][Fri Nov 05 18:11:28 2021]: > Done in 0.00 seconds    

[Print][Fri Nov 05 18:11:28 2021]: >> Loading Tournament Highscores...    

[Print][Fri Nov 05 18:11:28 2021]: > Done in 0.00 seconds    

[Print][Fri Nov 05 18:11:28 2021]: >> Loading Berry Trees...    

[Print][Fri Nov 05 18:11:28 2021]: > Done in 0.02 seconds    

[Print][Fri Nov 05 18:11:28 2021]: >> Cleaning Mastery Dungeons...    

[Print][Fri Nov 05 18:11:28 2021]: > Done in 0.00 seconds    

[Print][Fri Nov 05 18:11:28 2021]: >> Loading Bosses...    

[Print][Fri Nov 05 18:11:28 2021]: >> Scheduled Boss Spawn: Winged Wisdom in 8 hours, 37 minutes and 6 seconds    

[Print][Fri Nov 05 18:11:28 2021]: > Done in 0.01 seconds    

[Print][Fri Nov 05 18:11:28 2021]: >> Loading Highscores...    

[Print][Fri Nov 05 18:11:28 2021]: > Done in 0.00 seconds    

[Print][Fri Nov 05 18:11:28 2021]: >> Loading Ball Pillars...    

[Print][Fri Nov 05 18:11:28 2021]: > Done in 0.00 seconds    

[Print][Fri Nov 05 18:11:28 2021]: >> Loading Citizens...    

[Print][Fri Nov 05 18:11:29 2021]: > Done in 0.62 seconds    

[Print][Fri Nov 05 18:11:29 2021]: >> Loading Ranks...    

[Print][Fri Nov 05 18:11:29 2021]: > Done in 0.00 seconds    

[Print][Fri Nov 05 18:11:29 2021]: >> All done on Fri Nov 05 18:11:29 2021    

[Print][Fri Nov 05 18:11:41 2021]: 3    1    1    1    

[Print][Fri Nov 05 18:11:46 2021]: 3    1    1    1    

[Print][Fri Nov 05 18:12:02 2021]: 3    1    1    1    

[Print][Fri Nov 05 18:12:06 2021]: 3    1    1    1    

[Print][Fri Nov 05 18:12:18 2021]: 3    1    1    1    

[Print][Fri Nov 05 18:12:22 2021]: 3    1    1    1    

[Print][Fri Nov 05 18:12:39 2021]: 3    1    1    1    

[Print][Fri Nov 05 18:12:41 2021]: 3    1    1    1    

[Print][Fri Nov 05 19:17:41 2021]: 100    

[Print][Fri Nov 05 19:17:41 2021]: 100    

[Print][Fri Nov 05 19:17:41 2021]: 100    

[Print][Fri Nov 05 19:17:41 2021]: 100    

[Print][Fri Nov 05 19:17:41 2021]: 100    

[Print][Fri Nov 05 19:17:41 2021]: 100    

[Print][Fri Nov 05 19:18:17 2021]: 100    

[Print][Fri Nov 05 19:18:17 2021]: 100    

[Print][Fri Nov 05 19:18:17 2021]: 100    

[Print][Fri Nov 05 19:18:17 2021]: 100    

[Print][Fri Nov 05 19:18:17 2021]: 100    

[Print][Fri Nov 05 19:18:17 2021]: 100    

[Print][Fri Nov 05 19:20:58 2021]: >> Cleaning players online status...    

[Print][Fri Nov 05 19:20:58 2021]: > Done in 0.05 seconds    

[Print][Fri Nov 05 19:20:58 2021]: >> Loading PvP Arenas...    

[Print][Fri Nov 05 19:20:58 2021]: > Done in 0.00 seconds    

[Print][Fri Nov 05 19:20:58 2021]: >> Loading Caught Highscores...    

[Print][Fri Nov 05 19:20:58 2021]: > Done in 0.02 seconds    

[Print][Fri Nov 05 19:20:58 2021]: >> Loading Tournament Highscores...    

[Print][Fri Nov 05 19:20:58 2021]: > Done in 0.00 seconds    

[Print][Fri Nov 05 19:20:58 2021]: >> Loading Berry Trees...    

[Print][Fri Nov 05 19:20:58 2021]: > Done in 0.02 seconds    

[Print][Fri Nov 05 19:20:58 2021]: >> Cleaning Mastery Dungeons...    

[Print][Fri Nov 05 19:20:58 2021]: > Done in 0.00 seconds    

[Print][Fri Nov 05 19:20:58 2021]: >> Loading Bosses...    

[Print][Fri Nov 05 19:20:58 2021]: >> Scheduled Boss Spawn: Flesh'n Fire in 13 hours, 17 minutes and 35 seconds    

[Print][Fri Nov 05 19:20:58 2021]: > Done in 0.01 seconds    

[Print][Fri Nov 05 19:20:58 2021]: >> Loading Highscores...    

[Print][Fri Nov 05 19:20:58 2021]: > Done in 0.00 seconds    

[Print][Fri Nov 05 19:20:58 2021]: >> Loading Ball Pillars...    

[Print][Fri Nov 05 19:20:58 2021]: > Done in 0.00 seconds    

[Print][Fri Nov 05 19:20:58 2021]: >> Loading Citizens...    

[Print][Fri Nov 05 19:20:58 2021]: > Done in 0.52 seconds    

[Print][Fri Nov 05 19:20:58 2021]: >> Loading Ranks...    

[Print][Fri Nov 05 19:20:58 2021]: > Done in 0.00 seconds    

[Print][Fri Nov 05 19:20:58 2021]: >> All done on Fri Nov 05 19:20:58 2021    

[Print][Fri Nov 05 19:38:48 2021]: >> Cleaning players online status...    

[Print][Fri Nov 05 19:38:48 2021]: > Done in 0.04 seconds    

[Print][Fri Nov 05 19:38:48 2021]: >> Loading PvP Arenas...    

[Print][Fri Nov 05 19:38:48 2021]: > Done in 0.00 seconds    

[Print][Fri Nov 05 19:38:48 2021]: >> Loading Caught Highscores...    

[Print][Fri Nov 05 19:38:48 2021]: > Done in 0.00 seconds    

[Print][Fri Nov 05 19:38:48 2021]: >> Loading Tournament Highscores...    

[Print][Fri Nov 05 19:38:48 2021]: > Done in 0.02 seconds    

[Print][Fri Nov 05 19:38:48 2021]: >> Loading Berry Trees...    

[Print][Fri Nov 05 19:38:48 2021]: > Done in 0.00 seconds    

[Print][Fri Nov 05 19:38:48 2021]: >> Cleaning Mastery Dungeons...    

[Print][Fri Nov 05 19:38:48 2021]: > Done in 0.00 seconds    

[Print][Fri Nov 05 19:38:48 2021]: >> Loading Bosses...    

[Print][Fri Nov 05 19:38:48 2021]: >> Scheduled Boss Spawn: Flesh'n Fire in 8 hours, 50 minutes and 33 seconds    

[Print][Fri Nov 05 19:38:48 2021]: > Done in 0.01 seconds    

[Print][Fri Nov 05 19:38:48 2021]: >> Loading Highscores...    

[Print][Fri Nov 05 19:38:48 2021]: > Done in 0.00 seconds    

[Print][Fri Nov 05 19:38:48 2021]: >> Loading Ball Pillars...    

[Print][Fri Nov 05 19:38:48 2021]: > Done in 0.00 seconds    

[Print][Fri Nov 05 19:38:48 2021]: >> Loading Citizens...    

[Print][Fri Nov 05 19:38:48 2021]: > Done in 0.52 seconds    

[Print][Fri Nov 05 19:38:48 2021]: >> Loading Ranks...    

[Print][Fri Nov 05 19:38:48 2021]: > Done in 0.00 seconds    

[Print][Fri Nov 05 19:38:48 2021]: >> All done on Fri Nov 05 19:38:48 2021    

[Print][Fri Nov 05 20:03:05 2021]: >> Cleaning players online status...    

[Print][Fri Nov 05 20:03:05 2021]: > Done in 0.03 seconds    

[Print][Fri Nov 05 20:03:05 2021]: >> Loading PvP Arenas...    

[Print][Fri Nov 05 20:03:05 2021]: > Done in 0.00 seconds    

[Print][Fri Nov 05 20:03:05 2021]: >> Loading Caught Highscores...    

[Print][Fri Nov 05 20:03:05 2021]: > Done in 0.00 seconds    

[Print][Fri Nov 05 20:03:05 2021]: >> Loading Tournament Highscores...    

[Print][Fri Nov 05 20:03:05 2021]: > Done in 0.00 seconds    

[Print][Fri Nov 05 20:03:05 2021]: >> Loading Berry Trees...    

[Print][Fri Nov 05 20:03:05 2021]: > Done in 0.01 seconds    

[Print][Fri Nov 05 20:03:05 2021]: >> Cleaning Mastery Dungeons...    

[Print][Fri Nov 05 20:03:05 2021]: > Done in 0.00 seconds    

[Print][Fri Nov 05 20:03:05 2021]: >> Loading Bosses...    

[Print][Fri Nov 05 20:03:05 2021]: >> Scheduled Boss Spawn: Mr. Gormandize in 5 hours, 17 minutes and 20 seconds    

[Print][Fri Nov 05 20:03:05 2021]: > Done in 0.01 seconds    

[Print][Fri Nov 05 20:03:05 2021]: >> Loading Highscores...    

[Print][Fri Nov 05 20:03:05 2021]: > Done in 0.00 seconds    

[Print][Fri Nov 05 20:03:05 2021]: >> Loading Ball Pillars...    

[Print][Fri Nov 05 20:03:05 2021]: > Done in 0.03 seconds    

[Print][Fri Nov 05 20:03:05 2021]: >> Loading Citizens...    

[Print][Fri Nov 05 20:03:06 2021]: > Done in 0.47 seconds    

[Print][Fri Nov 05 20:03:06 2021]: >> Loading Ranks...    

[Print][Fri Nov 05 20:03:06 2021]: > Done in 0.00 seconds    

[Print][Fri Nov 05 20:03:06 2021]: >> All done on Fri Nov 05 20:03:06 2021    

[Print][Fri Nov 05 20:18:52 2021]: >> Cleaning players online status...    

[Print][Fri Nov 05 20:18:52 2021]: > Done in 0.04 seconds    

[Print][Fri Nov 05 20:18:52 2021]: >> Loading PvP Arenas...    

[Print][Fri Nov 05 20:18:52 2021]: > Done in 0.00 seconds    

[Print][Fri Nov 05 20:18:52 2021]: >> Loading Caught Highscores...    

[Print][Fri Nov 05 20:18:52 2021]: > Done in 0.00 seconds    

[Print][Fri Nov 05 20:18:52 2021]: >> Loading Tournament Highscores...    

[Print][Fri Nov 05 20:18:52 2021]: > Done in 0.00 seconds    

[Print][Fri Nov 05 20:18:52 2021]: >> Loading Berry Trees...    

[Print][Fri Nov 05 20:18:52 2021]: > Done in 0.02 seconds    

[Print][Fri Nov 05 20:18:52 2021]: >> Cleaning Mastery Dungeons...    

[Print][Fri Nov 05 20:18:52 2021]: > Done in 0.00 seconds    

[Print][Fri Nov 05 20:18:52 2021]: >> Loading Bosses...    

[Print][Fri Nov 05 20:18:52 2021]: >> Scheduled Boss Spawn: Phyllo Terribil in 5 hours, 45 minutes and 33 seconds    

[Print][Fri Nov 05 20:18:52 2021]: > Done in 0.01 seconds    

[Print][Fri Nov 05 20:18:52 2021]: >> Loading Highscores...    

[Print][Fri Nov 05 20:18:52 2021]: > Done in 0.00 seconds    

[Print][Fri Nov 05 20:18:52 2021]: >> Loading Ball Pillars...    

[Print][Fri Nov 05 20:18:52 2021]: > Done in 0.00 seconds    

[Print][Fri Nov 05 20:18:52 2021]: >> Loading Citizens...    

[Print][Fri Nov 05 20:18:53 2021]: > Done in 0.57 seconds    

[Print][Fri Nov 05 20:18:53 2021]: >> Loading Ranks...    

[Print][Fri Nov 05 20:18:53 2021]: > Done in 0.00 seconds    

[Print][Fri Nov 05 20:18:53 2021]: >> All done on Fri Nov 05 20:18:53 2021    

[Print][Fri Nov 05 20:30:04 2021]: >> Cleaning players online status...    

[Print][Fri Nov 05 20:30:04 2021]: > Done in 0.03 seconds    

[Print][Fri Nov 05 20:30:04 2021]: >> Loading PvP Arenas...    

[Print][Fri Nov 05 20:30:04 2021]: > Done in 0.00 seconds    

[Print][Fri Nov 05 20:30:04 2021]: >> Loading Caught Highscores...    

[Print][Fri Nov 05 20:30:04 2021]: > Done in 0.00 seconds    

[Print][Fri Nov 05 20:30:04 2021]: >> Loading Tournament Highscores...    

[Print][Fri Nov 05 20:30:04 2021]: > Done in 0.00 seconds    

[Print][Fri Nov 05 20:30:04 2021]: >> Loading Berry Trees...    

[Print][Fri Nov 05 20:30:04 2021]: > Done in 0.02 seconds    

[Print][Fri Nov 05 20:30:04 2021]: >> Cleaning Mastery Dungeons...    

[Print][Fri Nov 05 20:30:04 2021]: > Done in 0.00 seconds    

[Print][Fri Nov 05 20:30:04 2021]: >> Loading Bosses...    

[Print][Fri Nov 05 20:30:04 2021]: >> Scheduled Boss Spawn: Twisted Blades in 11 hours, 32 minutes and 57 seconds    

[Print][Fri Nov 05 20:30:04 2021]: > Done in 0.01 seconds    

[Print][Fri Nov 05 20:30:04 2021]: >> Loading Highscores...    

[Print][Fri Nov 05 20:30:04 2021]: > Done in 0.00 seconds    

[Print][Fri Nov 05 20:30:04 2021]: >> Loading Ball Pillars...    

[Print][Fri Nov 05 20:30:04 2021]: > Done in 0.00 seconds    

[Print][Fri Nov 05 20:30:04 2021]: >> Loading Citizens...    

[Print][Fri Nov 05 20:30:05 2021]: > Done in 0.54 seconds    

[Print][Fri Nov 05 20:30:05 2021]: >> Loading Ranks...    

[Print][Fri Nov 05 20:30:05 2021]: > Done in 0.00 seconds    

[Print][Fri Nov 05 20:30:05 2021]: >> All done on Fri Nov 05 20:30:05 2021    

[Print][Fri Nov 05 20:38:38 2021]: >> Cleaning players online status...    

[Print][Fri Nov 05 20:38:38 2021]: > Done in 0.02 seconds    

[Print][Fri Nov 05 20:38:38 2021]: >> Loading PvP Arenas...    

[Print][Fri Nov 05 20:38:38 2021]: > Done in 0.00 seconds    

[Print][Fri Nov 05 20:38:38 2021]: >> Loading Caught Highscores...    

[Print][Fri Nov 05 20:38:38 2021]: > Done in 0.00 seconds    

[Print][Fri Nov 05 20:38:38 2021]: >> Loading Tournament Highscores...    

[Print][Fri Nov 05 20:38:38 2021]: > Done in 0.01 seconds    

[Print][Fri Nov 05 20:38:38 2021]: >> Loading Berry Trees...    

[Print][Fri Nov 05 20:38:38 2021]: > Done in 0.01 seconds    

[Print][Fri Nov 05 20:38:38 2021]: >> Cleaning Mastery Dungeons...    

[Print][Fri Nov 05 20:38:38 2021]: > Done in 0.00 seconds    

[Print][Fri Nov 05 20:38:38 2021]: >> Loading Bosses...    

[Print][Fri Nov 05 20:38:38 2021]: >> Scheduled Boss Spawn: The Turbo in 11 hours, 15 minutes and 10 seconds    

[Print][Fri Nov 05 20:38:38 2021]: > Done in 0.01 seconds    

[Print][Fri Nov 05 20:38:38 2021]: >> Loading Highscores...    

[Print][Fri Nov 05 20:38:38 2021]: > Done in 0.00 seconds    

[Print][Fri Nov 05 20:38:38 2021]: >> Loading Ball Pillars...    

[Print][Fri Nov 05 20:38:38 2021]: > Done in 0.01 seconds    

[Print][Fri Nov 05 20:38:38 2021]: >> Loading Citizens...    

[Print][Fri Nov 05 20:38:39 2021]: > Done in 0.54 seconds    

[Print][Fri Nov 05 20:38:39 2021]: >> Loading Ranks...    

[Print][Fri Nov 05 20:38:39 2021]: > Done in 0.00 seconds    

[Print][Fri Nov 05 20:38:39 2021]: >> All done on Fri Nov 05 20:38:39 2021    

[Print][Fri Nov 05 21:18:03 2021]: >> Cleaning players online status...    

[Print][Fri Nov 05 21:18:03 2021]: > Done in 0.05 seconds    

[Print][Fri Nov 05 21:18:03 2021]: >> Loading PvP Arenas...    

[Print][Fri Nov 05 21:18:03 2021]: > Done in 0.00 seconds    

[Print][Fri Nov 05 21:18:03 2021]: >> Loading Caught Highscores...    

[Print][Fri Nov 05 21:18:03 2021]: > Done in 0.02 seconds    

[Print][Fri Nov 05 21:18:03 2021]: >> Loading Tournament Highscores...    

[Print][Fri Nov 05 21:18:03 2021]: > Done in 0.00 seconds    

[Print][Fri Nov 05 21:18:03 2021]: >> Loading Berry Trees...    

[Print][Fri Nov 05 21:18:03 2021]: > Done in 0.07 seconds    

[Print][Fri Nov 05 21:18:03 2021]: >> Cleaning Mastery Dungeons...    

[Print][Fri Nov 05 21:18:03 2021]: > Done in 0.00 seconds    

[Print][Fri Nov 05 21:18:03 2021]: >> Loading Bosses...    

[Print][Fri Nov 05 21:18:03 2021]: >> Scheduled Boss Spawn: Smaug in 15 hours, 16 minutes and 26 seconds    

[Print][Fri Nov 05 21:18:03 2021]: > Done in 0.01 seconds    

[Print][Fri Nov 05 21:18:03 2021]: >> Loading Highscores...    

[Print][Fri Nov 05 21:18:03 2021]: > Done in 0.00 seconds    

[Print][Fri Nov 05 21:18:03 2021]: >> Loading Ball Pillars...    

[Print][Fri Nov 05 21:18:03 2021]: > Done in 0.06 seconds    

[Print][Fri Nov 05 21:18:03 2021]: >> Loading Citizens...    

[Print][Fri Nov 05 21:18:04 2021]: > Done in 0.56 seconds    

[Print][Fri Nov 05 21:18:04 2021]: >> Loading Ranks...    

[Print][Fri Nov 05 21:18:04 2021]: > Done in 0.00 seconds    

[Print][Fri Nov 05 21:18:04 2021]: >> All done on Fri Nov 05 21:18:04 2021    

[Print][Fri Nov 05 22:52:31 2021]: >> Cleaning players online status...    

[Print][Fri Nov 05 22:52:31 2021]: > Done in 0.05 seconds    

[Print][Fri Nov 05 22:52:31 2021]: >> Loading PvP Arenas...    

[Print][Fri Nov 05 22:52:31 2021]: > Done in 0.03 seconds    

[Print][Fri Nov 05 22:52:31 2021]: >> Loading Caught Highscores...    

[Print][Fri Nov 05 22:52:31 2021]: > Done in 0.02 seconds    

[Print][Fri Nov 05 22:52:31 2021]: >> Loading Tournament Highscores...    

[Print][Fri Nov 05 22:52:31 2021]: > Done in 0.00 seconds    

[Print][Fri Nov 05 22:52:31 2021]: >> Loading Berry Trees...    

[Print][Fri Nov 05 22:52:31 2021]: > Done in 0.04 seconds    

[Print][Fri Nov 05 22:52:31 2021]: >> Cleaning Mastery Dungeons...    

[Print][Fri Nov 05 22:52:31 2021]: > Done in 0.00 seconds    

[Print][Fri Nov 05 22:52:31 2021]: >> Loading Bosses...    

[Print][Fri Nov 05 22:52:31 2021]: >> Scheduled Boss Spawn: Toby in 15 hours, 56 minutes and 1 second    

[Print][Fri Nov 05 22:52:31 2021]: > Done in 0.01 seconds    

[Print][Fri Nov 05 22:52:31 2021]: >> Loading Highscores...    

[Print][Fri Nov 05 22:52:31 2021]: > Done in 0.00 seconds    

[Print][Fri Nov 05 22:52:31 2021]: >> Loading Ball Pillars...    

[Print][Fri Nov 05 22:52:31 2021]: > Done in 0.00 seconds    

[Print][Fri Nov 05 22:52:31 2021]: >> Loading Citizens...    

[Print][Fri Nov 05 22:52:32 2021]: > Done in 1.02 seconds    

[Print][Fri Nov 05 22:52:32 2021]: >> Loading Ranks...    

[Print][Fri Nov 05 22:52:32 2021]: > Done in 0.00 seconds    

[Print][Fri Nov 05 22:52:32 2021]: >> All done on Fri Nov 05 22:52:32 2021    

