[Print][Wed Sep 01 07:53:14 2021]: >> Cleaning players online status...    

[Print][Wed Sep 01 07:53:14 2021]: > Done in 0.42 seconds    

[Print][Wed Sep 01 07:53:14 2021]: >> Loading PvP Arenas...    

[Print][Wed Sep 01 07:53:14 2021]: > Done in 0.01 seconds    

[Print][Wed Sep 01 07:53:15 2021]: >> Loading Caught Highscores...    

[Print][Wed Sep 01 07:53:15 2021]: > Done in 0.00 seconds    

[Print][Wed Sep 01 07:53:15 2021]: >> Loading Tournament Highscores...    

[Print][Wed Sep 01 07:53:15 2021]: > Done in 0.00 seconds    

[Print][Wed Sep 01 07:53:15 2021]: >> Loading Berry Trees...    

[Print][Wed Sep 01 07:53:15 2021]: > Done in 0.07 seconds    

[Print][Wed Sep 01 07:53:15 2021]: >> Cleaning Mastery Dungeons...    

[Print][Wed Sep 01 07:53:15 2021]: > Done in 0.00 seconds    

[Print][Wed Sep 01 07:53:15 2021]: >> Loading Bosses...    

[Print][Wed Sep 01 07:53:15 2021]: >> Scheduled Boss Spawn: Pink Fury in 10 hours, 28 minutes and 40 seconds    

[Print][Wed Sep 01 07:53:15 2021]: > Done in 0.01 seconds    

[Print][Wed Sep 01 07:53:15 2021]: >> Loading Highscores...    

[Print][Wed Sep 01 07:53:15 2021]: > Done in 0.00 seconds    

[Print][Wed Sep 01 07:53:15 2021]: >> Loading Ball Pillars...    

[Print][Wed Sep 01 07:53:15 2021]: > Done in 0.00 seconds    

[Print][Wed Sep 01 07:53:15 2021]: >> Loading Citizens...    

[Print][Wed Sep 01 07:53:15 2021]: > Done in 0.60 seconds    

[Print][Wed Sep 01 07:53:15 2021]: >> Loading Ranks...    

[Print][Wed Sep 01 07:53:15 2021]: > Done in 0.00 seconds    

[Print][Wed Sep 01 07:53:15 2021]: >> All done on Wed Sep 01 07:53:15 2021    

[Print][Wed Sep 01 08:11:51 2021]: >> Cleaning players online status...    

[Print][Wed Sep 01 08:11:51 2021]: > Done in 0.10 seconds    

[Print][Wed Sep 01 08:11:51 2021]: >> Loading PvP Arenas...    

[Print][Wed Sep 01 08:11:51 2021]: > Done in 0.00 seconds    

[Print][Wed Sep 01 08:11:51 2021]: >> Loading Caught Highscores...    

[Print][Wed Sep 01 08:11:51 2021]: > Done in 0.00 seconds    

[Print][Wed Sep 01 08:11:51 2021]: >> Loading Tournament Highscores...    

[Print][Wed Sep 01 08:11:51 2021]: > Done in 0.00 seconds    

[Print][Wed Sep 01 08:11:51 2021]: >> Loading Berry Trees...    

[Print][Wed Sep 01 08:11:51 2021]: > Done in 0.01 seconds    

[Print][Wed Sep 01 08:11:51 2021]: >> Cleaning Mastery Dungeons...    

[Print][Wed Sep 01 08:11:51 2021]: > Done in 0.00 seconds    

[Print][Wed Sep 01 08:11:51 2021]: >> Loading Bosses...    

[Print][Wed Sep 01 08:11:51 2021]: >> Scheduled Boss Spawn: The Turbo in 5 hours, 22 minutes and 5 seconds    

[Print][Wed Sep 01 08:11:51 2021]: > Done in 0.00 seconds    

[Print][Wed Sep 01 08:11:51 2021]: >> Loading Highscores...    

[Print][Wed Sep 01 08:11:51 2021]: > Done in 0.00 seconds    

[Print][Wed Sep 01 08:11:51 2021]: >> Loading Ball Pillars...    

[Print][Wed Sep 01 08:11:51 2021]: > Done in 0.00 seconds    

[Print][Wed Sep 01 08:11:51 2021]: >> Loading Citizens...    

[Print][Wed Sep 01 08:11:51 2021]: > Done in 0.49 seconds    

[Print][Wed Sep 01 08:11:51 2021]: >> Loading Ranks...    

[Print][Wed Sep 01 08:11:51 2021]: > Done in 0.00 seconds    

[Print][Wed Sep 01 08:11:51 2021]: >> All done on Wed Sep 01 08:11:51 2021    

[Print][Wed Sep 01 09:56:45 2021]: PassLevel: 0 star: 10 current: 0    

[Print][Wed Sep 01 09:56:45 2021]: SET PassLevel: 1 star: 10 current: 0    

[Print][Wed Sep 01 09:56:51 2021]: PassLevel: 1 star: 1 current: 0    

[Print][Wed Sep 01 09:56:51 2021]: SET PassLevel: 1 star: 1 current: 0    

[Print][Wed Sep 01 10:01:33 2021]: PassLevel: 1 star: 1 current: 1    

[Print][Wed Sep 01 10:01:33 2021]: SET PassLevel: 1 star: 1 current: 1    

[Print][Wed Sep 01 10:02:14 2021]: PassLevel: 1 star: 1 current: 2    

[Print][Wed Sep 01 10:02:14 2021]: SET PassLevel: 1 star: 1 current: 2    

[Print][Wed Sep 01 10:02:14 2021]: PassLevel: 1 star: 1 current: 3    

[Print][Wed Sep 01 10:02:14 2021]: SET PassLevel: 1 star: 1 current: 3    

[Print][Wed Sep 01 10:02:26 2021]: PassLevel: 1 star: 1 current: 4    

[Print][Wed Sep 01 10:02:26 2021]: SET PassLevel: 1 star: 1 current: 4    

[Print][Wed Sep 01 10:04:23 2021]: PassLevel: 1 star: 4 current: 5    

[Print][Wed Sep 01 10:04:23 2021]: SET PassLevel: 1 star: 4 current: 5    

[Print][Wed Sep 01 10:04:23 2021]: PassLevel: 1 star: 4 current: 9    

[Print][Wed Sep 01 10:04:23 2021]: SET PassLevel: 2 star: 4 current: 9    

[Print][Wed Sep 01 10:06:42 2021]: PassLevel: 2 star: 4 current: 3    

[Print][Wed Sep 01 10:06:42 2021]: SET PassLevel: 2 star: 4 current: 3    

[Print][Wed Sep 01 10:06:42 2021]: PassLevel: 2 star: 2 current: 7    

[Print][Wed Sep 01 10:06:42 2021]: SET PassLevel: 2 star: 2 current: 7    

[Print][Wed Sep 01 10:07:16 2021]: PassLevel: 2 star: 1 current: 9    

[Print][Wed Sep 01 10:07:16 2021]: SET PassLevel: 3 star: 1 current: 9    

[Print][Wed Sep 01 10:21:54 2021]: Você n tem vip    

[Print][Wed Sep 01 10:22:07 2021]: Você n tem vip    

[Print][Wed Sep 01 10:24:27 2021]: [1]    

[Print][Wed Sep 01 10:26:22 2021]: [1]    

[Print][Wed Sep 01 10:26:22 2021]: [1]    

[Print][Wed Sep 01 10:26:22 2021]: [1,2]    

[Print][Wed Sep 01 10:26:22 2021]: [1,2]    

[Print][Wed Sep 01 10:26:22 2021]: [1]    

[Print][Wed Sep 01 10:26:22 2021]: [1]    

[Print][Wed Sep 01 10:26:22 2021]: [1,2]    

[Print][Wed Sep 01 10:26:22 2021]: [1,2]    

[Print][Wed Sep 01 10:26:22 2021]: [1]    

[Print][Wed Sep 01 10:26:22 2021]: [1]    

[Print][Wed Sep 01 10:26:22 2021]: [1,2]    

[Print][Wed Sep 01 10:26:22 2021]: [1,2]    

[Print][Wed Sep 01 10:26:22 2021]: [1]    

[Print][Wed Sep 01 10:26:22 2021]: [1]    

[Print][Wed Sep 01 10:26:22 2021]: [1,2]    

[Print][Wed Sep 01 10:26:22 2021]: [1,2]    

[Print][Wed Sep 01 10:26:22 2021]: [1]    

[Print][Wed Sep 01 10:26:22 2021]: [1]    

[Print][Wed Sep 01 10:26:22 2021]: [1,2]    

[Print][Wed Sep 01 10:26:22 2021]: [1,2]    

[Print][Wed Sep 01 10:26:22 2021]: [1]    

[Print][Wed Sep 01 10:26:22 2021]: [1]    

[Print][Wed Sep 01 10:26:22 2021]: [1,2]    

[Print][Wed Sep 01 10:26:22 2021]: [1,2]    

[Print][Wed Sep 01 10:26:22 2021]: [1]    

[Print][Wed Sep 01 10:26:22 2021]: [1]    

[Print][Wed Sep 01 10:26:22 2021]: [1,2]    

[Print][Wed Sep 01 10:26:22 2021]: [1,2]    

[Print][Wed Sep 01 10:26:22 2021]: [1]    

[Print][Wed Sep 01 10:26:22 2021]: [1]    

[Print][Wed Sep 01 10:26:22 2021]: [1,2]    

[Print][Wed Sep 01 10:26:22 2021]: [1,2]    

[Print][Wed Sep 01 10:26:22 2021]: [1]    

[Print][Wed Sep 01 10:26:23 2021]: [1]    

[Print][Wed Sep 01 10:26:23 2021]: [1,2]    

[Print][Wed Sep 01 10:26:23 2021]: [1,2]    

[Print][Wed Sep 01 10:26:23 2021]: [1]    

[Print][Wed Sep 01 10:26:23 2021]: [1]    

[Print][Wed Sep 01 10:26:23 2021]: [1,2]    

[Print][Wed Sep 01 10:26:23 2021]: [1,2]    

[Print][Wed Sep 01 10:27:46 2021]: [1]    

[Print][Wed Sep 01 10:27:46 2021]: [1]    

[Print][Wed Sep 01 10:27:46 2021]: [1,2]    

[Print][Wed Sep 01 10:27:46 2021]: [1,2]    

[Print][Wed Sep 01 10:27:46 2021]: [1]    

[Print][Wed Sep 01 10:27:46 2021]: [1]    

[Print][Wed Sep 01 10:27:46 2021]: [1,2]    

[Print][Wed Sep 01 10:27:46 2021]: [1,2]    

[Print][Wed Sep 01 10:27:46 2021]: [1]    

[Print][Wed Sep 01 10:27:46 2021]: [1]    

[Print][Wed Sep 01 10:27:46 2021]: [1,2]    

[Print][Wed Sep 01 10:27:46 2021]: [1,2]    

[Print][Wed Sep 01 10:27:46 2021]: [1]    

[Print][Wed Sep 01 10:27:46 2021]: [1]    

[Print][Wed Sep 01 10:27:46 2021]: [1,2]    

[Print][Wed Sep 01 10:27:46 2021]: [1,2]    

[Print][Wed Sep 01 10:27:46 2021]: [1]    

[Print][Wed Sep 01 10:27:46 2021]: [1]    

[Print][Wed Sep 01 10:27:46 2021]: [1,2]    

[Print][Wed Sep 01 10:27:46 2021]: [1,2]    

[Print][Wed Sep 01 10:27:46 2021]: [1]    

[Print][Wed Sep 01 10:27:46 2021]: [1]    

[Print][Wed Sep 01 10:27:46 2021]: [1,2]    

[Print][Wed Sep 01 10:27:46 2021]: [1,2]    

[Print][Wed Sep 01 10:27:46 2021]: [1]    

[Print][Wed Sep 01 10:27:46 2021]: [1]    

[Print][Wed Sep 01 10:27:46 2021]: [1,2]    

[Print][Wed Sep 01 10:27:46 2021]: [1,2]    

[Print][Wed Sep 01 10:27:46 2021]: [1]    

[Print][Wed Sep 01 10:27:46 2021]: [1]    

[Print][Wed Sep 01 10:27:46 2021]: [1,2]    

[Print][Wed Sep 01 10:27:46 2021]: [1,2]    

[Print][Wed Sep 01 10:27:46 2021]: [1]    

[Print][Wed Sep 01 10:27:46 2021]: [1]    

[Print][Wed Sep 01 10:27:46 2021]: [1,2]    

[Print][Wed Sep 01 10:27:46 2021]: [1,2]    

[Print][Wed Sep 01 10:27:46 2021]: [1]    

[Print][Wed Sep 01 10:27:46 2021]: [1]    

[Print][Wed Sep 01 10:27:46 2021]: [1,2]    

[Print][Wed Sep 01 10:27:47 2021]: [1,2]    

[Print][Wed Sep 01 16:41:56 2021]: >> Cleaning players online status...    

[Print][Wed Sep 01 16:41:56 2021]: > Done in 0.04 seconds    

[Print][Wed Sep 01 16:41:56 2021]: >> Loading PvP Arenas...    

[Print][Wed Sep 01 16:41:56 2021]: > Done in 0.00 seconds    

[Print][Wed Sep 01 16:41:56 2021]: >> Loading Caught Highscores...    

[Print][Wed Sep 01 16:41:56 2021]: > Done in 0.02 seconds    

[Print][Wed Sep 01 16:41:56 2021]: >> Loading Tournament Highscores...    

[Print][Wed Sep 01 16:41:56 2021]: > Done in 0.00 seconds    

[Print][Wed Sep 01 16:41:56 2021]: >> Loading Berry Trees...    

[Print][Wed Sep 01 16:41:56 2021]: > Done in 0.03 seconds    

[Print][Wed Sep 01 16:41:56 2021]: >> Cleaning Mastery Dungeons...    

[Print][Wed Sep 01 16:41:56 2021]: > Done in 0.00 seconds    

[Print][Wed Sep 01 16:41:56 2021]: >> Loading Bosses...    

[Print][Wed Sep 01 16:41:56 2021]: >> Scheduled Boss Spawn: Charles Spencer in 15 hours, 41 minutes and 15 seconds    

[Print][Wed Sep 01 16:41:56 2021]: > Done in 0.00 seconds    

[Print][Wed Sep 01 16:41:56 2021]: >> Loading Highscores...    

[Print][Wed Sep 01 16:41:56 2021]: > Done in 0.00 seconds    

[Print][Wed Sep 01 16:41:56 2021]: >> Loading Ball Pillars...    

[Print][Wed Sep 01 16:41:56 2021]: > Done in 0.02 seconds    

[Print][Wed Sep 01 16:41:56 2021]: >> Loading Citizens...    

[Print][Wed Sep 01 16:41:56 2021]: > Done in 0.38 seconds    

[Print][Wed Sep 01 16:41:56 2021]: >> Loading Ranks...    

[Print][Wed Sep 01 16:41:56 2021]: > Done in 0.00 seconds    

[Print][Wed Sep 01 16:41:56 2021]: >> All done on Wed Sep 01 16:41:56 2021    

[Print][Wed Sep 01 16:55:53 2021]: >> Cleaning players online status...    

[Print][Wed Sep 01 16:55:53 2021]: > Done in 0.03 seconds    

[Print][Wed Sep 01 16:55:53 2021]: >> Loading PvP Arenas...    

[Print][Wed Sep 01 16:55:53 2021]: > Done in 0.00 seconds    

[Print][Wed Sep 01 16:55:53 2021]: >> Loading Caught Highscores...    

[Print][Wed Sep 01 16:55:53 2021]: > Done in 0.00 seconds    

[Print][Wed Sep 01 16:55:53 2021]: >> Loading Tournament Highscores...    

[Print][Wed Sep 01 16:55:53 2021]: > Done in 0.00 seconds    

[Print][Wed Sep 01 16:55:53 2021]: >> Loading Berry Trees...    

[Print][Wed Sep 01 16:55:53 2021]: > Done in 0.01 seconds    

[Print][Wed Sep 01 16:55:53 2021]: >> Cleaning Mastery Dungeons...    

[Print][Wed Sep 01 16:55:53 2021]: > Done in 0.00 seconds    

[Print][Wed Sep 01 16:55:53 2021]: >> Loading Bosses...    

[Print][Wed Sep 01 16:55:53 2021]: >> Scheduled Boss Spawn: Phyllo Terribil in 11 hours, 23 minutes and 44 seconds    

[Print][Wed Sep 01 16:55:53 2021]: > Done in 0.01 seconds    

[Print][Wed Sep 01 16:55:53 2021]: >> Loading Highscores...    

[Print][Wed Sep 01 16:55:53 2021]: > Done in 0.00 seconds    

[Print][Wed Sep 01 16:55:53 2021]: >> Loading Ball Pillars...    

[Print][Wed Sep 01 16:55:53 2021]: > Done in 0.02 seconds    

[Print][Wed Sep 01 16:55:53 2021]: >> Loading Citizens...    

[Print][Wed Sep 01 16:55:53 2021]: > Done in 0.40 seconds    

[Print][Wed Sep 01 16:55:53 2021]: >> Loading Ranks...    

[Print][Wed Sep 01 16:55:53 2021]: > Done in 0.00 seconds    

[Print][Wed Sep 01 16:55:53 2021]: >> All done on Wed Sep 01 16:55:53 2021    

[Print][Wed Sep 01 17:16:52 2021]: >> Cleaning players online status...    

[Print][Wed Sep 01 17:16:52 2021]: > Done in 0.04 seconds    

[Print][Wed Sep 01 17:16:52 2021]: >> Loading PvP Arenas...    

[Print][Wed Sep 01 17:16:52 2021]: > Done in 0.00 seconds    

[Print][Wed Sep 01 17:16:52 2021]: >> Loading Caught Highscores...    

[Print][Wed Sep 01 17:16:52 2021]: > Done in 0.00 seconds    

[Print][Wed Sep 01 17:16:52 2021]: >> Loading Tournament Highscores...    

[Print][Wed Sep 01 17:16:52 2021]: > Done in 0.00 seconds    

[Print][Wed Sep 01 17:16:52 2021]: >> Loading Berry Trees...    

[Print][Wed Sep 01 17:16:52 2021]: > Done in 0.02 seconds    

[Print][Wed Sep 01 17:16:52 2021]: >> Cleaning Mastery Dungeons...    

[Print][Wed Sep 01 17:16:52 2021]: > Done in 0.00 seconds    

[Print][Wed Sep 01 17:16:52 2021]: >> Loading Bosses...    

[Print][Wed Sep 01 17:16:52 2021]: >> Scheduled Boss Spawn: Sweet Lover in 8 hours, 54 minutes and 20 seconds    

[Print][Wed Sep 01 17:16:52 2021]: > Done in 0.01 seconds    

[Print][Wed Sep 01 17:16:52 2021]: >> Loading Highscores...    

[Print][Wed Sep 01 17:16:52 2021]: > Done in 0.00 seconds    

[Print][Wed Sep 01 17:16:52 2021]: >> Loading Ball Pillars...    

[Print][Wed Sep 01 17:16:52 2021]: > Done in 0.00 seconds    

[Print][Wed Sep 01 17:16:52 2021]: >> Loading Citizens...    

[Print][Wed Sep 01 17:16:52 2021]: > Done in 0.41 seconds    

[Print][Wed Sep 01 17:16:52 2021]: >> Loading Ranks...    

[Print][Wed Sep 01 17:16:52 2021]: > Done in 0.00 seconds    

[Print][Wed Sep 01 17:16:52 2021]: >> All done on Wed Sep 01 17:16:52 2021    

[Print][Wed Sep 01 17:18:39 2021]: >> Cleaning players online status...    

[Print][Wed Sep 01 17:18:39 2021]: > Done in 0.10 seconds    

[Print][Wed Sep 01 17:18:39 2021]: >> Loading PvP Arenas...    

[Print][Wed Sep 01 17:18:39 2021]: > Done in 0.00 seconds    

[Print][Wed Sep 01 17:18:39 2021]: >> Loading Caught Highscores...    

[Print][Wed Sep 01 17:18:39 2021]: > Done in 0.00 seconds    

[Print][Wed Sep 01 17:18:39 2021]: >> Loading Tournament Highscores...    

[Print][Wed Sep 01 17:18:39 2021]: > Done in 0.00 seconds    

[Print][Wed Sep 01 17:18:39 2021]: >> Loading Berry Trees...    

[Print][Wed Sep 01 17:18:39 2021]: > Done in 0.01 seconds    

[Print][Wed Sep 01 17:18:39 2021]: >> Cleaning Mastery Dungeons...    

[Print][Wed Sep 01 17:18:39 2021]: > Done in 0.00 seconds    

[Print][Wed Sep 01 17:18:39 2021]: >> Loading Bosses...    

[Print][Wed Sep 01 17:18:39 2021]: >> Scheduled Boss Spawn: King Panlong in 14 hours, 15 minutes and 20 seconds    

[Print][Wed Sep 01 17:18:39 2021]: > Done in 0.01 seconds    

[Print][Wed Sep 01 17:18:39 2021]: >> Loading Highscores...    

[Print][Wed Sep 01 17:18:39 2021]: > Done in 0.00 seconds    

[Print][Wed Sep 01 17:18:39 2021]: >> Loading Ball Pillars...    

[Print][Wed Sep 01 17:18:39 2021]: > Done in 0.00 seconds    

[Print][Wed Sep 01 17:18:39 2021]: >> Loading Citizens...    

[Print][Wed Sep 01 17:18:39 2021]: > Done in 0.41 seconds    

[Print][Wed Sep 01 17:18:39 2021]: >> Loading Ranks...    

[Print][Wed Sep 01 17:18:39 2021]: > Done in 0.00 seconds    

[Print][Wed Sep 01 17:18:39 2021]: >> All done on Wed Sep 01 17:18:39 2021    

[Print][Wed Sep 01 17:26:58 2021]: >> Cleaning players online status...    

[Print][Wed Sep 01 17:26:58 2021]: > Done in 0.02 seconds    

[Print][Wed Sep 01 17:26:58 2021]: >> Loading PvP Arenas...    

[Print][Wed Sep 01 17:26:58 2021]: > Done in 0.00 seconds    

[Print][Wed Sep 01 17:26:58 2021]: >> Loading Caught Highscores...    

[Print][Wed Sep 01 17:26:58 2021]: > Done in 0.00 seconds    

[Print][Wed Sep 01 17:26:58 2021]: >> Loading Tournament Highscores...    

[Print][Wed Sep 01 17:26:58 2021]: > Done in 0.00 seconds    

[Print][Wed Sep 01 17:26:58 2021]: >> Loading Berry Trees...    

[Print][Wed Sep 01 17:26:58 2021]: > Done in 0.02 seconds    

[Print][Wed Sep 01 17:26:58 2021]: >> Cleaning Mastery Dungeons...    

[Print][Wed Sep 01 17:26:58 2021]: > Done in 0.00 seconds    

[Print][Wed Sep 01 17:26:58 2021]: >> Loading Bosses...    

[Print][Wed Sep 01 17:26:58 2021]: >> Scheduled Boss Spawn: Great Saul in 15 hours, 48 minutes and 29 seconds    

[Print][Wed Sep 01 17:26:58 2021]: > Done in 0.01 seconds    

[Print][Wed Sep 01 17:26:58 2021]: >> Loading Highscores...    

[Print][Wed Sep 01 17:26:58 2021]: > Done in 0.00 seconds    

[Print][Wed Sep 01 17:26:58 2021]: >> Loading Ball Pillars...    

[Print][Wed Sep 01 17:26:58 2021]: > Done in 0.00 seconds    

[Print][Wed Sep 01 17:26:58 2021]: >> Loading Citizens...    

[Print][Wed Sep 01 17:26:58 2021]: > Done in 0.39 seconds    

[Print][Wed Sep 01 17:26:58 2021]: >> Loading Ranks...    

[Print][Wed Sep 01 17:26:58 2021]: > Done in 0.00 seconds    

[Print][Wed Sep 01 17:26:58 2021]: >> All done on Wed Sep 01 17:26:58 2021    

[Print][Wed Sep 01 17:34:30 2021]: >> Cleaning players online status...    

[Print][Wed Sep 01 17:34:30 2021]: > Done in 0.02 seconds    

[Print][Wed Sep 01 17:34:30 2021]: >> Loading PvP Arenas...    

[Print][Wed Sep 01 17:34:30 2021]: > Done in 0.00 seconds    

[Print][Wed Sep 01 17:34:30 2021]: >> Loading Caught Highscores...    

[Print][Wed Sep 01 17:34:30 2021]: > Done in 0.00 seconds    

[Print][Wed Sep 01 17:34:30 2021]: >> Loading Tournament Highscores...    

[Print][Wed Sep 01 17:34:30 2021]: > Done in 0.00 seconds    

[Print][Wed Sep 01 17:34:30 2021]: >> Loading Berry Trees...    

[Print][Wed Sep 01 17:34:30 2021]: > Done in 0.01 seconds    

[Print][Wed Sep 01 17:34:30 2021]: >> Cleaning Mastery Dungeons...    

[Print][Wed Sep 01 17:34:30 2021]: > Done in 0.00 seconds    

[Print][Wed Sep 01 17:34:30 2021]: >> Loading Bosses...    

[Print][Wed Sep 01 17:34:30 2021]: >> Scheduled Boss Spawn: Mr. Gormandize in 12 hours, 30 minutes and 13 seconds    

[Print][Wed Sep 01 17:34:30 2021]: > Done in 0.01 seconds    

[Print][Wed Sep 01 17:34:30 2021]: >> Loading Highscores...    

[Print][Wed Sep 01 17:34:30 2021]: > Done in 0.00 seconds    

[Print][Wed Sep 01 17:34:30 2021]: >> Loading Ball Pillars...    

[Print][Wed Sep 01 17:34:30 2021]: > Done in 0.00 seconds    

[Print][Wed Sep 01 17:34:30 2021]: >> Loading Citizens...    

[Print][Wed Sep 01 17:34:31 2021]: > Done in 0.45 seconds    

[Print][Wed Sep 01 17:34:31 2021]: >> Loading Ranks...    

[Print][Wed Sep 01 17:34:31 2021]: > Done in 0.00 seconds    

[Print][Wed Sep 01 17:34:31 2021]: >> All done on Wed Sep 01 17:34:31 2021    

[Print][Wed Sep 01 17:38:25 2021]: >> Cleaning players online status...    

[Print][Wed Sep 01 17:38:25 2021]: > Done in 0.03 seconds    

[Print][Wed Sep 01 17:38:25 2021]: >> Loading PvP Arenas...    

[Print][Wed Sep 01 17:38:25 2021]: > Done in 0.00 seconds    

[Print][Wed Sep 01 17:38:25 2021]: >> Loading Caught Highscores...    

[Print][Wed Sep 01 17:38:25 2021]: > Done in 0.00 seconds    

[Print][Wed Sep 01 17:38:25 2021]: >> Loading Tournament Highscores...    

[Print][Wed Sep 01 17:38:25 2021]: > Done in 0.00 seconds    

[Print][Wed Sep 01 17:38:25 2021]: >> Loading Berry Trees...    

[Print][Wed Sep 01 17:38:25 2021]: > Done in 0.02 seconds    

[Print][Wed Sep 01 17:38:25 2021]: >> Cleaning Mastery Dungeons...    

[Print][Wed Sep 01 17:38:25 2021]: > Done in 0.00 seconds    

[Print][Wed Sep 01 17:38:25 2021]: >> Loading Bosses...    

[Print][Wed Sep 01 17:38:25 2021]: >> Scheduled Boss Spawn: DoomBoy in 13 hours, 17 minutes and 12 seconds    

[Print][Wed Sep 01 17:38:25 2021]: > Done in 0.01 seconds    

[Print][Wed Sep 01 17:38:25 2021]: >> Loading Highscores...    

[Print][Wed Sep 01 17:38:25 2021]: > Done in 0.00 seconds    

[Print][Wed Sep 01 17:38:25 2021]: >> Loading Ball Pillars...    

[Print][Wed Sep 01 17:38:25 2021]: > Done in 0.00 seconds    

[Print][Wed Sep 01 17:38:25 2021]: >> Loading Citizens...    

[Print][Wed Sep 01 17:38:25 2021]: > Done in 0.38 seconds    

[Print][Wed Sep 01 17:38:25 2021]: >> Loading Ranks...    

[Print][Wed Sep 01 17:38:25 2021]: > Done in 0.00 seconds    

[Print][Wed Sep 01 17:38:25 2021]: >> All done on Wed Sep 01 17:38:25 2021    

[Print][Wed Sep 01 19:55:40 2021]: >> Cleaning players online status...    

[Print][Wed Sep 01 19:55:40 2021]: > Done in 0.04 seconds    

[Print][Wed Sep 01 19:55:40 2021]: >> Loading PvP Arenas...    

[Print][Wed Sep 01 19:55:40 2021]: > Done in 0.00 seconds    

[Print][Wed Sep 01 19:55:40 2021]: >> Loading Caught Highscores...    

[Print][Wed Sep 01 19:55:40 2021]: > Done in 0.03 seconds    

[Print][Wed Sep 01 19:55:40 2021]: >> Loading Tournament Highscores...    

[Print][Wed Sep 01 19:55:40 2021]: > Done in 0.00 seconds    

[Print][Wed Sep 01 19:55:40 2021]: >> Loading Berry Trees...    

[Print][Wed Sep 01 19:55:40 2021]: > Done in 0.03 seconds    

[Print][Wed Sep 01 19:55:40 2021]: >> Cleaning Mastery Dungeons...    

[Print][Wed Sep 01 19:55:40 2021]: > Done in 0.00 seconds    

[Print][Wed Sep 01 19:55:40 2021]: >> Loading Bosses...    

[Print][Wed Sep 01 19:55:40 2021]: >> Scheduled Boss Spawn: Great Saul in 10 hours, 6 minutes and 20 seconds    

[Print][Wed Sep 01 19:55:40 2021]: > Done in 0.01 seconds    

[Print][Wed Sep 01 19:55:40 2021]: >> Loading Highscores...    

[Print][Wed Sep 01 19:55:40 2021]: > Done in 0.00 seconds    

[Print][Wed Sep 01 19:55:40 2021]: >> Loading Ball Pillars...    

[Print][Wed Sep 01 19:55:40 2021]: > Done in 0.01 seconds    

[Print][Wed Sep 01 19:55:40 2021]: >> Loading Citizens...    

[Print][Wed Sep 01 19:55:41 2021]: > Done in 0.63 seconds    

[Print][Wed Sep 01 19:55:41 2021]: >> Loading Ranks...    

[Print][Wed Sep 01 19:55:41 2021]: > Done in 0.00 seconds    

[Print][Wed Sep 01 19:55:41 2021]: >> All done on Wed Sep 01 19:55:41 2021    

[Print][Wed Sep 01 20:25:00 2021]: >> Cleaning players online status...    

[Print][Wed Sep 01 20:25:00 2021]: > Done in 0.02 seconds    

[Print][Wed Sep 01 20:25:00 2021]: >> Loading PvP Arenas...    

[Print][Wed Sep 01 20:25:00 2021]: > Done in 0.00 seconds    

[Print][Wed Sep 01 20:25:00 2021]: >> Loading Caught Highscores...    

[Print][Wed Sep 01 20:25:00 2021]: > Done in 0.00 seconds    

[Print][Wed Sep 01 20:25:00 2021]: >> Loading Tournament Highscores...    

[Print][Wed Sep 01 20:25:00 2021]: > Done in 0.00 seconds    

[Print][Wed Sep 01 20:25:00 2021]: >> Loading Berry Trees...    

[Print][Wed Sep 01 20:25:00 2021]: > Done in 0.01 seconds    

[Print][Wed Sep 01 20:25:00 2021]: >> Cleaning Mastery Dungeons...    

[Print][Wed Sep 01 20:25:00 2021]: > Done in 0.00 seconds    

[Print][Wed Sep 01 20:25:00 2021]: >> Loading Bosses...    

[Print][Wed Sep 01 20:25:00 2021]: >> Scheduled Boss Spawn: The Turbo in 11 hours, 47 minutes and 24 seconds    

[Print][Wed Sep 01 20:25:00 2021]: > Done in 0.00 seconds    

[Print][Wed Sep 01 20:25:00 2021]: >> Loading Highscores...    

[Print][Wed Sep 01 20:25:00 2021]: > Done in 0.00 seconds    

[Print][Wed Sep 01 20:25:00 2021]: >> Loading Ball Pillars...    

[Print][Wed Sep 01 20:25:00 2021]: > Done in 0.00 seconds    

[Print][Wed Sep 01 20:25:00 2021]: >> Loading Citizens...    

[Print][Wed Sep 01 20:25:01 2021]: > Done in 0.42 seconds    

[Print][Wed Sep 01 20:25:01 2021]: >> Loading Ranks...    

[Print][Wed Sep 01 20:25:01 2021]: > Done in 0.00 seconds    

[Print][Wed Sep 01 20:25:01 2021]: >> All done on Wed Sep 01 20:25:01 2021    

[Print][Wed Sep 01 22:22:40 2021]: >> Cleaning players online status...    

[Print][Wed Sep 01 22:22:40 2021]: > Done in 0.04 seconds    

[Print][Wed Sep 01 22:22:40 2021]: >> Loading PvP Arenas...    

[Print][Wed Sep 01 22:22:40 2021]: > Done in 0.00 seconds    

[Print][Wed Sep 01 22:22:40 2021]: >> Loading Caught Highscores...    

[Print][Wed Sep 01 22:22:40 2021]: > Done in 0.01 seconds    

[Print][Wed Sep 01 22:22:40 2021]: >> Loading Tournament Highscores...    

[Print][Wed Sep 01 22:22:40 2021]: > Done in 0.00 seconds    

[Print][Wed Sep 01 22:22:40 2021]: >> Loading Berry Trees...    

[Print][Wed Sep 01 22:22:40 2021]: > Done in 0.01 seconds    

[Print][Wed Sep 01 22:22:40 2021]: >> Cleaning Mastery Dungeons...    

[Print][Wed Sep 01 22:22:40 2021]: > Done in 0.00 seconds    

[Print][Wed Sep 01 22:22:40 2021]: >> Loading Bosses...    

[Print][Wed Sep 01 22:22:40 2021]: >> Scheduled Boss Spawn: Twisted Blades in 14 hours, 42 minutes and 13 seconds    

[Print][Wed Sep 01 22:22:40 2021]: > Done in 0.01 seconds    

[Print][Wed Sep 01 22:22:40 2021]: >> Loading Highscores...    

[Print][Wed Sep 01 22:22:40 2021]: > Done in 0.00 seconds    

[Print][Wed Sep 01 22:22:40 2021]: >> Loading Ball Pillars...    

[Print][Wed Sep 01 22:22:40 2021]: > Done in 0.00 seconds    

[Print][Wed Sep 01 22:22:40 2021]: >> Loading Citizens...    

[Print][Wed Sep 01 22:22:41 2021]: > Done in 0.59 seconds    

[Print][Wed Sep 01 22:22:41 2021]: >> Loading Ranks...    

[Print][Wed Sep 01 22:22:41 2021]: > Done in 0.00 seconds    

[Print][Wed Sep 01 22:22:41 2021]: >> All done on Wed Sep 01 22:22:41 2021    

