[Print][Fri Oct 01 01:32:05 2021]: >> Cleaning players online status...    

[Print][Fri Oct 01 01:32:05 2021]: > Done in 0.02 seconds    

[Print][Fri Oct 01 01:32:05 2021]: >> Loading PvP Arenas...    

[Print][Fri Oct 01 01:32:05 2021]: > Done in 0.00 seconds    

[Print][Fri Oct 01 01:32:05 2021]: >> Loading Caught Highscores...    

[Print][Fri Oct 01 01:32:05 2021]: > Done in 0.00 seconds    

[Print][Fri Oct 01 01:32:05 2021]: >> Loading Tournament Highscores...    

[Print][Fri Oct 01 01:32:05 2021]: > Done in 0.00 seconds    

[Print][Fri Oct 01 01:32:05 2021]: >> Loading Berry Trees...    

[Print][Fri Oct 01 01:32:05 2021]: > Done in 0.02 seconds    

[Print][Fri Oct 01 01:32:06 2021]: >> Cleaning Mastery Dungeons...    

[Print][Fri Oct 01 01:32:06 2021]: > Done in 0.00 seconds    

[Print][Fri Oct 01 01:32:06 2021]: >> Loading Bosses...    

[Print][Fri Oct 01 01:32:06 2021]: >> Scheduled Boss Spawn: Mr. Gormandize in 12 hours, 16 minutes and 58 seconds    

[Print][Fri Oct 01 01:32:06 2021]: > Done in 0.01 seconds    

[Print][Fri Oct 01 01:32:06 2021]: >> Loading Highscores...    

[Print][Fri Oct 01 01:32:06 2021]: > Done in 0.00 seconds    

[Print][Fri Oct 01 01:32:06 2021]: >> Loading Ball Pillars...    

[Print][Fri Oct 01 01:32:06 2021]: > Done in 0.02 seconds    

[Print][Fri Oct 01 01:32:06 2021]: >> Loading Citizens...    

[Print][Fri Oct 01 01:32:06 2021]: > Done in 0.45 seconds    

[Print][Fri Oct 01 01:32:06 2021]: >> Loading Ranks...    

[Print][Fri Oct 01 01:32:06 2021]: > Done in 0.00 seconds    

[Print][Fri Oct 01 01:32:06 2021]: >> All done on Fri Oct 01 01:32:06 2021    

[Print][Fri Oct 01 04:34:37 2021]: >> Cleaning players online status...    

[Print][Fri Oct 01 04:34:38 2021]: > Done in 0.04 seconds    

[Print][Fri Oct 01 04:34:38 2021]: >> Loading PvP Arenas...    

[Print][Fri Oct 01 04:34:38 2021]: > Done in 0.00 seconds    

[Print][Fri Oct 01 04:34:38 2021]: >> Loading Caught Highscores...    

[Print][Fri Oct 01 04:34:38 2021]: > Done in 0.01 seconds    

[Print][Fri Oct 01 04:34:38 2021]: >> Loading Tournament Highscores...    

[Print][Fri Oct 01 04:34:38 2021]: > Done in 0.00 seconds    

[Print][Fri Oct 01 04:34:38 2021]: >> Loading Berry Trees...    

[Print][Fri Oct 01 04:34:38 2021]: > Done in 0.05 seconds    

[Print][Fri Oct 01 04:34:38 2021]: >> Cleaning Mastery Dungeons...    

[Print][Fri Oct 01 04:34:38 2021]: > Done in 0.00 seconds    

[Print][Fri Oct 01 04:34:38 2021]: >> Loading Bosses...    

[Print][Fri Oct 01 04:34:38 2021]: >> Scheduled Boss Spawn: Winged Wisdom in 7 hours, 53 minutes and 41 seconds    

[Print][Fri Oct 01 04:34:38 2021]: > Done in 0.01 seconds    

[Print][Fri Oct 01 04:34:38 2021]: >> Loading Highscores...    

[Print][Fri Oct 01 04:34:38 2021]: > Done in 0.01 seconds    

[Print][Fri Oct 01 04:34:38 2021]: >> Loading Ball Pillars...    

[Print][Fri Oct 01 04:34:38 2021]: > Done in 0.00 seconds    

[Print][Fri Oct 01 04:34:38 2021]: >> Loading Citizens...    

[Print][Fri Oct 01 04:34:38 2021]: > Done in 0.59 seconds    

[Print][Fri Oct 01 04:34:38 2021]: >> Loading Ranks...    

[Print][Fri Oct 01 04:34:38 2021]: > Done in 0.00 seconds    

[Print][Fri Oct 01 04:34:38 2021]: >> All done on Fri Oct 01 04:34:38 2021    

[Print][Fri Oct 01 11:11:21 2021]: >> Cleaning players online status...    

[Print][Fri Oct 01 11:11:21 2021]: > Done in 0.02 seconds    

[Print][Fri Oct 01 11:11:21 2021]: >> Loading PvP Arenas...    

[Print][Fri Oct 01 11:11:21 2021]: > Done in 0.00 seconds    

[Print][Fri Oct 01 11:11:21 2021]: >> Loading Caught Highscores...    

[Print][Fri Oct 01 11:11:21 2021]: > Done in 0.02 seconds    

[Print][Fri Oct 01 11:11:21 2021]: >> Loading Tournament Highscores...    

[Print][Fri Oct 01 11:11:21 2021]: > Done in 0.00 seconds    

[Print][Fri Oct 01 11:11:21 2021]: >> Loading Berry Trees...    

[Print][Fri Oct 01 11:11:21 2021]: > Done in 0.03 seconds    

[Print][Fri Oct 01 11:11:21 2021]: >> Cleaning Mastery Dungeons...    

[Print][Fri Oct 01 11:11:21 2021]: > Done in 0.00 seconds    

[Print][Fri Oct 01 11:11:21 2021]: >> Loading Bosses...    

[Print][Fri Oct 01 11:11:21 2021]: >> Scheduled Boss Spawn: DoomBoy in 12 hours, 28 minutes and 53 seconds    

[Print][Fri Oct 01 11:11:21 2021]: > Done in 0.01 seconds    

[Print][Fri Oct 01 11:11:21 2021]: >> Loading Highscores...    

[Print][Fri Oct 01 11:11:22 2021]: > Done in 0.00 seconds    

[Print][Fri Oct 01 11:11:22 2021]: >> Loading Ball Pillars...    

[Print][Fri Oct 01 11:11:22 2021]: > Done in 0.01 seconds    

[Print][Fri Oct 01 11:11:22 2021]: >> Loading Citizens...    

[Print][Fri Oct 01 11:11:22 2021]: > Done in 0.52 seconds    

[Print][Fri Oct 01 11:11:22 2021]: >> Loading Ranks...    

[Print][Fri Oct 01 11:11:22 2021]: > Done in 0.00 seconds    

[Print][Fri Oct 01 11:11:22 2021]: >> All done on Fri Oct 01 11:11:22 2021    

[Print][Fri Oct 01 21:20:44 2021]: >> Cleaning players online status...    

[Print][Fri Oct 01 21:20:44 2021]: > Done in 0.08 seconds    

[Print][Fri Oct 01 21:20:44 2021]: >> Loading PvP Arenas...    

[Print][Fri Oct 01 21:20:44 2021]: > Done in 0.00 seconds    

[Print][Fri Oct 01 21:20:44 2021]: >> Loading Caught Highscores...    

[Print][Fri Oct 01 21:20:44 2021]: > Done in 0.03 seconds    

[Print][Fri Oct 01 21:20:44 2021]: >> Loading Tournament Highscores...    

[Print][Fri Oct 01 21:20:44 2021]: > Done in 0.00 seconds    

[Print][Fri Oct 01 21:20:44 2021]: >> Loading Berry Trees...    

[Print][Fri Oct 01 21:20:44 2021]: > Done in 0.02 seconds    

[Print][Fri Oct 01 21:20:44 2021]: >> Cleaning Mastery Dungeons...    

[Print][Fri Oct 01 21:20:44 2021]: > Done in 0.00 seconds    

[Print][Fri Oct 01 21:20:44 2021]: >> Loading Bosses...    

[Print][Fri Oct 01 21:20:44 2021]: >> Scheduled Boss Spawn: Blastertoise in 12 hours, 15 minutes and 53 seconds    

[Print][Fri Oct 01 21:20:44 2021]: > Done in 0.01 seconds    

[Print][Fri Oct 01 21:20:44 2021]: >> Loading Highscores...    

[Print][Fri Oct 01 21:20:44 2021]: > Done in 0.00 seconds    

[Print][Fri Oct 01 21:20:44 2021]: >> Loading Ball Pillars...    

[Print][Fri Oct 01 21:20:44 2021]: > Done in 0.00 seconds    

[Print][Fri Oct 01 21:20:44 2021]: >> Loading Citizens...    

[Print][Fri Oct 01 21:20:45 2021]: > Done in 0.52 seconds    

[Print][Fri Oct 01 21:20:45 2021]: >> Loading Ranks...    

[Print][Fri Oct 01 21:20:45 2021]: > Done in 0.00 seconds    

[Print][Fri Oct 01 21:20:45 2021]: >> All done on Fri Oct 01 21:20:45 2021    

