[Print][Fri Sep 03 08:28:27 2021]: >> Cleaning players online status...    

[Print][Fri Sep 03 08:28:27 2021]: > Done in 0.02 seconds    

[Print][Fri Sep 03 08:28:27 2021]: >> Loading PvP Arenas...    

[Print][Fri Sep 03 08:28:27 2021]: > Done in 0.00 seconds    

[Print][Fri Sep 03 08:28:27 2021]: >> Loading Caught Highscores...    

[Print][Fri Sep 03 08:28:27 2021]: > Done in 0.00 seconds    

[Print][Fri Sep 03 08:28:27 2021]: >> Loading Tournament Highscores...    

[Print][Fri Sep 03 08:28:27 2021]: > Done in 0.00 seconds    

[Print][Fri Sep 03 08:28:27 2021]: >> Loading Berry Trees...    

[Print][Fri Sep 03 08:28:27 2021]: > Done in 0.10 seconds    

[Print][Fri Sep 03 08:28:27 2021]: >> Cleaning Mastery Dungeons...    

[Print][Fri Sep 03 08:28:27 2021]: > Done in 0.00 seconds    

[Print][Fri Sep 03 08:28:27 2021]: >> Loading Bosses...    

[Print][Fri Sep 03 08:28:27 2021]: >> Scheduled Boss Spawn: Cesar, The Simian in 6 hours, 55 minutes and 45 seconds    

[Print][Fri Sep 03 08:28:27 2021]: > Done in 0.00 seconds    

[Print][Fri Sep 03 08:28:27 2021]: >> Loading Highscores...    

[Print][Fri Sep 03 08:28:27 2021]: > Done in 0.00 seconds    

[Print][Fri Sep 03 08:28:27 2021]: >> Loading Ball Pillars...    

[Print][Fri Sep 03 08:28:27 2021]: > Done in 0.03 seconds    

[Print][Fri Sep 03 08:28:27 2021]: >> Loading Citizens...    

[Print][Fri Sep 03 08:28:28 2021]: > Done in 0.56 seconds    

[Print][Fri Sep 03 08:28:28 2021]: >> Loading Ranks...    

[Print][Fri Sep 03 08:28:28 2021]: > Done in 0.00 seconds    

[Print][Fri Sep 03 08:28:28 2021]: >> All done on Fri Sep 03 08:28:28 2021    

[Print][Fri Sep 03 10:56:45 2021]: >> Cleaning players online status...    

[Print][Fri Sep 03 10:56:45 2021]: > Done in 0.06 seconds    

[Print][Fri Sep 03 10:56:45 2021]: >> Loading PvP Arenas...    

[Print][Fri Sep 03 10:56:45 2021]: > Done in 0.00 seconds    

[Print][Fri Sep 03 10:56:45 2021]: >> Loading Caught Highscores...    

[Print][Fri Sep 03 10:56:45 2021]: > Done in 0.00 seconds    

[Print][Fri Sep 03 10:56:45 2021]: >> Loading Tournament Highscores...    

[Print][Fri Sep 03 10:56:45 2021]: > Done in 0.00 seconds    

[Print][Fri Sep 03 10:56:45 2021]: >> Loading Berry Trees...    

[Print][Fri Sep 03 10:56:45 2021]: > Done in 0.05 seconds    

[Print][Fri Sep 03 10:56:45 2021]: >> Cleaning Mastery Dungeons...    

[Print][Fri Sep 03 10:56:45 2021]: > Done in 0.00 seconds    

[Print][Fri Sep 03 10:56:45 2021]: >> Loading Bosses...    

[Print][Fri Sep 03 10:56:45 2021]: >> Scheduled Boss Spawn: Mr. Gormandize in 8 hours, 17 minutes and 18 seconds    

[Print][Fri Sep 03 10:56:45 2021]: > Done in 0.00 seconds    

[Print][Fri Sep 03 10:56:45 2021]: >> Loading Highscores...    

[Print][Fri Sep 03 10:56:45 2021]: > Done in 0.00 seconds    

[Print][Fri Sep 03 10:56:45 2021]: >> Loading Ball Pillars...    

[Print][Fri Sep 03 10:56:45 2021]: > Done in 0.00 seconds    

[Print][Fri Sep 03 10:56:45 2021]: >> Loading Citizens...    

[Print][Fri Sep 03 10:56:46 2021]: > Done in 0.72 seconds    

[Print][Fri Sep 03 10:56:46 2021]: >> Loading Ranks...    

[Print][Fri Sep 03 10:56:46 2021]: > Done in 0.00 seconds    

[Print][Fri Sep 03 10:56:46 2021]: >> All done on Fri Sep 03 10:56:46 2021    

[Print][Fri Sep 03 15:50:23 2021]: >> Cleaning players online status...    

[Print][Fri Sep 03 15:50:23 2021]: > Done in 0.03 seconds    

[Print][Fri Sep 03 15:50:23 2021]: >> Loading PvP Arenas...    

[Print][Fri Sep 03 15:50:23 2021]: > Done in 0.00 seconds    

[Print][Fri Sep 03 15:50:23 2021]: >> Loading Caught Highscores...    

[Print][Fri Sep 03 15:50:23 2021]: > Done in 0.00 seconds    

[Print][Fri Sep 03 15:50:23 2021]: >> Loading Tournament Highscores...    

[Print][Fri Sep 03 15:50:23 2021]: > Done in 0.00 seconds    

[Print][Fri Sep 03 15:50:23 2021]: >> Loading Berry Trees...    

[Print][Fri Sep 03 15:50:23 2021]: > Done in 0.02 seconds    

[Print][Fri Sep 03 15:50:23 2021]: >> Cleaning Mastery Dungeons...    

[Print][Fri Sep 03 15:50:23 2021]: > Done in 0.00 seconds    

[Print][Fri Sep 03 15:50:23 2021]: >> Loading Bosses...    

[Print][Fri Sep 03 15:50:23 2021]: >> Scheduled Boss Spawn: The Turbo in 9 hours, 59 minutes and 52 seconds    

[Print][Fri Sep 03 15:50:23 2021]: > Done in 0.01 seconds    

[Print][Fri Sep 03 15:50:23 2021]: >> Loading Highscores...    

[Print][Fri Sep 03 15:50:23 2021]: > Done in 0.00 seconds    

[Print][Fri Sep 03 15:50:23 2021]: >> Loading Ball Pillars...    

[Print][Fri Sep 03 15:50:23 2021]: > Done in 0.00 seconds    

[Print][Fri Sep 03 15:50:23 2021]: >> Loading Citizens...    

[Print][Fri Sep 03 15:50:24 2021]: > Done in 0.50 seconds    

[Print][Fri Sep 03 15:50:24 2021]: >> Loading Ranks...    

[Print][Fri Sep 03 15:50:24 2021]: > Done in 0.00 seconds    

[Print][Fri Sep 03 15:50:24 2021]: >> All done on Fri Sep 03 15:50:24 2021    

[Print][Fri Sep 03 19:53:02 2021]: >> Cleaning players online status...    

[Print][Fri Sep 03 19:53:03 2021]: > Done in 0.26 seconds    

[Print][Fri Sep 03 19:53:03 2021]: >> Loading PvP Arenas...    

[Print][Fri Sep 03 19:53:03 2021]: > Done in 0.00 seconds    

[Print][Fri Sep 03 19:53:03 2021]: >> Loading Caught Highscores...    

[Print][Fri Sep 03 19:53:03 2021]: > Done in 0.04 seconds    

[Print][Fri Sep 03 19:53:03 2021]: >> Loading Tournament Highscores...    

[Print][Fri Sep 03 19:53:03 2021]: > Done in 0.00 seconds    

[Print][Fri Sep 03 19:53:03 2021]: >> Loading Berry Trees...    

[Print][Fri Sep 03 19:53:03 2021]: > Done in 0.05 seconds    

[Print][Fri Sep 03 19:53:03 2021]: >> Cleaning Mastery Dungeons...    

[Print][Fri Sep 03 19:53:03 2021]: > Done in 0.00 seconds    

[Print][Fri Sep 03 19:53:03 2021]: >> Loading Bosses...    

[Print][Fri Sep 03 19:53:03 2021]: >> Scheduled Boss Spawn: The A. Mesmer in 8 hours, 35 minutes and 47 seconds    

[Print][Fri Sep 03 19:53:03 2021]: > Done in 0.00 seconds    

[Print][Fri Sep 03 19:53:03 2021]: >> Loading Highscores...    

[Print][Fri Sep 03 19:53:03 2021]: > Done in 0.00 seconds    

[Print][Fri Sep 03 19:53:03 2021]: >> Loading Ball Pillars...    

[Print][Fri Sep 03 19:53:03 2021]: > Done in 0.00 seconds    

[Print][Fri Sep 03 19:53:03 2021]: >> Loading Citizens...    

[Print][Fri Sep 03 19:53:04 2021]: > Done in 0.93 seconds    

[Print][Fri Sep 03 19:53:04 2021]: >> Loading Ranks...    

[Print][Fri Sep 03 19:53:04 2021]: > Done in 0.00 seconds    

[Print][Fri Sep 03 19:53:04 2021]: >> All done on Fri Sep 03 19:53:04 2021    

