[Print][Thu Sep 30 00:54:49 2021]: >> Cleaning players online status...    

[Print][Thu Sep 30 00:54:49 2021]: > Done in 0.03 seconds    

[Print][Thu Sep 30 00:54:49 2021]: >> Loading PvP Arenas...    

[Print][Thu Sep 30 00:54:49 2021]: > Done in 0.00 seconds    

[Print][Thu Sep 30 00:54:49 2021]: >> Loading Caught Highscores...    

[Print][Thu Sep 30 00:54:49 2021]: > Done in 0.00 seconds    

[Print][Thu Sep 30 00:54:49 2021]: >> Loading Tournament Highscores...    

[Print][Thu Sep 30 00:54:49 2021]: > Done in 0.00 seconds    

[Print][Thu Sep 30 00:54:49 2021]: >> Loading Berry Trees...    

[Print][Thu Sep 30 00:54:49 2021]: > Done in 0.02 seconds    

[Print][Thu Sep 30 00:54:49 2021]: >> Cleaning Mastery Dungeons...    

[Print][Thu Sep 30 00:54:49 2021]: > Done in 0.00 seconds    

[Print][Thu Sep 30 00:54:49 2021]: >> Loading Bosses...    

[Print][Thu Sep 30 00:54:49 2021]: >> Scheduled Boss Spawn: Sweet Lover in 15 hours, 36 minutes and 15 seconds    

[Print][Thu Sep 30 00:54:49 2021]: > Done in 0.01 seconds    

[Print][Thu Sep 30 00:54:49 2021]: >> Loading Highscores...    

[Print][Thu Sep 30 00:54:49 2021]: > Done in 0.00 seconds    

[Print][Thu Sep 30 00:54:49 2021]: >> Loading Ball Pillars...    

[Print][Thu Sep 30 00:54:49 2021]: > Done in 0.00 seconds    

[Print][Thu Sep 30 00:54:49 2021]: >> Loading Citizens...    

[Print][Thu Sep 30 00:54:50 2021]: > Done in 0.58 seconds    

[Print][Thu Sep 30 00:54:50 2021]: >> Loading Ranks...    

[Print][Thu Sep 30 00:54:50 2021]: > Done in 0.00 seconds    

[Print][Thu Sep 30 00:54:50 2021]: >> All done on Thu Sep 30 00:54:50 2021    

[Print][Thu Sep 30 01:00:05 2021]: >> Cleaning players online status...    

[Print][Thu Sep 30 01:00:05 2021]: > Done in 0.03 seconds    

[Print][Thu Sep 30 01:00:05 2021]: >> Loading PvP Arenas...    

[Print][Thu Sep 30 01:00:05 2021]: > Done in 0.00 seconds    

[Print][Thu Sep 30 01:00:05 2021]: >> Loading Caught Highscores...    

[Print][Thu Sep 30 01:00:05 2021]: > Done in 0.00 seconds    

[Print][Thu Sep 30 01:00:05 2021]: >> Loading Tournament Highscores...    

[Print][Thu Sep 30 01:00:05 2021]: > Done in 0.00 seconds    

[Print][Thu Sep 30 01:00:05 2021]: >> Loading Berry Trees...    

[Print][Thu Sep 30 01:00:05 2021]: > Done in 0.06 seconds    

[Print][Thu Sep 30 01:00:05 2021]: >> Cleaning Mastery Dungeons...    

[Print][Thu Sep 30 01:00:05 2021]: > Done in 0.00 seconds    

[Print][Thu Sep 30 01:00:05 2021]: >> Loading Bosses...    

[Print][Thu Sep 30 01:00:05 2021]: >> Scheduled Boss Spawn: Grisly Mind in 8 hours, 3 minutes and 31 seconds    

[Print][Thu Sep 30 01:00:05 2021]: > Done in 0.00 seconds    

[Print][Thu Sep 30 01:00:05 2021]: >> Loading Highscores...    

[Print][Thu Sep 30 01:00:05 2021]: > Done in 0.00 seconds    

[Print][Thu Sep 30 01:00:05 2021]: >> Loading Ball Pillars...    

[Print][Thu Sep 30 01:00:06 2021]: > Done in 0.00 seconds    

[Print][Thu Sep 30 01:00:06 2021]: >> Loading Citizens...    

[Print][Thu Sep 30 01:00:06 2021]: > Done in 0.50 seconds    

[Print][Thu Sep 30 01:00:06 2021]: >> Loading Ranks...    

[Print][Thu Sep 30 01:00:06 2021]: > Done in 0.00 seconds    

[Print][Thu Sep 30 01:00:06 2021]: >> All done on Thu Sep 30 01:00:06 2021    

[Print][Thu Sep 30 01:28:33 2021]: >> Cleaning players online status...    

[Print][Thu Sep 30 01:28:33 2021]: > Done in 0.03 seconds    

[Print][Thu Sep 30 01:28:33 2021]: >> Loading PvP Arenas...    

[Print][Thu Sep 30 01:28:33 2021]: > Done in 0.00 seconds    

[Print][Thu Sep 30 01:28:33 2021]: >> Loading Caught Highscores...    

[Print][Thu Sep 30 01:28:33 2021]: > Done in 0.00 seconds    

[Print][Thu Sep 30 01:28:33 2021]: >> Loading Tournament Highscores...    

[Print][Thu Sep 30 01:28:33 2021]: > Done in 0.00 seconds    

[Print][Thu Sep 30 01:28:33 2021]: >> Loading Berry Trees...    

[Print][Thu Sep 30 01:28:33 2021]: > Done in 0.06 seconds    

[Print][Thu Sep 30 01:28:33 2021]: >> Cleaning Mastery Dungeons...    

[Print][Thu Sep 30 01:28:33 2021]: > Done in 0.00 seconds    

[Print][Thu Sep 30 01:28:33 2021]: >> Loading Bosses...    

[Print][Thu Sep 30 01:28:33 2021]: >> Scheduled Boss Spawn: Great Saul in 13 hours, 6 minutes and 29 seconds    

[Print][Thu Sep 30 01:28:33 2021]: > Done in 0.01 seconds    

[Print][Thu Sep 30 01:28:33 2021]: >> Loading Highscores...    

[Print][Thu Sep 30 01:28:33 2021]: > Done in 0.00 seconds    

[Print][Thu Sep 30 01:28:33 2021]: >> Loading Ball Pillars...    

[Print][Thu Sep 30 01:28:33 2021]: > Done in 0.00 seconds    

[Print][Thu Sep 30 01:28:33 2021]: >> Loading Citizens...    

[Print][Thu Sep 30 01:28:34 2021]: > Done in 0.49 seconds    

[Print][Thu Sep 30 01:28:34 2021]: >> Loading Ranks...    

[Print][Thu Sep 30 01:28:34 2021]: > Done in 0.00 seconds    

[Print][Thu Sep 30 01:28:34 2021]: >> All done on Thu Sep 30 01:28:34 2021    

[Print][Thu Sep 30 06:21:15 2021]: >> Cleaning players online status...    

[Print][Thu Sep 30 06:21:15 2021]: > Done in 0.08 seconds    

[Print][Thu Sep 30 06:21:15 2021]: >> Loading PvP Arenas...    

[Print][Thu Sep 30 06:21:15 2021]: > Done in 0.00 seconds    

[Print][Thu Sep 30 06:21:15 2021]: >> Loading Caught Highscores...    

[Print][Thu Sep 30 06:21:15 2021]: > Done in 0.04 seconds    

[Print][Thu Sep 30 06:21:15 2021]: >> Loading Tournament Highscores...    

[Print][Thu Sep 30 06:21:15 2021]: > Done in 0.00 seconds    

[Print][Thu Sep 30 06:21:15 2021]: >> Loading Berry Trees...    

[Print][Thu Sep 30 06:21:15 2021]: > Done in 0.04 seconds    

[Print][Thu Sep 30 06:21:15 2021]: >> Cleaning Mastery Dungeons...    

[Print][Thu Sep 30 06:21:15 2021]: > Done in 0.00 seconds    

[Print][Thu Sep 30 06:21:15 2021]: >> Loading Bosses...    

[Print][Thu Sep 30 06:21:15 2021]: >> Scheduled Boss Spawn: Sweet Lover in 6 hours, 57 minutes and 39 seconds    

[Print][Thu Sep 30 06:21:15 2021]: > Done in 0.00 seconds    

[Print][Thu Sep 30 06:21:15 2021]: >> Loading Highscores...    

[Print][Thu Sep 30 06:21:15 2021]: > Done in 0.00 seconds    

[Print][Thu Sep 30 06:21:15 2021]: >> Loading Ball Pillars...    

[Print][Thu Sep 30 06:21:15 2021]: > Done in 0.02 seconds    

[Print][Thu Sep 30 06:21:15 2021]: >> Loading Citizens...    

[Print][Thu Sep 30 06:21:15 2021]: > Done in 0.56 seconds    

[Print][Thu Sep 30 06:21:15 2021]: >> Loading Ranks...    

[Print][Thu Sep 30 06:21:15 2021]: > Done in 0.00 seconds    

[Print][Thu Sep 30 06:21:15 2021]: >> All done on Thu Sep 30 06:21:15 2021    

[Print][Thu Sep 30 12:26:45 2021]: >> Cleaning players online status...    

[Print][Thu Sep 30 12:26:45 2021]: > Done in 0.06 seconds    

[Print][Thu Sep 30 12:26:45 2021]: >> Loading PvP Arenas...    

[Print][Thu Sep 30 12:26:45 2021]: > Done in 0.00 seconds    

[Print][Thu Sep 30 12:26:45 2021]: >> Loading Caught Highscores...    

[Print][Thu Sep 30 12:26:45 2021]: > Done in 0.02 seconds    

[Print][Thu Sep 30 12:26:45 2021]: >> Loading Tournament Highscores...    

[Print][Thu Sep 30 12:26:45 2021]: > Done in 0.00 seconds    

[Print][Thu Sep 30 12:26:45 2021]: >> Loading Berry Trees...    

[Print][Thu Sep 30 12:26:45 2021]: > Done in 0.03 seconds    

[Print][Thu Sep 30 12:26:45 2021]: >> Cleaning Mastery Dungeons...    

[Print][Thu Sep 30 12:26:45 2021]: > Done in 0.00 seconds    

[Print][Thu Sep 30 12:26:45 2021]: >> Loading Bosses...    

[Print][Thu Sep 30 12:26:45 2021]: >> Scheduled Boss Spawn: Smaug in 5 hours, 4 minutes and 48 seconds    

[Print][Thu Sep 30 12:26:45 2021]: > Done in 0.01 seconds    

[Print][Thu Sep 30 12:26:45 2021]: >> Loading Highscores...    

[Print][Thu Sep 30 12:26:45 2021]: > Done in 0.00 seconds    

[Print][Thu Sep 30 12:26:46 2021]: >> Loading Ball Pillars...    

[Print][Thu Sep 30 12:26:46 2021]: > Done in 0.00 seconds    

[Print][Thu Sep 30 12:26:46 2021]: >> Loading Citizens...    

[Print][Thu Sep 30 12:26:46 2021]: > Done in 0.58 seconds    

[Print][Thu Sep 30 12:26:46 2021]: >> Loading Ranks...    

[Print][Thu Sep 30 12:26:46 2021]: > Done in 0.00 seconds    

[Print][Thu Sep 30 12:26:46 2021]: >> All done on Thu Sep 30 12:26:46 2021    

[Print][Thu Sep 30 16:47:30 2021]: >> Cleaning players online status...    

[Print][Thu Sep 30 16:47:30 2021]: > Done in 0.04 seconds    

[Print][Thu Sep 30 16:47:30 2021]: >> Loading PvP Arenas...    

[Print][Thu Sep 30 16:47:30 2021]: > Done in 0.00 seconds    

[Print][Thu Sep 30 16:47:30 2021]: >> Loading Caught Highscores...    

[Print][Thu Sep 30 16:47:30 2021]: > Done in 0.01 seconds    

[Print][Thu Sep 30 16:47:30 2021]: >> Loading Tournament Highscores...    

[Print][Thu Sep 30 16:47:30 2021]: > Done in 0.00 seconds    

[Print][Thu Sep 30 16:47:30 2021]: >> Loading Berry Trees...    

[Print][Thu Sep 30 16:47:30 2021]: > Done in 0.03 seconds    

[Print][Thu Sep 30 16:47:30 2021]: >> Cleaning Mastery Dungeons...    

[Print][Thu Sep 30 16:47:30 2021]: > Done in 0.00 seconds    

[Print][Thu Sep 30 16:47:30 2021]: >> Loading Bosses...    

[Print][Thu Sep 30 16:47:30 2021]: >> Scheduled Boss Spawn: Phyllo Terribil in 7 hours, 31 minutes and 27 seconds    

[Print][Thu Sep 30 16:47:30 2021]: > Done in 0.01 seconds    

[Print][Thu Sep 30 16:47:30 2021]: >> Loading Highscores...    

[Print][Thu Sep 30 16:47:30 2021]: > Done in 0.00 seconds    

[Print][Thu Sep 30 16:47:31 2021]: >> Loading Ball Pillars...    

[Print][Thu Sep 30 16:47:31 2021]: > Done in 0.01 seconds    

[Print][Thu Sep 30 16:47:31 2021]: >> Loading Citizens...    

[Print][Thu Sep 30 16:47:31 2021]: > Done in 0.43 seconds    

[Print][Thu Sep 30 16:47:31 2021]: >> Loading Ranks...    

[Print][Thu Sep 30 16:47:31 2021]: > Done in 0.00 seconds    

[Print][Thu Sep 30 16:47:31 2021]: >> All done on Thu Sep 30 16:47:31 2021    

[Print][Thu Sep 30 17:16:09 2021]: ###MARKETBUYITEMS###NotSearch,Category:Todos,Page:1,Order:timedesc    

[Print][Thu Sep 30 17:28:01 2021]: ###MARKETALL###"    

[Print][Thu Sep 30 17:28:02 2021]: ###MARKETALL###"    

[Print][Thu Sep 30 17:30:55 2021]: ###MARKETALL###"    

[Print][Thu Sep 30 17:30:58 2021]: ###MARKETALL###"    

[Print][Thu Sep 30 17:30:59 2021]: ###MARKETALL###"    

[Print][Thu Sep 30 17:34:01 2021]: ###MARKETALL###"    

[Print][Thu Sep 30 17:42:18 2021]: ###MARKETALL###"    

[Print][Thu Sep 30 17:42:19 2021]: ###MARKETALL###"    

