[Print][Tue Oct 05 06:18:07 2021]: >> Cleaning players online status...    

[Print][Tue Oct 05 06:18:07 2021]: > Done in 0.02 seconds    

[Print][Tue Oct 05 06:18:07 2021]: >> Loading PvP Arenas...    

[Print][Tue Oct 05 06:18:07 2021]: > Done in 0.00 seconds    

[Print][Tue Oct 05 06:18:07 2021]: >> Loading Caught Highscores...    

[Print][Tue Oct 05 06:18:07 2021]: > Done in 0.00 seconds    

[Print][Tue Oct 05 06:18:07 2021]: >> Loading Tournament Highscores...    

[Print][Tue Oct 05 06:18:07 2021]: > Done in 0.00 seconds    

[Print][Tue Oct 05 06:18:07 2021]: >> Loading Berry Trees...    

[Print][Tue Oct 05 06:18:07 2021]: > Done in 0.03 seconds    

[Print][Tue Oct 05 06:18:07 2021]: >> Cleaning Mastery Dungeons...    

[Print][Tue Oct 05 06:18:07 2021]: > Done in 0.00 seconds    

[Print][Tue Oct 05 06:18:07 2021]: >> Loading Bosses...    

[Print][Tue Oct 05 06:18:07 2021]: >> Scheduled Boss Spawn: King Panlong in 13 hours, 2 minutes and 9 seconds    

[Print][Tue Oct 05 06:18:07 2021]: > Done in 0.01 seconds    

[Print][Tue Oct 05 06:18:07 2021]: >> Loading Highscores...    

[Print][Tue Oct 05 06:18:07 2021]: > Done in 0.00 seconds    

[Print][Tue Oct 05 06:18:08 2021]: >> Loading Ball Pillars...    

[Print][Tue Oct 05 06:18:08 2021]: > Done in 0.00 seconds    

[Print][Tue Oct 05 06:18:08 2021]: >> Loading Citizens...    

[Print][Tue Oct 05 06:18:08 2021]: > Done in 0.50 seconds    

[Print][Tue Oct 05 06:18:08 2021]: >> Loading Ranks...    

[Print][Tue Oct 05 06:18:08 2021]: > Done in 0.00 seconds    

[Print][Tue Oct 05 06:18:08 2021]: >> All done on Tue Oct 05 06:18:08 2021    

