[Print][Fri Sep 10 00:09:11 2021]: Sem item do id: 35549    

[Print][Fri Sep 10 00:12:25 2021]: ivev    

[Print][Fri Sep 10 00:14:22 2021]: ivev    

[Print][Fri Sep 10 00:15:32 2021]: ivev    

[Print][Fri Sep 10 00:19:47 2021]: ivev    

[Print][Fri Sep 10 00:20:00 2021]: ivev    

[Print][Fri Sep 10 00:21:37 2021]: ivev    

[Print][Fri Sep 10 00:23:00 2021]: ivev    

[Print][Fri Sep 10 00:24:06 2021]: ivev    

[Print][Fri Sep 10 10:35:37 2021]: >> Cleaning players online status...    

[Print][Fri Sep 10 10:35:38 2021]: > Done in 0.07 seconds    

[Print][Fri Sep 10 10:35:38 2021]: >> Loading PvP Arenas...    

[Print][Fri Sep 10 10:35:38 2021]: > Done in 0.02 seconds    

[Print][Fri Sep 10 10:35:38 2021]: >> Loading Caught Highscores...    

[Print][Fri Sep 10 10:35:38 2021]: > Done in 0.00 seconds    

[Print][Fri Sep 10 10:35:38 2021]: >> Loading Tournament Highscores...    

[Print][Fri Sep 10 10:35:38 2021]: > Done in 0.06 seconds    

[Print][Fri Sep 10 10:35:38 2021]: >> Loading Berry Trees...    

[Print][Fri Sep 10 10:35:38 2021]: > Done in 0.38 seconds    

[Print][Fri Sep 10 10:35:38 2021]: >> Cleaning Mastery Dungeons...    

[Print][Fri Sep 10 10:35:38 2021]: > Done in 0.00 seconds    

[Print][Fri Sep 10 10:35:38 2021]: >> Loading Bosses...    

[Print][Fri Sep 10 10:35:38 2021]: >> Scheduled Boss Spawn: The A. Mesmer in 13 hours, 51 minutes and 12 seconds    

[Print][Fri Sep 10 10:35:38 2021]: > Done in 0.00 seconds    

[Print][Fri Sep 10 10:35:38 2021]: >> Loading Highscores...    

[Print][Fri Sep 10 10:35:38 2021]: > Done in 0.00 seconds    

[Print][Fri Sep 10 10:35:38 2021]: >> Loading Ball Pillars...    

[Print][Fri Sep 10 10:35:38 2021]: > Done in 0.03 seconds    

[Print][Fri Sep 10 10:35:38 2021]: >> Loading Citizens...    

[Print][Fri Sep 10 10:35:40 2021]: > Done in 1.47 seconds    

[Print][Fri Sep 10 10:35:40 2021]: >> Loading Ranks...    

[Print][Fri Sep 10 10:35:40 2021]: > Done in 0.00 seconds    

[Print][Fri Sep 10 10:35:40 2021]: >> All done on Fri Sep 10 10:35:40 2021    

[Print][Fri Sep 10 11:29:34 2021]: ivev    

[Print][Fri Sep 10 11:29:36 2021]: ivev    

[Print][Fri Sep 10 11:30:03 2021]: base    

[Print][Fri Sep 10 12:07:36 2021]: >> Cleaning players online status...    

[Print][Fri Sep 10 12:07:36 2021]: > Done in 0.05 seconds    

[Print][Fri Sep 10 12:07:36 2021]: >> Loading PvP Arenas...    

[Print][Fri Sep 10 12:07:36 2021]: > Done in 0.06 seconds    

[Print][Fri Sep 10 12:07:36 2021]: >> Loading Caught Highscores...    

[Print][Fri Sep 10 12:07:36 2021]: > Done in 0.02 seconds    

[Print][Fri Sep 10 12:07:36 2021]: >> Loading Tournament Highscores...    

[Print][Fri Sep 10 12:07:37 2021]: > Done in 0.09 seconds    

[Print][Fri Sep 10 12:07:37 2021]: >> Loading Berry Trees...    

[Print][Fri Sep 10 12:07:37 2021]: > Done in 0.03 seconds    

[Print][Fri Sep 10 12:07:37 2021]: >> Cleaning Mastery Dungeons...    

[Print][Fri Sep 10 12:07:37 2021]: > Done in 0.00 seconds    

[Print][Fri Sep 10 12:07:37 2021]: >> Loading Bosses...    

[Print][Fri Sep 10 12:07:37 2021]: >> Scheduled Boss Spawn: Sweet Lover in 9 hours, 25 minutes and 57 seconds    

[Print][Fri Sep 10 12:07:37 2021]: > Done in 0.02 seconds    

[Print][Fri Sep 10 12:07:37 2021]: >> Loading Highscores...    

[Print][Fri Sep 10 12:07:37 2021]: > Done in 0.00 seconds    

[Print][Fri Sep 10 12:07:37 2021]: >> Loading Ball Pillars...    

[Print][Fri Sep 10 12:07:37 2021]: > Done in 0.01 seconds    

[Print][Fri Sep 10 12:07:37 2021]: >> Loading Citizens...    

[Print][Fri Sep 10 12:07:38 2021]: > Done in 1.66 seconds    

[Print][Fri Sep 10 12:07:38 2021]: >> Loading Ranks...    

[Print][Fri Sep 10 12:07:38 2021]: > Done in 0.00 seconds    

[Print][Fri Sep 10 12:07:38 2021]: >> All done on Fri Sep 10 12:07:38 2021    

[Print][Fri Sep 10 13:17:11 2021]: >> Cleaning players online status...    

[Print][Fri Sep 10 13:17:11 2021]: > Done in 0.20 seconds    

[Print][Fri Sep 10 13:17:11 2021]: >> Loading PvP Arenas...    

[Print][Fri Sep 10 13:17:11 2021]: > Done in 0.00 seconds    

[Print][Fri Sep 10 13:17:11 2021]: >> Loading Caught Highscores...    

[Print][Fri Sep 10 13:17:12 2021]: > Done in 0.29 seconds    

[Print][Fri Sep 10 13:17:12 2021]: >> Loading Tournament Highscores...    

[Print][Fri Sep 10 13:17:12 2021]: > Done in 0.06 seconds    

[Print][Fri Sep 10 13:17:12 2021]: >> Loading Berry Trees...    

[Print][Fri Sep 10 13:17:12 2021]: > Done in 0.16 seconds    

[Print][Fri Sep 10 13:17:12 2021]: >> Cleaning Mastery Dungeons...    

[Print][Fri Sep 10 13:17:12 2021]: > Done in 0.00 seconds    

[Print][Fri Sep 10 13:17:12 2021]: >> Loading Bosses...    

[Print][Fri Sep 10 13:17:12 2021]: >> Scheduled Boss Spawn: Winged Wisdom in 14 hours, 21 minutes and 43 seconds    

[Print][Fri Sep 10 13:17:12 2021]: > Done in 0.01 seconds    

[Print][Fri Sep 10 13:17:12 2021]: >> Loading Highscores...    

[Print][Fri Sep 10 13:17:12 2021]: > Done in 0.00 seconds    

[Print][Fri Sep 10 13:17:12 2021]: >> Loading Ball Pillars...    

[Print][Fri Sep 10 13:17:12 2021]: > Done in 0.06 seconds    

[Print][Fri Sep 10 13:17:12 2021]: >> Loading Citizens...    

[Print][Fri Sep 10 13:17:13 2021]: > Done in 0.78 seconds    

[Print][Fri Sep 10 13:17:13 2021]: >> Loading Ranks...    

[Print][Fri Sep 10 13:17:13 2021]: > Done in 0.00 seconds    

[Print][Fri Sep 10 13:17:13 2021]: >> All done on Fri Sep 10 13:17:13 2021    

[Print][Fri Sep 10 13:52:31 2021]: Não Pegou    

[Print][Fri Sep 10 13:52:54 2021]: Não ta em pz    

[Print][Fri Sep 10 13:53:06 2021]: ta em PZ    

[Print][Fri Sep 10 13:53:24 2021]: ta em PZ    

[Print][Fri Sep 10 14:23:21 2021]: Não tem diamantes suficiente    

[Print][Fri Sep 10 15:02:33 2021]: >> Cleaning players online status...    

[Print][Fri Sep 10 15:02:33 2021]: > Done in 0.06 seconds    

[Print][Fri Sep 10 15:02:33 2021]: >> Loading PvP Arenas...    

[Print][Fri Sep 10 15:02:33 2021]: > Done in 0.00 seconds    

[Print][Fri Sep 10 15:02:33 2021]: >> Loading Caught Highscores...    

[Print][Fri Sep 10 15:02:33 2021]: > Done in 0.04 seconds    

[Print][Fri Sep 10 15:02:33 2021]: >> Loading Tournament Highscores...    

[Print][Fri Sep 10 15:02:33 2021]: > Done in 0.00 seconds    

[Print][Fri Sep 10 15:02:33 2021]: >> Loading Berry Trees...    

[Print][Fri Sep 10 15:02:33 2021]: > Done in 0.04 seconds    

[Print][Fri Sep 10 15:02:33 2021]: >> Cleaning Mastery Dungeons...    

[Print][Fri Sep 10 15:02:33 2021]: > Done in 0.00 seconds    

[Print][Fri Sep 10 15:02:33 2021]: >> Loading Bosses...    

[Print][Fri Sep 10 15:02:33 2021]: >> Scheduled Boss Spawn: Flesh'n Fire in 9 hours, 29 minutes and 14 seconds    

[Print][Fri Sep 10 15:02:33 2021]: > Done in 0.00 seconds    

[Print][Fri Sep 10 15:02:33 2021]: >> Loading Highscores...    

[Print][Fri Sep 10 15:02:33 2021]: > Done in 0.00 seconds    

[Print][Fri Sep 10 15:02:33 2021]: >> Loading Ball Pillars...    

[Print][Fri Sep 10 15:02:33 2021]: > Done in 0.00 seconds    

[Print][Fri Sep 10 15:02:33 2021]: >> Loading Citizens...    

[Print][Fri Sep 10 15:02:34 2021]: > Done in 0.91 seconds    

[Print][Fri Sep 10 15:02:34 2021]: >> Loading Ranks...    

[Print][Fri Sep 10 15:02:34 2021]: > Done in 0.00 seconds    

[Print][Fri Sep 10 15:02:34 2021]: >> All done on Fri Sep 10 15:02:34 2021    

[Print][Fri Sep 10 15:05:02 2021]: Não tem diamantes suficiente    

[Print][Fri Sep 10 15:05:04 2021]: Não tem diamantes suficiente    

[Print][Fri Sep 10 15:05:05 2021]: Não tem diamantes suficiente    

[Print][Fri Sep 10 15:05:06 2021]: Não tem diamantes suficiente    

[Print][Fri Sep 10 15:05:06 2021]: Não tem diamantes suficiente    

[Print][Fri Sep 10 15:05:16 2021]: Não tem diamantes suficiente    

[Print][Fri Sep 10 15:05:18 2021]: Não tem diamantes suficiente    

[Print][Fri Sep 10 15:05:18 2021]: Não tem diamantes suficiente    

[Print][Fri Sep 10 15:05:18 2021]: Não tem diamantes suficiente    

[Print][Fri Sep 10 15:05:18 2021]: Não tem diamantes suficiente    

[Print][Fri Sep 10 15:05:18 2021]: Não tem diamantes suficiente    

[Print][Fri Sep 10 16:18:52 2021]: >> Cleaning players online status...    

[Print][Fri Sep 10 16:18:52 2021]: > Done in 0.06 seconds    

[Print][Fri Sep 10 16:18:52 2021]: >> Loading PvP Arenas...    

[Print][Fri Sep 10 16:18:52 2021]: > Done in 0.00 seconds    

[Print][Fri Sep 10 16:18:52 2021]: >> Loading Caught Highscores...    

[Print][Fri Sep 10 16:18:52 2021]: > Done in 0.02 seconds    

[Print][Fri Sep 10 16:18:52 2021]: >> Loading Tournament Highscores...    

[Print][Fri Sep 10 16:18:52 2021]: > Done in 0.00 seconds    

[Print][Fri Sep 10 16:18:52 2021]: >> Loading Berry Trees...    

[Print][Fri Sep 10 16:18:52 2021]: > Done in 0.04 seconds    

[Print][Fri Sep 10 16:18:52 2021]: >> Cleaning Mastery Dungeons...    

[Print][Fri Sep 10 16:18:52 2021]: > Done in 0.00 seconds    

[Print][Fri Sep 10 16:18:52 2021]: >> Loading Bosses...    

[Print][Fri Sep 10 16:18:52 2021]: >> Scheduled Boss Spawn: Kirby in 11 hours, 17 minutes and 8 seconds    

[Print][Fri Sep 10 16:18:52 2021]: > Done in 0.01 seconds    

[Print][Fri Sep 10 16:18:52 2021]: >> Loading Highscores...    

[Print][Fri Sep 10 16:18:52 2021]: > Done in 0.00 seconds    

[Print][Fri Sep 10 16:18:52 2021]: >> Loading Ball Pillars...    

[Print][Fri Sep 10 16:18:52 2021]: > Done in 0.01 seconds    

[Print][Fri Sep 10 16:18:52 2021]: >> Loading Citizens...    

[Print][Fri Sep 10 16:18:53 2021]: > Done in 0.50 seconds    

[Print][Fri Sep 10 16:18:53 2021]: >> Loading Ranks...    

[Print][Fri Sep 10 16:18:53 2021]: > Done in 0.00 seconds    

[Print][Fri Sep 10 16:18:53 2021]: >> All done on Fri Sep 10 16:18:53 2021    

[Print][Fri Sep 10 16:22:50 2021]: ivev    

[Print][Fri Sep 10 16:23:55 2021]: base    

[Print][Fri Sep 10 17:34:35 2021]: >> Cleaning players online status...    

[Print][Fri Sep 10 17:34:35 2021]: > Done in 0.05 seconds    

[Print][Fri Sep 10 17:34:35 2021]: >> Loading PvP Arenas...    

[Print][Fri Sep 10 17:34:35 2021]: > Done in 0.00 seconds    

[Print][Fri Sep 10 17:34:35 2021]: >> Loading Caught Highscores...    

[Print][Fri Sep 10 17:34:35 2021]: > Done in 0.01 seconds    

[Print][Fri Sep 10 17:34:35 2021]: >> Loading Tournament Highscores...    

[Print][Fri Sep 10 17:34:35 2021]: > Done in 0.00 seconds    

[Print][Fri Sep 10 17:34:35 2021]: >> Loading Berry Trees...    

[Print][Fri Sep 10 17:34:35 2021]: > Done in 0.01 seconds    

[Print][Fri Sep 10 17:34:35 2021]: >> Cleaning Mastery Dungeons...    

[Print][Fri Sep 10 17:34:35 2021]: > Done in 0.00 seconds    

[Print][Fri Sep 10 17:34:35 2021]: >> Loading Bosses...    

[Print][Fri Sep 10 17:34:35 2021]: >> Scheduled Boss Spawn: Smaug in 11 hours, 50 minutes and 40 seconds    

[Print][Fri Sep 10 17:34:35 2021]: > Done in 0.00 seconds    

[Print][Fri Sep 10 17:34:35 2021]: >> Loading Highscores...    

[Print][Fri Sep 10 17:34:35 2021]: > Done in 0.00 seconds    

[Print][Fri Sep 10 17:34:35 2021]: >> Loading Ball Pillars...    

[Print][Fri Sep 10 17:34:35 2021]: > Done in 0.01 seconds    

[Print][Fri Sep 10 17:34:35 2021]: >> Loading Citizens...    

[Print][Fri Sep 10 17:34:35 2021]: > Done in 0.44 seconds    

[Print][Fri Sep 10 17:34:35 2021]: >> Loading Ranks...    

[Print][Fri Sep 10 17:34:35 2021]: > Done in 0.00 seconds    

[Print][Fri Sep 10 17:34:35 2021]: >> All done on Fri Sep 10 17:34:35 2021    

[Print][Fri Sep 10 17:38:34 2021]: ivev    

[Print][Fri Sep 10 17:39:52 2021]: ivev    

[Print][Fri Sep 10 18:41:30 2021]: >> Cleaning players online status...    

[Print][Fri Sep 10 18:41:30 2021]: > Done in 0.12 seconds    

[Print][Fri Sep 10 18:41:30 2021]: >> Loading PvP Arenas...    

[Print][Fri Sep 10 18:41:30 2021]: > Done in 0.00 seconds    

[Print][Fri Sep 10 18:41:30 2021]: >> Loading Caught Highscores...    

[Print][Fri Sep 10 18:41:30 2021]: > Done in 0.00 seconds    

[Print][Fri Sep 10 18:41:30 2021]: >> Loading Tournament Highscores...    

[Print][Fri Sep 10 18:41:30 2021]: > Done in 0.02 seconds    

[Print][Fri Sep 10 18:41:30 2021]: >> Loading Berry Trees...    

[Print][Fri Sep 10 18:41:30 2021]: > Done in 0.02 seconds    

[Print][Fri Sep 10 18:41:30 2021]: >> Cleaning Mastery Dungeons...    

[Print][Fri Sep 10 18:41:30 2021]: > Done in 0.00 seconds    

[Print][Fri Sep 10 18:41:30 2021]: >> Loading Bosses...    

[Print][Fri Sep 10 18:41:30 2021]: >> Scheduled Boss Spawn: The Turbo in 10 hours, 50 minutes and 56 seconds    

[Print][Fri Sep 10 18:41:30 2021]: > Done in 0.01 seconds    

[Print][Fri Sep 10 18:41:30 2021]: >> Loading Highscores...    

[Print][Fri Sep 10 18:41:30 2021]: > Done in 0.00 seconds    

[Print][Fri Sep 10 18:41:30 2021]: >> Loading Ball Pillars...    

[Print][Fri Sep 10 18:41:30 2021]: > Done in 0.00 seconds    

[Print][Fri Sep 10 18:41:30 2021]: >> Loading Citizens...    

[Print][Fri Sep 10 18:41:30 2021]: > Done in 0.47 seconds    

[Print][Fri Sep 10 18:41:30 2021]: >> Loading Ranks...    

[Print][Fri Sep 10 18:41:30 2021]: > Done in 0.00 seconds    

[Print][Fri Sep 10 18:41:30 2021]: >> All done on Fri Sep 10 18:41:30 2021    

[Print][Fri Sep 10 18:42:52 2021]: 27    250    

[Print][Fri Sep 10 18:42:52 2021]: 22    14    

[Print][Fri Sep 10 18:42:52 2021]: 27    250    

[Print][Fri Sep 10 18:42:52 2021]: 13    8    

[Print][Fri Sep 10 18:42:52 2021]: 27    250    

[Print][Fri Sep 10 18:42:52 2021]: 15    26    

[Print][Fri Sep 10 18:42:57 2021]: 27    250    

[Print][Fri Sep 10 18:42:57 2021]: 17    19    

[Print][Fri Sep 10 18:43:02 2021]: 27    250    

[Print][Fri Sep 10 18:43:02 2021]: 28    16    

[Print][Fri Sep 10 18:43:02 2021]: 27    250    

[Print][Fri Sep 10 18:43:02 2021]: 26    7    

[Print][Fri Sep 10 18:43:03 2021]: 27    250    

[Print][Fri Sep 10 18:43:03 2021]: 8    10    

[Print][Fri Sep 10 18:45:08 2021]: 27    250    

[Print][Fri Sep 10 18:45:08 2021]: 6    17    

[Print][Fri Sep 10 18:45:09 2021]: 27    250    

[Print][Fri Sep 10 18:45:09 2021]: 17    27    

[Print][Fri Sep 10 18:45:09 2021]: 27    250    

[Print][Fri Sep 10 18:45:09 2021]: 28    16    

[Print][Fri Sep 10 18:45:36 2021]: 27    0    

[Print][Fri Sep 10 18:45:36 2021]: 26    27    

[Print][Fri Sep 10 18:45:36 2021]: 27    0    

[Print][Fri Sep 10 18:45:36 2021]: 1    27    

[Print][Fri Sep 10 18:45:36 2021]: 27    0    

[Print][Fri Sep 10 18:45:36 2021]: 10    10    

[Print][Fri Sep 10 18:45:38 2021]: 27    0    

[Print][Fri Sep 10 18:45:38 2021]: 28    8    

[Print][Fri Sep 10 18:45:46 2021]: 27    0    

[Print][Fri Sep 10 18:45:46 2021]: 19    29    

[Print][Fri Sep 10 18:45:46 2021]: 27    0    

[Print][Fri Sep 10 18:45:46 2021]: 17    22    

[Print][Fri Sep 10 18:45:46 2021]: 27    0    

[Print][Fri Sep 10 18:45:46 2021]: 6    8    

[Print][Fri Sep 10 18:46:13 2021]: ivev    

[Print][Fri Sep 10 18:47:04 2021]: 27    0    

[Print][Fri Sep 10 18:47:05 2021]: 15    8    

[Print][Fri Sep 10 18:47:05 2021]: 27    0    

[Print][Fri Sep 10 18:47:05 2021]: 24    15    

[Print][Fri Sep 10 18:47:05 2021]: 27    0    

[Print][Fri Sep 10 18:47:05 2021]: 2    26    

[Print][Fri Sep 10 18:47:06 2021]: 27    0    

[Print][Fri Sep 10 18:47:06 2021]: 19    12    

[Print][Fri Sep 10 18:47:13 2021]: 27    0    

[Print][Fri Sep 10 18:47:13 2021]: 1    5    

[Print][Fri Sep 10 18:47:14 2021]: 27    0    

[Print][Fri Sep 10 18:47:14 2021]: 12    4    

[Print][Fri Sep 10 18:47:15 2021]: 27    0    

[Print][Fri Sep 10 18:47:15 2021]: 26    1    

[Print][Fri Sep 10 18:47:15 2021]: 27    0    

[Print][Fri Sep 10 18:47:15 2021]: 24    4    

[Print][Fri Sep 10 18:47:16 2021]: 27    0    

[Print][Fri Sep 10 18:47:16 2021]: 31    12    

[Print][Fri Sep 10 18:57:37 2021]: 0    

[Print][Fri Sep 10 19:18:12 2021]: >> Cleaning players online status...    

[Print][Fri Sep 10 19:18:12 2021]: > Done in 0.03 seconds    

[Print][Fri Sep 10 19:18:12 2021]: >> Loading PvP Arenas...    

[Print][Fri Sep 10 19:18:12 2021]: > Done in 0.00 seconds    

[Print][Fri Sep 10 19:18:12 2021]: >> Loading Caught Highscores...    

[Print][Fri Sep 10 19:18:12 2021]: > Done in 0.00 seconds    

[Print][Fri Sep 10 19:18:12 2021]: >> Loading Tournament Highscores...    

[Print][Fri Sep 10 19:18:12 2021]: > Done in 0.00 seconds    

[Print][Fri Sep 10 19:18:12 2021]: >> Loading Berry Trees...    

[Print][Fri Sep 10 19:18:12 2021]: > Done in 0.03 seconds    

[Print][Fri Sep 10 19:18:12 2021]: >> Cleaning Mastery Dungeons...    

[Print][Fri Sep 10 19:18:12 2021]: > Done in 0.00 seconds    

[Print][Fri Sep 10 19:18:12 2021]: >> Loading Bosses...    

[Print][Fri Sep 10 19:18:12 2021]: >> Scheduled Boss Spawn: The Turbo in 9 hours, 39 minutes and 54 seconds    

[Print][Fri Sep 10 19:18:12 2021]: > Done in 0.00 seconds    

[Print][Fri Sep 10 19:18:12 2021]: >> Loading Highscores...    

[Print][Fri Sep 10 19:18:12 2021]: > Done in 0.00 seconds    

[Print][Fri Sep 10 19:18:12 2021]: >> Loading Ball Pillars...    

[Print][Fri Sep 10 19:18:12 2021]: > Done in 0.00 seconds    

[Print][Fri Sep 10 19:18:12 2021]: >> Loading Citizens...    

[Print][Fri Sep 10 19:18:13 2021]: > Done in 0.39 seconds    

[Print][Fri Sep 10 19:18:13 2021]: >> Loading Ranks...    

[Print][Fri Sep 10 19:18:13 2021]: > Done in 0.00 seconds    

[Print][Fri Sep 10 19:18:13 2021]: >> All done on Fri Sep 10 19:18:13 2021    

[Print][Fri Sep 10 19:45:20 2021]: >> Cleaning players online status...    

[Print][Fri Sep 10 19:45:20 2021]: > Done in 0.03 seconds    

[Print][Fri Sep 10 19:45:20 2021]: >> Loading PvP Arenas...    

[Print][Fri Sep 10 19:45:20 2021]: > Done in 0.00 seconds    

[Print][Fri Sep 10 19:45:20 2021]: >> Loading Caught Highscores...    

[Print][Fri Sep 10 19:45:20 2021]: > Done in 0.00 seconds    

[Print][Fri Sep 10 19:45:20 2021]: >> Loading Tournament Highscores...    

[Print][Fri Sep 10 19:45:20 2021]: > Done in 0.00 seconds    

[Print][Fri Sep 10 19:45:20 2021]: >> Loading Berry Trees...    

[Print][Fri Sep 10 19:45:20 2021]: > Done in 0.01 seconds    

[Print][Fri Sep 10 19:45:20 2021]: >> Cleaning Mastery Dungeons...    

[Print][Fri Sep 10 19:45:20 2021]: > Done in 0.00 seconds    

[Print][Fri Sep 10 19:45:20 2021]: >> Loading Bosses...    

[Print][Fri Sep 10 19:45:20 2021]: >> Scheduled Boss Spawn: DoomBoy in 10 hours, 31 minutes and 6 seconds    

[Print][Fri Sep 10 19:45:20 2021]: > Done in 0.00 seconds    

[Print][Fri Sep 10 19:45:20 2021]: >> Loading Highscores...    

[Print][Fri Sep 10 19:45:20 2021]: > Done in 0.00 seconds    

[Print][Fri Sep 10 19:45:20 2021]: >> Loading Ball Pillars...    

[Print][Fri Sep 10 19:45:20 2021]: > Done in 0.00 seconds    

[Print][Fri Sep 10 19:45:20 2021]: >> Loading Citizens...    

[Print][Fri Sep 10 19:45:21 2021]: > Done in 0.44 seconds    

[Print][Fri Sep 10 19:45:21 2021]: >> Loading Ranks...    

[Print][Fri Sep 10 19:45:21 2021]: > Done in 0.00 seconds    

[Print][Fri Sep 10 19:45:21 2021]: >> All done on Fri Sep 10 19:45:21 2021    

[Print][Fri Sep 10 19:56:20 2021]: >> Cleaning players online status...    

[Print][Fri Sep 10 19:56:20 2021]: > Done in 0.08 seconds    

[Print][Fri Sep 10 19:56:20 2021]: >> Loading PvP Arenas...    

[Print][Fri Sep 10 19:56:20 2021]: > Done in 0.00 seconds    

[Print][Fri Sep 10 19:56:20 2021]: >> Loading Caught Highscores...    

[Print][Fri Sep 10 19:56:20 2021]: > Done in 0.00 seconds    

[Print][Fri Sep 10 19:56:20 2021]: >> Loading Tournament Highscores...    

[Print][Fri Sep 10 19:56:20 2021]: > Done in 0.00 seconds    

[Print][Fri Sep 10 19:56:20 2021]: >> Loading Berry Trees...    

[Print][Fri Sep 10 19:56:20 2021]: > Done in 0.02 seconds    

[Print][Fri Sep 10 19:56:20 2021]: >> Cleaning Mastery Dungeons...    

[Print][Fri Sep 10 19:56:20 2021]: > Done in 0.00 seconds    

[Print][Fri Sep 10 19:56:20 2021]: >> Loading Bosses...    

[Print][Fri Sep 10 19:56:20 2021]: >> Scheduled Boss Spawn: Kirby in 15 hours, 13 minutes and 43 seconds    

[Print][Fri Sep 10 19:56:20 2021]: > Done in 0.01 seconds    

[Print][Fri Sep 10 19:56:20 2021]: >> Loading Highscores...    

[Print][Fri Sep 10 19:56:20 2021]: > Done in 0.00 seconds    

[Print][Fri Sep 10 19:56:20 2021]: >> Loading Ball Pillars...    

[Print][Fri Sep 10 19:56:20 2021]: > Done in 0.00 seconds    

[Print][Fri Sep 10 19:56:20 2021]: >> Loading Citizens...    

[Print][Fri Sep 10 19:56:21 2021]: > Done in 0.45 seconds    

[Print][Fri Sep 10 19:56:21 2021]: >> Loading Ranks...    

[Print][Fri Sep 10 19:56:21 2021]: > Done in 0.00 seconds    

[Print][Fri Sep 10 19:56:21 2021]: >> All done on Fri Sep 10 19:56:21 2021    

[Print][Fri Sep 10 19:57:48 2021]: ivev    

[Print][Fri Sep 10 19:58:22 2021]: base    

