[Print][Thu Sep 09 13:22:04 2021]: >> Cleaning players online status...    

[Print][Thu Sep 09 13:22:04 2021]: > Done in 0.02 seconds    

[Print][Thu Sep 09 13:22:04 2021]: >> Loading PvP Arenas...    

[Print][Thu Sep 09 13:22:04 2021]: > Done in 0.02 seconds    

[Print][Thu Sep 09 13:22:04 2021]: >> Loading Caught Highscores...    

[Print][Thu Sep 09 13:22:04 2021]: > Done in 0.00 seconds    

[Print][Thu Sep 09 13:22:04 2021]: >> Loading Tournament Highscores...    

[Print][Thu Sep 09 13:22:04 2021]: > Done in 0.00 seconds    

[Print][Thu Sep 09 13:22:04 2021]: >> Loading Berry Trees...    

[Print][Thu Sep 09 13:22:05 2021]: > Done in 0.12 seconds    

[Print][Thu Sep 09 13:22:05 2021]: >> Cleaning Mastery Dungeons...    

[Print][Thu Sep 09 13:22:05 2021]: > Done in 0.00 seconds    

[Print][Thu Sep 09 13:22:05 2021]: >> Loading Bosses...    

[Print][Thu Sep 09 13:22:05 2021]: >> Scheduled Boss Spawn: Cesar, The Simian in 10 hours, 5 minutes and 42 seconds    

[Print][Thu Sep 09 13:22:05 2021]: > Done in 0.01 seconds    

[Print][Thu Sep 09 13:22:05 2021]: >> Loading Highscores...    

[Print][Thu Sep 09 13:22:05 2021]: > Done in 0.00 seconds    

[Print][Thu Sep 09 13:22:05 2021]: >> Loading Ball Pillars...    

[Print][Thu Sep 09 13:22:05 2021]: > Done in 0.03 seconds    

[Print][Thu Sep 09 13:22:05 2021]: >> Loading Citizens...    

[Print][Thu Sep 09 13:22:06 2021]: > Done in 1.16 seconds    

[Print][Thu Sep 09 13:22:06 2021]: >> Loading Ranks...    

[Print][Thu Sep 09 13:22:06 2021]: > Done in 0.00 seconds    

[Print][Thu Sep 09 13:22:06 2021]: >> All done on Thu Sep 09 13:22:06 2021    

[Print][Thu Sep 09 13:27:29 2021]: ivev    

[Print][Thu Sep 09 13:27:30 2021]: ivev    

[Print][Thu Sep 09 13:27:33 2021]: ivev    

[Print][Thu Sep 09 13:27:34 2021]: ivev    

[Print][Thu Sep 09 13:28:22 2021]: ivev    

[Print][Thu Sep 09 13:30:29 2021]: base    

[Print][Thu Sep 09 13:30:37 2021]: base    

[Print][Thu Sep 09 13:30:38 2021]: base    

[Print][Thu Sep 09 13:33:44 2021]: base    

[Print][Thu Sep 09 13:33:51 2021]: base    

[Print][Thu Sep 09 13:33:56 2021]: base    

[Print][Thu Sep 09 13:53:52 2021]: base    

[Print][Thu Sep 09 13:56:38 2021]: base    

[Print][Thu Sep 09 13:57:00 2021]: base    

[Print][Thu Sep 09 13:57:19 2021]: ivev    

[Print][Thu Sep 09 13:58:09 2021]: ivev    

[Print][Thu Sep 09 13:58:14 2021]: ivev    

[Print][Thu Sep 09 13:58:15 2021]: ivev    

[Print][Thu Sep 09 13:58:16 2021]: ivev    

[Print][Thu Sep 09 13:58:16 2021]: ivev    

[Print][Thu Sep 09 13:58:17 2021]: ivev    

[Print][Thu Sep 09 13:58:17 2021]: ivev    

[Print][Thu Sep 09 13:58:17 2021]: ivev    

[Print][Thu Sep 09 13:58:18 2021]: ivev    

[Print][Thu Sep 09 13:58:18 2021]: ivev    

[Print][Thu Sep 09 13:58:18 2021]: ivev    

[Print][Thu Sep 09 13:58:24 2021]: ivev    

[Print][Thu Sep 09 13:58:24 2021]: ivev    

[Print][Thu Sep 09 13:58:24 2021]: ivev    

[Print][Thu Sep 09 13:58:25 2021]: ivev    

[Print][Thu Sep 09 13:58:25 2021]: ivev    

[Print][Thu Sep 09 13:58:27 2021]: ivev    

[Print][Thu Sep 09 13:58:27 2021]: ivev    

[Print][Thu Sep 09 13:58:28 2021]: ivev    

[Print][Thu Sep 09 13:58:28 2021]: ivev    

[Print][Thu Sep 09 13:58:28 2021]: ivev    

[Print][Thu Sep 09 13:58:29 2021]: ivev    

[Print][Thu Sep 09 13:58:29 2021]: ivev    

[Print][Thu Sep 09 13:58:34 2021]: ivev    

[Print][Thu Sep 09 13:58:34 2021]: ivev    

[Print][Thu Sep 09 13:58:34 2021]: ivev    

[Print][Thu Sep 09 13:58:35 2021]: ivev    

[Print][Thu Sep 09 13:58:35 2021]: ivev    

[Print][Thu Sep 09 13:58:37 2021]: ivev    

[Print][Thu Sep 09 13:58:37 2021]: ivev    

[Print][Thu Sep 09 13:58:37 2021]: ivev    

[Print][Thu Sep 09 13:58:39 2021]: ivev    

[Print][Thu Sep 09 13:58:39 2021]: ivev    

[Print][Thu Sep 09 13:58:40 2021]: ivev    

[Print][Thu Sep 09 13:58:40 2021]: ivev    

[Print][Thu Sep 09 13:58:44 2021]: ivev    

[Print][Thu Sep 09 13:58:45 2021]: ivev    

[Print][Thu Sep 09 13:58:57 2021]: ivev    

[Print][Thu Sep 09 13:59:00 2021]: ivev    

[Print][Thu Sep 09 13:59:04 2021]: ivev    

[Print][Thu Sep 09 13:59:07 2021]: ivev    

[Print][Thu Sep 09 13:59:17 2021]: ivev    

[Print][Thu Sep 09 13:59:17 2021]: ivev    

[Print][Thu Sep 09 13:59:17 2021]: ivev    

[Print][Thu Sep 09 13:59:18 2021]: ivev    

[Print][Thu Sep 09 13:59:18 2021]: ivev    

[Print][Thu Sep 09 13:59:18 2021]: ivev    

[Print][Thu Sep 09 13:59:18 2021]: ivev    

[Print][Thu Sep 09 13:59:19 2021]: ivev    

[Print][Thu Sep 09 13:59:19 2021]: ivev    

[Print][Thu Sep 09 13:59:19 2021]: ivev    

[Print][Thu Sep 09 13:59:20 2021]: ivev    

[Print][Thu Sep 09 13:59:28 2021]: ivev    

[Print][Thu Sep 09 13:59:28 2021]: ivev    

[Print][Thu Sep 09 13:59:38 2021]: ivev    

[Print][Thu Sep 09 13:59:49 2021]: ivev    

[Print][Thu Sep 09 13:59:52 2021]: ivev    

[Print][Thu Sep 09 13:59:53 2021]: ivev    

[Print][Thu Sep 09 13:59:53 2021]: ivev    

[Print][Thu Sep 09 14:00:08 2021]: base    

[Print][Thu Sep 09 14:00:20 2021]: base    

[Print][Thu Sep 09 14:00:26 2021]: base    

[Print][Thu Sep 09 14:00:30 2021]: base    

[Print][Thu Sep 09 14:00:37 2021]: base    

[Print][Thu Sep 09 14:00:42 2021]: base    

[Print][Thu Sep 09 14:00:52 2021]: base    

[Print][Thu Sep 09 14:01:00 2021]: base    

[Print][Thu Sep 09 14:01:07 2021]: base    

[Print][Thu Sep 09 14:01:07 2021]: sem item do id: 35539    

[Print][Thu Sep 09 14:01:07 2021]: base    

[Print][Thu Sep 09 14:01:07 2021]: sem item do id: 35539    

[Print][Thu Sep 09 14:01:07 2021]: base    

[Print][Thu Sep 09 14:01:07 2021]: sem item do id: 35539    

[Print][Thu Sep 09 14:01:08 2021]: base    

[Print][Thu Sep 09 14:01:08 2021]: sem item do id: 35539    

[Print][Thu Sep 09 14:01:31 2021]: base    

[Print][Thu Sep 09 14:01:31 2021]: sem item do id: 35540    

[Print][Thu Sep 09 14:01:39 2021]: base    

[Print][Thu Sep 09 14:01:39 2021]: sem item do id: 35540    

[Print][Thu Sep 09 14:32:15 2021]: base    

[Print][Thu Sep 09 14:32:15 2021]: sem item do id: 35544    

[Print][Thu Sep 09 14:32:16 2021]: base    

[Print][Thu Sep 09 14:32:16 2021]: sem item do id: 35544    

[Print][Thu Sep 09 14:32:34 2021]: base    

[Print][Thu Sep 09 14:32:43 2021]: ivev    

[Print][Thu Sep 09 14:33:08 2021]: ivev    

[Print][Thu Sep 09 14:33:25 2021]: ivev    

[Print][Thu Sep 09 14:33:27 2021]: ivev    

[Print][Thu Sep 09 14:34:12 2021]: ivev    

[Print][Thu Sep 09 14:34:19 2021]: ivev    

[Print][Thu Sep 09 14:34:24 2021]: ivev    

[Print][Thu Sep 09 14:34:28 2021]: ivev    

[Print][Thu Sep 09 14:34:28 2021]: ivev    

[Print][Thu Sep 09 14:34:39 2021]: ivev    

[Print][Thu Sep 09 14:34:43 2021]: ivev    

[Print][Thu Sep 09 14:34:49 2021]: ivev    

[Print][Thu Sep 09 15:27:49 2021]: >> Cleaning players online status...    

[Print][Thu Sep 09 15:27:49 2021]: > Done in 0.03 seconds    

[Print][Thu Sep 09 15:27:49 2021]: >> Loading PvP Arenas...    

[Print][Thu Sep 09 15:27:49 2021]: > Done in 0.00 seconds    

[Print][Thu Sep 09 15:27:49 2021]: >> Loading Caught Highscores...    

[Print][Thu Sep 09 15:27:49 2021]: > Done in 0.02 seconds    

[Print][Thu Sep 09 15:27:49 2021]: >> Loading Tournament Highscores...    

[Print][Thu Sep 09 15:27:49 2021]: > Done in 0.00 seconds    

[Print][Thu Sep 09 15:27:49 2021]: >> Loading Berry Trees...    

[Print][Thu Sep 09 15:27:49 2021]: > Done in 0.01 seconds    

[Print][Thu Sep 09 15:27:49 2021]: >> Cleaning Mastery Dungeons...    

[Print][Thu Sep 09 15:27:49 2021]: > Done in 0.00 seconds    

[Print][Thu Sep 09 15:27:49 2021]: >> Loading Bosses...    

[Print][Thu Sep 09 15:27:49 2021]: >> Scheduled Boss Spawn: The A. Mesmer in 11 hours, 16 minutes and 35 seconds    

[Print][Thu Sep 09 15:27:49 2021]: > Done in 0.00 seconds    

[Print][Thu Sep 09 15:27:49 2021]: >> Loading Highscores...    

[Print][Thu Sep 09 15:27:49 2021]: > Done in 0.01 seconds    

[Print][Thu Sep 09 15:27:49 2021]: >> Loading Ball Pillars...    

[Print][Thu Sep 09 15:27:49 2021]: > Done in 0.01 seconds    

[Print][Thu Sep 09 15:27:49 2021]: >> Loading Citizens...    

[Print][Thu Sep 09 15:27:50 2021]: > Done in 0.42 seconds    

[Print][Thu Sep 09 15:27:50 2021]: >> Loading Ranks...    

[Print][Thu Sep 09 15:27:50 2021]: > Done in 0.00 seconds    

[Print][Thu Sep 09 15:27:50 2021]: >> All done on Thu Sep 09 15:27:50 2021    

[Print][Thu Sep 09 15:44:23 2021]: base    

[Print][Thu Sep 09 15:44:38 2021]: base    

[Print][Thu Sep 09 16:00:25 2021]: >> Cleaning players online status...    

[Print][Thu Sep 09 16:00:25 2021]: > Done in 0.03 seconds    

[Print][Thu Sep 09 16:00:25 2021]: >> Loading PvP Arenas...    

[Print][Thu Sep 09 16:00:25 2021]: > Done in 0.00 seconds    

[Print][Thu Sep 09 16:00:25 2021]: >> Loading Caught Highscores...    

[Print][Thu Sep 09 16:00:25 2021]: > Done in 0.01 seconds    

[Print][Thu Sep 09 16:00:25 2021]: >> Loading Tournament Highscores...    

[Print][Thu Sep 09 16:00:25 2021]: > Done in 0.00 seconds    

[Print][Thu Sep 09 16:00:25 2021]: >> Loading Berry Trees...    

[Print][Thu Sep 09 16:00:25 2021]: > Done in 0.02 seconds    

[Print][Thu Sep 09 16:00:25 2021]: >> Cleaning Mastery Dungeons...    

[Print][Thu Sep 09 16:00:25 2021]: > Done in 0.00 seconds    

[Print][Thu Sep 09 16:00:25 2021]: >> Loading Bosses...    

[Print][Thu Sep 09 16:00:25 2021]: >> Scheduled Boss Spawn: The A. Mesmer in 14 hours, 36 minutes and 53 seconds    

[Print][Thu Sep 09 16:00:25 2021]: > Done in 0.00 seconds    

[Print][Thu Sep 09 16:00:25 2021]: >> Loading Highscores...    

[Print][Thu Sep 09 16:00:25 2021]: > Done in 0.00 seconds    

[Print][Thu Sep 09 16:00:25 2021]: >> Loading Ball Pillars...    

[Print][Thu Sep 09 16:00:25 2021]: > Done in 0.03 seconds    

[Print][Thu Sep 09 16:00:25 2021]: >> Loading Citizens...    

[Print][Thu Sep 09 16:00:25 2021]: > Done in 0.48 seconds    

[Print][Thu Sep 09 16:00:25 2021]: >> Loading Ranks...    

[Print][Thu Sep 09 16:00:25 2021]: > Done in 0.00 seconds    

[Print][Thu Sep 09 16:00:25 2021]: >> All done on Thu Sep 09 16:00:25 2021    

[Print][Thu Sep 09 16:37:20 2021]: >> Cleaning players online status...    

[Print][Thu Sep 09 16:37:20 2021]: > Done in 0.02 seconds    

[Print][Thu Sep 09 16:37:20 2021]: >> Loading PvP Arenas...    

[Print][Thu Sep 09 16:37:20 2021]: > Done in 0.00 seconds    

[Print][Thu Sep 09 16:37:20 2021]: >> Loading Caught Highscores...    

[Print][Thu Sep 09 16:37:20 2021]: > Done in 0.00 seconds    

[Print][Thu Sep 09 16:37:20 2021]: >> Loading Tournament Highscores...    

[Print][Thu Sep 09 16:37:20 2021]: > Done in 0.00 seconds    

[Print][Thu Sep 09 16:37:20 2021]: >> Loading Berry Trees...    

[Print][Thu Sep 09 16:37:20 2021]: > Done in 0.01 seconds    

[Print][Thu Sep 09 16:37:20 2021]: >> Cleaning Mastery Dungeons...    

[Print][Thu Sep 09 16:37:20 2021]: > Done in 0.00 seconds    

[Print][Thu Sep 09 16:37:20 2021]: >> Loading Bosses...    

[Print][Thu Sep 09 16:37:20 2021]: >> Scheduled Boss Spawn: Pink Fury in 6 hours, 56 minutes and 31 seconds    

[Print][Thu Sep 09 16:37:20 2021]: > Done in 0.00 seconds    

[Print][Thu Sep 09 16:37:20 2021]: >> Loading Highscores...    

[Print][Thu Sep 09 16:37:20 2021]: > Done in 0.00 seconds    

[Print][Thu Sep 09 16:37:20 2021]: >> Loading Ball Pillars...    

[Print][Thu Sep 09 16:37:20 2021]: > Done in 0.00 seconds    

[Print][Thu Sep 09 16:37:20 2021]: >> Loading Citizens...    

[Print][Thu Sep 09 16:37:20 2021]: > Done in 0.45 seconds    

[Print][Thu Sep 09 16:37:20 2021]: >> Loading Ranks...    

[Print][Thu Sep 09 16:37:20 2021]: > Done in 0.00 seconds    

[Print][Thu Sep 09 16:37:20 2021]: >> All done on Thu Sep 09 16:37:20 2021    

[Print][Thu Sep 09 17:02:26 2021]: ivev    

[Print][Thu Sep 09 17:14:13 2021]: ivev    

[Print][Thu Sep 09 17:17:24 2021]: ivev    

[Print][Thu Sep 09 17:19:01 2021]: ivev    

[Print][Thu Sep 09 17:20:07 2021]: ivev    

[Print][Thu Sep 09 17:22:37 2021]: ivev    

[Print][Thu Sep 09 17:23:09 2021]: ivev    

[Print][Thu Sep 09 17:25:02 2021]: ivev    

[Print][Thu Sep 09 17:27:37 2021]: ivev    

[Print][Thu Sep 09 17:35:09 2021]: ivev    

[Print][Thu Sep 09 17:35:20 2021]: ivev    

[Print][Thu Sep 09 17:35:42 2021]: base    

[Print][Thu Sep 09 17:37:38 2021]: base    

[Print][Thu Sep 09 17:37:46 2021]: base    

[Print][Thu Sep 09 17:38:12 2021]: ivev    

[Print][Thu Sep 09 17:38:12 2021]: ivev    

[Print][Thu Sep 09 17:38:13 2021]: ivev    

[Print][Thu Sep 09 17:38:14 2021]: ivev    

[Print][Thu Sep 09 17:38:14 2021]: ivev    

[Print][Thu Sep 09 17:38:14 2021]: ivev    

[Print][Thu Sep 09 17:38:15 2021]: ivev    

[Print][Thu Sep 09 17:38:15 2021]: ivev    

[Print][Thu Sep 09 17:38:16 2021]: ivev    

[Print][Thu Sep 09 17:38:16 2021]: ivev    

[Print][Thu Sep 09 17:38:16 2021]: ivev    

[Print][Thu Sep 09 17:40:36 2021]: ivev    

[Print][Thu Sep 09 17:40:36 2021]: ivev    

[Print][Thu Sep 09 17:40:37 2021]: ivev    

[Print][Thu Sep 09 17:59:12 2021]: ivev    

[Print][Thu Sep 09 18:05:42 2021]: ivev    

[Print][Thu Sep 09 18:05:46 2021]: ivev    

[Print][Thu Sep 09 20:35:32 2021]: >> Cleaning players online status...    

[Print][Thu Sep 09 20:35:32 2021]: > Done in 0.04 seconds    

[Print][Thu Sep 09 20:35:33 2021]: >> Loading PvP Arenas...    

[Print][Thu Sep 09 20:35:33 2021]: > Done in 0.03 seconds    

[Print][Thu Sep 09 20:35:33 2021]: >> Loading Caught Highscores...    

[Print][Thu Sep 09 20:35:33 2021]: > Done in 0.04 seconds    

[Print][Thu Sep 09 20:35:33 2021]: >> Loading Tournament Highscores...    

[Print][Thu Sep 09 20:35:33 2021]: > Done in 0.39 seconds    

[Print][Thu Sep 09 20:35:33 2021]: >> Loading Berry Trees...    

[Print][Thu Sep 09 20:35:33 2021]: > Done in 0.06 seconds    

[Print][Thu Sep 09 20:35:33 2021]: >> Cleaning Mastery Dungeons...    

[Print][Thu Sep 09 20:35:33 2021]: > Done in 0.00 seconds    

[Print][Thu Sep 09 20:35:33 2021]: >> Loading Bosses...    

[Print][Thu Sep 09 20:35:33 2021]: >> Scheduled Boss Spawn: Twisted Blades in 15 hours, 48 minutes and 2 seconds    

[Print][Thu Sep 09 20:35:33 2021]: > Done in 0.01 seconds    

[Print][Thu Sep 09 20:35:33 2021]: >> Loading Highscores...    

[Print][Thu Sep 09 20:35:34 2021]: > Done in 0.00 seconds    

[Print][Thu Sep 09 20:35:34 2021]: >> Loading Ball Pillars...    

[Print][Thu Sep 09 20:35:34 2021]: > Done in 0.04 seconds    

[Print][Thu Sep 09 20:35:34 2021]: >> Loading Citizens...    

[Print][Thu Sep 09 20:35:38 2021]: > Done in 3.75 seconds    

[Print][Thu Sep 09 20:35:38 2021]: >> Loading Ranks...    

[Print][Thu Sep 09 20:35:38 2021]: > Done in 0.00 seconds    

[Print][Thu Sep 09 20:35:38 2021]: >> All done on Thu Sep 09 20:35:38 2021    

[Print][Thu Sep 09 22:13:21 2021]: >> Cleaning players online status...    

[Print][Thu Sep 09 22:13:21 2021]: > Done in 0.08 seconds    

[Print][Thu Sep 09 22:13:21 2021]: >> Loading PvP Arenas...    

[Print][Thu Sep 09 22:13:21 2021]: > Done in 0.00 seconds    

[Print][Thu Sep 09 22:13:21 2021]: >> Loading Caught Highscores...    

[Print][Thu Sep 09 22:13:21 2021]: > Done in 0.03 seconds    

[Print][Thu Sep 09 22:13:21 2021]: >> Loading Tournament Highscores...    

[Print][Thu Sep 09 22:13:21 2021]: > Done in 0.06 seconds    

[Print][Thu Sep 09 22:13:21 2021]: >> Loading Berry Trees...    

[Print][Thu Sep 09 22:13:21 2021]: > Done in 0.02 seconds    

[Print][Thu Sep 09 22:13:21 2021]: >> Cleaning Mastery Dungeons...    

[Print][Thu Sep 09 22:13:21 2021]: > Done in 0.00 seconds    

[Print][Thu Sep 09 22:13:21 2021]: >> Loading Bosses...    

[Print][Thu Sep 09 22:13:21 2021]: >> Scheduled Boss Spawn: Cesar, The Simian in 9 hours, 52 minutes and 31 seconds    

[Print][Thu Sep 09 22:13:21 2021]: > Done in 0.00 seconds    

[Print][Thu Sep 09 22:13:21 2021]: >> Loading Highscores...    

[Print][Thu Sep 09 22:13:21 2021]: > Done in 0.00 seconds    

[Print][Thu Sep 09 22:13:22 2021]: >> Loading Ball Pillars...    

[Print][Thu Sep 09 22:13:22 2021]: > Done in 0.01 seconds    

[Print][Thu Sep 09 22:13:22 2021]: >> Loading Citizens...    

[Print][Thu Sep 09 22:13:22 2021]: > Done in 0.55 seconds    

[Print][Thu Sep 09 22:13:22 2021]: >> Loading Ranks...    

[Print][Thu Sep 09 22:13:22 2021]: > Done in 0.00 seconds    

[Print][Thu Sep 09 22:13:22 2021]: >> All done on Thu Sep 09 22:13:22 2021    

[Print][Thu Sep 09 23:42:09 2021]: ivev    

[Print][Thu Sep 09 23:48:04 2021]: ivev    

[Print][Thu Sep 09 23:51:40 2021]: ivev    

[Print][Thu Sep 09 23:54:39 2021]: ivev    

[Print][Thu Sep 09 23:55:18 2021]: ivev    

[Print][Thu Sep 09 23:55:23 2021]: ivev    

[Print][Thu Sep 09 23:55:24 2021]: ivev    

[Print][Thu Sep 09 23:55:24 2021]: ivev    

[Print][Thu Sep 09 23:55:24 2021]: ivev    

[Print][Thu Sep 09 23:55:25 2021]: ivev    

[Print][Thu Sep 09 23:55:25 2021]: ivev    

[Print][Thu Sep 09 23:56:04 2021]: ivev    

[Print][Thu Sep 09 23:56:11 2021]: ivev    

[Print][Thu Sep 09 23:56:16 2021]: ivev    

[Print][Thu Sep 09 23:56:43 2021]: ivev    

[Print][Thu Sep 09 23:56:48 2021]: ivev    

