[Print][Thu Sep 23 11:34:13 2021]: >> Cleaning players online status...    

[Print][Thu Sep 23 11:34:13 2021]: > Done in 0.03 seconds    

[Print][Thu Sep 23 11:34:13 2021]: >> Loading PvP Arenas...    

[Print][Thu Sep 23 11:34:13 2021]: > Done in 0.00 seconds    

[Print][Thu Sep 23 11:34:13 2021]: >> Loading Caught Highscores...    

[Print][Thu Sep 23 11:34:13 2021]: > Done in 0.00 seconds    

[Print][Thu Sep 23 11:34:13 2021]: >> Loading Tournament Highscores...    

[Print][Thu Sep 23 11:34:13 2021]: > Done in 0.00 seconds    

[Print][Thu Sep 23 11:34:13 2021]: >> Loading Berry Trees...    

[Print][Thu Sep 23 11:34:13 2021]: > Done in 0.03 seconds    

[Print][Thu Sep 23 11:34:13 2021]: >> Cleaning Mastery Dungeons...    

[Print][Thu Sep 23 11:34:13 2021]: > Done in 0.00 seconds    

[Print][Thu Sep 23 11:34:13 2021]: >> Loading Bosses...    

[Print][Thu Sep 23 11:34:13 2021]: >> Scheduled Boss Spawn: Twisted Blades in 6 hours, 19 minutes and 59 seconds    

[Print][Thu Sep 23 11:34:13 2021]: > Done in 0.00 seconds    

[Print][Thu Sep 23 11:34:13 2021]: >> Loading Highscores...    

[Print][Thu Sep 23 11:34:13 2021]: > Done in 0.00 seconds    

[Print][Thu Sep 23 11:34:13 2021]: >> Loading Ball Pillars...    

[Print][Thu Sep 23 11:34:13 2021]: > Done in 0.02 seconds    

[Print][Thu Sep 23 11:34:13 2021]: >> Loading Citizens...    

[Print][Thu Sep 23 11:34:14 2021]: > Done in 0.45 seconds    

[Print][Thu Sep 23 11:34:14 2021]: >> Loading Ranks...    

[Print][Thu Sep 23 11:34:14 2021]: > Done in 0.00 seconds    

[Print][Thu Sep 23 11:34:14 2021]: >> All done on Thu Sep 23 11:34:14 2021    

[Print][Thu Sep 23 11:36:14 2021]: >> Cleaning players online status...    

[Print][Thu Sep 23 11:36:14 2021]: > Done in 0.02 seconds    

[Print][Thu Sep 23 11:36:14 2021]: >> Loading PvP Arenas...    

[Print][Thu Sep 23 11:36:14 2021]: > Done in 0.00 seconds    

[Print][Thu Sep 23 11:36:14 2021]: >> Loading Caught Highscores...    

[Print][Thu Sep 23 11:36:14 2021]: > Done in 0.00 seconds    

[Print][Thu Sep 23 11:36:14 2021]: >> Loading Tournament Highscores...    

[Print][Thu Sep 23 11:36:14 2021]: > Done in 0.00 seconds    

[Print][Thu Sep 23 11:36:14 2021]: >> Loading Berry Trees...    

[Print][Thu Sep 23 11:36:14 2021]: > Done in 0.06 seconds    

[Print][Thu Sep 23 11:36:14 2021]: >> Cleaning Mastery Dungeons...    

[Print][Thu Sep 23 11:36:14 2021]: > Done in 0.00 seconds    

[Print][Thu Sep 23 11:36:15 2021]: >> Loading Bosses...    

[Print][Thu Sep 23 11:36:15 2021]: >> Scheduled Boss Spawn: Kirby in 7 hours, 28 minutes and 41 seconds    

[Print][Thu Sep 23 11:36:15 2021]: > Done in 0.01 seconds    

[Print][Thu Sep 23 11:36:15 2021]: >> Loading Highscores...    

[Print][Thu Sep 23 11:36:15 2021]: > Done in 0.01 seconds    

[Print][Thu Sep 23 11:36:15 2021]: >> Loading Ball Pillars...    

[Print][Thu Sep 23 11:36:15 2021]: > Done in 0.00 seconds    

[Print][Thu Sep 23 11:36:15 2021]: >> Loading Citizens...    

[Print][Thu Sep 23 11:36:15 2021]: > Done in 0.46 seconds    

[Print][Thu Sep 23 11:36:15 2021]: >> Loading Ranks...    

[Print][Thu Sep 23 11:36:15 2021]: > Done in 0.00 seconds    

[Print][Thu Sep 23 11:36:15 2021]: >> All done on Thu Sep 23 11:36:15 2021    

[Print][Thu Sep 23 14:13:26 2021]: >> Cleaning players online status...    

[Print][Thu Sep 23 14:13:26 2021]: > Done in 0.03 seconds    

[Print][Thu Sep 23 14:13:26 2021]: >> Loading PvP Arenas...    

[Print][Thu Sep 23 14:13:26 2021]: > Done in 0.00 seconds    

[Print][Thu Sep 23 14:13:26 2021]: >> Loading Caught Highscores...    

[Print][Thu Sep 23 14:13:26 2021]: > Done in 0.02 seconds    

[Print][Thu Sep 23 14:13:26 2021]: >> Loading Tournament Highscores...    

[Print][Thu Sep 23 14:13:26 2021]: > Done in 0.00 seconds    

[Print][Thu Sep 23 14:13:26 2021]: >> Loading Berry Trees...    

[Print][Thu Sep 23 14:13:26 2021]: > Done in 0.01 seconds    

[Print][Thu Sep 23 14:13:26 2021]: >> Cleaning Mastery Dungeons...    

[Print][Thu Sep 23 14:13:26 2021]: > Done in 0.00 seconds    

[Print][Thu Sep 23 14:13:26 2021]: >> Loading Bosses...    

[Print][Thu Sep 23 14:13:26 2021]: >> Scheduled Boss Spawn: The Turbo in 12 hours, 12 minutes and 18 seconds    

[Print][Thu Sep 23 14:13:26 2021]: > Done in 0.01 seconds    

[Print][Thu Sep 23 14:13:26 2021]: >> Loading Highscores...    

[Print][Thu Sep 23 14:13:26 2021]: > Done in 0.00 seconds    

[Print][Thu Sep 23 14:13:26 2021]: >> Loading Ball Pillars...    

[Print][Thu Sep 23 14:13:26 2021]: > Done in 0.00 seconds    

[Print][Thu Sep 23 14:13:26 2021]: >> Loading Citizens...    

[Print][Thu Sep 23 14:13:27 2021]: > Done in 0.64 seconds    

[Print][Thu Sep 23 14:13:27 2021]: >> Loading Ranks...    

[Print][Thu Sep 23 14:13:27 2021]: > Done in 0.00 seconds    

[Print][Thu Sep 23 14:13:27 2021]: >> All done on Thu Sep 23 14:13:27 2021    

