[Print][Mon Nov 01 01:03:41 2021]: 3    1    1    1    

[Print][Mon Nov 01 01:03:46 2021]: 3    1    1    1    

[Print][Mon Nov 01 01:03:52 2021]: 3    1    1    1    

[Print][Mon Nov 01 01:07:17 2021]: 3    1    1    1    

[Print][Mon Nov 01 01:07:23 2021]: 3    1    1    1    

[Print][Mon Nov 01 01:07:27 2021]: 3    1    1    1    

[Print][Mon Nov 01 01:21:20 2021]: 3    1    1    1    

[Print][Mon Nov 01 01:21:28 2021]: 3    1    1    1    

[Print][Mon Nov 01 01:21:33 2021]: 3    1    1    1    

[Print][Mon Nov 01 01:31:05 2021]: 10801    

[Print][Mon Nov 01 01:31:13 2021]: 10801    

[Print][Mon Nov 01 01:32:32 2021]: 10801    

[Print][Mon Nov 01 01:33:45 2021]: 10801    

[Print][Mon Nov 01 01:33:45 2021]: elapsed time: 0.00
    

[Print][Mon Nov 01 01:34:02 2021]: 10801    

[Print][Mon Nov 01 01:34:02 2021]: elapsed time: 0.00
    

[Print][Mon Nov 01 01:34:26 2021]: 1641006001    

[Print][Mon Nov 01 01:36:02 2021]: 1641006001    

[Print][Mon Nov 01 01:36:02 2021]: 455835:00:01    

[Print][Mon Nov 01 01:36:24 2021]: 1641006001    

[Print][Mon Nov 01 01:36:24 2021]: 455:50:06    

[Print][Mon Nov 01 01:38:14 2021]: 1641006.001    

[Print][Mon Nov 01 01:38:14 2021]: 455:50:06    

[Print][Mon Nov 01 01:38:14 2021]: 1970-01-19T20:50:06    

[Print][Mon Nov 01 01:38:55 2021]: 1641006001    

[Print][Mon Nov 01 01:38:55 2021]: 455835:00:01    

[Print][Mon Nov 01 01:38:55 2021]: 2022-01-01T00:00:01    

[Print][Mon Nov 01 01:39:17 2021]: 1641006001    

[Print][Mon Nov 01 01:39:17 2021]: 455835:00:01    

[Print][Mon Nov 01 01:39:17 2021]: 2022-01-01 T 00:00:01    

[Print][Mon Nov 01 01:41:29 2021]: 1641006001    

[Print][Mon Nov 01 01:41:29 2021]: 455835:00:01    

[Print][Mon Nov 01 01:41:29 2021]: 2022-01-01 T 00:00:01    

[Print][Mon Nov 01 01:41:29 2021]: 00:00:01    

[Print][Mon Nov 01 01:41:56 2021]: 1641027653    

[Print][Mon Nov 01 01:41:56 2021]: 455841:00:53    

[Print][Mon Nov 01 01:41:56 2021]: 2022-01-01 T 06:00:53    

[Print][Mon Nov 01 01:41:56 2021]: 06:00:53    

[Print][Mon Nov 01 01:44:43 2021]: 1641027653    

[Print][Mon Nov 01 01:44:43 2021]: 455841:00:53    

[Print][Mon Nov 01 01:44:43 2021]: 2022-01-01 T 06:00:53    

[Print][Mon Nov 01 01:44:43 2021]: Ano: 2022    

[Print][Mon Nov 01 01:44:43 2021]: Mes: 01    

[Print][Mon Nov 01 01:44:43 2021]: Dia: 01    

[Print][Mon Nov 01 01:44:43 2021]: Tempo: 06:00:53    

[Print][Mon Nov 01 01:47:28 2021]: 1641027653    

[Print][Mon Nov 01 01:47:28 2021]: 455841:00:53    

[Print][Mon Nov 01 01:47:28 2021]: 2022-01-01 T 06:00:53    

[Print][Mon Nov 01 01:47:28 2021]: Ano: 2022    

[Print][Mon Nov 01 01:47:28 2021]: Mes: 01    

[Print][Mon Nov 01 01:47:28 2021]: Dia: 01    

[Print][Mon Nov 01 01:47:28 2021]: Tempo: 06:00:53    

[Print][Mon Nov 01 01:47:30 2021]: 1641027653    

[Print][Mon Nov 01 01:47:30 2021]: 455841:00:53    

[Print][Mon Nov 01 01:47:30 2021]: 2022-01-01 T 06:00:53    

[Print][Mon Nov 01 01:47:30 2021]: Ano: 2022    

[Print][Mon Nov 01 01:47:30 2021]: Mes: 01    

[Print][Mon Nov 01 01:47:30 2021]: Dia: 01    

[Print][Mon Nov 01 01:47:30 2021]: Tempo: 06:00:53    

[Print][Mon Nov 01 01:47:30 2021]: %X    

[Print][Mon Nov 01 14:26:31 2021]: >> Cleaning players online status...    

[Print][Mon Nov 01 14:26:31 2021]: > Done in 0.05 seconds    

[Print][Mon Nov 01 14:26:31 2021]: >> Loading PvP Arenas...    

[Print][Mon Nov 01 14:26:31 2021]: > Done in 0.00 seconds    

[Print][Mon Nov 01 14:26:31 2021]: >> Loading Caught Highscores...    

[Print][Mon Nov 01 14:26:31 2021]: > Done in 0.02 seconds    

[Print][Mon Nov 01 14:26:31 2021]: >> Loading Tournament Highscores...    

[Print][Mon Nov 01 14:26:31 2021]: > Done in 0.00 seconds    

[Print][Mon Nov 01 14:26:31 2021]: >> Loading Berry Trees...    

[Print][Mon Nov 01 14:26:31 2021]: > Done in 0.03 seconds    

[Print][Mon Nov 01 14:26:31 2021]: >> Cleaning Mastery Dungeons...    

[Print][Mon Nov 01 14:26:31 2021]: > Done in 0.00 seconds    

[Print][Mon Nov 01 14:26:31 2021]: >> Loading Bosses...    

[Print][Mon Nov 01 14:26:31 2021]: >> Scheduled Boss Spawn: Kirby in 11 hours, 10 minutes and 50 seconds    

[Print][Mon Nov 01 14:26:31 2021]: > Done in 0.01 seconds    

[Print][Mon Nov 01 14:26:31 2021]: >> Loading Highscores...    

[Print][Mon Nov 01 14:26:31 2021]: > Done in 0.00 seconds    

[Print][Mon Nov 01 14:26:31 2021]: >> Loading Ball Pillars...    

[Print][Mon Nov 01 14:26:31 2021]: > Done in 0.00 seconds    

[Print][Mon Nov 01 14:26:31 2021]: >> Loading Citizens...    

[Print][Mon Nov 01 14:26:32 2021]: > Done in 0.75 seconds    

[Print][Mon Nov 01 14:26:32 2021]: >> Loading Ranks...    

[Print][Mon Nov 01 14:26:32 2021]: > Done in 0.00 seconds    

[Print][Mon Nov 01 14:26:32 2021]: >> All done on Mon Nov 01 14:26:32 2021    

[Print][Mon Nov 01 14:27:29 2021]: 3    1    1    1    

[Print][Mon Nov 01 14:27:35 2021]: 3    1    1    1    

[Print][Mon Nov 01 14:27:41 2021]: 3    1    1    1    

[Print][Mon Nov 01 14:27:41 2021]: 3    1    1    1    

[Print][Mon Nov 01 14:27:42 2021]: 3    1    1    1    

[Print][Mon Nov 01 14:27:43 2021]: 3    1    1    1    

[Print][Mon Nov 01 14:27:43 2021]: 3    1    1    1    

[Print][Mon Nov 01 14:31:05 2021]: >> Cleaning players online status...    

[Print][Mon Nov 01 14:31:05 2021]: > Done in 0.21 seconds    

[Print][Mon Nov 01 14:31:05 2021]: >> Loading PvP Arenas...    

[Print][Mon Nov 01 14:31:05 2021]: > Done in 0.00 seconds    

[Print][Mon Nov 01 14:31:05 2021]: >> Loading Caught Highscores...    

[Print][Mon Nov 01 14:31:05 2021]: > Done in 0.00 seconds    

[Print][Mon Nov 01 14:31:05 2021]: >> Loading Tournament Highscores...    

[Print][Mon Nov 01 14:31:05 2021]: > Done in 0.00 seconds    

[Print][Mon Nov 01 14:31:05 2021]: >> Loading Berry Trees...    

[Print][Mon Nov 01 14:31:05 2021]: > Done in 0.08 seconds    

[Print][Mon Nov 01 14:31:05 2021]: >> Cleaning Mastery Dungeons...    

[Print][Mon Nov 01 14:31:05 2021]: > Done in 0.00 seconds    

[Print][Mon Nov 01 14:31:05 2021]: >> Loading Bosses...    

[Print][Mon Nov 01 14:31:05 2021]: >> Scheduled Boss Spawn: Blastertoise in 10 hours, 31 minutes and 30 seconds    

[Print][Mon Nov 01 14:31:05 2021]: > Done in 0.01 seconds    

[Print][Mon Nov 01 14:31:05 2021]: >> Loading Highscores...    

[Print][Mon Nov 01 14:31:05 2021]: > Done in 0.00 seconds    

[Print][Mon Nov 01 14:31:05 2021]: >> Loading Ball Pillars...    

[Print][Mon Nov 01 14:31:05 2021]: > Done in 0.00 seconds    

[Print][Mon Nov 01 14:31:05 2021]: >> Loading Citizens...    

[Print][Mon Nov 01 14:31:06 2021]: > Done in 0.67 seconds    

[Print][Mon Nov 01 14:31:06 2021]: >> Loading Ranks...    

[Print][Mon Nov 01 14:31:06 2021]: > Done in 0.00 seconds    

[Print][Mon Nov 01 14:31:06 2021]: >> All done on Mon Nov 01 14:31:06 2021    

[Print][Mon Nov 01 14:31:56 2021]: 3    1    1    1    

[Print][Mon Nov 01 14:32:04 2021]: 3    1    1    1    

[Print][Mon Nov 01 14:32:14 2021]: 3    1    1    1    

[Print][Mon Nov 01 14:32:52 2021]: 3    1    1    1    

[Print][Mon Nov 01 14:32:57 2021]: 3    1    1    1    

[Print][Mon Nov 01 14:33:06 2021]: 3    1    1    1    

[Print][Mon Nov 01 14:34:04 2021]: 3    1    1    1    

[Print][Mon Nov 01 14:34:08 2021]: 3    1    1    1    

[Print][Mon Nov 01 14:34:16 2021]: 3    1    1    1    

[Print][Mon Nov 01 14:34:55 2021]: 3    1    1    1    

[Print][Mon Nov 01 14:35:03 2021]: 3    1    1    1    

[Print][Mon Nov 01 14:35:10 2021]: 3    1    1    1    

[Print][Mon Nov 01 17:52:50 2021]: 3    1    1    1    

[Print][Mon Nov 01 17:52:56 2021]: 3    1    1    1    

[Print][Mon Nov 01 17:53:01 2021]: 3    1    1    1    

[Print][Mon Nov 01 20:17:22 2021]: 3    1    1    1    

[Print][Mon Nov 01 20:17:35 2021]: 3    1    1    1    

[Print][Mon Nov 01 20:17:42 2021]: 3    1    1    1    

[Print][Mon Nov 01 20:18:57 2021]: 3    1    1    1    

[Print][Mon Nov 01 20:19:12 2021]: 3    1    1    1    

[Print][Mon Nov 01 20:19:20 2021]: 3    1    1    1    

[Print][Mon Nov 01 20:22:29 2021]: >> Cleaning players online status...    

[Print][Mon Nov 01 20:22:29 2021]: > Done in 0.07 seconds    

[Print][Mon Nov 01 20:22:29 2021]: >> Loading PvP Arenas...    

[Print][Mon Nov 01 20:22:29 2021]: > Done in 0.00 seconds    

[Print][Mon Nov 01 20:22:29 2021]: >> Loading Caught Highscores...    

[Print][Mon Nov 01 20:22:29 2021]: > Done in 0.02 seconds    

[Print][Mon Nov 01 20:22:29 2021]: >> Loading Tournament Highscores...    

[Print][Mon Nov 01 20:22:29 2021]: > Done in 0.00 seconds    

[Print][Mon Nov 01 20:22:29 2021]: >> Loading Berry Trees...    

[Print][Mon Nov 01 20:22:29 2021]: > Done in 0.01 seconds    

[Print][Mon Nov 01 20:22:29 2021]: >> Cleaning Mastery Dungeons...    

[Print][Mon Nov 01 20:22:29 2021]: > Done in 0.00 seconds    

[Print][Mon Nov 01 20:22:29 2021]: >> Loading Bosses...    

[Print][Mon Nov 01 20:22:29 2021]: >> Scheduled Boss Spawn: Phyllo Terribil in 6 hours, 10 minutes and 4 seconds    

[Print][Mon Nov 01 20:22:29 2021]: > Done in 0.01 seconds    

[Print][Mon Nov 01 20:22:29 2021]: >> Loading Highscores...    

[Print][Mon Nov 01 20:22:29 2021]: > Done in 0.00 seconds    

[Print][Mon Nov 01 20:22:29 2021]: >> Loading Ball Pillars...    

[Print][Mon Nov 01 20:22:29 2021]: > Done in 0.01 seconds    

[Print][Mon Nov 01 20:22:29 2021]: >> Loading Citizens...    

[Print][Mon Nov 01 20:22:30 2021]: > Done in 0.63 seconds    

[Print][Mon Nov 01 20:22:30 2021]: >> Loading Ranks...    

[Print][Mon Nov 01 20:22:30 2021]: > Done in 0.00 seconds    

[Print][Mon Nov 01 20:22:30 2021]: >> All done on Mon Nov 01 20:22:30 2021    

[Print][Mon Nov 01 20:23:37 2021]: 3    1    1    1    

[Print][Mon Nov 01 20:23:46 2021]: 3    1    1    1    

[Print][Mon Nov 01 20:23:49 2021]: 3    1    1    1    

[Print][Mon Nov 01 20:25:24 2021]: 3    1    1    1    

[Print][Mon Nov 01 20:25:36 2021]: 3    1    1    1    

[Print][Mon Nov 01 20:25:45 2021]: 3    1    1    1    

[Print][Mon Nov 01 20:27:07 2021]: 3    1    1    1    

[Print][Mon Nov 01 20:27:39 2021]: 3    1    1    1    

[Print][Mon Nov 01 20:27:41 2021]: 3    1    1    1    

[Print][Mon Nov 01 20:30:05 2021]: >> Cleaning players online status...    

[Print][Mon Nov 01 20:30:05 2021]: > Done in 0.06 seconds    

[Print][Mon Nov 01 20:30:05 2021]: >> Loading PvP Arenas...    

[Print][Mon Nov 01 20:30:05 2021]: > Done in 0.00 seconds    

[Print][Mon Nov 01 20:30:05 2021]: >> Loading Caught Highscores...    

[Print][Mon Nov 01 20:30:05 2021]: > Done in 0.00 seconds    

[Print][Mon Nov 01 20:30:05 2021]: >> Loading Tournament Highscores...    

[Print][Mon Nov 01 20:30:05 2021]: > Done in 0.00 seconds    

[Print][Mon Nov 01 20:30:05 2021]: >> Loading Berry Trees...    

[Print][Mon Nov 01 20:30:05 2021]: > Done in 0.01 seconds    

[Print][Mon Nov 01 20:30:05 2021]: >> Cleaning Mastery Dungeons...    

[Print][Mon Nov 01 20:30:05 2021]: > Done in 0.00 seconds    

[Print][Mon Nov 01 20:30:05 2021]: >> Loading Bosses...    

[Print][Mon Nov 01 20:30:05 2021]: >> Scheduled Boss Spawn: Blastertoise in 8 hours, 7 minutes and 56 seconds    

[Print][Mon Nov 01 20:30:05 2021]: > Done in 0.01 seconds    

[Print][Mon Nov 01 20:30:05 2021]: >> Loading Highscores...    

[Print][Mon Nov 01 20:30:05 2021]: > Done in 0.00 seconds    

[Print][Mon Nov 01 20:30:05 2021]: >> Loading Ball Pillars...    

[Print][Mon Nov 01 20:30:05 2021]: > Done in 0.00 seconds    

[Print][Mon Nov 01 20:30:05 2021]: >> Loading Citizens...    

[Print][Mon Nov 01 20:30:06 2021]: > Done in 0.57 seconds    

[Print][Mon Nov 01 20:30:06 2021]: >> Loading Ranks...    

[Print][Mon Nov 01 20:30:06 2021]: > Done in 0.00 seconds    

[Print][Mon Nov 01 20:30:06 2021]: >> All done on Mon Nov 01 20:30:06 2021    

[Print][Mon Nov 01 20:58:20 2021]: >> Cleaning players online status...    

[Print][Mon Nov 01 20:58:20 2021]: > Done in 0.05 seconds    

[Print][Mon Nov 01 20:58:20 2021]: >> Loading PvP Arenas...    

[Print][Mon Nov 01 20:58:20 2021]: > Done in 0.00 seconds    

[Print][Mon Nov 01 20:58:20 2021]: >> Loading Caught Highscores...    

[Print][Mon Nov 01 20:58:20 2021]: > Done in 0.00 seconds    

[Print][Mon Nov 01 20:58:20 2021]: >> Loading Tournament Highscores...    

[Print][Mon Nov 01 20:58:20 2021]: > Done in 0.00 seconds    

[Print][Mon Nov 01 20:58:20 2021]: >> Loading Berry Trees...    

[Print][Mon Nov 01 20:58:20 2021]: > Done in 0.01 seconds    

[Print][Mon Nov 01 20:58:20 2021]: >> Cleaning Mastery Dungeons...    

[Print][Mon Nov 01 20:58:20 2021]: > Done in 0.00 seconds    

[Print][Mon Nov 01 20:58:20 2021]: >> Loading Bosses...    

[Print][Mon Nov 01 20:58:20 2021]: >> Scheduled Boss Spawn: Twisted Blades in 8 hours, 56 minutes and 27 seconds    

[Print][Mon Nov 01 20:58:20 2021]: > Done in 0.01 seconds    

[Print][Mon Nov 01 20:58:20 2021]: >> Loading Highscores...    

[Print][Mon Nov 01 20:58:20 2021]: > Done in 0.00 seconds    

[Print][Mon Nov 01 20:58:20 2021]: >> Loading Ball Pillars...    

[Print][Mon Nov 01 20:58:20 2021]: > Done in 0.00 seconds    

[Print][Mon Nov 01 20:58:20 2021]: >> Loading Citizens...    

[Print][Mon Nov 01 20:58:20 2021]: > Done in 0.50 seconds    

[Print][Mon Nov 01 20:58:20 2021]: >> Loading Ranks...    

[Print][Mon Nov 01 20:58:20 2021]: > Done in 0.00 seconds    

[Print][Mon Nov 01 20:58:20 2021]: >> All done on Mon Nov 01 20:58:20 2021    

[Print][Mon Nov 01 21:05:29 2021]: 3    1    1    1    

[Print][Mon Nov 01 21:05:36 2021]: 3    1    1    1    

[Print][Mon Nov 01 21:05:43 2021]: 3    1    1    1    

[Print][Mon Nov 01 21:08:23 2021]: 3    1    1    1    

[Print][Mon Nov 01 21:08:32 2021]: 3    1    1    1    

[Print][Mon Nov 01 21:08:41 2021]: 3    1    1    1    

[Print][Mon Nov 01 21:09:46 2021]: 3    1    1    1    

[Print][Mon Nov 01 21:09:55 2021]: 3    1    1    1    

[Print][Mon Nov 01 21:10:17 2021]: 3    1    1    1    

