[Warning][Fri Sep 10 10:35:38 2021]: doHighscoreCheck - updateHighscores is off.

[Warning][Fri Sep 10 10:35:38 2021]: doTournamentHighscoreCheck - updateHighscores is off.

[Warning][Fri Sep 10 10:35:38 2021]: doHighscoreTextUpdate - updateHighscores is off.

[Warning][Fri Sep 10 10:35:40 2021]: Ranks Update - updateHighscores is off.

[Warning][Fri Sep 10 12:07:36 2021]: doHighscoreCheck - updateHighscores is off.

[Warning][Fri Sep 10 12:07:37 2021]: doTournamentHighscoreCheck - updateHighscores is off.

[Warning][Fri Sep 10 12:07:37 2021]: doHighscoreTextUpdate - updateHighscores is off.

[Warning][Fri Sep 10 12:07:38 2021]: Ranks Update - updateHighscores is off.

[Warning][Fri Sep 10 13:17:12 2021]: doHighscoreCheck - updateHighscores is off.

[Warning][Fri Sep 10 13:17:12 2021]: doTournamentHighscoreCheck - updateHighscores is off.

[Warning][Fri Sep 10 13:17:12 2021]: doHighscoreTextUpdate - updateHighscores is off.

[Warning][Fri Sep 10 13:17:13 2021]: Ranks Update - updateHighscores is off.

[Warning][Fri Sep 10 15:02:33 2021]: doHighscoreCheck - updateHighscores is off.

[Warning][Fri Sep 10 15:02:33 2021]: doTournamentHighscoreCheck - updateHighscores is off.

[Warning][Fri Sep 10 15:02:33 2021]: doHighscoreTextUpdate - updateHighscores is off.

[Warning][Fri Sep 10 15:02:34 2021]: Ranks Update - updateHighscores is off.

[Warning][Fri Sep 10 16:18:52 2021]: doHighscoreCheck - updateHighscores is off.

[Warning][Fri Sep 10 16:18:52 2021]: doTournamentHighscoreCheck - updateHighscores is off.

[Warning][Fri Sep 10 16:18:52 2021]: doHighscoreTextUpdate - updateHighscores is off.

[Warning][Fri Sep 10 16:18:53 2021]: Ranks Update - updateHighscores is off.

[Warning][Fri Sep 10 17:34:35 2021]: doHighscoreCheck - updateHighscores is off.

[Warning][Fri Sep 10 17:34:35 2021]: doTournamentHighscoreCheck - updateHighscores is off.

[Warning][Fri Sep 10 17:34:35 2021]: doHighscoreTextUpdate - updateHighscores is off.

[Warning][Fri Sep 10 17:34:35 2021]: Ranks Update - updateHighscores is off.

[Warning][Fri Sep 10 18:41:30 2021]: doHighscoreCheck - updateHighscores is off.

[Warning][Fri Sep 10 18:41:30 2021]: doTournamentHighscoreCheck - updateHighscores is off.

[Warning][Fri Sep 10 18:41:30 2021]: doHighscoreTextUpdate - updateHighscores is off.

[Warning][Fri Sep 10 18:41:30 2021]: Ranks Update - updateHighscores is off.

[Warning][Fri Sep 10 19:18:12 2021]: doHighscoreCheck - updateHighscores is off.

[Warning][Fri Sep 10 19:18:12 2021]: doTournamentHighscoreCheck - updateHighscores is off.

[Warning][Fri Sep 10 19:18:12 2021]: doHighscoreTextUpdate - updateHighscores is off.

[Warning][Fri Sep 10 19:18:13 2021]: Ranks Update - updateHighscores is off.

[Warning][Fri Sep 10 19:21:54 2021]: Fixing Pokemon Extra Points
    Var 1 : Wave    Var 2 : 1    Var 3 : 10    Var 4 : Shiny Bulbasaur
[Warning][Fri Sep 10 19:45:20 2021]: doHighscoreCheck - updateHighscores is off.

[Warning][Fri Sep 10 19:45:20 2021]: doTournamentHighscoreCheck - updateHighscores is off.

[Warning][Fri Sep 10 19:45:20 2021]: doHighscoreTextUpdate - updateHighscores is off.

[Warning][Fri Sep 10 19:45:21 2021]: Ranks Update - updateHighscores is off.

[Warning][Fri Sep 10 19:56:20 2021]: doHighscoreCheck - updateHighscores is off.

[Warning][Fri Sep 10 19:56:20 2021]: doTournamentHighscoreCheck - updateHighscores is off.

[Warning][Fri Sep 10 19:56:20 2021]: doHighscoreTextUpdate - updateHighscores is off.

[Warning][Fri Sep 10 19:56:21 2021]: Ranks Update - updateHighscores is off.

