[Warning][Fri Nov 05 14:55:51 2021]: doHighscoreCheck - updateHighscores is off.

[Warning][Fri Nov 05 14:55:51 2021]: doTournamentHighscoreCheck - updateHighscores is off.

[Warning][Fri Nov 05 14:55:51 2021]: doHighscoreTextUpdate - updateHighscores is off.

[Warning][Fri Nov 05 14:55:52 2021]: Ranks Update - updateHighscores is off.

[Warning][Fri Nov 05 16:50:00 2021]: doHighscoreCheck - updateHighscores is off.

[Warning][Fri Nov 05 16:50:00 2021]: doTournamentHighscoreCheck - updateHighscores is off.

[Warning][Fri Nov 05 16:50:00 2021]: doHighscoreTextUpdate - updateHighscores is off.

[Warning][Fri Nov 05 16:50:01 2021]: Ranks Update - updateHighscores is off.

[Warning][Fri Nov 05 16:54:49 2021]: doHighscoreCheck - updateHighscores is off.

[Warning][Fri Nov 05 16:54:49 2021]: doTournamentHighscoreCheck - updateHighscores is off.

[Warning][Fri Nov 05 16:54:49 2021]: doHighscoreTextUpdate - updateHighscores is off.

[Warning][Fri Nov 05 16:54:50 2021]: Ranks Update - updateHighscores is off.

[Warning][Fri Nov 05 17:03:01 2021]: doHighscoreCheck - updateHighscores is off.

[Warning][Fri Nov 05 17:03:01 2021]: doTournamentHighscoreCheck - updateHighscores is off.

[Warning][Fri Nov 05 17:03:01 2021]: doHighscoreTextUpdate - updateHighscores is off.

[Warning][Fri Nov 05 17:03:02 2021]: Ranks Update - updateHighscores is off.

[Warning][Fri Nov 05 17:08:30 2021]: doHighscoreCheck - updateHighscores is off.

[Warning][Fri Nov 05 17:08:30 2021]: doTournamentHighscoreCheck - updateHighscores is off.

[Warning][Fri Nov 05 17:08:30 2021]: doHighscoreTextUpdate - updateHighscores is off.

[Warning][Fri Nov 05 17:08:31 2021]: Ranks Update - updateHighscores is off.

[Warning][Fri Nov 05 17:25:23 2021]: doHighscoreCheck - updateHighscores is off.

[Warning][Fri Nov 05 17:25:23 2021]: doTournamentHighscoreCheck - updateHighscores is off.

[Warning][Fri Nov 05 17:25:23 2021]: doHighscoreTextUpdate - updateHighscores is off.

[Warning][Fri Nov 05 17:25:23 2021]: Ranks Update - updateHighscores is off.

[Warning][Fri Nov 05 17:39:16 2021]: doHighscoreCheck - updateHighscores is off.

[Warning][Fri Nov 05 17:39:16 2021]: doTournamentHighscoreCheck - updateHighscores is off.

[Warning][Fri Nov 05 17:39:16 2021]: doHighscoreTextUpdate - updateHighscores is off.

[Warning][Fri Nov 05 17:39:17 2021]: Ranks Update - updateHighscores is off.

[Warning][Fri Nov 05 17:47:28 2021]: doHighscoreCheck - updateHighscores is off.

[Warning][Fri Nov 05 17:47:28 2021]: doTournamentHighscoreCheck - updateHighscores is off.

[Warning][Fri Nov 05 17:47:28 2021]: doHighscoreTextUpdate - updateHighscores is off.

[Warning][Fri Nov 05 17:47:29 2021]: Ranks Update - updateHighscores is off.

[Warning][Fri Nov 05 17:52:28 2021]: doHighscoreCheck - updateHighscores is off.

[Warning][Fri Nov 05 17:52:28 2021]: doTournamentHighscoreCheck - updateHighscores is off.

[Warning][Fri Nov 05 17:52:28 2021]: doHighscoreTextUpdate - updateHighscores is off.

[Warning][Fri Nov 05 17:52:29 2021]: Ranks Update - updateHighscores is off.

[Warning][Fri Nov 05 17:59:24 2021]: doHighscoreCheck - updateHighscores is off.

[Warning][Fri Nov 05 17:59:24 2021]: doTournamentHighscoreCheck - updateHighscores is off.

[Warning][Fri Nov 05 17:59:25 2021]: doHighscoreTextUpdate - updateHighscores is off.

[Warning][Fri Nov 05 17:59:25 2021]: Ranks Update - updateHighscores is off.

[Warning][Fri Nov 05 18:04:21 2021]: doHighscoreCheck - updateHighscores is off.

[Warning][Fri Nov 05 18:04:22 2021]: doTournamentHighscoreCheck - updateHighscores is off.

[Warning][Fri Nov 05 18:04:22 2021]: doHighscoreTextUpdate - updateHighscores is off.

[Warning][Fri Nov 05 18:04:22 2021]: Ranks Update - updateHighscores is off.

[Warning][Fri Nov 05 18:06:07 2021]: doHighscoreCheck - updateHighscores is off.

[Warning][Fri Nov 05 18:06:07 2021]: doTournamentHighscoreCheck - updateHighscores is off.

[Warning][Fri Nov 05 18:06:07 2021]: doHighscoreTextUpdate - updateHighscores is off.

[Warning][Fri Nov 05 18:06:08 2021]: Ranks Update - updateHighscores is off.

[Warning][Fri Nov 05 18:11:28 2021]: doHighscoreCheck - updateHighscores is off.

[Warning][Fri Nov 05 18:11:28 2021]: doTournamentHighscoreCheck - updateHighscores is off.

[Warning][Fri Nov 05 18:11:28 2021]: doHighscoreTextUpdate - updateHighscores is off.

[Warning][Fri Nov 05 18:11:29 2021]: Ranks Update - updateHighscores is off.

[Warning][Fri Nov 05 19:20:58 2021]: doHighscoreCheck - updateHighscores is off.

[Warning][Fri Nov 05 19:20:58 2021]: doTournamentHighscoreCheck - updateHighscores is off.

[Warning][Fri Nov 05 19:20:58 2021]: doHighscoreTextUpdate - updateHighscores is off.

[Warning][Fri Nov 05 19:20:58 2021]: Ranks Update - updateHighscores is off.

[Warning][Fri Nov 05 19:38:48 2021]: doHighscoreCheck - updateHighscores is off.

[Warning][Fri Nov 05 19:38:48 2021]: doTournamentHighscoreCheck - updateHighscores is off.

[Warning][Fri Nov 05 19:38:48 2021]: doHighscoreTextUpdate - updateHighscores is off.

[Warning][Fri Nov 05 19:38:48 2021]: Ranks Update - updateHighscores is off.

[Warning][Fri Nov 05 20:03:05 2021]: doHighscoreCheck - updateHighscores is off.

[Warning][Fri Nov 05 20:03:05 2021]: doTournamentHighscoreCheck - updateHighscores is off.

[Warning][Fri Nov 05 20:03:05 2021]: doHighscoreTextUpdate - updateHighscores is off.

[Warning][Fri Nov 05 20:03:06 2021]: Ranks Update - updateHighscores is off.

[Warning][Fri Nov 05 20:18:52 2021]: doHighscoreCheck - updateHighscores is off.

[Warning][Fri Nov 05 20:18:52 2021]: doTournamentHighscoreCheck - updateHighscores is off.

[Warning][Fri Nov 05 20:18:52 2021]: doHighscoreTextUpdate - updateHighscores is off.

[Warning][Fri Nov 05 20:18:53 2021]: Ranks Update - updateHighscores is off.

[Warning][Fri Nov 05 20:30:04 2021]: doHighscoreCheck - updateHighscores is off.

[Warning][Fri Nov 05 20:30:04 2021]: doTournamentHighscoreCheck - updateHighscores is off.

[Warning][Fri Nov 05 20:30:04 2021]: doHighscoreTextUpdate - updateHighscores is off.

[Warning][Fri Nov 05 20:30:05 2021]: Ranks Update - updateHighscores is off.

[Warning][Fri Nov 05 20:38:38 2021]: doHighscoreCheck - updateHighscores is off.

[Warning][Fri Nov 05 20:38:38 2021]: doTournamentHighscoreCheck - updateHighscores is off.

[Warning][Fri Nov 05 20:38:38 2021]: doHighscoreTextUpdate - updateHighscores is off.

[Warning][Fri Nov 05 20:38:39 2021]: Ranks Update - updateHighscores is off.

[Warning][Fri Nov 05 21:18:03 2021]: doHighscoreCheck - updateHighscores is off.

[Warning][Fri Nov 05 21:18:03 2021]: doTournamentHighscoreCheck - updateHighscores is off.

[Warning][Fri Nov 05 21:18:03 2021]: doHighscoreTextUpdate - updateHighscores is off.

[Warning][Fri Nov 05 21:18:04 2021]: Ranks Update - updateHighscores is off.

[Warning][Fri Nov 05 21:33:18 2021]: Fixing Pokemon Extra Points
    Var 1 : Alpha Chanel    Var 2 : 26    Var 3 : 35    Var 4 : Charmander
[Warning][Fri Nov 05 21:53:22 2021]: Fixing Pokemon Extra Points
    Var 1 : Alpha Chanel    Var 2 : 67    Var 3 : 76    Var 4 : Ivysaur
[Warning][Fri Nov 05 22:52:31 2021]: doHighscoreCheck - updateHighscores is off.

[Warning][Fri Nov 05 22:52:31 2021]: doTournamentHighscoreCheck - updateHighscores is off.

[Warning][Fri Nov 05 22:52:31 2021]: doHighscoreTextUpdate - updateHighscores is off.

[Warning][Fri Nov 05 22:52:32 2021]: Ranks Update - updateHighscores is off.

