[Warning][Sun Sep 12 01:10:48 2021]: doHighscoreCheck - updateHighscores is off.

[Warning][Sun Sep 12 01:10:48 2021]: doTournamentHighscoreCheck - updateHighscores is off.

[Warning][Sun Sep 12 01:10:48 2021]: doHighscoreTextUpdate - updateHighscores is off.

[Warning][Sun Sep 12 01:10:49 2021]: Ranks Update - updateHighscores is off.

[Warning][Sun Sep 12 01:48:19 2021]: doHighscoreCheck - updateHighscores is off.

[Warning][Sun Sep 12 01:48:19 2021]: doTournamentHighscoreCheck - updateHighscores is off.

[Warning][Sun Sep 12 01:48:19 2021]: doHighscoreTextUpdate - updateHighscores is off.

[Warning][Sun Sep 12 01:48:19 2021]: Ranks Update - updateHighscores is off.

[Warning][Sun Sep 12 10:53:45 2021]: doHighscoreCheck - updateHighscores is off.

[Warning][Sun Sep 12 10:53:45 2021]: doTournamentHighscoreCheck - updateHighscores is off.

[Warning][Sun Sep 12 10:53:45 2021]: doHighscoreTextUpdate - updateHighscores is off.

[Warning][Sun Sep 12 10:53:46 2021]: Ranks Update - updateHighscores is off.

[Warning][Sun Sep 12 11:34:07 2021]: doHighscoreCheck - updateHighscores is off.

[Warning][Sun Sep 12 11:34:07 2021]: doTournamentHighscoreCheck - updateHighscores is off.

[Warning][Sun Sep 12 11:34:07 2021]: doHighscoreTextUpdate - updateHighscores is off.

[Warning][Sun Sep 12 11:34:08 2021]: Ranks Update - updateHighscores is off.

[Warning][Sun Sep 12 11:44:16 2021]: doHighscoreCheck - updateHighscores is off.

[Warning][Sun Sep 12 11:44:16 2021]: doTournamentHighscoreCheck - updateHighscores is off.

[Warning][Sun Sep 12 11:44:16 2021]: doHighscoreTextUpdate - updateHighscores is off.

[Warning][Sun Sep 12 11:44:18 2021]: Ranks Update - updateHighscores is off.

[Warning][Sun Sep 12 12:03:33 2021]: doHighscoreCheck - updateHighscores is off.

[Warning][Sun Sep 12 12:03:33 2021]: doTournamentHighscoreCheck - updateHighscores is off.

[Warning][Sun Sep 12 12:03:33 2021]: doHighscoreTextUpdate - updateHighscores is off.

[Warning][Sun Sep 12 12:03:33 2021]: Ranks Update - updateHighscores is off.

[Warning][Sun Sep 12 14:01:31 2021]: doHighscoreCheck - updateHighscores is off.

[Warning][Sun Sep 12 14:01:31 2021]: doTournamentHighscoreCheck - updateHighscores is off.

[Warning][Sun Sep 12 14:01:31 2021]: doHighscoreTextUpdate - updateHighscores is off.

[Warning][Sun Sep 12 14:01:31 2021]: Ranks Update - updateHighscores is off.

[Warning][Sun Sep 12 16:57:26 2021]: doHighscoreCheck - updateHighscores is off.

[Warning][Sun Sep 12 16:57:26 2021]: doTournamentHighscoreCheck - updateHighscores is off.

[Warning][Sun Sep 12 16:57:26 2021]: doHighscoreTextUpdate - updateHighscores is off.

[Warning][Sun Sep 12 16:57:26 2021]: Ranks Update - updateHighscores is off.

[Warning][Sun Sep 12 17:18:19 2021]: doHighscoreCheck - updateHighscores is off.

[Warning][Sun Sep 12 17:18:19 2021]: doTournamentHighscoreCheck - updateHighscores is off.

[Warning][Sun Sep 12 17:18:19 2021]: doHighscoreTextUpdate - updateHighscores is off.

[Warning][Sun Sep 12 17:18:19 2021]: Ranks Update - updateHighscores is off.

[Warning][Sun Sep 12 17:22:20 2021]: doHighscoreCheck - updateHighscores is off.

[Warning][Sun Sep 12 17:22:20 2021]: doTournamentHighscoreCheck - updateHighscores is off.

[Warning][Sun Sep 12 17:22:20 2021]: doHighscoreTextUpdate - updateHighscores is off.

[Warning][Sun Sep 12 17:22:20 2021]: Ranks Update - updateHighscores is off.

[Warning][Sun Sep 12 17:49:18 2021]: doHighscoreCheck - updateHighscores is off.

[Warning][Sun Sep 12 17:49:18 2021]: doTournamentHighscoreCheck - updateHighscores is off.

[Warning][Sun Sep 12 17:49:18 2021]: doHighscoreTextUpdate - updateHighscores is off.

[Warning][Sun Sep 12 17:49:19 2021]: Ranks Update - updateHighscores is off.

[Warning][Sun Sep 12 18:05:35 2021]: Fixing Pokemon Extra Points
    Var 1 : Wave    Var 2 : 1    Var 3 : 10    Var 4 : Shiny Abra
[Warning][Sun Sep 12 19:02:33 2021]: doHighscoreCheck - updateHighscores is off.

[Warning][Sun Sep 12 19:02:33 2021]: doTournamentHighscoreCheck - updateHighscores is off.

[Warning][Sun Sep 12 19:02:33 2021]: doHighscoreTextUpdate - updateHighscores is off.

[Warning][Sun Sep 12 19:02:34 2021]: Ranks Update - updateHighscores is off.

[Warning][Sun Sep 12 19:38:21 2021]: doHighscoreCheck - updateHighscores is off.

[Warning][Sun Sep 12 19:38:21 2021]: doTournamentHighscoreCheck - updateHighscores is off.

[Warning][Sun Sep 12 19:38:21 2021]: doHighscoreTextUpdate - updateHighscores is off.

[Warning][Sun Sep 12 19:38:22 2021]: Ranks Update - updateHighscores is off.

[Warning][Sun Sep 12 19:59:14 2021]: doHighscoreCheck - updateHighscores is off.

[Warning][Sun Sep 12 19:59:14 2021]: doTournamentHighscoreCheck - updateHighscores is off.

[Warning][Sun Sep 12 19:59:14 2021]: doHighscoreTextUpdate - updateHighscores is off.

[Warning][Sun Sep 12 19:59:15 2021]: Ranks Update - updateHighscores is off.

[Warning][Sun Sep 12 20:01:44 2021]: doHighscoreCheck - updateHighscores is off.

[Warning][Sun Sep 12 20:01:44 2021]: doTournamentHighscoreCheck - updateHighscores is off.

[Warning][Sun Sep 12 20:01:44 2021]: doHighscoreTextUpdate - updateHighscores is off.

[Warning][Sun Sep 12 20:01:45 2021]: Ranks Update - updateHighscores is off.

[Warning][Sun Sep 12 20:04:31 2021]: doHighscoreCheck - updateHighscores is off.

[Warning][Sun Sep 12 20:04:31 2021]: doTournamentHighscoreCheck - updateHighscores is off.

[Warning][Sun Sep 12 20:04:31 2021]: doHighscoreTextUpdate - updateHighscores is off.

[Warning][Sun Sep 12 20:04:32 2021]: Ranks Update - updateHighscores is off.

[Warning][Sun Sep 12 21:45:30 2021]: doHighscoreCheck - updateHighscores is off.

[Warning][Sun Sep 12 21:45:30 2021]: doTournamentHighscoreCheck - updateHighscores is off.

[Warning][Sun Sep 12 21:45:30 2021]: doHighscoreTextUpdate - updateHighscores is off.

[Warning][Sun Sep 12 21:45:30 2021]: Ranks Update - updateHighscores is off.

[Warning][Sun Sep 12 22:17:16 2021]: doHighscoreCheck - updateHighscores is off.

[Warning][Sun Sep 12 22:17:16 2021]: doTournamentHighscoreCheck - updateHighscores is off.

[Warning][Sun Sep 12 22:17:16 2021]: doHighscoreTextUpdate - updateHighscores is off.

[Warning][Sun Sep 12 22:17:17 2021]: Ranks Update - updateHighscores is off.

