[Warning][Tue Aug 24 03:02:08 2021]: doHighscoreCheck - updateHighscores is off.

[Warning][Tue Aug 24 03:02:08 2021]: doTournamentHighscoreCheck - updateHighscores is off.

[Warning][Tue Aug 24 03:02:09 2021]: doHighscoreTextUpdate - updateHighscores is off.

[Warning][Tue Aug 24 03:02:09 2021]: Ranks Update - updateHighscores is off.

[Warning][Tue Aug 24 05:52:38 2021]: doHighscoreCheck - updateHighscores is off.

[Warning][Tue Aug 24 05:52:38 2021]: doTournamentHighscoreCheck - updateHighscores is off.

[Warning][Tue Aug 24 05:52:38 2021]: doHighscoreTextUpdate - updateHighscores is off.

[Warning][Tue Aug 24 05:52:39 2021]: Ranks Update - updateHighscores is off.

[Warning][Tue Aug 24 06:50:50 2021]: doHighscoreCheck - updateHighscores is off.

[Warning][Tue Aug 24 06:50:50 2021]: doTournamentHighscoreCheck - updateHighscores is off.

[Warning][Tue Aug 24 06:50:50 2021]: doHighscoreTextUpdate - updateHighscores is off.

[Warning][Tue Aug 24 06:50:51 2021]: Ranks Update - updateHighscores is off.

[Warning][Tue Aug 24 10:46:34 2021]: doHighscoreCheck - updateHighscores is off.

[Warning][Tue Aug 24 10:46:34 2021]: doTournamentHighscoreCheck - updateHighscores is off.

[Warning][Tue Aug 24 10:46:34 2021]: doHighscoreTextUpdate - updateHighscores is off.

[Warning][Tue Aug 24 10:46:35 2021]: Ranks Update - updateHighscores is off.

[Warning][Tue Aug 24 18:15:40 2021]: doHighscoreCheck - updateHighscores is off.

[Warning][Tue Aug 24 18:15:40 2021]: doTournamentHighscoreCheck - updateHighscores is off.

[Warning][Tue Aug 24 18:15:40 2021]: doHighscoreTextUpdate - updateHighscores is off.

[Warning][Tue Aug 24 18:15:40 2021]: Ranks Update - updateHighscores is off.

[Warning][Tue Aug 24 21:08:55 2021]: doHighscoreCheck - updateHighscores is off.

[Warning][Tue Aug 24 21:08:55 2021]: doTournamentHighscoreCheck - updateHighscores is off.

[Warning][Tue Aug 24 21:08:55 2021]: doHighscoreTextUpdate - updateHighscores is off.

[Warning][Tue Aug 24 21:08:56 2021]: Ranks Update - updateHighscores is off.

[Warning][Tue Aug 24 21:13:35 2021]: Fixing Pokemon Extra Points
    Var 1 : Wave    Var 2 : 1    Var 3 : 10    Var 4 : Scyther
[Warning][Tue Aug 24 23:48:31 2021]: doHighscoreCheck - updateHighscores is off.

[Warning][Tue Aug 24 23:48:31 2021]: doTournamentHighscoreCheck - updateHighscores is off.

[Warning][Tue Aug 24 23:48:31 2021]: doHighscoreTextUpdate - updateHighscores is off.

[Warning][Tue Aug 24 23:48:31 2021]: Ranks Update - updateHighscores is off.

