[Warning][Wed Sep 01 07:53:15 2021]: doHighscoreCheck - updateHighscores is off.

[Warning][Wed Sep 01 07:53:15 2021]: doTournamentHighscoreCheck - updateHighscores is off.

[Warning][Wed Sep 01 07:53:15 2021]: doHighscoreTextUpdate - updateHighscores is off.

[Warning][Wed Sep 01 07:53:15 2021]: Ranks Update - updateHighscores is off.

[Warning][Wed Sep 01 08:11:51 2021]: doHighscoreCheck - updateHighscores is off.

[Warning][Wed Sep 01 08:11:51 2021]: doTournamentHighscoreCheck - updateHighscores is off.

[Warning][Wed Sep 01 08:11:51 2021]: doHighscoreTextUpdate - updateHighscores is off.

[Warning][Wed Sep 01 08:11:51 2021]: Ranks Update - updateHighscores is off.

[Warning][Wed Sep 01 16:41:56 2021]: doHighscoreCheck - updateHighscores is off.

[Warning][Wed Sep 01 16:41:56 2021]: doTournamentHighscoreCheck - updateHighscores is off.

[Warning][Wed Sep 01 16:41:56 2021]: doHighscoreTextUpdate - updateHighscores is off.

[Warning][Wed Sep 01 16:41:56 2021]: Ranks Update - updateHighscores is off.

[Warning][Wed Sep 01 16:55:53 2021]: doHighscoreCheck - updateHighscores is off.

[Warning][Wed Sep 01 16:55:53 2021]: doTournamentHighscoreCheck - updateHighscores is off.

[Warning][Wed Sep 01 16:55:53 2021]: doHighscoreTextUpdate - updateHighscores is off.

[Warning][Wed Sep 01 16:55:53 2021]: Ranks Update - updateHighscores is off.

[Warning][Wed Sep 01 17:16:52 2021]: doHighscoreCheck - updateHighscores is off.

[Warning][Wed Sep 01 17:16:52 2021]: doTournamentHighscoreCheck - updateHighscores is off.

[Warning][Wed Sep 01 17:16:52 2021]: doHighscoreTextUpdate - updateHighscores is off.

[Warning][Wed Sep 01 17:16:52 2021]: Ranks Update - updateHighscores is off.

[Warning][Wed Sep 01 17:18:39 2021]: doHighscoreCheck - updateHighscores is off.

[Warning][Wed Sep 01 17:18:39 2021]: doTournamentHighscoreCheck - updateHighscores is off.

[Warning][Wed Sep 01 17:18:39 2021]: doHighscoreTextUpdate - updateHighscores is off.

[Warning][Wed Sep 01 17:18:39 2021]: Ranks Update - updateHighscores is off.

[Warning][Wed Sep 01 17:26:58 2021]: doHighscoreCheck - updateHighscores is off.

[Warning][Wed Sep 01 17:26:58 2021]: doTournamentHighscoreCheck - updateHighscores is off.

[Warning][Wed Sep 01 17:26:58 2021]: doHighscoreTextUpdate - updateHighscores is off.

[Warning][Wed Sep 01 17:26:58 2021]: Ranks Update - updateHighscores is off.

[Warning][Wed Sep 01 17:34:30 2021]: doHighscoreCheck - updateHighscores is off.

[Warning][Wed Sep 01 17:34:30 2021]: doTournamentHighscoreCheck - updateHighscores is off.

[Warning][Wed Sep 01 17:34:30 2021]: doHighscoreTextUpdate - updateHighscores is off.

[Warning][Wed Sep 01 17:34:31 2021]: Ranks Update - updateHighscores is off.

[Warning][Wed Sep 01 17:38:25 2021]: doHighscoreCheck - updateHighscores is off.

[Warning][Wed Sep 01 17:38:25 2021]: doTournamentHighscoreCheck - updateHighscores is off.

[Warning][Wed Sep 01 17:38:25 2021]: doHighscoreTextUpdate - updateHighscores is off.

[Warning][Wed Sep 01 17:38:25 2021]: Ranks Update - updateHighscores is off.

[Warning][Wed Sep 01 18:01:10 2021]: Fixing Pokemon Extra Points
    Var 1 : Wave    Var 2 : 20    Var 3 : 29    Var 4 : Charmander
[Warning][Wed Sep 01 19:55:40 2021]: doHighscoreCheck - updateHighscores is off.

[Warning][Wed Sep 01 19:55:40 2021]: doTournamentHighscoreCheck - updateHighscores is off.

[Warning][Wed Sep 01 19:55:40 2021]: doHighscoreTextUpdate - updateHighscores is off.

[Warning][Wed Sep 01 19:55:41 2021]: Ranks Update - updateHighscores is off.

[Warning][Wed Sep 01 20:25:00 2021]: doHighscoreCheck - updateHighscores is off.

[Warning][Wed Sep 01 20:25:00 2021]: doTournamentHighscoreCheck - updateHighscores is off.

[Warning][Wed Sep 01 20:25:00 2021]: doHighscoreTextUpdate - updateHighscores is off.

[Warning][Wed Sep 01 20:25:01 2021]: Ranks Update - updateHighscores is off.

[Warning][Wed Sep 01 22:22:40 2021]: doHighscoreCheck - updateHighscores is off.

[Warning][Wed Sep 01 22:22:40 2021]: doTournamentHighscoreCheck - updateHighscores is off.

[Warning][Wed Sep 01 22:22:40 2021]: doHighscoreTextUpdate - updateHighscores is off.

[Warning][Wed Sep 01 22:22:41 2021]: Ranks Update - updateHighscores is off.

