[Warning][Wed Sep 08 10:41:31 2021]: doHighscoreCheck - updateHighscores is off.

[Warning][Wed Sep 08 10:41:31 2021]: doTournamentHighscoreCheck - updateHighscores is off.

[Warning][Wed Sep 08 10:41:31 2021]: doHighscoreTextUpdate - updateHighscores is off.

[Warning][Wed Sep 08 10:41:32 2021]: Ranks Update - updateHighscores is off.

[Warning][Wed Sep 08 11:15:07 2021]: doHighscoreCheck - updateHighscores is off.

[Warning][Wed Sep 08 11:15:07 2021]: doTournamentHighscoreCheck - updateHighscores is off.

[Warning][Wed Sep 08 11:15:07 2021]: doHighscoreTextUpdate - updateHighscores is off.

[Warning][Wed Sep 08 11:15:07 2021]: Ranks Update - updateHighscores is off.

[Warning][Wed Sep 08 11:27:41 2021]: Fixing Pokemon Extra Points
    Var 1 : Wave    Var 2 : 1    Var 3 : 10    Var 4 : Shiny Bulbasaur
[Warning][Wed Sep 08 12:39:44 2021]: Fixing Pokemon Extra Points
    Var 1 : Wave    Var 2 : 1    Var 3 : 10    Var 4 : Shiny Bulbasaur
[Warning][Wed Sep 08 12:45:00 2021]: Fixing Pokemon Extra Points
    Var 1 : Wave    Var 2 : 1    Var 3 : 10    Var 4 : Shiny Bulbasaur
[Warning][Wed Sep 08 13:01:56 2021]: doHighscoreCheck - updateHighscores is off.

[Warning][Wed Sep 08 13:01:56 2021]: doTournamentHighscoreCheck - updateHighscores is off.

[Warning][Wed Sep 08 13:01:56 2021]: doHighscoreTextUpdate - updateHighscores is off.

[Warning][Wed Sep 08 13:01:57 2021]: Ranks Update - updateHighscores is off.

[Warning][Wed Sep 08 14:12:50 2021]: doHighscoreCheck - updateHighscores is off.

[Warning][Wed Sep 08 14:12:50 2021]: doTournamentHighscoreCheck - updateHighscores is off.

[Warning][Wed Sep 08 14:12:50 2021]: doHighscoreTextUpdate - updateHighscores is off.

[Warning][Wed Sep 08 14:12:51 2021]: Ranks Update - updateHighscores is off.

[Warning][Wed Sep 08 16:52:37 2021]: doHighscoreCheck - updateHighscores is off.

[Warning][Wed Sep 08 16:52:37 2021]: doTournamentHighscoreCheck - updateHighscores is off.

[Warning][Wed Sep 08 16:52:37 2021]: doHighscoreTextUpdate - updateHighscores is off.

[Warning][Wed Sep 08 16:52:38 2021]: Ranks Update - updateHighscores is off.

[Warning][Wed Sep 08 18:44:43 2021]: doHighscoreCheck - updateHighscores is off.

[Warning][Wed Sep 08 18:44:43 2021]: doTournamentHighscoreCheck - updateHighscores is off.

[Warning][Wed Sep 08 18:44:43 2021]: doHighscoreTextUpdate - updateHighscores is off.

[Warning][Wed Sep 08 18:44:43 2021]: Ranks Update - updateHighscores is off.

[Warning][Wed Sep 08 19:24:33 2021]: doHighscoreCheck - updateHighscores is off.

[Warning][Wed Sep 08 19:24:33 2021]: doTournamentHighscoreCheck - updateHighscores is off.

[Warning][Wed Sep 08 19:24:33 2021]: doHighscoreTextUpdate - updateHighscores is off.

[Warning][Wed Sep 08 19:24:33 2021]: Ranks Update - updateHighscores is off.

[Warning][Wed Sep 08 20:43:37 2021]: doHighscoreCheck - updateHighscores is off.

[Warning][Wed Sep 08 20:43:37 2021]: doTournamentHighscoreCheck - updateHighscores is off.

[Warning][Wed Sep 08 20:43:38 2021]: doHighscoreTextUpdate - updateHighscores is off.

[Warning][Wed Sep 08 20:43:38 2021]: Ranks Update - updateHighscores is off.

[Warning][Wed Sep 08 23:21:37 2021]: doHighscoreCheck - updateHighscores is off.

[Warning][Wed Sep 08 23:21:37 2021]: doTournamentHighscoreCheck - updateHighscores is off.

[Warning][Wed Sep 08 23:21:37 2021]: doHighscoreTextUpdate - updateHighscores is off.

[Warning][Wed Sep 08 23:21:38 2021]: Ranks Update - updateHighscores is off.

