[Warning][Sat Nov 06 00:28:34 2021]: doHighscoreCheck - updateHighscores is off.

[Warning][Sat Nov 06 00:28:34 2021]: doTournamentHighscoreCheck - updateHighscores is off.

[Warning][Sat Nov 06 00:28:34 2021]: doHighscoreTextUpdate - updateHighscores is off.

[Warning][Sat Nov 06 00:28:35 2021]: Ranks Update - updateHighscores is off.

[Warning][Sat Nov 06 00:46:53 2021]: Fixing Pokemon Extra Points
    Var 1 : Alpha Chanel    Var 2 : 73    Var 3 : 82    Var 4 : Magneton
[Warning][Sat Nov 06 01:51:29 2021]: doHighscoreCheck - updateHighscores is off.

[Warning][Sat Nov 06 01:51:30 2021]: doTournamentHighscoreCheck - updateHighscores is off.

[Warning][Sat Nov 06 01:51:30 2021]: doHighscoreTextUpdate - updateHighscores is off.

[Warning][Sat Nov 06 01:51:30 2021]: Ranks Update - updateHighscores is off.

[Warning][Sat Nov 06 02:54:18 2021]: doHighscoreCheck - updateHighscores is off.

[Warning][Sat Nov 06 02:54:19 2021]: doTournamentHighscoreCheck - updateHighscores is off.

[Warning][Sat Nov 06 02:54:19 2021]: doHighscoreTextUpdate - updateHighscores is off.

[Warning][Sat Nov 06 02:54:19 2021]: Ranks Update - updateHighscores is off.

[Warning][Sat Nov 06 03:23:19 2021]: doHighscoreCheck - updateHighscores is off.

[Warning][Sat Nov 06 03:23:19 2021]: doTournamentHighscoreCheck - updateHighscores is off.

[Warning][Sat Nov 06 03:23:19 2021]: doHighscoreTextUpdate - updateHighscores is off.

[Warning][Sat Nov 06 03:23:20 2021]: Ranks Update - updateHighscores is off.

[Warning][Sat Nov 06 11:06:35 2021]: doHighscoreCheck - updateHighscores is off.

[Warning][Sat Nov 06 11:06:35 2021]: doTournamentHighscoreCheck - updateHighscores is off.

[Warning][Sat Nov 06 11:06:36 2021]: doHighscoreTextUpdate - updateHighscores is off.

[Warning][Sat Nov 06 11:06:36 2021]: Ranks Update - updateHighscores is off.

[Warning][Sat Nov 06 11:13:30 2021]: doHighscoreCheck - updateHighscores is off.

[Warning][Sat Nov 06 11:13:30 2021]: doTournamentHighscoreCheck - updateHighscores is off.

[Warning][Sat Nov 06 11:13:30 2021]: doHighscoreTextUpdate - updateHighscores is off.

[Warning][Sat Nov 06 11:13:30 2021]: Ranks Update - updateHighscores is off.

[Warning][Sat Nov 06 12:40:46 2021]: doHighscoreCheck - updateHighscores is off.

[Warning][Sat Nov 06 12:40:46 2021]: doTournamentHighscoreCheck - updateHighscores is off.

[Warning][Sat Nov 06 12:40:46 2021]: doHighscoreTextUpdate - updateHighscores is off.

[Warning][Sat Nov 06 12:40:47 2021]: Ranks Update - updateHighscores is off.

[Warning][Sat Nov 06 18:59:54 2021]: doHighscoreCheck - updateHighscores is off.

[Warning][Sat Nov 06 18:59:54 2021]: doTournamentHighscoreCheck - updateHighscores is off.

[Warning][Sat Nov 06 18:59:54 2021]: doHighscoreTextUpdate - updateHighscores is off.

[Warning][Sat Nov 06 18:59:55 2021]: Ranks Update - updateHighscores is off.

[Warning][Sat Nov 06 19:41:08 2021]: doHighscoreCheck - updateHighscores is off.

[Warning][Sat Nov 06 19:41:08 2021]: doTournamentHighscoreCheck - updateHighscores is off.

[Warning][Sat Nov 06 19:41:08 2021]: doHighscoreTextUpdate - updateHighscores is off.

[Warning][Sat Nov 06 19:41:09 2021]: Ranks Update - updateHighscores is off.

